000 (29691.012.000) 01/30 12:06:42 Job submitted from host: <172.16.11.200:9618?addrs=172.16.11.200-9618&noUDP&sock=14877_46f2_4>
...
001 (29691.012.000) 01/30 14:29:47 Job executing on host: <172.16.11.233:9618?addrs=172.16.11.233-9618&alias=pc-farm3&noUDP&sock=startd_4556_edfa>
...
006 (29691.012.000) 01/30 14:29:56 Image size of job updated: 36788
	36  -  MemoryUsage of job (MB)
	36788  -  ResidentSetSize of job (KB)
...
006 (29691.012.000) 01/30 14:34:57 Image size of job updated: 36800
	36  -  MemoryUsage of job (MB)
	36800  -  ResidentSetSize of job (KB)
...
006 (29691.012.000) 01/30 14:39:58 Image size of job updated: 36824
	36  -  MemoryUsage of job (MB)
	36824  -  ResidentSetSize of job (KB)
...
006 (29691.012.000) 01/30 14:44:58 Image size of job updated: 36840
	36  -  MemoryUsage of job (MB)
	36840  -  ResidentSetSize of job (KB)
...
006 (29691.012.000) 01/30 14:49:59 Image size of job updated: 36852
	36  -  MemoryUsage of job (MB)
	36852  -  ResidentSetSize of job (KB)
...
006 (29691.012.000) 01/30 14:55:00 Image size of job updated: 36868
	37  -  MemoryUsage of job (MB)
	36868  -  ResidentSetSize of job (KB)
...
006 (29691.012.000) 01/30 15:00:00 Image size of job updated: 36880
	37  -  MemoryUsage of job (MB)
	36880  -  ResidentSetSize of job (KB)
...
006 (29691.012.000) 01/30 15:05:01 Image size of job updated: 37020
	37  -  MemoryUsage of job (MB)
	37020  -  ResidentSetSize of job (KB)
...
006 (29691.012.000) 01/30 15:45:05 Image size of job updated: 37132
	37  -  MemoryUsage of job (MB)
	37132  -  ResidentSetSize of job (KB)
...
005 (29691.012.000) 01/30 15:45:14 Job terminated.
	(1) Normal termination (return value 0)
		Usr 0 01:15:17, Sys 0 00:00:02  -  Run Remote Usage
		Usr 0 00:00:00, Sys 0 00:00:00  -  Run Local Usage
		Usr 0 01:15:17, Sys 0 00:00:02  -  Total Remote Usage
		Usr 0 00:00:00, Sys 0 00:00:00  -  Total Local Usage
	0  -  Run Bytes Sent By Job
	0  -  Run Bytes Received By Job
	0  -  Total Bytes Sent By Job
	0  -  Total Bytes Received By Job
	Partitionable Resources :    Usage  Request Allocated 
	   Cpus                 :     1.00        1         1 
	   Disk (KB)            :     1           1    254050 
	   Memory (MB)          :    37           1      1005 
...
000 (29694.012.000) 01/30 19:48:19 Job submitted from host: <172.16.11.200:9618?addrs=172.16.11.200-9618&noUDP&sock=14877_46f2_4>
...
001 (29694.012.000) 01/30 20:25:21 Job executing on host: <172.16.11.233:9618?addrs=172.16.11.233-9618&alias=pc-farm3&noUDP&sock=startd_4556_edfa>
...
006 (29694.012.000) 01/30 20:25:31 Image size of job updated: 37172
	37  -  MemoryUsage of job (MB)
	37172  -  ResidentSetSize of job (KB)
...
006 (29694.012.000) 01/30 20:35:32 Image size of job updated: 37192
	37  -  MemoryUsage of job (MB)
	37192  -  ResidentSetSize of job (KB)
...
006 (29694.012.000) 01/30 20:40:33 Image size of job updated: 37204
	37  -  MemoryUsage of job (MB)
	37204  -  ResidentSetSize of job (KB)
...
006 (29694.012.000) 01/30 20:45:33 Image size of job updated: 37344
	37  -  MemoryUsage of job (MB)
	37344  -  ResidentSetSize of job (KB)
...
006 (29694.012.000) 01/30 21:35:38 Image size of job updated: 37352
	37  -  MemoryUsage of job (MB)
	37352  -  ResidentSetSize of job (KB)
...
006 (29694.012.000) 01/30 21:40:39 Image size of job updated: 37364
	37  -  MemoryUsage of job (MB)
	37364  -  ResidentSetSize of job (KB)
...
006 (29694.012.000) 01/30 21:45:39 Image size of job updated: 37376
	37  -  MemoryUsage of job (MB)
	37376  -  ResidentSetSize of job (KB)
...
005 (29694.012.000) 01/30 21:46:05 Job terminated.
	(1) Normal termination (return value 0)
		Usr 0 01:20:19, Sys 0 00:00:02  -  Run Remote Usage
		Usr 0 00:00:00, Sys 0 00:00:00  -  Run Local Usage
		Usr 0 01:20:19, Sys 0 00:00:02  -  Total Remote Usage
		Usr 0 00:00:00, Sys 0 00:00:00  -  Total Local Usage
	0  -  Run Bytes Sent By Job
	0  -  Run Bytes Received By Job
	0  -  Total Bytes Sent By Job
	0  -  Total Bytes Received By Job
	Partitionable Resources :    Usage  Request Allocated 
	   Cpus                 :     1.00        1         1 
	   Disk (KB)            :     1           1    254050 
	   Memory (MB)          :    37           1      1005 
...
