000 (29180.019.000) 01/16 16:02:17 Job submitted from host: <172.16.11.200:9618?addrs=172.16.11.200-9618&noUDP&sock=14877_46f2_4>
...
001 (29180.019.000) 01/16 16:44:30 Job executing on host: <172.16.11.233:9618?addrs=172.16.11.233-9618&alias=pc-farm3&noUDP&sock=startd_4556_edfa>
...
006 (29180.019.000) 01/16 16:44:38 Image size of job updated: 37332
	37  -  MemoryUsage of job (MB)
	37332  -  ResidentSetSize of job (KB)
...
006 (29180.019.000) 01/16 17:09:40 Image size of job updated: 37824
	37  -  MemoryUsage of job (MB)
	37824  -  ResidentSetSize of job (KB)
...
006 (29180.019.000) 01/16 17:24:42 Image size of job updated: 37952
	38  -  MemoryUsage of job (MB)
	37952  -  ResidentSetSize of job (KB)
...
005 (29180.019.000) 01/16 17:28:57 Job terminated.
	(1) Normal termination (return value 0)
		Usr 0 00:44:26, Sys 0 00:00:00  -  Run Remote Usage
		Usr 0 00:00:00, Sys 0 00:00:00  -  Run Local Usage
		Usr 0 00:44:26, Sys 0 00:00:00  -  Total Remote Usage
		Usr 0 00:00:00, Sys 0 00:00:00  -  Total Local Usage
	0  -  Run Bytes Sent By Job
	0  -  Run Bytes Received By Job
	0  -  Total Bytes Sent By Job
	0  -  Total Bytes Received By Job
	Partitionable Resources :    Usage  Request Allocated 
	   Cpus                 :     1.00        1         1 
	   Disk (KB)            :     1           1    254050 
	   Memory (MB)          :    38           1      1005 
...
000 (29685.019.000) 01/30 12:02:36 Job submitted from host: <172.16.11.200:9618?addrs=172.16.11.200-9618&noUDP&sock=14877_46f2_4>
...
001 (29685.019.000) 01/30 13:44:47 Job executing on host: <172.16.11.234:9618?addrs=172.16.11.234-9618&alias=pc-farm4&noUDP&sock=startd_5195_3aff>
...
006 (29685.019.000) 01/30 13:44:55 Image size of job updated: 33656
	33  -  MemoryUsage of job (MB)
	33656  -  ResidentSetSize of job (KB)
...
006 (29685.019.000) 01/30 13:49:55 Image size of job updated: 421956
	33  -  MemoryUsage of job (MB)
	33656  -  ResidentSetSize of job (KB)
...
006 (29685.019.000) 01/30 13:54:56 Image size of job updated: 421964
	33  -  MemoryUsage of job (MB)
	33660  -  ResidentSetSize of job (KB)
...
005 (29685.019.000) 01/30 14:44:07 Job terminated.
	(1) Normal termination (return value 0)
		Usr 0 00:59:20, Sys 0 00:00:00  -  Run Remote Usage
		Usr 0 00:00:00, Sys 0 00:00:00  -  Run Local Usage
		Usr 0 00:59:20, Sys 0 00:00:00  -  Total Remote Usage
		Usr 0 00:00:00, Sys 0 00:00:00  -  Total Local Usage
	0  -  Run Bytes Sent By Job
	0  -  Run Bytes Received By Job
	0  -  Total Bytes Sent By Job
	0  -  Total Bytes Received By Job
	Partitionable Resources :    Usage  Request Allocated 
	   Cpus                 :     1.00        1         1 
	   Disk (KB)            :     1           1    255907 
	   Memory (MB)          :    33           1       999 
...
