000 (29691.023.000) 01/30 12:06:42 Job submitted from host: <172.16.11.200:9618?addrs=172.16.11.200-9618&noUDP&sock=14877_46f2_4>
...
001 (29691.023.000) 01/30 14:32:46 Job executing on host: <172.16.11.233:9618?addrs=172.16.11.233-9618&alias=pc-farm3&noUDP&sock=startd_4556_edfa>
...
006 (29691.023.000) 01/30 14:32:55 Image size of job updated: 36496
	36  -  MemoryUsage of job (MB)
	36496  -  ResidentSetSize of job (KB)
...
006 (29691.023.000) 01/30 14:37:55 Image size of job updated: 36508
	36  -  MemoryUsage of job (MB)
	36508  -  ResidentSetSize of job (KB)
...
006 (29691.023.000) 01/30 14:42:56 Image size of job updated: 36544
	36  -  MemoryUsage of job (MB)
	36544  -  ResidentSetSize of job (KB)
...
006 (29691.023.000) 01/30 14:47:57 Image size of job updated: 36556
	36  -  MemoryUsage of job (MB)
	36556  -  ResidentSetSize of job (KB)
...
006 (29691.023.000) 01/30 14:52:57 Image size of job updated: 36572
	36  -  MemoryUsage of job (MB)
	36572  -  ResidentSetSize of job (KB)
...
006 (29691.023.000) 01/30 14:57:58 Image size of job updated: 36712
	36  -  MemoryUsage of job (MB)
	36712  -  ResidentSetSize of job (KB)
...
006 (29691.023.000) 01/30 15:33:02 Image size of job updated: 36816
	36  -  MemoryUsage of job (MB)
	36816  -  ResidentSetSize of job (KB)
...
005 (29691.023.000) 01/30 15:52:35 Job terminated.
	(1) Normal termination (return value 0)
		Usr 0 01:19:37, Sys 0 00:00:02  -  Run Remote Usage
		Usr 0 00:00:00, Sys 0 00:00:00  -  Run Local Usage
		Usr 0 01:19:37, Sys 0 00:00:02  -  Total Remote Usage
		Usr 0 00:00:00, Sys 0 00:00:00  -  Total Local Usage
	0  -  Run Bytes Sent By Job
	0  -  Run Bytes Received By Job
	0  -  Total Bytes Sent By Job
	0  -  Total Bytes Received By Job
	Partitionable Resources :    Usage  Request Allocated 
	   Cpus                 :     1.00        1         1 
	   Disk (KB)            :     1           1    254050 
	   Memory (MB)          :    36           1      1005 
...
000 (29694.023.000) 01/30 19:48:19 Job submitted from host: <172.16.11.200:9618?addrs=172.16.11.200-9618&noUDP&sock=14877_46f2_4>
...
001 (29694.023.000) 01/30 20:27:19 Job executing on host: <172.16.11.232:9618?addrs=172.16.11.232-9618&alias=pc-farm2&noUDP&sock=startd_4986_dfb4_4>
...
006 (29694.023.000) 01/30 20:27:28 Image size of job updated: 33848
	34  -  MemoryUsage of job (MB)
	33848  -  ResidentSetSize of job (KB)
...
006 (29694.023.000) 01/30 21:12:32 Image size of job updated: 34000
	34  -  MemoryUsage of job (MB)
	34000  -  ResidentSetSize of job (KB)
...
005 (29694.023.000) 01/30 21:45:31 Job terminated.
	(1) Normal termination (return value 0)
		Usr 0 01:18:01, Sys 0 00:00:02  -  Run Remote Usage
		Usr 0 00:00:00, Sys 0 00:00:00  -  Run Local Usage
		Usr 0 01:18:01, Sys 0 00:00:02  -  Total Remote Usage
		Usr 0 00:00:00, Sys 0 00:00:00  -  Total Local Usage
	0  -  Run Bytes Sent By Job
	0  -  Run Bytes Received By Job
	0  -  Total Bytes Sent By Job
	0  -  Total Bytes Received By Job
	Partitionable Resources :    Usage  Request Allocated 
	   Cpus                 :     1.00        1         1 
	   Disk (KB)            :     1           1    245927 
	   Memory (MB)          :    34           1      1005 
...
