000 (29180.006.000) 01/16 16:02:17 Job submitted from host: <172.16.11.200:9618?addrs=172.16.11.200-9618&noUDP&sock=14877_46f2_4>
...
001 (29180.006.000) 01/16 16:38:31 Job executing on host: <172.16.11.233:9618?addrs=172.16.11.233-9618&alias=pc-farm3&noUDP&sock=startd_4556_edfa>
...
006 (29180.006.000) 01/16 16:38:40 Image size of job updated: 37128
	37  -  MemoryUsage of job (MB)
	37128  -  ResidentSetSize of job (KB)
...
006 (29180.006.000) 01/16 16:48:41 Image size of job updated: 37144
	37  -  MemoryUsage of job (MB)
	37144  -  ResidentSetSize of job (KB)
...
006 (29180.006.000) 01/16 16:53:42 Image size of job updated: 37176
	37  -  MemoryUsage of job (MB)
	37176  -  ResidentSetSize of job (KB)
...
006 (29180.006.000) 01/16 16:58:43 Image size of job updated: 37204
	37  -  MemoryUsage of job (MB)
	37204  -  ResidentSetSize of job (KB)
...
006 (29180.006.000) 01/16 17:03:43 Image size of job updated: 37356
	37  -  MemoryUsage of job (MB)
	37356  -  ResidentSetSize of job (KB)
...
006 (29180.006.000) 01/16 17:08:44 Image size of job updated: 37600
	37  -  MemoryUsage of job (MB)
	37600  -  ResidentSetSize of job (KB)
...
006 (29180.006.000) 01/16 17:13:45 Image size of job updated: 37876
	37  -  MemoryUsage of job (MB)
	37876  -  ResidentSetSize of job (KB)
...
005 (29180.006.000) 01/16 17:19:21 Job terminated.
	(1) Normal termination (return value 0)
		Usr 0 00:40:49, Sys 0 00:00:00  -  Run Remote Usage
		Usr 0 00:00:00, Sys 0 00:00:00  -  Run Local Usage
		Usr 0 00:40:49, Sys 0 00:00:00  -  Total Remote Usage
		Usr 0 00:00:00, Sys 0 00:00:00  -  Total Local Usage
	0  -  Run Bytes Sent By Job
	0  -  Run Bytes Received By Job
	0  -  Total Bytes Sent By Job
	0  -  Total Bytes Received By Job
	Partitionable Resources :    Usage  Request Allocated 
	   Cpus                 :     1.00        1         1 
	   Disk (KB)            :     1           1    254050 
	   Memory (MB)          :    37           1      1005 
...
000 (29685.006.000) 01/30 12:02:35 Job submitted from host: <172.16.11.200:9618?addrs=172.16.11.200-9618&noUDP&sock=14877_46f2_4>
...
001 (29685.006.000) 01/30 13:38:47 Job executing on host: <172.16.11.231:9618?addrs=172.16.11.231-9618&noUDP&sock=startd_22895_f54e_4>
...
006 (29685.006.000) 01/30 13:38:56 Image size of job updated: 33920
	34  -  MemoryUsage of job (MB)
	33920  -  ResidentSetSize of job (KB)
...
006 (29685.006.000) 01/30 13:43:57 Image size of job updated: 34544
	34  -  MemoryUsage of job (MB)
	34544  -  ResidentSetSize of job (KB)
...
005 (29685.006.000) 01/30 14:43:58 Job terminated.
	(1) Normal termination (return value 0)
		Usr 0 01:05:06, Sys 0 00:00:04  -  Run Remote Usage
		Usr 0 00:00:00, Sys 0 00:00:00  -  Run Local Usage
		Usr 0 01:05:06, Sys 0 00:00:04  -  Total Remote Usage
		Usr 0 00:00:00, Sys 0 00:00:00  -  Total Local Usage
	0  -  Run Bytes Sent By Job
	0  -  Run Bytes Received By Job
	0  -  Total Bytes Sent By Job
	0  -  Total Bytes Received By Job
	Partitionable Resources :    Usage  Request Allocated 
	   Cpus                 :     1.00        1         1 
	   Disk (KB)            :     1           1    241059 
	   Memory (MB)          :    34           1      2008 
...
