000 (29173.020.000) 01/16 14:05:44 Job submitted from host: <172.16.11.200:9618?addrs=172.16.11.200-9618&noUDP&sock=14877_46f2_4>
...
000 (29174.020.000) 01/16 14:05:47 Job submitted from host: <172.16.11.200:9618?addrs=172.16.11.200-9618&noUDP&sock=14877_46f2_4>
...
000 (29175.020.000) 01/16 14:05:50 Job submitted from host: <172.16.11.200:9618?addrs=172.16.11.200-9618&noUDP&sock=14877_46f2_4>
...
001 (29173.020.000) 01/16 14:22:05 Job executing on host: <172.16.11.234:9618?addrs=172.16.11.234-9618&alias=pc-farm4&noUDP&sock=startd_5195_3aff>
...
006 (29173.020.000) 01/16 14:22:13 Image size of job updated: 33656
	33  -  MemoryUsage of job (MB)
	33656  -  ResidentSetSize of job (KB)
...
006 (29173.020.000) 01/16 14:27:13 Image size of job updated: 421952
	33  -  MemoryUsage of job (MB)
	33656  -  ResidentSetSize of job (KB)
...
006 (29173.020.000) 01/16 14:32:14 Image size of job updated: 421960
	33  -  MemoryUsage of job (MB)
	33660  -  ResidentSetSize of job (KB)
...
001 (29174.020.000) 01/16 14:51:08 Job executing on host: <172.16.11.232:9618?addrs=172.16.11.232-9618&alias=pc-farm2&noUDP&sock=startd_4986_dfb4_4>
...
006 (29174.020.000) 01/16 14:51:16 Image size of job updated: 32984
	33  -  MemoryUsage of job (MB)
	32984  -  ResidentSetSize of job (KB)
...
001 (29175.020.000) 01/16 14:53:39 Job executing on host: <172.16.11.232:9618?addrs=172.16.11.232-9618&alias=pc-farm2&noUDP&sock=startd_4986_dfb4_4>
...
006 (29175.020.000) 01/16 14:53:40 Image size of job updated: 1
	0  -  MemoryUsage of job (MB)
	0  -  ResidentSetSize of job (KB)
...
005 (29175.020.000) 01/16 14:53:40 Job terminated.
	(1) Normal termination (return value 0)
		Usr 0 00:00:00, Sys 0 00:00:00  -  Run Remote Usage
		Usr 0 00:00:00, Sys 0 00:00:00  -  Run Local Usage
		Usr 0 00:00:00, Sys 0 00:00:00  -  Total Remote Usage
		Usr 0 00:00:00, Sys 0 00:00:00  -  Total Local Usage
	0  -  Run Bytes Sent By Job
	0  -  Run Bytes Received By Job
	0  -  Total Bytes Sent By Job
	0  -  Total Bytes Received By Job
	Partitionable Resources :    Usage  Request Allocated 
	   Cpus                 :                 1         1 
	   Disk (KB)            :        1        1    245927 
	   Memory (MB)          :        0        1      1005 
...
004 (29173.020.000) 01/16 15:43:09 Job was evicted.
	(0) CPU times
		Usr 0 01:13:34, Sys 0 00:00:00  -  Run Remote Usage
		Usr 0 00:00:00, Sys 0 00:00:00  -  Run Local Usage
	0  -  Run Bytes Sent By Job
	0  -  Run Bytes Received By Job
	Partitionable Resources :    Usage  Request Allocated 
	   Cpus                 :     0.92        1         1 
	   Disk (KB)            :     1           1    255907 
	   Memory (MB)          :    33           1       999 
...
009 (29173.020.000) 01/16 15:43:09 Job was aborted by the user.
	via condor_rm (by user zhangliang)
...
006 (29174.020.000) 01/16 15:43:13 Image size of job updated: 421992
	33  -  MemoryUsage of job (MB)
	32984  -  ResidentSetSize of job (KB)
...
004 (29174.020.000) 01/16 15:43:13 Job was evicted.
	(0) CPU times
		Usr 0 00:49:43, Sys 0 00:00:00  -  Run Remote Usage
		Usr 0 00:00:00, Sys 0 00:00:00  -  Run Local Usage
	0  -  Run Bytes Sent By Job
	0  -  Run Bytes Received By Job
	Partitionable Resources :    Usage  Request Allocated 
	   Cpus                 :     0.99        1         1 
	   Disk (KB)            :     1           1    245927 
	   Memory (MB)          :    33           1      1005 
...
009 (29174.020.000) 01/16 15:43:14 Job was aborted by the user.
	via condor_rm (by user zhangliang)
...
