000 (29177.011.000) 01/16 16:02:07 Job submitted from host: <172.16.11.200:9618?addrs=172.16.11.200-9618&noUDP&sock=14877_46f2_4>
...
001 (29177.011.000) 01/16 16:07:30 Job executing on host: <172.16.11.231:9618?addrs=172.16.11.231-9618&noUDP&sock=startd_22895_f54e_4>
...
006 (29177.011.000) 01/16 16:07:38 Image size of job updated: 33624
	33  -  MemoryUsage of job (MB)
	33624  -  ResidentSetSize of job (KB)
...
005 (29177.011.000) 01/16 17:49:56 Job terminated.
	(1) Normal termination (return value 0)
		Usr 0 01:41:54, Sys 0 00:00:00  -  Run Remote Usage
		Usr 0 00:00:00, Sys 0 00:00:00  -  Run Local Usage
		Usr 0 01:41:54, Sys 0 00:00:00  -  Total Remote Usage
		Usr 0 00:00:00, Sys 0 00:00:00  -  Total Local Usage
	0  -  Run Bytes Sent By Job
	0  -  Run Bytes Received By Job
	0  -  Total Bytes Sent By Job
	0  -  Total Bytes Received By Job
	Partitionable Resources :    Usage  Request Allocated 
	   Cpus                 :     0.94        1         1 
	   Disk (KB)            :     1           1    241059 
	   Memory (MB)          :    33           1      2008 
...
000 (29686.011.000) 01/30 12:02:43 Job submitted from host: <172.16.11.200:9618?addrs=172.16.11.200-9618&noUDP&sock=14877_46f2_4>
...
001 (29686.011.000) 01/30 13:49:48 Job executing on host: <172.16.11.233:9618?addrs=172.16.11.233-9618&alias=pc-farm3&noUDP&sock=startd_4556_edfa>
...
006 (29686.011.000) 01/30 13:49:57 Image size of job updated: 37740
	37  -  MemoryUsage of job (MB)
	37740  -  ResidentSetSize of job (KB)
...
006 (29686.011.000) 01/30 14:09:59 Image size of job updated: 37784
	37  -  MemoryUsage of job (MB)
	37784  -  ResidentSetSize of job (KB)
...
006 (29686.011.000) 01/30 14:35:02 Image size of job updated: 37852
	37  -  MemoryUsage of job (MB)
	37852  -  ResidentSetSize of job (KB)
...
006 (29686.011.000) 01/30 14:45:02 Image size of job updated: 37880
	37  -  MemoryUsage of job (MB)
	37880  -  ResidentSetSize of job (KB)
...
006 (29686.011.000) 01/30 14:55:04 Image size of job updated: 37908
	38  -  MemoryUsage of job (MB)
	37908  -  ResidentSetSize of job (KB)
...
005 (29686.011.000) 01/30 15:04:16 Job terminated.
	(1) Normal termination (return value 0)
		Usr 0 01:14:20, Sys 0 00:00:01  -  Run Remote Usage
		Usr 0 00:00:00, Sys 0 00:00:00  -  Run Local Usage
		Usr 0 01:14:20, Sys 0 00:00:01  -  Total Remote Usage
		Usr 0 00:00:00, Sys 0 00:00:00  -  Total Local Usage
	0  -  Run Bytes Sent By Job
	0  -  Run Bytes Received By Job
	0  -  Total Bytes Sent By Job
	0  -  Total Bytes Received By Job
	Partitionable Resources :    Usage  Request Allocated 
	   Cpus                 :     1.00        1         1 
	   Disk (KB)            :     1           1    254050 
	   Memory (MB)          :    38           1      1005 
...
