000 (29691.015.000) 01/30 12:06:42 Job submitted from host: <172.16.11.200:9618?addrs=172.16.11.200-9618&noUDP&sock=14877_46f2_4>
...
001 (29691.015.000) 01/30 14:30:46 Job executing on host: <172.16.11.234:9618?addrs=172.16.11.234-9618&alias=pc-farm4&noUDP&sock=startd_5195_3aff>
...
006 (29691.015.000) 01/30 14:30:55 Image size of job updated: 422016
	33  -  MemoryUsage of job (MB)
	33712  -  ResidentSetSize of job (KB)
...
006 (29691.015.000) 01/30 14:40:57 Image size of job updated: 422024
	33  -  MemoryUsage of job (MB)
	33716  -  ResidentSetSize of job (KB)
...
005 (29691.015.000) 01/30 15:55:33 Job terminated.
	(1) Normal termination (return value 0)
		Usr 0 01:24:46, Sys 0 00:00:00  -  Run Remote Usage
		Usr 0 00:00:00, Sys 0 00:00:00  -  Run Local Usage
		Usr 0 01:24:46, Sys 0 00:00:00  -  Total Remote Usage
		Usr 0 00:00:00, Sys 0 00:00:00  -  Total Local Usage
	0  -  Run Bytes Sent By Job
	0  -  Run Bytes Received By Job
	0  -  Total Bytes Sent By Job
	0  -  Total Bytes Received By Job
	Partitionable Resources :    Usage  Request Allocated 
	   Cpus                 :     1.00        1         1 
	   Disk (KB)            :     1           1    255907 
	   Memory (MB)          :    33           1       999 
...
000 (29694.015.000) 01/30 19:48:19 Job submitted from host: <172.16.11.200:9618?addrs=172.16.11.200-9618&noUDP&sock=14877_46f2_4>
...
001 (29694.015.000) 01/30 20:25:25 Job executing on host: <172.16.11.233:9618?addrs=172.16.11.233-9618&alias=pc-farm3&noUDP&sock=startd_4556_edfa>
...
006 (29694.015.000) 01/30 20:25:36 Image size of job updated: 37600
	37  -  MemoryUsage of job (MB)
	37600  -  ResidentSetSize of job (KB)
...
006 (29694.015.000) 01/30 20:30:36 Image size of job updated: 37612
	37  -  MemoryUsage of job (MB)
	37612  -  ResidentSetSize of job (KB)
...
006 (29694.015.000) 01/30 20:35:36 Image size of job updated: 37644
	37  -  MemoryUsage of job (MB)
	37644  -  ResidentSetSize of job (KB)
...
006 (29694.015.000) 01/30 20:40:37 Image size of job updated: 37656
	37  -  MemoryUsage of job (MB)
	37656  -  ResidentSetSize of job (KB)
...
006 (29694.015.000) 01/30 20:45:37 Image size of job updated: 37672
	37  -  MemoryUsage of job (MB)
	37672  -  ResidentSetSize of job (KB)
...
006 (29694.015.000) 01/30 20:50:37 Image size of job updated: 37684
	37  -  MemoryUsage of job (MB)
	37684  -  ResidentSetSize of job (KB)
...
006 (29694.015.000) 01/30 20:55:38 Image size of job updated: 37696
	37  -  MemoryUsage of job (MB)
	37696  -  ResidentSetSize of job (KB)
...
006 (29694.015.000) 01/30 21:00:38 Image size of job updated: 37712
	37  -  MemoryUsage of job (MB)
	37712  -  ResidentSetSize of job (KB)
...
006 (29694.015.000) 01/30 21:05:39 Image size of job updated: 37724
	37  -  MemoryUsage of job (MB)
	37724  -  ResidentSetSize of job (KB)
...
006 (29694.015.000) 01/30 21:10:39 Image size of job updated: 37736
	37  -  MemoryUsage of job (MB)
	37736  -  ResidentSetSize of job (KB)
...
006 (29694.015.000) 01/30 21:15:39 Image size of job updated: 37752
	37  -  MemoryUsage of job (MB)
	37752  -  ResidentSetSize of job (KB)
...
006 (29694.015.000) 01/30 21:20:40 Image size of job updated: 37764
	37  -  MemoryUsage of job (MB)
	37764  -  ResidentSetSize of job (KB)
...
006 (29694.015.000) 01/30 21:25:41 Image size of job updated: 37776
	37  -  MemoryUsage of job (MB)
	37776  -  ResidentSetSize of job (KB)
...
006 (29694.015.000) 01/30 21:30:41 Image size of job updated: 37792
	37  -  MemoryUsage of job (MB)
	37792  -  ResidentSetSize of job (KB)
...
006 (29694.015.000) 01/30 21:35:42 Image size of job updated: 37804
	37  -  MemoryUsage of job (MB)
	37804  -  ResidentSetSize of job (KB)
...
006 (29694.015.000) 01/30 21:40:43 Image size of job updated: 37816
	37  -  MemoryUsage of job (MB)
	37816  -  ResidentSetSize of job (KB)
...
006 (29694.015.000) 01/30 21:45:43 Image size of job updated: 37828
	37  -  MemoryUsage of job (MB)
	37828  -  ResidentSetSize of job (KB)
...
005 (29694.015.000) 01/30 21:47:00 Job terminated.
	(1) Normal termination (return value 0)
		Usr 0 01:21:16, Sys 0 00:00:02  -  Run Remote Usage
		Usr 0 00:00:00, Sys 0 00:00:00  -  Run Local Usage
		Usr 0 01:21:16, Sys 0 00:00:02  -  Total Remote Usage
		Usr 0 00:00:00, Sys 0 00:00:00  -  Total Local Usage
	0  -  Run Bytes Sent By Job
	0  -  Run Bytes Received By Job
	0  -  Total Bytes Sent By Job
	0  -  Total Bytes Received By Job
	Partitionable Resources :    Usage  Request Allocated 
	   Cpus                 :     1.00        1         1 
	   Disk (KB)            :     1           1    254050 
	   Memory (MB)          :    37           1      1005 
...
