000 (29176.006.000) 01/16 14:05:53 Job submitted from host: <172.16.11.200:9618?addrs=172.16.11.200-9618&noUDP&sock=14877_46f2_4>
...
001 (29176.006.000) 01/16 14:53:54 Job executing on host: <172.16.11.232:9618?addrs=172.16.11.232-9618&alias=pc-farm2&noUDP&sock=startd_4986_dfb4_4>
...
006 (29176.006.000) 01/16 14:53:55 Image size of job updated: 172
	1  -  MemoryUsage of job (MB)
	172  -  ResidentSetSize of job (KB)
...
005 (29176.006.000) 01/16 14:53:55 Job terminated.
	(1) Normal termination (return value 0)
		Usr 0 00:00:00, Sys 0 00:00:00  -  Run Remote Usage
		Usr 0 00:00:00, Sys 0 00:00:00  -  Run Local Usage
		Usr 0 00:00:00, Sys 0 00:00:00  -  Total Remote Usage
		Usr 0 00:00:00, Sys 0 00:00:00  -  Total Local Usage
	0  -  Run Bytes Sent By Job
	0  -  Run Bytes Received By Job
	0  -  Total Bytes Sent By Job
	0  -  Total Bytes Received By Job
	Partitionable Resources :    Usage  Request Allocated 
	   Cpus                 :                 1         1 
	   Disk (KB)            :        1        1    245927 
	   Memory (MB)          :        1        1      1005 
...
000 (29179.006.000) 01/16 16:02:14 Job submitted from host: <172.16.11.200:9618?addrs=172.16.11.200-9618&noUDP&sock=14877_46f2_4>
...
001 (29179.006.000) 01/16 16:27:30 Job executing on host: <172.16.11.232:9618?addrs=172.16.11.232-9618&alias=pc-farm2&noUDP&sock=startd_4986_dfb4_4>
...
006 (29179.006.000) 01/16 16:27:39 Image size of job updated: 33532
	33  -  MemoryUsage of job (MB)
	33532  -  ResidentSetSize of job (KB)
...
006 (29179.006.000) 01/16 17:38:19 Image size of job updated: 421992
	33  -  MemoryUsage of job (MB)
	33532  -  ResidentSetSize of job (KB)
...
005 (29179.006.000) 01/16 17:38:19 Job terminated.
	(1) Normal termination (return value 0)
		Usr 0 01:08:01, Sys 0 00:00:00  -  Run Remote Usage
		Usr 0 00:00:00, Sys 0 00:00:00  -  Run Local Usage
		Usr 0 01:08:01, Sys 0 00:00:00  -  Total Remote Usage
		Usr 0 00:00:00, Sys 0 00:00:00  -  Total Local Usage
	0  -  Run Bytes Sent By Job
	0  -  Run Bytes Received By Job
	0  -  Total Bytes Sent By Job
	0  -  Total Bytes Received By Job
	Partitionable Resources :    Usage  Request Allocated 
	   Cpus                 :     0.96        1         1 
	   Disk (KB)            :     1           1    245927 
	   Memory (MB)          :    33           1      1005 
...
000 (29684.006.000) 01/30 12:02:32 Job submitted from host: <172.16.11.200:9618?addrs=172.16.11.200-9618&noUDP&sock=14877_46f2_4>
...
001 (29684.006.000) 01/30 13:26:47 Job executing on host: <172.16.11.233:9618?addrs=172.16.11.233-9618&alias=pc-farm3&noUDP&sock=startd_4556_edfa>
...
006 (29684.006.000) 01/30 13:26:56 Image size of job updated: 37644
	37  -  MemoryUsage of job (MB)
	37644  -  ResidentSetSize of job (KB)
...
006 (29684.006.000) 01/30 13:31:56 Image size of job updated: 37692
	37  -  MemoryUsage of job (MB)
	37692  -  ResidentSetSize of job (KB)
...
006 (29684.006.000) 01/30 13:36:57 Image size of job updated: 37732
	37  -  MemoryUsage of job (MB)
	37732  -  ResidentSetSize of job (KB)
...
006 (29684.006.000) 01/30 13:41:58 Image size of job updated: 37752
	37  -  MemoryUsage of job (MB)
	37752  -  ResidentSetSize of job (KB)
...
006 (29684.006.000) 01/30 13:46:58 Image size of job updated: 37772
	37  -  MemoryUsage of job (MB)
	37772  -  ResidentSetSize of job (KB)
...
006 (29684.006.000) 01/30 13:51:59 Image size of job updated: 37792
	37  -  MemoryUsage of job (MB)
	37792  -  ResidentSetSize of job (KB)
...
006 (29684.006.000) 01/30 13:57:00 Image size of job updated: 37812
	37  -  MemoryUsage of job (MB)
	37812  -  ResidentSetSize of job (KB)
...
006 (29684.006.000) 01/30 14:02:00 Image size of job updated: 37828
	37  -  MemoryUsage of job (MB)
	37828  -  ResidentSetSize of job (KB)
...
006 (29684.006.000) 01/30 14:07:00 Image size of job updated: 37848
	37  -  MemoryUsage of job (MB)
	37848  -  ResidentSetSize of job (KB)
...
006 (29684.006.000) 01/30 14:12:01 Image size of job updated: 37992
	38  -  MemoryUsage of job (MB)
	37992  -  ResidentSetSize of job (KB)
...
005 (29684.006.000) 01/30 14:22:30 Job terminated.
	(1) Normal termination (return value 0)
		Usr 0 00:55:33, Sys 0 00:00:01  -  Run Remote Usage
		Usr 0 00:00:00, Sys 0 00:00:00  -  Run Local Usage
		Usr 0 00:55:33, Sys 0 00:00:01  -  Total Remote Usage
		Usr 0 00:00:00, Sys 0 00:00:00  -  Total Local Usage
	0  -  Run Bytes Sent By Job
	0  -  Run Bytes Received By Job
	0  -  Total Bytes Sent By Job
	0  -  Total Bytes Received By Job
	Partitionable Resources :    Usage  Request Allocated 
	   Cpus                 :     0.99        1         1 
	   Disk (KB)            :     1           1    254050 
	   Memory (MB)          :    38           1      1005 
...
