000 (29689.007.000) 01/30 12:06:06 Job submitted from host: <172.16.11.200:9618?addrs=172.16.11.200-9618&noUDP&sock=14877_46f2_4>
...
001 (29689.007.000) 01/30 14:17:47 Job executing on host: <172.16.11.232:9618?addrs=172.16.11.232-9618&alias=pc-farm2&noUDP&sock=startd_4986_dfb4_4>
...
006 (29689.007.000) 01/30 14:17:55 Image size of job updated: 33800
	34  -  MemoryUsage of job (MB)
	33800  -  ResidentSetSize of job (KB)
...
006 (29689.007.000) 01/30 14:37:57 Image size of job updated: 33936
	34  -  MemoryUsage of job (MB)
	33936  -  ResidentSetSize of job (KB)
...
005 (29689.007.000) 01/30 15:31:34 Job terminated.
	(1) Normal termination (return value 0)
		Usr 0 01:13:38, Sys 0 00:00:01  -  Run Remote Usage
		Usr 0 00:00:00, Sys 0 00:00:00  -  Run Local Usage
		Usr 0 01:13:38, Sys 0 00:00:01  -  Total Remote Usage
		Usr 0 00:00:00, Sys 0 00:00:00  -  Total Local Usage
	0  -  Run Bytes Sent By Job
	0  -  Run Bytes Received By Job
	0  -  Total Bytes Sent By Job
	0  -  Total Bytes Received By Job
	Partitionable Resources :    Usage  Request Allocated 
	   Cpus                 :     1.00        1         1 
	   Disk (KB)            :     1           1    245927 
	   Memory (MB)          :    34           1      1005 
...
000 (29695.007.000) 01/30 19:49:35 Job submitted from host: <172.16.11.200:9618?addrs=172.16.11.200-9618&noUDP&sock=14877_46f2_4>
...
001 (29695.007.000) 01/30 20:30:18 Job executing on host: <172.16.11.231:9618?addrs=172.16.11.231-9618&noUDP&sock=startd_22895_f54e_4>
...
006 (29695.007.000) 01/30 20:30:27 Image size of job updated: 33596
	33  -  MemoryUsage of job (MB)
	33596  -  ResidentSetSize of job (KB)
...
005 (29695.007.000) 01/30 21:47:54 Job terminated.
	(1) Normal termination (return value 0)
		Usr 0 01:17:35, Sys 0 00:00:00  -  Run Remote Usage
		Usr 0 00:00:00, Sys 0 00:00:00  -  Run Local Usage
		Usr 0 01:17:35, Sys 0 00:00:00  -  Total Remote Usage
		Usr 0 00:00:00, Sys 0 00:00:00  -  Total Local Usage
	0  -  Run Bytes Sent By Job
	0  -  Run Bytes Received By Job
	0  -  Total Bytes Sent By Job
	0  -  Total Bytes Received By Job
	Partitionable Resources :    Usage  Request Allocated 
	   Cpus                 :     1.00        1         1 
	   Disk (KB)            :     1           1    241059 
	   Memory (MB)          :    33           1      2008 
...
