000 (29689.022.000) 01/30 12:06:06 Job submitted from host: <172.16.11.200:9618?addrs=172.16.11.200-9618&noUDP&sock=14877_46f2_4>
...
001 (29689.022.000) 01/30 14:25:47 Job executing on host: <172.16.11.231:9618?addrs=172.16.11.231-9618&noUDP&sock=startd_22895_f54e_4>
...
006 (29689.022.000) 01/30 14:25:56 Image size of job updated: 33944
	34  -  MemoryUsage of job (MB)
	33944  -  ResidentSetSize of job (KB)
...
006 (29689.022.000) 01/30 15:44:18 Image size of job updated: 421864
	34  -  MemoryUsage of job (MB)
	33944  -  ResidentSetSize of job (KB)
...
005 (29689.022.000) 01/30 15:44:18 Job terminated.
	(1) Normal termination (return value 0)
		Usr 0 01:18:30, Sys 0 00:00:00  -  Run Remote Usage
		Usr 0 00:00:00, Sys 0 00:00:00  -  Run Local Usage
		Usr 0 01:18:30, Sys 0 00:00:00  -  Total Remote Usage
		Usr 0 00:00:00, Sys 0 00:00:00  -  Total Local Usage
	0  -  Run Bytes Sent By Job
	0  -  Run Bytes Received By Job
	0  -  Total Bytes Sent By Job
	0  -  Total Bytes Received By Job
	Partitionable Resources :    Usage  Request Allocated 
	   Cpus                 :     1.00        1         1 
	   Disk (KB)            :     1           1    241059 
	   Memory (MB)          :    34           1      2008 
...
000 (29695.022.000) 01/30 19:49:35 Job submitted from host: <172.16.11.200:9618?addrs=172.16.11.200-9618&noUDP&sock=14877_46f2_4>
...
001 (29695.022.000) 01/30 20:55:08 Job executing on host: <172.16.11.231:9618?addrs=172.16.11.231-9618&noUDP&sock=startd_22895_f54e_4>
...
006 (29695.022.000) 01/30 20:55:17 Image size of job updated: 33808
	34  -  MemoryUsage of job (MB)
	33808  -  ResidentSetSize of job (KB)
...
005 (29695.022.000) 01/30 22:14:38 Job terminated.
	(1) Normal termination (return value 0)
		Usr 0 01:19:29, Sys 0 00:00:00  -  Run Remote Usage
		Usr 0 00:00:00, Sys 0 00:00:00  -  Run Local Usage
		Usr 0 01:19:29, Sys 0 00:00:00  -  Total Remote Usage
		Usr 0 00:00:00, Sys 0 00:00:00  -  Total Local Usage
	0  -  Run Bytes Sent By Job
	0  -  Run Bytes Received By Job
	0  -  Total Bytes Sent By Job
	0  -  Total Bytes Received By Job
	Partitionable Resources :    Usage  Request Allocated 
	   Cpus                 :     1.00        1         1 
	   Disk (KB)            :     1           1    241059 
	   Memory (MB)          :    34           1      2008 
...
