000 (29176.014.000) 01/16 14:05:53 Job submitted from host: <172.16.11.200:9618?addrs=172.16.11.200-9618&noUDP&sock=14877_46f2_4>
...
001 (29176.014.000) 01/16 14:54:07 Job executing on host: <172.16.11.232:9618?addrs=172.16.11.232-9618&alias=pc-farm2&noUDP&sock=startd_4986_dfb4_4>
...
006 (29176.014.000) 01/16 14:54:08 Image size of job updated: 54652
	0  -  MemoryUsage of job (MB)
	0  -  ResidentSetSize of job (KB)
...
005 (29176.014.000) 01/16 14:54:08 Job terminated.
	(1) Normal termination (return value 0)
		Usr 0 00:00:00, Sys 0 00:00:00  -  Run Remote Usage
		Usr 0 00:00:00, Sys 0 00:00:00  -  Run Local Usage
		Usr 0 00:00:00, Sys 0 00:00:00  -  Total Remote Usage
		Usr 0 00:00:00, Sys 0 00:00:00  -  Total Local Usage
	0  -  Run Bytes Sent By Job
	0  -  Run Bytes Received By Job
	0  -  Total Bytes Sent By Job
	0  -  Total Bytes Received By Job
	Partitionable Resources :    Usage  Request Allocated 
	   Cpus                 :                 1         1 
	   Disk (KB)            :        1        1    245927 
	   Memory (MB)          :        0        1      1005 
...
000 (29179.014.000) 01/16 16:02:14 Job submitted from host: <172.16.11.200:9618?addrs=172.16.11.200-9618&noUDP&sock=14877_46f2_4>
...
001 (29179.014.000) 01/16 16:31:30 Job executing on host: <172.16.11.233:9618?addrs=172.16.11.233-9618&alias=pc-farm3&noUDP&sock=startd_4556_edfa>
...
006 (29179.014.000) 01/16 16:31:38 Image size of job updated: 37668
	37  -  MemoryUsage of job (MB)
	37668  -  ResidentSetSize of job (KB)
...
006 (29179.014.000) 01/16 17:06:40 Image size of job updated: 38512
	38  -  MemoryUsage of job (MB)
	38512  -  ResidentSetSize of job (KB)
...
006 (29179.014.000) 01/16 17:11:41 Image size of job updated: 38668
	38  -  MemoryUsage of job (MB)
	38668  -  ResidentSetSize of job (KB)
...
005 (29179.014.000) 01/16 17:17:59 Job terminated.
	(1) Normal termination (return value 0)
		Usr 0 00:46:28, Sys 0 00:00:00  -  Run Remote Usage
		Usr 0 00:00:00, Sys 0 00:00:00  -  Run Local Usage
		Usr 0 00:46:28, Sys 0 00:00:00  -  Total Remote Usage
		Usr 0 00:00:00, Sys 0 00:00:00  -  Total Local Usage
	0  -  Run Bytes Sent By Job
	0  -  Run Bytes Received By Job
	0  -  Total Bytes Sent By Job
	0  -  Total Bytes Received By Job
	Partitionable Resources :    Usage  Request Allocated 
	   Cpus                 :     1.00        1         1 
	   Disk (KB)            :     1           1    254050 
	   Memory (MB)          :    38           1      1005 
...
000 (29684.014.000) 01/30 12:02:32 Job submitted from host: <172.16.11.200:9618?addrs=172.16.11.200-9618&noUDP&sock=14877_46f2_4>
...
001 (29684.014.000) 01/30 13:30:46 Job executing on host: <172.16.11.231:9618?addrs=172.16.11.231-9618&noUDP&sock=startd_22895_f54e_4>
...
006 (29684.014.000) 01/30 13:30:55 Image size of job updated: 33872
	34  -  MemoryUsage of job (MB)
	33872  -  ResidentSetSize of job (KB)
...
006 (29684.014.000) 01/30 13:40:56 Image size of job updated: 34040
	34  -  MemoryUsage of job (MB)
	34040  -  ResidentSetSize of job (KB)
...
005 (29684.014.000) 01/30 14:34:06 Job terminated.
	(1) Normal termination (return value 0)
		Usr 0 01:03:15, Sys 0 00:00:03  -  Run Remote Usage
		Usr 0 00:00:00, Sys 0 00:00:00  -  Run Local Usage
		Usr 0 01:03:15, Sys 0 00:00:03  -  Total Remote Usage
		Usr 0 00:00:00, Sys 0 00:00:00  -  Total Local Usage
	0  -  Run Bytes Sent By Job
	0  -  Run Bytes Received By Job
	0  -  Total Bytes Sent By Job
	0  -  Total Bytes Received By Job
	Partitionable Resources :    Usage  Request Allocated 
	   Cpus                 :     1.00        1         1 
	   Disk (KB)            :     1           1    241059 
	   Memory (MB)          :    34           1      2008 
...
