000 (29689.023.000) 01/30 12:06:06 Job submitted from host: <172.16.11.200:9618?addrs=172.16.11.200-9618&noUDP&sock=14877_46f2_4>
...
001 (29689.023.000) 01/30 14:25:47 Job executing on host: <172.16.11.231:9618?addrs=172.16.11.231-9618&noUDP&sock=startd_22895_f54e_4>
...
006 (29689.023.000) 01/30 14:25:55 Image size of job updated: 33700
	33  -  MemoryUsage of job (MB)
	33700  -  ResidentSetSize of job (KB)
...
006 (29689.023.000) 01/30 15:44:24 Image size of job updated: 421864
	33  -  MemoryUsage of job (MB)
	33700  -  ResidentSetSize of job (KB)
...
005 (29689.023.000) 01/30 15:44:24 Job terminated.
	(1) Normal termination (return value 0)
		Usr 0 01:18:36, Sys 0 00:00:00  -  Run Remote Usage
		Usr 0 00:00:00, Sys 0 00:00:00  -  Run Local Usage
		Usr 0 01:18:36, Sys 0 00:00:00  -  Total Remote Usage
		Usr 0 00:00:00, Sys 0 00:00:00  -  Total Local Usage
	0  -  Run Bytes Sent By Job
	0  -  Run Bytes Received By Job
	0  -  Total Bytes Sent By Job
	0  -  Total Bytes Received By Job
	Partitionable Resources :    Usage  Request Allocated 
	   Cpus                 :     1.00        1         1 
	   Disk (KB)            :     1           1    241059 
	   Memory (MB)          :    33           1      2008 
...
000 (29695.023.000) 01/30 19:49:35 Job submitted from host: <172.16.11.200:9618?addrs=172.16.11.200-9618&noUDP&sock=14877_46f2_4>
...
001 (29695.023.000) 01/30 20:56:09 Job executing on host: <172.16.11.233:9618?addrs=172.16.11.233-9618&alias=pc-farm3&noUDP&sock=startd_4556_edfa>
...
006 (29695.023.000) 01/30 20:56:18 Image size of job updated: 37424
	37  -  MemoryUsage of job (MB)
	37424  -  ResidentSetSize of job (KB)
...
006 (29695.023.000) 01/30 21:16:20 Image size of job updated: 37508
	37  -  MemoryUsage of job (MB)
	37508  -  ResidentSetSize of job (KB)
...
006 (29695.023.000) 01/30 22:01:25 Image size of job updated: 37636
	37  -  MemoryUsage of job (MB)
	37636  -  ResidentSetSize of job (KB)
...
006 (29695.023.000) 01/30 22:11:26 Image size of job updated: 37664
	37  -  MemoryUsage of job (MB)
	37664  -  ResidentSetSize of job (KB)
...
005 (29695.023.000) 01/30 22:13:11 Job terminated.
	(1) Normal termination (return value 0)
		Usr 0 01:16:45, Sys 0 00:00:02  -  Run Remote Usage
		Usr 0 00:00:00, Sys 0 00:00:00  -  Run Local Usage
		Usr 0 01:16:45, Sys 0 00:00:02  -  Total Remote Usage
		Usr 0 00:00:00, Sys 0 00:00:00  -  Total Local Usage
	0  -  Run Bytes Sent By Job
	0  -  Run Bytes Received By Job
	0  -  Total Bytes Sent By Job
	0  -  Total Bytes Received By Job
	Partitionable Resources :    Usage  Request Allocated 
	   Cpus                 :     1.00        1         1 
	   Disk (KB)            :     1           1    254050 
	   Memory (MB)          :    37           1      1005 
...
