000 (29176.015.000) 01/16 14:05:53 Job submitted from host: <172.16.11.200:9618?addrs=172.16.11.200-9618&noUDP&sock=14877_46f2_4>
...
001 (29176.015.000) 01/16 14:54:09 Job executing on host: <172.16.11.232:9618?addrs=172.16.11.232-9618&alias=pc-farm2&noUDP&sock=startd_4986_dfb4_4>
...
006 (29176.015.000) 01/16 14:54:10 Image size of job updated: 20700
	0  -  MemoryUsage of job (MB)
	0  -  ResidentSetSize of job (KB)
...
005 (29176.015.000) 01/16 14:54:10 Job terminated.
	(1) Normal termination (return value 0)
		Usr 0 00:00:00, Sys 0 00:00:00  -  Run Remote Usage
		Usr 0 00:00:00, Sys 0 00:00:00  -  Run Local Usage
		Usr 0 00:00:00, Sys 0 00:00:00  -  Total Remote Usage
		Usr 0 00:00:00, Sys 0 00:00:00  -  Total Local Usage
	0  -  Run Bytes Sent By Job
	0  -  Run Bytes Received By Job
	0  -  Total Bytes Sent By Job
	0  -  Total Bytes Received By Job
	Partitionable Resources :    Usage  Request Allocated 
	   Cpus                 :        0        1         1 
	   Disk (KB)            :        1        1    245927 
	   Memory (MB)          :        0        1      1005 
...
000 (29179.015.000) 01/16 16:02:14 Job submitted from host: <172.16.11.200:9618?addrs=172.16.11.200-9618&noUDP&sock=14877_46f2_4>
...
001 (29179.015.000) 01/16 16:33:30 Job executing on host: <172.16.11.233:9618?addrs=172.16.11.233-9618&alias=pc-farm3&noUDP&sock=startd_4556_edfa>
...
006 (29179.015.000) 01/16 16:33:39 Image size of job updated: 37200
	37  -  MemoryUsage of job (MB)
	37200  -  ResidentSetSize of job (KB)
...
006 (29179.015.000) 01/16 16:48:40 Image size of job updated: 37240
	37  -  MemoryUsage of job (MB)
	37240  -  ResidentSetSize of job (KB)
...
006 (29179.015.000) 01/16 16:58:41 Image size of job updated: 37288
	37  -  MemoryUsage of job (MB)
	37288  -  ResidentSetSize of job (KB)
...
006 (29179.015.000) 01/16 17:03:42 Image size of job updated: 37536
	37  -  MemoryUsage of job (MB)
	37536  -  ResidentSetSize of job (KB)
...
005 (29179.015.000) 01/16 17:19:15 Job terminated.
	(1) Normal termination (return value 0)
		Usr 0 00:45:44, Sys 0 00:00:00  -  Run Remote Usage
		Usr 0 00:00:00, Sys 0 00:00:00  -  Run Local Usage
		Usr 0 00:45:44, Sys 0 00:00:00  -  Total Remote Usage
		Usr 0 00:00:00, Sys 0 00:00:00  -  Total Local Usage
	0  -  Run Bytes Sent By Job
	0  -  Run Bytes Received By Job
	0  -  Total Bytes Sent By Job
	0  -  Total Bytes Received By Job
	Partitionable Resources :    Usage  Request Allocated 
	   Cpus                 :     1.00        1         1 
	   Disk (KB)            :     1           1    254050 
	   Memory (MB)          :    37           1      1005 
...
000 (29684.015.000) 01/30 12:02:32 Job submitted from host: <172.16.11.200:9618?addrs=172.16.11.200-9618&noUDP&sock=14877_46f2_4>
...
001 (29684.015.000) 01/30 13:30:47 Job executing on host: <172.16.11.231:9618?addrs=172.16.11.231-9618&noUDP&sock=startd_22895_f54e_4>
...
006 (29684.015.000) 01/30 13:30:56 Image size of job updated: 33756
	33  -  MemoryUsage of job (MB)
	33756  -  ResidentSetSize of job (KB)
...
006 (29684.015.000) 01/30 13:40:57 Image size of job updated: 34236
	34  -  MemoryUsage of job (MB)
	34236  -  ResidentSetSize of job (KB)
...
005 (29684.015.000) 01/30 14:36:59 Job terminated.
	(1) Normal termination (return value 0)
		Usr 0 01:06:06, Sys 0 00:00:05  -  Run Remote Usage
		Usr 0 00:00:00, Sys 0 00:00:00  -  Run Local Usage
		Usr 0 01:06:06, Sys 0 00:00:05  -  Total Remote Usage
		Usr 0 00:00:00, Sys 0 00:00:00  -  Total Local Usage
	0  -  Run Bytes Sent By Job
	0  -  Run Bytes Received By Job
	0  -  Total Bytes Sent By Job
	0  -  Total Bytes Received By Job
	Partitionable Resources :    Usage  Request Allocated 
	   Cpus                 :     1.00        1         1 
	   Disk (KB)            :     1           1    241059 
	   Memory (MB)          :    34           1      2008 
...
