000 (29180.010.000) 01/16 16:02:17 Job submitted from host: <172.16.11.200:9618?addrs=172.16.11.200-9618&noUDP&sock=14877_46f2_4>
...
001 (29180.010.000) 01/16 16:40:30 Job executing on host: <172.16.11.232:9618?addrs=172.16.11.232-9618&alias=pc-farm2&noUDP&sock=startd_4986_dfb4_4>
...
006 (29180.010.000) 01/16 16:40:39 Image size of job updated: 33504
	33  -  MemoryUsage of job (MB)
	33504  -  ResidentSetSize of job (KB)
...
006 (29180.010.000) 01/16 17:51:21 Image size of job updated: 421992
	33  -  MemoryUsage of job (MB)
	33504  -  ResidentSetSize of job (KB)
...
005 (29180.010.000) 01/16 17:51:21 Job terminated.
	(1) Normal termination (return value 0)
		Usr 0 01:07:40, Sys 0 00:00:00  -  Run Remote Usage
		Usr 0 00:00:00, Sys 0 00:00:00  -  Run Local Usage
		Usr 0 01:07:40, Sys 0 00:00:00  -  Total Remote Usage
		Usr 0 00:00:00, Sys 0 00:00:00  -  Total Local Usage
	0  -  Run Bytes Sent By Job
	0  -  Run Bytes Received By Job
	0  -  Total Bytes Sent By Job
	0  -  Total Bytes Received By Job
	Partitionable Resources :    Usage  Request Allocated 
	   Cpus                 :     0.99        1         1 
	   Disk (KB)            :     1           1    245927 
	   Memory (MB)          :    33           1      1005 
...
000 (29685.010.000) 01/30 12:02:36 Job submitted from host: <172.16.11.200:9618?addrs=172.16.11.200-9618&noUDP&sock=14877_46f2_4>
...
001 (29685.010.000) 01/30 13:41:46 Job executing on host: <172.16.11.231:9618?addrs=172.16.11.231-9618&noUDP&sock=startd_22895_f54e_4>
...
006 (29685.010.000) 01/30 13:41:54 Image size of job updated: 33544
	33  -  MemoryUsage of job (MB)
	33544  -  ResidentSetSize of job (KB)
...
005 (29685.010.000) 01/30 14:37:22 Job terminated.
	(1) Normal termination (return value 0)
		Usr 0 00:55:35, Sys 0 00:00:00  -  Run Remote Usage
		Usr 0 00:00:00, Sys 0 00:00:00  -  Run Local Usage
		Usr 0 00:55:35, Sys 0 00:00:00  -  Total Remote Usage
		Usr 0 00:00:00, Sys 0 00:00:00  -  Total Local Usage
	0  -  Run Bytes Sent By Job
	0  -  Run Bytes Received By Job
	0  -  Total Bytes Sent By Job
	0  -  Total Bytes Received By Job
	Partitionable Resources :    Usage  Request Allocated 
	   Cpus                 :     1.00        1         1 
	   Disk (KB)            :     1           1    241059 
	   Memory (MB)          :    33           1      2008 
...
