000 (1673122.000.000) 12/20 11:59:25 Job submitted from host: <172.16.2.141:36601>
...
001 (1673122.000.000) 12/20 11:59:41 Job executing on host: <172.16.2.151:35010>
...
006 (1673122.000.000) 12/20 11:59:49 Image size of job updated: 255932
	30  -  MemoryUsage of job (MB)
	29996  -  ResidentSetSize of job (KB)
...
006 (1673122.000.000) 12/20 12:04:49 Image size of job updated: 255932
	38  -  MemoryUsage of job (MB)
	38668  -  ResidentSetSize of job (KB)
...
004 (1673122.000.000) 12/21 13:08:45 Job was evicted.
	(0) Job was not checkpointed.
		Usr 1 01:08:09, Sys 0 00:00:00  -  Run Remote Usage
		Usr 0 00:00:00, Sys 0 00:00:00  -  Run Local Usage
	0  -  Run Bytes Sent By Job
	0  -  Run Bytes Received By Job
	Partitionable Resources :    Usage  Request Allocated
	   Cpus                 :                 1         1
	   Disk (KB)            :        1        1   1084999
	   Memory (MB)          :       38        1     12107
...
009 (1673122.000.000) 12/21 13:08:45 Job was aborted by the user.
	via condor_rm (by user zhangliang)
...
000 (1673137.000.000) 12/21 16:17:53 Job submitted from host: <172.16.2.141:36601>
...
001 (1673137.000.000) 12/21 16:18:03 Job executing on host: <172.16.2.151:35010>
...
006 (1673137.000.000) 12/21 16:18:12 Image size of job updated: 255788
	28  -  MemoryUsage of job (MB)
	28464  -  ResidentSetSize of job (KB)
...
006 (1673137.000.000) 12/21 16:23:13 Image size of job updated: 255876
	29  -  MemoryUsage of job (MB)
	29000  -  ResidentSetSize of job (KB)
...
006 (1673137.000.000) 12/21 16:28:13 Image size of job updated: 255876
	37  -  MemoryUsage of job (MB)
	37476  -  ResidentSetSize of job (KB)
...
006 (1673137.000.000) 12/21 16:48:14 Image size of job updated: 255876
	37  -  MemoryUsage of job (MB)
	37480  -  ResidentSetSize of job (KB)
...
006 (1673137.000.000) 12/21 16:53:15 Image size of job updated: 256900
	37  -  MemoryUsage of job (MB)
	37524  -  ResidentSetSize of job (KB)
...
006 (1673137.000.000) 12/21 22:53:53 Image size of job updated: 256900
	37  -  MemoryUsage of job (MB)
	37528  -  ResidentSetSize of job (KB)
...
005 (1673137.000.000) 12/21 22:59:30 Job terminated.
	(1) Normal termination (return value 0)
		Usr 0 06:40:55, Sys 0 00:00:00  -  Run Remote Usage
		Usr 0 00:00:00, Sys 0 00:00:00  -  Run Local Usage
		Usr 0 06:40:55, Sys 0 00:00:00  -  Total Remote Usage
		Usr 0 00:00:00, Sys 0 00:00:00  -  Total Local Usage
	0  -  Run Bytes Sent By Job
	0  -  Run Bytes Received By Job
	0  -  Total Bytes Sent By Job
	0  -  Total Bytes Received By Job
	Partitionable Resources :    Usage  Request Allocated
	   Cpus                 :                 1         1
	   Disk (KB)            :        1        1   1084963
	   Memory (MB)          :       37        1     12107
...
000 (1673147.000.000) 12/22 08:25:07 Job submitted from host: <172.16.2.141:36601>
...
001 (1673147.000.000) 12/22 08:25:08 Job executing on host: <172.16.2.141:56348>
...
006 (1673147.000.000) 12/22 08:25:16 Image size of job updated: 242348
	28  -  MemoryUsage of job (MB)
	28256  -  ResidentSetSize of job (KB)
...
006 (1673147.000.000) 12/22 08:30:16 Image size of job updated: 242416
	28  -  MemoryUsage of job (MB)
	28672  -  ResidentSetSize of job (KB)
...
006 (1673147.000.000) 12/22 08:40:18 Image size of job updated: 242416
	29  -  MemoryUsage of job (MB)
	28676  -  ResidentSetSize of job (KB)
...
005 (1673147.000.000) 12/22 08:40:52 Job terminated.
	(1) Normal termination (return value 0)
		Usr 0 00:15:36, Sys 0 00:00:00  -  Run Remote Usage
		Usr 0 00:00:00, Sys 0 00:00:00  -  Run Local Usage
		Usr 0 00:15:36, Sys 0 00:00:00  -  Total Remote Usage
		Usr 0 00:00:00, Sys 0 00:00:00  -  Total Local Usage
	0  -  Run Bytes Sent By Job
	0  -  Run Bytes Received By Job
	0  -  Total Bytes Sent By Job
	0  -  Total Bytes Received By Job
	Partitionable Resources :    Usage  Request Allocated
	   Cpus                 :                 1         1
	   Disk (KB)            :        1        1  18596258
	   Memory (MB)          :       29        1      2676
...
000 (1673148.000.000) 12/22 08:48:02 Job submitted from host: <172.16.2.141:36601>
...
001 (1673148.000.000) 12/22 08:48:03 Job executing on host: <172.16.2.141:56348>
...
006 (1673148.000.000) 12/22 08:48:04 Image size of job updated: 1
	0  -  MemoryUsage of job (MB)
	0  -  ResidentSetSize of job (KB)
...
005 (1673148.000.000) 12/22 08:48:04 Job terminated.
	(1) Normal termination (return value 0)
		Usr 0 00:00:00, Sys 0 00:00:00  -  Run Remote Usage
		Usr 0 00:00:00, Sys 0 00:00:00  -  Run Local Usage
		Usr 0 00:00:00, Sys 0 00:00:00  -  Total Remote Usage
		Usr 0 00:00:00, Sys 0 00:00:00  -  Total Local Usage
	0  -  Run Bytes Sent By Job
	0  -  Run Bytes Received By Job
	0  -  Total Bytes Sent By Job
	0  -  Total Bytes Received By Job
	Partitionable Resources :    Usage  Request Allocated
	   Cpus                 :                 1         1
	   Disk (KB)            :        1        1  18596238
	   Memory (MB)          :        0        1      2676
...
000 (1673149.000.000) 12/22 10:22:50 Job submitted from host: <172.16.2.141:36601>
...
001 (1673149.000.000) 12/22 10:22:50 Job executing on host: <172.16.2.141:56348>
...
006 (1673149.000.000) 12/22 10:22:59 Image size of job updated: 242348
	30  -  MemoryUsage of job (MB)
	29872  -  ResidentSetSize of job (KB)
...
006 (1673149.000.000) 12/22 10:26:19 Image size of job updated: 242436
	30  -  MemoryUsage of job (MB)
	29872  -  ResidentSetSize of job (KB)
...
004 (1673149.000.000) 12/22 10:26:19 Job was evicted.
	(0) Job was not checkpointed.
		Usr 0 00:03:28, Sys 0 00:00:00  -  Run Remote Usage
		Usr 0 00:00:00, Sys 0 00:00:00  -  Run Local Usage
	0  -  Run Bytes Sent By Job
	0  -  Run Bytes Received By Job
	Partitionable Resources :    Usage  Request Allocated
	   Cpus                 :                 1         1
	   Disk (KB)            :        1        1  18596231
	   Memory (MB)          :       30        1      2676
...
009 (1673149.000.000) 12/22 10:26:19 Job was aborted by the user.
	via condor_rm (by user zhangliang)
...
000 (1673150.000.000) 12/22 10:28:13 Job submitted from host: <172.16.2.141:36601>
...
001 (1673150.000.000) 12/22 10:28:14 Job executing on host: <172.16.2.141:56348>
...
006 (1673150.000.000) 12/22 10:28:22 Image size of job updated: 1
	2  -  MemoryUsage of job (MB)
	2032  -  ResidentSetSize of job (KB)
...
006 (1673150.000.000) 12/22 10:33:22 Image size of job updated: 242436
	28  -  MemoryUsage of job (MB)
	28656  -  ResidentSetSize of job (KB)
...
006 (1673150.000.000) 12/22 10:38:24 Image size of job updated: 242436
	29  -  MemoryUsage of job (MB)
	29068  -  ResidentSetSize of job (KB)
...
006 (1673150.000.000) 12/22 10:58:26 Image size of job updated: 242440
	29  -  MemoryUsage of job (MB)
	29116  -  ResidentSetSize of job (KB)
...
006 (1673150.000.000) 12/22 16:54:01 Image size of job updated: 242440
	29  -  MemoryUsage of job (MB)
	29120  -  ResidentSetSize of job (KB)
...
005 (1673150.000.000) 12/22 16:58:46 Job terminated.
	(1) Normal termination (return value 0)
		Usr 0 06:30:40, Sys 0 00:00:00  -  Run Remote Usage
		Usr 0 00:00:00, Sys 0 00:00:00  -  Run Local Usage
		Usr 0 06:30:40, Sys 0 00:00:00  -  Total Remote Usage
		Usr 0 00:00:00, Sys 0 00:00:00  -  Total Local Usage
	0  -  Run Bytes Sent By Job
	0  -  Run Bytes Received By Job
	0  -  Total Bytes Sent By Job
	0  -  Total Bytes Received By Job
	Partitionable Resources :    Usage  Request Allocated
	   Cpus                 :                 1         1
	   Disk (KB)            :        1        1  18596223
	   Memory (MB)          :       29        1      2676
...
000 (1673156.000.000) 12/23 08:24:18 Job submitted from host: <172.16.2.141:36601>
...
001 (1673156.000.000) 12/23 08:24:19 Job executing on host: <172.16.2.141:56348>
...
006 (1673156.000.000) 12/23 08:24:27 Image size of job updated: 242344
	28  -  MemoryUsage of job (MB)
	28380  -  ResidentSetSize of job (KB)
...
006 (1673156.000.000) 12/23 08:29:27 Image size of job updated: 242432
	29  -  MemoryUsage of job (MB)
	29076  -  ResidentSetSize of job (KB)
...
006 (1673156.000.000) 12/23 08:54:31 Image size of job updated: 242436
	29  -  MemoryUsage of job (MB)
	29124  -  ResidentSetSize of job (KB)
...
004 (1673156.000.000) 12/23 13:28:21 Job was evicted.
	(0) Job was not checkpointed.
		Usr 0 05:04:08, Sys 0 00:00:00  -  Run Remote Usage
		Usr 0 00:00:00, Sys 0 00:00:00  -  Run Local Usage
	0  -  Run Bytes Sent By Job
	0  -  Run Bytes Received By Job
	Partitionable Resources :    Usage  Request Allocated
	   Cpus                 :                 1         1
	   Disk (KB)            :        1        1  18596149
	   Memory (MB)          :       29        1      2676
...
009 (1673156.000.000) 12/23 13:28:21 Job was aborted by the user.
	via condor_rm (by user zhangliang)
...
000 (1673161.000.000) 12/23 13:32:41 Job submitted from host: <172.16.2.141:36601>
...
001 (1673161.000.000) 12/23 13:32:42 Job executing on host: <172.16.2.151:35010>
...
006 (1673161.000.000) 12/23 13:32:50 Image size of job updated: 1
	2  -  MemoryUsage of job (MB)
	2024  -  ResidentSetSize of job (KB)
...
006 (1673161.000.000) 12/23 13:37:50 Image size of job updated: 255876
	38  -  MemoryUsage of job (MB)
	38656  -  ResidentSetSize of job (KB)
...
006 (1673161.000.000) 12/23 13:42:52 Image size of job updated: 255876
	39  -  MemoryUsage of job (MB)
	38928  -  ResidentSetSize of job (KB)
...
006 (1673161.000.000) 12/23 14:02:53 Image size of job updated: 256900
	39  -  MemoryUsage of job (MB)
	38972  -  ResidentSetSize of job (KB)
...
006 (1673161.000.000) 12/23 18:53:22 Image size of job updated: 256900
	39  -  MemoryUsage of job (MB)
	38976  -  ResidentSetSize of job (KB)
...
005 (1673161.000.000) 12/23 18:55:33 Job terminated.
	(1) Normal termination (return value 0)
		Usr 0 05:22:31, Sys 0 00:00:00  -  Run Remote Usage
		Usr 0 00:00:00, Sys 0 00:00:00  -  Run Local Usage
		Usr 0 05:22:31, Sys 0 00:00:00  -  Total Remote Usage
		Usr 0 00:00:00, Sys 0 00:00:00  -  Total Local Usage
	0  -  Run Bytes Sent By Job
	0  -  Run Bytes Received By Job
	0  -  Total Bytes Sent By Job
	0  -  Total Bytes Received By Job
	Partitionable Resources :    Usage  Request Allocated
	   Cpus                 :                 1         1
	   Disk (KB)            :        1        1   1084966
	   Memory (MB)          :       39        1     12107
...
000 (1673179.000.000) 12/24 15:12:06 Job submitted from host: <172.16.2.141:36601>
...
001 (1673179.000.000) 12/24 15:12:24 Job executing on host: <172.16.2.141:56348>
...
006 (1673179.000.000) 12/24 15:12:26 Image size of job updated: 921184
	0  -  MemoryUsage of job (MB)
	0  -  ResidentSetSize of job (KB)
...
005 (1673179.000.000) 12/24 15:12:26 Job terminated.
	(1) Normal termination (return value 0)
		Usr 0 00:00:00, Sys 0 00:00:00  -  Run Remote Usage
		Usr 0 00:00:00, Sys 0 00:00:00  -  Run Local Usage
		Usr 0 00:00:00, Sys 0 00:00:00  -  Total Remote Usage
		Usr 0 00:00:00, Sys 0 00:00:00  -  Total Local Usage
	0  -  Run Bytes Sent By Job
	0  -  Run Bytes Received By Job
	0  -  Total Bytes Sent By Job
	0  -  Total Bytes Received By Job
	Partitionable Resources :    Usage  Request Allocated
	   Cpus                 :                 1         1
	   Disk (KB)            :        1        1  18596035
	   Memory (MB)          :        0        1      2676
...
000 (1673182.000.000) 12/24 20:39:03 Job submitted from host: <172.16.2.141:36601>
...
001 (1673182.000.000) 12/24 20:44:05 Job executing on host: <172.16.2.151:35010>
...
006 (1673182.000.000) 12/24 20:44:14 Image size of job updated: 255876
	29  -  MemoryUsage of job (MB)
	29568  -  ResidentSetSize of job (KB)
...
006 (1673182.000.000) 12/24 20:49:15 Image size of job updated: 256900
	36  -  MemoryUsage of job (MB)
	36840  -  ResidentSetSize of job (KB)
...
005 (1673182.000.000) 12/24 20:58:32 Job terminated.
	(1) Normal termination (return value 0)
		Usr 0 00:14:23, Sys 0 00:00:00  -  Run Remote Usage
		Usr 0 00:00:00, Sys 0 00:00:00  -  Run Local Usage
		Usr 0 00:14:23, Sys 0 00:00:00  -  Total Remote Usage
		Usr 0 00:00:00, Sys 0 00:00:00  -  Total Local Usage
	0  -  Run Bytes Sent By Job
	0  -  Run Bytes Received By Job
	0  -  Total Bytes Sent By Job
	0  -  Total Bytes Received By Job
	Partitionable Resources :    Usage  Request Allocated
	   Cpus                 :                 1         1
	   Disk (KB)            :        1        1   1084981
	   Memory (MB)          :       36        1     12107
...
000 (1673190.000.000) 12/25 19:55:10 Job submitted from host: <172.16.2.141:36601>
...
001 (1673190.000.000) 12/25 19:55:11 Job executing on host: <172.16.2.141:56348>
...
006 (1673190.000.000) 12/25 19:55:19 Image size of job updated: 242448
	29  -  MemoryUsage of job (MB)
	29528  -  ResidentSetSize of job (KB)
...
004 (1673190.000.000) 12/25 19:55:45 Job was evicted.
	(0) Job was not checkpointed.
		Usr 0 00:00:34, Sys 0 00:00:00  -  Run Remote Usage
		Usr 0 00:00:00, Sys 0 00:00:00  -  Run Local Usage
	0  -  Run Bytes Sent By Job
	0  -  Run Bytes Received By Job
	Partitionable Resources :    Usage  Request Allocated
	   Cpus                 :                 1         1
	   Disk (KB)            :        1        1  18595773
	   Memory (MB)          :       29        1      2676
...
009 (1673190.000.000) 12/25 19:55:46 Job was aborted by the user.
	via condor_rm (by user zhangliang)
...
000 (1673191.000.000) 12/25 19:58:56 Job submitted from host: <172.16.2.141:36601>
...
001 (1673191.000.000) 12/25 19:58:57 Job executing on host: <172.16.2.141:56348>
...
006 (1673191.000.000) 12/25 19:59:05 Image size of job updated: 242448
	29  -  MemoryUsage of job (MB)
	29448  -  ResidentSetSize of job (KB)
...
006 (1673191.000.000) 12/25 20:04:05 Image size of job updated: 242452
	30  -  MemoryUsage of job (MB)
	29856  -  ResidentSetSize of job (KB)
...
005 (1673191.000.000) 12/25 20:18:47 Job terminated.
	(1) Normal termination (return value 0)
		Usr 0 00:19:47, Sys 0 00:00:00  -  Run Remote Usage
		Usr 0 00:00:00, Sys 0 00:00:00  -  Run Local Usage
		Usr 0 00:19:47, Sys 0 00:00:00  -  Total Remote Usage
		Usr 0 00:00:00, Sys 0 00:00:00  -  Total Local Usage
	0  -  Run Bytes Sent By Job
	0  -  Run Bytes Received By Job
	0  -  Total Bytes Sent By Job
	0  -  Total Bytes Received By Job
	Partitionable Resources :    Usage  Request Allocated
	   Cpus                 :                 1         1
	   Disk (KB)            :        1        1  18595832
	   Memory (MB)          :       30        1      2676
...
