000 (29691.014.000) 01/30 12:06:42 Job submitted from host: <172.16.11.200:9618?addrs=172.16.11.200-9618&noUDP&sock=14877_46f2_4>
...
001 (29691.014.000) 01/30 14:30:46 Job executing on host: <172.16.11.234:9618?addrs=172.16.11.234-9618&alias=pc-farm4&noUDP&sock=startd_5195_3aff>
...
006 (29691.014.000) 01/30 14:30:55 Image size of job updated: 422016
	33  -  MemoryUsage of job (MB)
	33708  -  ResidentSetSize of job (KB)
...
006 (29691.014.000) 01/30 14:40:57 Image size of job updated: 422024
	33  -  MemoryUsage of job (MB)
	33712  -  ResidentSetSize of job (KB)
...
005 (29691.014.000) 01/30 15:52:07 Job terminated.
	(1) Normal termination (return value 0)
		Usr 0 01:21:20, Sys 0 00:00:00  -  Run Remote Usage
		Usr 0 00:00:00, Sys 0 00:00:00  -  Run Local Usage
		Usr 0 01:21:20, Sys 0 00:00:00  -  Total Remote Usage
		Usr 0 00:00:00, Sys 0 00:00:00  -  Total Local Usage
	0  -  Run Bytes Sent By Job
	0  -  Run Bytes Received By Job
	0  -  Total Bytes Sent By Job
	0  -  Total Bytes Received By Job
	Partitionable Resources :    Usage  Request Allocated 
	   Cpus                 :     1.00        1         1 
	   Disk (KB)            :     1           1    255907 
	   Memory (MB)          :    33           1       999 
...
000 (29694.014.000) 01/30 19:48:19 Job submitted from host: <172.16.11.200:9618?addrs=172.16.11.200-9618&noUDP&sock=14877_46f2_4>
...
001 (29694.014.000) 01/30 20:25:24 Job executing on host: <172.16.11.233:9618?addrs=172.16.11.233-9618&alias=pc-farm3&noUDP&sock=startd_4556_edfa>
...
006 (29694.014.000) 01/30 20:25:33 Image size of job updated: 37828
	37  -  MemoryUsage of job (MB)
	37828  -  ResidentSetSize of job (KB)
...
006 (29694.014.000) 01/30 20:45:36 Image size of job updated: 37896
	38  -  MemoryUsage of job (MB)
	37896  -  ResidentSetSize of job (KB)
...
006 (29694.014.000) 01/30 21:35:40 Image size of job updated: 37904
	38  -  MemoryUsage of job (MB)
	37904  -  ResidentSetSize of job (KB)
...
006 (29694.014.000) 01/30 21:40:41 Image size of job updated: 37916
	38  -  MemoryUsage of job (MB)
	37916  -  ResidentSetSize of job (KB)
...
006 (29694.014.000) 01/30 21:45:41 Image size of job updated: 37928
	38  -  MemoryUsage of job (MB)
	37928  -  ResidentSetSize of job (KB)
...
005 (29694.014.000) 01/30 21:46:42 Job terminated.
	(1) Normal termination (return value 0)
		Usr 0 01:20:57, Sys 0 00:00:02  -  Run Remote Usage
		Usr 0 00:00:00, Sys 0 00:00:00  -  Run Local Usage
		Usr 0 01:20:57, Sys 0 00:00:02  -  Total Remote Usage
		Usr 0 00:00:00, Sys 0 00:00:00  -  Total Local Usage
	0  -  Run Bytes Sent By Job
	0  -  Run Bytes Received By Job
	0  -  Total Bytes Sent By Job
	0  -  Total Bytes Received By Job
	Partitionable Resources :    Usage  Request Allocated 
	   Cpus                 :     1.00        1         1 
	   Disk (KB)            :     1           1    254050 
	   Memory (MB)          :    38           1      1005 
...
