000 (29180.001.000) 01/16 16:02:17 Job submitted from host: <172.16.11.200:9618?addrs=172.16.11.200-9618&noUDP&sock=14877_46f2_4>
...
001 (29180.001.000) 01/16 16:37:33 Job executing on host: <172.16.11.234:9618?addrs=172.16.11.234-9618&alias=pc-farm4&noUDP&sock=startd_5195_3aff>
...
006 (29180.001.000) 01/16 16:37:41 Image size of job updated: 421952
	33  -  MemoryUsage of job (MB)
	33652  -  ResidentSetSize of job (KB)
...
006 (29180.001.000) 01/16 16:47:42 Image size of job updated: 421960
	33  -  MemoryUsage of job (MB)
	33656  -  ResidentSetSize of job (KB)
...
005 (29180.001.000) 01/16 17:53:13 Job terminated.
	(1) Normal termination (return value 0)
		Usr 0 01:10:30, Sys 0 00:00:00  -  Run Remote Usage
		Usr 0 00:00:00, Sys 0 00:00:00  -  Run Local Usage
		Usr 0 01:10:30, Sys 0 00:00:00  -  Total Remote Usage
		Usr 0 00:00:00, Sys 0 00:00:00  -  Total Local Usage
	0  -  Run Bytes Sent By Job
	0  -  Run Bytes Received By Job
	0  -  Total Bytes Sent By Job
	0  -  Total Bytes Received By Job
	Partitionable Resources :    Usage  Request Allocated 
	   Cpus                 :     0.91        1         1 
	   Disk (KB)            :     1           1    255907 
	   Memory (MB)          :    33           1       999 
...
000 (29685.001.000) 01/30 12:02:35 Job submitted from host: <172.16.11.200:9618?addrs=172.16.11.200-9618&noUDP&sock=14877_46f2_4>
...
001 (29685.001.000) 01/30 13:35:46 Job executing on host: <172.16.11.234:9618?addrs=172.16.11.234-9618&alias=pc-farm4&noUDP&sock=startd_5195_3aff>
...
006 (29685.001.000) 01/30 13:35:54 Image size of job updated: 421956
	33  -  MemoryUsage of job (MB)
	33644  -  ResidentSetSize of job (KB)
...
006 (29685.001.000) 01/30 13:45:55 Image size of job updated: 421964
	33  -  MemoryUsage of job (MB)
	33648  -  ResidentSetSize of job (KB)
...
005 (29685.001.000) 01/30 14:35:40 Job terminated.
	(1) Normal termination (return value 0)
		Usr 0 00:59:53, Sys 0 00:00:00  -  Run Remote Usage
		Usr 0 00:00:00, Sys 0 00:00:00  -  Run Local Usage
		Usr 0 00:59:53, Sys 0 00:00:00  -  Total Remote Usage
		Usr 0 00:00:00, Sys 0 00:00:00  -  Total Local Usage
	0  -  Run Bytes Sent By Job
	0  -  Run Bytes Received By Job
	0  -  Total Bytes Sent By Job
	0  -  Total Bytes Received By Job
	Partitionable Resources :    Usage  Request Allocated 
	   Cpus                 :     1.00        1         1 
	   Disk (KB)            :     1           1    255907 
	   Memory (MB)          :    33           1       999 
...
