000 (29178.003.000) 01/16 16:02:11 Job submitted from host: <172.16.11.200:9618?addrs=172.16.11.200-9618&noUDP&sock=14877_46f2_4>
...
001 (29178.003.000) 01/16 16:16:30 Job executing on host: <172.16.11.232:9618?addrs=172.16.11.232-9618&alias=pc-farm2&noUDP&sock=startd_4986_dfb4_4>
...
006 (29178.003.000) 01/16 16:16:39 Image size of job updated: 33568
	33  -  MemoryUsage of job (MB)
	33568  -  ResidentSetSize of job (KB)
...
005 (29178.003.000) 01/16 17:49:38 Job terminated.
	(1) Normal termination (return value 0)
		Usr 0 01:31:26, Sys 0 00:00:00  -  Run Remote Usage
		Usr 0 00:00:00, Sys 0 00:00:00  -  Run Local Usage
		Usr 0 01:31:26, Sys 0 00:00:00  -  Total Remote Usage
		Usr 0 00:00:00, Sys 0 00:00:00  -  Total Local Usage
	0  -  Run Bytes Sent By Job
	0  -  Run Bytes Received By Job
	0  -  Total Bytes Sent By Job
	0  -  Total Bytes Received By Job
	Partitionable Resources :    Usage  Request Allocated 
	   Cpus                 :     1.00        1         1 
	   Disk (KB)            :     1           1    245927 
	   Memory (MB)          :    33           1      1005 
...
000 (29664.003.000) 01/29 22:34:12 Job submitted from host: <172.16.11.200:9618?addrs=172.16.11.200-9618&noUDP&sock=14877_46f2_4>
...
000 (29665.003.000) 01/29 22:34:33 Job submitted from host: <172.16.11.200:9618?addrs=172.16.11.200-9618&noUDP&sock=14877_46f2_4>
...
009 (29664.003.000) 01/29 22:34:37 Job was aborted by the user.
	via condor_rm (by user zhangliang)
...
001 (29665.003.000) 01/29 22:34:49 Job executing on host: <172.16.11.233:9618?addrs=172.16.11.233-9618&alias=pc-farm3&noUDP&sock=startd_4556_edfa>
...
006 (29665.003.000) 01/29 22:34:58 Image size of job updated: 37656
	37  -  MemoryUsage of job (MB)
	37656  -  ResidentSetSize of job (KB)
...
006 (29665.003.000) 01/29 22:50:00 Image size of job updated: 37664
	37  -  MemoryUsage of job (MB)
	37664  -  ResidentSetSize of job (KB)
...
006 (29665.003.000) 01/29 22:55:00 Image size of job updated: 37680
	37  -  MemoryUsage of job (MB)
	37680  -  ResidentSetSize of job (KB)
...
006 (29665.003.000) 01/29 23:00:01 Image size of job updated: 37820
	37  -  MemoryUsage of job (MB)
	37820  -  ResidentSetSize of job (KB)
...
006 (29665.003.000) 01/29 23:35:05 Image size of job updated: 37924
	38  -  MemoryUsage of job (MB)
	37924  -  ResidentSetSize of job (KB)
...
006 (29665.003.000) 01/29 23:50:07 Image size of job updated: 37968
	38  -  MemoryUsage of job (MB)
	37968  -  ResidentSetSize of job (KB)
...
005 (29665.003.000) 01/29 23:55:17 Job terminated.
	(1) Normal termination (return value 0)
		Usr 0 01:20:18, Sys 0 00:00:01  -  Run Remote Usage
		Usr 0 00:00:00, Sys 0 00:00:00  -  Run Local Usage
		Usr 0 01:20:18, Sys 0 00:00:01  -  Total Remote Usage
		Usr 0 00:00:00, Sys 0 00:00:00  -  Total Local Usage
	0  -  Run Bytes Sent By Job
	0  -  Run Bytes Received By Job
	0  -  Total Bytes Sent By Job
	0  -  Total Bytes Received By Job
	Partitionable Resources :    Usage  Request Allocated 
	   Cpus                 :     1.00        1         1 
	   Disk (KB)            :     1           1    254050 
	   Memory (MB)          :    38           1      1005 
...
000 (29666.003.000) 01/30 07:30:40 Job submitted from host: <172.16.11.200:9618?addrs=172.16.11.200-9618&noUDP&sock=14877_46f2_4>
...
009 (29666.003.000) 01/30 07:30:51 Job was aborted by the user.
	via condor_rm (by user zhangliang)
...
000 (29667.003.000) 01/30 07:32:28 Job submitted from host: <172.16.11.200:9618?addrs=172.16.11.200-9618&noUDP&sock=14877_46f2_4>
...
001 (29667.003.000) 01/30 07:36:29 Job executing on host: <172.16.11.234:9618?addrs=172.16.11.234-9618&alias=pc-farm4&noUDP&sock=startd_5195_3aff>
...
006 (29667.003.000) 01/30 07:36:38 Image size of job updated: 421984
	33  -  MemoryUsage of job (MB)
	33652  -  ResidentSetSize of job (KB)
...
006 (29667.003.000) 01/30 07:46:38 Image size of job updated: 421992
	33  -  MemoryUsage of job (MB)
	33656  -  ResidentSetSize of job (KB)
...
005 (29667.003.000) 01/30 09:04:23 Job terminated.
	(1) Normal termination (return value 0)
		Usr 0 01:27:47, Sys 0 00:00:00  -  Run Remote Usage
		Usr 0 00:00:00, Sys 0 00:00:00  -  Run Local Usage
		Usr 0 01:27:47, Sys 0 00:00:00  -  Total Remote Usage
		Usr 0 00:00:00, Sys 0 00:00:00  -  Total Local Usage
	0  -  Run Bytes Sent By Job
	0  -  Run Bytes Received By Job
	0  -  Total Bytes Sent By Job
	0  -  Total Bytes Received By Job
	Partitionable Resources :    Usage  Request Allocated 
	   Cpus                 :     1.00        1         1 
	   Disk (KB)            :     1           1    255907 
	   Memory (MB)          :    33           1       999 
...
000 (29669.003.000) 01/30 09:30:24 Job submitted from host: <172.16.11.200:9618?addrs=172.16.11.200-9618&noUDP&sock=14877_46f2_4>
...
001 (29669.003.000) 01/30 09:37:26 Job executing on host: <172.16.11.233:9618?addrs=172.16.11.233-9618&alias=pc-farm3&noUDP&sock=startd_4556_edfa>
...
006 (29669.003.000) 01/30 09:37:36 Image size of job updated: 37504
	37  -  MemoryUsage of job (MB)
	37504  -  ResidentSetSize of job (KB)
...
006 (29669.003.000) 01/30 09:42:37 Image size of job updated: 37516
	37  -  MemoryUsage of job (MB)
	37516  -  ResidentSetSize of job (KB)
...
006 (29669.003.000) 01/30 09:47:38 Image size of job updated: 37552
	37  -  MemoryUsage of job (MB)
	37552  -  ResidentSetSize of job (KB)
...
006 (29669.003.000) 01/30 09:52:38 Image size of job updated: 37568
	37  -  MemoryUsage of job (MB)
	37568  -  ResidentSetSize of job (KB)
...
006 (29669.003.000) 01/30 09:57:39 Image size of job updated: 37584
	37  -  MemoryUsage of job (MB)
	37584  -  ResidentSetSize of job (KB)
...
006 (29669.003.000) 01/30 10:02:40 Image size of job updated: 37600
	37  -  MemoryUsage of job (MB)
	37600  -  ResidentSetSize of job (KB)
...
006 (29669.003.000) 01/30 10:07:40 Image size of job updated: 37616
	37  -  MemoryUsage of job (MB)
	37616  -  ResidentSetSize of job (KB)
...
006 (29669.003.000) 01/30 10:12:40 Image size of job updated: 37628
	37  -  MemoryUsage of job (MB)
	37628  -  ResidentSetSize of job (KB)
...
006 (29669.003.000) 01/30 10:17:41 Image size of job updated: 37644
	37  -  MemoryUsage of job (MB)
	37644  -  ResidentSetSize of job (KB)
...
006 (29669.003.000) 01/30 10:22:41 Image size of job updated: 37660
	37  -  MemoryUsage of job (MB)
	37660  -  ResidentSetSize of job (KB)
...
006 (29669.003.000) 01/30 10:27:41 Image size of job updated: 37676
	37  -  MemoryUsage of job (MB)
	37676  -  ResidentSetSize of job (KB)
...
006 (29669.003.000) 01/30 10:32:42 Image size of job updated: 37692
	37  -  MemoryUsage of job (MB)
	37692  -  ResidentSetSize of job (KB)
...
006 (29669.003.000) 01/30 10:37:42 Image size of job updated: 37708
	37  -  MemoryUsage of job (MB)
	37708  -  ResidentSetSize of job (KB)
...
006 (29669.003.000) 01/30 10:42:42 Image size of job updated: 37724
	37  -  MemoryUsage of job (MB)
	37724  -  ResidentSetSize of job (KB)
...
006 (29669.003.000) 01/30 10:47:43 Image size of job updated: 37736
	37  -  MemoryUsage of job (MB)
	37736  -  ResidentSetSize of job (KB)
...
006 (29669.003.000) 01/30 10:52:43 Image size of job updated: 37752
	37  -  MemoryUsage of job (MB)
	37752  -  ResidentSetSize of job (KB)
...
005 (29669.003.000) 01/30 10:54:08 Job terminated.
	(1) Normal termination (return value 0)
		Usr 0 01:16:28, Sys 0 00:00:03  -  Run Remote Usage
		Usr 0 00:00:00, Sys 0 00:00:00  -  Run Local Usage
		Usr 0 01:16:28, Sys 0 00:00:03  -  Total Remote Usage
		Usr 0 00:00:00, Sys 0 00:00:00  -  Total Local Usage
	0  -  Run Bytes Sent By Job
	0  -  Run Bytes Received By Job
	0  -  Total Bytes Sent By Job
	0  -  Total Bytes Received By Job
	Partitionable Resources :    Usage  Request Allocated 
	   Cpus                 :     1.00        1         1 
	   Disk (KB)            :     1           1    254050 
	   Memory (MB)          :    37           1      1005 
...
000 (29687.003.000) 01/30 12:02:48 Job submitted from host: <172.16.11.200:9618?addrs=172.16.11.200-9618&noUDP&sock=14877_46f2_4>
...
001 (29687.003.000) 01/30 13:57:47 Job executing on host: <172.16.11.234:9618?addrs=172.16.11.234-9618&alias=pc-farm4&noUDP&sock=startd_5195_3aff>
...
006 (29687.003.000) 01/30 13:57:55 Image size of job updated: 33660
	33  -  MemoryUsage of job (MB)
	33660  -  ResidentSetSize of job (KB)
...
006 (29687.003.000) 01/30 14:02:55 Image size of job updated: 421956
	33  -  MemoryUsage of job (MB)
	33660  -  ResidentSetSize of job (KB)
...
006 (29687.003.000) 01/30 14:07:55 Image size of job updated: 421964
	33  -  MemoryUsage of job (MB)
	33664  -  ResidentSetSize of job (KB)
...
005 (29687.003.000) 01/30 15:17:48 Job terminated.
	(1) Normal termination (return value 0)
		Usr 0 01:20:01, Sys 0 00:00:00  -  Run Remote Usage
		Usr 0 00:00:00, Sys 0 00:00:00  -  Run Local Usage
		Usr 0 01:20:01, Sys 0 00:00:00  -  Total Remote Usage
		Usr 0 00:00:00, Sys 0 00:00:00  -  Total Local Usage
	0  -  Run Bytes Sent By Job
	0  -  Run Bytes Received By Job
	0  -  Total Bytes Sent By Job
	0  -  Total Bytes Received By Job
	Partitionable Resources :    Usage  Request Allocated 
	   Cpus                 :     1.00        1         1 
	   Disk (KB)            :     1           1    255907 
	   Memory (MB)          :    33           1       999 
...
