000 (29178.012.000) 01/16 16:02:11 Job submitted from host: <172.16.11.200:9618?addrs=172.16.11.200-9618&noUDP&sock=14877_46f2_4>
...
001 (29178.012.000) 01/16 16:22:30 Job executing on host: <172.16.11.233:9618?addrs=172.16.11.233-9618&alias=pc-farm3&noUDP&sock=startd_4556_edfa>
...
006 (29178.012.000) 01/16 16:22:39 Image size of job updated: 39736
	39  -  MemoryUsage of job (MB)
	39736  -  ResidentSetSize of job (KB)
...
006 (29178.012.000) 01/16 17:02:43 Image size of job updated: 39916
	39  -  MemoryUsage of job (MB)
	39916  -  ResidentSetSize of job (KB)
...
006 (29178.012.000) 01/16 17:07:44 Image size of job updated: 39936
	39  -  MemoryUsage of job (MB)
	39936  -  ResidentSetSize of job (KB)
...
005 (29178.012.000) 01/16 17:26:50 Job terminated.
	(1) Normal termination (return value 0)
		Usr 0 01:04:18, Sys 0 00:00:00  -  Run Remote Usage
		Usr 0 00:00:00, Sys 0 00:00:00  -  Run Local Usage
		Usr 0 01:04:18, Sys 0 00:00:00  -  Total Remote Usage
		Usr 0 00:00:00, Sys 0 00:00:00  -  Total Local Usage
	0  -  Run Bytes Sent By Job
	0  -  Run Bytes Received By Job
	0  -  Total Bytes Sent By Job
	0  -  Total Bytes Received By Job
	Partitionable Resources :    Usage  Request Allocated 
	   Cpus                 :     1.00        1         1 
	   Disk (KB)            :     1           1    254050 
	   Memory (MB)          :    39           1      1005 
...
000 (29664.012.000) 01/29 22:34:12 Job submitted from host: <172.16.11.200:9618?addrs=172.16.11.200-9618&noUDP&sock=14877_46f2_4>
...
000 (29665.012.000) 01/29 22:34:33 Job submitted from host: <172.16.11.200:9618?addrs=172.16.11.200-9618&noUDP&sock=14877_46f2_4>
...
009 (29664.012.000) 01/29 22:34:37 Job was aborted by the user.
	via condor_rm (by user zhangliang)
...
001 (29665.012.000) 01/29 22:34:59 Job executing on host: <172.16.11.233:9618?addrs=172.16.11.233-9618&alias=pc-farm3&noUDP&sock=startd_4556_edfa>
...
006 (29665.012.000) 01/29 22:35:08 Image size of job updated: 37616
	37  -  MemoryUsage of job (MB)
	37616  -  ResidentSetSize of job (KB)
...
006 (29665.012.000) 01/29 22:45:09 Image size of job updated: 37756
	37  -  MemoryUsage of job (MB)
	37756  -  ResidentSetSize of job (KB)
...
006 (29665.012.000) 01/29 22:55:10 Image size of job updated: 37784
	37  -  MemoryUsage of job (MB)
	37784  -  ResidentSetSize of job (KB)
...
006 (29665.012.000) 01/29 23:00:11 Image size of job updated: 37800
	37  -  MemoryUsage of job (MB)
	37800  -  ResidentSetSize of job (KB)
...
006 (29665.012.000) 01/29 23:25:13 Image size of job updated: 37872
	37  -  MemoryUsage of job (MB)
	37872  -  ResidentSetSize of job (KB)
...
006 (29665.012.000) 01/29 23:35:14 Image size of job updated: 37900
	38  -  MemoryUsage of job (MB)
	37900  -  ResidentSetSize of job (KB)
...
005 (29665.012.000) 01/29 23:55:10 Job terminated.
	(1) Normal termination (return value 0)
		Usr 0 01:20:02, Sys 0 00:00:01  -  Run Remote Usage
		Usr 0 00:00:00, Sys 0 00:00:00  -  Run Local Usage
		Usr 0 01:20:02, Sys 0 00:00:01  -  Total Remote Usage
		Usr 0 00:00:00, Sys 0 00:00:00  -  Total Local Usage
	0  -  Run Bytes Sent By Job
	0  -  Run Bytes Received By Job
	0  -  Total Bytes Sent By Job
	0  -  Total Bytes Received By Job
	Partitionable Resources :    Usage  Request Allocated 
	   Cpus                 :     1.00        1         1 
	   Disk (KB)            :     1           1    254050 
	   Memory (MB)          :    38           1      1005 
...
000 (29666.012.000) 01/30 07:30:40 Job submitted from host: <172.16.11.200:9618?addrs=172.16.11.200-9618&noUDP&sock=14877_46f2_4>
...
009 (29666.012.000) 01/30 07:30:51 Job was aborted by the user.
	via condor_rm (by user zhangliang)
...
000 (29667.012.000) 01/30 07:32:28 Job submitted from host: <172.16.11.200:9618?addrs=172.16.11.200-9618&noUDP&sock=14877_46f2_4>
...
001 (29667.012.000) 01/30 07:39:29 Job executing on host: <172.16.11.234:9618?addrs=172.16.11.234-9618&alias=pc-farm4&noUDP&sock=startd_5195_3aff>
...
006 (29667.012.000) 01/30 07:39:38 Image size of job updated: 421984
	33  -  MemoryUsage of job (MB)
	33660  -  ResidentSetSize of job (KB)
...
006 (29667.012.000) 01/30 07:49:39 Image size of job updated: 421992
	33  -  MemoryUsage of job (MB)
	33664  -  ResidentSetSize of job (KB)
...
005 (29667.012.000) 01/30 09:05:38 Job terminated.
	(1) Normal termination (return value 0)
		Usr 0 01:26:07, Sys 0 00:00:00  -  Run Remote Usage
		Usr 0 00:00:00, Sys 0 00:00:00  -  Run Local Usage
		Usr 0 01:26:07, Sys 0 00:00:00  -  Total Remote Usage
		Usr 0 00:00:00, Sys 0 00:00:00  -  Total Local Usage
	0  -  Run Bytes Sent By Job
	0  -  Run Bytes Received By Job
	0  -  Total Bytes Sent By Job
	0  -  Total Bytes Received By Job
	Partitionable Resources :    Usage  Request Allocated 
	   Cpus                 :     1.00        1         1 
	   Disk (KB)            :     1           1    255907 
	   Memory (MB)          :    33           1       999 
...
000 (29669.012.000) 01/30 09:30:24 Job submitted from host: <172.16.11.200:9618?addrs=172.16.11.200-9618&noUDP&sock=14877_46f2_4>
...
001 (29669.012.000) 01/30 09:54:26 Job executing on host: <172.16.11.234:9618?addrs=172.16.11.234-9618&alias=pc-farm4&noUDP&sock=startd_5195_3aff>
...
006 (29669.012.000) 01/30 09:54:34 Image size of job updated: 421956
	33  -  MemoryUsage of job (MB)
	33652  -  ResidentSetSize of job (KB)
...
006 (29669.012.000) 01/30 10:04:35 Image size of job updated: 421964
	33  -  MemoryUsage of job (MB)
	33656  -  ResidentSetSize of job (KB)
...
005 (29669.012.000) 01/30 11:20:58 Job terminated.
	(1) Normal termination (return value 0)
		Usr 0 01:26:31, Sys 0 00:00:00  -  Run Remote Usage
		Usr 0 00:00:00, Sys 0 00:00:00  -  Run Local Usage
		Usr 0 01:26:31, Sys 0 00:00:00  -  Total Remote Usage
		Usr 0 00:00:00, Sys 0 00:00:00  -  Total Local Usage
	0  -  Run Bytes Sent By Job
	0  -  Run Bytes Received By Job
	0  -  Total Bytes Sent By Job
	0  -  Total Bytes Received By Job
	Partitionable Resources :    Usage  Request Allocated 
	   Cpus                 :     1.00        1         1 
	   Disk (KB)            :     1           1    255907 
	   Memory (MB)          :    33           1       999 
...
000 (29687.012.000) 01/30 12:02:48 Job submitted from host: <172.16.11.200:9618?addrs=172.16.11.200-9618&noUDP&sock=14877_46f2_4>
...
001 (29687.012.000) 01/30 14:06:46 Job executing on host: <172.16.11.234:9618?addrs=172.16.11.234-9618&alias=pc-farm4&noUDP&sock=startd_5195_3aff>
...
006 (29687.012.000) 01/30 14:06:55 Image size of job updated: 421956
	33  -  MemoryUsage of job (MB)
	33652  -  ResidentSetSize of job (KB)
...
006 (29687.012.000) 01/30 14:16:55 Image size of job updated: 421964
	33  -  MemoryUsage of job (MB)
	33656  -  ResidentSetSize of job (KB)
...
005 (29687.012.000) 01/30 15:23:23 Job terminated.
	(1) Normal termination (return value 0)
		Usr 0 01:16:36, Sys 0 00:00:00  -  Run Remote Usage
		Usr 0 00:00:00, Sys 0 00:00:00  -  Run Local Usage
		Usr 0 01:16:36, Sys 0 00:00:00  -  Total Remote Usage
		Usr 0 00:00:00, Sys 0 00:00:00  -  Total Local Usage
	0  -  Run Bytes Sent By Job
	0  -  Run Bytes Received By Job
	0  -  Total Bytes Sent By Job
	0  -  Total Bytes Received By Job
	Partitionable Resources :    Usage  Request Allocated 
	   Cpus                 :     1.00        1         1 
	   Disk (KB)            :     1           1    255907 
	   Memory (MB)          :    33           1       999 
...
