000 (29177.004.000) 01/16 16:02:07 Job submitted from host: <172.16.11.200:9618?addrs=172.16.11.200-9618&noUDP&sock=14877_46f2_4>
...
001 (29177.004.000) 01/16 16:03:30 Job executing on host: <172.16.11.231:9618?addrs=172.16.11.231-9618&noUDP&sock=startd_22895_f54e_4>
...
006 (29177.004.000) 01/16 16:03:38 Image size of job updated: 33496
	33  -  MemoryUsage of job (MB)
	33496  -  ResidentSetSize of job (KB)
...
005 (29177.004.000) 01/16 17:45:27 Job terminated.
	(1) Normal termination (return value 0)
		Usr 0 01:41:35, Sys 0 00:00:00  -  Run Remote Usage
		Usr 0 00:00:00, Sys 0 00:00:00  -  Run Local Usage
		Usr 0 01:41:35, Sys 0 00:00:00  -  Total Remote Usage
		Usr 0 00:00:00, Sys 0 00:00:00  -  Total Local Usage
	0  -  Run Bytes Sent By Job
	0  -  Run Bytes Received By Job
	0  -  Total Bytes Sent By Job
	0  -  Total Bytes Received By Job
	Partitionable Resources :    Usage  Request Allocated 
	   Cpus                 :     1.00        1         1 
	   Disk (KB)            :     1           1    241059 
	   Memory (MB)          :    33           1      2008 
...
000 (29686.004.000) 01/30 12:02:43 Job submitted from host: <172.16.11.200:9618?addrs=172.16.11.200-9618&noUDP&sock=14877_46f2_4>
...
001 (29686.004.000) 01/30 13:47:47 Job executing on host: <172.16.11.233:9618?addrs=172.16.11.233-9618&alias=pc-farm3&noUDP&sock=startd_4556_edfa>
...
006 (29686.004.000) 01/30 13:47:56 Image size of job updated: 37628
	37  -  MemoryUsage of job (MB)
	37628  -  ResidentSetSize of job (KB)
...
006 (29686.004.000) 01/30 13:57:57 Image size of job updated: 37716
	37  -  MemoryUsage of job (MB)
	37716  -  ResidentSetSize of job (KB)
...
006 (29686.004.000) 01/30 14:18:00 Image size of job updated: 37772
	37  -  MemoryUsage of job (MB)
	37772  -  ResidentSetSize of job (KB)
...
005 (29686.004.000) 01/30 15:04:47 Job terminated.
	(1) Normal termination (return value 0)
		Usr 0 01:16:52, Sys 0 00:00:01  -  Run Remote Usage
		Usr 0 00:00:00, Sys 0 00:00:00  -  Run Local Usage
		Usr 0 01:16:52, Sys 0 00:00:01  -  Total Remote Usage
		Usr 0 00:00:00, Sys 0 00:00:00  -  Total Local Usage
	0  -  Run Bytes Sent By Job
	0  -  Run Bytes Received By Job
	0  -  Total Bytes Sent By Job
	0  -  Total Bytes Received By Job
	Partitionable Resources :    Usage  Request Allocated 
	   Cpus                 :     1.00        1         1 
	   Disk (KB)            :     1           1    254050 
	   Memory (MB)          :    37           1      1005 
...
