000 (29180.005.000) 01/16 16:02:17 Job submitted from host: <172.16.11.200:9618?addrs=172.16.11.200-9618&noUDP&sock=14877_46f2_4>
...
001 (29180.005.000) 01/16 16:38:31 Job executing on host: <172.16.11.233:9618?addrs=172.16.11.233-9618&alias=pc-farm3&noUDP&sock=startd_4556_edfa>
...
006 (29180.005.000) 01/16 16:38:40 Image size of job updated: 37056
	37  -  MemoryUsage of job (MB)
	37056  -  ResidentSetSize of job (KB)
...
006 (29180.005.000) 01/16 16:43:41 Image size of job updated: 37072
	37  -  MemoryUsage of job (MB)
	37072  -  ResidentSetSize of job (KB)
...
006 (29180.005.000) 01/16 17:03:43 Image size of job updated: 37120
	37  -  MemoryUsage of job (MB)
	37120  -  ResidentSetSize of job (KB)
...
006 (29180.005.000) 01/16 17:08:43 Image size of job updated: 37728
	37  -  MemoryUsage of job (MB)
	37728  -  ResidentSetSize of job (KB)
...
005 (29180.005.000) 01/16 17:25:31 Job terminated.
	(1) Normal termination (return value 0)
		Usr 0 00:46:59, Sys 0 00:00:00  -  Run Remote Usage
		Usr 0 00:00:00, Sys 0 00:00:00  -  Run Local Usage
		Usr 0 00:46:59, Sys 0 00:00:00  -  Total Remote Usage
		Usr 0 00:00:00, Sys 0 00:00:00  -  Total Local Usage
	0  -  Run Bytes Sent By Job
	0  -  Run Bytes Received By Job
	0  -  Total Bytes Sent By Job
	0  -  Total Bytes Received By Job
	Partitionable Resources :    Usage  Request Allocated 
	   Cpus                 :     1.00        1         1 
	   Disk (KB)            :     1           1    254050 
	   Memory (MB)          :    37           1      1005 
...
000 (29685.005.000) 01/30 12:02:35 Job submitted from host: <172.16.11.200:9618?addrs=172.16.11.200-9618&noUDP&sock=14877_46f2_4>
...
001 (29685.005.000) 01/30 13:37:47 Job executing on host: <172.16.11.231:9618?addrs=172.16.11.231-9618&noUDP&sock=startd_22895_f54e_4>
...
006 (29685.005.000) 01/30 13:37:56 Image size of job updated: 33860
	34  -  MemoryUsage of job (MB)
	33860  -  ResidentSetSize of job (KB)
...
006 (29685.005.000) 01/30 13:42:56 Image size of job updated: 33960
	34  -  MemoryUsage of job (MB)
	33960  -  ResidentSetSize of job (KB)
...
005 (29685.005.000) 01/30 14:45:46 Job terminated.
	(1) Normal termination (return value 0)
		Usr 0 01:07:58, Sys 0 00:00:00  -  Run Remote Usage
		Usr 0 00:00:00, Sys 0 00:00:00  -  Run Local Usage
		Usr 0 01:07:58, Sys 0 00:00:00  -  Total Remote Usage
		Usr 0 00:00:00, Sys 0 00:00:00  -  Total Local Usage
	0  -  Run Bytes Sent By Job
	0  -  Run Bytes Received By Job
	0  -  Total Bytes Sent By Job
	0  -  Total Bytes Received By Job
	Partitionable Resources :    Usage  Request Allocated 
	   Cpus                 :     1.00        1         1 
	   Disk (KB)            :     1           1    241059 
	   Memory (MB)          :    34           1      2008 
...
