000 (29173.007.000) 01/16 14:05:44 Job submitted from host: <172.16.11.200:9618?addrs=172.16.11.200-9618&noUDP&sock=14877_46f2_4>
...
000 (29174.007.000) 01/16 14:05:47 Job submitted from host: <172.16.11.200:9618?addrs=172.16.11.200-9618&noUDP&sock=14877_46f2_4>
...
000 (29175.007.000) 01/16 14:05:50 Job submitted from host: <172.16.11.200:9618?addrs=172.16.11.200-9618&noUDP&sock=14877_46f2_4>
...
001 (29173.007.000) 01/16 14:12:05 Job executing on host: <172.16.11.232:9618?addrs=172.16.11.232-9618&alias=pc-farm2&noUDP&sock=startd_4986_dfb4_4>
...
006 (29173.007.000) 01/16 14:12:14 Image size of job updated: 33312
	33  -  MemoryUsage of job (MB)
	33312  -  ResidentSetSize of job (KB)
...
001 (29174.007.000) 01/16 14:33:05 Job executing on host: <172.16.11.232:9618?addrs=172.16.11.232-9618&alias=pc-farm2&noUDP&sock=startd_4986_dfb4_4>
...
006 (29174.007.000) 01/16 14:33:14 Image size of job updated: 33420
	33  -  MemoryUsage of job (MB)
	33420  -  ResidentSetSize of job (KB)
...
001 (29175.007.000) 01/16 14:53:20 Job executing on host: <172.16.11.232:9618?addrs=172.16.11.232-9618&alias=pc-farm2&noUDP&sock=startd_4986_dfb4_4>
...
006 (29175.007.000) 01/16 14:53:21 Image size of job updated: 1
	0  -  MemoryUsage of job (MB)
	0  -  ResidentSetSize of job (KB)
...
005 (29175.007.000) 01/16 14:53:21 Job terminated.
	(1) Normal termination (return value 0)
		Usr 0 00:00:00, Sys 0 00:00:00  -  Run Remote Usage
		Usr 0 00:00:00, Sys 0 00:00:00  -  Run Local Usage
		Usr 0 00:00:00, Sys 0 00:00:00  -  Total Remote Usage
		Usr 0 00:00:00, Sys 0 00:00:00  -  Total Local Usage
	0  -  Run Bytes Sent By Job
	0  -  Run Bytes Received By Job
	0  -  Total Bytes Sent By Job
	0  -  Total Bytes Received By Job
	Partitionable Resources :    Usage  Request Allocated 
	   Cpus                 :                 1         1 
	   Disk (KB)            :        1        1    245927 
	   Memory (MB)          :        0        1      1005 
...
006 (29173.007.000) 01/16 15:43:10 Image size of job updated: 308716
	33  -  MemoryUsage of job (MB)
	33312  -  ResidentSetSize of job (KB)
...
004 (29173.007.000) 01/16 15:43:10 Job was evicted.
	(0) CPU times
		Usr 0 01:28:48, Sys 0 00:00:00  -  Run Remote Usage
		Usr 0 00:00:00, Sys 0 00:00:00  -  Run Local Usage
	0  -  Run Bytes Sent By Job
	0  -  Run Bytes Received By Job
	Partitionable Resources :    Usage  Request Allocated 
	   Cpus                 :     0.97        1         1 
	   Disk (KB)            :     1           1    245927 
	   Memory (MB)          :    33           1      1005 
...
009 (29173.007.000) 01/16 15:43:10 Job was aborted by the user.
	via condor_rm (by user zhangliang)
...
006 (29174.007.000) 01/16 15:43:13 Image size of job updated: 421996
	33  -  MemoryUsage of job (MB)
	33420  -  ResidentSetSize of job (KB)
...
004 (29174.007.000) 01/16 15:43:13 Job was evicted.
	(0) CPU times
		Usr 0 01:07:29, Sys 0 00:00:00  -  Run Remote Usage
		Usr 0 00:00:00, Sys 0 00:00:00  -  Run Local Usage
	0  -  Run Bytes Sent By Job
	0  -  Run Bytes Received By Job
	Partitionable Resources :    Usage  Request Allocated 
	   Cpus                 :     1.01        1         1 
	   Disk (KB)            :     1           1    245927 
	   Memory (MB)          :    33           1      1005 
...
009 (29174.007.000) 01/16 15:43:14 Job was aborted by the user.
	via condor_rm (by user zhangliang)
...
