000 (1673153.008.000) 12/22 17:02:58 Job submitted from host: <172.16.2.141:36601>
...
001 (1673153.008.000) 12/22 17:03:00 Job executing on host: <172.16.2.151:35010>
...
007 (1673153.008.000) 12/22 17:03:00 Shadow exception!
	Error from slot9@A151: Failed to execute '/home/zhangliang/Possible_bound_strange_hypernuclei/parallewigner/test.sh' with arguments 8: (errno=13: 'Permission denied')
	0  -  Run Bytes Sent By Job
	0  -  Run Bytes Received By Job
...
012 (1673153.008.000) 12/22 17:03:01 Job was held.
	Error from slot9@A151: Failed to execute '/home/zhangliang/Possible_bound_strange_hypernuclei/parallewigner/test.sh' with arguments 8: (errno=13: 'Permission denied')
	Code 6 Subcode 13
...
009 (1673153.008.000) 12/22 17:05:11 Job was aborted by the user.
	via condor_rm (by user zhangliang)
...
000 (1673154.008.000) 12/22 17:10:32 Job submitted from host: <172.16.2.141:36601>
...
001 (1673154.008.000) 12/22 17:10:34 Job executing on host: <172.16.2.151:35010>
...
006 (1673154.008.000) 12/22 17:10:43 Image size of job updated: 256808
	30  -  MemoryUsage of job (MB)
	29912  -  ResidentSetSize of job (KB)
...
006 (1673154.008.000) 12/22 17:15:44 Image size of job updated: 256876
	38  -  MemoryUsage of job (MB)
	38620  -  ResidentSetSize of job (KB)
...
005 (1673154.008.000) 12/22 17:21:00 Job terminated.
	(1) Normal termination (return value 0)
		Usr 0 00:10:18, Sys 0 00:00:00  -  Run Remote Usage
		Usr 0 00:00:00, Sys 0 00:00:00  -  Run Local Usage
		Usr 0 00:10:18, Sys 0 00:00:00  -  Total Remote Usage
		Usr 0 00:00:00, Sys 0 00:00:00  -  Total Local Usage
	0  -  Run Bytes Sent By Job
	0  -  Run Bytes Received By Job
	0  -  Total Bytes Sent By Job
	0  -  Total Bytes Received By Job
	Partitionable Resources :    Usage  Request Allocated
	   Cpus                 :                 1         1
	   Disk (KB)            :        1        1   1084963
	   Memory (MB)          :       38        1     12107
...
000 (1673179.008.000) 12/24 15:12:06 Job submitted from host: <172.16.2.141:36601>
...
001 (1673179.008.000) 12/24 15:12:26 Job executing on host: <172.16.2.141:56348>
...
006 (1673179.008.000) 12/24 15:12:35 Image size of job updated: 242444
	29  -  MemoryUsage of job (MB)
	29436  -  ResidentSetSize of job (KB)
...
006 (1673179.008.000) 12/24 15:17:35 Image size of job updated: 242448
	29  -  MemoryUsage of job (MB)
	29500  -  ResidentSetSize of job (KB)
...
006 (1673179.008.000) 12/24 15:27:36 Image size of job updated: 242448
	29  -  MemoryUsage of job (MB)
	29616  -  ResidentSetSize of job (KB)
...
005 (1673179.008.000) 12/24 15:27:44 Job terminated.
	(1) Normal termination (return value 0)
		Usr 0 00:15:15, Sys 0 00:00:00  -  Run Remote Usage
		Usr 0 00:00:00, Sys 0 00:00:00  -  Run Local Usage
		Usr 0 00:15:15, Sys 0 00:00:00  -  Total Remote Usage
		Usr 0 00:00:00, Sys 0 00:00:00  -  Total Local Usage
	0  -  Run Bytes Sent By Job
	0  -  Run Bytes Received By Job
	0  -  Total Bytes Sent By Job
	0  -  Total Bytes Received By Job
	Partitionable Resources :    Usage  Request Allocated
	   Cpus                 :                 1         1
	   Disk (KB)            :        1        1  18596035
	   Memory (MB)          :       29        1      2676
...
000 (1673182.008.000) 12/24 20:39:03 Job submitted from host: <172.16.2.141:36601>
...
001 (1673182.008.000) 12/24 20:44:06 Job executing on host: <172.16.2.151:35010>
...
006 (1673182.008.000) 12/24 20:44:16 Image size of job updated: 255880
	28  -  MemoryUsage of job (MB)
	28284  -  ResidentSetSize of job (KB)
...
006 (1673182.008.000) 12/24 20:49:16 Image size of job updated: 256904
	36  -  MemoryUsage of job (MB)
	36604  -  ResidentSetSize of job (KB)
...
005 (1673182.008.000) 12/24 20:58:17 Job terminated.
	(1) Normal termination (return value 0)
		Usr 0 00:14:04, Sys 0 00:00:00  -  Run Remote Usage
		Usr 0 00:00:00, Sys 0 00:00:00  -  Run Local Usage
		Usr 0 00:14:04, Sys 0 00:00:00  -  Total Remote Usage
		Usr 0 00:00:00, Sys 0 00:00:00  -  Total Local Usage
	0  -  Run Bytes Sent By Job
	0  -  Run Bytes Received By Job
	0  -  Total Bytes Sent By Job
	0  -  Total Bytes Received By Job
	Partitionable Resources :    Usage  Request Allocated
	   Cpus                 :                 1         1
	   Disk (KB)            :        1        1   1084981
	   Memory (MB)          :       36        1     12107
...
000 (1673190.008.000) 12/25 19:55:10 Job submitted from host: <172.16.2.141:36601>
...
001 (1673190.008.000) 12/25 19:55:13 Job executing on host: <172.16.2.141:56348>
...
006 (1673190.008.000) 12/25 19:55:22 Image size of job updated: 242452
	29  -  MemoryUsage of job (MB)
	29652  -  ResidentSetSize of job (KB)
...
004 (1673190.008.000) 12/25 19:55:45 Job was evicted.
	(0) Job was not checkpointed.
		Usr 0 00:00:31, Sys 0 00:00:00  -  Run Remote Usage
		Usr 0 00:00:00, Sys 0 00:00:00  -  Run Local Usage
	0  -  Run Bytes Sent By Job
	0  -  Run Bytes Received By Job
	Partitionable Resources :    Usage  Request Allocated
	   Cpus                 :                 1         1
	   Disk (KB)            :        1        1  18595773
	   Memory (MB)          :       29        1      2676
...
009 (1673190.008.000) 12/25 19:55:47 Job was aborted by the user.
	via condor_rm (by user zhangliang)
...
000 (1673191.008.000) 12/25 19:58:56 Job submitted from host: <172.16.2.141:36601>
...
001 (1673191.008.000) 12/25 19:58:59 Job executing on host: <172.16.2.141:56348>
...
006 (1673191.008.000) 12/25 19:59:08 Image size of job updated: 242448
	29  -  MemoryUsage of job (MB)
	29544  -  ResidentSetSize of job (KB)
...
006 (1673191.008.000) 12/25 20:04:08 Image size of job updated: 242452
	29  -  MemoryUsage of job (MB)
	29612  -  ResidentSetSize of job (KB)
...
005 (1673191.008.000) 12/25 20:18:30 Job terminated.
	(1) Normal termination (return value 0)
		Usr 0 00:19:28, Sys 0 00:00:00  -  Run Remote Usage
		Usr 0 00:00:00, Sys 0 00:00:00  -  Run Local Usage
		Usr 0 00:19:28, Sys 0 00:00:00  -  Total Remote Usage
		Usr 0 00:00:00, Sys 0 00:00:00  -  Total Local Usage
	0  -  Run Bytes Sent By Job
	0  -  Run Bytes Received By Job
	0  -  Total Bytes Sent By Job
	0  -  Total Bytes Received By Job
	Partitionable Resources :    Usage  Request Allocated
	   Cpus                 :                 1         1
	   Disk (KB)            :        1        1  18595832
	   Memory (MB)          :       29        1      2676
...
