000 (29689.020.000) 01/30 12:06:06 Job submitted from host: <172.16.11.200:9618?addrs=172.16.11.200-9618&noUDP&sock=14877_46f2_4>
...
001 (29689.020.000) 01/30 14:25:47 Job executing on host: <172.16.11.233:9618?addrs=172.16.11.233-9618&alias=pc-farm3&noUDP&sock=startd_4556_edfa>
...
006 (29689.020.000) 01/30 14:25:55 Image size of job updated: 37204
	37  -  MemoryUsage of job (MB)
	37204  -  ResidentSetSize of job (KB)
...
006 (29689.020.000) 01/30 14:50:57 Image size of job updated: 37216
	37  -  MemoryUsage of job (MB)
	37216  -  ResidentSetSize of job (KB)
...
006 (29689.020.000) 01/30 14:55:58 Image size of job updated: 37232
	37  -  MemoryUsage of job (MB)
	37232  -  ResidentSetSize of job (KB)
...
006 (29689.020.000) 01/30 15:00:58 Image size of job updated: 37244
	37  -  MemoryUsage of job (MB)
	37244  -  ResidentSetSize of job (KB)
...
006 (29689.020.000) 01/30 15:05:59 Image size of job updated: 37260
	37  -  MemoryUsage of job (MB)
	37260  -  ResidentSetSize of job (KB)
...
006 (29689.020.000) 01/30 15:11:00 Image size of job updated: 37276
	37  -  MemoryUsage of job (MB)
	37276  -  ResidentSetSize of job (KB)
...
006 (29689.020.000) 01/30 15:16:00 Image size of job updated: 37416
	37  -  MemoryUsage of job (MB)
	37416  -  ResidentSetSize of job (KB)
...
006 (29689.020.000) 01/30 15:26:02 Image size of job updated: 37448
	37  -  MemoryUsage of job (MB)
	37448  -  ResidentSetSize of job (KB)
...
005 (29689.020.000) 01/30 15:38:06 Job terminated.
	(1) Normal termination (return value 0)
		Usr 0 01:12:11, Sys 0 00:00:01  -  Run Remote Usage
		Usr 0 00:00:00, Sys 0 00:00:00  -  Run Local Usage
		Usr 0 01:12:11, Sys 0 00:00:01  -  Total Remote Usage
		Usr 0 00:00:00, Sys 0 00:00:00  -  Total Local Usage
	0  -  Run Bytes Sent By Job
	0  -  Run Bytes Received By Job
	0  -  Total Bytes Sent By Job
	0  -  Total Bytes Received By Job
	Partitionable Resources :    Usage  Request Allocated 
	   Cpus                 :     1.00        1         1 
	   Disk (KB)            :     1           1    254050 
	   Memory (MB)          :    37           1      1005 
...
000 (29695.020.000) 01/30 19:49:35 Job submitted from host: <172.16.11.200:9618?addrs=172.16.11.200-9618&noUDP&sock=14877_46f2_4>
...
001 (29695.020.000) 01/30 20:49:07 Job executing on host: <172.16.11.231:9618?addrs=172.16.11.231-9618&noUDP&sock=startd_22895_f54e_4>
...
006 (29695.020.000) 01/30 20:49:16 Image size of job updated: 33984
	34  -  MemoryUsage of job (MB)
	33984  -  ResidentSetSize of job (KB)
...
005 (29695.020.000) 01/30 22:14:26 Job terminated.
	(1) Normal termination (return value 0)
		Usr 0 01:25:17, Sys 0 00:00:00  -  Run Remote Usage
		Usr 0 00:00:00, Sys 0 00:00:00  -  Run Local Usage
		Usr 0 01:25:17, Sys 0 00:00:00  -  Total Remote Usage
		Usr 0 00:00:00, Sys 0 00:00:00  -  Total Local Usage
	0  -  Run Bytes Sent By Job
	0  -  Run Bytes Received By Job
	0  -  Total Bytes Sent By Job
	0  -  Total Bytes Received By Job
	Partitionable Resources :    Usage  Request Allocated 
	   Cpus                 :     1.00        1         1 
	   Disk (KB)            :     1           1    241059 
	   Memory (MB)          :    34           1      2008 
...
