000 (29691.008.000) 01/30 12:06:42 Job submitted from host: <172.16.11.200:9618?addrs=172.16.11.200-9618&noUDP&sock=14877_46f2_4>
...
001 (29691.008.000) 01/30 14:28:47 Job executing on host: <172.16.11.233:9618?addrs=172.16.11.233-9618&alias=pc-farm3&noUDP&sock=startd_4556_edfa>
...
006 (29691.008.000) 01/30 14:28:56 Image size of job updated: 36984
	37  -  MemoryUsage of job (MB)
	36984  -  ResidentSetSize of job (KB)
...
006 (29691.008.000) 01/30 14:33:57 Image size of job updated: 36996
	37  -  MemoryUsage of job (MB)
	36996  -  ResidentSetSize of job (KB)
...
006 (29691.008.000) 01/30 14:38:57 Image size of job updated: 37032
	37  -  MemoryUsage of job (MB)
	37032  -  ResidentSetSize of job (KB)
...
006 (29691.008.000) 01/30 14:43:57 Image size of job updated: 37044
	37  -  MemoryUsage of job (MB)
	37044  -  ResidentSetSize of job (KB)
...
006 (29691.008.000) 01/30 14:48:58 Image size of job updated: 37056
	37  -  MemoryUsage of job (MB)
	37056  -  ResidentSetSize of job (KB)
...
006 (29691.008.000) 01/30 14:53:59 Image size of job updated: 37072
	37  -  MemoryUsage of job (MB)
	37072  -  ResidentSetSize of job (KB)
...
006 (29691.008.000) 01/30 14:58:59 Image size of job updated: 37084
	37  -  MemoryUsage of job (MB)
	37084  -  ResidentSetSize of job (KB)
...
006 (29691.008.000) 01/30 15:04:00 Image size of job updated: 37100
	37  -  MemoryUsage of job (MB)
	37100  -  ResidentSetSize of job (KB)
...
006 (29691.008.000) 01/30 15:09:01 Image size of job updated: 37112
	37  -  MemoryUsage of job (MB)
	37112  -  ResidentSetSize of job (KB)
...
006 (29691.008.000) 01/30 15:14:01 Image size of job updated: 37128
	37  -  MemoryUsage of job (MB)
	37128  -  ResidentSetSize of job (KB)
...
006 (29691.008.000) 01/30 15:19:02 Image size of job updated: 37140
	37  -  MemoryUsage of job (MB)
	37140  -  ResidentSetSize of job (KB)
...
006 (29691.008.000) 01/30 15:24:03 Image size of job updated: 37156
	37  -  MemoryUsage of job (MB)
	37156  -  ResidentSetSize of job (KB)
...
006 (29691.008.000) 01/30 15:29:03 Image size of job updated: 37172
	37  -  MemoryUsage of job (MB)
	37172  -  ResidentSetSize of job (KB)
...
006 (29691.008.000) 01/30 15:34:03 Image size of job updated: 37184
	37  -  MemoryUsage of job (MB)
	37184  -  ResidentSetSize of job (KB)
...
006 (29691.008.000) 01/30 15:39:04 Image size of job updated: 37200
	37  -  MemoryUsage of job (MB)
	37200  -  ResidentSetSize of job (KB)
...
006 (29691.008.000) 01/30 15:44:04 Image size of job updated: 37212
	37  -  MemoryUsage of job (MB)
	37212  -  ResidentSetSize of job (KB)
...
005 (29691.008.000) 01/30 15:45:53 Job terminated.
	(1) Normal termination (return value 0)
		Usr 0 01:16:57, Sys 0 00:00:01  -  Run Remote Usage
		Usr 0 00:00:00, Sys 0 00:00:00  -  Run Local Usage
		Usr 0 01:16:57, Sys 0 00:00:01  -  Total Remote Usage
		Usr 0 00:00:00, Sys 0 00:00:00  -  Total Local Usage
	0  -  Run Bytes Sent By Job
	0  -  Run Bytes Received By Job
	0  -  Total Bytes Sent By Job
	0  -  Total Bytes Received By Job
	Partitionable Resources :    Usage  Request Allocated 
	   Cpus                 :     1.00        1         1 
	   Disk (KB)            :     1           1    254050 
	   Memory (MB)          :    37           1      1005 
...
000 (29694.008.000) 01/30 19:48:19 Job submitted from host: <172.16.11.200:9618?addrs=172.16.11.200-9618&noUDP&sock=14877_46f2_4>
...
001 (29694.008.000) 01/30 20:24:38 Job executing on host: <172.16.11.233:9618?addrs=172.16.11.233-9618&alias=pc-farm3&noUDP&sock=startd_4556_edfa>
...
006 (29694.008.000) 01/30 20:24:47 Image size of job updated: 38412
	38  -  MemoryUsage of job (MB)
	38412  -  ResidentSetSize of job (KB)
...
006 (29694.008.000) 01/30 20:34:48 Image size of job updated: 38416
	38  -  MemoryUsage of job (MB)
	38416  -  ResidentSetSize of job (KB)
...
006 (29694.008.000) 01/30 20:39:48 Image size of job updated: 38428
	38  -  MemoryUsage of job (MB)
	38428  -  ResidentSetSize of job (KB)
...
006 (29694.008.000) 01/30 20:44:49 Image size of job updated: 38444
	38  -  MemoryUsage of job (MB)
	38444  -  ResidentSetSize of job (KB)
...
006 (29694.008.000) 01/30 20:49:50 Image size of job updated: 38456
	38  -  MemoryUsage of job (MB)
	38456  -  ResidentSetSize of job (KB)
...
006 (29694.008.000) 01/30 20:54:50 Image size of job updated: 38468
	38  -  MemoryUsage of job (MB)
	38468  -  ResidentSetSize of job (KB)
...
006 (29694.008.000) 01/30 20:59:51 Image size of job updated: 38484
	38  -  MemoryUsage of job (MB)
	38484  -  ResidentSetSize of job (KB)
...
006 (29694.008.000) 01/30 21:04:52 Image size of job updated: 38496
	38  -  MemoryUsage of job (MB)
	38496  -  ResidentSetSize of job (KB)
...
006 (29694.008.000) 01/30 21:09:52 Image size of job updated: 38508
	38  -  MemoryUsage of job (MB)
	38508  -  ResidentSetSize of job (KB)
...
006 (29694.008.000) 01/30 21:14:53 Image size of job updated: 38524
	38  -  MemoryUsage of job (MB)
	38524  -  ResidentSetSize of job (KB)
...
006 (29694.008.000) 01/30 21:19:54 Image size of job updated: 38536
	38  -  MemoryUsage of job (MB)
	38536  -  ResidentSetSize of job (KB)
...
006 (29694.008.000) 01/30 21:24:54 Image size of job updated: 38548
	38  -  MemoryUsage of job (MB)
	38548  -  ResidentSetSize of job (KB)
...
006 (29694.008.000) 01/30 21:29:55 Image size of job updated: 38688
	38  -  MemoryUsage of job (MB)
	38688  -  ResidentSetSize of job (KB)
...
006 (29694.008.000) 01/30 21:39:56 Image size of job updated: 38716
	38  -  MemoryUsage of job (MB)
	38716  -  ResidentSetSize of job (KB)
...
005 (29694.008.000) 01/30 21:46:06 Job terminated.
	(1) Normal termination (return value 0)
		Usr 0 01:21:11, Sys 0 00:00:02  -  Run Remote Usage
		Usr 0 00:00:00, Sys 0 00:00:00  -  Run Local Usage
		Usr 0 01:21:11, Sys 0 00:00:02  -  Total Remote Usage
		Usr 0 00:00:00, Sys 0 00:00:00  -  Total Local Usage
	0  -  Run Bytes Sent By Job
	0  -  Run Bytes Received By Job
	0  -  Total Bytes Sent By Job
	0  -  Total Bytes Received By Job
	Partitionable Resources :    Usage  Request Allocated 
	   Cpus                 :     1.00        1         1 
	   Disk (KB)            :     1           1    254050 
	   Memory (MB)          :    38           1      1005 
...
