000 (1673153.006.000) 12/22 17:02:58 Job submitted from host: <172.16.2.141:36601>
...
001 (1673153.006.000) 12/22 17:03:01 Job executing on host: <172.16.2.151:35010>
...
007 (1673153.006.000) 12/22 17:03:01 Shadow exception!
	Error from slot7@A151: Failed to execute '/home/zhangliang/Possible_bound_strange_hypernuclei/parallewigner/test.sh' with arguments 6: (errno=13: 'Permission denied')
	0  -  Run Bytes Sent By Job
	0  -  Run Bytes Received By Job
...
012 (1673153.006.000) 12/22 17:03:03 Job was held.
	Error from slot7@A151: Failed to execute '/home/zhangliang/Possible_bound_strange_hypernuclei/parallewigner/test.sh' with arguments 6: (errno=13: 'Permission denied')
	Code 6 Subcode 13
...
009 (1673153.006.000) 12/22 17:05:11 Job was aborted by the user.
	via condor_rm (by user zhangliang)
...
000 (1673154.006.000) 12/22 17:10:32 Job submitted from host: <172.16.2.141:36601>
...
001 (1673154.006.000) 12/22 17:10:33 Job executing on host: <172.16.2.151:35010>
...
006 (1673154.006.000) 12/22 17:10:42 Image size of job updated: 256808
	30  -  MemoryUsage of job (MB)
	30164  -  ResidentSetSize of job (KB)
...
006 (1673154.006.000) 12/22 17:15:43 Image size of job updated: 256876
	39  -  MemoryUsage of job (MB)
	38936  -  ResidentSetSize of job (KB)
...
006 (1673154.006.000) 12/22 17:20:43 Image size of job updated: 256876
	39  -  MemoryUsage of job (MB)
	38940  -  ResidentSetSize of job (KB)
...
005 (1673154.006.000) 12/22 17:22:38 Job terminated.
	(1) Normal termination (return value 0)
		Usr 0 00:11:56, Sys 0 00:00:00  -  Run Remote Usage
		Usr 0 00:00:00, Sys 0 00:00:00  -  Run Local Usage
		Usr 0 00:11:56, Sys 0 00:00:00  -  Total Remote Usage
		Usr 0 00:00:00, Sys 0 00:00:00  -  Total Local Usage
	0  -  Run Bytes Sent By Job
	0  -  Run Bytes Received By Job
	0  -  Total Bytes Sent By Job
	0  -  Total Bytes Received By Job
	Partitionable Resources :    Usage  Request Allocated
	   Cpus                 :                 1         1
	   Disk (KB)            :        1        1   1084963
	   Memory (MB)          :       39        1     12107
...
000 (1673179.006.000) 12/24 15:12:06 Job submitted from host: <172.16.2.141:36601>
...
001 (1673179.006.000) 12/24 15:12:26 Job executing on host: <172.16.2.141:56348>
...
006 (1673179.006.000) 12/24 15:12:35 Image size of job updated: 242436
	30  -  MemoryUsage of job (MB)
	29940  -  ResidentSetSize of job (KB)
...
006 (1673179.006.000) 12/24 15:17:35 Image size of job updated: 242440
	30  -  MemoryUsage of job (MB)
	30000  -  ResidentSetSize of job (KB)
...
006 (1673179.006.000) 12/24 15:27:36 Image size of job updated: 242440
	30  -  MemoryUsage of job (MB)
	30116  -  ResidentSetSize of job (KB)
...
005 (1673179.006.000) 12/24 15:28:03 Job terminated.
	(1) Normal termination (return value 0)
		Usr 0 00:15:28, Sys 0 00:00:00  -  Run Remote Usage
		Usr 0 00:00:00, Sys 0 00:00:00  -  Run Local Usage
		Usr 0 00:15:28, Sys 0 00:00:00  -  Total Remote Usage
		Usr 0 00:00:00, Sys 0 00:00:00  -  Total Local Usage
	0  -  Run Bytes Sent By Job
	0  -  Run Bytes Received By Job
	0  -  Total Bytes Sent By Job
	0  -  Total Bytes Received By Job
	Partitionable Resources :    Usage  Request Allocated
	   Cpus                 :                 1         1
	   Disk (KB)            :        1        1  18596035
	   Memory (MB)          :       30        1      2676
...
000 (1673182.006.000) 12/24 20:39:03 Job submitted from host: <172.16.2.141:36601>
...
001 (1673182.006.000) 12/24 20:44:06 Job executing on host: <172.16.2.151:35010>
...
006 (1673182.006.000) 12/24 20:44:15 Image size of job updated: 255880
	28  -  MemoryUsage of job (MB)
	28232  -  ResidentSetSize of job (KB)
...
006 (1673182.006.000) 12/24 20:49:15 Image size of job updated: 256904
	36  -  MemoryUsage of job (MB)
	36512  -  ResidentSetSize of job (KB)
...
005 (1673182.006.000) 12/24 20:57:05 Job terminated.
	(1) Normal termination (return value 0)
		Usr 0 00:12:56, Sys 0 00:00:00  -  Run Remote Usage
		Usr 0 00:00:00, Sys 0 00:00:00  -  Run Local Usage
		Usr 0 00:12:56, Sys 0 00:00:00  -  Total Remote Usage
		Usr 0 00:00:00, Sys 0 00:00:00  -  Total Local Usage
	0  -  Run Bytes Sent By Job
	0  -  Run Bytes Received By Job
	0  -  Total Bytes Sent By Job
	0  -  Total Bytes Received By Job
	Partitionable Resources :    Usage  Request Allocated
	   Cpus                 :                 1         1
	   Disk (KB)            :        1        1   1084981
	   Memory (MB)          :       36        1     12107
...
000 (1673190.006.000) 12/25 19:55:10 Job submitted from host: <172.16.2.141:36601>
...
001 (1673190.006.000) 12/25 19:55:12 Job executing on host: <172.16.2.141:56348>
...
006 (1673190.006.000) 12/25 19:55:21 Image size of job updated: 242448
	29  -  MemoryUsage of job (MB)
	29520  -  ResidentSetSize of job (KB)
...
004 (1673190.006.000) 12/25 19:55:45 Job was evicted.
	(0) Job was not checkpointed.
		Usr 0 00:00:33, Sys 0 00:00:00  -  Run Remote Usage
		Usr 0 00:00:00, Sys 0 00:00:00  -  Run Local Usage
	0  -  Run Bytes Sent By Job
	0  -  Run Bytes Received By Job
	Partitionable Resources :    Usage  Request Allocated
	   Cpus                 :                 1         1
	   Disk (KB)            :        1        1  18595773
	   Memory (MB)          :       29        1      2676
...
009 (1673190.006.000) 12/25 19:55:47 Job was aborted by the user.
	via condor_rm (by user zhangliang)
...
000 (1673191.006.000) 12/25 19:58:56 Job submitted from host: <172.16.2.141:36601>
...
001 (1673191.006.000) 12/25 19:58:59 Job executing on host: <172.16.2.141:56348>
...
006 (1673191.006.000) 12/25 19:59:08 Image size of job updated: 242448
	28  -  MemoryUsage of job (MB)
	28208  -  ResidentSetSize of job (KB)
...
006 (1673191.006.000) 12/25 20:04:08 Image size of job updated: 242452
	28  -  MemoryUsage of job (MB)
	28276  -  ResidentSetSize of job (KB)
...
005 (1673191.006.000) 12/25 20:17:34 Job terminated.
	(1) Normal termination (return value 0)
		Usr 0 00:18:30, Sys 0 00:00:00  -  Run Remote Usage
		Usr 0 00:00:00, Sys 0 00:00:00  -  Run Local Usage
		Usr 0 00:18:30, Sys 0 00:00:00  -  Total Remote Usage
		Usr 0 00:00:00, Sys 0 00:00:00  -  Total Local Usage
	0  -  Run Bytes Sent By Job
	0  -  Run Bytes Received By Job
	0  -  Total Bytes Sent By Job
	0  -  Total Bytes Received By Job
	Partitionable Resources :    Usage  Request Allocated
	   Cpus                 :                 1         1
	   Disk (KB)            :        1        1  18595826
	   Memory (MB)          :       28        1      2676
...
