000 (29178.008.000) 01/16 16:02:11 Job submitted from host: <172.16.11.200:9618?addrs=172.16.11.200-9618&noUDP&sock=14877_46f2_4>
...
001 (29178.008.000) 01/16 16:21:30 Job executing on host: <172.16.11.232:9618?addrs=172.16.11.232-9618&alias=pc-farm2&noUDP&sock=startd_4986_dfb4_4>
...
006 (29178.008.000) 01/16 16:21:39 Image size of job updated: 33228
	33  -  MemoryUsage of job (MB)
	33228  -  ResidentSetSize of job (KB)
...
005 (29178.008.000) 01/16 17:55:41 Job terminated.
	(1) Normal termination (return value 0)
		Usr 0 01:30:41, Sys 0 00:00:00  -  Run Remote Usage
		Usr 0 00:00:00, Sys 0 00:00:00  -  Run Local Usage
		Usr 0 01:30:41, Sys 0 00:00:00  -  Total Remote Usage
		Usr 0 00:00:00, Sys 0 00:00:00  -  Total Local Usage
	0  -  Run Bytes Sent By Job
	0  -  Run Bytes Received By Job
	0  -  Total Bytes Sent By Job
	0  -  Total Bytes Received By Job
	Partitionable Resources :    Usage  Request Allocated 
	   Cpus                 :     1.00        1         1 
	   Disk (KB)            :     1           1    245927 
	   Memory (MB)          :    33           1      1005 
...
000 (29664.008.000) 01/29 22:34:12 Job submitted from host: <172.16.11.200:9618?addrs=172.16.11.200-9618&noUDP&sock=14877_46f2_4>
...
000 (29665.008.000) 01/29 22:34:33 Job submitted from host: <172.16.11.200:9618?addrs=172.16.11.200-9618&noUDP&sock=14877_46f2_4>
...
009 (29664.008.000) 01/29 22:34:37 Job was aborted by the user.
	via condor_rm (by user zhangliang)
...
001 (29665.008.000) 01/29 22:34:54 Job executing on host: <172.16.11.233:9618?addrs=172.16.11.233-9618&alias=pc-farm3&noUDP&sock=startd_4556_edfa>
...
006 (29665.008.000) 01/29 22:35:03 Image size of job updated: 37516
	37  -  MemoryUsage of job (MB)
	37516  -  ResidentSetSize of job (KB)
...
006 (29665.008.000) 01/29 22:45:03 Image size of job updated: 37544
	37  -  MemoryUsage of job (MB)
	37544  -  ResidentSetSize of job (KB)
...
006 (29665.008.000) 01/29 22:50:04 Image size of job updated: 37684
	37  -  MemoryUsage of job (MB)
	37684  -  ResidentSetSize of job (KB)
...
006 (29665.008.000) 01/29 23:35:08 Image size of job updated: 37688
	37  -  MemoryUsage of job (MB)
	37688  -  ResidentSetSize of job (KB)
...
006 (29665.008.000) 01/29 23:40:09 Image size of job updated: 37828
	37  -  MemoryUsage of job (MB)
	37828  -  ResidentSetSize of job (KB)
...
005 (29665.008.000) 01/29 23:54:37 Job terminated.
	(1) Normal termination (return value 0)
		Usr 0 01:19:34, Sys 0 00:00:01  -  Run Remote Usage
		Usr 0 00:00:00, Sys 0 00:00:00  -  Run Local Usage
		Usr 0 01:19:34, Sys 0 00:00:01  -  Total Remote Usage
		Usr 0 00:00:00, Sys 0 00:00:00  -  Total Local Usage
	0  -  Run Bytes Sent By Job
	0  -  Run Bytes Received By Job
	0  -  Total Bytes Sent By Job
	0  -  Total Bytes Received By Job
	Partitionable Resources :    Usage  Request Allocated 
	   Cpus                 :     1.00        1         1 
	   Disk (KB)            :     1           1    254050 
	   Memory (MB)          :    37           1      1005 
...
000 (29666.008.000) 01/30 07:30:40 Job submitted from host: <172.16.11.200:9618?addrs=172.16.11.200-9618&noUDP&sock=14877_46f2_4>
...
009 (29666.008.000) 01/30 07:30:51 Job was aborted by the user.
	via condor_rm (by user zhangliang)
...
000 (29667.008.000) 01/30 07:32:28 Job submitted from host: <172.16.11.200:9618?addrs=172.16.11.200-9618&noUDP&sock=14877_46f2_4>
...
001 (29667.008.000) 01/30 07:38:29 Job executing on host: <172.16.11.234:9618?addrs=172.16.11.234-9618&alias=pc-farm4&noUDP&sock=startd_5195_3aff>
...
006 (29667.008.000) 01/30 07:38:38 Image size of job updated: 421984
	33  -  MemoryUsage of job (MB)
	33656  -  ResidentSetSize of job (KB)
...
006 (29667.008.000) 01/30 07:48:39 Image size of job updated: 421992
	33  -  MemoryUsage of job (MB)
	33660  -  ResidentSetSize of job (KB)
...
005 (29667.008.000) 01/30 09:04:30 Job terminated.
	(1) Normal termination (return value 0)
		Usr 0 01:25:58, Sys 0 00:00:00  -  Run Remote Usage
		Usr 0 00:00:00, Sys 0 00:00:00  -  Run Local Usage
		Usr 0 01:25:58, Sys 0 00:00:00  -  Total Remote Usage
		Usr 0 00:00:00, Sys 0 00:00:00  -  Total Local Usage
	0  -  Run Bytes Sent By Job
	0  -  Run Bytes Received By Job
	0  -  Total Bytes Sent By Job
	0  -  Total Bytes Received By Job
	Partitionable Resources :    Usage  Request Allocated 
	   Cpus                 :     1.00        1         1 
	   Disk (KB)            :     1           1    255907 
	   Memory (MB)          :    33           1       999 
...
000 (29669.008.000) 01/30 09:30:24 Job submitted from host: <172.16.11.200:9618?addrs=172.16.11.200-9618&noUDP&sock=14877_46f2_4>
...
001 (29669.008.000) 01/30 09:45:27 Job executing on host: <172.16.11.233:9618?addrs=172.16.11.233-9618&alias=pc-farm3&noUDP&sock=startd_4556_edfa>
...
006 (29669.008.000) 01/30 09:45:36 Image size of job updated: 37108
	37  -  MemoryUsage of job (MB)
	37108  -  ResidentSetSize of job (KB)
...
006 (29669.008.000) 01/30 10:00:37 Image size of job updated: 37116
	37  -  MemoryUsage of job (MB)
	37116  -  ResidentSetSize of job (KB)
...
006 (29669.008.000) 01/30 10:05:38 Image size of job updated: 37256
	37  -  MemoryUsage of job (MB)
	37256  -  ResidentSetSize of job (KB)
...
006 (29669.008.000) 01/30 10:10:38 Image size of job updated: 37268
	37  -  MemoryUsage of job (MB)
	37268  -  ResidentSetSize of job (KB)
...
006 (29669.008.000) 01/30 10:20:40 Image size of job updated: 37296
	37  -  MemoryUsage of job (MB)
	37296  -  ResidentSetSize of job (KB)
...
006 (29669.008.000) 01/30 10:25:40 Image size of job updated: 37312
	37  -  MemoryUsage of job (MB)
	37312  -  ResidentSetSize of job (KB)
...
005 (29669.008.000) 01/30 11:04:24 Job terminated.
	(1) Normal termination (return value 0)
		Usr 0 01:18:44, Sys 0 00:00:03  -  Run Remote Usage
		Usr 0 00:00:00, Sys 0 00:00:00  -  Run Local Usage
		Usr 0 01:18:44, Sys 0 00:00:03  -  Total Remote Usage
		Usr 0 00:00:00, Sys 0 00:00:00  -  Total Local Usage
	0  -  Run Bytes Sent By Job
	0  -  Run Bytes Received By Job
	0  -  Total Bytes Sent By Job
	0  -  Total Bytes Received By Job
	Partitionable Resources :    Usage  Request Allocated 
	   Cpus                 :     1.00        1         1 
	   Disk (KB)            :     1           1    254050 
	   Memory (MB)          :    37           1      1005 
...
000 (29687.008.000) 01/30 12:02:48 Job submitted from host: <172.16.11.200:9618?addrs=172.16.11.200-9618&noUDP&sock=14877_46f2_4>
...
001 (29687.008.000) 01/30 14:03:46 Job executing on host: <172.16.11.234:9618?addrs=172.16.11.234-9618&alias=pc-farm4&noUDP&sock=startd_5195_3aff>
...
006 (29687.008.000) 01/30 14:03:54 Image size of job updated: 33660
	33  -  MemoryUsage of job (MB)
	33660  -  ResidentSetSize of job (KB)
...
006 (29687.008.000) 01/30 14:08:54 Image size of job updated: 421956
	33  -  MemoryUsage of job (MB)
	33660  -  ResidentSetSize of job (KB)
...
006 (29687.008.000) 01/30 14:13:55 Image size of job updated: 421964
	33  -  MemoryUsage of job (MB)
	33664  -  ResidentSetSize of job (KB)
...
005 (29687.008.000) 01/30 15:24:53 Job terminated.
	(1) Normal termination (return value 0)
		Usr 0 01:21:07, Sys 0 00:00:00  -  Run Remote Usage
		Usr 0 00:00:00, Sys 0 00:00:00  -  Run Local Usage
		Usr 0 01:21:07, Sys 0 00:00:00  -  Total Remote Usage
		Usr 0 00:00:00, Sys 0 00:00:00  -  Total Local Usage
	0  -  Run Bytes Sent By Job
	0  -  Run Bytes Received By Job
	0  -  Total Bytes Sent By Job
	0  -  Total Bytes Received By Job
	Partitionable Resources :    Usage  Request Allocated 
	   Cpus                 :     1.00        1         1 
	   Disk (KB)            :     1           1    255907 
	   Memory (MB)          :    33           1       999 
...
