000 (29691.017.000) 01/30 12:06:42 Job submitted from host: <172.16.11.200:9618?addrs=172.16.11.200-9618&noUDP&sock=14877_46f2_4>
...
001 (29691.017.000) 01/30 14:31:46 Job executing on host: <172.16.11.231:9618?addrs=172.16.11.231-9618&noUDP&sock=startd_22895_f54e_4>
...
006 (29691.017.000) 01/30 14:31:55 Image size of job updated: 33724
	33  -  MemoryUsage of job (MB)
	33724  -  ResidentSetSize of job (KB)
...
005 (29691.017.000) 01/30 16:00:00 Job terminated.
	(1) Normal termination (return value 0)
		Usr 0 01:28:12, Sys 0 00:00:01  -  Run Remote Usage
		Usr 0 00:00:00, Sys 0 00:00:00  -  Run Local Usage
		Usr 0 01:28:12, Sys 0 00:00:01  -  Total Remote Usage
		Usr 0 00:00:00, Sys 0 00:00:00  -  Total Local Usage
	0  -  Run Bytes Sent By Job
	0  -  Run Bytes Received By Job
	0  -  Total Bytes Sent By Job
	0  -  Total Bytes Received By Job
	Partitionable Resources :    Usage  Request Allocated 
	   Cpus                 :     1.00        1         1 
	   Disk (KB)            :     1           1    241059 
	   Memory (MB)          :    33           1      2008 
...
000 (29694.017.000) 01/30 19:48:19 Job submitted from host: <172.16.11.200:9618?addrs=172.16.11.200-9618&noUDP&sock=14877_46f2_4>
...
001 (29694.017.000) 01/30 20:25:28 Job executing on host: <172.16.11.233:9618?addrs=172.16.11.233-9618&alias=pc-farm3&noUDP&sock=startd_4556_edfa>
...
006 (29694.017.000) 01/30 20:25:38 Image size of job updated: 38080
	38  -  MemoryUsage of job (MB)
	38080  -  ResidentSetSize of job (KB)
...
006 (29694.017.000) 01/30 20:30:39 Image size of job updated: 38092
	38  -  MemoryUsage of job (MB)
	38092  -  ResidentSetSize of job (KB)
...
006 (29694.017.000) 01/30 20:35:39 Image size of job updated: 38112
	38  -  MemoryUsage of job (MB)
	38112  -  ResidentSetSize of job (KB)
...
006 (29694.017.000) 01/30 20:40:39 Image size of job updated: 38124
	38  -  MemoryUsage of job (MB)
	38124  -  ResidentSetSize of job (KB)
...
006 (29694.017.000) 01/30 20:45:40 Image size of job updated: 38140
	38  -  MemoryUsage of job (MB)
	38140  -  ResidentSetSize of job (KB)
...
006 (29694.017.000) 01/30 20:50:41 Image size of job updated: 38152
	38  -  MemoryUsage of job (MB)
	38152  -  ResidentSetSize of job (KB)
...
006 (29694.017.000) 01/30 20:55:41 Image size of job updated: 38164
	38  -  MemoryUsage of job (MB)
	38164  -  ResidentSetSize of job (KB)
...
006 (29694.017.000) 01/30 21:00:42 Image size of job updated: 38176
	38  -  MemoryUsage of job (MB)
	38176  -  ResidentSetSize of job (KB)
...
006 (29694.017.000) 01/30 21:05:42 Image size of job updated: 38192
	38  -  MemoryUsage of job (MB)
	38192  -  ResidentSetSize of job (KB)
...
006 (29694.017.000) 01/30 21:10:42 Image size of job updated: 38204
	38  -  MemoryUsage of job (MB)
	38204  -  ResidentSetSize of job (KB)
...
006 (29694.017.000) 01/30 21:15:44 Image size of job updated: 38216
	38  -  MemoryUsage of job (MB)
	38216  -  ResidentSetSize of job (KB)
...
006 (29694.017.000) 01/30 21:20:44 Image size of job updated: 38232
	38  -  MemoryUsage of job (MB)
	38232  -  ResidentSetSize of job (KB)
...
006 (29694.017.000) 01/30 21:25:44 Image size of job updated: 38244
	38  -  MemoryUsage of job (MB)
	38244  -  ResidentSetSize of job (KB)
...
006 (29694.017.000) 01/30 21:30:45 Image size of job updated: 38260
	38  -  MemoryUsage of job (MB)
	38260  -  ResidentSetSize of job (KB)
...
006 (29694.017.000) 01/30 21:35:45 Image size of job updated: 38272
	38  -  MemoryUsage of job (MB)
	38272  -  ResidentSetSize of job (KB)
...
006 (29694.017.000) 01/30 21:40:45 Image size of job updated: 38284
	38  -  MemoryUsage of job (MB)
	38284  -  ResidentSetSize of job (KB)
...
006 (29694.017.000) 01/30 21:45:46 Image size of job updated: 38296
	38  -  MemoryUsage of job (MB)
	38296  -  ResidentSetSize of job (KB)
...
005 (29694.017.000) 01/30 21:47:42 Job terminated.
	(1) Normal termination (return value 0)
		Usr 0 01:21:55, Sys 0 00:00:02  -  Run Remote Usage
		Usr 0 00:00:00, Sys 0 00:00:00  -  Run Local Usage
		Usr 0 01:21:55, Sys 0 00:00:02  -  Total Remote Usage
		Usr 0 00:00:00, Sys 0 00:00:00  -  Total Local Usage
	0  -  Run Bytes Sent By Job
	0  -  Run Bytes Received By Job
	0  -  Total Bytes Sent By Job
	0  -  Total Bytes Received By Job
	Partitionable Resources :    Usage  Request Allocated 
	   Cpus                 :     1.00        1         1 
	   Disk (KB)            :     1           1    254050 
	   Memory (MB)          :    38           1      1005 
...
