000 (29178.011.000) 01/16 16:02:11 Job submitted from host: <172.16.11.200:9618?addrs=172.16.11.200-9618&noUDP&sock=14877_46f2_4>
...
001 (29178.011.000) 01/16 16:22:31 Job executing on host: <172.16.11.232:9618?addrs=172.16.11.232-9618&alias=pc-farm2&noUDP&sock=startd_4986_dfb4_4>
...
006 (29178.011.000) 01/16 16:22:39 Image size of job updated: 33268
	33  -  MemoryUsage of job (MB)
	33268  -  ResidentSetSize of job (KB)
...
005 (29178.011.000) 01/16 17:54:47 Job terminated.
	(1) Normal termination (return value 0)
		Usr 0 01:31:03, Sys 0 00:00:00  -  Run Remote Usage
		Usr 0 00:00:00, Sys 0 00:00:00  -  Run Local Usage
		Usr 0 01:31:03, Sys 0 00:00:00  -  Total Remote Usage
		Usr 0 00:00:00, Sys 0 00:00:00  -  Total Local Usage
	0  -  Run Bytes Sent By Job
	0  -  Run Bytes Received By Job
	0  -  Total Bytes Sent By Job
	0  -  Total Bytes Received By Job
	Partitionable Resources :    Usage  Request Allocated 
	   Cpus                 :     1.00        1         1 
	   Disk (KB)            :     1           1    245927 
	   Memory (MB)          :    33           1      1005 
...
000 (29664.011.000) 01/29 22:34:12 Job submitted from host: <172.16.11.200:9618?addrs=172.16.11.200-9618&noUDP&sock=14877_46f2_4>
...
000 (29665.011.000) 01/29 22:34:33 Job submitted from host: <172.16.11.200:9618?addrs=172.16.11.200-9618&noUDP&sock=14877_46f2_4>
...
009 (29664.011.000) 01/29 22:34:37 Job was aborted by the user.
	via condor_rm (by user zhangliang)
...
001 (29665.011.000) 01/29 22:34:58 Job executing on host: <172.16.11.233:9618?addrs=172.16.11.233-9618&alias=pc-farm3&noUDP&sock=startd_4556_edfa>
...
006 (29665.011.000) 01/29 22:35:07 Image size of job updated: 37268
	37  -  MemoryUsage of job (MB)
	37268  -  ResidentSetSize of job (KB)
...
006 (29665.011.000) 01/29 22:45:08 Image size of job updated: 37292
	37  -  MemoryUsage of job (MB)
	37292  -  ResidentSetSize of job (KB)
...
006 (29665.011.000) 01/29 22:50:08 Image size of job updated: 37304
	37  -  MemoryUsage of job (MB)
	37304  -  ResidentSetSize of job (KB)
...
006 (29665.011.000) 01/29 22:55:09 Image size of job updated: 37320
	37  -  MemoryUsage of job (MB)
	37320  -  ResidentSetSize of job (KB)
...
006 (29665.011.000) 01/29 23:00:10 Image size of job updated: 37336
	37  -  MemoryUsage of job (MB)
	37336  -  ResidentSetSize of job (KB)
...
006 (29665.011.000) 01/29 23:05:10 Image size of job updated: 37348
	37  -  MemoryUsage of job (MB)
	37348  -  ResidentSetSize of job (KB)
...
006 (29665.011.000) 01/29 23:10:11 Image size of job updated: 37364
	37  -  MemoryUsage of job (MB)
	37364  -  ResidentSetSize of job (KB)
...
006 (29665.011.000) 01/29 23:15:12 Image size of job updated: 37504
	37  -  MemoryUsage of job (MB)
	37504  -  ResidentSetSize of job (KB)
...
006 (29665.011.000) 01/29 23:30:13 Image size of job updated: 37548
	37  -  MemoryUsage of job (MB)
	37548  -  ResidentSetSize of job (KB)
...
005 (29665.011.000) 01/29 23:54:30 Job terminated.
	(1) Normal termination (return value 0)
		Usr 0 01:19:21, Sys 0 00:00:01  -  Run Remote Usage
		Usr 0 00:00:00, Sys 0 00:00:00  -  Run Local Usage
		Usr 0 01:19:21, Sys 0 00:00:01  -  Total Remote Usage
		Usr 0 00:00:00, Sys 0 00:00:00  -  Total Local Usage
	0  -  Run Bytes Sent By Job
	0  -  Run Bytes Received By Job
	0  -  Total Bytes Sent By Job
	0  -  Total Bytes Received By Job
	Partitionable Resources :    Usage  Request Allocated 
	   Cpus                 :     1.00        1         1 
	   Disk (KB)            :     1           1    254050 
	   Memory (MB)          :    37           1      1005 
...
000 (29666.011.000) 01/30 07:30:40 Job submitted from host: <172.16.11.200:9618?addrs=172.16.11.200-9618&noUDP&sock=14877_46f2_4>
...
009 (29666.011.000) 01/30 07:30:51 Job was aborted by the user.
	via condor_rm (by user zhangliang)
...
000 (29667.011.000) 01/30 07:32:28 Job submitted from host: <172.16.11.200:9618?addrs=172.16.11.200-9618&noUDP&sock=14877_46f2_4>
...
001 (29667.011.000) 01/30 07:39:29 Job executing on host: <172.16.11.234:9618?addrs=172.16.11.234-9618&alias=pc-farm4&noUDP&sock=startd_5195_3aff>
...
006 (29667.011.000) 01/30 07:39:37 Image size of job updated: 421984
	33  -  MemoryUsage of job (MB)
	33648  -  ResidentSetSize of job (KB)
...
006 (29667.011.000) 01/30 07:49:38 Image size of job updated: 421992
	33  -  MemoryUsage of job (MB)
	33652  -  ResidentSetSize of job (KB)
...
005 (29667.011.000) 01/30 09:05:07 Job terminated.
	(1) Normal termination (return value 0)
		Usr 0 01:25:32, Sys 0 00:00:00  -  Run Remote Usage
		Usr 0 00:00:00, Sys 0 00:00:00  -  Run Local Usage
		Usr 0 01:25:32, Sys 0 00:00:00  -  Total Remote Usage
		Usr 0 00:00:00, Sys 0 00:00:00  -  Total Local Usage
	0  -  Run Bytes Sent By Job
	0  -  Run Bytes Received By Job
	0  -  Total Bytes Sent By Job
	0  -  Total Bytes Received By Job
	Partitionable Resources :    Usage  Request Allocated 
	   Cpus                 :     1.00        1         1 
	   Disk (KB)            :     1           1    255907 
	   Memory (MB)          :    33           1       999 
...
000 (29669.011.000) 01/30 09:30:24 Job submitted from host: <172.16.11.200:9618?addrs=172.16.11.200-9618&noUDP&sock=14877_46f2_4>
...
001 (29669.011.000) 01/30 09:54:25 Job executing on host: <172.16.11.234:9618?addrs=172.16.11.234-9618&alias=pc-farm4&noUDP&sock=startd_5195_3aff>
...
006 (29669.011.000) 01/30 09:54:34 Image size of job updated: 421956
	33  -  MemoryUsage of job (MB)
	33660  -  ResidentSetSize of job (KB)
...
006 (29669.011.000) 01/30 10:04:35 Image size of job updated: 421964
	33  -  MemoryUsage of job (MB)
	33664  -  ResidentSetSize of job (KB)
...
005 (29669.011.000) 01/30 11:23:37 Job terminated.
	(1) Normal termination (return value 0)
		Usr 0 01:29:11, Sys 0 00:00:00  -  Run Remote Usage
		Usr 0 00:00:00, Sys 0 00:00:00  -  Run Local Usage
		Usr 0 01:29:11, Sys 0 00:00:00  -  Total Remote Usage
		Usr 0 00:00:00, Sys 0 00:00:00  -  Total Local Usage
	0  -  Run Bytes Sent By Job
	0  -  Run Bytes Received By Job
	0  -  Total Bytes Sent By Job
	0  -  Total Bytes Received By Job
	Partitionable Resources :    Usage  Request Allocated 
	   Cpus                 :     1.00        1         1 
	   Disk (KB)            :     1           1    255907 
	   Memory (MB)          :    33           1       999 
...
000 (29687.011.000) 01/30 12:02:48 Job submitted from host: <172.16.11.200:9618?addrs=172.16.11.200-9618&noUDP&sock=14877_46f2_4>
...
001 (29687.011.000) 01/30 14:05:47 Job executing on host: <172.16.11.233:9618?addrs=172.16.11.233-9618&alias=pc-farm3&noUDP&sock=startd_4556_edfa>
...
006 (29687.011.000) 01/30 14:05:56 Image size of job updated: 36756
	36  -  MemoryUsage of job (MB)
	36756  -  ResidentSetSize of job (KB)
...
006 (29687.011.000) 01/30 14:10:57 Image size of job updated: 36768
	36  -  MemoryUsage of job (MB)
	36768  -  ResidentSetSize of job (KB)
...
006 (29687.011.000) 01/30 14:15:57 Image size of job updated: 36920
	37  -  MemoryUsage of job (MB)
	36920  -  ResidentSetSize of job (KB)
...
006 (29687.011.000) 01/30 15:06:02 Image size of job updated: 36932
	37  -  MemoryUsage of job (MB)
	36932  -  ResidentSetSize of job (KB)
...
006 (29687.011.000) 01/30 15:11:02 Image size of job updated: 37072
	37  -  MemoryUsage of job (MB)
	37072  -  ResidentSetSize of job (KB)
...
005 (29687.011.000) 01/30 15:18:47 Job terminated.
	(1) Normal termination (return value 0)
		Usr 0 01:12:51, Sys 0 00:00:01  -  Run Remote Usage
		Usr 0 00:00:00, Sys 0 00:00:00  -  Run Local Usage
		Usr 0 01:12:51, Sys 0 00:00:01  -  Total Remote Usage
		Usr 0 00:00:00, Sys 0 00:00:00  -  Total Local Usage
	0  -  Run Bytes Sent By Job
	0  -  Run Bytes Received By Job
	0  -  Total Bytes Sent By Job
	0  -  Total Bytes Received By Job
	Partitionable Resources :    Usage  Request Allocated 
	   Cpus                 :     1.00        1         1 
	   Disk (KB)            :     1           1    254050 
	   Memory (MB)          :    37           1      1005 
...
