000 (29689.017.000) 01/30 12:06:06 Job submitted from host: <172.16.11.200:9618?addrs=172.16.11.200-9618&noUDP&sock=14877_46f2_4>
...
001 (29689.017.000) 01/30 14:23:46 Job executing on host: <172.16.11.233:9618?addrs=172.16.11.233-9618&alias=pc-farm3&noUDP&sock=startd_4556_edfa>
...
006 (29689.017.000) 01/30 14:23:55 Image size of job updated: 37600
	37  -  MemoryUsage of job (MB)
	37600  -  ResidentSetSize of job (KB)
...
006 (29689.017.000) 01/30 14:53:59 Image size of job updated: 37608
	37  -  MemoryUsage of job (MB)
	37608  -  ResidentSetSize of job (KB)
...
006 (29689.017.000) 01/30 14:58:59 Image size of job updated: 37624
	37  -  MemoryUsage of job (MB)
	37624  -  ResidentSetSize of job (KB)
...
006 (29689.017.000) 01/30 15:04:00 Image size of job updated: 37636
	37  -  MemoryUsage of job (MB)
	37636  -  ResidentSetSize of job (KB)
...
006 (29689.017.000) 01/30 15:09:00 Image size of job updated: 37652
	37  -  MemoryUsage of job (MB)
	37652  -  ResidentSetSize of job (KB)
...
006 (29689.017.000) 01/30 15:14:00 Image size of job updated: 37792
	37  -  MemoryUsage of job (MB)
	37792  -  ResidentSetSize of job (KB)
...
005 (29689.017.000) 01/30 15:35:17 Job terminated.
	(1) Normal termination (return value 0)
		Usr 0 01:11:19, Sys 0 00:00:01  -  Run Remote Usage
		Usr 0 00:00:00, Sys 0 00:00:00  -  Run Local Usage
		Usr 0 01:11:19, Sys 0 00:00:01  -  Total Remote Usage
		Usr 0 00:00:00, Sys 0 00:00:00  -  Total Local Usage
	0  -  Run Bytes Sent By Job
	0  -  Run Bytes Received By Job
	0  -  Total Bytes Sent By Job
	0  -  Total Bytes Received By Job
	Partitionable Resources :    Usage  Request Allocated 
	   Cpus                 :     1.00        1         1 
	   Disk (KB)            :     1           1    254050 
	   Memory (MB)          :    37           1      1005 
...
000 (29695.017.000) 01/30 19:49:35 Job submitted from host: <172.16.11.200:9618?addrs=172.16.11.200-9618&noUDP&sock=14877_46f2_4>
...
001 (29695.017.000) 01/30 20:45:08 Job executing on host: <172.16.11.233:9618?addrs=172.16.11.233-9618&alias=pc-farm3&noUDP&sock=startd_4556_edfa>
...
006 (29695.017.000) 01/30 20:45:17 Image size of job updated: 36392
	36  -  MemoryUsage of job (MB)
	36392  -  ResidentSetSize of job (KB)
...
006 (29695.017.000) 01/30 20:55:18 Image size of job updated: 36424
	36  -  MemoryUsage of job (MB)
	36424  -  ResidentSetSize of job (KB)
...
006 (29695.017.000) 01/30 21:00:18 Image size of job updated: 36436
	36  -  MemoryUsage of job (MB)
	36436  -  ResidentSetSize of job (KB)
...
006 (29695.017.000) 01/30 21:05:19 Image size of job updated: 36576
	36  -  MemoryUsage of job (MB)
	36576  -  ResidentSetSize of job (KB)
...
006 (29695.017.000) 01/30 21:55:25 Image size of job updated: 36584
	36  -  MemoryUsage of job (MB)
	36584  -  ResidentSetSize of job (KB)
...
006 (29695.017.000) 01/30 22:00:25 Image size of job updated: 36724
	36  -  MemoryUsage of job (MB)
	36724  -  ResidentSetSize of job (KB)
...
005 (29695.017.000) 01/30 22:01:12 Job terminated.
	(1) Normal termination (return value 0)
		Usr 0 01:15:36, Sys 0 00:00:02  -  Run Remote Usage
		Usr 0 00:00:00, Sys 0 00:00:00  -  Run Local Usage
		Usr 0 01:15:36, Sys 0 00:00:02  -  Total Remote Usage
		Usr 0 00:00:00, Sys 0 00:00:00  -  Total Local Usage
	0  -  Run Bytes Sent By Job
	0  -  Run Bytes Received By Job
	0  -  Total Bytes Sent By Job
	0  -  Total Bytes Received By Job
	Partitionable Resources :    Usage  Request Allocated 
	   Cpus                 :     1.00        1         1 
	   Disk (KB)            :     1           1    254050 
	   Memory (MB)          :    36           1      1005 
...
