000 (29691.021.000) 01/30 12:06:42 Job submitted from host: <172.16.11.200:9618?addrs=172.16.11.200-9618&noUDP&sock=14877_46f2_4>
...
001 (29691.021.000) 01/30 14:32:47 Job executing on host: <172.16.11.232:9618?addrs=172.16.11.232-9618&alias=pc-farm2&noUDP&sock=startd_4986_dfb4_4>
...
006 (29691.021.000) 01/30 14:32:56 Image size of job updated: 33744
	33  -  MemoryUsage of job (MB)
	33744  -  ResidentSetSize of job (KB)
...
006 (29691.021.000) 01/30 14:42:56 Image size of job updated: 33952
	34  -  MemoryUsage of job (MB)
	33952  -  ResidentSetSize of job (KB)
...
005 (29691.021.000) 01/30 15:52:32 Job terminated.
	(1) Normal termination (return value 0)
		Usr 0 01:19:34, Sys 0 00:00:02  -  Run Remote Usage
		Usr 0 00:00:00, Sys 0 00:00:00  -  Run Local Usage
		Usr 0 01:19:34, Sys 0 00:00:02  -  Total Remote Usage
		Usr 0 00:00:00, Sys 0 00:00:00  -  Total Local Usage
	0  -  Run Bytes Sent By Job
	0  -  Run Bytes Received By Job
	0  -  Total Bytes Sent By Job
	0  -  Total Bytes Received By Job
	Partitionable Resources :    Usage  Request Allocated 
	   Cpus                 :     1.00        1         1 
	   Disk (KB)            :     1           1    245927 
	   Memory (MB)          :    34           1      1005 
...
000 (29694.021.000) 01/30 19:48:19 Job submitted from host: <172.16.11.200:9618?addrs=172.16.11.200-9618&noUDP&sock=14877_46f2_4>
...
001 (29694.021.000) 01/30 20:25:35 Job executing on host: <172.16.11.233:9618?addrs=172.16.11.233-9618&alias=pc-farm3&noUDP&sock=startd_4556_edfa>
...
006 (29694.021.000) 01/30 20:25:44 Image size of job updated: 37568
	37  -  MemoryUsage of job (MB)
	37568  -  ResidentSetSize of job (KB)
...
006 (29694.021.000) 01/30 21:25:48 Image size of job updated: 37636
	37  -  MemoryUsage of job (MB)
	37636  -  ResidentSetSize of job (KB)
...
005 (29694.021.000) 01/30 21:49:09 Job terminated.
	(1) Normal termination (return value 0)
		Usr 0 01:23:10, Sys 0 00:00:02  -  Run Remote Usage
		Usr 0 00:00:00, Sys 0 00:00:00  -  Run Local Usage
		Usr 0 01:23:10, Sys 0 00:00:02  -  Total Remote Usage
		Usr 0 00:00:00, Sys 0 00:00:00  -  Total Local Usage
	0  -  Run Bytes Sent By Job
	0  -  Run Bytes Received By Job
	0  -  Total Bytes Sent By Job
	0  -  Total Bytes Received By Job
	Partitionable Resources :    Usage  Request Allocated 
	   Cpus                 :     1.00        1         1 
	   Disk (KB)            :     1           1    254050 
	   Memory (MB)          :    37           1      1005 
...
