000 (29691.019.000) 01/30 12:06:42 Job submitted from host: <172.16.11.200:9618?addrs=172.16.11.200-9618&noUDP&sock=14877_46f2_4>
...
001 (29691.019.000) 01/30 14:32:46 Job executing on host: <172.16.11.232:9618?addrs=172.16.11.232-9618&alias=pc-farm2&noUDP&sock=startd_4986_dfb4_4>
...
006 (29691.019.000) 01/30 14:32:55 Image size of job updated: 34072
	34  -  MemoryUsage of job (MB)
	34072  -  ResidentSetSize of job (KB)
...
006 (29691.019.000) 01/30 14:42:56 Image size of job updated: 34404
	34  -  MemoryUsage of job (MB)
	34404  -  ResidentSetSize of job (KB)
...
005 (29691.019.000) 01/30 15:52:14 Job terminated.
	(1) Normal termination (return value 0)
		Usr 0 01:19:18, Sys 0 00:00:01  -  Run Remote Usage
		Usr 0 00:00:00, Sys 0 00:00:00  -  Run Local Usage
		Usr 0 01:19:18, Sys 0 00:00:01  -  Total Remote Usage
		Usr 0 00:00:00, Sys 0 00:00:00  -  Total Local Usage
	0  -  Run Bytes Sent By Job
	0  -  Run Bytes Received By Job
	0  -  Total Bytes Sent By Job
	0  -  Total Bytes Received By Job
	Partitionable Resources :    Usage  Request Allocated 
	   Cpus                 :     1.00        1         1 
	   Disk (KB)            :     1           1    245927 
	   Memory (MB)          :    34           1      1005 
...
000 (29694.019.000) 01/30 19:48:19 Job submitted from host: <172.16.11.200:9618?addrs=172.16.11.200-9618&noUDP&sock=14877_46f2_4>
...
001 (29694.019.000) 01/30 20:25:32 Job executing on host: <172.16.11.233:9618?addrs=172.16.11.233-9618&alias=pc-farm3&noUDP&sock=startd_4556_edfa>
...
006 (29694.019.000) 01/30 20:25:42 Image size of job updated: 39544
	39  -  MemoryUsage of job (MB)
	39544  -  ResidentSetSize of job (KB)
...
005 (29694.019.000) 01/30 21:49:40 Job terminated.
	(1) Normal termination (return value 0)
		Usr 0 01:23:46, Sys 0 00:00:03  -  Run Remote Usage
		Usr 0 00:00:00, Sys 0 00:00:00  -  Run Local Usage
		Usr 0 01:23:46, Sys 0 00:00:03  -  Total Remote Usage
		Usr 0 00:00:00, Sys 0 00:00:00  -  Total Local Usage
	0  -  Run Bytes Sent By Job
	0  -  Run Bytes Received By Job
	0  -  Total Bytes Sent By Job
	0  -  Total Bytes Received By Job
	Partitionable Resources :    Usage  Request Allocated 
	   Cpus                 :     1.00        1         1 
	   Disk (KB)            :     1           1    254050 
	   Memory (MB)          :    39           1      1005 
...
