000 (29176.007.000) 01/16 14:05:53 Job submitted from host: <172.16.11.200:9618?addrs=172.16.11.200-9618&noUDP&sock=14877_46f2_4>
...
001 (29176.007.000) 01/16 14:53:56 Job executing on host: <172.16.11.232:9618?addrs=172.16.11.232-9618&alias=pc-farm2&noUDP&sock=startd_4986_dfb4_4>
...
006 (29176.007.000) 01/16 14:53:56 Image size of job updated: 1
	0  -  MemoryUsage of job (MB)
	0  -  ResidentSetSize of job (KB)
...
005 (29176.007.000) 01/16 14:53:56 Job terminated.
	(1) Normal termination (return value 0)
		Usr 0 00:00:00, Sys 0 00:00:00  -  Run Remote Usage
		Usr 0 00:00:00, Sys 0 00:00:00  -  Run Local Usage
		Usr 0 00:00:00, Sys 0 00:00:00  -  Total Remote Usage
		Usr 0 00:00:00, Sys 0 00:00:00  -  Total Local Usage
	0  -  Run Bytes Sent By Job
	0  -  Run Bytes Received By Job
	0  -  Total Bytes Sent By Job
	0  -  Total Bytes Received By Job
	Partitionable Resources :    Usage  Request Allocated 
	   Cpus                 :                 1         1 
	   Disk (KB)            :        1        1    245927 
	   Memory (MB)          :        0        1      1005 
...
000 (29179.007.000) 01/16 16:02:14 Job submitted from host: <172.16.11.200:9618?addrs=172.16.11.200-9618&noUDP&sock=14877_46f2_4>
...
001 (29179.007.000) 01/16 16:27:31 Job executing on host: <172.16.11.232:9618?addrs=172.16.11.232-9618&alias=pc-farm2&noUDP&sock=startd_4986_dfb4_4>
...
006 (29179.007.000) 01/16 16:27:39 Image size of job updated: 33556
	33  -  MemoryUsage of job (MB)
	33556  -  ResidentSetSize of job (KB)
...
006 (29179.007.000) 01/16 17:36:14 Image size of job updated: 421992
	33  -  MemoryUsage of job (MB)
	33556  -  ResidentSetSize of job (KB)
...
005 (29179.007.000) 01/16 17:36:14 Job terminated.
	(1) Normal termination (return value 0)
		Usr 0 01:07:44, Sys 0 00:00:00  -  Run Remote Usage
		Usr 0 00:00:00, Sys 0 00:00:00  -  Run Local Usage
		Usr 0 01:07:44, Sys 0 00:00:00  -  Total Remote Usage
		Usr 0 00:00:00, Sys 0 00:00:00  -  Total Local Usage
	0  -  Run Bytes Sent By Job
	0  -  Run Bytes Received By Job
	0  -  Total Bytes Sent By Job
	0  -  Total Bytes Received By Job
	Partitionable Resources :    Usage  Request Allocated 
	   Cpus                 :     0.99        1         1 
	   Disk (KB)            :     1           1    245927 
	   Memory (MB)          :    33           1      1005 
...
000 (29684.007.000) 01/30 12:02:32 Job submitted from host: <172.16.11.200:9618?addrs=172.16.11.200-9618&noUDP&sock=14877_46f2_4>
...
001 (29684.007.000) 01/30 13:27:46 Job executing on host: <172.16.11.234:9618?addrs=172.16.11.234-9618&alias=pc-farm4&noUDP&sock=startd_5195_3aff>
...
006 (29684.007.000) 01/30 13:27:55 Image size of job updated: 33656
	33  -  MemoryUsage of job (MB)
	33656  -  ResidentSetSize of job (KB)
...
006 (29684.007.000) 01/30 13:32:55 Image size of job updated: 421956
	33  -  MemoryUsage of job (MB)
	33656  -  ResidentSetSize of job (KB)
...
006 (29684.007.000) 01/30 13:37:55 Image size of job updated: 421964
	33  -  MemoryUsage of job (MB)
	33660  -  ResidentSetSize of job (KB)
...
005 (29684.007.000) 01/30 14:29:25 Job terminated.
	(1) Normal termination (return value 0)
		Usr 0 01:01:38, Sys 0 00:00:00  -  Run Remote Usage
		Usr 0 00:00:00, Sys 0 00:00:00  -  Run Local Usage
		Usr 0 01:01:38, Sys 0 00:00:00  -  Total Remote Usage
		Usr 0 00:00:00, Sys 0 00:00:00  -  Total Local Usage
	0  -  Run Bytes Sent By Job
	0  -  Run Bytes Received By Job
	0  -  Total Bytes Sent By Job
	0  -  Total Bytes Received By Job
	Partitionable Resources :    Usage  Request Allocated 
	   Cpus                 :     1.00        1         1 
	   Disk (KB)            :     1           1    255907 
	   Memory (MB)          :    33           1       999 
...
