000 (29176.011.000) 01/16 14:05:53 Job submitted from host: <172.16.11.200:9618?addrs=172.16.11.200-9618&noUDP&sock=14877_46f2_4>
...
001 (29176.011.000) 01/16 14:54:01 Job executing on host: <172.16.11.232:9618?addrs=172.16.11.232-9618&alias=pc-farm2&noUDP&sock=startd_4986_dfb4_4>
...
006 (29176.011.000) 01/16 14:54:02 Image size of job updated: 204
	1  -  MemoryUsage of job (MB)
	204  -  ResidentSetSize of job (KB)
...
005 (29176.011.000) 01/16 14:54:02 Job terminated.
	(1) Normal termination (return value 0)
		Usr 0 00:00:00, Sys 0 00:00:00  -  Run Remote Usage
		Usr 0 00:00:00, Sys 0 00:00:00  -  Run Local Usage
		Usr 0 00:00:00, Sys 0 00:00:00  -  Total Remote Usage
		Usr 0 00:00:00, Sys 0 00:00:00  -  Total Local Usage
	0  -  Run Bytes Sent By Job
	0  -  Run Bytes Received By Job
	0  -  Total Bytes Sent By Job
	0  -  Total Bytes Received By Job
	Partitionable Resources :    Usage  Request Allocated 
	   Cpus                 :                 1         1 
	   Disk (KB)            :        1        1    245927 
	   Memory (MB)          :        1        1      1005 
...
000 (29179.011.000) 01/16 16:02:14 Job submitted from host: <172.16.11.200:9618?addrs=172.16.11.200-9618&noUDP&sock=14877_46f2_4>
...
001 (29179.011.000) 01/16 16:28:31 Job executing on host: <172.16.11.232:9618?addrs=172.16.11.232-9618&alias=pc-farm2&noUDP&sock=startd_4986_dfb4_4>
...
006 (29179.011.000) 01/16 16:28:39 Image size of job updated: 33628
	33  -  MemoryUsage of job (MB)
	33628  -  ResidentSetSize of job (KB)
...
006 (29179.011.000) 01/16 17:39:33 Image size of job updated: 421992
	33  -  MemoryUsage of job (MB)
	33628  -  ResidentSetSize of job (KB)
...
005 (29179.011.000) 01/16 17:39:33 Job terminated.
	(1) Normal termination (return value 0)
		Usr 0 01:09:07, Sys 0 00:00:00  -  Run Remote Usage
		Usr 0 00:00:00, Sys 0 00:00:00  -  Run Local Usage
		Usr 0 01:09:07, Sys 0 00:00:00  -  Total Remote Usage
		Usr 0 00:00:00, Sys 0 00:00:00  -  Total Local Usage
	0  -  Run Bytes Sent By Job
	0  -  Run Bytes Received By Job
	0  -  Total Bytes Sent By Job
	0  -  Total Bytes Received By Job
	Partitionable Resources :    Usage  Request Allocated 
	   Cpus                 :     0.99        1         1 
	   Disk (KB)            :     1           1    245927 
	   Memory (MB)          :    33           1      1005 
...
000 (29684.011.000) 01/30 12:02:32 Job submitted from host: <172.16.11.200:9618?addrs=172.16.11.200-9618&noUDP&sock=14877_46f2_4>
...
001 (29684.011.000) 01/30 13:29:47 Job executing on host: <172.16.11.233:9618?addrs=172.16.11.233-9618&alias=pc-farm3&noUDP&sock=startd_4556_edfa>
...
006 (29684.011.000) 01/30 13:29:56 Image size of job updated: 37900
	38  -  MemoryUsage of job (MB)
	37900  -  ResidentSetSize of job (KB)
...
006 (29684.011.000) 01/30 13:44:58 Image size of job updated: 37956
	38  -  MemoryUsage of job (MB)
	37956  -  ResidentSetSize of job (KB)
...
006 (29684.011.000) 01/30 13:59:59 Image size of job updated: 38012
	38  -  MemoryUsage of job (MB)
	38012  -  ResidentSetSize of job (KB)
...
006 (29684.011.000) 01/30 14:10:00 Image size of job updated: 38048
	38  -  MemoryUsage of job (MB)
	38048  -  ResidentSetSize of job (KB)
...
005 (29684.011.000) 01/30 14:25:53 Job terminated.
	(1) Normal termination (return value 0)
		Usr 0 00:55:59, Sys 0 00:00:01  -  Run Remote Usage
		Usr 0 00:00:00, Sys 0 00:00:00  -  Run Local Usage
		Usr 0 00:55:59, Sys 0 00:00:01  -  Total Remote Usage
		Usr 0 00:00:00, Sys 0 00:00:00  -  Total Local Usage
	0  -  Run Bytes Sent By Job
	0  -  Run Bytes Received By Job
	0  -  Total Bytes Sent By Job
	0  -  Total Bytes Received By Job
	Partitionable Resources :    Usage  Request Allocated 
	   Cpus                 :     1.00        1         1 
	   Disk (KB)            :     1           1    254050 
	   Memory (MB)          :    38           1      1005 
...
