000 (29689.009.000) 01/30 12:06:06 Job submitted from host: <172.16.11.200:9618?addrs=172.16.11.200-9618&noUDP&sock=14877_46f2_4>
...
001 (29689.009.000) 01/30 14:19:46 Job executing on host: <172.16.11.234:9618?addrs=172.16.11.234-9618&alias=pc-farm4&noUDP&sock=startd_5195_3aff>
...
006 (29689.009.000) 01/30 14:19:55 Image size of job updated: 33656
	33  -  MemoryUsage of job (MB)
	33656  -  ResidentSetSize of job (KB)
...
006 (29689.009.000) 01/30 14:24:56 Image size of job updated: 421956
	33  -  MemoryUsage of job (MB)
	33656  -  ResidentSetSize of job (KB)
...
006 (29689.009.000) 01/30 14:29:57 Image size of job updated: 421964
	33  -  MemoryUsage of job (MB)
	33660  -  ResidentSetSize of job (KB)
...
005 (29689.009.000) 01/30 15:36:18 Job terminated.
	(1) Normal termination (return value 0)
		Usr 0 01:16:31, Sys 0 00:00:00  -  Run Remote Usage
		Usr 0 00:00:00, Sys 0 00:00:00  -  Run Local Usage
		Usr 0 01:16:31, Sys 0 00:00:00  -  Total Remote Usage
		Usr 0 00:00:00, Sys 0 00:00:00  -  Total Local Usage
	0  -  Run Bytes Sent By Job
	0  -  Run Bytes Received By Job
	0  -  Total Bytes Sent By Job
	0  -  Total Bytes Received By Job
	Partitionable Resources :    Usage  Request Allocated 
	   Cpus                 :     1.00        1         1 
	   Disk (KB)            :     1           1    255907 
	   Memory (MB)          :    33           1       999 
...
000 (29695.009.000) 01/30 19:49:35 Job submitted from host: <172.16.11.200:9618?addrs=172.16.11.200-9618&noUDP&sock=14877_46f2_4>
...
001 (29695.009.000) 01/30 20:41:08 Job executing on host: <172.16.11.231:9618?addrs=172.16.11.231-9618&noUDP&sock=startd_22895_f54e_4>
...
006 (29695.009.000) 01/30 20:41:17 Image size of job updated: 33464
	33  -  MemoryUsage of job (MB)
	33464  -  ResidentSetSize of job (KB)
...
005 (29695.009.000) 01/30 21:56:39 Job terminated.
	(1) Normal termination (return value 0)
		Usr 0 01:15:30, Sys 0 00:00:00  -  Run Remote Usage
		Usr 0 00:00:00, Sys 0 00:00:00  -  Run Local Usage
		Usr 0 01:15:30, Sys 0 00:00:00  -  Total Remote Usage
		Usr 0 00:00:00, Sys 0 00:00:00  -  Total Local Usage
	0  -  Run Bytes Sent By Job
	0  -  Run Bytes Received By Job
	0  -  Total Bytes Sent By Job
	0  -  Total Bytes Received By Job
	Partitionable Resources :    Usage  Request Allocated 
	   Cpus                 :     1.00        1         1 
	   Disk (KB)            :     1           1    241059 
	   Memory (MB)          :    33           1      2008 
...
