000 (29180.000.000) 01/16 16:02:17 Job submitted from host: <172.16.11.200:9618?addrs=172.16.11.200-9618&noUDP&sock=14877_46f2_4>
...
001 (29180.000.000) 01/16 16:37:30 Job executing on host: <172.16.11.233:9618?addrs=172.16.11.233-9618&alias=pc-farm3&noUDP&sock=startd_4556_edfa>
...
006 (29180.000.000) 01/16 16:37:39 Image size of job updated: 37632
	37  -  MemoryUsage of job (MB)
	37632  -  ResidentSetSize of job (KB)
...
006 (29180.000.000) 01/16 17:07:42 Image size of job updated: 38064
	38  -  MemoryUsage of job (MB)
	38064  -  ResidentSetSize of job (KB)
...
005 (29180.000.000) 01/16 17:24:30 Job terminated.
	(1) Normal termination (return value 0)
		Usr 0 00:46:59, Sys 0 00:00:00  -  Run Remote Usage
		Usr 0 00:00:00, Sys 0 00:00:00  -  Run Local Usage
		Usr 0 00:46:59, Sys 0 00:00:00  -  Total Remote Usage
		Usr 0 00:00:00, Sys 0 00:00:00  -  Total Local Usage
	0  -  Run Bytes Sent By Job
	0  -  Run Bytes Received By Job
	0  -  Total Bytes Sent By Job
	0  -  Total Bytes Received By Job
	Partitionable Resources :    Usage  Request Allocated 
	   Cpus                 :     1.00        1         1 
	   Disk (KB)            :     1           1    254050 
	   Memory (MB)          :    38           1      1005 
...
000 (29685.000.000) 01/30 12:02:35 Job submitted from host: <172.16.11.200:9618?addrs=172.16.11.200-9618&noUDP&sock=14877_46f2_4>
...
001 (29685.000.000) 01/30 13:34:47 Job executing on host: <172.16.11.233:9618?addrs=172.16.11.233-9618&alias=pc-farm3&noUDP&sock=startd_4556_edfa>
...
006 (29685.000.000) 01/30 13:34:56 Image size of job updated: 37116
	37  -  MemoryUsage of job (MB)
	37116  -  ResidentSetSize of job (KB)
...
006 (29685.000.000) 01/30 13:39:56 Image size of job updated: 37164
	37  -  MemoryUsage of job (MB)
	37164  -  ResidentSetSize of job (KB)
...
006 (29685.000.000) 01/30 13:44:57 Image size of job updated: 37204
	37  -  MemoryUsage of job (MB)
	37204  -  ResidentSetSize of job (KB)
...
006 (29685.000.000) 01/30 13:49:57 Image size of job updated: 37224
	37  -  MemoryUsage of job (MB)
	37224  -  ResidentSetSize of job (KB)
...
006 (29685.000.000) 01/30 13:54:57 Image size of job updated: 37244
	37  -  MemoryUsage of job (MB)
	37244  -  ResidentSetSize of job (KB)
...
006 (29685.000.000) 01/30 13:59:58 Image size of job updated: 37264
	37  -  MemoryUsage of job (MB)
	37264  -  ResidentSetSize of job (KB)
...
006 (29685.000.000) 01/30 14:04:59 Image size of job updated: 37408
	37  -  MemoryUsage of job (MB)
	37408  -  ResidentSetSize of job (KB)
...
006 (29685.000.000) 01/30 14:20:01 Image size of job updated: 37464
	37  -  MemoryUsage of job (MB)
	37464  -  ResidentSetSize of job (KB)
...
005 (29685.000.000) 01/30 14:31:54 Job terminated.
	(1) Normal termination (return value 0)
		Usr 0 00:56:57, Sys 0 00:00:01  -  Run Remote Usage
		Usr 0 00:00:00, Sys 0 00:00:00  -  Run Local Usage
		Usr 0 00:56:57, Sys 0 00:00:01  -  Total Remote Usage
		Usr 0 00:00:00, Sys 0 00:00:00  -  Total Local Usage
	0  -  Run Bytes Sent By Job
	0  -  Run Bytes Received By Job
	0  -  Total Bytes Sent By Job
	0  -  Total Bytes Received By Job
	Partitionable Resources :    Usage  Request Allocated 
	   Cpus                 :     1.00        1         1 
	   Disk (KB)            :     1           1    254050 
	   Memory (MB)          :    37           1      1005 
...
