000 (1673153.002.000) 12/22 17:02:58 Job submitted from host: <172.16.2.141:36601>
...
001 (1673153.002.000) 12/22 17:02:59 Job executing on host: <172.16.2.151:35010>
...
007 (1673153.002.000) 12/22 17:02:59 Shadow exception!
	Error from slot3@A151: Failed to execute '/home/zhangliang/Possible_bound_strange_hypernuclei/parallewigner/test.sh' with arguments 2: (errno=13: 'Permission denied')
	0  -  Run Bytes Sent By Job
	0  -  Run Bytes Received By Job
...
012 (1673153.002.000) 12/22 17:03:00 Job was held.
	Error from slot3@A151: Failed to execute '/home/zhangliang/Possible_bound_strange_hypernuclei/parallewigner/test.sh' with arguments 2: (errno=13: 'Permission denied')
	Code 6 Subcode 13
...
009 (1673153.002.000) 12/22 17:05:11 Job was aborted by the user.
	via condor_rm (by user zhangliang)
...
000 (1673154.002.000) 12/22 17:10:32 Job submitted from host: <172.16.2.141:36601>
...
001 (1673154.002.000) 12/22 17:10:32 Job executing on host: <172.16.2.151:35010>
...
006 (1673154.002.000) 12/22 17:10:40 Image size of job updated: 255784
	28  -  MemoryUsage of job (MB)
	28424  -  ResidentSetSize of job (KB)
...
006 (1673154.002.000) 12/22 17:15:41 Image size of job updated: 255852
	35  -  MemoryUsage of job (MB)
	35268  -  ResidentSetSize of job (KB)
...
005 (1673154.002.000) 12/22 17:23:00 Job terminated.
	(1) Normal termination (return value 0)
		Usr 0 00:12:23, Sys 0 00:00:00  -  Run Remote Usage
		Usr 0 00:00:00, Sys 0 00:00:00  -  Run Local Usage
		Usr 0 00:12:23, Sys 0 00:00:00  -  Total Remote Usage
		Usr 0 00:00:00, Sys 0 00:00:00  -  Total Local Usage
	0  -  Run Bytes Sent By Job
	0  -  Run Bytes Received By Job
	0  -  Total Bytes Sent By Job
	0  -  Total Bytes Received By Job
	Partitionable Resources :    Usage  Request Allocated
	   Cpus                 :                 1         1
	   Disk (KB)            :        1        1   1084963
	   Memory (MB)          :       35        1     12107
...
000 (1673179.002.000) 12/24 15:12:06 Job submitted from host: <172.16.2.141:36601>
...
001 (1673179.002.000) 12/24 15:12:24 Job executing on host: <172.16.2.141:56348>
...
006 (1673179.002.000) 12/24 15:12:33 Image size of job updated: 242440
	30  -  MemoryUsage of job (MB)
	29908  -  ResidentSetSize of job (KB)
...
006 (1673179.002.000) 12/24 15:17:34 Image size of job updated: 242444
	30  -  MemoryUsage of job (MB)
	29972  -  ResidentSetSize of job (KB)
...
005 (1673179.002.000) 12/24 15:27:13 Job terminated.
	(1) Normal termination (return value 0)
		Usr 0 00:14:44, Sys 0 00:00:00  -  Run Remote Usage
		Usr 0 00:00:00, Sys 0 00:00:00  -  Run Local Usage
		Usr 0 00:14:44, Sys 0 00:00:00  -  Total Remote Usage
		Usr 0 00:00:00, Sys 0 00:00:00  -  Total Local Usage
	0  -  Run Bytes Sent By Job
	0  -  Run Bytes Received By Job
	0  -  Total Bytes Sent By Job
	0  -  Total Bytes Received By Job
	Partitionable Resources :    Usage  Request Allocated
	   Cpus                 :                 1         1
	   Disk (KB)            :        1        1  18596035
	   Memory (MB)          :       30        1      2676
...
000 (1673182.002.000) 12/24 20:39:03 Job submitted from host: <172.16.2.141:36601>
...
001 (1673182.002.000) 12/24 20:44:05 Job executing on host: <172.16.2.151:35010>
...
006 (1673182.002.000) 12/24 20:44:14 Image size of job updated: 255880
	28  -  MemoryUsage of job (MB)
	28212  -  ResidentSetSize of job (KB)
...
006 (1673182.002.000) 12/24 20:49:14 Image size of job updated: 256904
	35  -  MemoryUsage of job (MB)
	35440  -  ResidentSetSize of job (KB)
...
006 (1673182.002.000) 12/24 20:54:14 Image size of job updated: 256904
	37  -  MemoryUsage of job (MB)
	37480  -  ResidentSetSize of job (KB)
...
005 (1673182.002.000) 12/24 20:58:29 Job terminated.
	(1) Normal termination (return value 0)
		Usr 0 00:14:15, Sys 0 00:00:00  -  Run Remote Usage
		Usr 0 00:00:00, Sys 0 00:00:00  -  Run Local Usage
		Usr 0 00:14:15, Sys 0 00:00:00  -  Total Remote Usage
		Usr 0 00:00:00, Sys 0 00:00:00  -  Total Local Usage
	0  -  Run Bytes Sent By Job
	0  -  Run Bytes Received By Job
	0  -  Total Bytes Sent By Job
	0  -  Total Bytes Received By Job
	Partitionable Resources :    Usage  Request Allocated
	   Cpus                 :                 1         1
	   Disk (KB)            :        1        1   1084981
	   Memory (MB)          :       37        1     12107
...
000 (1673190.002.000) 12/25 19:55:10 Job submitted from host: <172.16.2.141:36601>
...
001 (1673190.002.000) 12/25 19:55:11 Job executing on host: <172.16.2.141:56348>
...
006 (1673190.002.000) 12/25 19:55:19 Image size of job updated: 242452
	30  -  MemoryUsage of job (MB)
	29956  -  ResidentSetSize of job (KB)
...
004 (1673190.002.000) 12/25 19:55:45 Job was evicted.
	(0) Job was not checkpointed.
		Usr 0 00:00:34, Sys 0 00:00:00  -  Run Remote Usage
		Usr 0 00:00:00, Sys 0 00:00:00  -  Run Local Usage
	0  -  Run Bytes Sent By Job
	0  -  Run Bytes Received By Job
	Partitionable Resources :    Usage  Request Allocated
	   Cpus                 :                 1         1
	   Disk (KB)            :        1        1  18595773
	   Memory (MB)          :       30        1      2676
...
009 (1673190.002.000) 12/25 19:55:46 Job was aborted by the user.
	via condor_rm (by user zhangliang)
...
000 (1673191.002.000) 12/25 19:58:56 Job submitted from host: <172.16.2.141:36601>
...
001 (1673191.002.000) 12/25 19:58:57 Job executing on host: <172.16.2.141:56348>
...
006 (1673191.002.000) 12/25 19:59:06 Image size of job updated: 242452
	29  -  MemoryUsage of job (MB)
	29600  -  ResidentSetSize of job (KB)
...
006 (1673191.002.000) 12/25 20:04:07 Image size of job updated: 242456
	29  -  MemoryUsage of job (MB)
	29668  -  ResidentSetSize of job (KB)
...
006 (1673191.002.000) 12/25 20:09:07 Image size of job updated: 242456
	29  -  MemoryUsage of job (MB)
	29672  -  ResidentSetSize of job (KB)
...
005 (1673191.002.000) 12/25 20:16:41 Job terminated.
	(1) Normal termination (return value 0)
		Usr 0 00:17:29, Sys 0 00:00:00  -  Run Remote Usage
		Usr 0 00:00:00, Sys 0 00:00:00  -  Run Local Usage
		Usr 0 00:17:29, Sys 0 00:00:00  -  Total Remote Usage
		Usr 0 00:00:00, Sys 0 00:00:00  -  Total Local Usage
	0  -  Run Bytes Sent By Job
	0  -  Run Bytes Received By Job
	0  -  Total Bytes Sent By Job
	0  -  Total Bytes Received By Job
	Partitionable Resources :    Usage  Request Allocated
	   Cpus                 :                 1         1
	   Disk (KB)            :        1        1  18595826
	   Memory (MB)          :       29        1      2676
...
