000 (29177.006.000) 01/16 16:02:07 Job submitted from host: <172.16.11.200:9618?addrs=172.16.11.200-9618&noUDP&sock=14877_46f2_4>
...
001 (29177.006.000) 01/16 16:04:29 Job executing on host: <172.16.11.232:9618?addrs=172.16.11.232-9618&alias=pc-farm2&noUDP&sock=startd_4986_dfb4_4>
...
006 (29177.006.000) 01/16 16:04:38 Image size of job updated: 33592
	33  -  MemoryUsage of job (MB)
	33592  -  ResidentSetSize of job (KB)
...
005 (29177.006.000) 01/16 17:37:40 Job terminated.
	(1) Normal termination (return value 0)
		Usr 0 01:30:07, Sys 0 00:00:00  -  Run Remote Usage
		Usr 0 00:00:00, Sys 0 00:00:00  -  Run Local Usage
		Usr 0 01:30:07, Sys 0 00:00:00  -  Total Remote Usage
		Usr 0 00:00:00, Sys 0 00:00:00  -  Total Local Usage
	0  -  Run Bytes Sent By Job
	0  -  Run Bytes Received By Job
	0  -  Total Bytes Sent By Job
	0  -  Total Bytes Received By Job
	Partitionable Resources :    Usage  Request Allocated 
	   Cpus                 :     0.90        1         1 
	   Disk (KB)            :     1           1    245927 
	   Memory (MB)          :    33           1      1005 
...
000 (29686.006.000) 01/30 12:02:43 Job submitted from host: <172.16.11.200:9618?addrs=172.16.11.200-9618&noUDP&sock=14877_46f2_4>
...
001 (29686.006.000) 01/30 13:47:49 Job executing on host: <172.16.11.233:9618?addrs=172.16.11.233-9618&alias=pc-farm3&noUDP&sock=startd_4556_edfa>
...
006 (29686.006.000) 01/30 13:47:58 Image size of job updated: 36700
	36  -  MemoryUsage of job (MB)
	36700  -  ResidentSetSize of job (KB)
...
006 (29686.006.000) 01/30 14:18:00 Image size of job updated: 36748
	36  -  MemoryUsage of job (MB)
	36748  -  ResidentSetSize of job (KB)
...
006 (29686.006.000) 01/30 14:43:03 Image size of job updated: 36816
	36  -  MemoryUsage of job (MB)
	36816  -  ResidentSetSize of job (KB)
...
005 (29686.006.000) 01/30 15:04:02 Job terminated.
	(1) Normal termination (return value 0)
		Usr 0 01:16:05, Sys 0 00:00:01  -  Run Remote Usage
		Usr 0 00:00:00, Sys 0 00:00:00  -  Run Local Usage
		Usr 0 01:16:05, Sys 0 00:00:01  -  Total Remote Usage
		Usr 0 00:00:00, Sys 0 00:00:00  -  Total Local Usage
	0  -  Run Bytes Sent By Job
	0  -  Run Bytes Received By Job
	0  -  Total Bytes Sent By Job
	0  -  Total Bytes Received By Job
	Partitionable Resources :    Usage  Request Allocated 
	   Cpus                 :     1.00        1         1 
	   Disk (KB)            :     1           1    254050 
	   Memory (MB)          :    36           1      1005 
...
