000 (29180.002.000) 01/16 16:02:17 Job submitted from host: <172.16.11.200:9618?addrs=172.16.11.200-9618&noUDP&sock=14877_46f2_4>
...
001 (29180.002.000) 01/16 16:38:31 Job executing on host: <172.16.11.232:9618?addrs=172.16.11.232-9618&alias=pc-farm2&noUDP&sock=startd_4986_dfb4_4>
...
006 (29180.002.000) 01/16 16:38:40 Image size of job updated: 33328
	33  -  MemoryUsage of job (MB)
	33328  -  ResidentSetSize of job (KB)
...
006 (29180.002.000) 01/16 17:47:53 Image size of job updated: 421992
	33  -  MemoryUsage of job (MB)
	33328  -  ResidentSetSize of job (KB)
...
005 (29180.002.000) 01/16 17:47:53 Job terminated.
	(1) Normal termination (return value 0)
		Usr 0 01:08:16, Sys 0 00:00:00  -  Run Remote Usage
		Usr 0 00:00:00, Sys 0 00:00:00  -  Run Local Usage
		Usr 0 01:08:16, Sys 0 00:00:00  -  Total Remote Usage
		Usr 0 00:00:00, Sys 0 00:00:00  -  Total Local Usage
	0  -  Run Bytes Sent By Job
	0  -  Run Bytes Received By Job
	0  -  Total Bytes Sent By Job
	0  -  Total Bytes Received By Job
	Partitionable Resources :    Usage  Request Allocated 
	   Cpus                 :     1.00        1         1 
	   Disk (KB)            :     1           1    245927 
	   Memory (MB)          :    33           1      1005 
...
000 (29685.002.000) 01/30 12:02:35 Job submitted from host: <172.16.11.200:9618?addrs=172.16.11.200-9618&noUDP&sock=14877_46f2_4>
...
001 (29685.002.000) 01/30 13:35:46 Job executing on host: <172.16.11.231:9618?addrs=172.16.11.231-9618&noUDP&sock=startd_22895_f54e_4>
...
006 (29685.002.000) 01/30 13:35:55 Image size of job updated: 33564
	33  -  MemoryUsage of job (MB)
	33564  -  ResidentSetSize of job (KB)
...
006 (29685.002.000) 01/30 13:40:55 Image size of job updated: 34204
	34  -  MemoryUsage of job (MB)
	34204  -  ResidentSetSize of job (KB)
...
005 (29685.002.000) 01/30 14:38:32 Job terminated.
	(1) Normal termination (return value 0)
		Usr 0 01:02:45, Sys 0 00:00:00  -  Run Remote Usage
		Usr 0 00:00:00, Sys 0 00:00:00  -  Run Local Usage
		Usr 0 01:02:45, Sys 0 00:00:00  -  Total Remote Usage
		Usr 0 00:00:00, Sys 0 00:00:00  -  Total Local Usage
	0  -  Run Bytes Sent By Job
	0  -  Run Bytes Received By Job
	0  -  Total Bytes Sent By Job
	0  -  Total Bytes Received By Job
	Partitionable Resources :    Usage  Request Allocated 
	   Cpus                 :     1.00        1         1 
	   Disk (KB)            :     1           1    241059 
	   Memory (MB)          :    34           1      2008 
...
