000 (29691.006.000) 01/30 12:06:42 Job submitted from host: <172.16.11.200:9618?addrs=172.16.11.200-9618&noUDP&sock=14877_46f2_4>
...
001 (29691.006.000) 01/30 14:28:46 Job executing on host: <172.16.11.234:9618?addrs=172.16.11.234-9618&alias=pc-farm4&noUDP&sock=startd_5195_3aff>
...
006 (29691.006.000) 01/30 14:28:55 Image size of job updated: 422016
	33  -  MemoryUsage of job (MB)
	33712  -  ResidentSetSize of job (KB)
...
006 (29691.006.000) 01/30 14:38:56 Image size of job updated: 422024
	33  -  MemoryUsage of job (MB)
	33716  -  ResidentSetSize of job (KB)
...
005 (29691.006.000) 01/30 15:51:06 Job terminated.
	(1) Normal termination (return value 0)
		Usr 0 01:22:18, Sys 0 00:00:00  -  Run Remote Usage
		Usr 0 00:00:00, Sys 0 00:00:00  -  Run Local Usage
		Usr 0 01:22:18, Sys 0 00:00:00  -  Total Remote Usage
		Usr 0 00:00:00, Sys 0 00:00:00  -  Total Local Usage
	0  -  Run Bytes Sent By Job
	0  -  Run Bytes Received By Job
	0  -  Total Bytes Sent By Job
	0  -  Total Bytes Received By Job
	Partitionable Resources :    Usage  Request Allocated 
	   Cpus                 :     1.00        1         1 
	   Disk (KB)            :     1           1    255907 
	   Memory (MB)          :    33           1       999 
...
000 (29694.006.000) 01/30 19:48:19 Job submitted from host: <172.16.11.200:9618?addrs=172.16.11.200-9618&noUDP&sock=14877_46f2_4>
...
001 (29694.006.000) 01/30 20:24:33 Job executing on host: <172.16.11.233:9618?addrs=172.16.11.233-9618&alias=pc-farm3&noUDP&sock=startd_4556_edfa>
...
006 (29694.006.000) 01/30 20:24:42 Image size of job updated: 36768
	36  -  MemoryUsage of job (MB)
	36768  -  ResidentSetSize of job (KB)
...
006 (29694.006.000) 01/30 20:29:42 Image size of job updated: 36780
	36  -  MemoryUsage of job (MB)
	36780  -  ResidentSetSize of job (KB)
...
006 (29694.006.000) 01/30 20:34:43 Image size of job updated: 36812
	36  -  MemoryUsage of job (MB)
	36812  -  ResidentSetSize of job (KB)
...
006 (29694.006.000) 01/30 20:39:44 Image size of job updated: 36824
	36  -  MemoryUsage of job (MB)
	36824  -  ResidentSetSize of job (KB)
...
006 (29694.006.000) 01/30 20:44:44 Image size of job updated: 36840
	36  -  MemoryUsage of job (MB)
	36840  -  ResidentSetSize of job (KB)
...
006 (29694.006.000) 01/30 20:49:44 Image size of job updated: 36852
	36  -  MemoryUsage of job (MB)
	36852  -  ResidentSetSize of job (KB)
...
006 (29694.006.000) 01/30 20:54:45 Image size of job updated: 36864
	36  -  MemoryUsage of job (MB)
	36864  -  ResidentSetSize of job (KB)
...
006 (29694.006.000) 01/30 20:59:45 Image size of job updated: 36876
	37  -  MemoryUsage of job (MB)
	36876  -  ResidentSetSize of job (KB)
...
006 (29694.006.000) 01/30 21:04:45 Image size of job updated: 36892
	37  -  MemoryUsage of job (MB)
	36892  -  ResidentSetSize of job (KB)
...
006 (29694.006.000) 01/30 21:09:46 Image size of job updated: 36904
	37  -  MemoryUsage of job (MB)
	36904  -  ResidentSetSize of job (KB)
...
006 (29694.006.000) 01/30 21:14:46 Image size of job updated: 36916
	37  -  MemoryUsage of job (MB)
	36916  -  ResidentSetSize of job (KB)
...
006 (29694.006.000) 01/30 21:19:46 Image size of job updated: 36932
	37  -  MemoryUsage of job (MB)
	36932  -  ResidentSetSize of job (KB)
...
006 (29694.006.000) 01/30 21:24:47 Image size of job updated: 36944
	37  -  MemoryUsage of job (MB)
	36944  -  ResidentSetSize of job (KB)
...
006 (29694.006.000) 01/30 21:29:48 Image size of job updated: 37084
	37  -  MemoryUsage of job (MB)
	37084  -  ResidentSetSize of job (KB)
...
005 (29694.006.000) 01/30 21:46:57 Job terminated.
	(1) Normal termination (return value 0)
		Usr 0 01:22:05, Sys 0 00:00:02  -  Run Remote Usage
		Usr 0 00:00:00, Sys 0 00:00:00  -  Run Local Usage
		Usr 0 01:22:05, Sys 0 00:00:02  -  Total Remote Usage
		Usr 0 00:00:00, Sys 0 00:00:00  -  Total Local Usage
	0  -  Run Bytes Sent By Job
	0  -  Run Bytes Received By Job
	0  -  Total Bytes Sent By Job
	0  -  Total Bytes Received By Job
	Partitionable Resources :    Usage  Request Allocated 
	   Cpus                 :     0.99        1         1 
	   Disk (KB)            :     1           1    254050 
	   Memory (MB)          :    37           1      1005 
...
