000 (29689.012.000) 01/30 12:06:06 Job submitted from host: <172.16.11.200:9618?addrs=172.16.11.200-9618&noUDP&sock=14877_46f2_4>
...
001 (29689.012.000) 01/30 14:20:46 Job executing on host: <172.16.11.233:9618?addrs=172.16.11.233-9618&alias=pc-farm3&noUDP&sock=startd_4556_edfa>
...
006 (29689.012.000) 01/30 14:20:55 Image size of job updated: 38140
	38  -  MemoryUsage of job (MB)
	38140  -  ResidentSetSize of job (KB)
...
006 (29689.012.000) 01/30 14:30:55 Image size of job updated: 38152
	38  -  MemoryUsage of job (MB)
	38152  -  ResidentSetSize of job (KB)
...
006 (29689.012.000) 01/30 14:35:56 Image size of job updated: 38168
	38  -  MemoryUsage of job (MB)
	38168  -  ResidentSetSize of job (KB)
...
006 (29689.012.000) 01/30 14:40:56 Image size of job updated: 38180
	38  -  MemoryUsage of job (MB)
	38180  -  ResidentSetSize of job (KB)
...
006 (29689.012.000) 01/30 14:45:56 Image size of job updated: 38196
	38  -  MemoryUsage of job (MB)
	38196  -  ResidentSetSize of job (KB)
...
006 (29689.012.000) 01/30 14:50:57 Image size of job updated: 38208
	38  -  MemoryUsage of job (MB)
	38208  -  ResidentSetSize of job (KB)
...
006 (29689.012.000) 01/30 14:55:57 Image size of job updated: 38220
	38  -  MemoryUsage of job (MB)
	38220  -  ResidentSetSize of job (KB)
...
006 (29689.012.000) 01/30 15:00:57 Image size of job updated: 38236
	38  -  MemoryUsage of job (MB)
	38236  -  ResidentSetSize of job (KB)
...
006 (29689.012.000) 01/30 15:05:58 Image size of job updated: 38248
	38  -  MemoryUsage of job (MB)
	38248  -  ResidentSetSize of job (KB)
...
006 (29689.012.000) 01/30 15:10:59 Image size of job updated: 38264
	38  -  MemoryUsage of job (MB)
	38264  -  ResidentSetSize of job (KB)
...
006 (29689.012.000) 01/30 15:15:59 Image size of job updated: 38280
	38  -  MemoryUsage of job (MB)
	38280  -  ResidentSetSize of job (KB)
...
006 (29689.012.000) 01/30 15:21:00 Image size of job updated: 38420
	38  -  MemoryUsage of job (MB)
	38420  -  ResidentSetSize of job (KB)
...
005 (29689.012.000) 01/30 15:31:33 Job terminated.
	(1) Normal termination (return value 0)
		Usr 0 01:10:39, Sys 0 00:00:01  -  Run Remote Usage
		Usr 0 00:00:00, Sys 0 00:00:00  -  Run Local Usage
		Usr 0 01:10:39, Sys 0 00:00:01  -  Total Remote Usage
		Usr 0 00:00:00, Sys 0 00:00:00  -  Total Local Usage
	0  -  Run Bytes Sent By Job
	0  -  Run Bytes Received By Job
	0  -  Total Bytes Sent By Job
	0  -  Total Bytes Received By Job
	Partitionable Resources :    Usage  Request Allocated 
	   Cpus                 :     1.00        1         1 
	   Disk (KB)            :     1           1    254050 
	   Memory (MB)          :    38           1      1005 
...
000 (29695.012.000) 01/30 19:49:35 Job submitted from host: <172.16.11.200:9618?addrs=172.16.11.200-9618&noUDP&sock=14877_46f2_4>
...
001 (29695.012.000) 01/30 20:42:08 Job executing on host: <172.16.11.231:9618?addrs=172.16.11.231-9618&noUDP&sock=startd_22895_f54e_4>
...
006 (29695.012.000) 01/30 20:42:16 Image size of job updated: 33604
	33  -  MemoryUsage of job (MB)
	33604  -  ResidentSetSize of job (KB)
...
005 (29695.012.000) 01/30 22:04:11 Job terminated.
	(1) Normal termination (return value 0)
		Usr 0 01:22:01, Sys 0 00:00:01  -  Run Remote Usage
		Usr 0 00:00:00, Sys 0 00:00:00  -  Run Local Usage
		Usr 0 01:22:01, Sys 0 00:00:01  -  Total Remote Usage
		Usr 0 00:00:00, Sys 0 00:00:00  -  Total Local Usage
	0  -  Run Bytes Sent By Job
	0  -  Run Bytes Received By Job
	0  -  Total Bytes Sent By Job
	0  -  Total Bytes Received By Job
	Partitionable Resources :    Usage  Request Allocated 
	   Cpus                 :     1.00        1         1 
	   Disk (KB)            :     1           1    241059 
	   Memory (MB)          :    33           1      2008 
...
