000 (29178.002.000) 01/16 16:02:11 Job submitted from host: <172.16.11.200:9618?addrs=172.16.11.200-9618&noUDP&sock=14877_46f2_4>
...
001 (29178.002.000) 01/16 16:16:31 Job executing on host: <172.16.11.232:9618?addrs=172.16.11.232-9618&alias=pc-farm2&noUDP&sock=startd_4986_dfb4_4>
...
006 (29178.002.000) 01/16 16:16:39 Image size of job updated: 33068
	33  -  MemoryUsage of job (MB)
	33068  -  ResidentSetSize of job (KB)
...
005 (29178.002.000) 01/16 17:51:48 Job terminated.
	(1) Normal termination (return value 0)
		Usr 0 01:32:10, Sys 0 00:00:00  -  Run Remote Usage
		Usr 0 00:00:00, Sys 0 00:00:00  -  Run Local Usage
		Usr 0 01:32:10, Sys 0 00:00:00  -  Total Remote Usage
		Usr 0 00:00:00, Sys 0 00:00:00  -  Total Local Usage
	0  -  Run Bytes Sent By Job
	0  -  Run Bytes Received By Job
	0  -  Total Bytes Sent By Job
	0  -  Total Bytes Received By Job
	Partitionable Resources :    Usage  Request Allocated 
	   Cpus                 :     0.99        1         1 
	   Disk (KB)            :     1           1    245927 
	   Memory (MB)          :    33           1      1005 
...
000 (29664.002.000) 01/29 22:34:12 Job submitted from host: <172.16.11.200:9618?addrs=172.16.11.200-9618&noUDP&sock=14877_46f2_4>
...
000 (29665.002.000) 01/29 22:34:33 Job submitted from host: <172.16.11.200:9618?addrs=172.16.11.200-9618&noUDP&sock=14877_46f2_4>
...
009 (29664.002.000) 01/29 22:34:37 Job was aborted by the user.
	via condor_rm (by user zhangliang)
...
001 (29665.002.000) 01/29 22:34:49 Job executing on host: <172.16.11.234:9618?addrs=172.16.11.234-9618&alias=pc-farm4&noUDP&sock=startd_5195_3aff>
...
006 (29665.002.000) 01/29 22:34:58 Image size of job updated: 421984
	33  -  MemoryUsage of job (MB)
	33652  -  ResidentSetSize of job (KB)
...
006 (29665.002.000) 01/29 22:45:00 Image size of job updated: 421992
	33  -  MemoryUsage of job (MB)
	33656  -  ResidentSetSize of job (KB)
...
005 (29665.002.000) 01/30 00:04:20 Job terminated.
	(1) Normal termination (return value 0)
		Usr 0 01:29:30, Sys 0 00:00:00  -  Run Remote Usage
		Usr 0 00:00:00, Sys 0 00:00:00  -  Run Local Usage
		Usr 0 01:29:30, Sys 0 00:00:00  -  Total Remote Usage
		Usr 0 00:00:00, Sys 0 00:00:00  -  Total Local Usage
	0  -  Run Bytes Sent By Job
	0  -  Run Bytes Received By Job
	0  -  Total Bytes Sent By Job
	0  -  Total Bytes Received By Job
	Partitionable Resources :    Usage  Request Allocated 
	   Cpus                 :     1.00        1         1 
	   Disk (KB)            :     1           1    255907 
	   Memory (MB)          :    33           1       999 
...
000 (29666.002.000) 01/30 07:30:40 Job submitted from host: <172.16.11.200:9618?addrs=172.16.11.200-9618&noUDP&sock=14877_46f2_4>
...
009 (29666.002.000) 01/30 07:30:51 Job was aborted by the user.
	via condor_rm (by user zhangliang)
...
000 (29667.002.000) 01/30 07:32:28 Job submitted from host: <172.16.11.200:9618?addrs=172.16.11.200-9618&noUDP&sock=14877_46f2_4>
...
001 (29667.002.000) 01/30 07:35:29 Job executing on host: <172.16.11.234:9618?addrs=172.16.11.234-9618&alias=pc-farm4&noUDP&sock=startd_5195_3aff>
...
006 (29667.002.000) 01/30 07:35:38 Image size of job updated: 410728
	33  -  MemoryUsage of job (MB)
	33656  -  ResidentSetSize of job (KB)
...
006 (29667.002.000) 01/30 07:40:39 Image size of job updated: 421984
	33  -  MemoryUsage of job (MB)
	33656  -  ResidentSetSize of job (KB)
...
006 (29667.002.000) 01/30 07:45:39 Image size of job updated: 421992
	33  -  MemoryUsage of job (MB)
	33660  -  ResidentSetSize of job (KB)
...
005 (29667.002.000) 01/30 09:03:33 Job terminated.
	(1) Normal termination (return value 0)
		Usr 0 01:27:59, Sys 0 00:00:00  -  Run Remote Usage
		Usr 0 00:00:00, Sys 0 00:00:00  -  Run Local Usage
		Usr 0 01:27:59, Sys 0 00:00:00  -  Total Remote Usage
		Usr 0 00:00:00, Sys 0 00:00:00  -  Total Local Usage
	0  -  Run Bytes Sent By Job
	0  -  Run Bytes Received By Job
	0  -  Total Bytes Sent By Job
	0  -  Total Bytes Received By Job
	Partitionable Resources :    Usage  Request Allocated 
	   Cpus                 :     1.00        1         1 
	   Disk (KB)            :     1           1    255907 
	   Memory (MB)          :    33           1       999 
...
000 (29669.002.000) 01/30 09:30:24 Job submitted from host: <172.16.11.200:9618?addrs=172.16.11.200-9618&noUDP&sock=14877_46f2_4>
...
001 (29669.002.000) 01/30 09:32:28 Job executing on host: <172.16.11.233:9618?addrs=172.16.11.233-9618&alias=pc-farm3&noUDP&sock=startd_4556_edfa>
...
006 (29669.002.000) 01/30 09:32:38 Image size of job updated: 37252
	37  -  MemoryUsage of job (MB)
	37252  -  ResidentSetSize of job (KB)
...
006 (29669.002.000) 01/30 09:42:40 Image size of job updated: 37284
	37  -  MemoryUsage of job (MB)
	37284  -  ResidentSetSize of job (KB)
...
006 (29669.002.000) 01/30 09:47:40 Image size of job updated: 37296
	37  -  MemoryUsage of job (MB)
	37296  -  ResidentSetSize of job (KB)
...
006 (29669.002.000) 01/30 09:52:41 Image size of job updated: 37312
	37  -  MemoryUsage of job (MB)
	37312  -  ResidentSetSize of job (KB)
...
006 (29669.002.000) 01/30 09:57:42 Image size of job updated: 37328
	37  -  MemoryUsage of job (MB)
	37328  -  ResidentSetSize of job (KB)
...
006 (29669.002.000) 01/30 10:02:42 Image size of job updated: 37468
	37  -  MemoryUsage of job (MB)
	37468  -  ResidentSetSize of job (KB)
...
006 (29669.002.000) 01/30 10:47:48 Image size of job updated: 37600
	37  -  MemoryUsage of job (MB)
	37600  -  ResidentSetSize of job (KB)
...
005 (29669.002.000) 01/30 10:54:03 Job terminated.
	(1) Normal termination (return value 0)
		Usr 0 01:21:22, Sys 0 00:00:04  -  Run Remote Usage
		Usr 0 00:00:00, Sys 0 00:00:00  -  Run Local Usage
		Usr 0 01:21:22, Sys 0 00:00:04  -  Total Remote Usage
		Usr 0 00:00:00, Sys 0 00:00:00  -  Total Local Usage
	0  -  Run Bytes Sent By Job
	0  -  Run Bytes Received By Job
	0  -  Total Bytes Sent By Job
	0  -  Total Bytes Received By Job
	Partitionable Resources :    Usage  Request Allocated 
	   Cpus                 :     1.00        1         1 
	   Disk (KB)            :     1           1    254050 
	   Memory (MB)          :    37           1      1005 
...
000 (29687.002.000) 01/30 12:02:48 Job submitted from host: <172.16.11.200:9618?addrs=172.16.11.200-9618&noUDP&sock=14877_46f2_4>
...
001 (29687.002.000) 01/30 13:55:47 Job executing on host: <172.16.11.233:9618?addrs=172.16.11.233-9618&alias=pc-farm3&noUDP&sock=startd_4556_edfa>
...
006 (29687.002.000) 01/30 13:55:56 Image size of job updated: 36456
	36  -  MemoryUsage of job (MB)
	36456  -  ResidentSetSize of job (KB)
...
006 (29687.002.000) 01/30 14:00:57 Image size of job updated: 36468
	36  -  MemoryUsage of job (MB)
	36468  -  ResidentSetSize of job (KB)
...
006 (29687.002.000) 01/30 14:05:57 Image size of job updated: 36496
	36  -  MemoryUsage of job (MB)
	36496  -  ResidentSetSize of job (KB)
...
006 (29687.002.000) 01/30 14:10:57 Image size of job updated: 36636
	36  -  MemoryUsage of job (MB)
	36636  -  ResidentSetSize of job (KB)
...
006 (29687.002.000) 01/30 14:25:59 Image size of job updated: 36680
	36  -  MemoryUsage of job (MB)
	36680  -  ResidentSetSize of job (KB)
...
006 (29687.002.000) 01/30 14:51:03 Image size of job updated: 36748
	36  -  MemoryUsage of job (MB)
	36748  -  ResidentSetSize of job (KB)
...
005 (29687.002.000) 01/30 15:13:21 Job terminated.
	(1) Normal termination (return value 0)
		Usr 0 01:17:27, Sys 0 00:00:01  -  Run Remote Usage
		Usr 0 00:00:00, Sys 0 00:00:00  -  Run Local Usage
		Usr 0 01:17:27, Sys 0 00:00:01  -  Total Remote Usage
		Usr 0 00:00:00, Sys 0 00:00:00  -  Total Local Usage
	0  -  Run Bytes Sent By Job
	0  -  Run Bytes Received By Job
	0  -  Total Bytes Sent By Job
	0  -  Total Bytes Received By Job
	Partitionable Resources :    Usage  Request Allocated 
	   Cpus                 :     1.00        1         1 
	   Disk (KB)            :     1           1    254050 
	   Memory (MB)          :    36           1      1005 
...
