000 (1673153.030.000) 12/22 17:02:58 Job submitted from host: <172.16.2.141:36601>
...
001 (1673153.030.000) 12/22 17:03:02 Job executing on host: <172.16.2.151:35010>
...
007 (1673153.030.000) 12/22 17:03:02 Shadow exception!
	Error from slot31@A151: Failed to execute '/home/zhangliang/Possible_bound_strange_hypernuclei/parallewigner/test.sh' with arguments 30: (errno=13: 'Permission denied')
	0  -  Run Bytes Sent By Job
	0  -  Run Bytes Received By Job
...
012 (1673153.030.000) 12/22 17:03:03 Job was held.
	Error from slot31@A151: Failed to execute '/home/zhangliang/Possible_bound_strange_hypernuclei/parallewigner/test.sh' with arguments 30: (errno=13: 'Permission denied')
	Code 6 Subcode 13
...
009 (1673153.030.000) 12/22 17:05:12 Job was aborted by the user.
	via condor_rm (by user zhangliang)
...
000 (1673154.030.000) 12/22 17:10:32 Job submitted from host: <172.16.2.141:36601>
...
001 (1673154.030.000) 12/22 17:10:35 Job executing on host: <172.16.2.151:35010>
...
006 (1673154.030.000) 12/22 17:10:43 Image size of job updated: 254144
	27  -  MemoryUsage of job (MB)
	27212  -  ResidentSetSize of job (KB)
...
006 (1673154.030.000) 12/22 17:15:44 Image size of job updated: 256876
	29  -  MemoryUsage of job (MB)
	29016  -  ResidentSetSize of job (KB)
...
006 (1673154.030.000) 12/22 17:20:44 Image size of job updated: 256876
	37  -  MemoryUsage of job (MB)
	37552  -  ResidentSetSize of job (KB)
...
005 (1673154.030.000) 12/22 17:22:40 Job terminated.
	(1) Normal termination (return value 0)
		Usr 0 00:12:01, Sys 0 00:00:00  -  Run Remote Usage
		Usr 0 00:00:00, Sys 0 00:00:00  -  Run Local Usage
		Usr 0 00:12:01, Sys 0 00:00:00  -  Total Remote Usage
		Usr 0 00:00:00, Sys 0 00:00:00  -  Total Local Usage
	0  -  Run Bytes Sent By Job
	0  -  Run Bytes Received By Job
	0  -  Total Bytes Sent By Job
	0  -  Total Bytes Received By Job
	Partitionable Resources :    Usage  Request Allocated
	   Cpus                 :                 1         1
	   Disk (KB)            :        1        1   1084963
	   Memory (MB)          :       37        1     12107
...
