000 (29176.009.000) 01/16 14:05:53 Job submitted from host: <172.16.11.200:9618?addrs=172.16.11.200-9618&noUDP&sock=14877_46f2_4>
...
001 (29176.009.000) 01/16 14:53:58 Job executing on host: <172.16.11.232:9618?addrs=172.16.11.232-9618&alias=pc-farm2&noUDP&sock=startd_4986_dfb4_4>
...
006 (29176.009.000) 01/16 14:53:59 Image size of job updated: 1
	0  -  MemoryUsage of job (MB)
	0  -  ResidentSetSize of job (KB)
...
005 (29176.009.000) 01/16 14:53:59 Job terminated.
	(1) Normal termination (return value 0)
		Usr 0 00:00:00, Sys 0 00:00:00  -  Run Remote Usage
		Usr 0 00:00:00, Sys 0 00:00:00  -  Run Local Usage
		Usr 0 00:00:00, Sys 0 00:00:00  -  Total Remote Usage
		Usr 0 00:00:00, Sys 0 00:00:00  -  Total Local Usage
	0  -  Run Bytes Sent By Job
	0  -  Run Bytes Received By Job
	0  -  Total Bytes Sent By Job
	0  -  Total Bytes Received By Job
	Partitionable Resources :    Usage  Request Allocated 
	   Cpus                 :                 1         1 
	   Disk (KB)            :        1        1    245927 
	   Memory (MB)          :        0        1      1005 
...
000 (29179.009.000) 01/16 16:02:14 Job submitted from host: <172.16.11.200:9618?addrs=172.16.11.200-9618&noUDP&sock=14877_46f2_4>
...
001 (29179.009.000) 01/16 16:28:30 Job executing on host: <172.16.11.234:9618?addrs=172.16.11.234-9618&alias=pc-farm4&noUDP&sock=startd_5195_3aff>
...
006 (29179.009.000) 01/16 16:28:38 Image size of job updated: 421952
	33  -  MemoryUsage of job (MB)
	33648  -  ResidentSetSize of job (KB)
...
006 (29179.009.000) 01/16 16:38:39 Image size of job updated: 421960
	33  -  MemoryUsage of job (MB)
	33648  -  ResidentSetSize of job (KB)
...
005 (29179.009.000) 01/16 17:43:45 Job terminated.
	(1) Normal termination (return value 0)
		Usr 0 01:10:28, Sys 0 00:00:00  -  Run Remote Usage
		Usr 0 00:00:00, Sys 0 00:00:00  -  Run Local Usage
		Usr 0 01:10:28, Sys 0 00:00:00  -  Total Remote Usage
		Usr 0 00:00:00, Sys 0 00:00:00  -  Total Local Usage
	0  -  Run Bytes Sent By Job
	0  -  Run Bytes Received By Job
	0  -  Total Bytes Sent By Job
	0  -  Total Bytes Received By Job
	Partitionable Resources :    Usage  Request Allocated 
	   Cpus                 :     0.87        1         1 
	   Disk (KB)            :     1           1    255907 
	   Memory (MB)          :    33           1       999 
...
000 (29684.009.000) 01/30 12:02:32 Job submitted from host: <172.16.11.200:9618?addrs=172.16.11.200-9618&noUDP&sock=14877_46f2_4>
...
001 (29684.009.000) 01/30 13:28:47 Job executing on host: <172.16.11.231:9618?addrs=172.16.11.231-9618&noUDP&sock=startd_22895_f54e_4>
...
006 (29684.009.000) 01/30 13:28:56 Image size of job updated: 33852
	34  -  MemoryUsage of job (MB)
	33852  -  ResidentSetSize of job (KB)
...
006 (29684.009.000) 01/30 13:38:56 Image size of job updated: 33904
	34  -  MemoryUsage of job (MB)
	33904  -  ResidentSetSize of job (KB)
...
006 (29684.009.000) 01/30 13:43:57 Image size of job updated: 34076
	34  -  MemoryUsage of job (MB)
	34076  -  ResidentSetSize of job (KB)
...
006 (29684.009.000) 01/30 14:29:07 Image size of job updated: 421864
	34  -  MemoryUsage of job (MB)
	34076  -  ResidentSetSize of job (KB)
...
005 (29684.009.000) 01/30 14:29:07 Job terminated.
	(1) Normal termination (return value 0)
		Usr 0 01:00:19, Sys 0 00:00:00  -  Run Remote Usage
		Usr 0 00:00:00, Sys 0 00:00:00  -  Run Local Usage
		Usr 0 01:00:19, Sys 0 00:00:00  -  Total Remote Usage
		Usr 0 00:00:00, Sys 0 00:00:00  -  Total Local Usage
	0  -  Run Bytes Sent By Job
	0  -  Run Bytes Received By Job
	0  -  Total Bytes Sent By Job
	0  -  Total Bytes Received By Job
	Partitionable Resources :    Usage  Request Allocated 
	   Cpus                 :     1.00        1         1 
	   Disk (KB)            :     1           1    241059 
	   Memory (MB)          :    34           1      2008 
...
