///////////////////////////////////////////////////////////////
//
//Hartree method solving three-body nuclear wave function
//
///////////////////////////////////////////////////////////////

///////////////////////////////////////
//Variation
///////////////////////////////////////

Nc  q   lx  ly  L   sjk Sa  tjk
1   0   0   0   0   0   1/2   1
2   0   0   0   0   1   1/2   0
3   0   1   1   0   0   1/2   0
4   0   1   1   0   1   1/2   1
5   0   2   2   0   0   1/2   1
6   0   2   2   0   1   1/2   0
7   0   3   3   0   0   1/2   0
8   0   3   3   0   1   1/2   1
9   0   4   4   0   0   1/2   1
10   0   4   4   0   1   1/2   0
11   1   0   0   0   0   1/2   1
12   1   0   0   0   1   1/2   0
13   1   1   1   0   0   1/2   0
14   1   1   1   0   1   1/2   1
15   1   2   2   0   0   1/2   1
16   1   2   2   0   1   1/2   0
17   1   3   3   0   0   1/2   0
18   1   3   3   0   1   1/2   1
19   1   4   4   0   0   1/2   1
20   1   4   4   0   1   1/2   0
21   2   0   0   0   0   1/2   1
22   2   0   0   0   1   1/2   0
23   2   1   1   0   0   1/2   0
24   2   1   1   0   1   1/2   1
25   2   2   2   0   0   1/2   1
26   2   2   2   0   1   1/2   0
27   2   3   3   0   0   1/2   0
28   2   3   3   0   1   1/2   1
29   2   4   4   0   0   1/2   1
30   2   4   4   0   1   1/2   0
31   3   0   0   0   0   1/2   1
32   3   0   0   0   1   1/2   0
33   3   1   1   0   0   1/2   0
34   3   1   1   0   1   1/2   1
35   3   2   2   0   0   1/2   1
36   3   2   2   0   1   1/2   0
37   3   3   3   0   0   1/2   0
38   3   3   3   0   1   1/2   1
39   3   4   4   0   0   1/2   1
40   3   4   4   0   1   1/2   0
41   4   0   0   0   0   1/2   1
42   4   0   0   0   1   1/2   0
43   4   1   1   0   0   1/2   0
44   4   1   1   0   1   1/2   1
45   4   2   2   0   0   1/2   1
46   4   2   2   0   1   1/2   0
47   4   3   3   0   0   1/2   0
48   4   3   3   0   1   1/2   1
49   4   4   4   0   0   1/2   1
50   4   4   4   0   1   1/2   0
51   5   0   0   0   0   1/2   1
52   5   0   0   0   1   1/2   0
53   5   1   1   0   0   1/2   0
54   5   1   1   0   1   1/2   1
55   5   2   2   0   0   1/2   1
56   5   2   2   0   1   1/2   0
57   5   3   3   0   0   1/2   0
58   5   3   3   0   1   1/2   1
59   5   4   4   0   0   1/2   1
60   5   4   4   0   1   1/2   0
61   6   0   0   0   0   1/2   1
62   6   0   0   0   1   1/2   0
63   6   1   1   0   0   1/2   0
64   6   1   1   0   1   1/2   1
65   6   2   2   0   0   1/2   1
66   6   2   2   0   1   1/2   0
67   6   3   3   0   0   1/2   0
68   6   3   3   0   1   1/2   1
69   6   4   4   0   0   1/2   1
70   6   4   4   0   1   1/2   0
71   7   0   0   0   0   1/2   1
72   7   0   0   0   1   1/2   0
73   7   1   1   0   0   1/2   0
74   7   1   1   0   1   1/2   1
75   7   2   2   0   0   1/2   1
76   7   2   2   0   1   1/2   0
77   7   3   3   0   0   1/2   0
78   7   3   3   0   1   1/2   1
79   7   4   4   0   0   1/2   1
80   7   4   4   0   1   1/2   0
81   8   0   0   0   0   1/2   1
82   8   0   0   0   1   1/2   0
83   8   1   1   0   0   1/2   0
84   8   1   1   0   1   1/2   1
85   8   2   2   0   0   1/2   1
86   8   2   2   0   1   1/2   0
87   8   3   3   0   0   1/2   0
88   8   3   3   0   1   1/2   1
89   8   4   4   0   0   1/2   1
90   8   4   4   0   1   1/2   0
91   9   0   0   0   0   1/2   1
92   9   0   0   0   1   1/2   0
93   9   1   1   0   0   1/2   0
94   9   1   1   0   1   1/2   1
95   9   2   2   0   0   1/2   1
96   9   2   2   0   1   1/2   0
97   9   3   3   0   0   1/2   0
98   9   3   3   0   1   1/2   1
99   9   4   4   0   0   1/2   1
100   9   4   4   0   1   1/2   0
101   10   0   0   0   0   1/2   1
102   10   0   0   0   1   1/2   0
103   10   1   1   0   0   1/2   0
104   10   1   1   0   1   1/2   1
105   10   2   2   0   0   1/2   1
106   10   2   2   0   1   1/2   0
107   10   3   3   0   0   1/2   0
108   10   3   3   0   1   1/2   1
109   10   4   4   0   0   1/2   1
110   10   4   4   0   1   1/2   0
Hdim: 550
process: 20%
process: 40%
process: 60%
process: 80%
process: 100%

///////////////////////////////////////
//Variation done
///////////////////////////////////////

///////////////////////////////////////
//Result
///////////////////////////////////////

H_3
Variation parameter c=1900 MeV, base state energy: -7.44436 MeV
Eigen vector: 
-0.00000 
0.04462 
0.00000 
-0.00000 
0.00000 
-0.00609 
0.00000 
-0.00000 
0.00000 
-0.00080 
-0.00000 
-0.00289 
-0.00000 
-0.00000 
0.00000 
-0.00274 
-0.00000 
0.00000 
0.00000 
-0.00059 
0.00000 
-0.00413 
-0.00000 
-0.00000 
0.00000 
-0.00051 
-0.00000 
0.00000 
0.00000 
-0.00026 
-0.00000 
0.00309 
0.00000 
-0.00000 
-0.00000 
0.00013 
-0.00000 
0.00000 
0.00000 
-0.00003 
0.00000 
-0.00069 
0.00000 
-0.00000 
-0.00000 
0.00018 
0.00000 
0.00000 
-0.00000 
0.00006 
-0.00000 
0.00052 
0.00000 
-0.00000 
-0.00000 
0.00007 
-0.00000 
-0.00000 
-0.00000 
0.00006 
0.00000 
-0.00038 
0.00000 
-0.00000 
0.00000 
-0.00001 
-0.00000 
0.00000 
-0.00000 
0.00002 
-0.00000 
0.00016 
0.00000 
-0.00000 
0.00000 
-0.00004 
-0.00000 
-0.00000 
0.00000 
-0.00001 
0.00000 
-0.00013 
-0.00000 
0.00000 
0.00000 
-0.00002 
0.00000 
-0.00000 
0.00000 
-0.00002 
-0.00000 
0.00011 
0.00000 
0.00000 
0.00000 
0.00000 
0.00000 
0.00000 
0.00000 
-0.00001 
0.00000 
-0.00006 
0.00000 
-0.00000 
-0.00000 
0.00001 
0.00000 
0.00000 
-0.00000 
0.00000 
0.00000 
-0.38955 
0.00000 
0.00000 
-0.00000 
0.03455 
-0.00000 
-0.00000 
-0.00000 
0.00928 
0.00000 
0.03237 
-0.00000 
-0.00000 
-0.00000 
0.02382 
0.00000 
-0.00000 
-0.00000 
0.00782 
-0.00000 
0.01983 
-0.00000 
-0.00000 
-0.00000 
0.00624 
0.00000 
-0.00000 
-0.00000 
0.00367 
0.00000 
-0.02504 
0.00000 
-0.00000 
0.00000 
-0.00169 
-0.00000 
-0.00000 
-0.00000 
0.00046 
-0.00000 
0.00756 
-0.00000 
-0.00000 
0.00000 
-0.00251 
-0.00000 
-0.00000 
0.00000 
-0.00085 
0.00000 
-0.00688 
0.00000 
0.00000 
0.00000 
-0.00099 
0.00000 
0.00000 
0.00000 
-0.00078 
-0.00000 
0.00541 
0.00000 
0.00000 
-0.00000 
0.00022 
-0.00000 
-0.00000 
0.00000 
-0.00022 
0.00000 
-0.00239 
0.00000 
-0.00000 
-0.00000 
0.00051 
0.00000 
-0.00000 
-0.00000 
0.00019 
-0.00000 
0.00194 
0.00000 
0.00000 
-0.00000 
0.00027 
-0.00000 
-0.00000 
-0.00000 
0.00026 
0.00000 
-0.00159 
-0.00000 
-0.00000 
-0.00000 
-0.00005 
-0.00000 
0.00000 
-0.00000 
0.00010 
-0.00000 
0.00088 
-0.00000 
-0.00000 
0.00000 
-0.00017 
-0.00000 
0.00000 
0.00000 
-0.00006 
-0.00000 
0.74516 
0.00000 
0.00000 
0.00000 
-0.01792 
0.00000 
-0.00000 
0.00000 
-0.01796 
-0.00000 
-0.08042 
-0.00000 
-0.00000 
0.00000 
-0.03358 
-0.00000 
-0.00000 
0.00000 
-0.01975 
0.00000 
0.00980 
-0.00000 
-0.00000 
0.00000 
-0.01302 
-0.00000 
0.00000 
0.00000 
-0.01119 
-0.00000 
0.02612 
-0.00000 
-0.00000 
-0.00000 
0.00404 
0.00000 
0.00000 
0.00000 
-0.00171 
0.00000 
-0.01144 
-0.00000 
0.00000 
-0.00000 
0.00767 
0.00000 
0.00000 
-0.00000 
0.00306 
-0.00000 
0.01637 
0.00000 
-0.00000 
-0.00000 
0.00351 
-0.00000 
0.00000 
-0.00000 
0.00302 
0.00000 
-0.01602 
0.00000 
-0.00000 
0.00000 
-0.00076 
0.00000 
0.00000 
-0.00000 
0.00091 
-0.00000 
0.00815 
0.00000 
0.00000 
0.00000 
-0.00201 
0.00000 
-0.00000 
0.00000 
-0.00075 
0.00000 
-0.00741 
-0.00000 
0.00000 
0.00000 
-0.00108 
0.00000 
-0.00000 
0.00000 
-0.00105 
-0.00000 
0.00644 
-0.00000 
-0.00000 
-0.00000 
0.00021 
-0.00000 
0.00000 
0.00000 
-0.00043 
0.00000 
-0.00375 
-0.00000 
-0.00000 
-0.00000 
0.00069 
0.00000 
-0.00000 
-0.00000 
0.00025 
0.00000 
-0.49051 
0.00000 
-0.00000 
0.00000 
-0.03013 
0.00000 
-0.00000 
-0.00000 
0.00603 
0.00000 
0.07379 
-0.00000 
-0.00000 
0.00000 
0.00111 
-0.00000 
-0.00000 
-0.00000 
0.01252 
0.00000 
-0.05554 
-0.00000 
0.00000 
-0.00000 
0.00561 
-0.00000 
0.00000 
-0.00000 
0.00972 
-0.00000 
0.01833 
-0.00000 
-0.00000 
0.00000 
-0.00232 
-0.00000 
-0.00000 
-0.00000 
0.00197 
-0.00000 
-0.00372 
-0.00000 
-0.00000 
0.00000 
-0.00683 
0.00000 
-0.00000 
0.00000 
-0.00357 
0.00000 
-0.00740 
0.00000 
0.00000 
0.00000 
-0.00386 
0.00000 
0.00000 
0.00000 
-0.00403 
-0.00000 
0.01244 
0.00000 
-0.00000 
-0.00000 
0.00082 
-0.00000 
0.00000 
0.00000 
-0.00138 
0.00000 
-0.00787 
-0.00000 
-0.00000 
-0.00000 
0.00274 
-0.00000 
0.00000 
-0.00000 
0.00110 
-0.00000 
0.00887 
-0.00000 
-0.00000 
-0.00000 
0.00161 
-0.00000 
0.00000 
-0.00000 
0.00168 
0.00000 
-0.00877 
0.00000 
0.00000 
0.00000 
-0.00028 
0.00000 
-0.00000 
-0.00000 
0.00072 
-0.00000 
0.00564 
0.00000 
0.00000 
0.00000 
-0.00114 
0.00000 
0.00000 
0.00000 
-0.00041 
-0.00000 
0.15223 
-0.00000 
0.00000 
-0.00000 
0.00660 
-0.00000 
0.00000 
-0.00000 
0.00265 
0.00000 
-0.02646 
0.00000 
0.00000 
-0.00000 
0.00654 
0.00000 
0.00000 
-0.00000 
0.00058 
-0.00000 
0.02055 
0.00000 
-0.00000 
0.00000 
0.00135 
0.00000 
-0.00000 
0.00000 
-0.00130 
0.00000 
-0.01675 
0.00000 
0.00000 
0.00000 
-0.00022 
0.00000 
-0.00000 
0.00000 
-0.00058 
-0.00000 
0.00789 
0.00000 
0.00000 
-0.00000 
0.00105 
-0.00000 
0.00000 
-0.00000 
0.00115 
-0.00000 
-0.00346 
-0.00000 
-0.00000 
-0.00000 
0.00106 
0.00000 
-0.00000 
-0.00000 
0.00166 
0.00000 
-0.00027 
-0.00000 
0.00000 
-0.00000 
-0.00021 
0.00000 
-0.00000 
-0.00000 
0.00068 
-0.00000 
0.00130 
0.00000 
0.00000 
0.00000 
-0.00116 
0.00000 
-0.00000 
0.00000 
-0.00054 
0.00000 
-0.00284 
0.00000 
0.00000 
0.00000 
-0.00078 
0.00000 
-0.00000 
0.00000 
-0.00092 
-0.00000 
0.00361 
-0.00000 
0.00000 
0.00000 
0.00011 
-0.00000 
0.00000 
0.00000 
-0.00042 
0.00000 
-0.00270 
-0.00000 
-0.00000 
-0.00000 
0.00064 
-0.00000 
-0.00000 
0.00000 
0.00023 


///////////////////////////////////////////////////////////////
