000 (1673172.002.000) 12/24 11:03:23 Job submitted from host: <172.16.2.141:36601>
...
001 (1673172.002.000) 12/24 11:03:34 Job executing on host: <172.16.2.151:35010>
...
006 (1673172.002.000) 12/24 11:03:39 Image size of job updated: 1854352
	0  -  MemoryUsage of job (MB)
	0  -  ResidentSetSize of job (KB)
...
005 (1673172.002.000) 12/24 11:03:39 Job terminated.
	(1) Normal termination (return value 0)
		Usr 0 00:00:03, Sys 0 00:00:00  -  Run Remote Usage
		Usr 0 00:00:00, Sys 0 00:00:00  -  Run Local Usage
		Usr 0 00:00:03, Sys 0 00:00:00  -  Total Remote Usage
		Usr 0 00:00:00, Sys 0 00:00:00  -  Total Local Usage
	0  -  Run Bytes Sent By Job
	0  -  Run Bytes Received By Job
	0  -  Total Bytes Sent By Job
	0  -  Total Bytes Received By Job
	Partitionable Resources :    Usage  Request Allocated
	   Cpus                 :                 1         1
	   Disk (KB)            :        1        1   1084968
	   Memory (MB)          :        0        1     12107
...
000 (1673173.002.000) 12/24 12:15:00 Job submitted from host: <172.16.2.141:36601>
...
001 (1673173.002.000) 12/24 12:15:01 Job executing on host: <172.16.2.151:35010>
...
006 (1673173.002.000) 12/24 12:15:04 Image size of job updated: 1854348
	0  -  MemoryUsage of job (MB)
	0  -  ResidentSetSize of job (KB)
...
005 (1673173.002.000) 12/24 12:15:04 Job terminated.
	(1) Normal termination (return value 0)
		Usr 0 00:00:02, Sys 0 00:00:00  -  Run Remote Usage
		Usr 0 00:00:00, Sys 0 00:00:00  -  Run Local Usage
		Usr 0 00:00:02, Sys 0 00:00:00  -  Total Remote Usage
		Usr 0 00:00:00, Sys 0 00:00:00  -  Total Local Usage
	0  -  Run Bytes Sent By Job
	0  -  Run Bytes Received By Job
	0  -  Total Bytes Sent By Job
	0  -  Total Bytes Received By Job
	Partitionable Resources :    Usage  Request Allocated
	   Cpus                 :                 1         1
	   Disk (KB)            :        1        1   1084989
	   Memory (MB)          :        0        1     12107
...
000 (1673177.002.000) 12/24 12:24:13 Job submitted from host: <172.16.2.141:36601>
...
001 (1673177.002.000) 12/24 12:24:14 Job executing on host: <172.16.2.151:35010>
...
006 (1673177.002.000) 12/24 12:24:22 Image size of job updated: 1854368
	1018  -  MemoryUsage of job (MB)
	1041540  -  ResidentSetSize of job (KB)
...
000 (1673180.002.000) 12/24 16:18:37 Job submitted from host: <172.16.2.141:36601>
...
001 (1673180.002.000) 12/24 16:18:44 Job executing on host: <172.16.2.141:56348>
...
006 (1673180.002.000) 12/24 16:18:53 Image size of job updated: 1041840
	465  -  MemoryUsage of job (MB)
	475688  -  ResidentSetSize of job (KB)
...
006 (1673180.002.000) 12/24 16:23:54 Image size of job updated: 1839912
	810  -  MemoryUsage of job (MB)
	828624  -  ResidentSetSize of job (KB)
...
004 (1673177.002.000) 12/24 16:32:41 Job was evicted.
	(0) Job was not checkpointed.
		Usr 0 04:08:19, Sys 0 00:00:00  -  Run Remote Usage
		Usr 0 00:00:00, Sys 0 00:00:00  -  Run Local Usage
	0  -  Run Bytes Sent By Job
	0  -  Run Bytes Received By Job
	Partitionable Resources :    Usage  Request Allocated
	   Cpus                 :                 1         1
	   Disk (KB)            :        1        1   1084982
	   Memory (MB)          :     1018        1     12107
...
009 (1673177.002.000) 12/24 16:32:41 Job was aborted by the user.
	via condor_rm (by user zhangliang)
...
004 (1673180.002.000) 12/24 16:32:42 Job was evicted.
	(0) Job was not checkpointed.
		Usr 0 00:13:43, Sys 0 00:00:12  -  Run Remote Usage
		Usr 0 00:00:00, Sys 0 00:00:00  -  Run Local Usage
	0  -  Run Bytes Sent By Job
	0  -  Run Bytes Received By Job
	Partitionable Resources :    Usage  Request Allocated
	   Cpus                 :                 1         1
	   Disk (KB)            :        1        1  18596014
	   Memory (MB)          :      810        1      2676
...
009 (1673180.002.000) 12/24 16:32:43 Job was aborted by the user.
	via condor_rm (by user zhangliang)
...
000 (1673181.002.000) 12/24 17:02:00 Job submitted from host: <172.16.2.141:36601>
...
001 (1673181.002.000) 12/24 17:02:07 Job executing on host: <172.16.2.141:56348>
...
006 (1673181.002.000) 12/24 17:02:16 Image size of job updated: 1839908
	1128  -  MemoryUsage of job (MB)
	1155048  -  ResidentSetSize of job (KB)
...
005 (1673181.002.000) 12/24 22:17:55 Job terminated.
	(1) Normal termination (return value 0)
		Usr 0 05:15:16, Sys 0 00:00:08  -  Run Remote Usage
		Usr 0 00:00:00, Sys 0 00:00:00  -  Run Local Usage
		Usr 0 05:15:16, Sys 0 00:00:08  -  Total Remote Usage
		Usr 0 00:00:00, Sys 0 00:00:00  -  Total Local Usage
	0  -  Run Bytes Sent By Job
	0  -  Run Bytes Received By Job
	0  -  Total Bytes Sent By Job
	0  -  Total Bytes Received By Job
	Partitionable Resources :    Usage  Request Allocated
	   Cpus                 :                 1         1
	   Disk (KB)            :        1        1  18596014
	   Memory (MB)          :     1128        1      2676
...
000 (1673185.002.000) 12/25 09:14:38 Job submitted from host: <172.16.2.141:36601>
...
001 (1673185.002.000) 12/25 09:14:39 Job executing on host: <172.16.2.151:35010>
...
006 (1673185.002.000) 12/25 09:14:47 Image size of job updated: 1056304
	66  -  MemoryUsage of job (MB)
	66644  -  ResidentSetSize of job (KB)
...
006 (1673185.002.000) 12/25 09:19:48 Image size of job updated: 1056340
	809  -  MemoryUsage of job (MB)
	827912  -  ResidentSetSize of job (KB)
...
006 (1673185.002.000) 12/25 09:44:50 Image size of job updated: 1056340
	817  -  MemoryUsage of job (MB)
	836280  -  ResidentSetSize of job (KB)
...
006 (1673185.002.000) 12/25 10:34:55 Image size of job updated: 1056340
	817  -  MemoryUsage of job (MB)
	836316  -  ResidentSetSize of job (KB)
...
005 (1673185.002.000) 12/25 18:08:27 Job terminated.
	(1) Normal termination (return value 0)
		Usr 0 08:53:05, Sys 0 00:00:00  -  Run Remote Usage
		Usr 0 00:00:00, Sys 0 00:00:00  -  Run Local Usage
		Usr 0 08:53:05, Sys 0 00:00:00  -  Total Remote Usage
		Usr 0 00:00:00, Sys 0 00:00:00  -  Total Local Usage
	0  -  Run Bytes Sent By Job
	0  -  Run Bytes Received By Job
	0  -  Total Bytes Sent By Job
	0  -  Total Bytes Received By Job
	Partitionable Resources :    Usage  Request Allocated
	   Cpus                 :                 1         1
	   Disk (KB)            :        1        1   1084951
	   Memory (MB)          :      817        1     12107
...
