///////////////////////////////////////////////////////////////
//
//Hartree method solving three-body nuclear wave function
//
///////////////////////////////////////////////////////////////

///////////////////////////////////////
//Variation
///////////////////////////////////////

Nc  q   lx  ly  L   sjk Sa  tjk
1   0   0   0   0   0   1/2   1
2   0   0   0   0   1   1/2   0
3   0   1   1   0   0   1/2   0
4   0   1   1   0   1   1/2   1
5   0   2   2   0   0   1/2   1
6   0   2   2   0   1   1/2   0
7   0   3   3   0   0   1/2   0
8   0   3   3   0   1   1/2   1
9   0   4   4   0   0   1/2   1
10   0   4   4   0   1   1/2   0
11   1   0   0   0   0   1/2   1
12   1   0   0   0   1   1/2   0
13   1   1   1   0   0   1/2   0
14   1   1   1   0   1   1/2   1
15   1   2   2   0   0   1/2   1
16   1   2   2   0   1   1/2   0
17   1   3   3   0   0   1/2   0
18   1   3   3   0   1   1/2   1
19   1   4   4   0   0   1/2   1
20   1   4   4   0   1   1/2   0
21   2   0   0   0   0   1/2   1
22   2   0   0   0   1   1/2   0
23   2   1   1   0   0   1/2   0
24   2   1   1   0   1   1/2   1
25   2   2   2   0   0   1/2   1
26   2   2   2   0   1   1/2   0
27   2   3   3   0   0   1/2   0
28   2   3   3   0   1   1/2   1
29   2   4   4   0   0   1/2   1
30   2   4   4   0   1   1/2   0
31   3   0   0   0   0   1/2   1
32   3   0   0   0   1   1/2   0
33   3   1   1   0   0   1/2   0
34   3   1   1   0   1   1/2   1
35   3   2   2   0   0   1/2   1
36   3   2   2   0   1   1/2   0
37   3   3   3   0   0   1/2   0
38   3   3   3   0   1   1/2   1
39   3   4   4   0   0   1/2   1
40   3   4   4   0   1   1/2   0
41   4   0   0   0   0   1/2   1
42   4   0   0   0   1   1/2   0
43   4   1   1   0   0   1/2   0
44   4   1   1   0   1   1/2   1
45   4   2   2   0   0   1/2   1
46   4   2   2   0   1   1/2   0
47   4   3   3   0   0   1/2   0
48   4   3   3   0   1   1/2   1
49   4   4   4   0   0   1/2   1
50   4   4   4   0   1   1/2   0
51   5   0   0   0   0   1/2   1
52   5   0   0   0   1   1/2   0
53   5   1   1   0   0   1/2   0
54   5   1   1   0   1   1/2   1
55   5   2   2   0   0   1/2   1
56   5   2   2   0   1   1/2   0
57   5   3   3   0   0   1/2   0
58   5   3   3   0   1   1/2   1
59   5   4   4   0   0   1/2   1
60   5   4   4   0   1   1/2   0
61   6   0   0   0   0   1/2   1
62   6   0   0   0   1   1/2   0
63   6   1   1   0   0   1/2   0
64   6   1   1   0   1   1/2   1
65   6   2   2   0   0   1/2   1
66   6   2   2   0   1   1/2   0
67   6   3   3   0   0   1/2   0
68   6   3   3   0   1   1/2   1
69   6   4   4   0   0   1/2   1
70   6   4   4   0   1   1/2   0
71   7   0   0   0   0   1/2   1
72   7   0   0   0   1   1/2   0
73   7   1   1   0   0   1/2   0
74   7   1   1   0   1   1/2   1
75   7   2   2   0   0   1/2   1
76   7   2   2   0   1   1/2   0
77   7   3   3   0   0   1/2   0
78   7   3   3   0   1   1/2   1
79   7   4   4   0   0   1/2   1
80   7   4   4   0   1   1/2   0
81   8   0   0   0   0   1/2   1
82   8   0   0   0   1   1/2   0
83   8   1   1   0   0   1/2   0
84   8   1   1   0   1   1/2   1
85   8   2   2   0   0   1/2   1
86   8   2   2   0   1   1/2   0
87   8   3   3   0   0   1/2   0
88   8   3   3   0   1   1/2   1
89   8   4   4   0   0   1/2   1
90   8   4   4   0   1   1/2   0
91   9   0   0   0   0   1/2   1
92   9   0   0   0   1   1/2   0
93   9   1   1   0   0   1/2   0
94   9   1   1   0   1   1/2   1
95   9   2   2   0   0   1/2   1
96   9   2   2   0   1   1/2   0
97   9   3   3   0   0   1/2   0
98   9   3   3   0   1   1/2   1
99   9   4   4   0   0   1/2   1
100   9   4   4   0   1   1/2   0
101   10   0   0   0   0   1/2   1
102   10   0   0   0   1   1/2   0
103   10   1   1   0   0   1/2   0
104   10   1   1   0   1   1/2   1
105   10   2   2   0   0   1/2   1
106   10   2   2   0   1   1/2   0
107   10   3   3   0   0   1/2   0
108   10   3   3   0   1   1/2   1
109   10   4   4   0   0   1/2   1
110   10   4   4   0   1   1/2   0
Hdim: 550
process: 20%
process: 40%
process: 60%
process: 80%
process: 100%

///////////////////////////////////////
//Variation done
///////////////////////////////////////

///////////////////////////////////////
//Result
///////////////////////////////////////

H_3
Variation parameter c=2300 MeV, base state energy: -7.03304 MeV
Eigen vector: 
-0.00000 
0.02301 
0.00000 
-0.00000 
0.00000 
-0.00330 
-0.00000 
0.00000 
0.00000 
-0.00038 
-0.00000 
-0.00139 
-0.00000 
-0.00000 
0.00000 
-0.00139 
0.00000 
0.00000 
0.00000 
-0.00029 
0.00000 
-0.00227 
0.00000 
-0.00000 
0.00000 
-0.00024 
-0.00000 
0.00000 
-0.00000 
-0.00013 
-0.00000 
0.00158 
-0.00000 
0.00000 
-0.00000 
0.00006 
-0.00000 
-0.00000 
-0.00000 
-0.00001 
0.00000 
-0.00034 
-0.00000 
0.00000 
-0.00000 
0.00009 
-0.00000 
-0.00000 
0.00000 
0.00003 
-0.00000 
0.00026 
-0.00000 
0.00000 
-0.00000 
0.00003 
0.00000 
-0.00000 
0.00000 
0.00003 
0.00000 
-0.00019 
-0.00000 
0.00000 
-0.00000 
-0.00001 
-0.00000 
-0.00000 
0.00000 
0.00001 
-0.00000 
0.00008 
-0.00000 
-0.00000 
0.00000 
-0.00002 
0.00000 
0.00000 
-0.00000 
-0.00001 
0.00000 
-0.00006 
-0.00000 
0.00000 
-0.00000 
-0.00001 
-0.00000 
-0.00000 
-0.00000 
-0.00001 
0.00000 
0.00005 
0.00000 
0.00000 
-0.00000 
0.00000 
0.00000 
0.00000 
-0.00000 
-0.00000 
0.00000 
-0.00003 
-0.00000 
-0.00000 
0.00000 
0.00001 
0.00000 
0.00000 
0.00000 
0.00000 
0.00000 
-0.26607 
0.00000 
0.00000 
-0.00000 
0.02831 
-0.00000 
0.00000 
-0.00000 
0.00594 
0.00000 
0.02044 
-0.00000 
-0.00000 
-0.00000 
0.01670 
0.00000 
-0.00000 
-0.00000 
0.00470 
-0.00000 
0.01776 
0.00000 
-0.00000 
-0.00000 
0.00392 
-0.00000 
0.00000 
-0.00000 
0.00212 
0.00000 
-0.01813 
-0.00000 
0.00000 
0.00000 
-0.00103 
0.00000 
-0.00000 
0.00000 
0.00025 
-0.00000 
0.00497 
0.00000 
0.00000 
0.00000 
-0.00146 
-0.00000 
-0.00000 
0.00000 
-0.00048 
0.00000 
-0.00415 
-0.00000 
-0.00000 
0.00000 
-0.00056 
0.00000 
0.00000 
0.00000 
-0.00044 
-0.00000 
0.00312 
0.00000 
-0.00000 
0.00000 
0.00012 
0.00000 
0.00000 
0.00000 
-0.00013 
0.00000 
-0.00134 
0.00000 
0.00000 
-0.00000 
0.00029 
-0.00000 
-0.00000 
-0.00000 
0.00011 
-0.00000 
0.00107 
0.00000 
0.00000 
-0.00000 
0.00015 
-0.00000 
0.00000 
-0.00000 
0.00015 
0.00000 
-0.00088 
-0.00000 
0.00000 
0.00000 
-0.00003 
0.00000 
-0.00000 
-0.00000 
0.00006 
0.00000 
0.00049 
-0.00000 
-0.00000 
0.00000 
-0.00010 
0.00000 
-0.00000 
0.00000 
-0.00004 
-0.00000 
0.67684 
0.00000 
-0.00000 
0.00000 
-0.03233 
-0.00000 
0.00000 
0.00000 
-0.01709 
-0.00000 
-0.06600 
-0.00000 
-0.00000 
0.00000 
-0.03610 
0.00000 
0.00000 
0.00000 
-0.01688 
0.00000 
-0.00810 
0.00000 
-0.00000 
0.00000 
-0.01199 
-0.00000 
-0.00000 
0.00000 
-0.00885 
-0.00000 
0.03339 
-0.00000 
0.00000 
-0.00000 
0.00352 
0.00000 
0.00000 
0.00000 
-0.00124 
0.00000 
-0.01252 
0.00000 
-0.00000 
-0.00000 
0.00603 
0.00000 
0.00000 
-0.00000 
0.00223 
-0.00000 
0.01447 
0.00000 
0.00000 
-0.00000 
0.00259 
0.00000 
-0.00000 
-0.00000 
0.00211 
0.00000 
-0.01286 
-0.00000 
0.00000 
-0.00000 
-0.00056 
-0.00000 
-0.00000 
-0.00000 
0.00061 
-0.00000 
0.00616 
-0.00000 
-0.00000 
0.00000 
-0.00140 
-0.00000 
-0.00000 
0.00000 
-0.00051 
0.00000 
-0.00529 
-0.00000 
-0.00000 
0.00000 
-0.00073 
0.00000 
-0.00000 
0.00000 
-0.00070 
-0.00000 
0.00444 
-0.00000 
0.00000 
-0.00000 
0.00015 
-0.00000 
-0.00000 
-0.00000 
-0.00028 
0.00000 
-0.00251 
-0.00000 
0.00000 
0.00000 
0.00046 
-0.00000 
0.00000 
0.00000 
0.00017 
0.00000 
-0.62884 
0.00000 
0.00000 
0.00000 
-0.01613 
-0.00000 
0.00000 
0.00000 
0.01249 
0.00000 
0.08080 
-0.00000 
-0.00000 
-0.00000 
0.01553 
0.00000 
0.00000 
-0.00000 
0.01776 
-0.00000 
-0.04215 
0.00000 
-0.00000 
0.00000 
0.00990 
-0.00000 
-0.00000 
-0.00000 
0.01171 
-0.00000 
-0.00037 
-0.00000 
0.00000 
0.00000 
-0.00347 
0.00000 
-0.00000 
0.00000 
0.00207 
-0.00000 
0.00383 
0.00000 
0.00000 
0.00000 
-0.00811 
-0.00000 
-0.00000 
0.00000 
-0.00370 
-0.00000 
-0.01325 
-0.00000 
0.00000 
0.00000 
-0.00414 
-0.00000 
0.00000 
0.00000 
-0.00392 
-0.00000 
0.01603 
-0.00000 
0.00000 
0.00000 
0.00089 
-0.00000 
-0.00000 
0.00000 
-0.00126 
0.00000 
-0.00903 
0.00000 
0.00000 
-0.00000 
0.00264 
0.00000 
0.00000 
-0.00000 
0.00102 
-0.00000 
0.00910 
-0.00000 
0.00000 
-0.00000 
0.00148 
0.00000 
-0.00000 
-0.00000 
0.00147 
0.00000 
-0.00842 
-0.00000 
-0.00000 
0.00000 
-0.00027 
-0.00000 
0.00000 
0.00000 
0.00062 
-0.00000 
0.00513 
0.00000 
-0.00000 
-0.00000 
-0.00099 
0.00000 
-0.00000 
-0.00000 
-0.00035 
-0.00000 
0.22353 
-0.00000 
-0.00000 
-0.00000 
0.01688 
0.00000 
-0.00000 
-0.00000 
0.00008 
0.00000 
-0.03611 
0.00000 
0.00000 
0.00000 
0.00549 
-0.00000 
-0.00000 
0.00000 
-0.00416 
0.00000 
0.03139 
-0.00000 
0.00000 
-0.00000 
-0.00086 
0.00000 
0.00000 
0.00000 
-0.00446 
0.00000 
-0.01740 
0.00000 
-0.00000 
-0.00000 
0.00067 
-0.00000 
0.00000 
-0.00000 
-0.00109 
0.00000 
0.00565 
-0.00000 
-0.00000 
-0.00000 
0.00324 
0.00000 
0.00000 
-0.00000 
0.00198 
0.00000 
0.00121 
0.00000 
-0.00000 
-0.00000 
0.00208 
0.00000 
-0.00000 
0.00000 
0.00238 
0.00000 
-0.00526 
-0.00000 
-0.00000 
0.00000 
-0.00043 
0.00000 
0.00000 
-0.00000 
0.00085 
0.00000 
0.00391 
-0.00000 
-0.00000 
-0.00000 
-0.00164 
-0.00000 
-0.00000 
-0.00000 
-0.00067 
0.00000 
-0.00495 
-0.00000 
-0.00000 
0.00000 
-0.00099 
-0.00000 
0.00000 
0.00000 
-0.00103 
-0.00000 
0.00515 
0.00000 
0.00000 
-0.00000 
0.00016 
0.00000 
-0.00000 
0.00000 
-0.00045 
0.00000 
-0.00339 
0.00000 
0.00000 
0.00000 
0.00070 
0.00000 
0.00000 
0.00000 
0.00025 


///////////////////////////////////////////////////////////////
