///////////////////////////////////////////////////////////////
//
//Hartree method solving three-body nuclear wave function
//
///////////////////////////////////////////////////////////////

///////////////////////////////////////
//Variation
///////////////////////////////////////

Nc  q   lx  ly  L   sjk Sa  tjk
1   0   0   0   0   0   1/2   1
2   0   0   0   0   1   1/2   0
3   0   1   1   0   0   1/2   0
4   0   1   1   0   1   1/2   1
5   0   2   2   0   0   1/2   1
6   0   2   2   0   1   1/2   0
7   0   3   3   0   0   1/2   0
8   0   3   3   0   1   1/2   1
9   0   4   4   0   0   1/2   1
10   0   4   4   0   1   1/2   0
11   1   0   0   0   0   1/2   1
12   1   0   0   0   1   1/2   0
13   1   1   1   0   0   1/2   0
14   1   1   1   0   1   1/2   1
15   1   2   2   0   0   1/2   1
16   1   2   2   0   1   1/2   0
17   1   3   3   0   0   1/2   0
18   1   3   3   0   1   1/2   1
19   1   4   4   0   0   1/2   1
20   1   4   4   0   1   1/2   0
21   2   0   0   0   0   1/2   1
22   2   0   0   0   1   1/2   0
23   2   1   1   0   0   1/2   0
24   2   1   1   0   1   1/2   1
25   2   2   2   0   0   1/2   1
26   2   2   2   0   1   1/2   0
27   2   3   3   0   0   1/2   0
28   2   3   3   0   1   1/2   1
29   2   4   4   0   0   1/2   1
30   2   4   4   0   1   1/2   0
31   3   0   0   0   0   1/2   1
32   3   0   0   0   1   1/2   0
33   3   1   1   0   0   1/2   0
34   3   1   1   0   1   1/2   1
35   3   2   2   0   0   1/2   1
36   3   2   2   0   1   1/2   0
37   3   3   3   0   0   1/2   0
38   3   3   3   0   1   1/2   1
39   3   4   4   0   0   1/2   1
40   3   4   4   0   1   1/2   0
41   4   0   0   0   0   1/2   1
42   4   0   0   0   1   1/2   0
43   4   1   1   0   0   1/2   0
44   4   1   1   0   1   1/2   1
45   4   2   2   0   0   1/2   1
46   4   2   2   0   1   1/2   0
47   4   3   3   0   0   1/2   0
48   4   3   3   0   1   1/2   1
49   4   4   4   0   0   1/2   1
50   4   4   4   0   1   1/2   0
51   5   0   0   0   0   1/2   1
52   5   0   0   0   1   1/2   0
53   5   1   1   0   0   1/2   0
54   5   1   1   0   1   1/2   1
55   5   2   2   0   0   1/2   1
56   5   2   2   0   1   1/2   0
57   5   3   3   0   0   1/2   0
58   5   3   3   0   1   1/2   1
59   5   4   4   0   0   1/2   1
60   5   4   4   0   1   1/2   0
61   6   0   0   0   0   1/2   1
62   6   0   0   0   1   1/2   0
63   6   1   1   0   0   1/2   0
64   6   1   1   0   1   1/2   1
65   6   2   2   0   0   1/2   1
66   6   2   2   0   1   1/2   0
67   6   3   3   0   0   1/2   0
68   6   3   3   0   1   1/2   1
69   6   4   4   0   0   1/2   1
70   6   4   4   0   1   1/2   0
71   7   0   0   0   0   1/2   1
72   7   0   0   0   1   1/2   0
73   7   1   1   0   0   1/2   0
74   7   1   1   0   1   1/2   1
75   7   2   2   0   0   1/2   1
76   7   2   2   0   1   1/2   0
77   7   3   3   0   0   1/2   0
78   7   3   3   0   1   1/2   1
79   7   4   4   0   0   1/2   1
80   7   4   4   0   1   1/2   0
81   8   0   0   0   0   1/2   1
82   8   0   0   0   1   1/2   0
83   8   1   1   0   0   1/2   0
84   8   1   1   0   1   1/2   1
85   8   2   2   0   0   1/2   1
86   8   2   2   0   1   1/2   0
87   8   3   3   0   0   1/2   0
88   8   3   3   0   1   1/2   1
89   8   4   4   0   0   1/2   1
90   8   4   4   0   1   1/2   0
91   9   0   0   0   0   1/2   1
92   9   0   0   0   1   1/2   0
93   9   1   1   0   0   1/2   0
94   9   1   1   0   1   1/2   1
95   9   2   2   0   0   1/2   1
96   9   2   2   0   1   1/2   0
97   9   3   3   0   0   1/2   0
98   9   3   3   0   1   1/2   1
99   9   4   4   0   0   1/2   1
100   9   4   4   0   1   1/2   0
101   10   0   0   0   0   1/2   1
102   10   0   0   0   1   1/2   0
103   10   1   1   0   0   1/2   0
104   10   1   1   0   1   1/2   1
105   10   2   2   0   0   1/2   1
106   10   2   2   0   1   1/2   0
107   10   3   3   0   0   1/2   0
108   10   3   3   0   1   1/2   1
109   10   4   4   0   0   1/2   1
110   10   4   4   0   1   1/2   0
Hdim: 550
process: 20%
process: 40%
process: 60%
process: 80%
process: 100%

///////////////////////////////////////
//Variation done
///////////////////////////////////////

///////////////////////////////////////
//Result
///////////////////////////////////////

H_3
Variation parameter c=2500 MeV, base state energy: -6.70376 MeV
Eigen vector: 
-0.00000 
0.01700 
0.00000 
-0.00000 
0.00000 
-0.00248 
-0.00000 
0.00000 
0.00000 
-0.00028 
-0.00000 
-0.00099 
-0.00000 
-0.00000 
0.00000 
-0.00102 
0.00000 
-0.00000 
0.00000 
-0.00021 
0.00000 
-0.00172 
0.00000 
-0.00000 
0.00000 
-0.00018 
-0.00000 
0.00000 
0.00000 
-0.00009 
-0.00000 
0.00117 
-0.00000 
0.00000 
-0.00000 
0.00005 
0.00000 
0.00000 
0.00000 
-0.00001 
0.00000 
-0.00025 
-0.00000 
-0.00000 
-0.00000 
0.00006 
-0.00000 
0.00000 
-0.00000 
0.00002 
-0.00000 
0.00019 
-0.00000 
-0.00000 
-0.00000 
0.00002 
-0.00000 
0.00000 
-0.00000 
0.00002 
0.00000 
-0.00013 
0.00000 
-0.00000 
0.00000 
-0.00000 
0.00000 
-0.00000 
-0.00000 
0.00000 
-0.00000 
0.00005 
0.00000 
-0.00000 
0.00000 
-0.00001 
0.00000 
0.00000 
0.00000 
-0.00000 
0.00000 
-0.00004 
0.00000 
0.00000 
0.00000 
-0.00001 
0.00000 
-0.00000 
0.00000 
-0.00001 
-0.00000 
0.00003 
-0.00000 
-0.00000 
-0.00000 
0.00000 
0.00000 
-0.00000 
-0.00000 
-0.00000 
0.00000 
-0.00002 
0.00000 
-0.00000 
-0.00000 
0.00000 
-0.00000 
0.00000 
-0.00000 
0.00000 
0.00000 
-0.22132 
0.00000 
-0.00000 
-0.00000 
0.02504 
-0.00000 
0.00000 
-0.00000 
0.00477 
0.00000 
0.01645 
-0.00000 
-0.00000 
-0.00000 
0.01393 
0.00000 
-0.00000 
-0.00000 
0.00369 
-0.00000 
0.01607 
0.00000 
-0.00000 
-0.00000 
0.00313 
0.00000 
0.00000 
-0.00000 
0.00164 
0.00000 
-0.01527 
-0.00000 
0.00000 
0.00000 
-0.00081 
-0.00000 
0.00000 
-0.00000 
0.00020 
-0.00000 
0.00402 
0.00000 
-0.00000 
0.00000 
-0.00114 
-0.00000 
0.00000 
0.00000 
-0.00037 
0.00000 
-0.00326 
-0.00000 
0.00000 
0.00000 
-0.00043 
-0.00000 
-0.00000 
0.00000 
-0.00034 
-0.00000 
0.00242 
-0.00000 
0.00000 
-0.00000 
0.00009 
-0.00000 
-0.00000 
0.00000 
-0.00010 
0.00000 
-0.00102 
-0.00000 
0.00000 
-0.00000 
0.00023 
-0.00000 
0.00000 
-0.00000 
0.00008 
-0.00000 
0.00082 
0.00000 
-0.00000 
-0.00000 
0.00012 
0.00000 
0.00000 
-0.00000 
0.00012 
0.00000 
-0.00068 
-0.00000 
0.00000 
0.00000 
-0.00002 
-0.00000 
-0.00000 
-0.00000 
0.00005 
-0.00000 
0.00037 
0.00000 
-0.00000 
0.00000 
-0.00008 
-0.00000 
-0.00000 
0.00000 
-0.00003 
-0.00000 
0.63525 
0.00000 
0.00000 
0.00000 
-0.03686 
-0.00000 
0.00000 
0.00000 
-0.01612 
-0.00000 
-0.05924 
-0.00000 
-0.00000 
0.00000 
-0.03572 
0.00000 
-0.00000 
0.00000 
-0.01524 
0.00000 
-0.01418 
0.00000 
-0.00000 
0.00000 
-0.01118 
-0.00000 
0.00000 
0.00000 
-0.00774 
-0.00000 
0.03457 
-0.00000 
0.00000 
-0.00000 
0.00321 
0.00000 
-0.00000 
0.00000 
-0.00104 
0.00000 
-0.01227 
-0.00000 
-0.00000 
-0.00000 
0.00527 
-0.00000 
-0.00000 
-0.00000 
0.00189 
-0.00000 
0.01320 
0.00000 
-0.00000 
-0.00000 
0.00221 
0.00000 
-0.00000 
-0.00000 
0.00176 
0.00000 
-0.01130 
-0.00000 
-0.00000 
0.00000 
-0.00048 
0.00000 
0.00000 
-0.00000 
0.00051 
-0.00000 
0.00528 
-0.00000 
0.00000 
0.00000 
-0.00116 
-0.00000 
-0.00000 
0.00000 
-0.00043 
0.00000 
-0.00444 
-0.00000 
0.00000 
0.00000 
-0.00061 
-0.00000 
0.00000 
0.00000 
-0.00058 
-0.00000 
0.00368 
0.00000 
-0.00000 
-0.00000 
0.00012 
-0.00000 
-0.00000 
0.00000 
-0.00023 
0.00000 
-0.00206 
0.00000 
-0.00000 
-0.00000 
0.00038 
-0.00000 
0.00000 
0.00000 
0.00014 
0.00000 
-0.67381 
0.00000 
-0.00000 
0.00000 
-0.00733 
-0.00000 
0.00000 
-0.00000 
0.01484 
0.00000 
0.08099 
-0.00000 
-0.00000 
-0.00000 
0.02180 
0.00000 
-0.00000 
-0.00000 
0.01918 
-0.00000 
-0.03323 
0.00000 
-0.00000 
-0.00000 
0.01135 
-0.00000 
0.00000 
-0.00000 
0.01198 
0.00000 
-0.00911 
-0.00000 
0.00000 
0.00000 
-0.00380 
-0.00000 
0.00000 
-0.00000 
0.00201 
-0.00000 
0.00683 
-0.00000 
-0.00000 
0.00000 
-0.00826 
-0.00000 
-0.00000 
0.00000 
-0.00358 
0.00000 
-0.01497 
-0.00000 
0.00000 
0.00000 
-0.00406 
-0.00000 
-0.00000 
0.00000 
-0.00369 
-0.00000 
0.01665 
0.00000 
-0.00000 
-0.00000 
0.00087 
-0.00000 
-0.00000 
0.00000 
-0.00116 
0.00000 
-0.00900 
0.00000 
0.00000 
-0.00000 
0.00248 
0.00000 
0.00000 
-0.00000 
0.00094 
-0.00000 
0.00872 
-0.00000 
0.00000 
-0.00000 
0.00137 
0.00000 
-0.00000 
-0.00000 
0.00134 
0.00000 
-0.00788 
-0.00000 
0.00000 
0.00000 
-0.00026 
0.00000 
0.00000 
-0.00000 
0.00055 
-0.00000 
0.00470 
-0.00000 
0.00000 
0.00000 
-0.00090 
0.00000 
-0.00000 
-0.00000 
-0.00032 
-0.00000 
0.26293 
-0.00000 
0.00000 
-0.00000 
0.01864 
0.00000 
-0.00000 
-0.00000 
-0.00194 
-0.00000 
-0.03948 
0.00000 
0.00000 
-0.00000 
0.00264 
-0.00000 
0.00000 
0.00000 
-0.00653 
0.00000 
0.03277 
-0.00000 
0.00000 
-0.00000 
-0.00232 
0.00000 
-0.00000 
0.00000 
-0.00569 
0.00000 
-0.01421 
0.00000 
-0.00000 
-0.00000 
0.00115 
0.00000 
0.00000 
0.00000 
-0.00123 
-0.00000 
0.00352 
0.00000 
0.00000 
-0.00000 
0.00405 
0.00000 
0.00000 
-0.00000 
0.00220 
-0.00000 
0.00362 
0.00000 
-0.00000 
-0.00000 
0.00237 
0.00000 
0.00000 
-0.00000 
0.00250 
0.00000 
-0.00722 
-0.00000 
0.00000 
0.00000 
-0.00049 
0.00000 
0.00000 
-0.00000 
0.00085 
-0.00000 
0.00473 
0.00000 
-0.00000 
0.00000 
-0.00171 
-0.00000 
-0.00000 
0.00000 
-0.00067 
0.00000 
-0.00543 
0.00000 
-0.00000 
0.00000 
-0.00100 
-0.00000 
0.00000 
0.00000 
-0.00101 
-0.00000 
0.00536 
0.00000 
-0.00000 
-0.00000 
0.00017 
-0.00000 
-0.00000 
0.00000 
-0.00043 
0.00000 
-0.00339 
0.00000 
-0.00000 
-0.00000 
0.00068 
-0.00000 
-0.00000 
0.00000 
0.00024 


///////////////////////////////////////////////////////////////
