000 (1673172.019.000) 12/24 11:03:23 Job submitted from host: <172.16.2.141:36601>
...
001 (1673172.019.000) 12/24 11:03:34 Job executing on host: <172.16.2.151:35010>
...
006 (1673172.019.000) 12/24 11:03:39 Image size of job updated: 1854352
	0  -  MemoryUsage of job (MB)
	0  -  ResidentSetSize of job (KB)
...
005 (1673172.019.000) 12/24 11:03:39 Job terminated.
	(1) Normal termination (return value 0)
		Usr 0 00:00:03, Sys 0 00:00:00  -  Run Remote Usage
		Usr 0 00:00:00, Sys 0 00:00:00  -  Run Local Usage
		Usr 0 00:00:03, Sys 0 00:00:00  -  Total Remote Usage
		Usr 0 00:00:00, Sys 0 00:00:00  -  Total Local Usage
	0  -  Run Bytes Sent By Job
	0  -  Run Bytes Received By Job
	0  -  Total Bytes Sent By Job
	0  -  Total Bytes Received By Job
	Partitionable Resources :    Usage  Request Allocated
	   Cpus                 :                 1         1
	   Disk (KB)            :        1        1   1084968
	   Memory (MB)          :        0        1     12107
...
000 (1673173.019.000) 12/24 12:15:00 Job submitted from host: <172.16.2.141:36601>
...
001 (1673173.019.000) 12/24 12:15:02 Job executing on host: <172.16.2.151:35010>
...
006 (1673173.019.000) 12/24 12:15:06 Image size of job updated: 1854348
	0  -  MemoryUsage of job (MB)
	0  -  ResidentSetSize of job (KB)
...
005 (1673173.019.000) 12/24 12:15:06 Job terminated.
	(1) Normal termination (return value 0)
		Usr 0 00:00:02, Sys 0 00:00:00  -  Run Remote Usage
		Usr 0 00:00:00, Sys 0 00:00:00  -  Run Local Usage
		Usr 0 00:00:02, Sys 0 00:00:00  -  Total Remote Usage
		Usr 0 00:00:00, Sys 0 00:00:00  -  Total Local Usage
	0  -  Run Bytes Sent By Job
	0  -  Run Bytes Received By Job
	0  -  Total Bytes Sent By Job
	0  -  Total Bytes Received By Job
	Partitionable Resources :    Usage  Request Allocated
	   Cpus                 :                 1         1
	   Disk (KB)            :        1        1   1084989
	   Memory (MB)          :        0        1     12107
...
000 (1673177.019.000) 12/24 12:24:13 Job submitted from host: <172.16.2.141:36601>
...
001 (1673177.019.000) 12/24 12:24:15 Job executing on host: <172.16.2.151:35010>
...
006 (1673177.019.000) 12/24 12:24:25 Image size of job updated: 1
	2  -  MemoryUsage of job (MB)
	2028  -  ResidentSetSize of job (KB)
...
006 (1673177.019.000) 12/24 12:29:25 Image size of job updated: 1055552
	808  -  MemoryUsage of job (MB)
	827188  -  ResidentSetSize of job (KB)
...
006 (1673177.019.000) 12/24 12:59:29 Image size of job updated: 1055552
	808  -  MemoryUsage of job (MB)
	827224  -  ResidentSetSize of job (KB)
...
006 (1673177.019.000) 12/24 13:24:31 Image size of job updated: 1055552
	813  -  MemoryUsage of job (MB)
	831524  -  ResidentSetSize of job (KB)
...
006 (1673177.019.000) 12/24 13:29:31 Image size of job updated: 1055552
	817  -  MemoryUsage of job (MB)
	835588  -  ResidentSetSize of job (KB)
...
000 (1673180.019.000) 12/24 16:18:37 Job submitted from host: <172.16.2.141:36601>
...
001 (1673180.019.000) 12/24 16:18:46 Job executing on host: <172.16.2.141:56348>
...
006 (1673180.019.000) 12/24 16:18:55 Image size of job updated: 1
	2  -  MemoryUsage of job (MB)
	2024  -  ResidentSetSize of job (KB)
...
006 (1673180.019.000) 12/24 16:23:56 Image size of job updated: 1839908
	808  -  MemoryUsage of job (MB)
	826972  -  ResidentSetSize of job (KB)
...
004 (1673177.019.000) 12/24 16:32:41 Job was evicted.
	(0) Job was not checkpointed.
		Usr 0 04:08:16, Sys 0 00:00:00  -  Run Remote Usage
		Usr 0 00:00:00, Sys 0 00:00:00  -  Run Local Usage
	0  -  Run Bytes Sent By Job
	0  -  Run Bytes Received By Job
	Partitionable Resources :    Usage  Request Allocated
	   Cpus                 :                 1         1
	   Disk (KB)            :        1        1   1084982
	   Memory (MB)          :      817        1     12107
...
004 (1673180.019.000) 12/24 16:32:42 Job was evicted.
	(0) Job was not checkpointed.
		Usr 0 00:13:34, Sys 0 00:00:19  -  Run Remote Usage
		Usr 0 00:00:00, Sys 0 00:00:00  -  Run Local Usage
	0  -  Run Bytes Sent By Job
	0  -  Run Bytes Received By Job
	Partitionable Resources :    Usage  Request Allocated
	   Cpus                 :                 1         1
	   Disk (KB)            :        1        1  18596014
	   Memory (MB)          :      808        1      2676
...
009 (1673177.019.000) 12/24 16:32:42 Job was aborted by the user.
	via condor_rm (by user zhangliang)
...
009 (1673180.019.000) 12/24 16:32:43 Job was aborted by the user.
	via condor_rm (by user zhangliang)
...
000 (1673181.019.000) 12/24 17:02:00 Job submitted from host: <172.16.2.141:36601>
...
001 (1673181.019.000) 12/24 17:02:09 Job executing on host: <172.16.2.141:56348>
...
006 (1673181.019.000) 12/24 17:02:18 Image size of job updated: 1
	2  -  MemoryUsage of job (MB)
	2024  -  ResidentSetSize of job (KB)
...
006 (1673181.019.000) 12/24 17:07:19 Image size of job updated: 1839912
	809  -  MemoryUsage of job (MB)
	828292  -  ResidentSetSize of job (KB)
...
006 (1673181.019.000) 12/24 17:47:23 Image size of job updated: 1839912
	809  -  MemoryUsage of job (MB)
	828328  -  ResidentSetSize of job (KB)
...
006 (1673181.019.000) 12/24 18:47:30 Image size of job updated: 1839912
	810  -  MemoryUsage of job (MB)
	828556  -  ResidentSetSize of job (KB)
...
005 (1673181.019.000) 12/24 22:15:36 Job terminated.
	(1) Normal termination (return value 0)
		Usr 0 05:12:56, Sys 0 00:00:16  -  Run Remote Usage
		Usr 0 00:00:00, Sys 0 00:00:00  -  Run Local Usage
		Usr 0 05:12:56, Sys 0 00:00:16  -  Total Remote Usage
		Usr 0 00:00:00, Sys 0 00:00:00  -  Total Local Usage
	0  -  Run Bytes Sent By Job
	0  -  Run Bytes Received By Job
	0  -  Total Bytes Sent By Job
	0  -  Total Bytes Received By Job
	Partitionable Resources :    Usage  Request Allocated
	   Cpus                 :                 1         1
	   Disk (KB)            :        1        1  18596014
	   Memory (MB)          :      810        1      2676
...
000 (1673185.019.000) 12/25 09:14:38 Job submitted from host: <172.16.2.141:36601>
...
001 (1673185.019.000) 12/25 09:23:30 Job executing on host: <172.16.2.151:35010>
...
006 (1673185.019.000) 12/25 09:23:38 Image size of job updated: 1854376
	1194  -  MemoryUsage of job (MB)
	1221756  -  ResidentSetSize of job (KB)
...
005 (1673185.019.000) 12/25 18:16:32 Job terminated.
	(1) Normal termination (return value 0)
		Usr 0 08:42:54, Sys 0 00:00:00  -  Run Remote Usage
		Usr 0 00:00:00, Sys 0 00:00:00  -  Run Local Usage
		Usr 0 08:42:54, Sys 0 00:00:00  -  Total Remote Usage
		Usr 0 00:00:00, Sys 0 00:00:00  -  Total Local Usage
	0  -  Run Bytes Sent By Job
	0  -  Run Bytes Received By Job
	0  -  Total Bytes Sent By Job
	0  -  Total Bytes Received By Job
	Partitionable Resources :    Usage  Request Allocated
	   Cpus                 :                 1         1
	   Disk (KB)            :        1        1   1084951
	   Memory (MB)          :     1194        1     12107
...
