///////////////////////////////////////////////////////////////
//
//Hartree method solving three-body nuclear wave function
//
///////////////////////////////////////////////////////////////

///////////////////////////////////////
//Variation
///////////////////////////////////////

Nc  q   lx  ly  L   sjk Sa  tjk
1   0   0   0   0   0   1/2   1
2   0   0   0   0   1   1/2   0
3   0   1   1   0   0   1/2   0
4   0   1   1   0   1   1/2   1
5   0   2   2   0   0   1/2   1
6   0   2   2   0   1   1/2   0
7   0   3   3   0   0   1/2   0
8   0   3   3   0   1   1/2   1
9   0   4   4   0   0   1/2   1
10   0   4   4   0   1   1/2   0
11   1   0   0   0   0   1/2   1
12   1   0   0   0   1   1/2   0
13   1   1   1   0   0   1/2   0
14   1   1   1   0   1   1/2   1
15   1   2   2   0   0   1/2   1
16   1   2   2   0   1   1/2   0
17   1   3   3   0   0   1/2   0
18   1   3   3   0   1   1/2   1
19   1   4   4   0   0   1/2   1
20   1   4   4   0   1   1/2   0
21   2   0   0   0   0   1/2   1
22   2   0   0   0   1   1/2   0
23   2   1   1   0   0   1/2   0
24   2   1   1   0   1   1/2   1
25   2   2   2   0   0   1/2   1
26   2   2   2   0   1   1/2   0
27   2   3   3   0   0   1/2   0
28   2   3   3   0   1   1/2   1
29   2   4   4   0   0   1/2   1
30   2   4   4   0   1   1/2   0
31   3   0   0   0   0   1/2   1
32   3   0   0   0   1   1/2   0
33   3   1   1   0   0   1/2   0
34   3   1   1   0   1   1/2   1
35   3   2   2   0   0   1/2   1
36   3   2   2   0   1   1/2   0
37   3   3   3   0   0   1/2   0
38   3   3   3   0   1   1/2   1
39   3   4   4   0   0   1/2   1
40   3   4   4   0   1   1/2   0
41   4   0   0   0   0   1/2   1
42   4   0   0   0   1   1/2   0
43   4   1   1   0   0   1/2   0
44   4   1   1   0   1   1/2   1
45   4   2   2   0   0   1/2   1
46   4   2   2   0   1   1/2   0
47   4   3   3   0   0   1/2   0
48   4   3   3   0   1   1/2   1
49   4   4   4   0   0   1/2   1
50   4   4   4   0   1   1/2   0
51   5   0   0   0   0   1/2   1
52   5   0   0   0   1   1/2   0
53   5   1   1   0   0   1/2   0
54   5   1   1   0   1   1/2   1
55   5   2   2   0   0   1/2   1
56   5   2   2   0   1   1/2   0
57   5   3   3   0   0   1/2   0
58   5   3   3   0   1   1/2   1
59   5   4   4   0   0   1/2   1
60   5   4   4   0   1   1/2   0
61   6   0   0   0   0   1/2   1
62   6   0   0   0   1   1/2   0
63   6   1   1   0   0   1/2   0
64   6   1   1   0   1   1/2   1
65   6   2   2   0   0   1/2   1
66   6   2   2   0   1   1/2   0
67   6   3   3   0   0   1/2   0
68   6   3   3   0   1   1/2   1
69   6   4   4   0   0   1/2   1
70   6   4   4   0   1   1/2   0
71   7   0   0   0   0   1/2   1
72   7   0   0   0   1   1/2   0
73   7   1   1   0   0   1/2   0
74   7   1   1   0   1   1/2   1
75   7   2   2   0   0   1/2   1
76   7   2   2   0   1   1/2   0
77   7   3   3   0   0   1/2   0
78   7   3   3   0   1   1/2   1
79   7   4   4   0   0   1/2   1
80   7   4   4   0   1   1/2   0
81   8   0   0   0   0   1/2   1
82   8   0   0   0   1   1/2   0
83   8   1   1   0   0   1/2   0
84   8   1   1   0   1   1/2   1
85   8   2   2   0   0   1/2   1
86   8   2   2   0   1   1/2   0
87   8   3   3   0   0   1/2   0
88   8   3   3   0   1   1/2   1
89   8   4   4   0   0   1/2   1
90   8   4   4   0   1   1/2   0
91   9   0   0   0   0   1/2   1
92   9   0   0   0   1   1/2   0
93   9   1   1   0   0   1/2   0
94   9   1   1   0   1   1/2   1
95   9   2   2   0   0   1/2   1
96   9   2   2   0   1   1/2   0
97   9   3   3   0   0   1/2   0
98   9   3   3   0   1   1/2   1
99   9   4   4   0   0   1/2   1
100   9   4   4   0   1   1/2   0
101   10   0   0   0   0   1/2   1
102   10   0   0   0   1   1/2   0
103   10   1   1   0   0   1/2   0
104   10   1   1   0   1   1/2   1
105   10   2   2   0   0   1/2   1
106   10   2   2   0   1   1/2   0
107   10   3   3   0   0   1/2   0
108   10   3   3   0   1   1/2   1
109   10   4   4   0   0   1/2   1
110   10   4   4   0   1   1/2   0
Hdim: 550
process: 20%
process: 40%
process: 60%
process: 80%
process: 100%

///////////////////////////////////////
//Variation done
///////////////////////////////////////

///////////////////////////////////////
//Result
///////////////////////////////////////

H_3
Variation parameter c=2700 MeV, base state energy: -6.25083 MeV
Eigen vector: 
0.00000 
0.01282 
0.00000 
-0.00000 
-0.00000 
-0.00190 
-0.00000 
0.00000 
-0.00000 
-0.00021 
0.00000 
-0.00072 
-0.00000 
-0.00000 
-0.00000 
-0.00078 
0.00000 
-0.00000 
-0.00000 
-0.00015 
-0.00000 
-0.00133 
-0.00000 
-0.00000 
-0.00000 
-0.00013 
0.00000 
0.00000 
-0.00000 
-0.00007 
0.00000 
0.00089 
-0.00000 
-0.00000 
0.00000 
0.00003 
-0.00000 
-0.00000 
-0.00000 
-0.00001 
-0.00000 
-0.00019 
0.00000 
-0.00000 
0.00000 
0.00005 
-0.00000 
-0.00000 
0.00000 
0.00001 
0.00000 
0.00014 
-0.00000 
0.00000 
0.00000 
0.00002 
-0.00000 
0.00000 
0.00000 
0.00001 
-0.00000 
-0.00010 
0.00000 
-0.00000 
0.00000 
-0.00000 
-0.00000 
-0.00000 
0.00000 
0.00000 
0.00000 
0.00004 
-0.00000 
-0.00000 
-0.00000 
-0.00001 
-0.00000 
0.00000 
0.00000 
-0.00000 
-0.00000 
-0.00003 
-0.00000 
0.00000 
0.00000 
-0.00000 
-0.00000 
0.00000 
-0.00000 
-0.00000 
0.00000 
0.00002 
-0.00000 
0.00000 
0.00000 
0.00000 
0.00000 
-0.00000 
0.00000 
-0.00000 
-0.00000 
-0.00001 
-0.00000 
-0.00000 
0.00000 
0.00000 
0.00000 
0.00000 
0.00000 
0.00000 
-0.00000 
-0.18570 
0.00000 
-0.00000 
0.00000 
0.02206 
-0.00000 
0.00000 
0.00000 
0.00386 
-0.00000 
0.01338 
-0.00000 
-0.00000 
0.00000 
0.01168 
0.00000 
-0.00000 
0.00000 
0.00294 
0.00000 
0.01439 
-0.00000 
-0.00000 
0.00000 
0.00252 
0.00000 
0.00000 
0.00000 
0.00130 
-0.00000 
-0.01290 
0.00000 
-0.00000 
-0.00000 
-0.00065 
0.00000 
0.00000 
0.00000 
0.00015 
0.00000 
0.00327 
0.00000 
0.00000 
-0.00000 
-0.00090 
-0.00000 
0.00000 
-0.00000 
-0.00029 
-0.00000 
-0.00259 
-0.00000 
0.00000 
-0.00000 
-0.00034 
0.00000 
0.00000 
-0.00000 
-0.00027 
0.00000 
0.00190 
-0.00000 
-0.00000 
0.00000 
0.00007 
0.00000 
0.00000 
-0.00000 
-0.00008 
-0.00000 
-0.00080 
0.00000 
-0.00000 
0.00000 
0.00018 
0.00000 
-0.00000 
-0.00000 
0.00007 
0.00000 
0.00064 
-0.00000 
-0.00000 
0.00000 
0.00009 
-0.00000 
0.00000 
0.00000 
0.00009 
-0.00000 
-0.00053 
0.00000 
-0.00000 
0.00000 
-0.00002 
0.00000 
-0.00000 
0.00000 
0.00004 
0.00000 
0.00029 
0.00000 
-0.00000 
-0.00000 
-0.00006 
-0.00000 
0.00000 
0.00000 
-0.00002 
0.00000 
0.59375 
-0.00000 
0.00000 
-0.00000 
-0.04006 
-0.00000 
0.00000 
-0.00000 
-0.01502 
0.00000 
-0.05308 
-0.00000 
-0.00000 
-0.00000 
-0.03474 
0.00000 
-0.00000 
-0.00000 
-0.01367 
-0.00000 
-0.01875 
-0.00000 
-0.00000 
-0.00000 
-0.01031 
-0.00000 
0.00000 
-0.00000 
-0.00674 
0.00000 
0.03473 
-0.00000 
-0.00000 
0.00000 
0.00290 
0.00000 
0.00000 
-0.00000 
-0.00088 
-0.00000 
-0.01174 
0.00000 
-0.00000 
0.00000 
0.00459 
-0.00000 
-0.00000 
0.00000 
0.00160 
0.00000 
0.01191 
0.00000 
0.00000 
0.00000 
0.00188 
-0.00000 
-0.00000 
0.00000 
0.00148 
-0.00000 
-0.00988 
-0.00000 
-0.00000 
-0.00000 
-0.00041 
-0.00000 
0.00000 
0.00000 
0.00042 
0.00000 
0.00451 
0.00000 
0.00000 
-0.00000 
-0.00097 
-0.00000 
-0.00000 
-0.00000 
-0.00035 
-0.00000 
-0.00373 
0.00000 
0.00000 
-0.00000 
-0.00050 
-0.00000 
-0.00000 
-0.00000 
-0.00048 
0.00000 
0.00306 
-0.00000 
0.00000 
0.00000 
0.00010 
0.00000 
-0.00000 
-0.00000 
-0.00019 
-0.00000 
-0.00170 
0.00000 
-0.00000 
-0.00000 
0.00032 
0.00000 
-0.00000 
0.00000 
0.00012 
-0.00000 
-0.70620 
0.00000 
-0.00000 
-0.00000 
0.00170 
-0.00000 
0.00000 
0.00000 
0.01664 
-0.00000 
0.07979 
-0.00000 
-0.00000 
0.00000 
0.02720 
0.00000 
-0.00000 
0.00000 
0.01997 
-0.00000 
-0.02397 
-0.00000 
-0.00000 
0.00000 
0.01241 
-0.00000 
0.00000 
0.00000 
0.01192 
-0.00000 
-0.01692 
-0.00000 
-0.00000 
-0.00000 
-0.00401 
-0.00000 
0.00000 
0.00000 
0.00191 
0.00000 
0.00928 
0.00000 
-0.00000 
-0.00000 
-0.00818 
-0.00000 
-0.00000 
-0.00000 
-0.00340 
-0.00000 
-0.01606 
0.00000 
0.00000 
-0.00000 
-0.00389 
0.00000 
-0.00000 
-0.00000 
-0.00343 
0.00000 
0.01675 
-0.00000 
0.00000 
0.00000 
0.00084 
0.00000 
0.00000 
-0.00000 
-0.00105 
-0.00000 
-0.00858 
-0.00000 
0.00000 
0.00000 
0.00229 
-0.00000 
-0.00000 
0.00000 
0.00086 
0.00000 
0.00820 
0.00000 
-0.00000 
0.00000 
0.00125 
0.00000 
0.00000 
0.00000 
0.00121 
-0.00000 
-0.00725 
-0.00000 
-0.00000 
-0.00000 
-0.00024 
-0.00000 
0.00000 
0.00000 
0.00050 
0.00000 
0.00425 
-0.00000 
0.00000 
-0.00000 
-0.00080 
-0.00000 
0.00000 
-0.00000 
-0.00029 
0.00000 
0.30187 
-0.00000 
0.00000 
0.00000 
0.01820 
0.00000 
-0.00000 
0.00000 
-0.00406 
0.00000 
-0.04188 
0.00000 
0.00000 
-0.00000 
-0.00104 
-0.00000 
0.00000 
-0.00000 
-0.00860 
0.00000 
0.03185 
0.00000 
0.00000 
-0.00000 
-0.00378 
-0.00000 
-0.00000 
-0.00000 
-0.00659 
0.00000 
-0.00968 
0.00000 
0.00000 
-0.00000 
0.00159 
0.00000 
-0.00000 
-0.00000 
-0.00130 
0.00000 
0.00121 
-0.00000 
0.00000 
0.00000 
0.00464 
0.00000 
0.00000 
0.00000 
0.00230 
0.00000 
0.00577 
-0.00000 
-0.00000 
0.00000 
0.00254 
-0.00000 
0.00000 
0.00000 
0.00251 
-0.00000 
-0.00871 
0.00000 
-0.00000 
-0.00000 
-0.00053 
-0.00000 
-0.00000 
0.00000 
0.00082 
0.00000 
0.00503 
-0.00000 
-0.00000 
-0.00000 
-0.00170 
0.00000 
0.00000 
-0.00000 
-0.00065 
-0.00000 
-0.00562 
-0.00000 
0.00000 
-0.00000 
-0.00097 
0.00000 
-0.00000 
-0.00000 
-0.00096 
0.00000 
0.00533 
0.00000 
0.00000 
0.00000 
0.00017 
0.00000 
-0.00000 
-0.00000 
-0.00040 
-0.00000 
-0.00327 
-0.00000 
0.00000 
0.00000 
0.00064 
0.00000 
-0.00000 
0.00000 
0.00023 


///////////////////////////////////////////////////////////////
