///////////////////////////////////////////////////////////////
//
//Hartree method solving three-body nuclear wave function
//
///////////////////////////////////////////////////////////////

///////////////////////////////////////
//Variation
///////////////////////////////////////

Nc  q   lx  ly  L   sjk Sa  tjk
1   0   0   0   0   0   1/2   1
2   0   0   0   0   1   1/2   0
3   0   1   1   0   0   1/2   0
4   0   1   1   0   1   1/2   1
5   0   2   2   0   0   1/2   1
6   0   2   2   0   1   1/2   0
7   0   3   3   0   0   1/2   0
8   0   3   3   0   1   1/2   1
9   0   4   4   0   0   1/2   1
10   0   4   4   0   1   1/2   0
11   1   0   0   0   0   1/2   1
12   1   0   0   0   1   1/2   0
13   1   1   1   0   0   1/2   0
14   1   1   1   0   1   1/2   1
15   1   2   2   0   0   1/2   1
16   1   2   2   0   1   1/2   0
17   1   3   3   0   0   1/2   0
18   1   3   3   0   1   1/2   1
19   1   4   4   0   0   1/2   1
20   1   4   4   0   1   1/2   0
21   2   0   0   0   0   1/2   1
22   2   0   0   0   1   1/2   0
23   2   1   1   0   0   1/2   0
24   2   1   1   0   1   1/2   1
25   2   2   2   0   0   1/2   1
26   2   2   2   0   1   1/2   0
27   2   3   3   0   0   1/2   0
28   2   3   3   0   1   1/2   1
29   2   4   4   0   0   1/2   1
30   2   4   4   0   1   1/2   0
31   3   0   0   0   0   1/2   1
32   3   0   0   0   1   1/2   0
33   3   1   1   0   0   1/2   0
34   3   1   1   0   1   1/2   1
35   3   2   2   0   0   1/2   1
36   3   2   2   0   1   1/2   0
37   3   3   3   0   0   1/2   0
38   3   3   3   0   1   1/2   1
39   3   4   4   0   0   1/2   1
40   3   4   4   0   1   1/2   0
41   4   0   0   0   0   1/2   1
42   4   0   0   0   1   1/2   0
43   4   1   1   0   0   1/2   0
44   4   1   1   0   1   1/2   1
45   4   2   2   0   0   1/2   1
46   4   2   2   0   1   1/2   0
47   4   3   3   0   0   1/2   0
48   4   3   3   0   1   1/2   1
49   4   4   4   0   0   1/2   1
50   4   4   4   0   1   1/2   0
51   5   0   0   0   0   1/2   1
52   5   0   0   0   1   1/2   0
53   5   1   1   0   0   1/2   0
54   5   1   1   0   1   1/2   1
55   5   2   2   0   0   1/2   1
56   5   2   2   0   1   1/2   0
57   5   3   3   0   0   1/2   0
58   5   3   3   0   1   1/2   1
59   5   4   4   0   0   1/2   1
60   5   4   4   0   1   1/2   0
61   6   0   0   0   0   1/2   1
62   6   0   0   0   1   1/2   0
63   6   1   1   0   0   1/2   0
64   6   1   1   0   1   1/2   1
65   6   2   2   0   0   1/2   1
66   6   2   2   0   1   1/2   0
67   6   3   3   0   0   1/2   0
68   6   3   3   0   1   1/2   1
69   6   4   4   0   0   1/2   1
70   6   4   4   0   1   1/2   0
71   7   0   0   0   0   1/2   1
72   7   0   0   0   1   1/2   0
73   7   1   1   0   0   1/2   0
74   7   1   1   0   1   1/2   1
75   7   2   2   0   0   1/2   1
76   7   2   2   0   1   1/2   0
77   7   3   3   0   0   1/2   0
78   7   3   3   0   1   1/2   1
79   7   4   4   0   0   1/2   1
80   7   4   4   0   1   1/2   0
81   8   0   0   0   0   1/2   1
82   8   0   0   0   1   1/2   0
83   8   1   1   0   0   1/2   0
84   8   1   1   0   1   1/2   1
85   8   2   2   0   0   1/2   1
86   8   2   2   0   1   1/2   0
87   8   3   3   0   0   1/2   0
88   8   3   3   0   1   1/2   1
89   8   4   4   0   0   1/2   1
90   8   4   4   0   1   1/2   0
91   9   0   0   0   0   1/2   1
92   9   0   0   0   1   1/2   0
93   9   1   1   0   0   1/2   0
94   9   1   1   0   1   1/2   1
95   9   2   2   0   0   1/2   1
96   9   2   2   0   1   1/2   0
97   9   3   3   0   0   1/2   0
98   9   3   3   0   1   1/2   1
99   9   4   4   0   0   1/2   1
100   9   4   4   0   1   1/2   0
101   10   0   0   0   0   1/2   1
102   10   0   0   0   1   1/2   0
103   10   1   1   0   0   1/2   0
104   10   1   1   0   1   1/2   1
105   10   2   2   0   0   1/2   1
106   10   2   2   0   1   1/2   0
107   10   3   3   0   0   1/2   0
108   10   3   3   0   1   1/2   1
109   10   4   4   0   0   1/2   1
110   10   4   4   0   1   1/2   0
Hdim: 550
process: 20%
process: 40%
process: 60%
process: 80%
process: 100%

///////////////////////////////////////
//Variation done
///////////////////////////////////////

///////////////////////////////////////
//Result
///////////////////////////////////////

H_3
Variation parameter c=1300 MeV, base state energy: -7.03056 MeV
Eigen vector: 
-0.00000 
-0.13412 
0.00000 
0.00000 
0.00000 
0.01548 
0.00000 
0.00000 
0.00000 
0.00283 
-0.00000 
0.00997 
0.00000 
-0.00000 
0.00000 
0.00842 
0.00000 
-0.00000 
0.00000 
0.00219 
0.00000 
0.00999 
-0.00000 
-0.00000 
0.00000 
0.00185 
-0.00000 
-0.00000 
0.00000 
0.00097 
-0.00000 
-0.00926 
-0.00000 
0.00000 
-0.00000 
-0.00048 
-0.00000 
-0.00000 
0.00000 
0.00012 
0.00000 
0.00240 
-0.00000 
-0.00000 
-0.00000 
-0.00068 
0.00000 
0.00000 
-0.00000 
-0.00022 
-0.00000 
-0.00194 
0.00000 
-0.00000 
-0.00000 
-0.00025 
0.00000 
0.00000 
0.00000 
-0.00020 
0.00000 
0.00144 
0.00000 
-0.00000 
0.00000 
0.00005 
-0.00000 
-0.00000 
-0.00000 
-0.00006 
-0.00000 
-0.00061 
-0.00000 
-0.00000 
0.00000 
0.00013 
0.00000 
0.00000 
0.00000 
0.00005 
-0.00000 
0.00049 
-0.00000 
-0.00000 
0.00000 
0.00007 
-0.00000 
-0.00000 
0.00000 
0.00007 
-0.00000 
-0.00041 
-0.00000 
0.00000 
0.00000 
-0.00001 
-0.00000 
0.00000 
-0.00000 
0.00003 
0.00000 
0.00023 
0.00000 
-0.00000 
0.00000 
-0.00005 
0.00000 
0.00000 
0.00000 
-0.00002 
0.00000 
0.64777 
0.00000 
-0.00000 
-0.00000 
-0.03117 
-0.00000 
0.00000 
-0.00000 
-0.01582 
0.00000 
-0.06424 
-0.00000 
0.00000 
-0.00000 
-0.03368 
0.00000 
-0.00000 
-0.00000 
-0.01577 
-0.00000 
-0.00734 
-0.00000 
-0.00000 
-0.00000 
-0.01111 
0.00000 
-0.00000 
-0.00000 
-0.00836 
0.00000 
0.03076 
0.00000 
0.00000 
0.00000 
0.00328 
0.00000 
0.00000 
-0.00000 
-0.00119 
0.00000 
-0.01140 
0.00000 
0.00000 
0.00000 
0.00571 
-0.00000 
-0.00000 
0.00000 
0.00215 
0.00000 
0.01346 
0.00000 
0.00000 
0.00000 
0.00248 
0.00000 
0.00000 
0.00000 
0.00206 
-0.00000 
-0.01214 
0.00000 
0.00000 
-0.00000 
-0.00054 
-0.00000 
0.00000 
0.00000 
0.00061 
0.00000 
0.00589 
-0.00000 
0.00000 
-0.00000 
-0.00137 
-0.00000 
-0.00000 
-0.00000 
-0.00050 
-0.00000 
-0.00513 
-0.00000 
0.00000 
0.00000 
-0.00072 
-0.00000 
-0.00000 
-0.00000 
-0.00070 
0.00000 
0.00435 
-0.00000 
-0.00000 
-0.00000 
0.00014 
-0.00000 
0.00000 
-0.00000 
-0.00028 
-0.00000 
-0.00249 
-0.00000 
-0.00000 
0.00000 
0.00046 
0.00000 
-0.00000 
0.00000 
0.00017 
-0.00000 
-0.69642 
0.00000 
-0.00000 
-0.00000 
-0.02031 
-0.00000 
-0.00000 
0.00000 
0.01222 
-0.00000 
0.09478 
0.00000 
0.00000 
0.00000 
0.01395 
-0.00000 
-0.00000 
0.00000 
0.01828 
-0.00000 
-0.05240 
0.00000 
0.00000 
0.00000 
0.00990 
-0.00000 
0.00000 
0.00000 
0.01252 
-0.00000 
0.00556 
0.00000 
0.00000 
0.00000 
-0.00354 
-0.00000 
-0.00000 
0.00000 
0.00231 
-0.00000 
0.00140 
-0.00000 
0.00000 
-0.00000 
-0.00872 
-0.00000 
0.00000 
-0.00000 
-0.00418 
-0.00000 
-0.01268 
-0.00000 
-0.00000 
-0.00000 
-0.00460 
0.00000 
-0.00000 
-0.00000 
-0.00455 
0.00000 
0.01675 
-0.00000 
0.00000 
0.00000 
0.00098 
-0.00000 
0.00000 
-0.00000 
-0.00151 
-0.00000 
-0.00984 
-0.00000 
-0.00000 
0.00000 
0.00308 
-0.00000 
-0.00000 
0.00000 
0.00122 
0.00000 
0.01038 
-0.00000 
0.00000 
0.00000 
0.00177 
-0.00000 
-0.00000 
0.00000 
0.00180 
-0.00000 
-0.00992 
-0.00000 
-0.00000 
0.00000 
-0.00032 
-0.00000 
-0.00000 
0.00000 
0.00077 
-0.00000 
0.00625 
0.00000 
-0.00000 
-0.00000 
-0.00121 
0.00000 
-0.00000 
-0.00000 
-0.00044 
0.00000 
0.19445 
0.00000 
-0.00000 
-0.00000 
0.02559 
-0.00000 
0.00000 
0.00000 
0.00458 
0.00000 
-0.04258 
-0.00000 
0.00000 
-0.00000 
0.01470 
0.00000 
-0.00000 
-0.00000 
0.00042 
-0.00000 
0.04600 
0.00000 
-0.00000 
0.00000 
0.00234 
0.00000 
-0.00000 
-0.00000 
-0.00230 
-0.00000 
-0.03350 
0.00000 
0.00000 
-0.00000 
-0.00027 
-0.00000 
0.00000 
-0.00000 
-0.00089 
-0.00000 
0.01383 
0.00000 
-0.00000 
-0.00000 
0.00177 
0.00000 
-0.00000 
0.00000 
0.00177 
0.00000 
-0.00574 
0.00000 
-0.00000 
0.00000 
0.00164 
-0.00000 
-0.00000 
-0.00000 
0.00248 
0.00000 
-0.00031 
0.00000 
0.00000 
-0.00000 
-0.00034 
0.00000 
-0.00000 
0.00000 
0.00100 
0.00000 
0.00178 
0.00000 
-0.00000 
0.00000 
-0.00172 
0.00000 
0.00000 
0.00000 
-0.00081 
-0.00000 
-0.00410 
0.00000 
-0.00000 
-0.00000 
-0.00115 
0.00000 
0.00000 
-0.00000 
-0.00137 
0.00000 
0.00529 
0.00000 
0.00000 
-0.00000 
0.00018 
0.00000 
0.00000 
-0.00000 
-0.00065 
0.00000 
-0.00403 
-0.00000 
0.00000 
0.00000 
0.00094 
-0.00000 
0.00000 
-0.00000 
0.00035 
-0.00000 
-0.09920 
-0.00000 
0.00000 
0.00000 
0.00732 
0.00000 
-0.00000 
-0.00000 
0.00141 
-0.00000 
0.01166 
0.00000 
-0.00000 
0.00000 
0.00519 
-0.00000 
0.00000 
0.00000 
-0.00069 
0.00000 
0.00125 
-0.00000 
-0.00000 
-0.00000 
0.00053 
0.00000 
0.00000 
0.00000 
-0.00120 
0.00000 
-0.00318 
-0.00000 
-0.00000 
0.00000 
0.00004 
0.00000 
0.00000 
0.00000 
-0.00028 
0.00000 
-0.00119 
0.00000 
0.00000 
0.00000 
0.00090 
-0.00000 
-0.00000 
-0.00000 
0.00038 
-0.00000 
0.00266 
0.00000 
0.00000 
0.00000 
0.00051 
0.00000 
0.00000 
0.00000 
0.00029 
-0.00000 
-0.00321 
-0.00000 
-0.00000 
-0.00000 
-0.00009 
0.00000 
-0.00000 
-0.00000 
0.00003 
-0.00000 
0.00211 
0.00000 
0.00000 
-0.00000 
-0.00020 
-0.00000 
-0.00000 
-0.00000 
0.00001 
0.00000 
-0.00162 
-0.00000 
0.00000 
-0.00000 
-0.00004 
-0.00000 
0.00000 
-0.00000 
0.00011 
-0.00000 
0.00098 
-0.00000 
-0.00000 
0.00000 
0.00001 
-0.00000 
-0.00000 
-0.00000 
0.00009 
-0.00000 
-0.00028 
0.00000 
-0.00000 
0.00000 
-0.00007 
0.00000 
-0.00000 
0.00000 
-0.00005 


///////////////////////////////////////////////////////////////
