///////////////////////////////////////////////////////////////
//
//Hartree method solving three-body nuclear wave function
//
///////////////////////////////////////////////////////////////

///////////////////////////////////////
//Variation
///////////////////////////////////////

Nc  q   lx  ly  L   sjk Sa  tjk
1   0   0   0   0   0   1/2   1
2   0   0   0   0   1   1/2   0
3   0   1   1   0   0   1/2   0
4   0   1   1   0   1   1/2   1
5   0   2   2   0   0   1/2   1
6   0   2   2   0   1   1/2   0
7   0   3   3   0   0   1/2   0
8   0   3   3   0   1   1/2   1
9   0   4   4   0   0   1/2   1
10   0   4   4   0   1   1/2   0
11   1   0   0   0   0   1/2   1
12   1   0   0   0   1   1/2   0
13   1   1   1   0   0   1/2   0
14   1   1   1   0   1   1/2   1
15   1   2   2   0   0   1/2   1
16   1   2   2   0   1   1/2   0
17   1   3   3   0   0   1/2   0
18   1   3   3   0   1   1/2   1
19   1   4   4   0   0   1/2   1
20   1   4   4   0   1   1/2   0
21   2   0   0   0   0   1/2   1
22   2   0   0   0   1   1/2   0
23   2   1   1   0   0   1/2   0
24   2   1   1   0   1   1/2   1
25   2   2   2   0   0   1/2   1
26   2   2   2   0   1   1/2   0
27   2   3   3   0   0   1/2   0
28   2   3   3   0   1   1/2   1
29   2   4   4   0   0   1/2   1
30   2   4   4   0   1   1/2   0
31   3   0   0   0   0   1/2   1
32   3   0   0   0   1   1/2   0
33   3   1   1   0   0   1/2   0
34   3   1   1   0   1   1/2   1
35   3   2   2   0   0   1/2   1
36   3   2   2   0   1   1/2   0
37   3   3   3   0   0   1/2   0
38   3   3   3   0   1   1/2   1
39   3   4   4   0   0   1/2   1
40   3   4   4   0   1   1/2   0
41   4   0   0   0   0   1/2   1
42   4   0   0   0   1   1/2   0
43   4   1   1   0   0   1/2   0
44   4   1   1   0   1   1/2   1
45   4   2   2   0   0   1/2   1
46   4   2   2   0   1   1/2   0
47   4   3   3   0   0   1/2   0
48   4   3   3   0   1   1/2   1
49   4   4   4   0   0   1/2   1
50   4   4   4   0   1   1/2   0
51   5   0   0   0   0   1/2   1
52   5   0   0   0   1   1/2   0
53   5   1   1   0   0   1/2   0
54   5   1   1   0   1   1/2   1
55   5   2   2   0   0   1/2   1
56   5   2   2   0   1   1/2   0
57   5   3   3   0   0   1/2   0
58   5   3   3   0   1   1/2   1
59   5   4   4   0   0   1/2   1
60   5   4   4   0   1   1/2   0
61   6   0   0   0   0   1/2   1
62   6   0   0   0   1   1/2   0
63   6   1   1   0   0   1/2   0
64   6   1   1   0   1   1/2   1
65   6   2   2   0   0   1/2   1
66   6   2   2   0   1   1/2   0
67   6   3   3   0   0   1/2   0
68   6   3   3   0   1   1/2   1
69   6   4   4   0   0   1/2   1
70   6   4   4   0   1   1/2   0
71   7   0   0   0   0   1/2   1
72   7   0   0   0   1   1/2   0
73   7   1   1   0   0   1/2   0
74   7   1   1   0   1   1/2   1
75   7   2   2   0   0   1/2   1
76   7   2   2   0   1   1/2   0
77   7   3   3   0   0   1/2   0
78   7   3   3   0   1   1/2   1
79   7   4   4   0   0   1/2   1
80   7   4   4   0   1   1/2   0
81   8   0   0   0   0   1/2   1
82   8   0   0   0   1   1/2   0
83   8   1   1   0   0   1/2   0
84   8   1   1   0   1   1/2   1
85   8   2   2   0   0   1/2   1
86   8   2   2   0   1   1/2   0
87   8   3   3   0   0   1/2   0
88   8   3   3   0   1   1/2   1
89   8   4   4   0   0   1/2   1
90   8   4   4   0   1   1/2   0
91   9   0   0   0   0   1/2   1
92   9   0   0   0   1   1/2   0
93   9   1   1   0   0   1/2   0
94   9   1   1   0   1   1/2   1
95   9   2   2   0   0   1/2   1
96   9   2   2   0   1   1/2   0
97   9   3   3   0   0   1/2   0
98   9   3   3   0   1   1/2   1
99   9   4   4   0   0   1/2   1
100   9   4   4   0   1   1/2   0
101   10   0   0   0   0   1/2   1
102   10   0   0   0   1   1/2   0
103   10   1   1   0   0   1/2   0
104   10   1   1   0   1   1/2   1
105   10   2   2   0   0   1/2   1
106   10   2   2   0   1   1/2   0
107   10   3   3   0   0   1/2   0
108   10   3   3   0   1   1/2   1
109   10   4   4   0   0   1/2   1
110   10   4   4   0   1   1/2   0
Hdim: 550
process: 20%
process: 40%
process: 60%
process: 80%
process: 100%

///////////////////////////////////////
//Variation done
///////////////////////////////////////

///////////////////////////////////////
//Result
///////////////////////////////////////

H_3
Variation parameter c=2100 MeV, base state energy: -7.27673 MeV
Eigen vector: 
-0.00000 
-0.03177 
0.00000 
-0.00000 
0.00000 
0.00446 
-0.00000 
-0.00000 
-0.00000 
0.00054 
-0.00000 
0.00199 
-0.00000 
0.00000 
0.00000 
0.00193 
0.00000 
0.00000 
0.00000 
0.00040 
0.00000 
0.00305 
0.00000 
0.00000 
0.00000 
0.00035 
-0.00000 
-0.00000 
-0.00000 
0.00018 
-0.00000 
-0.00219 
-0.00000 
0.00000 
-0.00000 
-0.00009 
-0.00000 
-0.00000 
0.00000 
0.00002 
0.00000 
0.00048 
-0.00000 
-0.00000 
0.00000 
-0.00013 
-0.00000 
0.00000 
-0.00000 
-0.00004 
-0.00000 
-0.00036 
-0.00000 
0.00000 
-0.00000 
-0.00005 
0.00000 
0.00000 
0.00000 
-0.00004 
0.00000 
0.00026 
-0.00000 
-0.00000 
0.00000 
0.00001 
0.00000 
-0.00000 
-0.00000 
-0.00001 
0.00000 
-0.00011 
-0.00000 
-0.00000 
0.00000 
0.00002 
0.00000 
-0.00000 
0.00000 
0.00001 
-0.00000 
0.00009 
0.00000 
-0.00000 
0.00000 
0.00001 
0.00000 
0.00000 
-0.00000 
0.00001 
-0.00000 
-0.00007 
0.00000 
0.00000 
0.00000 
-0.00000 
0.00000 
-0.00000 
0.00000 
0.00000 
-0.00000 
0.00004 
-0.00000 
-0.00000 
0.00000 
-0.00001 
0.00000 
0.00000 
-0.00000 
-0.00000 
0.00000 
0.32182 
0.00000 
-0.00000 
-0.00000 
-0.03165 
-0.00000 
-0.00000 
-0.00000 
-0.00743 
0.00000 
-0.02565 
-0.00000 
0.00000 
-0.00000 
-0.02002 
-0.00000 
-0.00000 
-0.00000 
-0.00605 
-0.00000 
-0.01919 
0.00000 
0.00000 
-0.00000 
-0.00495 
-0.00000 
0.00000 
0.00000 
-0.00277 
0.00000 
0.02144 
0.00000 
0.00000 
0.00000 
0.00131 
0.00000 
-0.00000 
-0.00000 
-0.00034 
-0.00000 
-0.00615 
-0.00000 
0.00000 
0.00000 
0.00191 
0.00000 
-0.00000 
0.00000 
0.00063 
0.00000 
0.00534 
0.00000 
0.00000 
0.00000 
0.00074 
0.00000 
-0.00000 
0.00000 
0.00058 
-0.00000 
-0.00409 
0.00000 
-0.00000 
-0.00000 
-0.00016 
-0.00000 
0.00000 
0.00000 
0.00017 
0.00000 
0.00177 
-0.00000 
0.00000 
-0.00000 
-0.00038 
-0.00000 
-0.00000 
-0.00000 
-0.00014 
-0.00000 
-0.00143 
-0.00000 
0.00000 
-0.00000 
-0.00020 
-0.00000 
-0.00000 
-0.00000 
-0.00019 
0.00000 
0.00117 
-0.00000 
-0.00000 
0.00000 
0.00004 
-0.00000 
-0.00000 
0.00000 
-0.00008 
-0.00000 
-0.00065 
0.00000 
0.00000 
0.00000 
0.00013 
0.00000 
-0.00000 
0.00000 
0.00005 
-0.00000 
-0.71531 
-0.00000 
0.00000 
0.00000 
0.02615 
-0.00000 
-0.00000 
0.00000 
0.01778 
-0.00000 
0.07320 
-0.00000 
0.00000 
0.00000 
0.03554 
-0.00000 
-0.00000 
0.00000 
0.01845 
0.00000 
0.00021 
0.00000 
0.00000 
0.00000 
0.01266 
0.00000 
-0.00000 
0.00000 
0.01003 
-0.00000 
-0.03076 
0.00000 
0.00000 
-0.00000 
-0.00381 
-0.00000 
0.00000 
0.00000 
0.00146 
0.00000 
0.01232 
-0.00000 
-0.00000 
-0.00000 
-0.00685 
0.00000 
0.00000 
-0.00000 
-0.00262 
-0.00000 
-0.01560 
0.00000 
-0.00000 
-0.00000 
-0.00304 
0.00000 
0.00000 
-0.00000 
-0.00253 
0.00000 
0.01449 
-0.00000 
-0.00000 
0.00000 
0.00066 
0.00000 
-0.00000 
-0.00000 
-0.00075 
-0.00000 
-0.00713 
-0.00000 
-0.00000 
0.00000 
0.00168 
0.00000 
0.00000 
0.00000 
0.00062 
0.00000 
0.00629 
0.00000 
0.00000 
-0.00000 
0.00089 
0.00000 
0.00000 
0.00000 
0.00086 
-0.00000 
-0.00536 
0.00000 
-0.00000 
0.00000 
-0.00018 
-0.00000 
-0.00000 
0.00000 
0.00035 
0.00000 
0.00307 
-0.00000 
-0.00000 
0.00000 
-0.00057 
0.00000 
0.00000 
-0.00000 
-0.00021 
0.00000 
0.56833 
0.00000 
-0.00000 
0.00000 
0.02404 
-0.00000 
-0.00000 
-0.00000 
-0.00953 
-0.00000 
-0.07863 
-0.00000 
0.00000 
-0.00000 
-0.00852 
-0.00000 
-0.00000 
0.00000 
-0.01558 
0.00000 
0.04996 
0.00000 
0.00000 
-0.00000 
-0.00798 
-0.00000 
-0.00000 
-0.00000 
-0.01100 
-0.00000 
-0.00900 
-0.00000 
0.00000 
-0.00000 
0.00298 
0.00000 
-0.00000 
-0.00000 
-0.00207 
0.00000 
-0.00026 
0.00000 
-0.00000 
0.00000 
0.00767 
-0.00000 
-0.00000 
-0.00000 
0.00371 
0.00000 
0.01074 
0.00000 
0.00000 
-0.00000 
0.00409 
0.00000 
-0.00000 
0.00000 
0.00405 
-0.00000 
-0.01469 
0.00000 
-0.00000 
0.00000 
-0.00087 
-0.00000 
0.00000 
-0.00000 
0.00134 
0.00000 
0.00870 
0.00000 
-0.00000 
-0.00000 
-0.00274 
0.00000 
-0.00000 
-0.00000 
-0.00108 
-0.00000 
-0.00920 
-0.00000 
-0.00000 
0.00000 
-0.00157 
-0.00000 
-0.00000 
-0.00000 
-0.00159 
0.00000 
0.00877 
-0.00000 
0.00000 
0.00000 
0.00028 
0.00000 
0.00000 
-0.00000 
-0.00068 
-0.00000 
-0.00548 
0.00000 
0.00000 
-0.00000 
0.00107 
-0.00000 
0.00000 
-0.00000 
0.00038 
-0.00000 
-0.18568 
-0.00000 
0.00000 
-0.00000 
-0.01276 
0.00000 
0.00000 
0.00000 
-0.00173 
0.00000 
0.03174 
0.00000 
-0.00000 
0.00000 
-0.00697 
0.00000 
0.00000 
-0.00000 
0.00167 
-0.00000 
-0.02732 
-0.00000 
-0.00000 
0.00000 
-0.00045 
0.00000 
0.00000 
-0.00000 
0.00296 
0.00000 
0.01850 
0.00000 
-0.00000 
0.00000 
-0.00019 
-0.00000 
-0.00000 
0.00000 
0.00087 
-0.00000 
-0.00725 
-0.00000 
0.00000 
-0.00000 
-0.00221 
0.00000 
0.00000 
0.00000 
-0.00164 
-0.00000 
0.00128 
-0.00000 
-0.00000 
0.00000 
-0.00164 
-0.00000 
0.00000 
0.00000 
-0.00211 
0.00000 
0.00287 
-0.00000 
0.00000 
-0.00000 
0.00033 
-0.00000 
0.00000 
0.00000 
-0.00080 
-0.00000 
-0.00275 
-0.00000 
0.00000 
0.00000 
0.00146 
-0.00000 
0.00000 
0.00000 
0.00063 
0.00000 
0.00410 
0.00000 
0.00000 
-0.00000 
0.00092 
0.00000 
0.00000 
-0.00000 
0.00100 
-0.00000 
-0.00459 
0.00000 
-0.00000 
-0.00000 
-0.00015 
-0.00000 
-0.00000 
0.00000 
0.00045 
0.00000 
0.00318 
-0.00000 
0.00000 
-0.00000 
-0.00069 
0.00000 
-0.00000 
0.00000 
-0.00025 


///////////////////////////////////////////////////////////////
