///////////////////////////////////////////////////////////////
//
//Hartree method solving three-body nuclear wave function
//
///////////////////////////////////////////////////////////////

///////////////////////////////////////
//Variation
///////////////////////////////////////

Nc  q   lx  ly  L   sjk Sa  tjk
1   0   0   0   0   0   1/2   1
2   0   0   0   0   1   1/2   0
3   0   1   1   0   0   1/2   0
4   0   1   1   0   1   1/2   1
5   0   2   2   0   0   1/2   1
6   0   2   2   0   1   1/2   0
7   0   3   3   0   0   1/2   0
8   0   3   3   0   1   1/2   1
9   0   4   4   0   0   1/2   1
10   0   4   4   0   1   1/2   0
11   1   0   0   0   0   1/2   1
12   1   0   0   0   1   1/2   0
13   1   1   1   0   0   1/2   0
14   1   1   1   0   1   1/2   1
15   1   2   2   0   0   1/2   1
16   1   2   2   0   1   1/2   0
17   1   3   3   0   0   1/2   0
18   1   3   3   0   1   1/2   1
19   1   4   4   0   0   1/2   1
20   1   4   4   0   1   1/2   0
21   2   0   0   0   0   1/2   1
22   2   0   0   0   1   1/2   0
23   2   1   1   0   0   1/2   0
24   2   1   1   0   1   1/2   1
25   2   2   2   0   0   1/2   1
26   2   2   2   0   1   1/2   0
27   2   3   3   0   0   1/2   0
28   2   3   3   0   1   1/2   1
29   2   4   4   0   0   1/2   1
30   2   4   4   0   1   1/2   0
31   3   0   0   0   0   1/2   1
32   3   0   0   0   1   1/2   0
33   3   1   1   0   0   1/2   0
34   3   1   1   0   1   1/2   1
35   3   2   2   0   0   1/2   1
36   3   2   2   0   1   1/2   0
37   3   3   3   0   0   1/2   0
38   3   3   3   0   1   1/2   1
39   3   4   4   0   0   1/2   1
40   3   4   4   0   1   1/2   0
41   4   0   0   0   0   1/2   1
42   4   0   0   0   1   1/2   0
43   4   1   1   0   0   1/2   0
44   4   1   1   0   1   1/2   1
45   4   2   2   0   0   1/2   1
46   4   2   2   0   1   1/2   0
47   4   3   3   0   0   1/2   0
48   4   3   3   0   1   1/2   1
49   4   4   4   0   0   1/2   1
50   4   4   4   0   1   1/2   0
51   5   0   0   0   0   1/2   1
52   5   0   0   0   1   1/2   0
53   5   1   1   0   0   1/2   0
54   5   1   1   0   1   1/2   1
55   5   2   2   0   0   1/2   1
56   5   2   2   0   1   1/2   0
57   5   3   3   0   0   1/2   0
58   5   3   3   0   1   1/2   1
59   5   4   4   0   0   1/2   1
60   5   4   4   0   1   1/2   0
61   6   0   0   0   0   1/2   1
62   6   0   0   0   1   1/2   0
63   6   1   1   0   0   1/2   0
64   6   1   1   0   1   1/2   1
65   6   2   2   0   0   1/2   1
66   6   2   2   0   1   1/2   0
67   6   3   3   0   0   1/2   0
68   6   3   3   0   1   1/2   1
69   6   4   4   0   0   1/2   1
70   6   4   4   0   1   1/2   0
71   7   0   0   0   0   1/2   1
72   7   0   0   0   1   1/2   0
73   7   1   1   0   0   1/2   0
74   7   1   1   0   1   1/2   1
75   7   2   2   0   0   1/2   1
76   7   2   2   0   1   1/2   0
77   7   3   3   0   0   1/2   0
78   7   3   3   0   1   1/2   1
79   7   4   4   0   0   1/2   1
80   7   4   4   0   1   1/2   0
81   8   0   0   0   0   1/2   1
82   8   0   0   0   1   1/2   0
83   8   1   1   0   0   1/2   0
84   8   1   1   0   1   1/2   1
85   8   2   2   0   0   1/2   1
86   8   2   2   0   1   1/2   0
87   8   3   3   0   0   1/2   0
88   8   3   3   0   1   1/2   1
89   8   4   4   0   0   1/2   1
90   8   4   4   0   1   1/2   0
91   9   0   0   0   0   1/2   1
92   9   0   0   0   1   1/2   0
93   9   1   1   0   0   1/2   0
94   9   1   1   0   1   1/2   1
95   9   2   2   0   0   1/2   1
96   9   2   2   0   1   1/2   0
97   9   3   3   0   0   1/2   0
98   9   3   3   0   1   1/2   1
99   9   4   4   0   0   1/2   1
100   9   4   4   0   1   1/2   0
101   10   0   0   0   0   1/2   1
102   10   0   0   0   1   1/2   0
103   10   1   1   0   0   1/2   0
104   10   1   1   0   1   1/2   1
105   10   2   2   0   0   1/2   1
106   10   2   2   0   1   1/2   0
107   10   3   3   0   0   1/2   0
108   10   3   3   0   1   1/2   1
109   10   4   4   0   0   1/2   1
110   10   4   4   0   1   1/2   0
Hdim: 550
process: 20%
process: 40%
process: 60%
process: 80%
process: 100%

///////////////////////////////////////
//Variation done
///////////////////////////////////////

///////////////////////////////////////
//Result
///////////////////////////////////////

H_3
Variation parameter c=1800 MeV, base state energy: -7.48945 MeV
Eigen vector: 
0.00000 
-0.05313 
0.00000 
-0.00000 
-0.00000 
0.00712 
0.00000 
-0.00000 
-0.00000 
0.00097 
0.00000 
0.00352 
0.00000 
-0.00000 
-0.00000 
0.00328 
-0.00000 
-0.00000 
-0.00000 
0.00072 
-0.00000 
0.00481 
0.00000 
-0.00000 
-0.00000 
0.00062 
0.00000 
-0.00000 
-0.00000 
0.00032 
0.00000 
-0.00370 
-0.00000 
-0.00000 
0.00000 
-0.00016 
-0.00000 
0.00000 
-0.00000 
0.00004 
-0.00000 
0.00084 
-0.00000 
-0.00000 
0.00000 
-0.00022 
-0.00000 
-0.00000 
0.00000 
-0.00007 
0.00000 
-0.00064 
0.00000 
0.00000 
-0.00000 
-0.00008 
0.00000 
-0.00000 
0.00000 
-0.00007 
-0.00000 
0.00046 
-0.00000 
0.00000 
0.00000 
0.00002 
-0.00000 
0.00000 
0.00000 
-0.00002 
0.00000 
-0.00020 
0.00000 
0.00000 
-0.00000 
0.00004 
0.00000 
-0.00000 
-0.00000 
0.00002 
-0.00000 
0.00016 
0.00000 
0.00000 
-0.00000 
0.00002 
-0.00000 
0.00000 
-0.00000 
0.00002 
0.00000 
-0.00013 
-0.00000 
0.00000 
-0.00000 
-0.00000 
-0.00000 
-0.00000 
-0.00000 
0.00001 
-0.00000 
0.00007 
0.00000 
-0.00000 
0.00000 
-0.00002 
-0.00000 
-0.00000 
0.00000 
-0.00001 
-0.00000 
0.42765 
-0.00000 
-0.00000 
0.00000 
-0.03557 
0.00000 
-0.00000 
0.00000 
-0.01033 
-0.00000 
-0.03639 
0.00000 
-0.00000 
0.00000 
-0.02581 
-0.00000 
-0.00000 
0.00000 
-0.00888 
0.00000 
-0.01960 
0.00000 
-0.00000 
0.00000 
-0.00698 
0.00000 
0.00000 
0.00000 
-0.00423 
-0.00000 
0.02680 
0.00000 
0.00000 
-0.00000 
0.00191 
0.00000 
-0.00000 
0.00000 
-0.00054 
0.00000 
-0.00832 
-0.00000 
0.00000 
-0.00000 
0.00289 
0.00000 
0.00000 
-0.00000 
0.00099 
-0.00000 
0.00780 
-0.00000 
-0.00000 
-0.00000 
0.00115 
0.00000 
-0.00000 
-0.00000 
0.00091 
0.00000 
-0.00622 
-0.00000 
-0.00000 
0.00000 
-0.00025 
0.00000 
-0.00000 
-0.00000 
0.00026 
-0.00000 
0.00278 
-0.00000 
0.00000 
0.00000 
-0.00059 
-0.00000 
-0.00000 
0.00000 
-0.00022 
0.00000 
-0.00227 
-0.00000 
-0.00000 
0.00000 
-0.00031 
0.00000 
0.00000 
0.00000 
-0.00030 
-0.00000 
0.00186 
0.00000 
-0.00000 
-0.00000 
0.00006 
-0.00000 
-0.00000 
0.00000 
-0.00012 
0.00000 
-0.00104 
-0.00000 
-0.00000 
-0.00000 
0.00020 
-0.00000 
-0.00000 
-0.00000 
0.00007 
0.00000 
-0.75440 
-0.00000 
0.00000 
0.00000 
0.01293 
0.00000 
0.00000 
-0.00000 
0.01777 
0.00000 
0.08385 
0.00000 
-0.00000 
-0.00000 
0.03189 
-0.00000 
-0.00000 
-0.00000 
0.02019 
-0.00000 
-0.01567 
0.00000 
-0.00000 
-0.00000 
0.01302 
-0.00000 
-0.00000 
-0.00000 
0.01172 
0.00000 
-0.02284 
0.00000 
-0.00000 
0.00000 
-0.00410 
-0.00000 
-0.00000 
-0.00000 
0.00183 
-0.00000 
0.01064 
0.00000 
0.00000 
0.00000 
-0.00805 
-0.00000 
0.00000 
0.00000 
-0.00329 
0.00000 
-0.01651 
0.00000 
0.00000 
0.00000 
-0.00375 
-0.00000 
-0.00000 
0.00000 
-0.00329 
-0.00000 
0.01668 
-0.00000 
-0.00000 
-0.00000 
0.00081 
-0.00000 
-0.00000 
0.00000 
-0.00101 
0.00000 
-0.00863 
0.00000 
-0.00000 
-0.00000 
0.00218 
0.00000 
-0.00000 
-0.00000 
0.00082 
-0.00000 
0.00799 
0.00000 
0.00000 
-0.00000 
0.00119 
0.00000 
0.00000 
-0.00000 
0.00116 
0.00000 
-0.00703 
0.00000 
0.00000 
0.00000 
-0.00023 
-0.00000 
-0.00000 
-0.00000 
0.00047 
-0.00000 
0.00413 
0.00000 
-0.00000 
0.00000 
-0.00077 
-0.00000 
-0.00000 
0.00000 
-0.00028 
-0.00000 
0.44547 
-0.00000 
-0.00000 
-0.00000 
0.03212 
0.00000 
-0.00000 
0.00000 
-0.00413 
-0.00000 
-0.07025 
0.00000 
-0.00000 
-0.00000 
0.00254 
-0.00000 
-0.00000 
0.00000 
-0.01067 
-0.00000 
0.05707 
0.00000 
-0.00000 
-0.00000 
-0.00428 
-0.00000 
0.00000 
0.00000 
-0.00885 
0.00000 
-0.02265 
0.00000 
0.00000 
-0.00000 
0.00193 
0.00000 
0.00000 
0.00000 
-0.00187 
0.00000 
0.00577 
-0.00000 
-0.00000 
-0.00000 
0.00624 
-0.00000 
0.00000 
-0.00000 
0.00342 
-0.00000 
0.00543 
-0.00000 
-0.00000 
-0.00000 
0.00365 
0.00000 
-0.00000 
-0.00000 
0.00395 
0.00000 
-0.01095 
-0.00000 
-0.00000 
0.00000 
-0.00077 
0.00000 
0.00000 
-0.00000 
0.00137 
-0.00000 
0.00724 
-0.00000 
0.00000 
0.00000 
-0.00269 
0.00000 
0.00000 
0.00000 
-0.00110 
0.00000 
-0.00850 
0.00000 
-0.00000 
0.00000 
-0.00161 
-0.00000 
-0.00000 
0.00000 
-0.00168 
-0.00000 
0.00860 
-0.00000 
-0.00000 
-0.00000 
0.00028 
0.00000 
0.00000 
0.00000 
-0.00074 
0.00000 
-0.00563 
-0.00000 
0.00000 
-0.00000 
0.00114 
0.00000 
0.00000 
-0.00000 
0.00041 
0.00000 
-0.13822 
0.00000 
0.00000 
0.00000 
-0.00307 
-0.00000 
0.00000 
-0.00000 
-0.00271 
-0.00000 
0.02362 
-0.00000 
0.00000 
0.00000 
-0.00550 
0.00000 
0.00000 
0.00000 
-0.00145 
0.00000 
-0.01638 
-0.00000 
0.00000 
0.00000 
-0.00157 
0.00000 
0.00000 
-0.00000 
0.00050 
-0.00000 
0.01467 
-0.00000 
-0.00000 
-0.00000 
0.00037 
-0.00000 
-0.00000 
-0.00000 
0.00041 
-0.00000 
-0.00770 
0.00000 
-0.00000 
-0.00000 
-0.00047 
0.00000 
-0.00000 
0.00000 
-0.00087 
0.00000 
0.00427 
0.00000 
0.00000 
0.00000 
-0.00074 
-0.00000 
0.00000 
0.00000 
-0.00136 
-0.00000 
-0.00096 
0.00000 
0.00000 
-0.00000 
0.00015 
-0.00000 
-0.00000 
0.00000 
-0.00059 
0.00000 
-0.00052 
0.00000 
-0.00000 
-0.00000 
0.00096 
-0.00000 
-0.00000 
-0.00000 
0.00047 
-0.00000 
0.00207 
-0.00000 
-0.00000 
-0.00000 
0.00068 
-0.00000 
-0.00000 
-0.00000 
0.00082 
0.00000 
-0.00295 
0.00000 
0.00000 
0.00000 
-0.00009 
-0.00000 
0.00000 
-0.00000 
0.00039 
-0.00000 
0.00234 
0.00000 
-0.00000 
0.00000 
-0.00057 
-0.00000 
-0.00000 
0.00000 
-0.00021 


///////////////////////////////////////////////////////////////
