///////////////////////////////////////////////////////////////
//
//Hartree method solving three-body nuclear wave function
//
///////////////////////////////////////////////////////////////

///////////////////////////////////////
//Variation
///////////////////////////////////////

Nc  q   lx  ly  L   sjk Sa  tjk
1   0   0   0   0   0   1/2   1
2   0   0   0   0   1   1/2   0
3   0   1   1   0   0   1/2   0
4   0   1   1   0   1   1/2   1
5   0   2   2   0   0   1/2   1
6   0   2   2   0   1   1/2   0
7   0   3   3   0   0   1/2   0
8   0   3   3   0   1   1/2   1
9   0   4   4   0   0   1/2   1
10   0   4   4   0   1   1/2   0
11   1   0   0   0   0   1/2   1
12   1   0   0   0   1   1/2   0
13   1   1   1   0   0   1/2   0
14   1   1   1   0   1   1/2   1
15   1   2   2   0   0   1/2   1
16   1   2   2   0   1   1/2   0
17   1   3   3   0   0   1/2   0
18   1   3   3   0   1   1/2   1
19   1   4   4   0   0   1/2   1
20   1   4   4   0   1   1/2   0
21   2   0   0   0   0   1/2   1
22   2   0   0   0   1   1/2   0
23   2   1   1   0   0   1/2   0
24   2   1   1   0   1   1/2   1
25   2   2   2   0   0   1/2   1
26   2   2   2   0   1   1/2   0
27   2   3   3   0   0   1/2   0
28   2   3   3   0   1   1/2   1
29   2   4   4   0   0   1/2   1
30   2   4   4   0   1   1/2   0
31   3   0   0   0   0   1/2   1
32   3   0   0   0   1   1/2   0
33   3   1   1   0   0   1/2   0
34   3   1   1   0   1   1/2   1
35   3   2   2   0   0   1/2   1
36   3   2   2   0   1   1/2   0
37   3   3   3   0   0   1/2   0
38   3   3   3   0   1   1/2   1
39   3   4   4   0   0   1/2   1
40   3   4   4   0   1   1/2   0
41   4   0   0   0   0   1/2   1
42   4   0   0   0   1   1/2   0
43   4   1   1   0   0   1/2   0
44   4   1   1   0   1   1/2   1
45   4   2   2   0   0   1/2   1
46   4   2   2   0   1   1/2   0
47   4   3   3   0   0   1/2   0
48   4   3   3   0   1   1/2   1
49   4   4   4   0   0   1/2   1
50   4   4   4   0   1   1/2   0
51   5   0   0   0   0   1/2   1
52   5   0   0   0   1   1/2   0
53   5   1   1   0   0   1/2   0
54   5   1   1   0   1   1/2   1
55   5   2   2   0   0   1/2   1
56   5   2   2   0   1   1/2   0
57   5   3   3   0   0   1/2   0
58   5   3   3   0   1   1/2   1
59   5   4   4   0   0   1/2   1
60   5   4   4   0   1   1/2   0
61   6   0   0   0   0   1/2   1
62   6   0   0   0   1   1/2   0
63   6   1   1   0   0   1/2   0
64   6   1   1   0   1   1/2   1
65   6   2   2   0   0   1/2   1
66   6   2   2   0   1   1/2   0
67   6   3   3   0   0   1/2   0
68   6   3   3   0   1   1/2   1
69   6   4   4   0   0   1/2   1
70   6   4   4   0   1   1/2   0
71   7   0   0   0   0   1/2   1
72   7   0   0   0   1   1/2   0
73   7   1   1   0   0   1/2   0
74   7   1   1   0   1   1/2   1
75   7   2   2   0   0   1/2   1
76   7   2   2   0   1   1/2   0
77   7   3   3   0   0   1/2   0
78   7   3   3   0   1   1/2   1
79   7   4   4   0   0   1/2   1
80   7   4   4   0   1   1/2   0
81   8   0   0   0   0   1/2   1
82   8   0   0   0   1   1/2   0
83   8   1   1   0   0   1/2   0
84   8   1   1   0   1   1/2   1
85   8   2   2   0   0   1/2   1
86   8   2   2   0   1   1/2   0
87   8   3   3   0   0   1/2   0
88   8   3   3   0   1   1/2   1
89   8   4   4   0   0   1/2   1
90   8   4   4   0   1   1/2   0
91   9   0   0   0   0   1/2   1
92   9   0   0   0   1   1/2   0
93   9   1   1   0   0   1/2   0
94   9   1   1   0   1   1/2   1
95   9   2   2   0   0   1/2   1
96   9   2   2   0   1   1/2   0
97   9   3   3   0   0   1/2   0
98   9   3   3   0   1   1/2   1
99   9   4   4   0   0   1/2   1
100   9   4   4   0   1   1/2   0
101   10   0   0   0   0   1/2   1
102   10   0   0   0   1   1/2   0
103   10   1   1   0   0   1/2   0
104   10   1   1   0   1   1/2   1
105   10   2   2   0   0   1/2   1
106   10   2   2   0   1   1/2   0
107   10   3   3   0   0   1/2   0
108   10   3   3   0   1   1/2   1
109   10   4   4   0   0   1/2   1
110   10   4   4   0   1   1/2   0
Hdim: 550
process: 20%
process: 40%
process: 60%
process: 80%
process: 100%

///////////////////////////////////////
//Variation done
///////////////////////////////////////

///////////////////////////////////////
//Result
///////////////////////////////////////

H_3
Variation parameter c=2200 MeV, base state energy: -7.16408 MeV
Eigen vector: 
-0.00000 
0.02697 
0.00000 
0.00000 
0.00000 
-0.00383 
0.00000 
-0.00000 
0.00000 
-0.00046 
-0.00000 
-0.00166 
-0.00000 
0.00000 
0.00000 
-0.00163 
-0.00000 
-0.00000 
0.00000 
-0.00034 
0.00000 
-0.00263 
0.00000 
0.00000 
0.00000 
-0.00029 
-0.00000 
-0.00000 
0.00000 
-0.00015 
-0.00000 
0.00185 
-0.00000 
-0.00000 
-0.00000 
0.00007 
-0.00000 
0.00000 
0.00000 
-0.00002 
0.00000 
-0.00040 
0.00000 
-0.00000 
-0.00000 
0.00011 
-0.00000 
0.00000 
-0.00000 
0.00003 
-0.00000 
0.00030 
-0.00000 
0.00000 
-0.00000 
0.00004 
-0.00000 
0.00000 
-0.00000 
0.00003 
0.00000 
-0.00022 
-0.00000 
-0.00000 
-0.00000 
-0.00001 
-0.00000 
0.00000 
-0.00000 
0.00001 
-0.00000 
0.00009 
-0.00000 
-0.00000 
-0.00000 
-0.00002 
-0.00000 
0.00000 
0.00000 
-0.00001 
0.00000 
-0.00007 
-0.00000 
-0.00000 
-0.00000 
-0.00001 
-0.00000 
-0.00000 
0.00000 
-0.00001 
-0.00000 
0.00006 
-0.00000 
-0.00000 
0.00000 
0.00000 
0.00000 
0.00000 
-0.00000 
-0.00000 
-0.00000 
-0.00003 
-0.00000 
0.00000 
-0.00000 
0.00001 
-0.00000 
-0.00000 
0.00000 
0.00000 
0.00000 
-0.29247 
-0.00000 
0.00000 
-0.00000 
0.02999 
-0.00000 
-0.00000 
-0.00000 
0.00664 
0.00000 
0.02288 
-0.00000 
0.00000 
-0.00000 
0.01829 
0.00000 
0.00000 
-0.00000 
0.00533 
-0.00000 
0.01853 
0.00000 
0.00000 
-0.00000 
0.00440 
-0.00000 
0.00000 
-0.00000 
0.00242 
0.00000 
-0.01973 
-0.00000 
0.00000 
0.00000 
-0.00116 
0.00000 
0.00000 
-0.00000 
0.00029 
-0.00000 
0.00553 
0.00000 
-0.00000 
0.00000 
-0.00167 
0.00000 
0.00000 
0.00000 
-0.00055 
0.00000 
-0.00471 
-0.00000 
-0.00000 
0.00000 
-0.00064 
0.00000 
-0.00000 
0.00000 
-0.00050 
-0.00000 
0.00357 
-0.00000 
-0.00000 
0.00000 
0.00014 
0.00000 
-0.00000 
0.00000 
-0.00014 
0.00000 
-0.00154 
0.00000 
0.00000 
-0.00000 
0.00033 
0.00000 
-0.00000 
-0.00000 
0.00012 
-0.00000 
0.00124 
-0.00000 
0.00000 
-0.00000 
0.00017 
0.00000 
0.00000 
-0.00000 
0.00017 
0.00000 
-0.00101 
0.00000 
-0.00000 
0.00000 
-0.00003 
-0.00000 
-0.00000 
-0.00000 
0.00007 
-0.00000 
0.00056 
0.00000 
-0.00000 
0.00000 
-0.00011 
0.00000 
0.00000 
-0.00000 
-0.00004 
-0.00000 
0.69674 
-0.00000 
0.00000 
0.00000 
-0.02947 
-0.00000 
-0.00000 
0.00000 
-0.01748 
-0.00000 
-0.06956 
-0.00000 
0.00000 
0.00000 
-0.03597 
0.00000 
0.00000 
0.00000 
-0.01768 
0.00000 
-0.00440 
0.00000 
0.00000 
0.00000 
-0.01235 
-0.00000 
-0.00000 
0.00000 
-0.00943 
-0.00000 
0.03229 
-0.00000 
0.00000 
-0.00000 
0.00367 
-0.00000 
0.00000 
0.00000 
-0.00135 
0.00000 
-0.01249 
-0.00000 
-0.00000 
-0.00000 
0.00644 
0.00000 
-0.00000 
-0.00000 
0.00242 
-0.00000 
0.01507 
0.00000 
0.00000 
-0.00000 
0.00281 
-0.00000 
-0.00000 
-0.00000 
0.00231 
0.00000 
-0.01368 
0.00000 
-0.00000 
0.00000 
-0.00061 
0.00000 
-0.00000 
-0.00000 
0.00068 
-0.00000 
0.00664 
-0.00000 
-0.00000 
0.00000 
-0.00153 
0.00000 
0.00000 
0.00000 
-0.00056 
0.00000 
-0.00577 
0.00000 
-0.00000 
0.00000 
-0.00081 
-0.00000 
-0.00000 
0.00000 
-0.00078 
-0.00000 
0.00488 
0.00000 
-0.00000 
0.00000 
0.00016 
-0.00000 
0.00000 
0.00000 
-0.00031 
0.00000 
-0.00278 
0.00000 
-0.00000 
-0.00000 
0.00051 
-0.00000 
-0.00000 
-0.00000 
0.00019 
0.00000 
-0.60069 
-0.00000 
-0.00000 
0.00000 
-0.02025 
-0.00000 
-0.00000 
-0.00000 
0.01109 
0.00000 
0.08001 
-0.00000 
0.00000 
0.00000 
0.01210 
0.00000 
0.00000 
-0.00000 
0.01678 
0.00000 
-0.04626 
0.00000 
0.00000 
-0.00000 
0.00900 
-0.00000 
-0.00000 
-0.00000 
0.01142 
0.00000 
0.00427 
-0.00000 
0.00000 
-0.00000 
-0.00325 
0.00000 
0.00000 
-0.00000 
0.00208 
0.00000 
0.00211 
0.00000 
-0.00000 
0.00000 
-0.00793 
0.00000 
-0.00000 
0.00000 
-0.00372 
0.00000 
-0.01210 
-0.00000 
-0.00000 
-0.00000 
-0.00414 
0.00000 
-0.00000 
0.00000 
-0.00400 
-0.00000 
0.01546 
0.00000 
-0.00000 
-0.00000 
0.00088 
-0.00000 
0.00000 
-0.00000 
-0.00130 
0.00000 
-0.00892 
-0.00000 
0.00000 
-0.00000 
0.00270 
-0.00000 
0.00000 
-0.00000 
0.00105 
-0.00000 
0.00919 
-0.00000 
0.00000 
-0.00000 
0.00154 
0.00000 
0.00000 
-0.00000 
0.00153 
0.00000 
-0.00863 
-0.00000 
0.00000 
-0.00000 
-0.00028 
0.00000 
0.00000 
-0.00000 
0.00065 
-0.00000 
0.00532 
-0.00000 
0.00000 
0.00000 
-0.00103 
0.00000 
-0.00000 
0.00000 
-0.00037 
-0.00000 
0.20426 
0.00000 
0.00000 
-0.00000 
0.01511 
0.00000 
0.00000 
0.00000 
0.00097 
-0.00000 
-0.03405 
0.00000 
-0.00000 
-0.00000 
0.00644 
-0.00000 
-0.00000 
0.00000 
-0.00291 
-0.00000 
0.02970 
-0.00000 
-0.00000 
-0.00000 
-0.00017 
0.00000 
0.00000 
0.00000 
-0.00374 
-0.00000 
-0.01826 
0.00000 
-0.00000 
0.00000 
0.00043 
-0.00000 
-0.00000 
0.00000 
-0.00099 
-0.00000 
0.00654 
-0.00000 
0.00000 
-0.00000 
0.00275 
-0.00000 
0.00000 
0.00000 
0.00183 
-0.00000 
-0.00005 
0.00000 
0.00000 
0.00000 
0.00188 
-0.00000 
0.00000 
-0.00000 
0.00227 
0.00000 
-0.00411 
-0.00000 
0.00000 
0.00000 
-0.00039 
-0.00000 
-0.00000 
0.00000 
0.00083 
0.00000 
0.00337 
0.00000 
0.00000 
0.00000 
-0.00156 
0.00000 
-0.00000 
0.00000 
-0.00065 
0.00000 
-0.00458 
0.00000 
-0.00000 
0.00000 
-0.00096 
-0.00000 
-0.00000 
0.00000 
-0.00102 
-0.00000 
0.00492 
-0.00000 
-0.00000 
0.00000 
0.00016 
-0.00000 
-0.00000 
0.00000 
-0.00046 
0.00000 
-0.00331 
-0.00000 
0.00000 
-0.00000 
0.00070 
-0.00000 
0.00000 
-0.00000 
0.00025 


///////////////////////////////////////////////////////////////
