///////////////////////////////////////////////////////////////
//
//Hartree method solving three-body nuclear wave function
//
///////////////////////////////////////////////////////////////

///////////////////////////////////////
//Variation
///////////////////////////////////////

Nc  q   lx  ly  L   sjk Sa  tjk
1   0   0   0   0   0   1/2   1
2   0   0   0   0   1   1/2   0
3   0   1   1   0   0   1/2   0
4   0   1   1   0   1   1/2   1
5   0   2   2   0   0   1/2   1
6   0   2   2   0   1   1/2   0
7   0   3   3   0   0   1/2   0
8   0   3   3   0   1   1/2   1
9   0   4   4   0   0   1/2   1
10   0   4   4   0   1   1/2   0
11   1   0   0   0   0   1/2   1
12   1   0   0   0   1   1/2   0
13   1   1   1   0   0   1/2   0
14   1   1   1   0   1   1/2   1
15   1   2   2   0   0   1/2   1
16   1   2   2   0   1   1/2   0
17   1   3   3   0   0   1/2   0
18   1   3   3   0   1   1/2   1
19   1   4   4   0   0   1/2   1
20   1   4   4   0   1   1/2   0
21   2   0   0   0   0   1/2   1
22   2   0   0   0   1   1/2   0
23   2   1   1   0   0   1/2   0
24   2   1   1   0   1   1/2   1
25   2   2   2   0   0   1/2   1
26   2   2   2   0   1   1/2   0
27   2   3   3   0   0   1/2   0
28   2   3   3   0   1   1/2   1
29   2   4   4   0   0   1/2   1
30   2   4   4   0   1   1/2   0
31   3   0   0   0   0   1/2   1
32   3   0   0   0   1   1/2   0
33   3   1   1   0   0   1/2   0
34   3   1   1   0   1   1/2   1
35   3   2   2   0   0   1/2   1
36   3   2   2   0   1   1/2   0
37   3   3   3   0   0   1/2   0
38   3   3   3   0   1   1/2   1
39   3   4   4   0   0   1/2   1
40   3   4   4   0   1   1/2   0
41   4   0   0   0   0   1/2   1
42   4   0   0   0   1   1/2   0
43   4   1   1   0   0   1/2   0
44   4   1   1   0   1   1/2   1
45   4   2   2   0   0   1/2   1
46   4   2   2   0   1   1/2   0
47   4   3   3   0   0   1/2   0
48   4   3   3   0   1   1/2   1
49   4   4   4   0   0   1/2   1
50   4   4   4   0   1   1/2   0
51   5   0   0   0   0   1/2   1
52   5   0   0   0   1   1/2   0
53   5   1   1   0   0   1/2   0
54   5   1   1   0   1   1/2   1
55   5   2   2   0   0   1/2   1
56   5   2   2   0   1   1/2   0
57   5   3   3   0   0   1/2   0
58   5   3   3   0   1   1/2   1
59   5   4   4   0   0   1/2   1
60   5   4   4   0   1   1/2   0
61   6   0   0   0   0   1/2   1
62   6   0   0   0   1   1/2   0
63   6   1   1   0   0   1/2   0
64   6   1   1   0   1   1/2   1
65   6   2   2   0   0   1/2   1
66   6   2   2   0   1   1/2   0
67   6   3   3   0   0   1/2   0
68   6   3   3   0   1   1/2   1
69   6   4   4   0   0   1/2   1
70   6   4   4   0   1   1/2   0
71   7   0   0   0   0   1/2   1
72   7   0   0   0   1   1/2   0
73   7   1   1   0   0   1/2   0
74   7   1   1   0   1   1/2   1
75   7   2   2   0   0   1/2   1
76   7   2   2   0   1   1/2   0
77   7   3   3   0   0   1/2   0
78   7   3   3   0   1   1/2   1
79   7   4   4   0   0   1/2   1
80   7   4   4   0   1   1/2   0
81   8   0   0   0   0   1/2   1
82   8   0   0   0   1   1/2   0
83   8   1   1   0   0   1/2   0
84   8   1   1   0   1   1/2   1
85   8   2   2   0   0   1/2   1
86   8   2   2   0   1   1/2   0
87   8   3   3   0   0   1/2   0
88   8   3   3   0   1   1/2   1
89   8   4   4   0   0   1/2   1
90   8   4   4   0   1   1/2   0
91   9   0   0   0   0   1/2   1
92   9   0   0   0   1   1/2   0
93   9   1   1   0   0   1/2   0
94   9   1   1   0   1   1/2   1
95   9   2   2   0   0   1/2   1
96   9   2   2   0   1   1/2   0
97   9   3   3   0   0   1/2   0
98   9   3   3   0   1   1/2   1
99   9   4   4   0   0   1/2   1
100   9   4   4   0   1   1/2   0
101   10   0   0   0   0   1/2   1
102   10   0   0   0   1   1/2   0
103   10   1   1   0   0   1/2   0
104   10   1   1   0   1   1/2   1
105   10   2   2   0   0   1/2   1
106   10   2   2   0   1   1/2   0
107   10   3   3   0   0   1/2   0
108   10   3   3   0   1   1/2   1
109   10   4   4   0   0   1/2   1
110   10   4   4   0   1   1/2   0
Hdim: 550
process: 20%
process: 40%
process: 60%
process: 80%
process: 100%

///////////////////////////////////////
//Variation done
///////////////////////////////////////

///////////////////////////////////////
//Result
///////////////////////////////////////

H_3
Variation parameter c=1100 MeV, base state energy: -6.75414 MeV
Eigen vector: 
-0.00000 
-0.20683 
-0.00000 
-0.00000 
0.00000 
0.02148 
0.00000 
0.00000 
0.00000 
0.00462 
-0.00000 
0.01622 
0.00000 
0.00000 
0.00000 
0.01283 
-0.00000 
0.00000 
0.00000 
0.00373 
0.00000 
0.01327 
0.00000 
0.00000 
0.00000 
0.00306 
-0.00000 
-0.00000 
0.00000 
0.00170 
-0.00000 
-0.01385 
-0.00000 
-0.00000 
-0.00000 
-0.00081 
0.00000 
0.00000 
0.00000 
0.00021 
0.00000 
0.00386 
-0.00000 
0.00000 
-0.00000 
-0.00117 
0.00000 
0.00000 
-0.00000 
-0.00039 
-0.00000 
-0.00330 
0.00000 
-0.00000 
-0.00000 
-0.00045 
-0.00000 
0.00000 
-0.00000 
-0.00036 
0.00000 
0.00252 
0.00000 
-0.00000 
-0.00000 
0.00010 
0.00000 
0.00000 
-0.00000 
-0.00010 
-0.00000 
-0.00109 
0.00000 
0.00000 
0.00000 
0.00024 
-0.00000 
0.00000 
-0.00000 
0.00009 
0.00000 
0.00088 
0.00000 
0.00000 
0.00000 
0.00012 
0.00000 
0.00000 
0.00000 
0.00012 
-0.00000 
-0.00072 
0.00000 
-0.00000 
-0.00000 
-0.00002 
-0.00000 
0.00000 
-0.00000 
0.00005 
0.00000 
0.00040 
0.00000 
-0.00000 
0.00000 
-0.00008 
0.00000 
0.00000 
0.00000 
-0.00003 
0.00000 
0.75113 
-0.00000 
-0.00000 
-0.00000 
-0.02424 
-0.00000 
0.00000 
-0.00000 
-0.01753 
0.00000 
-0.08000 
0.00000 
0.00000 
-0.00000 
-0.03438 
0.00000 
-0.00000 
-0.00000 
-0.01892 
-0.00000 
0.00462 
-0.00000 
-0.00000 
-0.00000 
-0.01262 
0.00000 
0.00000 
-0.00000 
-0.01066 
0.00000 
0.02764 
0.00000 
0.00000 
0.00000 
0.00388 
-0.00000 
0.00000 
-0.00000 
-0.00162 
-0.00000 
-0.01127 
0.00000 
0.00000 
0.00000 
0.00732 
0.00000 
-0.00000 
0.00000 
0.00292 
0.00000 
0.01569 
0.00000 
-0.00000 
0.00000 
0.00334 
-0.00000 
-0.00000 
0.00000 
0.00290 
-0.00000 
-0.01528 
0.00000 
0.00000 
-0.00000 
-0.00072 
0.00000 
-0.00000 
0.00000 
0.00088 
0.00000 
0.00777 
0.00000 
0.00000 
-0.00000 
-0.00193 
0.00000 
-0.00000 
-0.00000 
-0.00072 
-0.00000 
-0.00709 
0.00000 
-0.00000 
-0.00000 
-0.00104 
0.00000 
-0.00000 
-0.00000 
-0.00102 
0.00000 
0.00619 
-0.00000 
-0.00000 
0.00000 
0.00020 
0.00000 
0.00000 
-0.00000 
-0.00041 
-0.00000 
-0.00363 
-0.00000 
0.00000 
0.00000 
0.00068 
0.00000 
-0.00000 
0.00000 
0.00024 
-0.00000 
-0.58816 
-0.00000 
-0.00000 
-0.00000 
-0.03445 
0.00000 
-0.00000 
0.00000 
0.00706 
-0.00000 
0.09058 
-0.00000 
0.00000 
-0.00000 
0.00192 
-0.00000 
-0.00000 
0.00000 
0.01412 
-0.00000 
-0.06624 
0.00000 
0.00000 
0.00000 
0.00648 
-0.00000 
0.00000 
0.00000 
0.01094 
0.00000 
0.02185 
-0.00000 
-0.00000 
-0.00000 
-0.00263 
-0.00000 
-0.00000 
0.00000 
0.00223 
0.00000 
-0.00513 
0.00000 
0.00000 
-0.00000 
-0.00768 
-0.00000 
0.00000 
-0.00000 
-0.00408 
-0.00000 
-0.00768 
0.00000 
-0.00000 
-0.00000 
-0.00437 
-0.00000 
0.00000 
-0.00000 
-0.00467 
0.00000 
0.01365 
0.00000 
-0.00000 
0.00000 
0.00093 
0.00000 
0.00000 
-0.00000 
-0.00162 
-0.00000 
-0.00877 
-0.00000 
0.00000 
0.00000 
0.00318 
0.00000 
0.00000 
0.00000 
0.00130 
0.00000 
0.01014 
0.00000 
-0.00000 
0.00000 
0.00189 
0.00000 
-0.00000 
0.00000 
0.00199 
-0.00000 
-0.01021 
0.00000 
-0.00000 
-0.00000 
-0.00033 
0.00000 
0.00000 
0.00000 
0.00087 
0.00000 
0.00670 
0.00000 
0.00000 
-0.00000 
-0.00135 
-0.00000 
0.00000 
-0.00000 
-0.00049 
0.00000 
0.09887 
-0.00000 
0.00000 
0.00000 
0.01247 
-0.00000 
0.00000 
0.00000 
0.00586 
0.00000 
-0.02610 
-0.00000 
0.00000 
0.00000 
0.01296 
-0.00000 
0.00000 
0.00000 
0.00417 
0.00000 
0.02856 
-0.00000 
-0.00000 
0.00000 
0.00377 
0.00000 
0.00000 
0.00000 
0.00080 
-0.00000 
-0.02707 
0.00000 
-0.00000 
-0.00000 
-0.00094 
-0.00000 
-0.00000 
-0.00000 
-0.00026 
0.00000 
0.01340 
0.00000 
0.00000 
-0.00000 
-0.00042 
0.00000 
-0.00000 
-0.00000 
0.00065 
-0.00000 
-0.00885 
-0.00000 
-0.00000 
0.00000 
0.00041 
-0.00000 
-0.00000 
0.00000 
0.00125 
-0.00000 
0.00432 
-0.00000 
-0.00000 
-0.00000 
-0.00009 
-0.00000 
-0.00000 
-0.00000 
0.00060 
0.00000 
-0.00120 
0.00000 
-0.00000 
0.00000 
-0.00088 
-0.00000 
-0.00000 
0.00000 
-0.00050 
-0.00000 
-0.00101 
-0.00000 
0.00000 
-0.00000 
-0.00068 
-0.00000 
-0.00000 
-0.00000 
-0.00092 
-0.00000 
0.00244 
-0.00000 
0.00000 
0.00000 
0.00009 
-0.00000 
-0.00000 
0.00000 
-0.00047 
-0.00000 
-0.00228 
-0.00000 
-0.00000 
0.00000 
0.00064 
0.00000 
0.00000 
0.00000 
0.00025 
-0.00000 
-0.08136 
0.00000 
-0.00000 
-0.00000 
0.00108 
0.00000 
-0.00000 
0.00000 
0.00396 
-0.00000 
0.00894 
0.00000 
-0.00000 
0.00000 
0.00755 
0.00000 
-0.00000 
-0.00000 
0.00246 
0.00000 
-0.00051 
0.00000 
0.00000 
0.00000 
0.00241 
-0.00000 
-0.00000 
-0.00000 
0.00024 
0.00000 
-0.00755 
-0.00000 
0.00000 
0.00000 
-0.00059 
0.00000 
0.00000 
0.00000 
-0.00020 
-0.00000 
0.00272 
-0.00000 
-0.00000 
-0.00000 
-0.00002 
-0.00000 
0.00000 
0.00000 
0.00034 
0.00000 
-0.00125 
-0.00000 
0.00000 
0.00000 
0.00032 
0.00000 
0.00000 
0.00000 
0.00052 
0.00000 
-0.00051 
0.00000 
0.00000 
0.00000 
-0.00005 
0.00000 
0.00000 
-0.00000 
0.00020 
-0.00000 
0.00123 
-0.00000 
0.00000 
-0.00000 
-0.00038 
-0.00000 
0.00000 
-0.00000 
-0.00013 
0.00000 
-0.00163 
0.00000 
-0.00000 
0.00000 
-0.00023 
-0.00000 
0.00000 
0.00000 
-0.00018 
0.00000 
0.00162 
0.00000 
-0.00000 
0.00000 
0.00003 
0.00000 
0.00000 
-0.00000 
-0.00006 
0.00000 
-0.00104 
0.00000 
0.00000 
-0.00000 
0.00013 
-0.00000 
-0.00000 
-0.00000 
0.00003 


///////////////////////////////////////////////////////////////
