///////////////////////////////////////////////////////////////
//
//Hartree method solving three-body nuclear wave function
//
///////////////////////////////////////////////////////////////

///////////////////////////////////////
//Variation
///////////////////////////////////////

Nc  q   lx  ly  L   sjk Sa  tjk
1   0   0   0   0   0   1/2   1
2   0   0   0   0   1   1/2   0
3   0   1   1   0   0   1/2   0
4   0   1   1   0   1   1/2   1
5   0   2   2   0   0   1/2   1
6   0   2   2   0   1   1/2   0
7   0   3   3   0   0   1/2   0
8   0   3   3   0   1   1/2   1
9   0   4   4   0   0   1/2   1
10   0   4   4   0   1   1/2   0
11   1   0   0   0   0   1/2   1
12   1   0   0   0   1   1/2   0
13   1   1   1   0   0   1/2   0
14   1   1   1   0   1   1/2   1
15   1   2   2   0   0   1/2   1
16   1   2   2   0   1   1/2   0
17   1   3   3   0   0   1/2   0
18   1   3   3   0   1   1/2   1
19   1   4   4   0   0   1/2   1
20   1   4   4   0   1   1/2   0
21   2   0   0   0   0   1/2   1
22   2   0   0   0   1   1/2   0
23   2   1   1   0   0   1/2   0
24   2   1   1   0   1   1/2   1
25   2   2   2   0   0   1/2   1
26   2   2   2   0   1   1/2   0
27   2   3   3   0   0   1/2   0
28   2   3   3   0   1   1/2   1
29   2   4   4   0   0   1/2   1
30   2   4   4   0   1   1/2   0
31   3   0   0   0   0   1/2   1
32   3   0   0   0   1   1/2   0
33   3   1   1   0   0   1/2   0
34   3   1   1   0   1   1/2   1
35   3   2   2   0   0   1/2   1
36   3   2   2   0   1   1/2   0
37   3   3   3   0   0   1/2   0
38   3   3   3   0   1   1/2   1
39   3   4   4   0   0   1/2   1
40   3   4   4   0   1   1/2   0
41   4   0   0   0   0   1/2   1
42   4   0   0   0   1   1/2   0
43   4   1   1   0   0   1/2   0
44   4   1   1   0   1   1/2   1
45   4   2   2   0   0   1/2   1
46   4   2   2   0   1   1/2   0
47   4   3   3   0   0   1/2   0
48   4   3   3   0   1   1/2   1
49   4   4   4   0   0   1/2   1
50   4   4   4   0   1   1/2   0
51   5   0   0   0   0   1/2   1
52   5   0   0   0   1   1/2   0
53   5   1   1   0   0   1/2   0
54   5   1   1   0   1   1/2   1
55   5   2   2   0   0   1/2   1
56   5   2   2   0   1   1/2   0
57   5   3   3   0   0   1/2   0
58   5   3   3   0   1   1/2   1
59   5   4   4   0   0   1/2   1
60   5   4   4   0   1   1/2   0
61   6   0   0   0   0   1/2   1
62   6   0   0   0   1   1/2   0
63   6   1   1   0   0   1/2   0
64   6   1   1   0   1   1/2   1
65   6   2   2   0   0   1/2   1
66   6   2   2   0   1   1/2   0
67   6   3   3   0   0   1/2   0
68   6   3   3   0   1   1/2   1
69   6   4   4   0   0   1/2   1
70   6   4   4   0   1   1/2   0
71   7   0   0   0   0   1/2   1
72   7   0   0   0   1   1/2   0
73   7   1   1   0   0   1/2   0
74   7   1   1   0   1   1/2   1
75   7   2   2   0   0   1/2   1
76   7   2   2   0   1   1/2   0
77   7   3   3   0   0   1/2   0
78   7   3   3   0   1   1/2   1
79   7   4   4   0   0   1/2   1
80   7   4   4   0   1   1/2   0
81   8   0   0   0   0   1/2   1
82   8   0   0   0   1   1/2   0
83   8   1   1   0   0   1/2   0
84   8   1   1   0   1   1/2   1
85   8   2   2   0   0   1/2   1
86   8   2   2   0   1   1/2   0
87   8   3   3   0   0   1/2   0
88   8   3   3   0   1   1/2   1
89   8   4   4   0   0   1/2   1
90   8   4   4   0   1   1/2   0
91   9   0   0   0   0   1/2   1
92   9   0   0   0   1   1/2   0
93   9   1   1   0   0   1/2   0
94   9   1   1   0   1   1/2   1
95   9   2   2   0   0   1/2   1
96   9   2   2   0   1   1/2   0
97   9   3   3   0   0   1/2   0
98   9   3   3   0   1   1/2   1
99   9   4   4   0   0   1/2   1
100   9   4   4   0   1   1/2   0
101   10   0   0   0   0   1/2   1
102   10   0   0   0   1   1/2   0
103   10   1   1   0   0   1/2   0
104   10   1   1   0   1   1/2   1
105   10   2   2   0   0   1/2   1
106   10   2   2   0   1   1/2   0
107   10   3   3   0   0   1/2   0
108   10   3   3   0   1   1/2   1
109   10   4   4   0   0   1/2   1
110   10   4   4   0   1   1/2   0
Hdim: 550
process: 20%
process: 40%
process: 60%
process: 80%
process: 100%

///////////////////////////////////////
//Variation done
///////////////////////////////////////

///////////////////////////////////////
//Result
///////////////////////////////////////

H_3
Variation parameter c=1200 MeV, base state energy: -6.85656 MeV
Eigen vector: 
0.00000 
-0.16536 
-0.00000 
0.00000 
-0.00000 
0.01819 
0.00000 
-0.00000 
-0.00000 
0.00359 
0.00000 
0.01262 
0.00000 
-0.00000 
-0.00000 
0.01034 
-0.00000 
-0.00000 
-0.00000 
0.00283 
-0.00000 
0.01153 
-0.00000 
-0.00000 
-0.00000 
0.00236 
0.00000 
0.00000 
-0.00000 
0.00127 
0.00000 
-0.01128 
0.00000 
0.00000 
-0.00000 
-0.00062 
0.00000 
-0.00000 
0.00000 
0.00015 
-0.00000 
0.00303 
-0.00000 
0.00000 
0.00000 
-0.00088 
-0.00000 
0.00000 
0.00000 
-0.00029 
0.00000 
-0.00251 
0.00000 
-0.00000 
0.00000 
-0.00033 
0.00000 
0.00000 
0.00000 
-0.00027 
-0.00000 
0.00189 
-0.00000 
0.00000 
-0.00000 
0.00007 
-0.00000 
-0.00000 
-0.00000 
-0.00008 
0.00000 
-0.00081 
-0.00000 
0.00000 
-0.00000 
0.00018 
-0.00000 
-0.00000 
-0.00000 
0.00006 
-0.00000 
0.00065 
0.00000 
0.00000 
0.00000 
0.00009 
0.00000 
-0.00000 
0.00000 
0.00009 
0.00000 
-0.00053 
0.00000 
-0.00000 
0.00000 
-0.00002 
0.00000 
0.00000 
0.00000 
0.00004 
0.00000 
0.00030 
0.00000 
0.00000 
-0.00000 
-0.00006 
0.00000 
0.00000 
-0.00000 
-0.00002 
-0.00000 
0.69809 
-0.00000 
0.00000 
0.00000 
-0.02805 
-0.00000 
-0.00000 
0.00000 
-0.01675 
-0.00000 
-0.07177 
-0.00000 
-0.00000 
0.00000 
-0.03427 
0.00000 
0.00000 
0.00000 
-0.01735 
0.00000 
-0.00191 
0.00000 
0.00000 
0.00000 
-0.01190 
0.00000 
-0.00000 
0.00000 
-0.00947 
-0.00000 
0.02966 
0.00000 
0.00000 
-0.00000 
0.00359 
0.00000 
-0.00000 
-0.00000 
-0.00139 
0.00000 
-0.01151 
-0.00000 
0.00000 
-0.00000 
0.00649 
0.00000 
0.00000 
-0.00000 
0.00251 
-0.00000 
0.01463 
-0.00000 
0.00000 
-0.00000 
0.00289 
0.00000 
0.00000 
-0.00000 
0.00244 
0.00000 
-0.01368 
0.00000 
-0.00000 
0.00000 
-0.00063 
-0.00000 
-0.00000 
-0.00000 
0.00073 
-0.00000 
0.00679 
0.00000 
-0.00000 
0.00000 
-0.00162 
0.00000 
0.00000 
0.00000 
-0.00060 
0.00000 
-0.00604 
0.00000 
-0.00000 
-0.00000 
-0.00087 
-0.00000 
0.00000 
0.00000 
-0.00084 
-0.00000 
0.00520 
0.00000 
0.00000 
-0.00000 
0.00017 
0.00000 
0.00000 
-0.00000 
-0.00034 
0.00000 
-0.00301 
-0.00000 
0.00000 
0.00000 
0.00056 
0.00000 
-0.00000 
0.00000 
0.00020 
0.00000 
-0.65217 
-0.00000 
0.00000 
0.00000 
-0.02767 
0.00000 
0.00000 
0.00000 
0.00989 
0.00000 
0.09398 
-0.00000 
-0.00000 
-0.00000 
0.00825 
-0.00000 
-0.00000 
-0.00000 
0.01655 
0.00000 
-0.05994 
0.00000 
-0.00000 
-0.00000 
0.00839 
-0.00000 
0.00000 
-0.00000 
0.01196 
0.00000 
0.01356 
0.00000 
-0.00000 
0.00000 
-0.00316 
0.00000 
-0.00000 
0.00000 
0.00231 
0.00000 
-0.00170 
-0.00000 
0.00000 
0.00000 
-0.00836 
-0.00000 
0.00000 
0.00000 
-0.00420 
0.00000 
-0.01050 
-0.00000 
0.00000 
0.00000 
-0.00456 
-0.00000 
-0.00000 
0.00000 
-0.00468 
-0.00000 
0.01556 
-0.00000 
0.00000 
-0.00000 
0.00097 
-0.00000 
-0.00000 
-0.00000 
-0.00158 
-0.00000 
-0.00951 
-0.00000 
-0.00000 
-0.00000 
0.00317 
-0.00000 
-0.00000 
-0.00000 
0.00128 
-0.00000 
0.01045 
0.00000 
-0.00000 
0.00000 
0.00186 
0.00000 
-0.00000 
0.00000 
0.00192 
0.00000 
-0.01022 
0.00000 
-0.00000 
0.00000 
-0.00033 
-0.00000 
0.00000 
-0.00000 
0.00083 
-0.00000 
0.00657 
0.00000 
-0.00000 
-0.00000 
-0.00130 
-0.00000 
0.00000 
0.00000 
-0.00047 
-0.00000 
0.14562 
-0.00000 
0.00000 
-0.00000 
0.01996 
0.00000 
-0.00000 
-0.00000 
0.00553 
-0.00000 
-0.03491 
-0.00000 
-0.00000 
-0.00000 
0.01459 
0.00000 
-0.00000 
-0.00000 
0.00249 
0.00000 
0.03858 
-0.00000 
0.00000 
-0.00000 
0.00324 
-0.00000 
0.00000 
-0.00000 
-0.00073 
-0.00000 
-0.03154 
-0.00000 
0.00000 
-0.00000 
-0.00065 
0.00000 
0.00000 
0.00000 
-0.00059 
-0.00000 
0.01413 
0.00000 
-0.00000 
0.00000 
0.00066 
0.00000 
-0.00000 
0.00000 
0.00124 
0.00000 
-0.00760 
0.00000 
-0.00000 
-0.00000 
0.00105 
0.00000 
0.00000 
-0.00000 
0.00192 
0.00000 
0.00212 
0.00000 
-0.00000 
0.00000 
-0.00022 
0.00000 
0.00000 
-0.00000 
0.00083 
0.00000 
0.00030 
-0.00000 
0.00000 
0.00000 
-0.00134 
0.00000 
-0.00000 
0.00000 
-0.00068 
0.00000 
-0.00264 
-0.00000 
0.00000 
-0.00000 
-0.00095 
-0.00000 
-0.00000 
0.00000 
-0.00118 
-0.00000 
0.00400 
-0.00000 
0.00000 
0.00000 
0.00014 
0.00000 
-0.00000 
-0.00000 
-0.00057 
-0.00000 
-0.00326 
-0.00000 
0.00000 
0.00000 
0.00082 
-0.00000 
0.00000 
-0.00000 
0.00031 
0.00000 
-0.09227 
0.00000 
-0.00000 
0.00000 
0.00536 
-0.00000 
0.00000 
-0.00000 
0.00278 
0.00000 
0.01017 
0.00000 
0.00000 
0.00000 
0.00692 
-0.00000 
0.00000 
-0.00000 
0.00072 
-0.00000 
0.00145 
0.00000 
0.00000 
0.00000 
0.00148 
0.00000 
-0.00000 
0.00000 
-0.00067 
0.00000 
-0.00612 
-0.00000 
-0.00000 
0.00000 
-0.00025 
-0.00000 
-0.00000 
-0.00000 
-0.00028 
0.00000 
0.00084 
-0.00000 
0.00000 
-0.00000 
0.00059 
-0.00000 
0.00000 
-0.00000 
0.00043 
-0.00000 
0.00091 
-0.00000 
0.00000 
0.00000 
0.00050 
-0.00000 
-0.00000 
0.00000 
0.00048 
-0.00000 
-0.00221 
0.00000 
0.00000 
0.00000 
-0.00009 
-0.00000 
-0.00000 
0.00000 
0.00014 
-0.00000 
0.00190 
0.00000 
-0.00000 
-0.00000 
-0.00035 
-0.00000 
0.00000 
-0.00000 
-0.00008 
0.00000 
-0.00185 
0.00000 
0.00000 
-0.00000 
-0.00016 
0.00000 
0.00000 
-0.00000 
-0.00005 
0.00000 
0.00148 
0.00000 
-0.00000 
-0.00000 
0.00003 
0.00000 
0.00000 
0.00000 
0.00001 
0.00000 
-0.00076 
0.00000 
0.00000 
-0.00000 
0.00004 
0.00000 
-0.00000 
0.00000 
-0.00001 


///////////////////////////////////////////////////////////////
