///////////////////////////////////////////////////////////////
//
//Hartree method solving three-body nuclear wave function
//
///////////////////////////////////////////////////////////////

///////////////////////////////////////
//Variation
///////////////////////////////////////

Nc  q   lx  ly  L   sjk Sa  tjk
1   0   0   0   0   0   1/2   1
2   0   0   0   0   1   1/2   0
3   0   1   1   0   0   1/2   0
4   0   1   1   0   1   1/2   1
5   0   2   2   0   0   1/2   1
6   0   2   2   0   1   1/2   0
7   0   3   3   0   0   1/2   0
8   0   3   3   0   1   1/2   1
9   0   4   4   0   0   1/2   1
10   0   4   4   0   1   1/2   0
11   1   0   0   0   0   1/2   1
12   1   0   0   0   1   1/2   0
13   1   1   1   0   0   1/2   0
14   1   1   1   0   1   1/2   1
15   1   2   2   0   0   1/2   1
16   1   2   2   0   1   1/2   0
17   1   3   3   0   0   1/2   0
18   1   3   3   0   1   1/2   1
19   1   4   4   0   0   1/2   1
20   1   4   4   0   1   1/2   0
21   2   0   0   0   0   1/2   1
22   2   0   0   0   1   1/2   0
23   2   1   1   0   0   1/2   0
24   2   1   1   0   1   1/2   1
25   2   2   2   0   0   1/2   1
26   2   2   2   0   1   1/2   0
27   2   3   3   0   0   1/2   0
28   2   3   3   0   1   1/2   1
29   2   4   4   0   0   1/2   1
30   2   4   4   0   1   1/2   0
31   3   0   0   0   0   1/2   1
32   3   0   0   0   1   1/2   0
33   3   1   1   0   0   1/2   0
34   3   1   1   0   1   1/2   1
35   3   2   2   0   0   1/2   1
36   3   2   2   0   1   1/2   0
37   3   3   3   0   0   1/2   0
38   3   3   3   0   1   1/2   1
39   3   4   4   0   0   1/2   1
40   3   4   4   0   1   1/2   0
41   4   0   0   0   0   1/2   1
42   4   0   0   0   1   1/2   0
43   4   1   1   0   0   1/2   0
44   4   1   1   0   1   1/2   1
45   4   2   2   0   0   1/2   1
46   4   2   2   0   1   1/2   0
47   4   3   3   0   0   1/2   0
48   4   3   3   0   1   1/2   1
49   4   4   4   0   0   1/2   1
50   4   4   4   0   1   1/2   0
51   5   0   0   0   0   1/2   1
52   5   0   0   0   1   1/2   0
53   5   1   1   0   0   1/2   0
54   5   1   1   0   1   1/2   1
55   5   2   2   0   0   1/2   1
56   5   2   2   0   1   1/2   0
57   5   3   3   0   0   1/2   0
58   5   3   3   0   1   1/2   1
59   5   4   4   0   0   1/2   1
60   5   4   4   0   1   1/2   0
61   6   0   0   0   0   1/2   1
62   6   0   0   0   1   1/2   0
63   6   1   1   0   0   1/2   0
64   6   1   1   0   1   1/2   1
65   6   2   2   0   0   1/2   1
66   6   2   2   0   1   1/2   0
67   6   3   3   0   0   1/2   0
68   6   3   3   0   1   1/2   1
69   6   4   4   0   0   1/2   1
70   6   4   4   0   1   1/2   0
71   7   0   0   0   0   1/2   1
72   7   0   0   0   1   1/2   0
73   7   1   1   0   0   1/2   0
74   7   1   1   0   1   1/2   1
75   7   2   2   0   0   1/2   1
76   7   2   2   0   1   1/2   0
77   7   3   3   0   0   1/2   0
78   7   3   3   0   1   1/2   1
79   7   4   4   0   0   1/2   1
80   7   4   4   0   1   1/2   0
81   8   0   0   0   0   1/2   1
82   8   0   0   0   1   1/2   0
83   8   1   1   0   0   1/2   0
84   8   1   1   0   1   1/2   1
85   8   2   2   0   0   1/2   1
86   8   2   2   0   1   1/2   0
87   8   3   3   0   0   1/2   0
88   8   3   3   0   1   1/2   1
89   8   4   4   0   0   1/2   1
90   8   4   4   0   1   1/2   0
91   9   0   0   0   0   1/2   1
92   9   0   0   0   1   1/2   0
93   9   1   1   0   0   1/2   0
94   9   1   1   0   1   1/2   1
95   9   2   2   0   0   1/2   1
96   9   2   2   0   1   1/2   0
97   9   3   3   0   0   1/2   0
98   9   3   3   0   1   1/2   1
99   9   4   4   0   0   1/2   1
100   9   4   4   0   1   1/2   0
101   10   0   0   0   0   1/2   1
102   10   0   0   0   1   1/2   0
103   10   1   1   0   0   1/2   0
104   10   1   1   0   1   1/2   1
105   10   2   2   0   0   1/2   1
106   10   2   2   0   1   1/2   0
107   10   3   3   0   0   1/2   0
108   10   3   3   0   1   1/2   1
109   10   4   4   0   0   1/2   1
110   10   4   4   0   1   1/2   0
Hdim: 550
process: 20%
process: 40%
process: 60%
process: 80%
process: 100%

///////////////////////////////////////
//Variation done
///////////////////////////////////////

///////////////////////////////////////
//Result
///////////////////////////////////////

H_3
Variation parameter c=2900 MeV, base state energy: -5.63981 MeV
Eigen vector: 
0.00000 
-0.00986 
-0.00000 
0.00000 
-0.00000 
0.00150 
-0.00000 
0.00000 
-0.00000 
0.00016 
0.00000 
0.00054 
-0.00000 
0.00000 
-0.00000 
0.00060 
-0.00000 
-0.00000 
-0.00000 
0.00012 
-0.00000 
0.00106 
0.00000 
-0.00000 
-0.00000 
0.00010 
0.00000 
0.00000 
-0.00000 
0.00005 
0.00000 
-0.00070 
-0.00000 
-0.00000 
0.00000 
-0.00003 
0.00000 
-0.00000 
-0.00000 
0.00000 
-0.00000 
0.00015 
-0.00000 
0.00000 
0.00000 
-0.00003 
-0.00000 
-0.00000 
-0.00000 
-0.00001 
0.00000 
-0.00011 
-0.00000 
-0.00000 
0.00000 
-0.00001 
0.00000 
-0.00000 
0.00000 
-0.00001 
-0.00000 
0.00007 
-0.00000 
-0.00000 
-0.00000 
0.00000 
-0.00000 
0.00000 
-0.00000 
-0.00000 
-0.00000 
-0.00003 
0.00000 
-0.00000 
0.00000 
0.00000 
-0.00000 
0.00000 
-0.00000 
0.00000 
-0.00000 
0.00002 
0.00000 
-0.00000 
-0.00000 
0.00000 
-0.00000 
-0.00000 
-0.00000 
0.00000 
0.00000 
-0.00001 
-0.00000 
0.00000 
-0.00000 
-0.00000 
-0.00000 
0.00000 
-0.00000 
0.00000 
-0.00000 
0.00001 
-0.00000 
0.00000 
-0.00000 
-0.00000 
0.00000 
0.00000 
0.00000 
-0.00000 
-0.00000 
0.15726 
-0.00000 
0.00000 
0.00000 
-0.01944 
-0.00000 
-0.00000 
0.00000 
-0.00315 
-0.00000 
-0.01101 
-0.00000 
0.00000 
0.00000 
-0.00985 
-0.00000 
-0.00000 
0.00000 
-0.00237 
0.00000 
-0.01283 
0.00000 
-0.00000 
0.00000 
-0.00205 
-0.00000 
0.00000 
0.00000 
-0.00104 
-0.00000 
0.01094 
0.00000 
-0.00000 
-0.00000 
0.00052 
0.00000 
-0.00000 
0.00000 
-0.00012 
0.00000 
-0.00268 
-0.00000 
0.00000 
-0.00000 
0.00073 
0.00000 
0.00000 
-0.00000 
0.00024 
-0.00000 
0.00209 
-0.00000 
0.00000 
-0.00000 
0.00027 
-0.00000 
0.00000 
-0.00000 
0.00022 
0.00000 
-0.00152 
0.00000 
-0.00000 
0.00000 
-0.00006 
0.00000 
-0.00000 
-0.00000 
0.00006 
-0.00000 
0.00064 
0.00000 
-0.00000 
0.00000 
-0.00015 
-0.00000 
-0.00000 
0.00000 
-0.00005 
0.00000 
-0.00052 
-0.00000 
0.00000 
0.00000 
-0.00008 
0.00000 
0.00000 
0.00000 
-0.00008 
-0.00000 
0.00043 
-0.00000 
0.00000 
-0.00000 
0.00001 
0.00000 
0.00000 
0.00000 
-0.00003 
0.00000 
-0.00024 
-0.00000 
0.00000 
-0.00000 
0.00005 
-0.00000 
-0.00000 
-0.00000 
0.00002 
0.00000 
-0.55382 
0.00000 
-0.00000 
-0.00000 
0.04218 
-0.00000 
0.00000 
-0.00000 
0.01388 
0.00000 
0.04761 
-0.00000 
0.00000 
-0.00000 
0.03338 
-0.00000 
-0.00000 
-0.00000 
0.01220 
-0.00000 
0.02207 
0.00000 
-0.00000 
-0.00000 
0.00944 
0.00000 
0.00000 
-0.00000 
0.00587 
0.00000 
-0.03420 
-0.00000 
-0.00000 
0.00000 
-0.00261 
0.00000 
-0.00000 
-0.00000 
0.00075 
-0.00000 
0.01107 
-0.00000 
-0.00000 
0.00000 
-0.00400 
0.00000 
0.00000 
0.00000 
-0.00136 
0.00000 
-0.01068 
-0.00000 
-0.00000 
0.00000 
-0.00160 
0.00000 
0.00000 
0.00000 
-0.00124 
-0.00000 
0.00862 
-0.00000 
0.00000 
-0.00000 
0.00035 
-0.00000 
0.00000 
0.00000 
-0.00035 
0.00000 
-0.00386 
-0.00000 
0.00000 
-0.00000 
0.00082 
0.00000 
0.00000 
-0.00000 
0.00030 
-0.00000 
0.00314 
0.00000 
0.00000 
-0.00000 
0.00042 
0.00000 
-0.00000 
-0.00000 
0.00041 
0.00000 
-0.00256 
0.00000 
0.00000 
-0.00000 
-0.00008 
-0.00000 
0.00000 
-0.00000 
0.00016 
-0.00000 
0.00141 
-0.00000 
0.00000 
0.00000 
-0.00027 
0.00000 
-0.00000 
0.00000 
-0.00010 
-0.00000 
0.72883 
-0.00000 
0.00000 
-0.00000 
-0.01060 
-0.00000 
0.00000 
0.00000 
-0.01795 
-0.00000 
-0.07794 
-0.00000 
0.00000 
0.00000 
-0.03175 
-0.00000 
-0.00000 
0.00000 
-0.02029 
0.00000 
0.01498 
0.00000 
-0.00000 
0.00000 
-0.01313 
0.00000 
0.00000 
0.00000 
-0.01164 
-0.00000 
0.02362 
-0.00000 
-0.00000 
-0.00000 
0.00412 
0.00000 
-0.00000 
0.00000 
-0.00179 
0.00000 
-0.01115 
-0.00000 
0.00000 
-0.00000 
0.00796 
0.00000 
0.00000 
-0.00000 
0.00319 
-0.00000 
0.01664 
-0.00000 
0.00000 
-0.00000 
0.00367 
-0.00000 
-0.00000 
-0.00000 
0.00316 
0.00000 
-0.01646 
-0.00000 
0.00000 
0.00000 
-0.00079 
-0.00000 
0.00000 
-0.00000 
0.00095 
-0.00000 
0.00833 
0.00000 
-0.00000 
0.00000 
-0.00210 
0.00000 
-0.00000 
0.00000 
-0.00078 
0.00000 
-0.00760 
-0.00000 
-0.00000 
0.00000 
-0.00113 
0.00000 
-0.00000 
0.00000 
-0.00109 
-0.00000 
0.00660 
-0.00000 
-0.00000 
0.00000 
0.00022 
-0.00000 
-0.00000 
0.00000 
-0.00044 
0.00000 
-0.00381 
0.00000 
0.00000 
-0.00000 
0.00072 
0.00000 
-0.00000 
-0.00000 
0.00026 
0.00000 
-0.33923 
0.00000 
-0.00000 
0.00000 
-0.01589 
0.00000 
-0.00000 
-0.00000 
0.00611 
0.00000 
0.04373 
0.00000 
-0.00000 
-0.00000 
0.00513 
0.00000 
0.00000 
-0.00000 
0.01031 
0.00000 
-0.02928 
-0.00000 
0.00000 
0.00000 
0.00514 
-0.00000 
-0.00000 
-0.00000 
0.00722 
0.00000 
0.00455 
0.00000 
0.00000 
0.00000 
-0.00196 
-0.00000 
0.00000 
-0.00000 
0.00132 
-0.00000 
0.00102 
0.00000 
-0.00000 
0.00000 
-0.00502 
-0.00000 
-0.00000 
0.00000 
-0.00232 
0.00000 
-0.00752 
0.00000 
-0.00000 
0.00000 
-0.00260 
0.00000 
-0.00000 
0.00000 
-0.00247 
-0.00000 
0.00973 
0.00000 
-0.00000 
-0.00000 
0.00055 
0.00000 
-0.00000 
0.00000 
-0.00078 
0.00000 
-0.00553 
-0.00000 
0.00000 
-0.00000 
0.00165 
-0.00000 
0.00000 
-0.00000 
0.00062 
-0.00000 
0.00560 
0.00000 
-0.00000 
-0.00000 
0.00092 
-0.00000 
0.00000 
-0.00000 
0.00089 
0.00000 
-0.00514 
0.00000 
0.00000 
0.00000 
-0.00017 
0.00000 
-0.00000 
-0.00000 
0.00037 
-0.00000 
0.00307 
0.00000 
-0.00000 
0.00000 
-0.00060 
-0.00000 
0.00000 
-0.00000 
-0.00021 


///////////////////////////////////////////////////////////////
