///////////////////////////////////////////////////////////////
//
//Hartree method solving three-body nuclear wave function
//
///////////////////////////////////////////////////////////////

///////////////////////////////////////
//Variation
///////////////////////////////////////

Nc  q   lx  ly  L   sjk Sa  tjk
1   0   0   0   0   0   1/2   1
2   0   0   0   0   1   1/2   0
3   0   1   1   0   0   1/2   0
4   0   1   1   0   1   1/2   1
5   0   2   2   0   0   1/2   1
6   0   2   2   0   1   1/2   0
7   0   3   3   0   0   1/2   0
8   0   3   3   0   1   1/2   1
9   0   4   4   0   0   1/2   1
10   0   4   4   0   1   1/2   0
11   1   0   0   0   0   1/2   1
12   1   0   0   0   1   1/2   0
13   1   1   1   0   0   1/2   0
14   1   1   1   0   1   1/2   1
15   1   2   2   0   0   1/2   1
16   1   2   2   0   1   1/2   0
17   1   3   3   0   0   1/2   0
18   1   3   3   0   1   1/2   1
19   1   4   4   0   0   1/2   1
20   1   4   4   0   1   1/2   0
21   2   0   0   0   0   1/2   1
22   2   0   0   0   1   1/2   0
23   2   1   1   0   0   1/2   0
24   2   1   1   0   1   1/2   1
25   2   2   2   0   0   1/2   1
26   2   2   2   0   1   1/2   0
27   2   3   3   0   0   1/2   0
28   2   3   3   0   1   1/2   1
29   2   4   4   0   0   1/2   1
30   2   4   4   0   1   1/2   0
31   3   0   0   0   0   1/2   1
32   3   0   0   0   1   1/2   0
33   3   1   1   0   0   1/2   0
34   3   1   1   0   1   1/2   1
35   3   2   2   0   0   1/2   1
36   3   2   2   0   1   1/2   0
37   3   3   3   0   0   1/2   0
38   3   3   3   0   1   1/2   1
39   3   4   4   0   0   1/2   1
40   3   4   4   0   1   1/2   0
41   4   0   0   0   0   1/2   1
42   4   0   0   0   1   1/2   0
43   4   1   1   0   0   1/2   0
44   4   1   1   0   1   1/2   1
45   4   2   2   0   0   1/2   1
46   4   2   2   0   1   1/2   0
47   4   3   3   0   0   1/2   0
48   4   3   3   0   1   1/2   1
49   4   4   4   0   0   1/2   1
50   4   4   4   0   1   1/2   0
51   5   0   0   0   0   1/2   1
52   5   0   0   0   1   1/2   0
53   5   1   1   0   0   1/2   0
54   5   1   1   0   1   1/2   1
55   5   2   2   0   0   1/2   1
56   5   2   2   0   1   1/2   0
57   5   3   3   0   0   1/2   0
58   5   3   3   0   1   1/2   1
59   5   4   4   0   0   1/2   1
60   5   4   4   0   1   1/2   0
61   6   0   0   0   0   1/2   1
62   6   0   0   0   1   1/2   0
63   6   1   1   0   0   1/2   0
64   6   1   1   0   1   1/2   1
65   6   2   2   0   0   1/2   1
66   6   2   2   0   1   1/2   0
67   6   3   3   0   0   1/2   0
68   6   3   3   0   1   1/2   1
69   6   4   4   0   0   1/2   1
70   6   4   4   0   1   1/2   0
71   7   0   0   0   0   1/2   1
72   7   0   0   0   1   1/2   0
73   7   1   1   0   0   1/2   0
74   7   1   1   0   1   1/2   1
75   7   2   2   0   0   1/2   1
76   7   2   2   0   1   1/2   0
77   7   3   3   0   0   1/2   0
78   7   3   3   0   1   1/2   1
79   7   4   4   0   0   1/2   1
80   7   4   4   0   1   1/2   0
81   8   0   0   0   0   1/2   1
82   8   0   0   0   1   1/2   0
83   8   1   1   0   0   1/2   0
84   8   1   1   0   1   1/2   1
85   8   2   2   0   0   1/2   1
86   8   2   2   0   1   1/2   0
87   8   3   3   0   0   1/2   0
88   8   3   3   0   1   1/2   1
89   8   4   4   0   0   1/2   1
90   8   4   4   0   1   1/2   0
91   9   0   0   0   0   1/2   1
92   9   0   0   0   1   1/2   0
93   9   1   1   0   0   1/2   0
94   9   1   1   0   1   1/2   1
95   9   2   2   0   0   1/2   1
96   9   2   2   0   1   1/2   0
97   9   3   3   0   0   1/2   0
98   9   3   3   0   1   1/2   1
99   9   4   4   0   0   1/2   1
100   9   4   4   0   1   1/2   0
101   10   0   0   0   0   1/2   1
102   10   0   0   0   1   1/2   0
103   10   1   1   0   0   1/2   0
104   10   1   1   0   1   1/2   1
105   10   2   2   0   0   1/2   1
106   10   2   2   0   1   1/2   0
107   10   3   3   0   0   1/2   0
108   10   3   3   0   1   1/2   1
109   10   4   4   0   0   1/2   1
110   10   4   4   0   1   1/2   0
Hdim: 550
process: 20%
process: 40%
process: 60%
process: 80%
process: 100%

///////////////////////////////////////
//Variation done
///////////////////////////////////////

///////////////////////////////////////
//Result
///////////////////////////////////////

H_3
Variation parameter c=1500 MeV, base state energy: -7.36007 MeV
Eigen vector: 
-0.00000 
0.09118 
-0.00000 
0.00000 
0.00000 
-0.01133 
0.00000 
-0.00000 
0.00000 
-0.00181 
-0.00000 
-0.00644 
-0.00000 
-0.00000 
0.00000 
-0.00572 
-0.00000 
0.00000 
0.00000 
-0.00137 
0.00000 
-0.00750 
0.00000 
0.00000 
0.00000 
-0.00117 
-0.00000 
0.00000 
0.00000 
-0.00060 
-0.00000 
0.00637 
-0.00000 
0.00000 
0.00000 
0.00030 
-0.00000 
-0.00000 
0.00000 
-0.00007 
0.00000 
-0.00156 
-0.00000 
0.00000 
-0.00000 
0.00042 
0.00000 
-0.00000 
-0.00000 
0.00014 
-0.00000 
0.00121 
0.00000 
0.00000 
-0.00000 
0.00016 
-0.00000 
-0.00000 
0.00000 
0.00013 
0.00000 
-0.00089 
-0.00000 
0.00000 
0.00000 
-0.00003 
-0.00000 
-0.00000 
-0.00000 
0.00004 
0.00000 
0.00037 
0.00000 
-0.00000 
0.00000 
-0.00008 
0.00000 
0.00000 
0.00000 
-0.00003 
0.00000 
-0.00030 
0.00000 
-0.00000 
0.00000 
-0.00004 
0.00000 
-0.00000 
0.00000 
-0.00004 
0.00000 
0.00025 
-0.00000 
0.00000 
-0.00000 
0.00001 
0.00000 
0.00000 
0.00000 
-0.00002 
0.00000 
-0.00014 
-0.00000 
-0.00000 
-0.00000 
0.00003 
-0.00000 
0.00000 
-0.00000 
0.00001 
0.00000 
-0.55452 
-0.00000 
-0.00000 
-0.00000 
0.03519 
0.00000 
0.00000 
-0.00000 
0.01370 
0.00000 
0.05136 
0.00000 
-0.00000 
-0.00000 
0.03130 
-0.00000 
0.00000 
-0.00000 
0.01275 
-0.00000 
0.01497 
0.00000 
0.00000 
-0.00000 
0.00944 
0.00000 
-0.00000 
-0.00000 
0.00641 
0.00000 
-0.03066 
0.00000 
-0.00000 
0.00000 
-0.00269 
0.00000 
0.00000 
-0.00000 
0.00086 
-0.00000 
0.01050 
0.00000 
-0.00000 
0.00000 
-0.00438 
-0.00000 
0.00000 
0.00000 
-0.00157 
0.00000 
-0.01105 
0.00000 
-0.00000 
0.00000 
-0.00183 
-0.00000 
0.00000 
0.00000 
-0.00147 
-0.00000 
0.00940 
0.00000 
-0.00000 
-0.00000 
0.00040 
-0.00000 
0.00000 
0.00000 
-0.00043 
0.00000 
-0.00438 
0.00000 
-0.00000 
-0.00000 
0.00097 
-0.00000 
0.00000 
-0.00000 
0.00036 
-0.00000 
0.00369 
0.00000 
-0.00000 
-0.00000 
0.00051 
-0.00000 
0.00000 
-0.00000 
0.00049 
0.00000 
-0.00308 
0.00000 
-0.00000 
0.00000 
-0.00010 
0.00000 
-0.00000 
-0.00000 
0.00020 
-0.00000 
0.00173 
0.00000 
-0.00000 
0.00000 
-0.00032 
0.00000 
-0.00000 
0.00000 
-0.00012 
-0.00000 
0.74557 
-0.00000 
0.00000 
-0.00000 
0.00567 
-0.00000 
-0.00000 
0.00000 
-0.01553 
-0.00000 
-0.09228 
0.00000 
-0.00000 
0.00000 
-0.02322 
-0.00000 
-0.00000 
0.00000 
-0.02014 
-0.00000 
0.03662 
0.00000 
0.00000 
0.00000 
-0.01192 
0.00000 
0.00000 
0.00000 
-0.01270 
-0.00000 
0.00830 
0.00000 
-0.00000 
-0.00000 
0.00398 
0.00000 
0.00000 
0.00000 
-0.00218 
0.00000 
-0.00630 
-0.00000 
0.00000 
-0.00000 
0.00880 
-0.00000 
-0.00000 
-0.00000 
0.00391 
-0.00000 
0.01538 
-0.00000 
0.00000 
-0.00000 
0.00439 
-0.00000 
-0.00000 
-0.00000 
0.00410 
0.00000 
-0.01763 
-0.00000 
-0.00000 
0.00000 
-0.00094 
0.00000 
-0.00000 
-0.00000 
0.00131 
-0.00000 
0.00975 
0.00000 
-0.00000 
0.00000 
-0.00276 
0.00000 
0.00000 
0.00000 
-0.00107 
0.00000 
-0.00966 
-0.00000 
-0.00000 
-0.00000 
-0.00154 
-0.00000 
-0.00000 
0.00000 
-0.00153 
-0.00000 
0.00887 
-0.00000 
-0.00000 
-0.00000 
0.00029 
-0.00000 
-0.00000 
-0.00000 
-0.00064 
0.00000 
-0.00541 
-0.00000 
-0.00000 
-0.00000 
0.00103 
0.00000 
0.00000 
-0.00000 
0.00037 
0.00000 
-0.29564 
-0.00000 
-0.00000 
0.00000 
-0.03206 
-0.00000 
-0.00000 
-0.00000 
-0.00157 
0.00000 
0.05551 
-0.00000 
-0.00000 
-0.00000 
-0.01172 
-0.00000 
-0.00000 
-0.00000 
0.00414 
0.00000 
-0.05480 
0.00000 
0.00000 
0.00000 
0.00011 
0.00000 
0.00000 
0.00000 
0.00526 
-0.00000 
0.03223 
0.00000 
0.00000 
0.00000 
-0.00060 
0.00000 
0.00000 
0.00000 
0.00139 
-0.00000 
-0.01141 
0.00000 
0.00000 
-0.00000 
-0.00383 
-0.00000 
0.00000 
0.00000 
-0.00262 
0.00000 
0.00127 
-0.00000 
0.00000 
0.00000 
-0.00264 
0.00000 
0.00000 
0.00000 
-0.00330 
-0.00000 
0.00507 
0.00000 
-0.00000 
-0.00000 
0.00056 
-0.00000 
0.00000 
0.00000 
-0.00123 
0.00000 
-0.00441 
-0.00000 
0.00000 
0.00000 
0.00227 
-0.00000 
-0.00000 
0.00000 
0.00100 
-0.00000 
0.00641 
0.00000 
0.00000 
0.00000 
0.00143 
0.00000 
0.00000 
0.00000 
0.00159 
0.00000 
-0.00717 
0.00000 
0.00000 
0.00000 
-0.00023 
0.00000 
0.00000 
0.00000 
0.00072 
-0.00000 
0.00503 
0.00000 
-0.00000 
-0.00000 
-0.00109 
0.00000 
-0.00000 
0.00000 
-0.00040 
-0.00000 
0.11016 
0.00000 
0.00000 
0.00000 
-0.00603 
0.00000 
0.00000 
0.00000 
0.00104 
-0.00000 
-0.01562 
-0.00000 
0.00000 
0.00000 
-0.00046 
0.00000 
0.00000 
0.00000 
0.00223 
0.00000 
0.00371 
-0.00000 
-0.00000 
-0.00000 
0.00094 
-0.00000 
-0.00000 
-0.00000 
0.00121 
0.00000 
-0.00451 
-0.00000 
-0.00000 
0.00000 
-0.00041 
-0.00000 
-0.00000 
-0.00000 
0.00008 
0.00000 
0.00479 
-0.00000 
-0.00000 
0.00000 
-0.00082 
0.00000 
-0.00000 
-0.00000 
0.00001 
-0.00000 
-0.00465 
0.00000 
-0.00000 
0.00000 
-0.00018 
0.00000 
-0.00000 
-0.00000 
0.00032 
-0.00000 
0.00347 
-0.00000 
0.00000 
-0.00000 
0.00003 
0.00000 
-0.00000 
-0.00000 
0.00023 
0.00000 
-0.00155 
0.00000 
-0.00000 
-0.00000 
-0.00024 
0.00000 
0.00000 
0.00000 
-0.00021 
0.00000 
0.00039 
-0.00000 
-0.00000 
-0.00000 
-0.00026 
-0.00000 
-0.00000 
-0.00000 
-0.00043 
-0.00000 
0.00054 
-0.00000 
-0.00000 
0.00000 
0.00003 
-0.00000 
-0.00000 
-0.00000 
-0.00024 
0.00000 
-0.00085 
0.00000 
0.00000 
0.00000 
0.00031 
-0.00000 
0.00000 
-0.00000 
0.00013 


///////////////////////////////////////////////////////////////
