000 (28203.098.000) 12/31 10:12:06 Job submitted from host: <172.16.11.200:9618?addrs=172.16.11.200-9618&noUDP&sock=14877_46f2_4>
...
001 (28203.098.000) 12/31 10:12:22 Job executing on host: <172.16.11.231:9618?addrs=172.16.11.231-9618&noUDP&sock=startd_22895_f54e_4>
...
006 (28203.098.000) 12/31 10:12:31 Image size of job updated: 35132
	35  -  MemoryUsage of job (MB)
	35132  -  ResidentSetSize of job (KB)
...
006 (28203.098.000) 12/31 10:32:33 Image size of job updated: 35256
	35  -  MemoryUsage of job (MB)
	35256  -  ResidentSetSize of job (KB)
...
006 (28203.098.000) 12/31 13:14:29 Image size of job updated: 310160
	35  -  MemoryUsage of job (MB)
	35256  -  ResidentSetSize of job (KB)
...
004 (28203.098.000) 12/31 13:14:29 Job was evicted.
	(0) CPU times
		Usr 0 03:02:06, Sys 0 00:00:00  -  Run Remote Usage
		Usr 0 00:00:00, Sys 0 00:00:00  -  Run Local Usage
	0  -  Run Bytes Sent By Job
	0  -  Run Bytes Received By Job
	Partitionable Resources :    Usage  Request Allocated 
	   Cpus                 :     1.00        1         1 
	   Disk (KB)            :     1           1    241059 
	   Memory (MB)          :    35           1      2008 
...
009 (28203.098.000) 12/31 13:14:29 Job was aborted by the user.
	via condor_rm (by user zhangliang)
...
000 (28206.098.000) 12/31 14:09:35 Job submitted from host: <172.16.11.200:9618?addrs=172.16.11.200-9618&noUDP&sock=14877_46f2_4>
...
001 (28206.098.000) 01/01 14:25:50 Job executing on host: <172.16.11.231:9618?addrs=172.16.11.231-9618&noUDP&sock=startd_22895_f54e_4>
...
006 (28206.098.000) 01/01 14:25:58 Image size of job updated: 35128
	35  -  MemoryUsage of job (MB)
	35128  -  ResidentSetSize of job (KB)
...
006 (28206.098.000) 01/01 15:11:03 Image size of job updated: 35260
	35  -  MemoryUsage of job (MB)
	35260  -  ResidentSetSize of job (KB)
...
006 (28206.098.000) 01/02 09:53:53 Image size of job updated: 423324
	35  -  MemoryUsage of job (MB)
	35260  -  ResidentSetSize of job (KB)
...
005 (28206.098.000) 01/02 09:53:54 Job terminated.
	(1) Normal termination (return value 0)
		Usr 0 19:27:27, Sys 0 00:00:19  -  Run Remote Usage
		Usr 0 00:00:00, Sys 0 00:00:00  -  Run Local Usage
		Usr 0 19:27:27, Sys 0 00:00:19  -  Total Remote Usage
		Usr 0 00:00:00, Sys 0 00:00:00  -  Total Local Usage
	0  -  Run Bytes Sent By Job
	0  -  Run Bytes Received By Job
	0  -  Total Bytes Sent By Job
	0  -  Total Bytes Received By Job
	Partitionable Resources :    Usage  Request Allocated 
	   Cpus                 :     1.00        1         1 
	   Disk (KB)            :     1           1    241059 
	   Memory (MB)          :    35           1      2008 
...
000 (28248.098.000) 01/05 15:45:56 Job submitted from host: <172.16.11.200:9618?addrs=172.16.11.200-9618&noUDP&sock=14877_46f2_4>
...
001 (28248.098.000) 01/05 18:05:35 Job executing on host: <172.16.11.233:9618?addrs=172.16.11.233-9618&alias=pc-farm3&noUDP&sock=startd_4556_edfa>
...
006 (28248.098.000) 01/05 18:05:43 Image size of job updated: 41548
	41  -  MemoryUsage of job (MB)
	41548  -  ResidentSetSize of job (KB)
...
006 (28248.098.000) 01/05 19:55:55 Image size of job updated: 41636
	41  -  MemoryUsage of job (MB)
	41636  -  ResidentSetSize of job (KB)
...
006 (28248.098.000) 01/05 20:15:56 Image size of job updated: 41724
	41  -  MemoryUsage of job (MB)
	41724  -  ResidentSetSize of job (KB)
...
006 (28248.098.000) 01/05 20:40:59 Image size of job updated: 41740
	41  -  MemoryUsage of job (MB)
	41740  -  ResidentSetSize of job (KB)
...
006 (28248.098.000) 01/05 20:45:59 Image size of job updated: 41764
	41  -  MemoryUsage of job (MB)
	41764  -  ResidentSetSize of job (KB)
...
006 (28248.098.000) 01/05 20:50:59 Image size of job updated: 41784
	41  -  MemoryUsage of job (MB)
	41784  -  ResidentSetSize of job (KB)
...
006 (28248.098.000) 01/05 20:56:00 Image size of job updated: 41808
	41  -  MemoryUsage of job (MB)
	41808  -  ResidentSetSize of job (KB)
...
006 (28248.098.000) 01/05 21:01:00 Image size of job updated: 41956
	41  -  MemoryUsage of job (MB)
	41956  -  ResidentSetSize of job (KB)
...
006 (28248.098.000) 01/05 21:21:02 Image size of job updated: 42048
	42  -  MemoryUsage of job (MB)
	42048  -  ResidentSetSize of job (KB)
...
006 (28248.098.000) 01/05 21:26:03 Image size of job updated: 42104
	42  -  MemoryUsage of job (MB)
	42104  -  ResidentSetSize of job (KB)
...
006 (28248.098.000) 01/05 21:36:04 Image size of job updated: 42156
	42  -  MemoryUsage of job (MB)
	42156  -  ResidentSetSize of job (KB)
...
006 (28248.098.000) 01/05 22:01:07 Image size of job updated: 42412
	42  -  MemoryUsage of job (MB)
	42412  -  ResidentSetSize of job (KB)
...
006 (28248.098.000) 01/05 22:06:07 Image size of job updated: 42444
	42  -  MemoryUsage of job (MB)
	42444  -  ResidentSetSize of job (KB)
...
006 (28248.098.000) 01/05 22:11:07 Image size of job updated: 42708
	42  -  MemoryUsage of job (MB)
	42708  -  ResidentSetSize of job (KB)
...
006 (28248.098.000) 01/05 22:36:11 Image size of job updated: 42712
	42  -  MemoryUsage of job (MB)
	42712  -  ResidentSetSize of job (KB)
...
006 (28248.098.000) 01/05 22:41:11 Image size of job updated: 42900
	42  -  MemoryUsage of job (MB)
	42900  -  ResidentSetSize of job (KB)
...
006 (28248.098.000) 01/05 22:46:11 Image size of job updated: 42932
	42  -  MemoryUsage of job (MB)
	42932  -  ResidentSetSize of job (KB)
...
006 (28248.098.000) 01/05 22:51:13 Image size of job updated: 42956
	42  -  MemoryUsage of job (MB)
	42956  -  ResidentSetSize of job (KB)
...
006 (28248.098.000) 01/05 23:11:15 Image size of job updated: 42976
	42  -  MemoryUsage of job (MB)
	42976  -  ResidentSetSize of job (KB)
...
006 (28248.098.000) 01/05 23:16:15 Image size of job updated: 43000
	42  -  MemoryUsage of job (MB)
	43000  -  ResidentSetSize of job (KB)
...
006 (28248.098.000) 01/05 23:46:18 Image size of job updated: 43044
	43  -  MemoryUsage of job (MB)
	43044  -  ResidentSetSize of job (KB)
...
006 (28248.098.000) 01/05 23:51:18 Image size of job updated: 43068
	43  -  MemoryUsage of job (MB)
	43068  -  ResidentSetSize of job (KB)
...
006 (28248.098.000) 01/05 23:56:19 Image size of job updated: 43092
	43  -  MemoryUsage of job (MB)
	43092  -  ResidentSetSize of job (KB)
...
006 (28248.098.000) 01/06 00:01:19 Image size of job updated: 43116
	43  -  MemoryUsage of job (MB)
	43116  -  ResidentSetSize of job (KB)
...
006 (28248.098.000) 01/06 00:06:20 Image size of job updated: 43136
	43  -  MemoryUsage of job (MB)
	43136  -  ResidentSetSize of job (KB)
...
006 (28248.098.000) 01/06 00:11:21 Image size of job updated: 43284
	43  -  MemoryUsage of job (MB)
	43284  -  ResidentSetSize of job (KB)
...
006 (28248.098.000) 01/06 00:41:23 Image size of job updated: 43448
	43  -  MemoryUsage of job (MB)
	43448  -  ResidentSetSize of job (KB)
...
006 (28248.098.000) 01/06 01:11:25 Image size of job updated: 43452
	43  -  MemoryUsage of job (MB)
	43452  -  ResidentSetSize of job (KB)
...
006 (28248.098.000) 01/06 01:16:25 Image size of job updated: 43472
	43  -  MemoryUsage of job (MB)
	43472  -  ResidentSetSize of job (KB)
...
006 (28248.098.000) 01/06 01:21:25 Image size of job updated: 43496
	43  -  MemoryUsage of job (MB)
	43496  -  ResidentSetSize of job (KB)
...
006 (28248.098.000) 01/06 01:26:26 Image size of job updated: 43516
	43  -  MemoryUsage of job (MB)
	43516  -  ResidentSetSize of job (KB)
...
006 (28248.098.000) 01/06 01:31:27 Image size of job updated: 43536
	43  -  MemoryUsage of job (MB)
	43536  -  ResidentSetSize of job (KB)
...
006 (28248.098.000) 01/06 01:36:27 Image size of job updated: 43560
	43  -  MemoryUsage of job (MB)
	43560  -  ResidentSetSize of job (KB)
...
006 (28248.098.000) 01/06 01:41:28 Image size of job updated: 43612
	43  -  MemoryUsage of job (MB)
	43612  -  ResidentSetSize of job (KB)
...
006 (28248.098.000) 01/06 01:46:29 Image size of job updated: 43636
	43  -  MemoryUsage of job (MB)
	43636  -  ResidentSetSize of job (KB)
...
006 (28248.098.000) 01/06 01:51:29 Image size of job updated: 43656
	43  -  MemoryUsage of job (MB)
	43656  -  ResidentSetSize of job (KB)
...
006 (28248.098.000) 01/06 01:56:29 Image size of job updated: 43676
	43  -  MemoryUsage of job (MB)
	43676  -  ResidentSetSize of job (KB)
...
005 (28248.098.000) 01/06 02:01:13 Job terminated.
	(1) Normal termination (return value 0)
		Usr 0 07:47:27, Sys 0 00:00:05  -  Run Remote Usage
		Usr 0 00:00:00, Sys 0 00:00:00  -  Run Local Usage
		Usr 0 07:47:27, Sys 0 00:00:05  -  Total Remote Usage
		Usr 0 00:00:00, Sys 0 00:00:00  -  Total Local Usage
	0  -  Run Bytes Sent By Job
	0  -  Run Bytes Received By Job
	0  -  Total Bytes Sent By Job
	0  -  Total Bytes Received By Job
	Partitionable Resources :    Usage  Request Allocated 
	   Cpus                 :     0.93        1         1 
	   Disk (KB)            :     1           1    254050 
	   Memory (MB)          :    43           1      1005 
...
000 (28271.098.000) 01/06 15:26:51 Job submitted from host: <172.16.11.200:9618?addrs=172.16.11.200-9618&noUDP&sock=14877_46f2_4>
...
009 (28271.098.000) 01/06 15:47:45 Job was aborted by the user.
	via condor_rm (by user zhangliang)
...
000 (29325.098.000) 01/22 22:42:19 Job submitted from host: <172.16.11.200:9618?addrs=172.16.11.200-9618&noUDP&sock=14877_46f2_4>
...
001 (29325.098.000) 01/23 04:42:36 Job executing on host: <172.16.11.232:9618?addrs=172.16.11.232-9618&alias=pc-farm2&noUDP&sock=startd_4986_dfb4_4>
...
006 (29325.098.000) 01/23 04:42:45 Image size of job updated: 35712
	35  -  MemoryUsage of job (MB)
	35712  -  ResidentSetSize of job (KB)
...
006 (29325.098.000) 01/23 05:47:52 Image size of job updated: 35876
	36  -  MemoryUsage of job (MB)
	35876  -  ResidentSetSize of job (KB)
...
005 (29325.098.000) 01/23 16:38:28 Job terminated.
	(1) Normal termination (return value 0)
		Usr 0 11:55:47, Sys 0 00:00:02  -  Run Remote Usage
		Usr 0 00:00:00, Sys 0 00:00:00  -  Run Local Usage
		Usr 0 11:55:47, Sys 0 00:00:02  -  Total Remote Usage
		Usr 0 00:00:00, Sys 0 00:00:00  -  Total Local Usage
	0  -  Run Bytes Sent By Job
	0  -  Run Bytes Received By Job
	0  -  Total Bytes Sent By Job
	0  -  Total Bytes Received By Job
	Partitionable Resources :    Usage  Request Allocated 
	   Cpus                 :     1.00        1         1 
	   Disk (KB)            :     1           1    245927 
	   Memory (MB)          :    36           1      1005 
...
000 (29520.098.000) 01/25 22:31:42 Job submitted from host: <172.16.11.200:9618?addrs=172.16.11.200-9618&noUDP&sock=14877_46f2_4>
...
001 (29520.098.000) 01/25 23:43:15 Job executing on host: <172.16.11.234:9618?addrs=172.16.11.234-9618&alias=pc-farm4&noUDP&sock=startd_5195_3aff>
...
006 (29520.098.000) 01/25 23:43:24 Image size of job updated: 423580
	36  -  MemoryUsage of job (MB)
	35892  -  ResidentSetSize of job (KB)
...
006 (29520.098.000) 01/25 23:58:26 Image size of job updated: 424364
	36  -  MemoryUsage of job (MB)
	35896  -  ResidentSetSize of job (KB)
...
006 (29520.098.000) 01/26 07:39:11 Image size of job updated: 424364
	36  -  MemoryUsage of job (MB)
	35956  -  ResidentSetSize of job (KB)
...
004 (29520.098.000) 01/26 14:06:26 Job was evicted.
	(0) CPU times
		Usr 0 12:55:43, Sys 0 00:00:02  -  Run Remote Usage
		Usr 0 00:00:00, Sys 0 00:00:00  -  Run Local Usage
	0  -  Run Bytes Sent By Job
	0  -  Run Bytes Received By Job
	Partitionable Resources :    Usage  Request Allocated 
	   Cpus                 :     0.89        1         1 
	   Disk (KB)            :     1           1    255907 
	   Memory (MB)          :    36           1       999 
...
009 (29520.098.000) 01/26 14:06:26 Job was aborted by the user.
	via condor_rm (by user zhangliang)
...
000 (29539.098.000) 01/26 14:07:21 Job submitted from host: <172.16.11.200:9618?addrs=172.16.11.200-9618&noUDP&sock=14877_46f2_4>
...
001 (29539.098.000) 01/27 08:45:10 Job executing on host: <172.16.11.232:9618?addrs=172.16.11.232-9618&alias=pc-farm2&noUDP&sock=startd_4986_dfb4_4>
...
006 (29539.098.000) 01/27 08:45:19 Image size of job updated: 35800
	35  -  MemoryUsage of job (MB)
	35800  -  ResidentSetSize of job (KB)
...
006 (29539.098.000) 01/27 09:35:24 Image size of job updated: 36632
	36  -  MemoryUsage of job (MB)
	36632  -  ResidentSetSize of job (KB)
...
004 (29539.098.000) 01/27 09:49:15 Job was evicted.
	(0) CPU times
		Usr 0 01:04:03, Sys 0 00:00:00  -  Run Remote Usage
		Usr 0 00:00:00, Sys 0 00:00:00  -  Run Local Usage
	0  -  Run Bytes Sent By Job
	0  -  Run Bytes Received By Job
	Partitionable Resources :    Usage  Request Allocated 
	   Cpus                 :     1.00        1         1 
	   Disk (KB)            :     1           1    245927 
	   Memory (MB)          :    36           1      1005 
...
009 (29539.098.000) 01/27 09:49:15 Job was aborted by the user.
	via condor_rm (by user zhangliang)
...
000 (29554.098.000) 01/27 10:11:07 Job submitted from host: <172.16.11.200:9618?addrs=172.16.11.200-9618&noUDP&sock=14877_46f2_4>
...
001 (29554.098.000) 01/27 15:23:27 Job executing on host: <172.16.11.233:9618?addrs=172.16.11.233-9618&alias=pc-farm3&noUDP&sock=startd_4556_edfa>
...
006 (29554.098.000) 01/27 15:23:36 Image size of job updated: 40892
	40  -  MemoryUsage of job (MB)
	40892  -  ResidentSetSize of job (KB)
...
006 (29554.098.000) 01/27 16:08:41 Image size of job updated: 40928
	40  -  MemoryUsage of job (MB)
	40928  -  ResidentSetSize of job (KB)
...
006 (29554.098.000) 01/27 16:13:41 Image size of job updated: 41060
	41  -  MemoryUsage of job (MB)
	41060  -  ResidentSetSize of job (KB)
...
006 (29554.098.000) 01/27 16:18:42 Image size of job updated: 41200
	41  -  MemoryUsage of job (MB)
	41200  -  ResidentSetSize of job (KB)
...
006 (29554.098.000) 01/27 16:28:43 Image size of job updated: 41248
	41  -  MemoryUsage of job (MB)
	41248  -  ResidentSetSize of job (KB)
...
006 (29554.098.000) 01/27 16:33:44 Image size of job updated: 41376
	41  -  MemoryUsage of job (MB)
	41376  -  ResidentSetSize of job (KB)
...
006 (29554.098.000) 01/27 16:43:45 Image size of job updated: 41456
	41  -  MemoryUsage of job (MB)
	41456  -  ResidentSetSize of job (KB)
...
006 (29554.098.000) 01/27 16:48:45 Image size of job updated: 41508
	41  -  MemoryUsage of job (MB)
	41508  -  ResidentSetSize of job (KB)
...
006 (29554.098.000) 01/27 16:53:46 Image size of job updated: 41624
	41  -  MemoryUsage of job (MB)
	41624  -  ResidentSetSize of job (KB)
...
006 (29554.098.000) 01/27 17:03:46 Image size of job updated: 41736
	41  -  MemoryUsage of job (MB)
	41736  -  ResidentSetSize of job (KB)
...
006 (29554.098.000) 01/27 17:08:47 Image size of job updated: 41808
	41  -  MemoryUsage of job (MB)
	41808  -  ResidentSetSize of job (KB)
...
006 (29554.098.000) 01/27 17:13:48 Image size of job updated: 41884
	41  -  MemoryUsage of job (MB)
	41884  -  ResidentSetSize of job (KB)
...
006 (29554.098.000) 01/27 17:18:48 Image size of job updated: 42012
	42  -  MemoryUsage of job (MB)
	42012  -  ResidentSetSize of job (KB)
...
006 (29554.098.000) 01/27 17:23:49 Image size of job updated: 42140
	42  -  MemoryUsage of job (MB)
	42140  -  ResidentSetSize of job (KB)
...
006 (29554.098.000) 01/27 17:28:50 Image size of job updated: 42192
	42  -  MemoryUsage of job (MB)
	42192  -  ResidentSetSize of job (KB)
...
006 (29554.098.000) 01/27 17:33:50 Image size of job updated: 42240
	42  -  MemoryUsage of job (MB)
	42240  -  ResidentSetSize of job (KB)
...
006 (29554.098.000) 01/27 17:38:50 Image size of job updated: 42312
	42  -  MemoryUsage of job (MB)
	42312  -  ResidentSetSize of job (KB)
...
006 (29554.098.000) 01/27 17:43:51 Image size of job updated: 42428
	42  -  MemoryUsage of job (MB)
	42428  -  ResidentSetSize of job (KB)
...
006 (29554.098.000) 01/27 17:53:51 Image size of job updated: 42556
	42  -  MemoryUsage of job (MB)
	42556  -  ResidentSetSize of job (KB)
...
006 (29554.098.000) 01/27 17:58:52 Image size of job updated: 43220
	43  -  MemoryUsage of job (MB)
	43220  -  ResidentSetSize of job (KB)
...
005 (29554.098.000) 01/27 18:06:47 Job terminated.
	(1) Normal termination (return value 0)
		Usr 0 02:43:18, Sys 0 00:00:00  -  Run Remote Usage
		Usr 0 00:00:00, Sys 0 00:00:00  -  Run Local Usage
		Usr 0 02:43:18, Sys 0 00:00:00  -  Total Remote Usage
		Usr 0 00:00:00, Sys 0 00:00:00  -  Total Local Usage
	0  -  Run Bytes Sent By Job
	0  -  Run Bytes Received By Job
	0  -  Total Bytes Sent By Job
	0  -  Total Bytes Received By Job
	Partitionable Resources :    Usage  Request Allocated 
	   Cpus                 :     1.00        1         1 
	   Disk (KB)            :     1           1    254050 
	   Memory (MB)          :    43           1      1005 
...
000 (29604.098.000) 01/27 21:59:06 Job submitted from host: <172.16.11.200:9618?addrs=172.16.11.200-9618&noUDP&sock=14877_46f2_4>
...
001 (29604.098.000) 01/28 09:46:17 Job executing on host: <172.16.11.231:9618?addrs=172.16.11.231-9618&noUDP&sock=startd_22895_f54e_4>
...
006 (29604.098.000) 01/28 09:46:26 Image size of job updated: 36176
	36  -  MemoryUsage of job (MB)
	36176  -  ResidentSetSize of job (KB)
...
005 (29604.098.000) 01/28 14:48:57 Job terminated.
	(1) Normal termination (return value 0)
		Usr 0 05:01:56, Sys 0 00:00:05  -  Run Remote Usage
		Usr 0 00:00:00, Sys 0 00:00:00  -  Run Local Usage
		Usr 0 05:01:56, Sys 0 00:00:05  -  Total Remote Usage
		Usr 0 00:00:00, Sys 0 00:00:00  -  Total Local Usage
	0  -  Run Bytes Sent By Job
	0  -  Run Bytes Received By Job
	0  -  Total Bytes Sent By Job
	0  -  Total Bytes Received By Job
	Partitionable Resources :    Usage  Request Allocated 
	   Cpus                 :     1.00        1         1 
	   Disk (KB)            :     1           1    241059 
	   Memory (MB)          :    36           1      2008 
...
000 (29616.098.000) 01/28 14:59:33 Job submitted from host: <172.16.11.200:9618?addrs=172.16.11.200-9618&noUDP&sock=14877_46f2_4>
...
009 (29616.098.000) 01/28 15:00:13 Job was aborted by the user.
	via condor_rm (by user zhangliang)
...
000 (29617.098.000) 01/28 15:01:04 Job submitted from host: <172.16.11.200:9618?addrs=172.16.11.200-9618&noUDP&sock=14877_46f2_4>
...
001 (29617.098.000) 01/28 15:03:19 Job executing on host: <172.16.11.233:9618?addrs=172.16.11.233-9618&alias=pc-farm3&noUDP&sock=startd_4556_edfa>
...
006 (29617.098.000) 01/28 15:03:27 Image size of job updated: 40108
	40  -  MemoryUsage of job (MB)
	40108  -  ResidentSetSize of job (KB)
...
006 (29617.098.000) 01/28 15:43:31 Image size of job updated: 40184
	40  -  MemoryUsage of job (MB)
	40184  -  ResidentSetSize of job (KB)
...
005 (29617.098.000) 01/28 16:15:14 Job terminated.
	(1) Normal termination (return value 0)
		Usr 0 01:11:54, Sys 0 00:00:00  -  Run Remote Usage
		Usr 0 00:00:00, Sys 0 00:00:00  -  Run Local Usage
		Usr 0 01:11:54, Sys 0 00:00:00  -  Total Remote Usage
		Usr 0 00:00:00, Sys 0 00:00:00  -  Total Local Usage
	0  -  Run Bytes Sent By Job
	0  -  Run Bytes Received By Job
	0  -  Total Bytes Sent By Job
	0  -  Total Bytes Received By Job
	Partitionable Resources :    Usage  Request Allocated 
	   Cpus                 :     1.00        1         1 
	   Disk (KB)            :     1           1    254050 
	   Memory (MB)          :    40           1      1005 
...
000 (29696.098.000) 01/30 20:13:16 Job submitted from host: <172.16.11.200:9618?addrs=172.16.11.200-9618&noUDP&sock=14877_46f2_4>
...
001 (29696.098.000) 01/30 21:47:03 Job executing on host: <172.16.11.234:9618?addrs=172.16.11.234-9618&alias=pc-farm4&noUDP&sock=startd_5195_3aff>
...
006 (29696.098.000) 01/30 21:47:12 Image size of job updated: 423580
	36  -  MemoryUsage of job (MB)
	35896  -  ResidentSetSize of job (KB)
...
006 (29696.098.000) 01/30 21:57:13 Image size of job updated: 424360
	36  -  MemoryUsage of job (MB)
	35900  -  ResidentSetSize of job (KB)
...
005 (29696.098.000) 01/30 23:34:12 Job terminated.
	(1) Normal termination (return value 0)
		Usr 0 01:47:07, Sys 0 00:00:00  -  Run Remote Usage
		Usr 0 00:00:00, Sys 0 00:00:00  -  Run Local Usage
		Usr 0 01:47:07, Sys 0 00:00:00  -  Total Remote Usage
		Usr 0 00:00:00, Sys 0 00:00:00  -  Total Local Usage
	0  -  Run Bytes Sent By Job
	0  -  Run Bytes Received By Job
	0  -  Total Bytes Sent By Job
	0  -  Total Bytes Received By Job
	Partitionable Resources :    Usage  Request Allocated 
	   Cpus                 :     1.00        1         1 
	   Disk (KB)            :     1           1    255907 
	   Memory (MB)          :    36           1       999 
...
000 (29706.098.000) 01/31 10:47:04 Job submitted from host: <172.16.11.200:9618?addrs=172.16.11.200-9618&noUDP&sock=14877_46f2_4>
...
001 (29706.098.000) 01/31 11:07:08 Job executing on host: <172.16.11.232:9618?addrs=172.16.11.232-9618&alias=pc-farm2&noUDP&sock=startd_4986_dfb4_4>
...
006 (29706.098.000) 01/31 11:07:17 Image size of job updated: 49812
	49  -  MemoryUsage of job (MB)
	49812  -  ResidentSetSize of job (KB)
...
006 (29706.098.000) 01/31 12:32:26 Image size of job updated: 50712
	50  -  MemoryUsage of job (MB)
	50712  -  ResidentSetSize of job (KB)
...
005 (29706.098.000) 01/31 12:35:39 Job terminated.
	(1) Normal termination (return value 0)
		Usr 0 01:27:53, Sys 0 00:00:06  -  Run Remote Usage
		Usr 0 00:00:00, Sys 0 00:00:00  -  Run Local Usage
		Usr 0 01:27:53, Sys 0 00:00:06  -  Total Remote Usage
		Usr 0 00:00:00, Sys 0 00:00:00  -  Total Local Usage
	0  -  Run Bytes Sent By Job
	0  -  Run Bytes Received By Job
	0  -  Total Bytes Sent By Job
	0  -  Total Bytes Received By Job
	Partitionable Resources :    Usage  Request Allocated 
	   Cpus                 :     0.99        1         1 
	   Disk (KB)            :     1           1    245927 
	   Memory (MB)          :    50           1      1005 
...
000 (29707.098.000) 01/31 14:36:19 Job submitted from host: <172.16.11.200:9618?addrs=172.16.11.200-9618&noUDP&sock=14877_46f2_4>
...
009 (29707.098.000) 01/31 16:16:03 Job was aborted by the user.
	via condor_rm (by user zhangliang)
...
000 (29725.098.000) 01/31 16:16:10 Job submitted from host: <172.16.11.200:9618?addrs=172.16.11.200-9618&noUDP&sock=14877_46f2_4>
...
001 (29725.098.000) 01/31 19:30:36 Job executing on host: <172.16.11.234:9618?addrs=172.16.11.234-9618&alias=pc-farm4&noUDP&sock=startd_5195_3aff>
...
006 (29725.098.000) 01/31 19:30:45 Image size of job updated: 437416
	49  -  MemoryUsage of job (MB)
	49724  -  ResidentSetSize of job (KB)
...
006 (29725.098.000) 01/31 19:45:47 Image size of job updated: 438196
	49  -  MemoryUsage of job (MB)
	49728  -  ResidentSetSize of job (KB)
...
004 (29725.098.000) 01/31 21:11:59 Job was evicted.
	(0) CPU times
		Usr 0 01:41:21, Sys 0 00:00:00  -  Run Remote Usage
		Usr 0 00:00:00, Sys 0 00:00:00  -  Run Local Usage
	0  -  Run Bytes Sent By Job
	0  -  Run Bytes Received By Job
	Partitionable Resources :    Usage  Request Allocated 
	   Cpus                 :     1.00        1         1 
	   Disk (KB)            :     1           1    255907 
	   Memory (MB)          :    49           1       999 
...
009 (29725.098.000) 01/31 21:11:59 Job was aborted by the user.
	via condor_rm (by user zhangliang)
...
