000 (28203.014.000) 12/31 10:12:06 Job submitted from host: <172.16.11.200:9618?addrs=172.16.11.200-9618&noUDP&sock=14877_46f2_4>
...
001 (28203.014.000) 12/31 10:12:12 Job executing on host: <172.16.11.233:9618?addrs=172.16.11.233-9618&alias=pc-farm3&noUDP&sock=startd_4556_edfa>
...
006 (28203.014.000) 12/31 10:12:20 Image size of job updated: 37936
	38  -  MemoryUsage of job (MB)
	37936  -  ResidentSetSize of job (KB)
...
006 (28203.014.000) 12/31 10:22:22 Image size of job updated: 38020
	38  -  MemoryUsage of job (MB)
	38020  -  ResidentSetSize of job (KB)
...
006 (28203.014.000) 12/31 10:32:22 Image size of job updated: 38096
	38  -  MemoryUsage of job (MB)
	38096  -  ResidentSetSize of job (KB)
...
006 (28203.014.000) 12/31 10:42:24 Image size of job updated: 38268
	38  -  MemoryUsage of job (MB)
	38268  -  ResidentSetSize of job (KB)
...
006 (28203.014.000) 12/31 10:47:24 Image size of job updated: 38392
	38  -  MemoryUsage of job (MB)
	38392  -  ResidentSetSize of job (KB)
...
006 (28203.014.000) 12/31 10:52:24 Image size of job updated: 38480
	38  -  MemoryUsage of job (MB)
	38480  -  ResidentSetSize of job (KB)
...
006 (28203.014.000) 12/31 11:02:25 Image size of job updated: 38656
	38  -  MemoryUsage of job (MB)
	38656  -  ResidentSetSize of job (KB)
...
006 (28203.014.000) 12/31 11:07:25 Image size of job updated: 38748
	38  -  MemoryUsage of job (MB)
	38748  -  ResidentSetSize of job (KB)
...
006 (28203.014.000) 12/31 11:17:27 Image size of job updated: 38940
	39  -  MemoryUsage of job (MB)
	38940  -  ResidentSetSize of job (KB)
...
006 (28203.014.000) 12/31 11:22:27 Image size of job updated: 39020
	39  -  MemoryUsage of job (MB)
	39020  -  ResidentSetSize of job (KB)
...
006 (28203.014.000) 12/31 11:32:29 Image size of job updated: 39208
	39  -  MemoryUsage of job (MB)
	39208  -  ResidentSetSize of job (KB)
...
006 (28203.014.000) 12/31 11:42:29 Image size of job updated: 39240
	39  -  MemoryUsage of job (MB)
	39240  -  ResidentSetSize of job (KB)
...
006 (28203.014.000) 12/31 11:47:30 Image size of job updated: 39476
	39  -  MemoryUsage of job (MB)
	39476  -  ResidentSetSize of job (KB)
...
006 (28203.014.000) 12/31 11:52:30 Image size of job updated: 39552
	39  -  MemoryUsage of job (MB)
	39552  -  ResidentSetSize of job (KB)
...
006 (28203.014.000) 12/31 11:57:30 Image size of job updated: 39632
	39  -  MemoryUsage of job (MB)
	39632  -  ResidentSetSize of job (KB)
...
006 (28203.014.000) 12/31 12:02:31 Image size of job updated: 39744
	39  -  MemoryUsage of job (MB)
	39744  -  ResidentSetSize of job (KB)
...
006 (28203.014.000) 12/31 12:12:32 Image size of job updated: 39776
	39  -  MemoryUsage of job (MB)
	39776  -  ResidentSetSize of job (KB)
...
006 (28203.014.000) 12/31 12:17:32 Image size of job updated: 39888
	39  -  MemoryUsage of job (MB)
	39888  -  ResidentSetSize of job (KB)
...
006 (28203.014.000) 12/31 12:22:33 Image size of job updated: 39964
	40  -  MemoryUsage of job (MB)
	39964  -  ResidentSetSize of job (KB)
...
006 (28203.014.000) 12/31 12:27:33 Image size of job updated: 40044
	40  -  MemoryUsage of job (MB)
	40044  -  ResidentSetSize of job (KB)
...
006 (28203.014.000) 12/31 12:32:33 Image size of job updated: 40248
	40  -  MemoryUsage of job (MB)
	40248  -  ResidentSetSize of job (KB)
...
005 (28203.014.000) 12/31 12:38:56 Job terminated.
	(1) Normal termination (return value 0)
		Usr 0 02:23:04, Sys 0 00:00:03  -  Run Remote Usage
		Usr 0 00:00:00, Sys 0 00:00:00  -  Run Local Usage
		Usr 0 02:23:04, Sys 0 00:00:03  -  Total Remote Usage
		Usr 0 00:00:00, Sys 0 00:00:00  -  Total Local Usage
	0  -  Run Bytes Sent By Job
	0  -  Run Bytes Received By Job
	0  -  Total Bytes Sent By Job
	0  -  Total Bytes Received By Job
	Partitionable Resources :    Usage  Request Allocated 
	   Cpus                 :     0.98        1         1 
	   Disk (KB)            :     1           1    254050 
	   Memory (MB)          :    40           1      1005 
...
000 (28206.014.000) 12/31 14:09:35 Job submitted from host: <172.16.11.200:9618?addrs=172.16.11.200-9618&noUDP&sock=14877_46f2_4>
...
001 (28206.014.000) 12/31 14:14:37 Job executing on host: <172.16.11.231:9618?addrs=172.16.11.231-9618&noUDP&sock=startd_22895_f54e_4>
...
006 (28206.014.000) 12/31 14:14:46 Image size of job updated: 35052
	35  -  MemoryUsage of job (MB)
	35052  -  ResidentSetSize of job (KB)
...
006 (28206.014.000) 01/01 01:25:54 Image size of job updated: 35808
	35  -  MemoryUsage of job (MB)
	35808  -  ResidentSetSize of job (KB)
...
005 (28206.014.000) 01/01 10:55:50 Job terminated.
	(1) Normal termination (return value 0)
		Usr 0 20:40:53, Sys 0 00:00:01  -  Run Remote Usage
		Usr 0 00:00:00, Sys 0 00:00:00  -  Run Local Usage
		Usr 0 20:40:53, Sys 0 00:00:01  -  Total Remote Usage
		Usr 0 00:00:00, Sys 0 00:00:00  -  Total Local Usage
	0  -  Run Bytes Sent By Job
	0  -  Run Bytes Received By Job
	0  -  Total Bytes Sent By Job
	0  -  Total Bytes Received By Job
	Partitionable Resources :    Usage  Request Allocated 
	   Cpus                 :     1.00        1         1 
	   Disk (KB)            :     1           1    241059 
	   Memory (MB)          :    35           1      2008 
...
000 (28248.014.000) 01/05 15:45:55 Job submitted from host: <172.16.11.200:9618?addrs=172.16.11.200-9618&noUDP&sock=14877_46f2_4>
...
001 (28248.014.000) 01/05 16:25:40 Job executing on host: <172.16.11.233:9618?addrs=172.16.11.233-9618&alias=pc-farm3&noUDP&sock=startd_4556_edfa>
...
006 (28248.014.000) 01/05 16:25:48 Image size of job updated: 38972
	39  -  MemoryUsage of job (MB)
	38972  -  ResidentSetSize of job (KB)
...
006 (28248.014.000) 01/05 17:30:54 Image size of job updated: 39036
	39  -  MemoryUsage of job (MB)
	39036  -  ResidentSetSize of job (KB)
...
006 (28248.014.000) 01/05 17:55:56 Image size of job updated: 39052
	39  -  MemoryUsage of job (MB)
	39052  -  ResidentSetSize of job (KB)
...
006 (28248.014.000) 01/05 18:00:57 Image size of job updated: 39200
	39  -  MemoryUsage of job (MB)
	39200  -  ResidentSetSize of job (KB)
...
006 (28248.014.000) 01/05 18:10:58 Image size of job updated: 39244
	39  -  MemoryUsage of job (MB)
	39244  -  ResidentSetSize of job (KB)
...
006 (28248.014.000) 01/05 18:41:00 Image size of job updated: 39376
	39  -  MemoryUsage of job (MB)
	39376  -  ResidentSetSize of job (KB)
...
006 (28248.014.000) 01/05 19:01:02 Image size of job updated: 39496
	39  -  MemoryUsage of job (MB)
	39496  -  ResidentSetSize of job (KB)
...
006 (28248.014.000) 01/05 19:16:04 Image size of job updated: 39564
	39  -  MemoryUsage of job (MB)
	39564  -  ResidentSetSize of job (KB)
...
006 (28248.014.000) 01/05 19:36:06 Image size of job updated: 39652
	39  -  MemoryUsage of job (MB)
	39652  -  ResidentSetSize of job (KB)
...
006 (28248.014.000) 01/05 19:46:06 Image size of job updated: 39728
	39  -  MemoryUsage of job (MB)
	39728  -  ResidentSetSize of job (KB)
...
006 (28248.014.000) 01/05 19:56:07 Image size of job updated: 39768
	39  -  MemoryUsage of job (MB)
	39768  -  ResidentSetSize of job (KB)
...
006 (28248.014.000) 01/05 20:21:10 Image size of job updated: 39884
	39  -  MemoryUsage of job (MB)
	39884  -  ResidentSetSize of job (KB)
...
006 (28248.014.000) 01/05 20:31:11 Image size of job updated: 39928
	39  -  MemoryUsage of job (MB)
	39928  -  ResidentSetSize of job (KB)
...
006 (28248.014.000) 01/05 20:56:13 Image size of job updated: 39940
	40  -  MemoryUsage of job (MB)
	39940  -  ResidentSetSize of job (KB)
...
006 (28248.014.000) 01/05 21:01:13 Image size of job updated: 39960
	40  -  MemoryUsage of job (MB)
	39960  -  ResidentSetSize of job (KB)
...
006 (28248.014.000) 01/05 21:06:13 Image size of job updated: 40108
	40  -  MemoryUsage of job (MB)
	40108  -  ResidentSetSize of job (KB)
...
006 (28248.014.000) 01/05 21:21:15 Image size of job updated: 40168
	40  -  MemoryUsage of job (MB)
	40168  -  ResidentSetSize of job (KB)
...
006 (28248.014.000) 01/05 21:26:16 Image size of job updated: 40196
	40  -  MemoryUsage of job (MB)
	40196  -  ResidentSetSize of job (KB)
...
006 (28248.014.000) 01/05 21:46:18 Image size of job updated: 40320
	40  -  MemoryUsage of job (MB)
	40320  -  ResidentSetSize of job (KB)
...
006 (28248.014.000) 01/05 21:51:18 Image size of job updated: 40332
	40  -  MemoryUsage of job (MB)
	40332  -  ResidentSetSize of job (KB)
...
006 (28248.014.000) 01/05 21:56:18 Image size of job updated: 40356
	40  -  MemoryUsage of job (MB)
	40356  -  ResidentSetSize of job (KB)
...
006 (28248.014.000) 01/05 22:01:20 Image size of job updated: 40432
	40  -  MemoryUsage of job (MB)
	40432  -  ResidentSetSize of job (KB)
...
006 (28248.014.000) 01/05 22:06:20 Image size of job updated: 40484
	40  -  MemoryUsage of job (MB)
	40484  -  ResidentSetSize of job (KB)
...
006 (28248.014.000) 01/05 22:11:20 Image size of job updated: 40512
	40  -  MemoryUsage of job (MB)
	40512  -  ResidentSetSize of job (KB)
...
006 (28248.014.000) 01/05 22:21:22 Image size of job updated: 40572
	40  -  MemoryUsage of job (MB)
	40572  -  ResidentSetSize of job (KB)
...
006 (28248.014.000) 01/05 22:31:23 Image size of job updated: 40748
	40  -  MemoryUsage of job (MB)
	40748  -  ResidentSetSize of job (KB)
...
006 (28248.014.000) 01/05 22:41:24 Image size of job updated: 40836
	40  -  MemoryUsage of job (MB)
	40836  -  ResidentSetSize of job (KB)
...
006 (28248.014.000) 01/05 23:01:26 Image size of job updated: 40852
	40  -  MemoryUsage of job (MB)
	40852  -  ResidentSetSize of job (KB)
...
006 (28248.014.000) 01/05 23:06:27 Image size of job updated: 40880
	40  -  MemoryUsage of job (MB)
	40880  -  ResidentSetSize of job (KB)
...
006 (28248.014.000) 01/05 23:11:28 Image size of job updated: 40904
	40  -  MemoryUsage of job (MB)
	40904  -  ResidentSetSize of job (KB)
...
006 (28248.014.000) 01/05 23:16:28 Image size of job updated: 40964
	41  -  MemoryUsage of job (MB)
	40964  -  ResidentSetSize of job (KB)
...
006 (28248.014.000) 01/05 23:31:30 Image size of job updated: 41032
	41  -  MemoryUsage of job (MB)
	41032  -  ResidentSetSize of job (KB)
...
006 (28248.014.000) 01/06 00:11:35 Image size of job updated: 41072
	41  -  MemoryUsage of job (MB)
	41072  -  ResidentSetSize of job (KB)
...
006 (28248.014.000) 01/06 00:16:35 Image size of job updated: 41092
	41  -  MemoryUsage of job (MB)
	41092  -  ResidentSetSize of job (KB)
...
006 (28248.014.000) 01/06 00:21:36 Image size of job updated: 41240
	41  -  MemoryUsage of job (MB)
	41240  -  ResidentSetSize of job (KB)
...
005 (28248.014.000) 01/06 00:29:57 Job terminated.
	(1) Normal termination (return value 0)
		Usr 0 07:57:02, Sys 0 00:00:05  -  Run Remote Usage
		Usr 0 00:00:00, Sys 0 00:00:00  -  Run Local Usage
		Usr 0 07:57:02, Sys 0 00:00:05  -  Total Remote Usage
		Usr 0 00:00:00, Sys 0 00:00:00  -  Total Local Usage
	0  -  Run Bytes Sent By Job
	0  -  Run Bytes Received By Job
	0  -  Total Bytes Sent By Job
	0  -  Total Bytes Received By Job
	Partitionable Resources :    Usage  Request Allocated 
	   Cpus                 :     0.99        1         1 
	   Disk (KB)            :     1           1    254050 
	   Memory (MB)          :    41           1      1005 
...
000 (28271.014.000) 01/06 15:26:51 Job submitted from host: <172.16.11.200:9618?addrs=172.16.11.200-9618&noUDP&sock=14877_46f2_4>
...
009 (28271.014.000) 01/06 15:47:44 Job was aborted by the user.
	via condor_rm (by user zhangliang)
...
000 (29325.014.000) 01/22 22:42:18 Job submitted from host: <172.16.11.200:9618?addrs=172.16.11.200-9618&noUDP&sock=14877_46f2_4>
...
001 (29325.014.000) 01/23 03:41:35 Job executing on host: <172.16.11.231:9618?addrs=172.16.11.231-9618&noUDP&sock=startd_22895_f54e_4>
...
006 (29325.014.000) 01/23 03:41:43 Image size of job updated: 35680
	35  -  MemoryUsage of job (MB)
	35680  -  ResidentSetSize of job (KB)
...
006 (29325.014.000) 01/23 05:36:55 Image size of job updated: 35784
	35  -  MemoryUsage of job (MB)
	35784  -  ResidentSetSize of job (KB)
...
005 (29325.014.000) 01/23 18:42:32 Job terminated.
	(1) Normal termination (return value 0)
		Usr 0 15:00:53, Sys 0 00:00:01  -  Run Remote Usage
		Usr 0 00:00:00, Sys 0 00:00:00  -  Run Local Usage
		Usr 0 15:00:53, Sys 0 00:00:01  -  Total Remote Usage
		Usr 0 00:00:00, Sys 0 00:00:00  -  Total Local Usage
	0  -  Run Bytes Sent By Job
	0  -  Run Bytes Received By Job
	0  -  Total Bytes Sent By Job
	0  -  Total Bytes Received By Job
	Partitionable Resources :    Usage  Request Allocated 
	   Cpus                 :     1.00        1         1 
	   Disk (KB)            :     1           1    241059 
	   Memory (MB)          :    35           1      2008 
...
000 (29520.014.000) 01/25 22:31:41 Job submitted from host: <172.16.11.200:9618?addrs=172.16.11.200-9618&noUDP&sock=14877_46f2_4>
...
001 (29520.014.000) 01/25 22:46:43 Job executing on host: <172.16.11.231:9618?addrs=172.16.11.231-9618&noUDP&sock=startd_22895_f54e_4>
...
006 (29520.014.000) 01/25 22:46:51 Image size of job updated: 36320
	36  -  MemoryUsage of job (MB)
	36320  -  ResidentSetSize of job (KB)
...
006 (29520.014.000) 01/26 04:47:28 Image size of job updated: 36608
	36  -  MemoryUsage of job (MB)
	36608  -  ResidentSetSize of job (KB)
...
004 (29520.014.000) 01/26 14:06:27 Job was evicted.
	(0) CPU times
		Usr 0 15:10:41, Sys 0 00:00:06  -  Run Remote Usage
		Usr 0 00:00:00, Sys 0 00:00:00  -  Run Local Usage
	0  -  Run Bytes Sent By Job
	0  -  Run Bytes Received By Job
	Partitionable Resources :    Usage  Request Allocated 
	   Cpus                 :     1.00        1         1 
	   Disk (KB)            :     1           1    241059 
	   Memory (MB)          :    36           1      2008 
...
009 (29520.014.000) 01/26 14:06:28 Job was aborted by the user.
	via condor_rm (by user zhangliang)
...
000 (29539.014.000) 01/26 14:07:21 Job submitted from host: <172.16.11.200:9618?addrs=172.16.11.200-9618&noUDP&sock=14877_46f2_4>
...
001 (29539.014.000) 01/26 14:18:23 Job executing on host: <172.16.11.231:9618?addrs=172.16.11.231-9618&noUDP&sock=startd_22895_f54e_4>
...
006 (29539.014.000) 01/26 14:18:32 Image size of job updated: 36996
	36  -  MemoryUsage of job (MB)
	36336  -  ResidentSetSize of job (KB)
...
006 (29539.014.000) 01/26 14:28:32 Image size of job updated: 37128
	36  -  MemoryUsage of job (MB)
	36336  -  ResidentSetSize of job (KB)
...
006 (29539.014.000) 01/26 14:38:33 Image size of job updated: 37260
	36  -  MemoryUsage of job (MB)
	36336  -  ResidentSetSize of job (KB)
...
006 (29539.014.000) 01/26 15:03:35 Image size of job updated: 37524
	36  -  MemoryUsage of job (MB)
	36336  -  ResidentSetSize of job (KB)
...
006 (29539.014.000) 01/26 16:13:43 Image size of job updated: 37920
	36  -  MemoryUsage of job (MB)
	36336  -  ResidentSetSize of job (KB)
...
006 (29539.014.000) 01/26 16:33:45 Image size of job updated: 38316
	36  -  MemoryUsage of job (MB)
	36336  -  ResidentSetSize of job (KB)
...
006 (29539.014.000) 01/26 18:58:59 Image size of job updated: 38448
	36  -  MemoryUsage of job (MB)
	36336  -  ResidentSetSize of job (KB)
...
006 (29539.014.000) 01/26 19:59:06 Image size of job updated: 38580
	36  -  MemoryUsage of job (MB)
	36336  -  ResidentSetSize of job (KB)
...
006 (29539.014.000) 01/26 20:19:08 Image size of job updated: 38712
	36  -  MemoryUsage of job (MB)
	36336  -  ResidentSetSize of job (KB)
...
006 (29539.014.000) 01/26 20:39:10 Image size of job updated: 38820
	36  -  MemoryUsage of job (MB)
	36444  -  ResidentSetSize of job (KB)
...
006 (29539.014.000) 01/26 21:14:13 Image size of job updated: 38952
	36  -  MemoryUsage of job (MB)
	36444  -  ResidentSetSize of job (KB)
...
006 (29539.014.000) 01/26 21:59:17 Image size of job updated: 39216
	36  -  MemoryUsage of job (MB)
	36444  -  ResidentSetSize of job (KB)
...
006 (29539.014.000) 01/26 22:04:18 Image size of job updated: 40140
	36  -  MemoryUsage of job (MB)
	36444  -  ResidentSetSize of job (KB)
...
006 (29539.014.000) 01/26 22:14:19 Image size of job updated: 40536
	36  -  MemoryUsage of job (MB)
	36444  -  ResidentSetSize of job (KB)
...
006 (29539.014.000) 01/26 22:49:24 Image size of job updated: 40668
	36  -  MemoryUsage of job (MB)
	36444  -  ResidentSetSize of job (KB)
...
006 (29539.014.000) 01/26 23:14:27 Image size of job updated: 41064
	36  -  MemoryUsage of job (MB)
	36444  -  ResidentSetSize of job (KB)
...
006 (29539.014.000) 01/26 23:19:27 Image size of job updated: 41328
	36  -  MemoryUsage of job (MB)
	36444  -  ResidentSetSize of job (KB)
...
006 (29539.014.000) 01/26 23:24:28 Image size of job updated: 41460
	36  -  MemoryUsage of job (MB)
	36444  -  ResidentSetSize of job (KB)
...
006 (29539.014.000) 01/26 23:39:30 Image size of job updated: 41724
	36  -  MemoryUsage of job (MB)
	36444  -  ResidentSetSize of job (KB)
...
006 (29539.014.000) 01/26 23:54:31 Image size of job updated: 41988
	36  -  MemoryUsage of job (MB)
	36444  -  ResidentSetSize of job (KB)
...
006 (29539.014.000) 01/26 23:59:32 Image size of job updated: 42120
	36  -  MemoryUsage of job (MB)
	36444  -  ResidentSetSize of job (KB)
...
006 (29539.014.000) 01/27 00:04:33 Image size of job updated: 42384
	36  -  MemoryUsage of job (MB)
	36444  -  ResidentSetSize of job (KB)
...
006 (29539.014.000) 01/27 00:09:33 Image size of job updated: 42648
	36  -  MemoryUsage of job (MB)
	36444  -  ResidentSetSize of job (KB)
...
006 (29539.014.000) 01/27 00:19:34 Image size of job updated: 42780
	36  -  MemoryUsage of job (MB)
	36444  -  ResidentSetSize of job (KB)
...
006 (29539.014.000) 01/27 00:24:35 Image size of job updated: 42912
	36  -  MemoryUsage of job (MB)
	36444  -  ResidentSetSize of job (KB)
...
006 (29539.014.000) 01/27 00:29:35 Image size of job updated: 43044
	36  -  MemoryUsage of job (MB)
	36444  -  ResidentSetSize of job (KB)
...
006 (29539.014.000) 01/27 00:44:37 Image size of job updated: 43308
	36  -  MemoryUsage of job (MB)
	36444  -  ResidentSetSize of job (KB)
...
006 (29539.014.000) 01/27 01:14:41 Image size of job updated: 43440
	36  -  MemoryUsage of job (MB)
	36444  -  ResidentSetSize of job (KB)
...
006 (29539.014.000) 01/27 01:24:41 Image size of job updated: 43704
	36  -  MemoryUsage of job (MB)
	36444  -  ResidentSetSize of job (KB)
...
006 (29539.014.000) 01/27 01:29:41 Image size of job updated: 43836
	36  -  MemoryUsage of job (MB)
	36444  -  ResidentSetSize of job (KB)
...
006 (29539.014.000) 01/27 02:04:45 Image size of job updated: 44232
	36  -  MemoryUsage of job (MB)
	36444  -  ResidentSetSize of job (KB)
...
006 (29539.014.000) 01/27 02:14:46 Image size of job updated: 44364
	36  -  MemoryUsage of job (MB)
	36444  -  ResidentSetSize of job (KB)
...
006 (29539.014.000) 01/27 02:19:47 Image size of job updated: 44628
	36  -  MemoryUsage of job (MB)
	36444  -  ResidentSetSize of job (KB)
...
006 (29539.014.000) 01/27 02:39:49 Image size of job updated: 45552
	36  -  MemoryUsage of job (MB)
	36444  -  ResidentSetSize of job (KB)
...
006 (29539.014.000) 01/27 02:54:51 Image size of job updated: 45684
	36  -  MemoryUsage of job (MB)
	36444  -  ResidentSetSize of job (KB)
...
006 (29539.014.000) 01/27 02:59:52 Image size of job updated: 45948
	36  -  MemoryUsage of job (MB)
	36444  -  ResidentSetSize of job (KB)
...
006 (29539.014.000) 01/27 03:19:53 Image size of job updated: 46080
	36  -  MemoryUsage of job (MB)
	36444  -  ResidentSetSize of job (KB)
...
006 (29539.014.000) 01/27 04:45:01 Image size of job updated: 47004
	36  -  MemoryUsage of job (MB)
	36444  -  ResidentSetSize of job (KB)
...
006 (29539.014.000) 01/27 04:55:02 Image size of job updated: 47136
	36  -  MemoryUsage of job (MB)
	36444  -  ResidentSetSize of job (KB)
...
005 (29539.014.000) 01/27 05:42:49 Job terminated.
	(1) Normal termination (return value 0)
		Usr 0 15:21:13, Sys 0 00:00:29  -  Run Remote Usage
		Usr 0 00:00:00, Sys 0 00:00:00  -  Run Local Usage
		Usr 0 15:21:13, Sys 0 00:00:29  -  Total Remote Usage
		Usr 0 00:00:00, Sys 0 00:00:00  -  Total Local Usage
	0  -  Run Bytes Sent By Job
	0  -  Run Bytes Received By Job
	0  -  Total Bytes Sent By Job
	0  -  Total Bytes Received By Job
	Partitionable Resources :    Usage  Request Allocated 
	   Cpus                 :     1.01        1         1 
	   Disk (KB)            :     1           1    241059 
	   Memory (MB)          :    36           1      2008 
...
000 (29554.014.000) 01/27 10:11:07 Job submitted from host: <172.16.11.200:9618?addrs=172.16.11.200-9618&noUDP&sock=14877_46f2_4>
...
001 (29554.014.000) 01/27 10:20:19 Job executing on host: <172.16.11.231:9618?addrs=172.16.11.231-9618&noUDP&sock=startd_22895_f54e_4>
...
006 (29554.014.000) 01/27 10:20:28 Image size of job updated: 35860
	36  -  MemoryUsage of job (MB)
	35860  -  ResidentSetSize of job (KB)
...
006 (29554.014.000) 01/27 15:22:39 Image size of job updated: 424264
	36  -  MemoryUsage of job (MB)
	35860  -  ResidentSetSize of job (KB)
...
005 (29554.014.000) 01/27 15:22:39 Job terminated.
	(1) Normal termination (return value 0)
		Usr 0 05:02:12, Sys 0 00:00:06  -  Run Remote Usage
		Usr 0 00:00:00, Sys 0 00:00:00  -  Run Local Usage
		Usr 0 05:02:12, Sys 0 00:00:06  -  Total Remote Usage
		Usr 0 00:00:00, Sys 0 00:00:00  -  Total Local Usage
	0  -  Run Bytes Sent By Job
	0  -  Run Bytes Received By Job
	0  -  Total Bytes Sent By Job
	0  -  Total Bytes Received By Job
	Partitionable Resources :    Usage  Request Allocated 
	   Cpus                 :     1.00        1         1 
	   Disk (KB)            :     1           1    241059 
	   Memory (MB)          :    36           1      2008 
...
000 (29604.014.000) 01/27 21:59:06 Job submitted from host: <172.16.11.200:9618?addrs=172.16.11.200-9618&noUDP&sock=14877_46f2_4>
...
001 (29604.014.000) 01/28 09:46:04 Job executing on host: <172.16.11.234:9618?addrs=172.16.11.234-9618&alias=pc-farm4&noUDP&sock=startd_5195_3aff>
...
006 (29604.014.000) 01/28 09:46:12 Image size of job updated: 423580
	36  -  MemoryUsage of job (MB)
	35880  -  ResidentSetSize of job (KB)
...
006 (29604.014.000) 01/28 09:56:14 Image size of job updated: 424360
	36  -  MemoryUsage of job (MB)
	35884  -  ResidentSetSize of job (KB)
...
005 (29604.014.000) 01/28 14:30:57 Job terminated.
	(1) Normal termination (return value 0)
		Usr 0 04:44:35, Sys 0 00:00:03  -  Run Remote Usage
		Usr 0 00:00:00, Sys 0 00:00:00  -  Run Local Usage
		Usr 0 04:44:35, Sys 0 00:00:03  -  Total Remote Usage
		Usr 0 00:00:00, Sys 0 00:00:00  -  Total Local Usage
	0  -  Run Bytes Sent By Job
	0  -  Run Bytes Received By Job
	0  -  Total Bytes Sent By Job
	0  -  Total Bytes Received By Job
	Partitionable Resources :    Usage  Request Allocated 
	   Cpus                 :     1.00        1         1 
	   Disk (KB)            :     1           1    255907 
	   Memory (MB)          :    36           1       999 
...
000 (29616.014.000) 01/28 14:59:33 Job submitted from host: <172.16.11.200:9618?addrs=172.16.11.200-9618&noUDP&sock=14877_46f2_4>
...
009 (29616.014.000) 01/28 15:00:12 Job was aborted by the user.
	via condor_rm (by user zhangliang)
...
000 (29617.014.000) 01/28 15:01:04 Job submitted from host: <172.16.11.200:9618?addrs=172.16.11.200-9618&noUDP&sock=14877_46f2_4>
...
001 (29617.014.000) 01/28 15:03:14 Job executing on host: <172.16.11.234:9618?addrs=172.16.11.234-9618&alias=pc-farm4&noUDP&sock=startd_5195_3aff>
...
006 (29617.014.000) 01/28 15:03:23 Image size of job updated: 423584
	36  -  MemoryUsage of job (MB)
	35896  -  ResidentSetSize of job (KB)
...
006 (29617.014.000) 01/28 15:13:23 Image size of job updated: 424368
	36  -  MemoryUsage of job (MB)
	35900  -  ResidentSetSize of job (KB)
...
005 (29617.014.000) 01/28 16:50:45 Job terminated.
	(1) Normal termination (return value 0)
		Usr 0 01:47:29, Sys 0 00:00:00  -  Run Remote Usage
		Usr 0 00:00:00, Sys 0 00:00:00  -  Run Local Usage
		Usr 0 01:47:29, Sys 0 00:00:00  -  Total Remote Usage
		Usr 0 00:00:00, Sys 0 00:00:00  -  Total Local Usage
	0  -  Run Bytes Sent By Job
	0  -  Run Bytes Received By Job
	0  -  Total Bytes Sent By Job
	0  -  Total Bytes Received By Job
	Partitionable Resources :    Usage  Request Allocated 
	   Cpus                 :     1.00        1         1 
	   Disk (KB)            :     1           1    255907 
	   Memory (MB)          :    36           1       999 
...
000 (29696.014.000) 01/30 20:13:16 Job submitted from host: <172.16.11.200:9618?addrs=172.16.11.200-9618&noUDP&sock=14877_46f2_4>
...
001 (29696.014.000) 01/30 21:38:02 Job executing on host: <172.16.11.231:9618?addrs=172.16.11.231-9618&noUDP&sock=startd_22895_f54e_4>
...
006 (29696.014.000) 01/30 21:38:11 Image size of job updated: 35708
	35  -  MemoryUsage of job (MB)
	35708  -  ResidentSetSize of job (KB)
...
005 (29696.014.000) 01/30 23:36:29 Job terminated.
	(1) Normal termination (return value 0)
		Usr 0 01:58:25, Sys 0 00:00:01  -  Run Remote Usage
		Usr 0 00:00:00, Sys 0 00:00:00  -  Run Local Usage
		Usr 0 01:58:25, Sys 0 00:00:01  -  Total Remote Usage
		Usr 0 00:00:00, Sys 0 00:00:00  -  Total Local Usage
	0  -  Run Bytes Sent By Job
	0  -  Run Bytes Received By Job
	0  -  Total Bytes Sent By Job
	0  -  Total Bytes Received By Job
	Partitionable Resources :    Usage  Request Allocated 
	   Cpus                 :     1.00        1         1 
	   Disk (KB)            :     1           1    241059 
	   Memory (MB)          :    35           1      2008 
...
000 (29706.014.000) 01/31 10:47:03 Job submitted from host: <172.16.11.200:9618?addrs=172.16.11.200-9618&noUDP&sock=14877_46f2_4>
...
001 (29706.014.000) 01/31 10:50:06 Job executing on host: <172.16.11.232:9618?addrs=172.16.11.232-9618&alias=pc-farm2&noUDP&sock=startd_4986_dfb4_4>
...
006 (29706.014.000) 01/31 10:50:15 Image size of job updated: 49812
	49  -  MemoryUsage of job (MB)
	49812  -  ResidentSetSize of job (KB)
...
006 (29706.014.000) 01/31 12:20:24 Image size of job updated: 49864
	49  -  MemoryUsage of job (MB)
	49864  -  ResidentSetSize of job (KB)
...
006 (29706.014.000) 01/31 12:22:12 Image size of job updated: 438232
	49  -  MemoryUsage of job (MB)
	49864  -  ResidentSetSize of job (KB)
...
005 (29706.014.000) 01/31 12:22:17 Job terminated.
	(1) Normal termination (return value 0)
		Usr 0 01:31:34, Sys 0 00:00:04  -  Run Remote Usage
		Usr 0 00:00:00, Sys 0 00:00:00  -  Run Local Usage
		Usr 0 01:31:34, Sys 0 00:00:04  -  Total Remote Usage
		Usr 0 00:00:00, Sys 0 00:00:00  -  Total Local Usage
	0  -  Run Bytes Sent By Job
	0  -  Run Bytes Received By Job
	0  -  Total Bytes Sent By Job
	0  -  Total Bytes Received By Job
	Partitionable Resources :    Usage  Request Allocated 
	   Cpus                 :     0.99        1         1 
	   Disk (KB)            :     1           1    245927 
	   Memory (MB)          :    49           1      1005 
...
000 (29707.014.000) 01/31 14:36:19 Job submitted from host: <172.16.11.200:9618?addrs=172.16.11.200-9618&noUDP&sock=14877_46f2_4>
...
001 (29707.014.000) 01/31 15:07:29 Job executing on host: <172.16.11.231:9618?addrs=172.16.11.231-9618&noUDP&sock=startd_22895_f54e_4>
...
006 (29707.014.000) 01/31 15:07:39 Image size of job updated: 49864
	49  -  MemoryUsage of job (MB)
	49864  -  ResidentSetSize of job (KB)
...
006 (29707.014.000) 01/31 16:16:03 Image size of job updated: 438100
	49  -  MemoryUsage of job (MB)
	49864  -  ResidentSetSize of job (KB)
...
004 (29707.014.000) 01/31 16:16:03 Job was evicted.
	(0) CPU times
		Usr 0 01:08:30, Sys 0 00:00:03  -  Run Remote Usage
		Usr 0 00:00:00, Sys 0 00:00:00  -  Run Local Usage
	0  -  Run Bytes Sent By Job
	0  -  Run Bytes Received By Job
	Partitionable Resources :    Usage  Request Allocated 
	   Cpus                 :     1.00        1         1 
	   Disk (KB)            :     1           1    241059 
	   Memory (MB)          :    49           1      2008 
...
009 (29707.014.000) 01/31 16:16:03 Job was aborted by the user.
	via condor_rm (by user zhangliang)
...
000 (29725.014.000) 01/31 16:16:10 Job submitted from host: <172.16.11.200:9618?addrs=172.16.11.200-9618&noUDP&sock=14877_46f2_4>
...
001 (29725.014.000) 01/31 18:30:22 Job executing on host: <172.16.11.231:9618?addrs=172.16.11.231-9618&noUDP&sock=startd_22895_f54e_4>
...
006 (29725.014.000) 01/31 18:30:31 Image size of job updated: 50076
	49  -  MemoryUsage of job (MB)
	50076  -  ResidentSetSize of job (KB)
...
006 (29725.014.000) 01/31 18:55:33 Image size of job updated: 50080
	49  -  MemoryUsage of job (MB)
	50080  -  ResidentSetSize of job (KB)
...
006 (29725.014.000) 01/31 20:02:23 Image size of job updated: 438100
	49  -  MemoryUsage of job (MB)
	50080  -  ResidentSetSize of job (KB)
...
005 (29725.014.000) 01/31 20:02:23 Job terminated.
	(1) Normal termination (return value 0)
		Usr 0 01:32:00, Sys 0 00:00:00  -  Run Remote Usage
		Usr 0 00:00:00, Sys 0 00:00:00  -  Run Local Usage
		Usr 0 01:32:00, Sys 0 00:00:00  -  Total Remote Usage
		Usr 0 00:00:00, Sys 0 00:00:00  -  Total Local Usage
	0  -  Run Bytes Sent By Job
	0  -  Run Bytes Received By Job
	0  -  Total Bytes Sent By Job
	0  -  Total Bytes Received By Job
	Partitionable Resources :    Usage  Request Allocated 
	   Cpus                 :     1.00        1         1 
	   Disk (KB)            :     1           1    241059 
	   Memory (MB)          :    49           1      2008 
...
