000 (28203.046.000) 12/31 10:12:06 Job submitted from host: <172.16.11.200:9618?addrs=172.16.11.200-9618&noUDP&sock=14877_46f2_4>
...
001 (28203.046.000) 12/31 10:12:10 Job executing on host: <172.16.11.231:9618?addrs=172.16.11.231-9618&noUDP&sock=startd_22895_f54e_4>
...
006 (28203.046.000) 12/31 10:12:19 Image size of job updated: 35000
	35  -  MemoryUsage of job (MB)
	35000  -  ResidentSetSize of job (KB)
...
006 (28203.046.000) 12/31 10:17:19 Image size of job updated: 35112
	35  -  MemoryUsage of job (MB)
	35112  -  ResidentSetSize of job (KB)
...
006 (28203.046.000) 12/31 13:14:29 Image size of job updated: 310160
	35  -  MemoryUsage of job (MB)
	35112  -  ResidentSetSize of job (KB)
...
004 (28203.046.000) 12/31 13:14:29 Job was evicted.
	(0) CPU times
		Usr 0 03:02:06, Sys 0 00:00:08  -  Run Remote Usage
		Usr 0 00:00:00, Sys 0 00:00:00  -  Run Local Usage
	0  -  Run Bytes Sent By Job
	0  -  Run Bytes Received By Job
	Partitionable Resources :    Usage  Request Allocated 
	   Cpus                 :     1.00        1         1 
	   Disk (KB)            :     1           1    241059 
	   Memory (MB)          :    35           1      2008 
...
009 (28203.046.000) 12/31 13:14:29 Job was aborted by the user.
	via condor_rm (by user zhangliang)
...
000 (28206.046.000) 12/31 14:09:35 Job submitted from host: <172.16.11.200:9618?addrs=172.16.11.200-9618&noUDP&sock=14877_46f2_4>
...
001 (28206.046.000) 12/31 14:21:38 Job executing on host: <172.16.11.231:9618?addrs=172.16.11.231-9618&noUDP&sock=startd_22895_f54e_4>
...
006 (28206.046.000) 12/31 14:21:46 Image size of job updated: 34984
	35  -  MemoryUsage of job (MB)
	34984  -  ResidentSetSize of job (KB)
...
006 (28206.046.000) 01/01 01:32:52 Image size of job updated: 35092
	35  -  MemoryUsage of job (MB)
	35092  -  ResidentSetSize of job (KB)
...
005 (28206.046.000) 01/01 11:05:52 Job terminated.
	(1) Normal termination (return value 0)
		Usr 0 20:43:55, Sys 0 00:00:03  -  Run Remote Usage
		Usr 0 00:00:00, Sys 0 00:00:00  -  Run Local Usage
		Usr 0 20:43:55, Sys 0 00:00:03  -  Total Remote Usage
		Usr 0 00:00:00, Sys 0 00:00:00  -  Total Local Usage
	0  -  Run Bytes Sent By Job
	0  -  Run Bytes Received By Job
	0  -  Total Bytes Sent By Job
	0  -  Total Bytes Received By Job
	Partitionable Resources :    Usage  Request Allocated 
	   Cpus                 :     1.00        1         1 
	   Disk (KB)            :     1           1    241059 
	   Memory (MB)          :    35           1      2008 
...
000 (28248.046.000) 01/05 15:45:56 Job submitted from host: <172.16.11.200:9618?addrs=172.16.11.200-9618&noUDP&sock=14877_46f2_4>
...
001 (28248.046.000) 01/05 16:50:40 Job executing on host: <172.16.11.231:9618?addrs=172.16.11.231-9618&noUDP&sock=startd_22895_f54e_4>
...
006 (28248.046.000) 01/05 16:50:48 Image size of job updated: 35160
	35  -  MemoryUsage of job (MB)
	35160  -  ResidentSetSize of job (KB)
...
005 (28248.046.000) 01/06 01:57:35 Job terminated.
	(1) Normal termination (return value 0)
		Usr 0 09:05:20, Sys 0 00:00:02  -  Run Remote Usage
		Usr 0 00:00:00, Sys 0 00:00:00  -  Run Local Usage
		Usr 0 09:05:20, Sys 0 00:00:02  -  Total Remote Usage
		Usr 0 00:00:00, Sys 0 00:00:00  -  Total Local Usage
	0  -  Run Bytes Sent By Job
	0  -  Run Bytes Received By Job
	0  -  Total Bytes Sent By Job
	0  -  Total Bytes Received By Job
	Partitionable Resources :    Usage  Request Allocated 
	   Cpus                 :     1.00        1         1 
	   Disk (KB)            :     1           1    241059 
	   Memory (MB)          :    35           1      2008 
...
000 (28271.046.000) 01/06 15:26:51 Job submitted from host: <172.16.11.200:9618?addrs=172.16.11.200-9618&noUDP&sock=14877_46f2_4>
...
009 (28271.046.000) 01/06 15:47:45 Job was aborted by the user.
	via condor_rm (by user zhangliang)
...
000 (29325.046.000) 01/22 22:42:18 Job submitted from host: <172.16.11.200:9618?addrs=172.16.11.200-9618&noUDP&sock=14877_46f2_4>
...
001 (29325.046.000) 01/23 04:33:37 Job executing on host: <172.16.11.234:9618?addrs=172.16.11.234-9618&alias=pc-farm4&noUDP&sock=startd_5195_3aff>
...
006 (29325.046.000) 01/23 04:33:45 Image size of job updated: 301604
	35  -  MemoryUsage of job (MB)
	35532  -  ResidentSetSize of job (KB)
...
006 (29325.046.000) 01/23 04:38:45 Image size of job updated: 423216
	35  -  MemoryUsage of job (MB)
	35532  -  ResidentSetSize of job (KB)
...
006 (29325.046.000) 01/23 04:48:47 Image size of job updated: 424000
	35  -  MemoryUsage of job (MB)
	35536  -  ResidentSetSize of job (KB)
...
006 (29325.046.000) 01/23 10:14:20 Image size of job updated: 424000
	36  -  MemoryUsage of job (MB)
	36232  -  ResidentSetSize of job (KB)
...
005 (29325.046.000) 01/23 16:24:04 Job terminated.
	(1) Normal termination (return value 0)
		Usr 0 11:49:15, Sys 0 00:00:02  -  Run Remote Usage
		Usr 0 00:00:00, Sys 0 00:00:00  -  Run Local Usage
		Usr 0 11:49:15, Sys 0 00:00:02  -  Total Remote Usage
		Usr 0 00:00:00, Sys 0 00:00:00  -  Total Local Usage
	0  -  Run Bytes Sent By Job
	0  -  Run Bytes Received By Job
	0  -  Total Bytes Sent By Job
	0  -  Total Bytes Received By Job
	Partitionable Resources :    Usage  Request Allocated 
	   Cpus                 :     1.00        1         1 
	   Disk (KB)            :     1           1    255907 
	   Memory (MB)          :    36           1       999 
...
000 (29520.046.000) 01/25 22:31:41 Job submitted from host: <172.16.11.200:9618?addrs=172.16.11.200-9618&noUDP&sock=14877_46f2_4>
...
001 (29520.046.000) 01/25 23:10:18 Job executing on host: <172.16.11.232:9618?addrs=172.16.11.232-9618&alias=pc-farm2&noUDP&sock=startd_4986_dfb4_4>
...
006 (29520.046.000) 01/25 23:10:26 Image size of job updated: 35540
	35  -  MemoryUsage of job (MB)
	35540  -  ResidentSetSize of job (KB)
...
006 (29520.046.000) 01/26 00:35:35 Image size of job updated: 35672
	35  -  MemoryUsage of job (MB)
	35672  -  ResidentSetSize of job (KB)
...
006 (29520.046.000) 01/26 14:06:27 Image size of job updated: 311120
	35  -  MemoryUsage of job (MB)
	35672  -  ResidentSetSize of job (KB)
...
004 (29520.046.000) 01/26 14:06:27 Job was evicted.
	(0) CPU times
		Usr 0 14:47:52, Sys 0 00:00:03  -  Run Remote Usage
		Usr 0 00:00:00, Sys 0 00:00:00  -  Run Local Usage
	0  -  Run Bytes Sent By Job
	0  -  Run Bytes Received By Job
	Partitionable Resources :    Usage  Request Allocated 
	   Cpus                 :     1.00        1         1 
	   Disk (KB)            :     1           1    245927 
	   Memory (MB)          :    35           1      1005 
...
009 (29520.046.000) 01/26 14:06:27 Job was aborted by the user.
	via condor_rm (by user zhangliang)
...
000 (29539.046.000) 01/26 14:07:21 Job submitted from host: <172.16.11.200:9618?addrs=172.16.11.200-9618&noUDP&sock=14877_46f2_4>
...
001 (29539.046.000) 01/27 08:34:10 Job executing on host: <172.16.11.231:9618?addrs=172.16.11.231-9618&noUDP&sock=startd_22895_f54e_4>
...
006 (29539.046.000) 01/27 08:34:19 Image size of job updated: 35956
	36  -  MemoryUsage of job (MB)
	35956  -  ResidentSetSize of job (KB)
...
006 (29539.046.000) 01/27 09:49:16 Image size of job updated: 311100
	36  -  MemoryUsage of job (MB)
	35956  -  ResidentSetSize of job (KB)
...
004 (29539.046.000) 01/27 09:49:16 Job was evicted.
	(0) CPU times
		Usr 0 01:14:59, Sys 0 00:00:03  -  Run Remote Usage
		Usr 0 00:00:00, Sys 0 00:00:00  -  Run Local Usage
	0  -  Run Bytes Sent By Job
	0  -  Run Bytes Received By Job
	Partitionable Resources :    Usage  Request Allocated 
	   Cpus                 :     1.00        1         1 
	   Disk (KB)            :     1           1    241059 
	   Memory (MB)          :    36           1      2008 
...
009 (29539.046.000) 01/27 09:49:16 Job was aborted by the user.
	via condor_rm (by user zhangliang)
...
000 (29554.046.000) 01/27 10:11:07 Job submitted from host: <172.16.11.200:9618?addrs=172.16.11.200-9618&noUDP&sock=14877_46f2_4>
...
001 (29554.046.000) 01/27 11:11:19 Job executing on host: <172.16.11.231:9618?addrs=172.16.11.231-9618&noUDP&sock=startd_22895_f54e_4>
...
006 (29554.046.000) 01/27 11:11:28 Image size of job updated: 36292
	36  -  MemoryUsage of job (MB)
	36292  -  ResidentSetSize of job (KB)
...
006 (29554.046.000) 01/27 15:57:00 Image size of job updated: 36396
	36  -  MemoryUsage of job (MB)
	36396  -  ResidentSetSize of job (KB)
...
006 (29554.046.000) 01/27 16:01:39 Image size of job updated: 424264
	36  -  MemoryUsage of job (MB)
	36396  -  ResidentSetSize of job (KB)
...
005 (29554.046.000) 01/27 16:01:39 Job terminated.
	(1) Normal termination (return value 0)
		Usr 0 04:50:13, Sys 0 00:00:04  -  Run Remote Usage
		Usr 0 00:00:00, Sys 0 00:00:00  -  Run Local Usage
		Usr 0 04:50:13, Sys 0 00:00:04  -  Total Remote Usage
		Usr 0 00:00:00, Sys 0 00:00:00  -  Total Local Usage
	0  -  Run Bytes Sent By Job
	0  -  Run Bytes Received By Job
	0  -  Total Bytes Sent By Job
	0  -  Total Bytes Received By Job
	Partitionable Resources :    Usage  Request Allocated 
	   Cpus                 :     1.00        1         1 
	   Disk (KB)            :     1           1    241059 
	   Memory (MB)          :    36           1      2008 
...
000 (29604.046.000) 01/27 21:59:06 Job submitted from host: <172.16.11.200:9618?addrs=172.16.11.200-9618&noUDP&sock=14877_46f2_4>
...
001 (29604.046.000) 01/28 09:49:48 Job executing on host: <172.16.11.232:9618?addrs=172.16.11.232-9618&alias=pc-farm2&noUDP&sock=startd_4986_dfb4_4>
...
006 (29604.046.000) 01/28 09:49:58 Image size of job updated: 35800
	35  -  MemoryUsage of job (MB)
	35800  -  ResidentSetSize of job (KB)
...
006 (29604.046.000) 01/28 13:49:04 Image size of job updated: 424396
	35  -  MemoryUsage of job (MB)
	35800  -  ResidentSetSize of job (KB)
...
005 (29604.046.000) 01/28 13:49:04 Job terminated.
	(1) Normal termination (return value 0)
		Usr 0 03:55:49, Sys 0 00:00:27  -  Run Remote Usage
		Usr 0 00:00:00, Sys 0 00:00:00  -  Run Local Usage
		Usr 0 03:55:49, Sys 0 00:00:27  -  Total Remote Usage
		Usr 0 00:00:00, Sys 0 00:00:00  -  Total Local Usage
	0  -  Run Bytes Sent By Job
	0  -  Run Bytes Received By Job
	0  -  Total Bytes Sent By Job
	0  -  Total Bytes Received By Job
	Partitionable Resources :    Usage  Request Allocated 
	   Cpus                 :     1.00        1         1 
	   Disk (KB)            :     1           1    245927 
	   Memory (MB)          :    35           1      1005 
...
000 (29616.046.000) 01/28 14:59:33 Job submitted from host: <172.16.11.200:9618?addrs=172.16.11.200-9618&noUDP&sock=14877_46f2_4>
...
009 (29616.046.000) 01/28 15:00:13 Job was aborted by the user.
	via condor_rm (by user zhangliang)
...
000 (29617.046.000) 01/28 15:01:04 Job submitted from host: <172.16.11.200:9618?addrs=172.16.11.200-9618&noUDP&sock=14877_46f2_4>
...
001 (29617.046.000) 01/28 15:03:58 Job executing on host: <172.16.11.231:9618?addrs=172.16.11.231-9618&noUDP&sock=startd_22895_f54e_4>
...
006 (29617.046.000) 01/28 15:04:07 Image size of job updated: 36140
	36  -  MemoryUsage of job (MB)
	36140  -  ResidentSetSize of job (KB)
...
005 (29617.046.000) 01/28 16:57:42 Job terminated.
	(1) Normal termination (return value 0)
		Usr 0 01:53:42, Sys 0 00:00:01  -  Run Remote Usage
		Usr 0 00:00:00, Sys 0 00:00:00  -  Run Local Usage
		Usr 0 01:53:42, Sys 0 00:00:01  -  Total Remote Usage
		Usr 0 00:00:00, Sys 0 00:00:00  -  Total Local Usage
	0  -  Run Bytes Sent By Job
	0  -  Run Bytes Received By Job
	0  -  Total Bytes Sent By Job
	0  -  Total Bytes Received By Job
	Partitionable Resources :    Usage  Request Allocated 
	   Cpus                 :     1.00        1         1 
	   Disk (KB)            :     1           1    241059 
	   Memory (MB)          :    36           1      2008 
...
000 (29696.046.000) 01/30 20:13:16 Job submitted from host: <172.16.11.200:9618?addrs=172.16.11.200-9618&noUDP&sock=14877_46f2_4>
...
001 (29696.046.000) 01/30 21:42:01 Job executing on host: <172.16.11.234:9618?addrs=172.16.11.234-9618&alias=pc-farm4&noUDP&sock=startd_5195_3aff>
...
006 (29696.046.000) 01/30 21:42:10 Image size of job updated: 35896
	36  -  MemoryUsage of job (MB)
	35896  -  ResidentSetSize of job (KB)
...
006 (29696.046.000) 01/30 21:47:11 Image size of job updated: 423580
	36  -  MemoryUsage of job (MB)
	35896  -  ResidentSetSize of job (KB)
...
006 (29696.046.000) 01/30 21:52:12 Image size of job updated: 424360
	36  -  MemoryUsage of job (MB)
	35900  -  ResidentSetSize of job (KB)
...
005 (29696.046.000) 01/30 23:28:29 Job terminated.
	(1) Normal termination (return value 0)
		Usr 0 01:46:27, Sys 0 00:00:00  -  Run Remote Usage
		Usr 0 00:00:00, Sys 0 00:00:00  -  Run Local Usage
		Usr 0 01:46:27, Sys 0 00:00:00  -  Total Remote Usage
		Usr 0 00:00:00, Sys 0 00:00:00  -  Total Local Usage
	0  -  Run Bytes Sent By Job
	0  -  Run Bytes Received By Job
	0  -  Total Bytes Sent By Job
	0  -  Total Bytes Received By Job
	Partitionable Resources :    Usage  Request Allocated 
	   Cpus                 :     1.00        1         1 
	   Disk (KB)            :     1           1    255907 
	   Memory (MB)          :    36           1       999 
...
000 (29706.046.000) 01/31 10:47:04 Job submitted from host: <172.16.11.200:9618?addrs=172.16.11.200-9618&noUDP&sock=14877_46f2_4>
...
001 (29706.046.000) 01/31 10:58:06 Job executing on host: <172.16.11.234:9618?addrs=172.16.11.234-9618&alias=pc-farm4&noUDP&sock=startd_5195_3aff>
...
006 (29706.046.000) 01/31 10:58:15 Image size of job updated: 437416
	49  -  MemoryUsage of job (MB)
	49724  -  ResidentSetSize of job (KB)
...
006 (29706.046.000) 01/31 11:08:17 Image size of job updated: 438196
	49  -  MemoryUsage of job (MB)
	49728  -  ResidentSetSize of job (KB)
...
005 (29706.046.000) 01/31 12:48:32 Job terminated.
	(1) Normal termination (return value 0)
		Usr 0 01:50:24, Sys 0 00:00:00  -  Run Remote Usage
		Usr 0 00:00:00, Sys 0 00:00:00  -  Run Local Usage
		Usr 0 01:50:24, Sys 0 00:00:00  -  Total Remote Usage
		Usr 0 00:00:00, Sys 0 00:00:00  -  Total Local Usage
	0  -  Run Bytes Sent By Job
	0  -  Run Bytes Received By Job
	0  -  Total Bytes Sent By Job
	0  -  Total Bytes Received By Job
	Partitionable Resources :    Usage  Request Allocated 
	   Cpus                 :     1.00        1         1 
	   Disk (KB)            :     1           1    255907 
	   Memory (MB)          :    49           1       999 
...
000 (29707.046.000) 01/31 14:36:19 Job submitted from host: <172.16.11.200:9618?addrs=172.16.11.200-9618&noUDP&sock=14877_46f2_4>
...
009 (29707.046.000) 01/31 16:16:02 Job was aborted by the user.
	via condor_rm (by user zhangliang)
...
000 (29725.046.000) 01/31 16:16:10 Job submitted from host: <172.16.11.200:9618?addrs=172.16.11.200-9618&noUDP&sock=14877_46f2_4>
...
001 (29725.046.000) 01/31 19:02:37 Job executing on host: <172.16.11.232:9618?addrs=172.16.11.232-9618&alias=pc-farm2&noUDP&sock=startd_4986_dfb4_4>
...
006 (29725.046.000) 01/31 19:02:47 Image size of job updated: 49628
	49  -  MemoryUsage of job (MB)
	49628  -  ResidentSetSize of job (KB)
...
005 (29725.046.000) 01/31 20:30:23 Job terminated.
	(1) Normal termination (return value 0)
		Usr 0 01:27:01, Sys 0 00:00:09  -  Run Remote Usage
		Usr 0 00:00:00, Sys 0 00:00:00  -  Run Local Usage
		Usr 0 01:27:01, Sys 0 00:00:09  -  Total Remote Usage
		Usr 0 00:00:00, Sys 0 00:00:00  -  Total Local Usage
	0  -  Run Bytes Sent By Job
	0  -  Run Bytes Received By Job
	0  -  Total Bytes Sent By Job
	0  -  Total Bytes Received By Job
	Partitionable Resources :    Usage  Request Allocated 
	   Cpus                 :     0.99        1         1 
	   Disk (KB)            :     1           1    245927 
	   Memory (MB)          :    49           1      1005 
...
