000 (28203.030.000) 12/31 10:12:06 Job submitted from host: <172.16.11.200:9618?addrs=172.16.11.200-9618&noUDP&sock=14877_46f2_4>
...
001 (28203.030.000) 12/31 10:12:07 Job executing on host: <172.16.11.231:9618?addrs=172.16.11.231-9618&noUDP&sock=startd_22895_f54e_4>
...
006 (28203.030.000) 12/31 10:12:15 Image size of job updated: 35504
	35  -  MemoryUsage of job (MB)
	35504  -  ResidentSetSize of job (KB)
...
006 (28203.030.000) 12/31 10:17:16 Image size of job updated: 35616
	35  -  MemoryUsage of job (MB)
	35616  -  ResidentSetSize of job (KB)
...
004 (28203.030.000) 12/31 13:14:29 Job was evicted.
	(0) CPU times
		Usr 0 03:02:17, Sys 0 00:00:00  -  Run Remote Usage
		Usr 0 00:00:00, Sys 0 00:00:00  -  Run Local Usage
	0  -  Run Bytes Sent By Job
	0  -  Run Bytes Received By Job
	Partitionable Resources :    Usage  Request Allocated 
	   Cpus                 :     1.00        1         1 
	   Disk (KB)            :     1           1    241059 
	   Memory (MB)          :    35           1      2008 
...
009 (28203.030.000) 12/31 13:14:29 Job was aborted by the user.
	via condor_rm (by user zhangliang)
...
000 (28206.030.000) 12/31 14:09:35 Job submitted from host: <172.16.11.200:9618?addrs=172.16.11.200-9618&noUDP&sock=14877_46f2_4>
...
001 (28206.030.000) 12/31 14:18:37 Job executing on host: <172.16.11.231:9618?addrs=172.16.11.231-9618&noUDP&sock=startd_22895_f54e_4>
...
006 (28206.030.000) 12/31 14:18:45 Image size of job updated: 34572
	34  -  MemoryUsage of job (MB)
	34572  -  ResidentSetSize of job (KB)
...
006 (28206.030.000) 01/01 01:29:51 Image size of job updated: 34856
	35  -  MemoryUsage of job (MB)
	34856  -  ResidentSetSize of job (KB)
...
006 (28206.030.000) 01/01 11:30:30 Image size of job updated: 423324
	35  -  MemoryUsage of job (MB)
	34856  -  ResidentSetSize of job (KB)
...
005 (28206.030.000) 01/01 11:30:30 Job terminated.
	(1) Normal termination (return value 0)
		Usr 0 21:03:28, Sys 0 00:00:01  -  Run Remote Usage
		Usr 0 00:00:00, Sys 0 00:00:00  -  Run Local Usage
		Usr 0 21:03:28, Sys 0 00:00:01  -  Total Remote Usage
		Usr 0 00:00:00, Sys 0 00:00:00  -  Total Local Usage
	0  -  Run Bytes Sent By Job
	0  -  Run Bytes Received By Job
	0  -  Total Bytes Sent By Job
	0  -  Total Bytes Received By Job
	Partitionable Resources :    Usage  Request Allocated 
	   Cpus                 :     1.00        1         1 
	   Disk (KB)            :     1           1    241059 
	   Memory (MB)          :    35           1      2008 
...
000 (28248.030.000) 01/05 15:45:56 Job submitted from host: <172.16.11.200:9618?addrs=172.16.11.200-9618&noUDP&sock=14877_46f2_4>
...
001 (28248.030.000) 01/05 16:38:40 Job executing on host: <172.16.11.233:9618?addrs=172.16.11.233-9618&alias=pc-farm3&noUDP&sock=startd_4556_edfa>
...
006 (28248.030.000) 01/05 16:38:49 Image size of job updated: 41632
	41  -  MemoryUsage of job (MB)
	41632  -  ResidentSetSize of job (KB)
...
006 (28248.030.000) 01/05 18:39:02 Image size of job updated: 41644
	41  -  MemoryUsage of job (MB)
	41644  -  ResidentSetSize of job (KB)
...
006 (28248.030.000) 01/05 18:44:02 Image size of job updated: 41660
	41  -  MemoryUsage of job (MB)
	41660  -  ResidentSetSize of job (KB)
...
006 (28248.030.000) 01/05 18:49:03 Image size of job updated: 41676
	41  -  MemoryUsage of job (MB)
	41676  -  ResidentSetSize of job (KB)
...
006 (28248.030.000) 01/05 18:54:03 Image size of job updated: 41696
	41  -  MemoryUsage of job (MB)
	41696  -  ResidentSetSize of job (KB)
...
006 (28248.030.000) 01/05 18:59:03 Image size of job updated: 41712
	41  -  MemoryUsage of job (MB)
	41712  -  ResidentSetSize of job (KB)
...
006 (28248.030.000) 01/05 19:04:04 Image size of job updated: 41728
	41  -  MemoryUsage of job (MB)
	41728  -  ResidentSetSize of job (KB)
...
006 (28248.030.000) 01/05 19:09:04 Image size of job updated: 41748
	41  -  MemoryUsage of job (MB)
	41748  -  ResidentSetSize of job (KB)
...
006 (28248.030.000) 01/05 19:14:04 Image size of job updated: 41764
	41  -  MemoryUsage of job (MB)
	41764  -  ResidentSetSize of job (KB)
...
006 (28248.030.000) 01/05 19:19:05 Image size of job updated: 41816
	41  -  MemoryUsage of job (MB)
	41816  -  ResidentSetSize of job (KB)
...
006 (28248.030.000) 01/05 19:24:05 Image size of job updated: 41960
	41  -  MemoryUsage of job (MB)
	41960  -  ResidentSetSize of job (KB)
...
006 (28248.030.000) 01/05 19:29:05 Image size of job updated: 41980
	41  -  MemoryUsage of job (MB)
	41980  -  ResidentSetSize of job (KB)
...
006 (28248.030.000) 01/05 20:04:10 Image size of job updated: 42116
	42  -  MemoryUsage of job (MB)
	42116  -  ResidentSetSize of job (KB)
...
006 (28248.030.000) 01/05 20:14:11 Image size of job updated: 42160
	42  -  MemoryUsage of job (MB)
	42160  -  ResidentSetSize of job (KB)
...
006 (28248.030.000) 01/05 20:19:11 Image size of job updated: 42180
	42  -  MemoryUsage of job (MB)
	42180  -  ResidentSetSize of job (KB)
...
006 (28248.030.000) 01/05 20:29:12 Image size of job updated: 42252
	42  -  MemoryUsage of job (MB)
	42252  -  ResidentSetSize of job (KB)
...
006 (28248.030.000) 01/05 20:54:15 Image size of job updated: 42356
	42  -  MemoryUsage of job (MB)
	42356  -  ResidentSetSize of job (KB)
...
006 (28248.030.000) 01/05 21:04:16 Image size of job updated: 42396
	42  -  MemoryUsage of job (MB)
	42396  -  ResidentSetSize of job (KB)
...
006 (28248.030.000) 01/05 21:09:16 Image size of job updated: 42420
	42  -  MemoryUsage of job (MB)
	42420  -  ResidentSetSize of job (KB)
...
006 (28248.030.000) 01/05 21:19:17 Image size of job updated: 42464
	42  -  MemoryUsage of job (MB)
	42464  -  ResidentSetSize of job (KB)
...
006 (28248.030.000) 01/05 21:24:18 Image size of job updated: 42484
	42  -  MemoryUsage of job (MB)
	42484  -  ResidentSetSize of job (KB)
...
006 (28248.030.000) 01/05 21:29:19 Image size of job updated: 42540
	42  -  MemoryUsage of job (MB)
	42540  -  ResidentSetSize of job (KB)
...
006 (28248.030.000) 01/05 21:34:19 Image size of job updated: 42556
	42  -  MemoryUsage of job (MB)
	42556  -  ResidentSetSize of job (KB)
...
006 (28248.030.000) 01/05 21:39:19 Image size of job updated: 42588
	42  -  MemoryUsage of job (MB)
	42588  -  ResidentSetSize of job (KB)
...
006 (28248.030.000) 01/05 21:44:21 Image size of job updated: 42612
	42  -  MemoryUsage of job (MB)
	42612  -  ResidentSetSize of job (KB)
...
006 (28248.030.000) 01/05 21:59:22 Image size of job updated: 42652
	42  -  MemoryUsage of job (MB)
	42652  -  ResidentSetSize of job (KB)
...
006 (28248.030.000) 01/05 22:04:23 Image size of job updated: 42920
	42  -  MemoryUsage of job (MB)
	42920  -  ResidentSetSize of job (KB)
...
006 (28248.030.000) 01/05 22:29:25 Image size of job updated: 42928
	42  -  MemoryUsage of job (MB)
	42928  -  ResidentSetSize of job (KB)
...
006 (28248.030.000) 01/05 22:34:26 Image size of job updated: 42952
	42  -  MemoryUsage of job (MB)
	42952  -  ResidentSetSize of job (KB)
...
006 (28248.030.000) 01/05 22:39:26 Image size of job updated: 42984
	42  -  MemoryUsage of job (MB)
	42984  -  ResidentSetSize of job (KB)
...
006 (28248.030.000) 01/05 23:04:29 Image size of job updated: 43092
	43  -  MemoryUsage of job (MB)
	43092  -  ResidentSetSize of job (KB)
...
006 (28248.030.000) 01/05 23:09:30 Image size of job updated: 43124
	43  -  MemoryUsage of job (MB)
	43124  -  ResidentSetSize of job (KB)
...
006 (28248.030.000) 01/05 23:14:30 Image size of job updated: 43136
	43  -  MemoryUsage of job (MB)
	43136  -  ResidentSetSize of job (KB)
...
006 (28248.030.000) 01/05 23:19:30 Image size of job updated: 43148
	43  -  MemoryUsage of job (MB)
	43148  -  ResidentSetSize of job (KB)
...
006 (28248.030.000) 01/05 23:24:31 Image size of job updated: 43220
	43  -  MemoryUsage of job (MB)
	43220  -  ResidentSetSize of job (KB)
...
006 (28248.030.000) 01/06 00:09:36 Image size of job updated: 43348
	43  -  MemoryUsage of job (MB)
	43348  -  ResidentSetSize of job (KB)
...
006 (28248.030.000) 01/06 00:29:38 Image size of job updated: 43464
	43  -  MemoryUsage of job (MB)
	43464  -  ResidentSetSize of job (KB)
...
006 (28248.030.000) 01/06 01:04:42 Image size of job updated: 43484
	43  -  MemoryUsage of job (MB)
	43484  -  ResidentSetSize of job (KB)
...
006 (28248.030.000) 01/06 01:09:42 Image size of job updated: 43504
	43  -  MemoryUsage of job (MB)
	43504  -  ResidentSetSize of job (KB)
...
006 (28248.030.000) 01/06 01:14:43 Image size of job updated: 43524
	43  -  MemoryUsage of job (MB)
	43524  -  ResidentSetSize of job (KB)
...
006 (28248.030.000) 01/06 01:19:44 Image size of job updated: 43576
	43  -  MemoryUsage of job (MB)
	43576  -  ResidentSetSize of job (KB)
...
006 (28248.030.000) 01/06 01:24:44 Image size of job updated: 43596
	43  -  MemoryUsage of job (MB)
	43596  -  ResidentSetSize of job (KB)
...
006 (28248.030.000) 01/06 01:29:45 Image size of job updated: 43616
	43  -  MemoryUsage of job (MB)
	43616  -  ResidentSetSize of job (KB)
...
006 (28248.030.000) 01/06 01:34:46 Image size of job updated: 43636
	43  -  MemoryUsage of job (MB)
	43636  -  ResidentSetSize of job (KB)
...
006 (28248.030.000) 01/06 01:39:46 Image size of job updated: 43660
	43  -  MemoryUsage of job (MB)
	43660  -  ResidentSetSize of job (KB)
...
005 (28248.030.000) 01/06 01:41:08 Job terminated.
	(1) Normal termination (return value 0)
		Usr 0 08:27:42, Sys 0 00:00:05  -  Run Remote Usage
		Usr 0 00:00:00, Sys 0 00:00:00  -  Run Local Usage
		Usr 0 08:27:42, Sys 0 00:00:05  -  Total Remote Usage
		Usr 0 00:00:00, Sys 0 00:00:00  -  Total Local Usage
	0  -  Run Bytes Sent By Job
	0  -  Run Bytes Received By Job
	0  -  Total Bytes Sent By Job
	0  -  Total Bytes Received By Job
	Partitionable Resources :    Usage  Request Allocated 
	   Cpus                 :     0.97        1         1 
	   Disk (KB)            :     1           1    254050 
	   Memory (MB)          :    43           1      1005 
...
000 (28271.030.000) 01/06 15:26:51 Job submitted from host: <172.16.11.200:9618?addrs=172.16.11.200-9618&noUDP&sock=14877_46f2_4>
...
009 (28271.030.000) 01/06 15:47:44 Job was aborted by the user.
	via condor_rm (by user zhangliang)
...
