000 (28203.064.000) 12/31 10:12:06 Job submitted from host: <172.16.11.200:9618?addrs=172.16.11.200-9618&noUDP&sock=14877_46f2_4>
...
001 (28203.064.000) 12/31 10:12:14 Job executing on host: <172.16.11.231:9618?addrs=172.16.11.231-9618&noUDP&sock=startd_22895_f54e_4>
...
006 (28203.064.000) 12/31 10:12:22 Image size of job updated: 35208
	35  -  MemoryUsage of job (MB)
	35208  -  ResidentSetSize of job (KB)
...
006 (28203.064.000) 12/31 10:22:24 Image size of job updated: 35328
	35  -  MemoryUsage of job (MB)
	35328  -  ResidentSetSize of job (KB)
...
006 (28203.064.000) 12/31 13:14:29 Image size of job updated: 310160
	35  -  MemoryUsage of job (MB)
	35328  -  ResidentSetSize of job (KB)
...
004 (28203.064.000) 12/31 13:14:29 Job was evicted.
	(0) CPU times
		Usr 0 03:02:11, Sys 0 00:00:00  -  Run Remote Usage
		Usr 0 00:00:00, Sys 0 00:00:00  -  Run Local Usage
	0  -  Run Bytes Sent By Job
	0  -  Run Bytes Received By Job
	Partitionable Resources :    Usage  Request Allocated 
	   Cpus                 :     1.00        1         1 
	   Disk (KB)            :     1           1    241059 
	   Memory (MB)          :    35           1      2008 
...
009 (28203.064.000) 12/31 13:14:29 Job was aborted by the user.
	via condor_rm (by user zhangliang)
...
000 (28206.064.000) 12/31 14:09:35 Job submitted from host: <172.16.11.200:9618?addrs=172.16.11.200-9618&noUDP&sock=14877_46f2_4>
...
001 (28206.064.000) 12/31 14:26:37 Job executing on host: <172.16.11.231:9618?addrs=172.16.11.231-9618&noUDP&sock=startd_22895_f54e_4>
...
006 (28206.064.000) 12/31 14:26:45 Image size of job updated: 35164
	35  -  MemoryUsage of job (MB)
	35164  -  ResidentSetSize of job (KB)
...
006 (28206.064.000) 01/01 01:37:54 Image size of job updated: 35600
	35  -  MemoryUsage of job (MB)
	35600  -  ResidentSetSize of job (KB)
...
005 (28206.064.000) 01/01 12:08:06 Job terminated.
	(1) Normal termination (return value 0)
		Usr 0 21:35:06, Sys 0 00:00:02  -  Run Remote Usage
		Usr 0 00:00:00, Sys 0 00:00:00  -  Run Local Usage
		Usr 0 21:35:06, Sys 0 00:00:02  -  Total Remote Usage
		Usr 0 00:00:00, Sys 0 00:00:00  -  Total Local Usage
	0  -  Run Bytes Sent By Job
	0  -  Run Bytes Received By Job
	0  -  Total Bytes Sent By Job
	0  -  Total Bytes Received By Job
	Partitionable Resources :    Usage  Request Allocated 
	   Cpus                 :     1.00        1         1 
	   Disk (KB)            :     1           1    241059 
	   Memory (MB)          :    35           1      2008 
...
000 (28248.064.000) 01/05 15:45:56 Job submitted from host: <172.16.11.200:9618?addrs=172.16.11.200-9618&noUDP&sock=14877_46f2_4>
...
001 (28248.064.000) 01/05 17:27:33 Job executing on host: <172.16.11.231:9618?addrs=172.16.11.231-9618&noUDP&sock=startd_22895_f54e_4>
...
006 (28248.064.000) 01/05 17:27:41 Image size of job updated: 38716
	35  -  MemoryUsage of job (MB)
	35416  -  ResidentSetSize of job (KB)
...
006 (28248.064.000) 01/05 17:32:41 Image size of job updated: 39244
	35  -  MemoryUsage of job (MB)
	35416  -  ResidentSetSize of job (KB)
...
006 (28248.064.000) 01/05 17:42:42 Image size of job updated: 39376
	35  -  MemoryUsage of job (MB)
	35416  -  ResidentSetSize of job (KB)
...
006 (28248.064.000) 01/05 18:07:44 Image size of job updated: 39508
	35  -  MemoryUsage of job (MB)
	35416  -  ResidentSetSize of job (KB)
...
006 (28248.064.000) 01/05 23:33:18 Image size of job updated: 39640
	35  -  MemoryUsage of job (MB)
	35416  -  ResidentSetSize of job (KB)
...
006 (28248.064.000) 01/05 23:38:19 Image size of job updated: 39904
	35  -  MemoryUsage of job (MB)
	35416  -  ResidentSetSize of job (KB)
...
006 (28248.064.000) 01/05 23:43:20 Image size of job updated: 40036
	35  -  MemoryUsage of job (MB)
	35416  -  ResidentSetSize of job (KB)
...
006 (28248.064.000) 01/05 23:48:20 Image size of job updated: 40300
	35  -  MemoryUsage of job (MB)
	35416  -  ResidentSetSize of job (KB)
...
006 (28248.064.000) 01/05 23:53:21 Image size of job updated: 40696
	35  -  MemoryUsage of job (MB)
	35416  -  ResidentSetSize of job (KB)
...
005 (28248.064.000) 01/06 02:54:31 Job terminated.
	(1) Normal termination (return value 0)
		Usr 0 09:25:37, Sys 0 00:00:01  -  Run Remote Usage
		Usr 0 00:00:00, Sys 0 00:00:00  -  Run Local Usage
		Usr 0 09:25:37, Sys 0 00:00:01  -  Total Remote Usage
		Usr 0 00:00:00, Sys 0 00:00:00  -  Total Local Usage
	0  -  Run Bytes Sent By Job
	0  -  Run Bytes Received By Job
	0  -  Total Bytes Sent By Job
	0  -  Total Bytes Received By Job
	Partitionable Resources :    Usage  Request Allocated 
	   Cpus                 :     1.00        1         1 
	   Disk (KB)            :     1           1    241059 
	   Memory (MB)          :    35           1      2008 
...
000 (28271.064.000) 01/06 15:26:51 Job submitted from host: <172.16.11.200:9618?addrs=172.16.11.200-9618&noUDP&sock=14877_46f2_4>
...
009 (28271.064.000) 01/06 15:47:45 Job was aborted by the user.
	via condor_rm (by user zhangliang)
...
000 (29325.064.000) 01/22 22:42:18 Job submitted from host: <172.16.11.200:9618?addrs=172.16.11.200-9618&noUDP&sock=14877_46f2_4>
...
001 (29325.064.000) 01/23 04:36:37 Job executing on host: <172.16.11.234:9618?addrs=172.16.11.234-9618&alias=pc-farm4&noUDP&sock=startd_5195_3aff>
...
006 (29325.064.000) 01/23 04:36:45 Image size of job updated: 301760
	35  -  MemoryUsage of job (MB)
	35528  -  ResidentSetSize of job (KB)
...
006 (29325.064.000) 01/23 04:41:45 Image size of job updated: 423216
	35  -  MemoryUsage of job (MB)
	35528  -  ResidentSetSize of job (KB)
...
006 (29325.064.000) 01/23 04:51:47 Image size of job updated: 423996
	35  -  MemoryUsage of job (MB)
	35532  -  ResidentSetSize of job (KB)
...
006 (29325.064.000) 01/23 10:27:19 Image size of job updated: 423996
	35  -  MemoryUsage of job (MB)
	35584  -  ResidentSetSize of job (KB)
...
005 (29325.064.000) 01/23 16:43:06 Job terminated.
	(1) Normal termination (return value 0)
		Usr 0 12:05:01, Sys 0 00:00:01  -  Run Remote Usage
		Usr 0 00:00:00, Sys 0 00:00:00  -  Run Local Usage
		Usr 0 12:05:01, Sys 0 00:00:01  -  Total Remote Usage
		Usr 0 00:00:00, Sys 0 00:00:00  -  Total Local Usage
	0  -  Run Bytes Sent By Job
	0  -  Run Bytes Received By Job
	0  -  Total Bytes Sent By Job
	0  -  Total Bytes Received By Job
	Partitionable Resources :    Usage  Request Allocated 
	   Cpus                 :     1.00        1         1 
	   Disk (KB)            :     1           1    255907 
	   Memory (MB)          :    35           1       999 
...
000 (29520.064.000) 01/25 22:31:42 Job submitted from host: <172.16.11.200:9618?addrs=172.16.11.200-9618&noUDP&sock=14877_46f2_4>
...
001 (29520.064.000) 01/25 23:22:46 Job executing on host: <172.16.11.232:9618?addrs=172.16.11.232-9618&alias=pc-farm2&noUDP&sock=startd_4986_dfb4_4>
...
006 (29520.064.000) 01/25 23:22:55 Image size of job updated: 35768
	35  -  MemoryUsage of job (MB)
	35768  -  ResidentSetSize of job (KB)
...
006 (29520.064.000) 01/26 00:38:02 Image size of job updated: 35928
	36  -  MemoryUsage of job (MB)
	35928  -  ResidentSetSize of job (KB)
...
006 (29520.064.000) 01/26 14:06:27 Image size of job updated: 311120
	36  -  MemoryUsage of job (MB)
	35928  -  ResidentSetSize of job (KB)
...
004 (29520.064.000) 01/26 14:06:27 Job was evicted.
	(0) CPU times
		Usr 0 14:35:52, Sys 0 00:00:03  -  Run Remote Usage
		Usr 0 00:00:00, Sys 0 00:00:00  -  Run Local Usage
	0  -  Run Bytes Sent By Job
	0  -  Run Bytes Received By Job
	Partitionable Resources :    Usage  Request Allocated 
	   Cpus                 :     1.00        1         1 
	   Disk (KB)            :     1           1    245927 
	   Memory (MB)          :    36           1      1005 
...
009 (29520.064.000) 01/26 14:06:27 Job was aborted by the user.
	via condor_rm (by user zhangliang)
...
000 (29539.064.000) 01/26 14:07:21 Job submitted from host: <172.16.11.200:9618?addrs=172.16.11.200-9618&noUDP&sock=14877_46f2_4>
...
001 (29539.064.000) 01/27 08:38:10 Job executing on host: <172.16.11.234:9618?addrs=172.16.11.234-9618&alias=pc-farm4&noUDP&sock=startd_5195_3aff>
...
006 (29539.064.000) 01/27 08:38:19 Image size of job updated: 35896
	36  -  MemoryUsage of job (MB)
	35896  -  ResidentSetSize of job (KB)
...
006 (29539.064.000) 01/27 08:43:20 Image size of job updated: 423580
	36  -  MemoryUsage of job (MB)
	35896  -  ResidentSetSize of job (KB)
...
006 (29539.064.000) 01/27 08:48:20 Image size of job updated: 424360
	36  -  MemoryUsage of job (MB)
	35900  -  ResidentSetSize of job (KB)
...
004 (29539.064.000) 01/27 09:49:15 Job was evicted.
	(0) CPU times
		Usr 0 01:11:03, Sys 0 00:00:00  -  Run Remote Usage
		Usr 0 00:00:00, Sys 0 00:00:00  -  Run Local Usage
	0  -  Run Bytes Sent By Job
	0  -  Run Bytes Received By Job
	Partitionable Resources :    Usage  Request Allocated 
	   Cpus                 :     1.00        1         1 
	   Disk (KB)            :     1           1    255907 
	   Memory (MB)          :    36           1       999 
...
009 (29539.064.000) 01/27 09:49:15 Job was aborted by the user.
	via condor_rm (by user zhangliang)
...
000 (29554.064.000) 01/27 10:11:07 Job submitted from host: <172.16.11.200:9618?addrs=172.16.11.200-9618&noUDP&sock=14877_46f2_4>
...
001 (29554.064.000) 01/27 15:14:28 Job executing on host: <172.16.11.232:9618?addrs=172.16.11.232-9618&alias=pc-farm2&noUDP&sock=startd_4986_dfb4_4>
...
006 (29554.064.000) 01/27 15:14:37 Image size of job updated: 35784
	35  -  MemoryUsage of job (MB)
	35784  -  ResidentSetSize of job (KB)
...
006 (29554.064.000) 01/27 16:04:42 Image size of job updated: 35896
	36  -  MemoryUsage of job (MB)
	35896  -  ResidentSetSize of job (KB)
...
005 (29554.064.000) 01/27 18:59:29 Job terminated.
	(1) Normal termination (return value 0)
		Usr 0 03:44:58, Sys 0 00:00:01  -  Run Remote Usage
		Usr 0 00:00:00, Sys 0 00:00:00  -  Run Local Usage
		Usr 0 03:44:58, Sys 0 00:00:01  -  Total Remote Usage
		Usr 0 00:00:00, Sys 0 00:00:00  -  Total Local Usage
	0  -  Run Bytes Sent By Job
	0  -  Run Bytes Received By Job
	0  -  Total Bytes Sent By Job
	0  -  Total Bytes Received By Job
	Partitionable Resources :    Usage  Request Allocated 
	   Cpus                 :     1.00        1         1 
	   Disk (KB)            :     1           1    245927 
	   Memory (MB)          :    36           1      1005 
...
000 (29604.064.000) 01/27 21:59:06 Job submitted from host: <172.16.11.200:9618?addrs=172.16.11.200-9618&noUDP&sock=14877_46f2_4>
...
001 (29604.064.000) 01/28 09:49:45 Job executing on host: <172.16.11.232:9618?addrs=172.16.11.232-9618&alias=pc-farm2&noUDP&sock=startd_4986_dfb4_4>
...
006 (29604.064.000) 01/28 09:49:55 Image size of job updated: 36052
	36  -  MemoryUsage of job (MB)
	36052  -  ResidentSetSize of job (KB)
...
005 (29604.064.000) 01/28 14:23:40 Job terminated.
	(1) Normal termination (return value 0)
		Usr 0 04:29:44, Sys 0 00:00:20  -  Run Remote Usage
		Usr 0 00:00:00, Sys 0 00:00:00  -  Run Local Usage
		Usr 0 04:29:44, Sys 0 00:00:20  -  Total Remote Usage
		Usr 0 00:00:00, Sys 0 00:00:00  -  Total Local Usage
	0  -  Run Bytes Sent By Job
	0  -  Run Bytes Received By Job
	0  -  Total Bytes Sent By Job
	0  -  Total Bytes Received By Job
	Partitionable Resources :    Usage  Request Allocated 
	   Cpus                 :     1.00        1         1 
	   Disk (KB)            :     1           1    245927 
	   Memory (MB)          :    36           1      1005 
...
000 (29616.064.000) 01/28 14:59:33 Job submitted from host: <172.16.11.200:9618?addrs=172.16.11.200-9618&noUDP&sock=14877_46f2_4>
...
009 (29616.064.000) 01/28 15:00:13 Job was aborted by the user.
	via condor_rm (by user zhangliang)
...
000 (29617.064.000) 01/28 15:01:04 Job submitted from host: <172.16.11.200:9618?addrs=172.16.11.200-9618&noUDP&sock=14877_46f2_4>
...
001 (29617.064.000) 01/28 15:05:09 Job executing on host: <172.16.11.232:9618?addrs=172.16.11.232-9618&alias=pc-farm2&noUDP&sock=startd_4986_dfb4_4>
...
006 (29617.064.000) 01/28 15:05:18 Image size of job updated: 36000
	36  -  MemoryUsage of job (MB)
	36000  -  ResidentSetSize of job (KB)
...
005 (29617.064.000) 01/28 16:54:21 Job terminated.
	(1) Normal termination (return value 0)
		Usr 0 01:49:07, Sys 0 00:00:02  -  Run Remote Usage
		Usr 0 00:00:00, Sys 0 00:00:00  -  Run Local Usage
		Usr 0 01:49:07, Sys 0 00:00:02  -  Total Remote Usage
		Usr 0 00:00:00, Sys 0 00:00:00  -  Total Local Usage
	0  -  Run Bytes Sent By Job
	0  -  Run Bytes Received By Job
	0  -  Total Bytes Sent By Job
	0  -  Total Bytes Received By Job
	Partitionable Resources :    Usage  Request Allocated 
	   Cpus                 :     1.00        1         1 
	   Disk (KB)            :     1           1    245927 
	   Memory (MB)          :    36           1      1005 
...
000 (29696.064.000) 01/30 20:13:16 Job submitted from host: <172.16.11.200:9618?addrs=172.16.11.200-9618&noUDP&sock=14877_46f2_4>
...
001 (29696.064.000) 01/30 21:44:02 Job executing on host: <172.16.11.232:9618?addrs=172.16.11.232-9618&alias=pc-farm2&noUDP&sock=startd_4986_dfb4_4>
...
006 (29696.064.000) 01/30 21:44:11 Image size of job updated: 35900
	36  -  MemoryUsage of job (MB)
	35900  -  ResidentSetSize of job (KB)
...
005 (29696.064.000) 01/30 23:17:32 Job terminated.
	(1) Normal termination (return value 0)
		Usr 0 01:33:01, Sys 0 00:00:02  -  Run Remote Usage
		Usr 0 00:00:00, Sys 0 00:00:00  -  Run Local Usage
		Usr 0 01:33:01, Sys 0 00:00:02  -  Total Remote Usage
		Usr 0 00:00:00, Sys 0 00:00:00  -  Total Local Usage
	0  -  Run Bytes Sent By Job
	0  -  Run Bytes Received By Job
	0  -  Total Bytes Sent By Job
	0  -  Total Bytes Received By Job
	Partitionable Resources :    Usage  Request Allocated 
	   Cpus                 :     0.99        1         1 
	   Disk (KB)            :     1           1    245927 
	   Memory (MB)          :    36           1      1005 
...
000 (29706.064.000) 01/31 10:47:04 Job submitted from host: <172.16.11.200:9618?addrs=172.16.11.200-9618&noUDP&sock=14877_46f2_4>
...
001 (29706.064.000) 01/31 11:01:07 Job executing on host: <172.16.11.232:9618?addrs=172.16.11.232-9618&alias=pc-farm2&noUDP&sock=startd_4986_dfb4_4>
...
006 (29706.064.000) 01/31 11:01:16 Image size of job updated: 49768
	49  -  MemoryUsage of job (MB)
	49768  -  ResidentSetSize of job (KB)
...
006 (29706.064.000) 01/31 12:26:26 Image size of job updated: 50272
	50  -  MemoryUsage of job (MB)
	50272  -  ResidentSetSize of job (KB)
...
005 (29706.064.000) 01/31 12:29:53 Job terminated.
	(1) Normal termination (return value 0)
		Usr 0 01:28:11, Sys 0 00:00:04  -  Run Remote Usage
		Usr 0 00:00:00, Sys 0 00:00:00  -  Run Local Usage
		Usr 0 01:28:11, Sys 0 00:00:04  -  Total Remote Usage
		Usr 0 00:00:00, Sys 0 00:00:00  -  Total Local Usage
	0  -  Run Bytes Sent By Job
	0  -  Run Bytes Received By Job
	0  -  Total Bytes Sent By Job
	0  -  Total Bytes Received By Job
	Partitionable Resources :    Usage  Request Allocated 
	   Cpus                 :     0.99        1         1 
	   Disk (KB)            :     1           1    245927 
	   Memory (MB)          :    50           1      1005 
...
000 (29707.064.000) 01/31 14:36:19 Job submitted from host: <172.16.11.200:9618?addrs=172.16.11.200-9618&noUDP&sock=14877_46f2_4>
...
009 (29707.064.000) 01/31 16:16:03 Job was aborted by the user.
	via condor_rm (by user zhangliang)
...
000 (29725.064.000) 01/31 16:16:10 Job submitted from host: <172.16.11.200:9618?addrs=172.16.11.200-9618&noUDP&sock=14877_46f2_4>
...
001 (29725.064.000) 01/31 19:09:36 Job executing on host: <172.16.11.234:9618?addrs=172.16.11.234-9618&alias=pc-farm4&noUDP&sock=startd_5195_3aff>
...
006 (29725.064.000) 01/31 19:09:45 Image size of job updated: 437416
	49  -  MemoryUsage of job (MB)
	49728  -  ResidentSetSize of job (KB)
...
006 (29725.064.000) 01/31 19:19:47 Image size of job updated: 438196
	49  -  MemoryUsage of job (MB)
	49732  -  ResidentSetSize of job (KB)
...
005 (29725.064.000) 01/31 20:55:51 Job terminated.
	(1) Normal termination (return value 0)
		Usr 0 01:46:14, Sys 0 00:00:00  -  Run Remote Usage
		Usr 0 00:00:00, Sys 0 00:00:00  -  Run Local Usage
		Usr 0 01:46:14, Sys 0 00:00:00  -  Total Remote Usage
		Usr 0 00:00:00, Sys 0 00:00:00  -  Total Local Usage
	0  -  Run Bytes Sent By Job
	0  -  Run Bytes Received By Job
	0  -  Total Bytes Sent By Job
	0  -  Total Bytes Received By Job
	Partitionable Resources :    Usage  Request Allocated 
	   Cpus                 :     1.00        1         1 
	   Disk (KB)            :     1           1    255907 
	   Memory (MB)          :    49           1       999 
...
