000 (28203.004.000) 12/31 10:12:06 Job submitted from host: <172.16.11.200:9618?addrs=172.16.11.200-9618&noUDP&sock=14877_46f2_4>
...
001 (28203.004.000) 12/31 10:12:08 Job executing on host: <172.16.11.233:9618?addrs=172.16.11.233-9618&alias=pc-farm3&noUDP&sock=startd_4556_edfa>
...
006 (28203.004.000) 12/31 10:12:17 Image size of job updated: 38100
	38  -  MemoryUsage of job (MB)
	38100  -  ResidentSetSize of job (KB)
...
006 (28203.004.000) 12/31 10:22:18 Image size of job updated: 38228
	38  -  MemoryUsage of job (MB)
	38228  -  ResidentSetSize of job (KB)
...
006 (28203.004.000) 12/31 10:32:19 Image size of job updated: 38312
	38  -  MemoryUsage of job (MB)
	38312  -  ResidentSetSize of job (KB)
...
006 (28203.004.000) 12/31 10:37:20 Image size of job updated: 38396
	38  -  MemoryUsage of job (MB)
	38396  -  ResidentSetSize of job (KB)
...
006 (28203.004.000) 12/31 10:42:20 Image size of job updated: 38476
	38  -  MemoryUsage of job (MB)
	38476  -  ResidentSetSize of job (KB)
...
006 (28203.004.000) 12/31 10:47:21 Image size of job updated: 38720
	38  -  MemoryUsage of job (MB)
	38720  -  ResidentSetSize of job (KB)
...
006 (28203.004.000) 12/31 11:02:22 Image size of job updated: 38904
	38  -  MemoryUsage of job (MB)
	38904  -  ResidentSetSize of job (KB)
...
006 (28203.004.000) 12/31 11:12:24 Image size of job updated: 39104
	39  -  MemoryUsage of job (MB)
	39104  -  ResidentSetSize of job (KB)
...
006 (28203.004.000) 12/31 11:22:25 Image size of job updated: 39136
	39  -  MemoryUsage of job (MB)
	39136  -  ResidentSetSize of job (KB)
...
006 (28203.004.000) 12/31 11:27:26 Image size of job updated: 39212
	39  -  MemoryUsage of job (MB)
	39212  -  ResidentSetSize of job (KB)
...
006 (28203.004.000) 12/31 11:32:26 Image size of job updated: 39324
	39  -  MemoryUsage of job (MB)
	39324  -  ResidentSetSize of job (KB)
...
006 (28203.004.000) 12/31 11:37:27 Image size of job updated: 39400
	39  -  MemoryUsage of job (MB)
	39400  -  ResidentSetSize of job (KB)
...
006 (28203.004.000) 12/31 11:42:28 Image size of job updated: 39600
	39  -  MemoryUsage of job (MB)
	39600  -  ResidentSetSize of job (KB)
...
006 (28203.004.000) 12/31 11:52:28 Image size of job updated: 39664
	39  -  MemoryUsage of job (MB)
	39664  -  ResidentSetSize of job (KB)
...
006 (28203.004.000) 12/31 11:57:30 Image size of job updated: 39744
	39  -  MemoryUsage of job (MB)
	39744  -  ResidentSetSize of job (KB)
...
006 (28203.004.000) 12/31 12:02:30 Image size of job updated: 39980
	40  -  MemoryUsage of job (MB)
	39980  -  ResidentSetSize of job (KB)
...
006 (28203.004.000) 12/31 12:07:30 Image size of job updated: 40056
	40  -  MemoryUsage of job (MB)
	40056  -  ResidentSetSize of job (KB)
...
006 (28203.004.000) 12/31 12:12:31 Image size of job updated: 40136
	40  -  MemoryUsage of job (MB)
	40136  -  ResidentSetSize of job (KB)
...
006 (28203.004.000) 12/31 12:17:32 Image size of job updated: 40212
	40  -  MemoryUsage of job (MB)
	40212  -  ResidentSetSize of job (KB)
...
006 (28203.004.000) 12/31 12:27:32 Image size of job updated: 40524
	40  -  MemoryUsage of job (MB)
	40524  -  ResidentSetSize of job (KB)
...
005 (28203.004.000) 12/31 12:39:36 Job terminated.
	(1) Normal termination (return value 0)
		Usr 0 02:23:47, Sys 0 00:00:04  -  Run Remote Usage
		Usr 0 00:00:00, Sys 0 00:00:00  -  Run Local Usage
		Usr 0 02:23:47, Sys 0 00:00:04  -  Total Remote Usage
		Usr 0 00:00:00, Sys 0 00:00:00  -  Total Local Usage
	0  -  Run Bytes Sent By Job
	0  -  Run Bytes Received By Job
	0  -  Total Bytes Sent By Job
	0  -  Total Bytes Received By Job
	Partitionable Resources :    Usage  Request Allocated 
	   Cpus                 :     0.98        1         1 
	   Disk (KB)            :     1           1    254050 
	   Memory (MB)          :    40           1      1005 
...
000 (28206.004.000) 12/31 14:09:35 Job submitted from host: <172.16.11.200:9618?addrs=172.16.11.200-9618&noUDP&sock=14877_46f2_4>
...
001 (28206.004.000) 12/31 14:11:36 Job executing on host: <172.16.11.231:9618?addrs=172.16.11.231-9618&noUDP&sock=startd_22895_f54e_4>
...
006 (28206.004.000) 12/31 14:11:45 Image size of job updated: 35004
	35  -  MemoryUsage of job (MB)
	35004  -  ResidentSetSize of job (KB)
...
006 (28206.004.000) 01/01 01:22:52 Image size of job updated: 35116
	35  -  MemoryUsage of job (MB)
	35116  -  ResidentSetSize of job (KB)
...
006 (28206.004.000) 01/01 10:56:02 Image size of job updated: 423324
	35  -  MemoryUsage of job (MB)
	35116  -  ResidentSetSize of job (KB)
...
005 (28206.004.000) 01/01 10:56:02 Job terminated.
	(1) Normal termination (return value 0)
		Usr 0 20:37:57, Sys 0 00:00:01  -  Run Remote Usage
		Usr 0 00:00:00, Sys 0 00:00:00  -  Run Local Usage
		Usr 0 20:37:57, Sys 0 00:00:01  -  Total Remote Usage
		Usr 0 00:00:00, Sys 0 00:00:00  -  Total Local Usage
	0  -  Run Bytes Sent By Job
	0  -  Run Bytes Received By Job
	0  -  Total Bytes Sent By Job
	0  -  Total Bytes Received By Job
	Partitionable Resources :    Usage  Request Allocated 
	   Cpus                 :     1.00        1         1 
	   Disk (KB)            :     1           1    241059 
	   Memory (MB)          :    35           1      2008 
...
000 (28248.004.000) 01/05 15:45:55 Job submitted from host: <172.16.11.200:9618?addrs=172.16.11.200-9618&noUDP&sock=14877_46f2_4>
...
001 (28248.004.000) 01/05 15:57:21 Job executing on host: <172.16.11.234:9618?addrs=172.16.11.234-9618&alias=pc-farm4&noUDP&sock=startd_5195_3aff>
...
006 (28248.004.000) 01/05 15:57:29 Image size of job updated: 422640
	35  -  MemoryUsage of job (MB)
	34944  -  ResidentSetSize of job (KB)
...
006 (28248.004.000) 01/05 16:12:31 Image size of job updated: 423424
	35  -  MemoryUsage of job (MB)
	34948  -  ResidentSetSize of job (KB)
...
005 (28248.004.000) 01/06 00:52:20 Job terminated.
	(1) Normal termination (return value 0)
		Usr 0 08:33:07, Sys 0 00:00:02  -  Run Remote Usage
		Usr 0 00:00:00, Sys 0 00:00:00  -  Run Local Usage
		Usr 0 08:33:07, Sys 0 00:00:02  -  Total Remote Usage
		Usr 0 00:00:00, Sys 0 00:00:00  -  Total Local Usage
	0  -  Run Bytes Sent By Job
	0  -  Run Bytes Received By Job
	0  -  Total Bytes Sent By Job
	0  -  Total Bytes Received By Job
	Partitionable Resources :    Usage  Request Allocated 
	   Cpus                 :     0.98        1         1 
	   Disk (KB)            :     1           1    255907 
	   Memory (MB)          :    35           1       999 
...
000 (28271.004.000) 01/06 15:26:51 Job submitted from host: <172.16.11.200:9618?addrs=172.16.11.200-9618&noUDP&sock=14877_46f2_4>
...
001 (28271.004.000) 01/06 15:36:21 Job executing on host: <172.16.11.233:9618?addrs=172.16.11.233-9618&alias=pc-farm3&noUDP&sock=startd_4556_edfa>
...
006 (28271.004.000) 01/06 15:36:30 Image size of job updated: 38408
	38  -  MemoryUsage of job (MB)
	38408  -  ResidentSetSize of job (KB)
...
004 (28271.004.000) 01/06 15:47:45 Job was evicted.
	(0) CPU times
		Usr 0 00:11:04, Sys 0 00:00:00  -  Run Remote Usage
		Usr 0 00:00:00, Sys 0 00:00:00  -  Run Local Usage
	0  -  Run Bytes Sent By Job
	0  -  Run Bytes Received By Job
	Partitionable Resources :    Usage  Request Allocated 
	   Cpus                 :     0.90        1         1 
	   Disk (KB)            :     1           1    254050 
	   Memory (MB)          :    38           1      1005 
...
009 (28271.004.000) 01/06 15:47:45 Job was aborted by the user.
	via condor_rm (by user zhangliang)
...
