000 (28203.060.000) 12/31 10:12:06 Job submitted from host: <172.16.11.200:9618?addrs=172.16.11.200-9618&noUDP&sock=14877_46f2_4>
...
001 (28203.060.000) 12/31 10:12:13 Job executing on host: <172.16.11.231:9618?addrs=172.16.11.231-9618&noUDP&sock=startd_22895_f54e_4>
...
006 (28203.060.000) 12/31 10:12:21 Image size of job updated: 35228
	35  -  MemoryUsage of job (MB)
	35228  -  ResidentSetSize of job (KB)
...
006 (28203.060.000) 12/31 10:22:22 Image size of job updated: 35344
	35  -  MemoryUsage of job (MB)
	35344  -  ResidentSetSize of job (KB)
...
006 (28203.060.000) 12/31 13:14:29 Image size of job updated: 310160
	35  -  MemoryUsage of job (MB)
	35344  -  ResidentSetSize of job (KB)
...
004 (28203.060.000) 12/31 13:14:29 Job was evicted.
	(0) CPU times
		Usr 0 03:02:12, Sys 0 00:00:00  -  Run Remote Usage
		Usr 0 00:00:00, Sys 0 00:00:00  -  Run Local Usage
	0  -  Run Bytes Sent By Job
	0  -  Run Bytes Received By Job
	Partitionable Resources :    Usage  Request Allocated 
	   Cpus                 :     1.00        1         1 
	   Disk (KB)            :     1           1    241059 
	   Memory (MB)          :    35           1      2008 
...
009 (28203.060.000) 12/31 13:14:29 Job was aborted by the user.
	via condor_rm (by user zhangliang)
...
000 (28206.060.000) 12/31 14:09:35 Job submitted from host: <172.16.11.200:9618?addrs=172.16.11.200-9618&noUDP&sock=14877_46f2_4>
...
001 (28206.060.000) 12/31 14:23:38 Job executing on host: <172.16.11.231:9618?addrs=172.16.11.231-9618&noUDP&sock=startd_22895_f54e_4>
...
006 (28206.060.000) 12/31 14:23:46 Image size of job updated: 35296
	35  -  MemoryUsage of job (MB)
	35296  -  ResidentSetSize of job (KB)
...
006 (28206.060.000) 01/01 01:39:56 Image size of job updated: 35936
	36  -  MemoryUsage of job (MB)
	35936  -  ResidentSetSize of job (KB)
...
006 (28206.060.000) 01/01 12:19:46 Image size of job updated: 423324
	36  -  MemoryUsage of job (MB)
	35936  -  ResidentSetSize of job (KB)
...
005 (28206.060.000) 01/01 12:19:47 Job terminated.
	(1) Normal termination (return value 0)
		Usr 0 21:55:50, Sys 0 00:00:01  -  Run Remote Usage
		Usr 0 00:00:00, Sys 0 00:00:00  -  Run Local Usage
		Usr 0 21:55:50, Sys 0 00:00:01  -  Total Remote Usage
		Usr 0 00:00:00, Sys 0 00:00:00  -  Total Local Usage
	0  -  Run Bytes Sent By Job
	0  -  Run Bytes Received By Job
	0  -  Total Bytes Sent By Job
	0  -  Total Bytes Received By Job
	Partitionable Resources :    Usage  Request Allocated 
	   Cpus                 :     1.00        1         1 
	   Disk (KB)            :     1           1    241059 
	   Memory (MB)          :    36           1      2008 
...
000 (28248.060.000) 01/05 15:45:56 Job submitted from host: <172.16.11.200:9618?addrs=172.16.11.200-9618&noUDP&sock=14877_46f2_4>
...
001 (28248.060.000) 01/05 17:23:34 Job executing on host: <172.16.11.233:9618?addrs=172.16.11.233-9618&alias=pc-farm3&noUDP&sock=startd_4556_edfa>
...
006 (28248.060.000) 01/05 17:23:43 Image size of job updated: 39260
	39  -  MemoryUsage of job (MB)
	39260  -  ResidentSetSize of job (KB)
...
006 (28248.060.000) 01/05 18:38:51 Image size of job updated: 39384
	39  -  MemoryUsage of job (MB)
	39384  -  ResidentSetSize of job (KB)
...
006 (28248.060.000) 01/05 19:03:54 Image size of job updated: 39392
	39  -  MemoryUsage of job (MB)
	39392  -  ResidentSetSize of job (KB)
...
006 (28248.060.000) 01/05 19:08:54 Image size of job updated: 39408
	39  -  MemoryUsage of job (MB)
	39408  -  ResidentSetSize of job (KB)
...
006 (28248.060.000) 01/05 19:13:54 Image size of job updated: 39552
	39  -  MemoryUsage of job (MB)
	39552  -  ResidentSetSize of job (KB)
...
006 (28248.060.000) 01/05 19:18:56 Image size of job updated: 39568
	39  -  MemoryUsage of job (MB)
	39568  -  ResidentSetSize of job (KB)
...
006 (28248.060.000) 01/05 19:38:58 Image size of job updated: 39644
	39  -  MemoryUsage of job (MB)
	39644  -  ResidentSetSize of job (KB)
...
006 (28248.060.000) 01/05 19:48:59 Image size of job updated: 39684
	39  -  MemoryUsage of job (MB)
	39684  -  ResidentSetSize of job (KB)
...
006 (28248.060.000) 01/05 19:54:00 Image size of job updated: 39736
	39  -  MemoryUsage of job (MB)
	39736  -  ResidentSetSize of job (KB)
...
006 (28248.060.000) 01/05 19:59:00 Image size of job updated: 39756
	39  -  MemoryUsage of job (MB)
	39756  -  ResidentSetSize of job (KB)
...
006 (28248.060.000) 01/05 20:09:01 Image size of job updated: 39792
	39  -  MemoryUsage of job (MB)
	39792  -  ResidentSetSize of job (KB)
...
006 (28248.060.000) 01/05 20:14:01 Image size of job updated: 39816
	39  -  MemoryUsage of job (MB)
	39816  -  ResidentSetSize of job (KB)
...
006 (28248.060.000) 01/05 20:19:01 Image size of job updated: 39836
	39  -  MemoryUsage of job (MB)
	39836  -  ResidentSetSize of job (KB)
...
006 (28248.060.000) 01/05 20:29:03 Image size of job updated: 39880
	39  -  MemoryUsage of job (MB)
	39880  -  ResidentSetSize of job (KB)
...
006 (28248.060.000) 01/05 20:59:07 Image size of job updated: 39912
	39  -  MemoryUsage of job (MB)
	39912  -  ResidentSetSize of job (KB)
...
006 (28248.060.000) 01/05 21:04:07 Image size of job updated: 39932
	39  -  MemoryUsage of job (MB)
	39932  -  ResidentSetSize of job (KB)
...
006 (28248.060.000) 01/05 21:09:07 Image size of job updated: 40080
	40  -  MemoryUsage of job (MB)
	40080  -  ResidentSetSize of job (KB)
...
006 (28248.060.000) 01/05 21:14:08 Image size of job updated: 40224
	40  -  MemoryUsage of job (MB)
	40224  -  ResidentSetSize of job (KB)
...
006 (28248.060.000) 01/05 21:44:11 Image size of job updated: 40232
	40  -  MemoryUsage of job (MB)
	40232  -  ResidentSetSize of job (KB)
...
006 (28248.060.000) 01/05 21:54:12 Image size of job updated: 40316
	40  -  MemoryUsage of job (MB)
	40316  -  ResidentSetSize of job (KB)
...
006 (28248.060.000) 01/05 21:59:12 Image size of job updated: 40340
	40  -  MemoryUsage of job (MB)
	40340  -  ResidentSetSize of job (KB)
...
006 (28248.060.000) 01/05 22:04:13 Image size of job updated: 40364
	40  -  MemoryUsage of job (MB)
	40364  -  ResidentSetSize of job (KB)
...
006 (28248.060.000) 01/05 22:09:13 Image size of job updated: 40688
	40  -  MemoryUsage of job (MB)
	40688  -  ResidentSetSize of job (KB)
...
006 (28248.060.000) 01/05 22:14:13 Image size of job updated: 40716
	40  -  MemoryUsage of job (MB)
	40716  -  ResidentSetSize of job (KB)
...
006 (28248.060.000) 01/05 22:19:15 Image size of job updated: 40740
	40  -  MemoryUsage of job (MB)
	40740  -  ResidentSetSize of job (KB)
...
006 (28248.060.000) 01/05 22:24:15 Image size of job updated: 40780
	40  -  MemoryUsage of job (MB)
	40780  -  ResidentSetSize of job (KB)
...
006 (28248.060.000) 01/05 22:29:15 Image size of job updated: 40812
	40  -  MemoryUsage of job (MB)
	40812  -  ResidentSetSize of job (KB)
...
006 (28248.060.000) 01/05 22:34:16 Image size of job updated: 40836
	40  -  MemoryUsage of job (MB)
	40836  -  ResidentSetSize of job (KB)
...
006 (28248.060.000) 01/05 22:39:17 Image size of job updated: 40852
	40  -  MemoryUsage of job (MB)
	40852  -  ResidentSetSize of job (KB)
...
006 (28248.060.000) 01/05 22:44:17 Image size of job updated: 40940
	40  -  MemoryUsage of job (MB)
	40940  -  ResidentSetSize of job (KB)
...
006 (28248.060.000) 01/05 22:49:18 Image size of job updated: 40972
	41  -  MemoryUsage of job (MB)
	40972  -  ResidentSetSize of job (KB)
...
006 (28248.060.000) 01/05 22:54:19 Image size of job updated: 41012
	41  -  MemoryUsage of job (MB)
	41012  -  ResidentSetSize of job (KB)
...
006 (28248.060.000) 01/05 23:09:20 Image size of job updated: 41072
	41  -  MemoryUsage of job (MB)
	41072  -  ResidentSetSize of job (KB)
...
006 (28248.060.000) 01/05 23:14:20 Image size of job updated: 41112
	41  -  MemoryUsage of job (MB)
	41112  -  ResidentSetSize of job (KB)
...
006 (28248.060.000) 01/05 23:29:22 Image size of job updated: 41216
	41  -  MemoryUsage of job (MB)
	41216  -  ResidentSetSize of job (KB)
...
006 (28248.060.000) 01/05 23:49:25 Image size of job updated: 41296
	41  -  MemoryUsage of job (MB)
	41296  -  ResidentSetSize of job (KB)
...
006 (28248.060.000) 01/06 00:24:29 Image size of job updated: 41304
	41  -  MemoryUsage of job (MB)
	41304  -  ResidentSetSize of job (KB)
...
006 (28248.060.000) 01/06 00:29:29 Image size of job updated: 41444
	41  -  MemoryUsage of job (MB)
	41444  -  ResidentSetSize of job (KB)
...
006 (28248.060.000) 01/06 00:59:32 Image size of job updated: 41584
	41  -  MemoryUsage of job (MB)
	41584  -  ResidentSetSize of job (KB)
...
006 (28248.060.000) 01/06 01:09:34 Image size of job updated: 41628
	41  -  MemoryUsage of job (MB)
	41628  -  ResidentSetSize of job (KB)
...
006 (28248.060.000) 01/06 01:19:34 Image size of job updated: 41704
	41  -  MemoryUsage of job (MB)
	41704  -  ResidentSetSize of job (KB)
...
006 (28248.060.000) 01/06 01:34:36 Image size of job updated: 41768
	41  -  MemoryUsage of job (MB)
	41768  -  ResidentSetSize of job (KB)
...
005 (28248.060.000) 01/06 01:37:34 Job terminated.
	(1) Normal termination (return value 0)
		Usr 0 07:56:07, Sys 0 00:00:06  -  Run Remote Usage
		Usr 0 00:00:00, Sys 0 00:00:00  -  Run Local Usage
		Usr 0 07:56:07, Sys 0 00:00:06  -  Total Remote Usage
		Usr 0 00:00:00, Sys 0 00:00:00  -  Total Local Usage
	0  -  Run Bytes Sent By Job
	0  -  Run Bytes Received By Job
	0  -  Total Bytes Sent By Job
	0  -  Total Bytes Received By Job
	Partitionable Resources :    Usage  Request Allocated 
	   Cpus                 :     1.00        1         1 
	   Disk (KB)            :     1           1    254050 
	   Memory (MB)          :    41           1      1005 
...
000 (28271.060.000) 01/06 15:26:51 Job submitted from host: <172.16.11.200:9618?addrs=172.16.11.200-9618&noUDP&sock=14877_46f2_4>
...
009 (28271.060.000) 01/06 15:47:45 Job was aborted by the user.
	via condor_rm (by user zhangliang)
...
000 (29325.060.000) 01/22 22:42:18 Job submitted from host: <172.16.11.200:9618?addrs=172.16.11.200-9618&noUDP&sock=14877_46f2_4>
...
001 (29325.060.000) 01/23 04:35:37 Job executing on host: <172.16.11.231:9618?addrs=172.16.11.231-9618&noUDP&sock=startd_22895_f54e_4>
...
006 (29325.060.000) 01/23 04:35:46 Image size of job updated: 35336
	35  -  MemoryUsage of job (MB)
	35336  -  ResidentSetSize of job (KB)
...
006 (29325.060.000) 01/23 05:50:53 Image size of job updated: 35468
	35  -  MemoryUsage of job (MB)
	35468  -  ResidentSetSize of job (KB)
...
005 (29325.060.000) 01/23 19:04:53 Job terminated.
	(1) Normal termination (return value 0)
		Usr 0 14:29:06, Sys 0 00:00:05  -  Run Remote Usage
		Usr 0 00:00:00, Sys 0 00:00:00  -  Run Local Usage
		Usr 0 14:29:06, Sys 0 00:00:05  -  Total Remote Usage
		Usr 0 00:00:00, Sys 0 00:00:00  -  Total Local Usage
	0  -  Run Bytes Sent By Job
	0  -  Run Bytes Received By Job
	0  -  Total Bytes Sent By Job
	0  -  Total Bytes Received By Job
	Partitionable Resources :    Usage  Request Allocated 
	   Cpus                 :     1.00        1         1 
	   Disk (KB)            :     1           1    241059 
	   Memory (MB)          :    35           1      2008 
...
000 (29520.060.000) 01/25 22:31:42 Job submitted from host: <172.16.11.200:9618?addrs=172.16.11.200-9618&noUDP&sock=14877_46f2_4>
...
001 (29520.060.000) 01/25 23:19:17 Job executing on host: <172.16.11.232:9618?addrs=172.16.11.232-9618&alias=pc-farm2&noUDP&sock=startd_4986_dfb4_4>
...
006 (29520.060.000) 01/25 23:19:26 Image size of job updated: 35836
	35  -  MemoryUsage of job (MB)
	35836  -  ResidentSetSize of job (KB)
...
006 (29520.060.000) 01/26 00:34:33 Image size of job updated: 36052
	36  -  MemoryUsage of job (MB)
	36052  -  ResidentSetSize of job (KB)
...
006 (29520.060.000) 01/26 14:06:27 Image size of job updated: 311124
	36  -  MemoryUsage of job (MB)
	36052  -  ResidentSetSize of job (KB)
...
004 (29520.060.000) 01/26 14:06:27 Job was evicted.
	(0) CPU times
		Usr 0 14:38:20, Sys 0 00:00:03  -  Run Remote Usage
		Usr 0 00:00:00, Sys 0 00:00:00  -  Run Local Usage
	0  -  Run Bytes Sent By Job
	0  -  Run Bytes Received By Job
	Partitionable Resources :    Usage  Request Allocated 
	   Cpus                 :     1.00        1         1 
	   Disk (KB)            :     1           1    245927 
	   Memory (MB)          :    36           1      1005 
...
009 (29520.060.000) 01/26 14:06:27 Job was aborted by the user.
	via condor_rm (by user zhangliang)
...
000 (29539.060.000) 01/26 14:07:21 Job submitted from host: <172.16.11.200:9618?addrs=172.16.11.200-9618&noUDP&sock=14877_46f2_4>
...
001 (29539.060.000) 01/27 08:37:10 Job executing on host: <172.16.11.231:9618?addrs=172.16.11.231-9618&noUDP&sock=startd_22895_f54e_4>
...
006 (29539.060.000) 01/27 08:37:19 Image size of job updated: 36008
	36  -  MemoryUsage of job (MB)
	36008  -  ResidentSetSize of job (KB)
...
006 (29539.060.000) 01/27 09:49:16 Image size of job updated: 311100
	36  -  MemoryUsage of job (MB)
	36008  -  ResidentSetSize of job (KB)
...
004 (29539.060.000) 01/27 09:49:16 Job was evicted.
	(0) CPU times
		Usr 0 01:12:04, Sys 0 00:00:00  -  Run Remote Usage
		Usr 0 00:00:00, Sys 0 00:00:00  -  Run Local Usage
	0  -  Run Bytes Sent By Job
	0  -  Run Bytes Received By Job
	Partitionable Resources :    Usage  Request Allocated 
	   Cpus                 :     1.00        1         1 
	   Disk (KB)            :     1           1    241059 
	   Memory (MB)          :    36           1      2008 
...
009 (29539.060.000) 01/27 09:49:16 Job was aborted by the user.
	via condor_rm (by user zhangliang)
...
000 (29554.060.000) 01/27 10:11:07 Job submitted from host: <172.16.11.200:9618?addrs=172.16.11.200-9618&noUDP&sock=14877_46f2_4>
...
001 (29554.060.000) 01/27 15:13:28 Job executing on host: <172.16.11.231:9618?addrs=172.16.11.231-9618&noUDP&sock=startd_22895_f54e_4>
...
006 (29554.060.000) 01/27 15:13:36 Image size of job updated: 35608
	35  -  MemoryUsage of job (MB)
	35608  -  ResidentSetSize of job (KB)
...
006 (29554.060.000) 01/27 15:58:42 Image size of job updated: 36580
	36  -  MemoryUsage of job (MB)
	36580  -  ResidentSetSize of job (KB)
...
006 (29554.060.000) 01/27 20:11:45 Image size of job updated: 424264
	36  -  MemoryUsage of job (MB)
	36580  -  ResidentSetSize of job (KB)
...
005 (29554.060.000) 01/27 20:11:45 Job terminated.
	(1) Normal termination (return value 0)
		Usr 0 04:57:58, Sys 0 00:00:13  -  Run Remote Usage
		Usr 0 00:00:00, Sys 0 00:00:00  -  Run Local Usage
		Usr 0 04:57:58, Sys 0 00:00:13  -  Total Remote Usage
		Usr 0 00:00:00, Sys 0 00:00:00  -  Total Local Usage
	0  -  Run Bytes Sent By Job
	0  -  Run Bytes Received By Job
	0  -  Total Bytes Sent By Job
	0  -  Total Bytes Received By Job
	Partitionable Resources :    Usage  Request Allocated 
	   Cpus                 :     1.00        1         1 
	   Disk (KB)            :     1           1    241059 
	   Memory (MB)          :    36           1      2008 
...
000 (29604.060.000) 01/27 21:59:06 Job submitted from host: <172.16.11.200:9618?addrs=172.16.11.200-9618&noUDP&sock=14877_46f2_4>
...
001 (29604.060.000) 01/28 09:46:01 Job executing on host: <172.16.11.233:9618?addrs=172.16.11.233-9618&alias=pc-farm3&noUDP&sock=startd_4556_edfa>
...
006 (29604.060.000) 01/28 09:46:10 Image size of job updated: 40192
	40  -  MemoryUsage of job (MB)
	40192  -  ResidentSetSize of job (KB)
...
006 (29604.060.000) 01/28 10:01:11 Image size of job updated: 40328
	40  -  MemoryUsage of job (MB)
	40328  -  ResidentSetSize of job (KB)
...
006 (29604.060.000) 01/28 10:51:15 Image size of job updated: 40348
	40  -  MemoryUsage of job (MB)
	40348  -  ResidentSetSize of job (KB)
...
006 (29604.060.000) 01/28 10:56:16 Image size of job updated: 40544
	40  -  MemoryUsage of job (MB)
	40544  -  ResidentSetSize of job (KB)
...
006 (29604.060.000) 01/28 11:01:17 Image size of job updated: 41024
	41  -  MemoryUsage of job (MB)
	41024  -  ResidentSetSize of job (KB)
...
006 (29604.060.000) 01/28 11:36:20 Image size of job updated: 41092
	41  -  MemoryUsage of job (MB)
	41092  -  ResidentSetSize of job (KB)
...
006 (29604.060.000) 01/28 11:41:20 Image size of job updated: 41288
	41  -  MemoryUsage of job (MB)
	41288  -  ResidentSetSize of job (KB)
...
006 (29604.060.000) 01/28 11:51:22 Image size of job updated: 41336
	41  -  MemoryUsage of job (MB)
	41336  -  ResidentSetSize of job (KB)
...
006 (29604.060.000) 01/28 11:56:22 Image size of job updated: 41528
	41  -  MemoryUsage of job (MB)
	41528  -  ResidentSetSize of job (KB)
...
006 (29604.060.000) 01/28 12:06:23 Image size of job updated: 41672
	41  -  MemoryUsage of job (MB)
	41672  -  ResidentSetSize of job (KB)
...
006 (29604.060.000) 01/28 12:16:25 Image size of job updated: 41728
	41  -  MemoryUsage of job (MB)
	41728  -  ResidentSetSize of job (KB)
...
006 (29604.060.000) 01/28 12:21:25 Image size of job updated: 41800
	41  -  MemoryUsage of job (MB)
	41800  -  ResidentSetSize of job (KB)
...
006 (29604.060.000) 01/28 12:26:26 Image size of job updated: 42120
	42  -  MemoryUsage of job (MB)
	42120  -  ResidentSetSize of job (KB)
...
006 (29604.060.000) 01/28 12:31:27 Image size of job updated: 42192
	42  -  MemoryUsage of job (MB)
	42192  -  ResidentSetSize of job (KB)
...
005 (29604.060.000) 01/28 12:32:43 Job terminated.
	(1) Normal termination (return value 0)
		Usr 0 02:43:21, Sys 0 00:00:05  -  Run Remote Usage
		Usr 0 00:00:00, Sys 0 00:00:00  -  Run Local Usage
		Usr 0 02:43:21, Sys 0 00:00:05  -  Total Remote Usage
		Usr 0 00:00:00, Sys 0 00:00:00  -  Total Local Usage
	0  -  Run Bytes Sent By Job
	0  -  Run Bytes Received By Job
	0  -  Total Bytes Sent By Job
	0  -  Total Bytes Received By Job
	Partitionable Resources :    Usage  Request Allocated 
	   Cpus                 :     1.00        1         1 
	   Disk (KB)            :     1           1    254050 
	   Memory (MB)          :    42           1      1005 
...
000 (29616.060.000) 01/28 14:59:33 Job submitted from host: <172.16.11.200:9618?addrs=172.16.11.200-9618&noUDP&sock=14877_46f2_4>
...
009 (29616.060.000) 01/28 15:00:13 Job was aborted by the user.
	via condor_rm (by user zhangliang)
...
000 (29617.060.000) 01/28 15:01:04 Job submitted from host: <172.16.11.200:9618?addrs=172.16.11.200-9618&noUDP&sock=14877_46f2_4>
...
001 (29617.060.000) 01/28 15:05:04 Job executing on host: <172.16.11.232:9618?addrs=172.16.11.232-9618&alias=pc-farm2&noUDP&sock=startd_4986_dfb4_4>
...
006 (29617.060.000) 01/28 15:05:14 Image size of job updated: 35992
	36  -  MemoryUsage of job (MB)
	35992  -  ResidentSetSize of job (KB)
...
005 (29617.060.000) 01/28 16:52:45 Job terminated.
	(1) Normal termination (return value 0)
		Usr 0 01:47:35, Sys 0 00:00:02  -  Run Remote Usage
		Usr 0 00:00:00, Sys 0 00:00:00  -  Run Local Usage
		Usr 0 01:47:35, Sys 0 00:00:02  -  Total Remote Usage
		Usr 0 00:00:00, Sys 0 00:00:00  -  Total Local Usage
	0  -  Run Bytes Sent By Job
	0  -  Run Bytes Received By Job
	0  -  Total Bytes Sent By Job
	0  -  Total Bytes Received By Job
	Partitionable Resources :    Usage  Request Allocated 
	   Cpus                 :     0.98        1         1 
	   Disk (KB)            :     1           1    245927 
	   Memory (MB)          :    36           1      1005 
...
000 (29696.060.000) 01/30 20:13:16 Job submitted from host: <172.16.11.200:9618?addrs=172.16.11.200-9618&noUDP&sock=14877_46f2_4>
...
001 (29696.060.000) 01/30 21:44:01 Job executing on host: <172.16.11.234:9618?addrs=172.16.11.234-9618&alias=pc-farm4&noUDP&sock=startd_5195_3aff>
...
006 (29696.060.000) 01/30 21:44:10 Image size of job updated: 423580
	36  -  MemoryUsage of job (MB)
	35892  -  ResidentSetSize of job (KB)
...
006 (29696.060.000) 01/30 21:59:12 Image size of job updated: 424360
	36  -  MemoryUsage of job (MB)
	35896  -  ResidentSetSize of job (KB)
...
005 (29696.060.000) 01/30 23:38:42 Job terminated.
	(1) Normal termination (return value 0)
		Usr 0 01:54:40, Sys 0 00:00:00  -  Run Remote Usage
		Usr 0 00:00:00, Sys 0 00:00:00  -  Run Local Usage
		Usr 0 01:54:40, Sys 0 00:00:00  -  Total Remote Usage
		Usr 0 00:00:00, Sys 0 00:00:00  -  Total Local Usage
	0  -  Run Bytes Sent By Job
	0  -  Run Bytes Received By Job
	0  -  Total Bytes Sent By Job
	0  -  Total Bytes Received By Job
	Partitionable Resources :    Usage  Request Allocated 
	   Cpus                 :     1.00        1         1 
	   Disk (KB)            :     1           1    255907 
	   Memory (MB)          :    36           1       999 
...
000 (29706.060.000) 01/31 10:47:04 Job submitted from host: <172.16.11.200:9618?addrs=172.16.11.200-9618&noUDP&sock=14877_46f2_4>
...
001 (29706.060.000) 01/31 11:00:06 Job executing on host: <172.16.11.233:9618?addrs=172.16.11.233-9618&alias=pc-farm3&noUDP&sock=startd_4556_edfa>
...
006 (29706.060.000) 01/31 11:00:15 Image size of job updated: 54224
	53  -  MemoryUsage of job (MB)
	54224  -  ResidentSetSize of job (KB)
...
006 (29706.060.000) 01/31 12:05:21 Image size of job updated: 54288
	54  -  MemoryUsage of job (MB)
	54288  -  ResidentSetSize of job (KB)
...
006 (29706.060.000) 01/31 12:25:22 Image size of job updated: 54480
	54  -  MemoryUsage of job (MB)
	54480  -  ResidentSetSize of job (KB)
...
006 (29706.060.000) 01/31 12:30:22 Image size of job updated: 54492
	54  -  MemoryUsage of job (MB)
	54492  -  ResidentSetSize of job (KB)
...
005 (29706.060.000) 01/31 12:35:09 Job terminated.
	(1) Normal termination (return value 0)
		Usr 0 01:34:30, Sys 0 00:00:03  -  Run Remote Usage
		Usr 0 00:00:00, Sys 0 00:00:00  -  Run Local Usage
		Usr 0 01:34:30, Sys 0 00:00:03  -  Total Remote Usage
		Usr 0 00:00:00, Sys 0 00:00:00  -  Total Local Usage
	0  -  Run Bytes Sent By Job
	0  -  Run Bytes Received By Job
	0  -  Total Bytes Sent By Job
	0  -  Total Bytes Received By Job
	Partitionable Resources :    Usage  Request Allocated 
	   Cpus                 :     0.99        1         1 
	   Disk (KB)            :     1           1    254050 
	   Memory (MB)          :    54           1      1005 
...
000 (29707.060.000) 01/31 14:36:19 Job submitted from host: <172.16.11.200:9618?addrs=172.16.11.200-9618&noUDP&sock=14877_46f2_4>
...
009 (29707.060.000) 01/31 16:16:03 Job was aborted by the user.
	via condor_rm (by user zhangliang)
...
000 (29725.060.000) 01/31 16:16:10 Job submitted from host: <172.16.11.200:9618?addrs=172.16.11.200-9618&noUDP&sock=14877_46f2_4>
...
001 (29725.060.000) 01/31 19:07:37 Job executing on host: <172.16.11.234:9618?addrs=172.16.11.234-9618&alias=pc-farm4&noUDP&sock=startd_5195_3aff>
...
006 (29725.060.000) 01/31 19:07:45 Image size of job updated: 49724
	49  -  MemoryUsage of job (MB)
	49724  -  ResidentSetSize of job (KB)
...
006 (29725.060.000) 01/31 19:12:45 Image size of job updated: 437416
	49  -  MemoryUsage of job (MB)
	49724  -  ResidentSetSize of job (KB)
...
006 (29725.060.000) 01/31 19:17:46 Image size of job updated: 438196
	49  -  MemoryUsage of job (MB)
	49728  -  ResidentSetSize of job (KB)
...
005 (29725.060.000) 01/31 20:55:18 Job terminated.
	(1) Normal termination (return value 0)
		Usr 0 01:47:39, Sys 0 00:00:00  -  Run Remote Usage
		Usr 0 00:00:00, Sys 0 00:00:00  -  Run Local Usage
		Usr 0 01:47:39, Sys 0 00:00:00  -  Total Remote Usage
		Usr 0 00:00:00, Sys 0 00:00:00  -  Total Local Usage
	0  -  Run Bytes Sent By Job
	0  -  Run Bytes Received By Job
	0  -  Total Bytes Sent By Job
	0  -  Total Bytes Received By Job
	Partitionable Resources :    Usage  Request Allocated 
	   Cpus                 :     1.00        1         1 
	   Disk (KB)            :     1           1    255907 
	   Memory (MB)          :    49           1       999 
...
