000 (28203.073.000) 12/31 10:12:06 Job submitted from host: <172.16.11.200:9618?addrs=172.16.11.200-9618&noUDP&sock=14877_46f2_4>
...
001 (28203.073.000) 12/31 10:12:16 Job executing on host: <172.16.11.231:9618?addrs=172.16.11.231-9618&noUDP&sock=startd_22895_f54e_4>
...
006 (28203.073.000) 12/31 10:12:24 Image size of job updated: 35580
	35  -  MemoryUsage of job (MB)
	35580  -  ResidentSetSize of job (KB)
...
006 (28203.073.000) 12/31 10:27:26 Image size of job updated: 36324
	36  -  MemoryUsage of job (MB)
	36324  -  ResidentSetSize of job (KB)
...
005 (28203.073.000) 12/31 13:11:12 Job terminated.
	(1) Normal termination (return value 0)
		Usr 0 02:58:54, Sys 0 00:00:00  -  Run Remote Usage
		Usr 0 00:00:00, Sys 0 00:00:00  -  Run Local Usage
		Usr 0 02:58:54, Sys 0 00:00:00  -  Total Remote Usage
		Usr 0 00:00:00, Sys 0 00:00:00  -  Total Local Usage
	0  -  Run Bytes Sent By Job
	0  -  Run Bytes Received By Job
	0  -  Total Bytes Sent By Job
	0  -  Total Bytes Received By Job
	Partitionable Resources :    Usage  Request Allocated 
	   Cpus                 :     1.00        1         1 
	   Disk (KB)            :     1           1    241059 
	   Memory (MB)          :    36           1      2008 
...
000 (28206.073.000) 12/31 14:09:35 Job submitted from host: <172.16.11.200:9618?addrs=172.16.11.200-9618&noUDP&sock=14877_46f2_4>
...
001 (28206.073.000) 01/01 14:04:49 Job executing on host: <172.16.11.231:9618?addrs=172.16.11.231-9618&noUDP&sock=startd_22895_f54e_4>
...
006 (28206.073.000) 01/01 14:04:58 Image size of job updated: 34816
	34  -  MemoryUsage of job (MB)
	34816  -  ResidentSetSize of job (KB)
...
006 (28206.073.000) 01/01 15:05:04 Image size of job updated: 35840
	35  -  MemoryUsage of job (MB)
	35840  -  ResidentSetSize of job (KB)
...
006 (28206.073.000) 01/02 10:04:21 Image size of job updated: 423324
	35  -  MemoryUsage of job (MB)
	35840  -  ResidentSetSize of job (KB)
...
005 (28206.073.000) 01/02 10:04:21 Job terminated.
	(1) Normal termination (return value 0)
		Usr 0 19:58:59, Sys 0 00:00:02  -  Run Remote Usage
		Usr 0 00:00:00, Sys 0 00:00:00  -  Run Local Usage
		Usr 0 19:58:59, Sys 0 00:00:02  -  Total Remote Usage
		Usr 0 00:00:00, Sys 0 00:00:00  -  Total Local Usage
	0  -  Run Bytes Sent By Job
	0  -  Run Bytes Received By Job
	0  -  Total Bytes Sent By Job
	0  -  Total Bytes Received By Job
	Partitionable Resources :    Usage  Request Allocated 
	   Cpus                 :     1.00        1         1 
	   Disk (KB)            :     1           1    241059 
	   Memory (MB)          :    35           1      2008 
...
000 (28248.073.000) 01/05 15:45:56 Job submitted from host: <172.16.11.200:9618?addrs=172.16.11.200-9618&noUDP&sock=14877_46f2_4>
...
001 (28248.073.000) 01/05 17:39:33 Job executing on host: <172.16.11.231:9618?addrs=172.16.11.231-9618&noUDP&sock=startd_22895_f54e_4>
...
006 (28248.073.000) 01/05 17:39:42 Image size of job updated: 35260
	35  -  MemoryUsage of job (MB)
	35260  -  ResidentSetSize of job (KB)
...
005 (28248.073.000) 01/06 02:49:19 Job terminated.
	(1) Normal termination (return value 0)
		Usr 0 09:09:05, Sys 0 00:00:01  -  Run Remote Usage
		Usr 0 00:00:00, Sys 0 00:00:00  -  Run Local Usage
		Usr 0 09:09:05, Sys 0 00:00:01  -  Total Remote Usage
		Usr 0 00:00:00, Sys 0 00:00:00  -  Total Local Usage
	0  -  Run Bytes Sent By Job
	0  -  Run Bytes Received By Job
	0  -  Total Bytes Sent By Job
	0  -  Total Bytes Received By Job
	Partitionable Resources :    Usage  Request Allocated 
	   Cpus                 :     1.00        1         1 
	   Disk (KB)            :     1           1    241059 
	   Memory (MB)          :    35           1      2008 
...
000 (28271.073.000) 01/06 15:26:51 Job submitted from host: <172.16.11.200:9618?addrs=172.16.11.200-9618&noUDP&sock=14877_46f2_4>
...
009 (28271.073.000) 01/06 15:47:45 Job was aborted by the user.
	via condor_rm (by user zhangliang)
...
000 (29325.073.000) 01/22 22:42:18 Job submitted from host: <172.16.11.200:9618?addrs=172.16.11.200-9618&noUDP&sock=14877_46f2_4>
...
001 (29325.073.000) 01/23 04:37:36 Job executing on host: <172.16.11.234:9618?addrs=172.16.11.234-9618&alias=pc-farm4&noUDP&sock=startd_5195_3aff>
...
006 (29325.073.000) 01/23 04:37:44 Image size of job updated: 35536
	35  -  MemoryUsage of job (MB)
	35536  -  ResidentSetSize of job (KB)
...
006 (29325.073.000) 01/23 04:42:44 Image size of job updated: 423216
	35  -  MemoryUsage of job (MB)
	35536  -  ResidentSetSize of job (KB)
...
006 (29325.073.000) 01/23 04:52:46 Image size of job updated: 423996
	35  -  MemoryUsage of job (MB)
	35540  -  ResidentSetSize of job (KB)
...
005 (29325.073.000) 01/23 16:28:20 Job terminated.
	(1) Normal termination (return value 0)
		Usr 0 11:49:23, Sys 0 00:00:02  -  Run Remote Usage
		Usr 0 00:00:00, Sys 0 00:00:00  -  Run Local Usage
		Usr 0 11:49:23, Sys 0 00:00:02  -  Total Remote Usage
		Usr 0 00:00:00, Sys 0 00:00:00  -  Total Local Usage
	0  -  Run Bytes Sent By Job
	0  -  Run Bytes Received By Job
	0  -  Total Bytes Sent By Job
	0  -  Total Bytes Received By Job
	Partitionable Resources :    Usage  Request Allocated 
	   Cpus                 :     1.00        1         1 
	   Disk (KB)            :     1           1    255907 
	   Memory (MB)          :    35           1       999 
...
000 (29520.073.000) 01/25 22:31:42 Job submitted from host: <172.16.11.200:9618?addrs=172.16.11.200-9618&noUDP&sock=14877_46f2_4>
...
001 (29520.073.000) 01/25 23:26:06 Job executing on host: <172.16.11.234:9618?addrs=172.16.11.234-9618&alias=pc-farm4&noUDP&sock=startd_5195_3aff>
...
006 (29520.073.000) 01/25 23:26:15 Image size of job updated: 423580
	36  -  MemoryUsage of job (MB)
	35892  -  ResidentSetSize of job (KB)
...
006 (29520.073.000) 01/25 23:41:17 Image size of job updated: 424364
	36  -  MemoryUsage of job (MB)
	35896  -  ResidentSetSize of job (KB)
...
004 (29520.073.000) 01/26 14:06:26 Job was evicted.
	(0) CPU times
		Usr 0 13:18:23, Sys 0 00:00:05  -  Run Remote Usage
		Usr 0 00:00:00, Sys 0 00:00:00  -  Run Local Usage
	0  -  Run Bytes Sent By Job
	0  -  Run Bytes Received By Job
	Partitionable Resources :    Usage  Request Allocated 
	   Cpus                 :     0.92        1         1 
	   Disk (KB)            :     1           1    255907 
	   Memory (MB)          :    36           1       999 
...
009 (29520.073.000) 01/26 14:06:26 Job was aborted by the user.
	via condor_rm (by user zhangliang)
...
000 (29539.073.000) 01/26 14:07:21 Job submitted from host: <172.16.11.200:9618?addrs=172.16.11.200-9618&noUDP&sock=14877_46f2_4>
...
001 (29539.073.000) 01/27 08:39:10 Job executing on host: <172.16.11.232:9618?addrs=172.16.11.232-9618&alias=pc-farm2&noUDP&sock=startd_4986_dfb4_4>
...
006 (29539.073.000) 01/27 08:39:19 Image size of job updated: 35984
	36  -  MemoryUsage of job (MB)
	35984  -  ResidentSetSize of job (KB)
...
006 (29539.073.000) 01/27 09:29:24 Image size of job updated: 36672
	36  -  MemoryUsage of job (MB)
	36672  -  ResidentSetSize of job (KB)
...
006 (29539.073.000) 01/27 09:49:15 Image size of job updated: 424396
	36  -  MemoryUsage of job (MB)
	36672  -  ResidentSetSize of job (KB)
...
004 (29539.073.000) 01/27 09:49:15 Job was evicted.
	(0) CPU times
		Usr 0 01:10:03, Sys 0 00:00:00  -  Run Remote Usage
		Usr 0 00:00:00, Sys 0 00:00:00  -  Run Local Usage
	0  -  Run Bytes Sent By Job
	0  -  Run Bytes Received By Job
	Partitionable Resources :    Usage  Request Allocated 
	   Cpus                 :     1.00        1         1 
	   Disk (KB)            :     1           1    245927 
	   Memory (MB)          :    36           1      1005 
...
009 (29539.073.000) 01/27 09:49:15 Job was aborted by the user.
	via condor_rm (by user zhangliang)
...
000 (29554.073.000) 01/27 10:11:07 Job submitted from host: <172.16.11.200:9618?addrs=172.16.11.200-9618&noUDP&sock=14877_46f2_4>
...
001 (29554.073.000) 01/27 15:17:27 Job executing on host: <172.16.11.232:9618?addrs=172.16.11.232-9618&alias=pc-farm2&noUDP&sock=startd_4986_dfb4_4>
...
006 (29554.073.000) 01/27 15:17:36 Image size of job updated: 35872
	36  -  MemoryUsage of job (MB)
	35872  -  ResidentSetSize of job (KB)
...
006 (29554.073.000) 01/27 16:02:40 Image size of job updated: 35988
	36  -  MemoryUsage of job (MB)
	35988  -  ResidentSetSize of job (KB)
...
005 (29554.073.000) 01/27 18:34:15 Job terminated.
	(1) Normal termination (return value 0)
		Usr 0 03:16:45, Sys 0 00:00:01  -  Run Remote Usage
		Usr 0 00:00:00, Sys 0 00:00:00  -  Run Local Usage
		Usr 0 03:16:45, Sys 0 00:00:01  -  Total Remote Usage
		Usr 0 00:00:00, Sys 0 00:00:00  -  Total Local Usage
	0  -  Run Bytes Sent By Job
	0  -  Run Bytes Received By Job
	0  -  Total Bytes Sent By Job
	0  -  Total Bytes Received By Job
	Partitionable Resources :    Usage  Request Allocated 
	   Cpus                 :     1.00        1         1 
	   Disk (KB)            :     1           1    245927 
	   Memory (MB)          :    36           1      1005 
...
000 (29604.073.000) 01/27 21:59:06 Job submitted from host: <172.16.11.200:9618?addrs=172.16.11.200-9618&noUDP&sock=14877_46f2_4>
...
001 (29604.073.000) 01/28 09:46:07 Job executing on host: <172.16.11.231:9618?addrs=172.16.11.231-9618&noUDP&sock=startd_22895_f54e_4>
...
006 (29604.073.000) 01/28 09:46:17 Image size of job updated: 36172
	36  -  MemoryUsage of job (MB)
	36172  -  ResidentSetSize of job (KB)
...
005 (29604.073.000) 01/28 14:45:46 Job terminated.
	(1) Normal termination (return value 0)
		Usr 0 04:58:43, Sys 0 00:00:36  -  Run Remote Usage
		Usr 0 00:00:00, Sys 0 00:00:00  -  Run Local Usage
		Usr 0 04:58:43, Sys 0 00:00:36  -  Total Remote Usage
		Usr 0 00:00:00, Sys 0 00:00:00  -  Total Local Usage
	0  -  Run Bytes Sent By Job
	0  -  Run Bytes Received By Job
	0  -  Total Bytes Sent By Job
	0  -  Total Bytes Received By Job
	Partitionable Resources :    Usage  Request Allocated 
	   Cpus                 :     1.00        1         1 
	   Disk (KB)            :     1           1    241059 
	   Memory (MB)          :    36           1      2008 
...
000 (29616.073.000) 01/28 14:59:33 Job submitted from host: <172.16.11.200:9618?addrs=172.16.11.200-9618&noUDP&sock=14877_46f2_4>
...
009 (29616.073.000) 01/28 15:00:13 Job was aborted by the user.
	via condor_rm (by user zhangliang)
...
000 (29617.073.000) 01/28 15:01:04 Job submitted from host: <172.16.11.200:9618?addrs=172.16.11.200-9618&noUDP&sock=14877_46f2_4>
...
001 (29617.073.000) 01/28 15:05:14 Job executing on host: <172.16.11.232:9618?addrs=172.16.11.232-9618&alias=pc-farm2&noUDP&sock=startd_4986_dfb4_4>
...
006 (29617.073.000) 01/28 15:05:23 Image size of job updated: 35816
	35  -  MemoryUsage of job (MB)
	35816  -  ResidentSetSize of job (KB)
...
006 (29617.073.000) 01/28 16:33:38 Image size of job updated: 424404
	35  -  MemoryUsage of job (MB)
	35816  -  ResidentSetSize of job (KB)
...
005 (29617.073.000) 01/28 16:33:38 Job terminated.
	(1) Normal termination (return value 0)
		Usr 0 01:28:14, Sys 0 00:00:04  -  Run Remote Usage
		Usr 0 00:00:00, Sys 0 00:00:00  -  Run Local Usage
		Usr 0 01:28:14, Sys 0 00:00:04  -  Total Remote Usage
		Usr 0 00:00:00, Sys 0 00:00:00  -  Total Local Usage
	0  -  Run Bytes Sent By Job
	0  -  Run Bytes Received By Job
	0  -  Total Bytes Sent By Job
	0  -  Total Bytes Received By Job
	Partitionable Resources :    Usage  Request Allocated 
	   Cpus                 :     1.00        1         1 
	   Disk (KB)            :     1           1    245927 
	   Memory (MB)          :    35           1      1005 
...
000 (29696.073.000) 01/30 20:13:16 Job submitted from host: <172.16.11.200:9618?addrs=172.16.11.200-9618&noUDP&sock=14877_46f2_4>
...
001 (29696.073.000) 01/30 21:45:03 Job executing on host: <172.16.11.234:9618?addrs=172.16.11.234-9618&alias=pc-farm4&noUDP&sock=startd_5195_3aff>
...
006 (29696.073.000) 01/30 21:45:11 Image size of job updated: 35892
	36  -  MemoryUsage of job (MB)
	35892  -  ResidentSetSize of job (KB)
...
006 (29696.073.000) 01/30 21:50:11 Image size of job updated: 423580
	36  -  MemoryUsage of job (MB)
	35892  -  ResidentSetSize of job (KB)
...
006 (29696.073.000) 01/30 22:00:13 Image size of job updated: 424360
	36  -  MemoryUsage of job (MB)
	35896  -  ResidentSetSize of job (KB)
...
005 (29696.073.000) 01/30 23:39:37 Job terminated.
	(1) Normal termination (return value 0)
		Usr 0 01:54:33, Sys 0 00:00:00  -  Run Remote Usage
		Usr 0 00:00:00, Sys 0 00:00:00  -  Run Local Usage
		Usr 0 01:54:33, Sys 0 00:00:00  -  Total Remote Usage
		Usr 0 00:00:00, Sys 0 00:00:00  -  Total Local Usage
	0  -  Run Bytes Sent By Job
	0  -  Run Bytes Received By Job
	0  -  Total Bytes Sent By Job
	0  -  Total Bytes Received By Job
	Partitionable Resources :    Usage  Request Allocated 
	   Cpus                 :     1.00        1         1 
	   Disk (KB)            :     1           1    255907 
	   Memory (MB)          :    36           1       999 
...
000 (29706.073.000) 01/31 10:47:04 Job submitted from host: <172.16.11.200:9618?addrs=172.16.11.200-9618&noUDP&sock=14877_46f2_4>
...
001 (29706.073.000) 01/31 11:03:07 Job executing on host: <172.16.11.232:9618?addrs=172.16.11.232-9618&alias=pc-farm2&noUDP&sock=startd_4986_dfb4_4>
...
006 (29706.073.000) 01/31 11:03:16 Image size of job updated: 49440
	49  -  MemoryUsage of job (MB)
	49440  -  ResidentSetSize of job (KB)
...
006 (29706.073.000) 01/31 12:28:26 Image size of job updated: 49612
	49  -  MemoryUsage of job (MB)
	49612  -  ResidentSetSize of job (KB)
...
005 (29706.073.000) 01/31 12:32:30 Job terminated.
	(1) Normal termination (return value 0)
		Usr 0 01:28:45, Sys 0 00:00:04  -  Run Remote Usage
		Usr 0 00:00:00, Sys 0 00:00:00  -  Run Local Usage
		Usr 0 01:28:45, Sys 0 00:00:04  -  Total Remote Usage
		Usr 0 00:00:00, Sys 0 00:00:00  -  Total Local Usage
	0  -  Run Bytes Sent By Job
	0  -  Run Bytes Received By Job
	0  -  Total Bytes Sent By Job
	0  -  Total Bytes Received By Job
	Partitionable Resources :    Usage  Request Allocated 
	   Cpus                 :     1.00        1         1 
	   Disk (KB)            :     1           1    245927 
	   Memory (MB)          :    49           1      1005 
...
000 (29707.073.000) 01/31 14:36:19 Job submitted from host: <172.16.11.200:9618?addrs=172.16.11.200-9618&noUDP&sock=14877_46f2_4>
...
009 (29707.073.000) 01/31 16:16:03 Job was aborted by the user.
	via condor_rm (by user zhangliang)
...
000 (29725.073.000) 01/31 16:16:10 Job submitted from host: <172.16.11.200:9618?addrs=172.16.11.200-9618&noUDP&sock=14877_46f2_4>
...
001 (29725.073.000) 01/31 19:14:36 Job executing on host: <172.16.11.231:9618?addrs=172.16.11.231-9618&noUDP&sock=startd_22895_f54e_4>
...
006 (29725.073.000) 01/31 19:14:44 Image size of job updated: 49704
	49  -  MemoryUsage of job (MB)
	49704  -  ResidentSetSize of job (KB)
...
006 (29725.073.000) 01/31 19:39:47 Image size of job updated: 49708
	49  -  MemoryUsage of job (MB)
	49708  -  ResidentSetSize of job (KB)
...
006 (29725.073.000) 01/31 20:49:54 Image size of job updated: 49896
	49  -  MemoryUsage of job (MB)
	49896  -  ResidentSetSize of job (KB)
...
006 (29725.073.000) 01/31 21:04:43 Image size of job updated: 438096
	49  -  MemoryUsage of job (MB)
	49896  -  ResidentSetSize of job (KB)
...
005 (29725.073.000) 01/31 21:04:43 Job terminated.
	(1) Normal termination (return value 0)
		Usr 0 01:50:05, Sys 0 00:00:00  -  Run Remote Usage
		Usr 0 00:00:00, Sys 0 00:00:00  -  Run Local Usage
		Usr 0 01:50:05, Sys 0 00:00:00  -  Total Remote Usage
		Usr 0 00:00:00, Sys 0 00:00:00  -  Total Local Usage
	0  -  Run Bytes Sent By Job
	0  -  Run Bytes Received By Job
	0  -  Total Bytes Sent By Job
	0  -  Total Bytes Received By Job
	Partitionable Resources :    Usage  Request Allocated 
	   Cpus                 :     1.00        1         1 
	   Disk (KB)            :     1           1    241059 
	   Memory (MB)          :    49           1      2008 
...
