000 (28203.019.000) 12/31 10:12:06 Job submitted from host: <172.16.11.200:9618?addrs=172.16.11.200-9618&noUDP&sock=14877_46f2_4>
...
001 (28203.019.000) 12/31 10:12:13 Job executing on host: <172.16.11.233:9618?addrs=172.16.11.233-9618&alias=pc-farm3&noUDP&sock=startd_4556_edfa>
...
006 (28203.019.000) 12/31 10:12:22 Image size of job updated: 39568
	39  -  MemoryUsage of job (MB)
	39568  -  ResidentSetSize of job (KB)
...
006 (28203.019.000) 12/31 10:32:23 Image size of job updated: 39768
	39  -  MemoryUsage of job (MB)
	39768  -  ResidentSetSize of job (KB)
...
006 (28203.019.000) 12/31 10:37:23 Image size of job updated: 39852
	39  -  MemoryUsage of job (MB)
	39852  -  ResidentSetSize of job (KB)
...
006 (28203.019.000) 12/31 10:42:24 Image size of job updated: 39972
	40  -  MemoryUsage of job (MB)
	39972  -  ResidentSetSize of job (KB)
...
006 (28203.019.000) 12/31 10:47:25 Image size of job updated: 40064
	40  -  MemoryUsage of job (MB)
	40064  -  ResidentSetSize of job (KB)
...
006 (28203.019.000) 12/31 10:57:26 Image size of job updated: 40272
	40  -  MemoryUsage of job (MB)
	40272  -  ResidentSetSize of job (KB)
...
006 (28203.019.000) 12/31 11:02:27 Image size of job updated: 40364
	40  -  MemoryUsage of job (MB)
	40364  -  ResidentSetSize of job (KB)
...
006 (28203.019.000) 12/31 11:07:27 Image size of job updated: 40576
	40  -  MemoryUsage of job (MB)
	40576  -  ResidentSetSize of job (KB)
...
006 (28203.019.000) 12/31 11:17:28 Image size of job updated: 40652
	40  -  MemoryUsage of job (MB)
	40652  -  ResidentSetSize of job (KB)
...
006 (28203.019.000) 12/31 11:22:28 Image size of job updated: 40736
	40  -  MemoryUsage of job (MB)
	40736  -  ResidentSetSize of job (KB)
...
006 (28203.019.000) 12/31 11:32:29 Image size of job updated: 40932
	40  -  MemoryUsage of job (MB)
	40932  -  ResidentSetSize of job (KB)
...
006 (28203.019.000) 12/31 11:37:30 Image size of job updated: 41016
	41  -  MemoryUsage of job (MB)
	41016  -  ResidentSetSize of job (KB)
...
006 (28203.019.000) 12/31 11:42:30 Image size of job updated: 41132
	41  -  MemoryUsage of job (MB)
	41132  -  ResidentSetSize of job (KB)
...
006 (28203.019.000) 12/31 11:52:31 Image size of job updated: 41172
	41  -  MemoryUsage of job (MB)
	41172  -  ResidentSetSize of job (KB)
...
006 (28203.019.000) 12/31 11:57:31 Image size of job updated: 41536
	41  -  MemoryUsage of job (MB)
	41536  -  ResidentSetSize of job (KB)
...
006 (28203.019.000) 12/31 12:07:32 Image size of job updated: 41576
	41  -  MemoryUsage of job (MB)
	41576  -  ResidentSetSize of job (KB)
...
006 (28203.019.000) 12/31 12:17:33 Image size of job updated: 41764
	41  -  MemoryUsage of job (MB)
	41764  -  ResidentSetSize of job (KB)
...
006 (28203.019.000) 12/31 12:27:35 Image size of job updated: 41792
	41  -  MemoryUsage of job (MB)
	41792  -  ResidentSetSize of job (KB)
...
006 (28203.019.000) 12/31 12:32:35 Image size of job updated: 42028
	42  -  MemoryUsage of job (MB)
	42028  -  ResidentSetSize of job (KB)
...
005 (28203.019.000) 12/31 12:34:22 Job terminated.
	(1) Normal termination (return value 0)
		Usr 0 02:18:31, Sys 0 00:00:04  -  Run Remote Usage
		Usr 0 00:00:00, Sys 0 00:00:00  -  Run Local Usage
		Usr 0 02:18:31, Sys 0 00:00:04  -  Total Remote Usage
		Usr 0 00:00:00, Sys 0 00:00:00  -  Total Local Usage
	0  -  Run Bytes Sent By Job
	0  -  Run Bytes Received By Job
	0  -  Total Bytes Sent By Job
	0  -  Total Bytes Received By Job
	Partitionable Resources :    Usage  Request Allocated 
	   Cpus                 :     0.98        1         1 
	   Disk (KB)            :     1           1    254050 
	   Memory (MB)          :    42           1      1005 
...
000 (28206.019.000) 12/31 14:09:35 Job submitted from host: <172.16.11.200:9618?addrs=172.16.11.200-9618&noUDP&sock=14877_46f2_4>
...
001 (28206.019.000) 12/31 14:16:37 Job executing on host: <172.16.11.231:9618?addrs=172.16.11.231-9618&noUDP&sock=startd_22895_f54e_4>
...
006 (28206.019.000) 12/31 14:16:45 Image size of job updated: 35160
	35  -  MemoryUsage of job (MB)
	35160  -  ResidentSetSize of job (KB)
...
006 (28206.019.000) 01/01 01:27:54 Image size of job updated: 35704
	35  -  MemoryUsage of job (MB)
	35704  -  ResidentSetSize of job (KB)
...
005 (28206.019.000) 01/01 10:54:57 Job terminated.
	(1) Normal termination (return value 0)
		Usr 0 20:37:31, Sys 0 00:00:02  -  Run Remote Usage
		Usr 0 00:00:00, Sys 0 00:00:00  -  Run Local Usage
		Usr 0 20:37:31, Sys 0 00:00:02  -  Total Remote Usage
		Usr 0 00:00:00, Sys 0 00:00:00  -  Total Local Usage
	0  -  Run Bytes Sent By Job
	0  -  Run Bytes Received By Job
	0  -  Total Bytes Sent By Job
	0  -  Total Bytes Received By Job
	Partitionable Resources :    Usage  Request Allocated 
	   Cpus                 :     1.00        1         1 
	   Disk (KB)            :     1           1    241059 
	   Memory (MB)          :    35           1      2008 
...
000 (28248.019.000) 01/05 15:45:55 Job submitted from host: <172.16.11.200:9618?addrs=172.16.11.200-9618&noUDP&sock=14877_46f2_4>
...
001 (28248.019.000) 01/05 16:28:40 Job executing on host: <172.16.11.233:9618?addrs=172.16.11.233-9618&alias=pc-farm3&noUDP&sock=startd_4556_edfa>
...
006 (28248.019.000) 01/05 16:28:48 Image size of job updated: 41208
	41  -  MemoryUsage of job (MB)
	41208  -  ResidentSetSize of job (KB)
...
006 (28248.019.000) 01/05 18:14:00 Image size of job updated: 41252
	41  -  MemoryUsage of job (MB)
	41252  -  ResidentSetSize of job (KB)
...
006 (28248.019.000) 01/05 18:44:02 Image size of job updated: 41260
	41  -  MemoryUsage of job (MB)
	41260  -  ResidentSetSize of job (KB)
...
006 (28248.019.000) 01/05 18:49:04 Image size of job updated: 41280
	41  -  MemoryUsage of job (MB)
	41280  -  ResidentSetSize of job (KB)
...
006 (28248.019.000) 01/05 18:54:04 Image size of job updated: 41460
	41  -  MemoryUsage of job (MB)
	41460  -  ResidentSetSize of job (KB)
...
006 (28248.019.000) 01/05 19:24:08 Image size of job updated: 41468
	41  -  MemoryUsage of job (MB)
	41468  -  ResidentSetSize of job (KB)
...
006 (28248.019.000) 01/05 19:29:08 Image size of job updated: 41492
	41  -  MemoryUsage of job (MB)
	41492  -  ResidentSetSize of job (KB)
...
006 (28248.019.000) 01/05 19:34:08 Image size of job updated: 41640
	41  -  MemoryUsage of job (MB)
	41640  -  ResidentSetSize of job (KB)
...
006 (28248.019.000) 01/05 19:44:09 Image size of job updated: 41684
	41  -  MemoryUsage of job (MB)
	41684  -  ResidentSetSize of job (KB)
...
006 (28248.019.000) 01/05 19:54:10 Image size of job updated: 41760
	41  -  MemoryUsage of job (MB)
	41760  -  ResidentSetSize of job (KB)
...
006 (28248.019.000) 01/05 20:24:12 Image size of job updated: 41892
	41  -  MemoryUsage of job (MB)
	41892  -  ResidentSetSize of job (KB)
...
006 (28248.019.000) 01/05 20:49:15 Image size of job updated: 41912
	41  -  MemoryUsage of job (MB)
	41912  -  ResidentSetSize of job (KB)
...
006 (28248.019.000) 01/05 20:54:16 Image size of job updated: 41932
	41  -  MemoryUsage of job (MB)
	41932  -  ResidentSetSize of job (KB)
...
006 (28248.019.000) 01/05 20:59:17 Image size of job updated: 41956
	41  -  MemoryUsage of job (MB)
	41956  -  ResidentSetSize of job (KB)
...
006 (28248.019.000) 01/05 21:04:17 Image size of job updated: 41976
	41  -  MemoryUsage of job (MB)
	41976  -  ResidentSetSize of job (KB)
...
006 (28248.019.000) 01/05 21:09:18 Image size of job updated: 42000
	42  -  MemoryUsage of job (MB)
	42000  -  ResidentSetSize of job (KB)
...
006 (28248.019.000) 01/05 21:14:19 Image size of job updated: 42024
	42  -  MemoryUsage of job (MB)
	42024  -  ResidentSetSize of job (KB)
...
006 (28248.019.000) 01/05 21:19:19 Image size of job updated: 42048
	42  -  MemoryUsage of job (MB)
	42048  -  ResidentSetSize of job (KB)
...
006 (28248.019.000) 01/05 21:24:19 Image size of job updated: 42072
	42  -  MemoryUsage of job (MB)
	42072  -  ResidentSetSize of job (KB)
...
006 (28248.019.000) 01/05 21:29:20 Image size of job updated: 42096
	42  -  MemoryUsage of job (MB)
	42096  -  ResidentSetSize of job (KB)
...
006 (28248.019.000) 01/05 21:34:20 Image size of job updated: 42120
	42  -  MemoryUsage of job (MB)
	42120  -  ResidentSetSize of job (KB)
...
006 (28248.019.000) 01/05 21:39:20 Image size of job updated: 42272
	42  -  MemoryUsage of job (MB)
	42272  -  ResidentSetSize of job (KB)
...
006 (28248.019.000) 01/05 21:44:21 Image size of job updated: 42332
	42  -  MemoryUsage of job (MB)
	42332  -  ResidentSetSize of job (KB)
...
006 (28248.019.000) 01/05 21:59:22 Image size of job updated: 42740
	42  -  MemoryUsage of job (MB)
	42740  -  ResidentSetSize of job (KB)
...
006 (28248.019.000) 01/05 22:04:23 Image size of job updated: 42772
	42  -  MemoryUsage of job (MB)
	42772  -  ResidentSetSize of job (KB)
...
006 (28248.019.000) 01/05 22:09:23 Image size of job updated: 42804
	42  -  MemoryUsage of job (MB)
	42804  -  ResidentSetSize of job (KB)
...
006 (28248.019.000) 01/05 22:14:24 Image size of job updated: 42820
	42  -  MemoryUsage of job (MB)
	42820  -  ResidentSetSize of job (KB)
...
006 (28248.019.000) 01/05 22:24:25 Image size of job updated: 42880
	42  -  MemoryUsage of job (MB)
	42880  -  ResidentSetSize of job (KB)
...
006 (28248.019.000) 01/05 22:29:25 Image size of job updated: 42928
	42  -  MemoryUsage of job (MB)
	42928  -  ResidentSetSize of job (KB)
...
006 (28248.019.000) 01/05 22:34:26 Image size of job updated: 42944
	42  -  MemoryUsage of job (MB)
	42944  -  ResidentSetSize of job (KB)
...
006 (28248.019.000) 01/05 22:49:27 Image size of job updated: 43012
	43  -  MemoryUsage of job (MB)
	43012  -  ResidentSetSize of job (KB)
...
006 (28248.019.000) 01/05 22:59:28 Image size of job updated: 43064
	43  -  MemoryUsage of job (MB)
	43064  -  ResidentSetSize of job (KB)
...
006 (28248.019.000) 01/05 23:04:28 Image size of job updated: 43100
	43  -  MemoryUsage of job (MB)
	43100  -  ResidentSetSize of job (KB)
...
006 (28248.019.000) 01/05 23:09:29 Image size of job updated: 43128
	43  -  MemoryUsage of job (MB)
	43128  -  ResidentSetSize of job (KB)
...
006 (28248.019.000) 01/05 23:14:29 Image size of job updated: 43156
	43  -  MemoryUsage of job (MB)
	43156  -  ResidentSetSize of job (KB)
...
006 (28248.019.000) 01/05 23:19:29 Image size of job updated: 43172
	43  -  MemoryUsage of job (MB)
	43172  -  ResidentSetSize of job (KB)
...
006 (28248.019.000) 01/05 23:24:30 Image size of job updated: 43236
	43  -  MemoryUsage of job (MB)
	43236  -  ResidentSetSize of job (KB)
...
006 (28248.019.000) 01/05 23:54:34 Image size of job updated: 43244
	43  -  MemoryUsage of job (MB)
	43244  -  ResidentSetSize of job (KB)
...
006 (28248.019.000) 01/06 00:04:35 Image size of job updated: 43252
	43  -  MemoryUsage of job (MB)
	43252  -  ResidentSetSize of job (KB)
...
006 (28248.019.000) 01/06 00:09:36 Image size of job updated: 43272
	43  -  MemoryUsage of job (MB)
	43272  -  ResidentSetSize of job (KB)
...
006 (28248.019.000) 01/06 00:14:37 Image size of job updated: 43292
	43  -  MemoryUsage of job (MB)
	43292  -  ResidentSetSize of job (KB)
...
006 (28248.019.000) 01/06 00:19:37 Image size of job updated: 43472
	43  -  MemoryUsage of job (MB)
	43472  -  ResidentSetSize of job (KB)
...
005 (28248.019.000) 01/06 00:37:05 Job terminated.
	(1) Normal termination (return value 0)
		Usr 0 08:01:22, Sys 0 00:00:07  -  Run Remote Usage
		Usr 0 00:00:00, Sys 0 00:00:00  -  Run Local Usage
		Usr 0 08:01:22, Sys 0 00:00:07  -  Total Remote Usage
		Usr 0 00:00:00, Sys 0 00:00:00  -  Total Local Usage
	0  -  Run Bytes Sent By Job
	0  -  Run Bytes Received By Job
	0  -  Total Bytes Sent By Job
	0  -  Total Bytes Received By Job
	Partitionable Resources :    Usage  Request Allocated 
	   Cpus                 :     1.00        1         1 
	   Disk (KB)            :     1           1    254050 
	   Memory (MB)          :    43           1      1005 
...
000 (28271.019.000) 01/06 15:26:51 Job submitted from host: <172.16.11.200:9618?addrs=172.16.11.200-9618&noUDP&sock=14877_46f2_4>
...
009 (28271.019.000) 01/06 15:47:44 Job was aborted by the user.
	via condor_rm (by user zhangliang)
...
000 (29325.019.000) 01/22 22:42:18 Job submitted from host: <172.16.11.200:9618?addrs=172.16.11.200-9618&noUDP&sock=14877_46f2_4>
...
001 (29325.019.000) 01/23 03:44:36 Job executing on host: <172.16.11.234:9618?addrs=172.16.11.234-9618&alias=pc-farm4&noUDP&sock=startd_5195_3aff>
...
006 (29325.019.000) 01/23 03:44:45 Image size of job updated: 415720
	35  -  MemoryUsage of job (MB)
	35528  -  ResidentSetSize of job (KB)
...
006 (29325.019.000) 01/23 03:49:46 Image size of job updated: 423216
	35  -  MemoryUsage of job (MB)
	35528  -  ResidentSetSize of job (KB)
...
006 (29325.019.000) 01/23 03:59:47 Image size of job updated: 423996
	35  -  MemoryUsage of job (MB)
	35532  -  ResidentSetSize of job (KB)
...
005 (29325.019.000) 01/23 15:45:09 Job terminated.
	(1) Normal termination (return value 0)
		Usr 0 11:57:29, Sys 0 00:00:02  -  Run Remote Usage
		Usr 0 00:00:00, Sys 0 00:00:00  -  Run Local Usage
		Usr 0 11:57:29, Sys 0 00:00:02  -  Total Remote Usage
		Usr 0 00:00:00, Sys 0 00:00:00  -  Total Local Usage
	0  -  Run Bytes Sent By Job
	0  -  Run Bytes Received By Job
	0  -  Total Bytes Sent By Job
	0  -  Total Bytes Received By Job
	Partitionable Resources :    Usage  Request Allocated 
	   Cpus                 :     1.00        1         1 
	   Disk (KB)            :     1           1    255907 
	   Memory (MB)          :    35           1       999 
...
000 (29520.019.000) 01/25 22:31:41 Job submitted from host: <172.16.11.200:9618?addrs=172.16.11.200-9618&noUDP&sock=14877_46f2_4>
...
001 (29520.019.000) 01/25 22:51:44 Job executing on host: <172.16.11.233:9618?addrs=172.16.11.233-9618&alias=pc-farm3&noUDP&sock=startd_4556_edfa>
...
006 (29520.019.000) 01/25 22:51:53 Image size of job updated: 40144
	40  -  MemoryUsage of job (MB)
	40144  -  ResidentSetSize of job (KB)
...
006 (29520.019.000) 01/25 23:52:00 Image size of job updated: 40168
	40  -  MemoryUsage of job (MB)
	40168  -  ResidentSetSize of job (KB)
...
006 (29520.019.000) 01/25 23:57:00 Image size of job updated: 41120
	41  -  MemoryUsage of job (MB)
	41120  -  ResidentSetSize of job (KB)
...
006 (29520.019.000) 01/26 00:02:00 Image size of job updated: 41132
	41  -  MemoryUsage of job (MB)
	41132  -  ResidentSetSize of job (KB)
...
006 (29520.019.000) 01/26 00:07:01 Image size of job updated: 41276
	41  -  MemoryUsage of job (MB)
	41276  -  ResidentSetSize of job (KB)
...
006 (29520.019.000) 01/26 00:47:05 Image size of job updated: 41308
	41  -  MemoryUsage of job (MB)
	41308  -  ResidentSetSize of job (KB)
...
006 (29520.019.000) 01/26 00:52:05 Image size of job updated: 41316
	41  -  MemoryUsage of job (MB)
	41316  -  ResidentSetSize of job (KB)
...
006 (29520.019.000) 01/26 00:57:06 Image size of job updated: 41336
	41  -  MemoryUsage of job (MB)
	41336  -  ResidentSetSize of job (KB)
...
006 (29520.019.000) 01/26 01:12:08 Image size of job updated: 41384
	41  -  MemoryUsage of job (MB)
	41384  -  ResidentSetSize of job (KB)
...
006 (29520.019.000) 01/26 01:22:09 Image size of job updated: 41420
	41  -  MemoryUsage of job (MB)
	41420  -  ResidentSetSize of job (KB)
...
006 (29520.019.000) 01/26 01:27:09 Image size of job updated: 41432
	41  -  MemoryUsage of job (MB)
	41432  -  ResidentSetSize of job (KB)
...
006 (29520.019.000) 01/26 01:32:10 Image size of job updated: 41448
	41  -  MemoryUsage of job (MB)
	41448  -  ResidentSetSize of job (KB)
...
006 (29520.019.000) 01/26 01:37:10 Image size of job updated: 41464
	41  -  MemoryUsage of job (MB)
	41464  -  ResidentSetSize of job (KB)
...
006 (29520.019.000) 01/26 01:42:10 Image size of job updated: 41480
	41  -  MemoryUsage of job (MB)
	41480  -  ResidentSetSize of job (KB)
...
006 (29520.019.000) 01/26 01:52:11 Image size of job updated: 41504
	41  -  MemoryUsage of job (MB)
	41504  -  ResidentSetSize of job (KB)
...
006 (29520.019.000) 01/26 01:57:11 Image size of job updated: 41528
	41  -  MemoryUsage of job (MB)
	41528  -  ResidentSetSize of job (KB)
...
006 (29520.019.000) 01/26 02:02:13 Image size of job updated: 41540
	41  -  MemoryUsage of job (MB)
	41540  -  ResidentSetSize of job (KB)
...
006 (29520.019.000) 01/26 02:07:13 Image size of job updated: 41552
	41  -  MemoryUsage of job (MB)
	41552  -  ResidentSetSize of job (KB)
...
006 (29520.019.000) 01/26 02:12:13 Image size of job updated: 41592
	41  -  MemoryUsage of job (MB)
	41592  -  ResidentSetSize of job (KB)
...
006 (29520.019.000) 01/26 02:17:14 Image size of job updated: 41620
	41  -  MemoryUsage of job (MB)
	41620  -  ResidentSetSize of job (KB)
...
006 (29520.019.000) 01/26 02:27:15 Image size of job updated: 41648
	41  -  MemoryUsage of job (MB)
	41648  -  ResidentSetSize of job (KB)
...
006 (29520.019.000) 01/26 02:32:16 Image size of job updated: 41664
	41  -  MemoryUsage of job (MB)
	41664  -  ResidentSetSize of job (KB)
...
006 (29520.019.000) 01/26 02:37:17 Image size of job updated: 41680
	41  -  MemoryUsage of job (MB)
	41680  -  ResidentSetSize of job (KB)
...
006 (29520.019.000) 01/26 02:47:17 Image size of job updated: 41700
	41  -  MemoryUsage of job (MB)
	41700  -  ResidentSetSize of job (KB)
...
006 (29520.019.000) 01/26 02:52:18 Image size of job updated: 41728
	41  -  MemoryUsage of job (MB)
	41728  -  ResidentSetSize of job (KB)
...
006 (29520.019.000) 01/26 02:57:18 Image size of job updated: 41748
	41  -  MemoryUsage of job (MB)
	41748  -  ResidentSetSize of job (KB)
...
006 (29520.019.000) 01/26 03:02:18 Image size of job updated: 41764
	41  -  MemoryUsage of job (MB)
	41764  -  ResidentSetSize of job (KB)
...
006 (29520.019.000) 01/26 03:07:19 Image size of job updated: 41780
	41  -  MemoryUsage of job (MB)
	41780  -  ResidentSetSize of job (KB)
...
006 (29520.019.000) 01/26 03:17:20 Image size of job updated: 41928
	41  -  MemoryUsage of job (MB)
	41928  -  ResidentSetSize of job (KB)
...
006 (29520.019.000) 01/26 03:52:23 Image size of job updated: 41952
	41  -  MemoryUsage of job (MB)
	41952  -  ResidentSetSize of job (KB)
...
006 (29520.019.000) 01/26 03:57:24 Image size of job updated: 41968
	41  -  MemoryUsage of job (MB)
	41968  -  ResidentSetSize of job (KB)
...
006 (29520.019.000) 01/26 04:17:27 Image size of job updated: 42024
	42  -  MemoryUsage of job (MB)
	42024  -  ResidentSetSize of job (KB)
...
006 (29520.019.000) 01/26 04:27:27 Image size of job updated: 42060
	42  -  MemoryUsage of job (MB)
	42060  -  ResidentSetSize of job (KB)
...
006 (29520.019.000) 01/26 04:37:28 Image size of job updated: 42084
	42  -  MemoryUsage of job (MB)
	42084  -  ResidentSetSize of job (KB)
...
006 (29520.019.000) 01/26 04:42:28 Image size of job updated: 42104
	42  -  MemoryUsage of job (MB)
	42104  -  ResidentSetSize of job (KB)
...
006 (29520.019.000) 01/26 04:47:30 Image size of job updated: 42116
	42  -  MemoryUsage of job (MB)
	42116  -  ResidentSetSize of job (KB)
...
006 (29520.019.000) 01/26 04:52:30 Image size of job updated: 42132
	42  -  MemoryUsage of job (MB)
	42132  -  ResidentSetSize of job (KB)
...
006 (29520.019.000) 01/26 05:02:31 Image size of job updated: 42164
	42  -  MemoryUsage of job (MB)
	42164  -  ResidentSetSize of job (KB)
...
006 (29520.019.000) 01/26 05:07:32 Image size of job updated: 42180
	42  -  MemoryUsage of job (MB)
	42180  -  ResidentSetSize of job (KB)
...
006 (29520.019.000) 01/26 05:17:33 Image size of job updated: 42208
	42  -  MemoryUsage of job (MB)
	42208  -  ResidentSetSize of job (KB)
...
006 (29520.019.000) 01/26 05:27:34 Image size of job updated: 42240
	42  -  MemoryUsage of job (MB)
	42240  -  ResidentSetSize of job (KB)
...
006 (29520.019.000) 01/26 05:32:34 Image size of job updated: 42256
	42  -  MemoryUsage of job (MB)
	42256  -  ResidentSetSize of job (KB)
...
006 (29520.019.000) 01/26 05:37:35 Image size of job updated: 42264
	42  -  MemoryUsage of job (MB)
	42264  -  ResidentSetSize of job (KB)
...
006 (29520.019.000) 01/26 05:42:35 Image size of job updated: 42284
	42  -  MemoryUsage of job (MB)
	42284  -  ResidentSetSize of job (KB)
...
006 (29520.019.000) 01/26 05:47:35 Image size of job updated: 42296
	42  -  MemoryUsage of job (MB)
	42296  -  ResidentSetSize of job (KB)
...
006 (29520.019.000) 01/26 05:52:36 Image size of job updated: 42312
	42  -  MemoryUsage of job (MB)
	42312  -  ResidentSetSize of job (KB)
...
006 (29520.019.000) 01/26 05:57:37 Image size of job updated: 42336
	42  -  MemoryUsage of job (MB)
	42336  -  ResidentSetSize of job (KB)
...
006 (29520.019.000) 01/26 06:02:37 Image size of job updated: 42352
	42  -  MemoryUsage of job (MB)
	42352  -  ResidentSetSize of job (KB)
...
006 (29520.019.000) 01/26 06:17:39 Image size of job updated: 42428
	42  -  MemoryUsage of job (MB)
	42428  -  ResidentSetSize of job (KB)
...
006 (29520.019.000) 01/26 06:22:39 Image size of job updated: 42448
	42  -  MemoryUsage of job (MB)
	42448  -  ResidentSetSize of job (KB)
...
006 (29520.019.000) 01/26 06:27:40 Image size of job updated: 42464
	42  -  MemoryUsage of job (MB)
	42464  -  ResidentSetSize of job (KB)
...
006 (29520.019.000) 01/26 06:32:40 Image size of job updated: 42476
	42  -  MemoryUsage of job (MB)
	42476  -  ResidentSetSize of job (KB)
...
006 (29520.019.000) 01/26 06:37:40 Image size of job updated: 42500
	42  -  MemoryUsage of job (MB)
	42500  -  ResidentSetSize of job (KB)
...
006 (29520.019.000) 01/26 06:52:42 Image size of job updated: 42536
	42  -  MemoryUsage of job (MB)
	42536  -  ResidentSetSize of job (KB)
...
006 (29520.019.000) 01/26 06:57:43 Image size of job updated: 42564
	42  -  MemoryUsage of job (MB)
	42564  -  ResidentSetSize of job (KB)
...
006 (29520.019.000) 01/26 07:12:45 Image size of job updated: 42612
	42  -  MemoryUsage of job (MB)
	42612  -  ResidentSetSize of job (KB)
...
006 (29520.019.000) 01/26 07:42:47 Image size of job updated: 42744
	42  -  MemoryUsage of job (MB)
	42744  -  ResidentSetSize of job (KB)
...
006 (29520.019.000) 01/26 07:52:49 Image size of job updated: 42780
	42  -  MemoryUsage of job (MB)
	42780  -  ResidentSetSize of job (KB)
...
006 (29520.019.000) 01/26 07:57:49 Image size of job updated: 42796
	42  -  MemoryUsage of job (MB)
	42796  -  ResidentSetSize of job (KB)
...
006 (29520.019.000) 01/26 08:12:51 Image size of job updated: 42832
	42  -  MemoryUsage of job (MB)
	42832  -  ResidentSetSize of job (KB)
...
006 (29520.019.000) 01/26 08:22:52 Image size of job updated: 42860
	42  -  MemoryUsage of job (MB)
	42860  -  ResidentSetSize of job (KB)
...
006 (29520.019.000) 01/26 08:32:52 Image size of job updated: 42892
	42  -  MemoryUsage of job (MB)
	42892  -  ResidentSetSize of job (KB)
...
006 (29520.019.000) 01/26 08:47:53 Image size of job updated: 42936
	42  -  MemoryUsage of job (MB)
	42936  -  ResidentSetSize of job (KB)
...
006 (29520.019.000) 01/26 08:57:55 Image size of job updated: 43004
	42  -  MemoryUsage of job (MB)
	43004  -  ResidentSetSize of job (KB)
...
006 (29520.019.000) 01/26 09:02:55 Image size of job updated: 43012
	43  -  MemoryUsage of job (MB)
	43012  -  ResidentSetSize of job (KB)
...
006 (29520.019.000) 01/26 09:12:57 Image size of job updated: 43040
	43  -  MemoryUsage of job (MB)
	43040  -  ResidentSetSize of job (KB)
...
006 (29520.019.000) 01/26 09:17:57 Image size of job updated: 43068
	43  -  MemoryUsage of job (MB)
	43068  -  ResidentSetSize of job (KB)
...
006 (29520.019.000) 01/26 09:32:59 Image size of job updated: 43108
	43  -  MemoryUsage of job (MB)
	43108  -  ResidentSetSize of job (KB)
...
006 (29520.019.000) 01/26 09:37:59 Image size of job updated: 43136
	43  -  MemoryUsage of job (MB)
	43136  -  ResidentSetSize of job (KB)
...
006 (29520.019.000) 01/26 09:43:00 Image size of job updated: 43160
	43  -  MemoryUsage of job (MB)
	43160  -  ResidentSetSize of job (KB)
...
006 (29520.019.000) 01/26 09:53:01 Image size of job updated: 43196
	43  -  MemoryUsage of job (MB)
	43196  -  ResidentSetSize of job (KB)
...
006 (29520.019.000) 01/26 09:58:02 Image size of job updated: 43212
	43  -  MemoryUsage of job (MB)
	43212  -  ResidentSetSize of job (KB)
...
006 (29520.019.000) 01/26 10:08:03 Image size of job updated: 43248
	43  -  MemoryUsage of job (MB)
	43248  -  ResidentSetSize of job (KB)
...
006 (29520.019.000) 01/26 10:18:04 Image size of job updated: 43312
	43  -  MemoryUsage of job (MB)
	43312  -  ResidentSetSize of job (KB)
...
006 (29520.019.000) 01/26 10:23:04 Image size of job updated: 43324
	43  -  MemoryUsage of job (MB)
	43324  -  ResidentSetSize of job (KB)
...
006 (29520.019.000) 01/26 10:28:04 Image size of job updated: 43344
	43  -  MemoryUsage of job (MB)
	43344  -  ResidentSetSize of job (KB)
...
005 (29520.019.000) 01/26 10:35:33 Job terminated.
	(1) Normal termination (return value 0)
		Usr 0 11:43:34, Sys 0 00:00:03  -  Run Remote Usage
		Usr 0 00:00:00, Sys 0 00:00:00  -  Run Local Usage
		Usr 0 11:43:34, Sys 0 00:00:03  -  Total Remote Usage
		Usr 0 00:00:00, Sys 0 00:00:00  -  Total Local Usage
	0  -  Run Bytes Sent By Job
	0  -  Run Bytes Received By Job
	0  -  Total Bytes Sent By Job
	0  -  Total Bytes Received By Job
	Partitionable Resources :    Usage  Request Allocated 
	   Cpus                 :     1.00        1         1 
	   Disk (KB)            :     1           1    254050 
	   Memory (MB)          :    43           1      1005 
...
000 (29539.019.000) 01/26 14:07:21 Job submitted from host: <172.16.11.200:9618?addrs=172.16.11.200-9618&noUDP&sock=14877_46f2_4>
...
001 (29539.019.000) 01/26 14:29:23 Job executing on host: <172.16.11.234:9618?addrs=172.16.11.234-9618&alias=pc-farm4&noUDP&sock=startd_5195_3aff>
...
006 (29539.019.000) 01/26 14:29:32 Image size of job updated: 423580
	36  -  MemoryUsage of job (MB)
	35888  -  ResidentSetSize of job (KB)
...
006 (29539.019.000) 01/26 14:44:34 Image size of job updated: 424360
	36  -  MemoryUsage of job (MB)
	35892  -  ResidentSetSize of job (KB)
...
005 (29539.019.000) 01/27 05:41:34 Job terminated.
	(1) Normal termination (return value 0)
		Usr 0 15:07:23, Sys 0 00:00:04  -  Run Remote Usage
		Usr 0 00:00:00, Sys 0 00:00:00  -  Run Local Usage
		Usr 0 15:07:23, Sys 0 00:00:04  -  Total Remote Usage
		Usr 0 00:00:00, Sys 0 00:00:00  -  Total Local Usage
	0  -  Run Bytes Sent By Job
	0  -  Run Bytes Received By Job
	0  -  Total Bytes Sent By Job
	0  -  Total Bytes Received By Job
	Partitionable Resources :    Usage  Request Allocated 
	   Cpus                 :     1.00        1         1 
	   Disk (KB)            :     1           1    255907 
	   Memory (MB)          :    36           1       999 
...
000 (29554.019.000) 01/27 10:11:07 Job submitted from host: <172.16.11.200:9618?addrs=172.16.11.200-9618&noUDP&sock=14877_46f2_4>
...
001 (29554.019.000) 01/27 10:23:19 Job executing on host: <172.16.11.234:9618?addrs=172.16.11.234-9618&alias=pc-farm4&noUDP&sock=startd_5195_3aff>
...
006 (29554.019.000) 01/27 10:23:27 Image size of job updated: 423580
	36  -  MemoryUsage of job (MB)
	35888  -  ResidentSetSize of job (KB)
...
006 (29554.019.000) 01/27 10:33:28 Image size of job updated: 424360
	36  -  MemoryUsage of job (MB)
	35892  -  ResidentSetSize of job (KB)
...
005 (29554.019.000) 01/27 15:07:04 Job terminated.
	(1) Normal termination (return value 0)
		Usr 0 04:43:41, Sys 0 00:00:02  -  Run Remote Usage
		Usr 0 00:00:00, Sys 0 00:00:00  -  Run Local Usage
		Usr 0 04:43:41, Sys 0 00:00:02  -  Total Remote Usage
		Usr 0 00:00:00, Sys 0 00:00:00  -  Total Local Usage
	0  -  Run Bytes Sent By Job
	0  -  Run Bytes Received By Job
	0  -  Total Bytes Sent By Job
	0  -  Total Bytes Received By Job
	Partitionable Resources :    Usage  Request Allocated 
	   Cpus                 :     1.00        1         1 
	   Disk (KB)            :     1           1    255907 
	   Memory (MB)          :    36           1       999 
...
000 (29604.019.000) 01/27 21:59:06 Job submitted from host: <172.16.11.200:9618?addrs=172.16.11.200-9618&noUDP&sock=14877_46f2_4>
...
001 (29604.019.000) 01/28 09:46:05 Job executing on host: <172.16.11.234:9618?addrs=172.16.11.234-9618&alias=pc-farm4&noUDP&sock=startd_5195_3aff>
...
006 (29604.019.000) 01/28 09:46:14 Image size of job updated: 423580
	36  -  MemoryUsage of job (MB)
	35872  -  ResidentSetSize of job (KB)
...
006 (29604.019.000) 01/28 09:56:15 Image size of job updated: 423580
	36  -  MemoryUsage of job (MB)
	35876  -  ResidentSetSize of job (KB)
...
006 (29604.019.000) 01/28 10:01:15 Image size of job updated: 424360
	36  -  MemoryUsage of job (MB)
	35876  -  ResidentSetSize of job (KB)
...
005 (29604.019.000) 01/28 14:41:44 Job terminated.
	(1) Normal termination (return value 0)
		Usr 0 04:55:26, Sys 0 00:00:02  -  Run Remote Usage
		Usr 0 00:00:00, Sys 0 00:00:00  -  Run Local Usage
		Usr 0 04:55:26, Sys 0 00:00:02  -  Total Remote Usage
		Usr 0 00:00:00, Sys 0 00:00:00  -  Total Local Usage
	0  -  Run Bytes Sent By Job
	0  -  Run Bytes Received By Job
	0  -  Total Bytes Sent By Job
	0  -  Total Bytes Received By Job
	Partitionable Resources :    Usage  Request Allocated 
	   Cpus                 :     1.00        1         1 
	   Disk (KB)            :     1           1    255907 
	   Memory (MB)          :    36           1       999 
...
000 (29616.019.000) 01/28 14:59:33 Job submitted from host: <172.16.11.200:9618?addrs=172.16.11.200-9618&noUDP&sock=14877_46f2_4>
...
009 (29616.019.000) 01/28 15:00:12 Job was aborted by the user.
	via condor_rm (by user zhangliang)
...
000 (29617.019.000) 01/28 15:01:04 Job submitted from host: <172.16.11.200:9618?addrs=172.16.11.200-9618&noUDP&sock=14877_46f2_4>
...
001 (29617.019.000) 01/28 15:03:12 Job executing on host: <172.16.11.232:9618?addrs=172.16.11.232-9618&alias=pc-farm2&noUDP&sock=startd_4986_dfb4_4>
...
006 (29617.019.000) 01/28 15:03:21 Image size of job updated: 36000
	36  -  MemoryUsage of job (MB)
	36000  -  ResidentSetSize of job (KB)
...
005 (29617.019.000) 01/28 16:54:10 Job terminated.
	(1) Normal termination (return value 0)
		Usr 0 01:50:53, Sys 0 00:00:01  -  Run Remote Usage
		Usr 0 00:00:00, Sys 0 00:00:00  -  Run Local Usage
		Usr 0 01:50:53, Sys 0 00:00:01  -  Total Remote Usage
		Usr 0 00:00:00, Sys 0 00:00:00  -  Total Local Usage
	0  -  Run Bytes Sent By Job
	0  -  Run Bytes Received By Job
	0  -  Total Bytes Sent By Job
	0  -  Total Bytes Received By Job
	Partitionable Resources :    Usage  Request Allocated 
	   Cpus                 :     1.00        1         1 
	   Disk (KB)            :     1           1    245927 
	   Memory (MB)          :    36           1      1005 
...
000 (29696.019.000) 01/30 20:13:16 Job submitted from host: <172.16.11.200:9618?addrs=172.16.11.200-9618&noUDP&sock=14877_46f2_4>
...
001 (29696.019.000) 01/30 21:39:01 Job executing on host: <172.16.11.234:9618?addrs=172.16.11.234-9618&alias=pc-farm4&noUDP&sock=startd_5195_3aff>
...
006 (29696.019.000) 01/30 21:39:10 Image size of job updated: 423580
	36  -  MemoryUsage of job (MB)
	35888  -  ResidentSetSize of job (KB)
...
006 (29696.019.000) 01/30 21:54:11 Image size of job updated: 424360
	36  -  MemoryUsage of job (MB)
	35892  -  ResidentSetSize of job (KB)
...
006 (29696.019.000) 01/30 23:29:21 Image size of job updated: 424360
	36  -  MemoryUsage of job (MB)
	35944  -  ResidentSetSize of job (KB)
...
005 (29696.019.000) 01/30 23:33:55 Job terminated.
	(1) Normal termination (return value 0)
		Usr 0 01:54:52, Sys 0 00:00:00  -  Run Remote Usage
		Usr 0 00:00:00, Sys 0 00:00:00  -  Run Local Usage
		Usr 0 01:54:52, Sys 0 00:00:00  -  Total Remote Usage
		Usr 0 00:00:00, Sys 0 00:00:00  -  Total Local Usage
	0  -  Run Bytes Sent By Job
	0  -  Run Bytes Received By Job
	0  -  Total Bytes Sent By Job
	0  -  Total Bytes Received By Job
	Partitionable Resources :    Usage  Request Allocated 
	   Cpus                 :     1.00        1         1 
	   Disk (KB)            :     1           1    255907 
	   Memory (MB)          :    36           1       999 
...
000 (29706.019.000) 01/31 10:47:03 Job submitted from host: <172.16.11.200:9618?addrs=172.16.11.200-9618&noUDP&sock=14877_46f2_4>
...
001 (29706.019.000) 01/31 10:51:06 Job executing on host: <172.16.11.231:9618?addrs=172.16.11.231-9618&noUDP&sock=startd_22895_f54e_4>
...
006 (29706.019.000) 01/31 10:51:15 Image size of job updated: 49820
	49  -  MemoryUsage of job (MB)
	49820  -  ResidentSetSize of job (KB)
...
006 (29706.019.000) 01/31 12:11:24 Image size of job updated: 49928
	49  -  MemoryUsage of job (MB)
	49928  -  ResidentSetSize of job (KB)
...
005 (29706.019.000) 01/31 12:35:09 Job terminated.
	(1) Normal termination (return value 0)
		Usr 0 01:44:01, Sys 0 00:00:00  -  Run Remote Usage
		Usr 0 00:00:00, Sys 0 00:00:00  -  Run Local Usage
		Usr 0 01:44:01, Sys 0 00:00:00  -  Total Remote Usage
		Usr 0 00:00:00, Sys 0 00:00:00  -  Total Local Usage
	0  -  Run Bytes Sent By Job
	0  -  Run Bytes Received By Job
	0  -  Total Bytes Sent By Job
	0  -  Total Bytes Received By Job
	Partitionable Resources :    Usage  Request Allocated 
	   Cpus                 :     1.00        1         1 
	   Disk (KB)            :     1           1    241059 
	   Memory (MB)          :    49           1      2008 
...
000 (29707.019.000) 01/31 14:36:19 Job submitted from host: <172.16.11.200:9618?addrs=172.16.11.200-9618&noUDP&sock=14877_46f2_4>
...
001 (29707.019.000) 01/31 15:13:29 Job executing on host: <172.16.11.233:9618?addrs=172.16.11.233-9618&alias=pc-farm3&noUDP&sock=startd_4556_edfa>
...
006 (29707.019.000) 01/31 15:13:40 Image size of job updated: 57224
	56  -  MemoryUsage of job (MB)
	57224  -  ResidentSetSize of job (KB)
...
004 (29707.019.000) 01/31 16:16:03 Job was evicted.
	(0) CPU times
		Usr 0 01:01:51, Sys 0 00:00:13  -  Run Remote Usage
		Usr 0 00:00:00, Sys 0 00:00:00  -  Run Local Usage
	0  -  Run Bytes Sent By Job
	0  -  Run Bytes Received By Job
	Partitionable Resources :    Usage  Request Allocated 
	   Cpus                 :     0.99        1         1 
	   Disk (KB)            :     1           1    254050 
	   Memory (MB)          :    56           1      1005 
...
009 (29707.019.000) 01/31 16:16:03 Job was aborted by the user.
	via condor_rm (by user zhangliang)
...
000 (29725.019.000) 01/31 16:16:10 Job submitted from host: <172.16.11.200:9618?addrs=172.16.11.200-9618&noUDP&sock=14877_46f2_4>
...
001 (29725.019.000) 01/31 18:52:28 Job executing on host: <172.16.11.234:9618?addrs=172.16.11.234-9618&alias=pc-farm4&noUDP&sock=startd_5195_3aff>
...
006 (29725.019.000) 01/31 18:52:36 Image size of job updated: 441264
	49  -  MemoryUsage of job (MB)
	49728  -  ResidentSetSize of job (KB)
...
006 (29725.019.000) 01/31 19:02:37 Image size of job updated: 441264
	49  -  MemoryUsage of job (MB)
	49732  -  ResidentSetSize of job (KB)
...
005 (29725.019.000) 01/31 20:40:09 Job terminated.
	(1) Normal termination (return value 0)
		Usr 0 01:47:40, Sys 0 00:00:00  -  Run Remote Usage
		Usr 0 00:00:00, Sys 0 00:00:00  -  Run Local Usage
		Usr 0 01:47:40, Sys 0 00:00:00  -  Total Remote Usage
		Usr 0 00:00:00, Sys 0 00:00:00  -  Total Local Usage
	0  -  Run Bytes Sent By Job
	0  -  Run Bytes Received By Job
	0  -  Total Bytes Sent By Job
	0  -  Total Bytes Received By Job
	Partitionable Resources :    Usage  Request Allocated 
	   Cpus                 :     1.00        1         1 
	   Disk (KB)            :     1           1    255907 
	   Memory (MB)          :    49           1       999 
...
