000 (28203.026.000) 12/31 10:12:06 Job submitted from host: <172.16.11.200:9618?addrs=172.16.11.200-9618&noUDP&sock=14877_46f2_4>
...
001 (28203.026.000) 12/31 10:12:15 Job executing on host: <172.16.11.233:9618?addrs=172.16.11.233-9618&alias=pc-farm3&noUDP&sock=startd_4556_edfa>
...
006 (28203.026.000) 12/31 10:12:24 Image size of job updated: 38824
	38  -  MemoryUsage of job (MB)
	38824  -  ResidentSetSize of job (KB)
...
006 (28203.026.000) 12/31 10:32:27 Image size of job updated: 38888
	38  -  MemoryUsage of job (MB)
	38888  -  ResidentSetSize of job (KB)
...
006 (28203.026.000) 12/31 10:37:28 Image size of job updated: 39100
	39  -  MemoryUsage of job (MB)
	39100  -  ResidentSetSize of job (KB)
...
006 (28203.026.000) 12/31 10:47:28 Image size of job updated: 39296
	39  -  MemoryUsage of job (MB)
	39296  -  ResidentSetSize of job (KB)
...
006 (28203.026.000) 12/31 10:52:29 Image size of job updated: 39396
	39  -  MemoryUsage of job (MB)
	39396  -  ResidentSetSize of job (KB)
...
006 (28203.026.000) 12/31 10:57:29 Image size of job updated: 39520
	39  -  MemoryUsage of job (MB)
	39520  -  ResidentSetSize of job (KB)
...
006 (28203.026.000) 12/31 11:02:29 Image size of job updated: 39608
	39  -  MemoryUsage of job (MB)
	39608  -  ResidentSetSize of job (KB)
...
006 (28203.026.000) 12/31 11:12:31 Image size of job updated: 39812
	39  -  MemoryUsage of job (MB)
	39812  -  ResidentSetSize of job (KB)
...
006 (28203.026.000) 12/31 11:17:31 Image size of job updated: 39888
	39  -  MemoryUsage of job (MB)
	39888  -  ResidentSetSize of job (KB)
...
006 (28203.026.000) 12/31 11:22:32 Image size of job updated: 39968
	40  -  MemoryUsage of job (MB)
	39968  -  ResidentSetSize of job (KB)
...
006 (28203.026.000) 12/31 11:32:33 Image size of job updated: 40284
	40  -  MemoryUsage of job (MB)
	40284  -  ResidentSetSize of job (KB)
...
006 (28203.026.000) 12/31 11:42:34 Image size of job updated: 40352
	40  -  MemoryUsage of job (MB)
	40352  -  ResidentSetSize of job (KB)
...
006 (28203.026.000) 12/31 11:47:34 Image size of job updated: 40428
	40  -  MemoryUsage of job (MB)
	40428  -  ResidentSetSize of job (KB)
...
006 (28203.026.000) 12/31 11:57:35 Image size of job updated: 40464
	40  -  MemoryUsage of job (MB)
	40464  -  ResidentSetSize of job (KB)
...
006 (28203.026.000) 12/31 12:02:36 Image size of job updated: 40700
	40  -  MemoryUsage of job (MB)
	40700  -  ResidentSetSize of job (KB)
...
006 (28203.026.000) 12/31 12:12:36 Image size of job updated: 40736
	40  -  MemoryUsage of job (MB)
	40736  -  ResidentSetSize of job (KB)
...
006 (28203.026.000) 12/31 12:17:37 Image size of job updated: 40972
	41  -  MemoryUsage of job (MB)
	40972  -  ResidentSetSize of job (KB)
...
006 (28203.026.000) 12/31 12:22:38 Image size of job updated: 41052
	41  -  MemoryUsage of job (MB)
	41052  -  ResidentSetSize of job (KB)
...
006 (28203.026.000) 12/31 12:32:38 Image size of job updated: 41240
	41  -  MemoryUsage of job (MB)
	41240  -  ResidentSetSize of job (KB)
...
005 (28203.026.000) 12/31 12:36:19 Job terminated.
	(1) Normal termination (return value 0)
		Usr 0 02:20:09, Sys 0 00:00:04  -  Run Remote Usage
		Usr 0 00:00:00, Sys 0 00:00:00  -  Run Local Usage
		Usr 0 02:20:09, Sys 0 00:00:04  -  Total Remote Usage
		Usr 0 00:00:00, Sys 0 00:00:00  -  Total Local Usage
	0  -  Run Bytes Sent By Job
	0  -  Run Bytes Received By Job
	0  -  Total Bytes Sent By Job
	0  -  Total Bytes Received By Job
	Partitionable Resources :    Usage  Request Allocated 
	   Cpus                 :     0.97        1         1 
	   Disk (KB)            :     1           1    254050 
	   Memory (MB)          :    41           1      1005 
...
000 (28206.026.000) 12/31 14:09:35 Job submitted from host: <172.16.11.200:9618?addrs=172.16.11.200-9618&noUDP&sock=14877_46f2_4>
...
001 (28206.026.000) 12/31 14:17:37 Job executing on host: <172.16.11.231:9618?addrs=172.16.11.231-9618&noUDP&sock=startd_22895_f54e_4>
...
006 (28206.026.000) 12/31 14:17:46 Image size of job updated: 35032
	35  -  MemoryUsage of job (MB)
	35032  -  ResidentSetSize of job (KB)
...
006 (28206.026.000) 01/01 01:28:54 Image size of job updated: 35908
	36  -  MemoryUsage of job (MB)
	35908  -  ResidentSetSize of job (KB)
...
005 (28206.026.000) 01/01 11:09:50 Job terminated.
	(1) Normal termination (return value 0)
		Usr 0 20:21:26, Sys 0 00:00:57  -  Run Remote Usage
		Usr 0 00:00:00, Sys 0 00:00:00  -  Run Local Usage
		Usr 0 20:21:26, Sys 0 00:00:57  -  Total Remote Usage
		Usr 0 00:00:00, Sys 0 00:00:00  -  Total Local Usage
	0  -  Run Bytes Sent By Job
	0  -  Run Bytes Received By Job
	0  -  Total Bytes Sent By Job
	0  -  Total Bytes Received By Job
	Partitionable Resources :    Usage  Request Allocated 
	   Cpus                 :     0.83        1         1 
	   Disk (KB)            :     1           1    241059 
	   Memory (MB)          :    36           1      2008 
...
000 (28248.026.000) 01/05 15:45:56 Job submitted from host: <172.16.11.200:9618?addrs=172.16.11.200-9618&noUDP&sock=14877_46f2_4>
...
001 (28248.026.000) 01/05 16:35:40 Job executing on host: <172.16.11.231:9618?addrs=172.16.11.231-9618&noUDP&sock=startd_22895_f54e_4>
...
006 (28248.026.000) 01/05 16:35:48 Image size of job updated: 35232
	35  -  MemoryUsage of job (MB)
	35232  -  ResidentSetSize of job (KB)
...
005 (28248.026.000) 01/06 02:03:47 Job terminated.
	(1) Normal termination (return value 0)
		Usr 0 09:26:02, Sys 0 00:00:05  -  Run Remote Usage
		Usr 0 00:00:00, Sys 0 00:00:00  -  Run Local Usage
		Usr 0 09:26:02, Sys 0 00:00:05  -  Total Remote Usage
		Usr 0 00:00:00, Sys 0 00:00:00  -  Total Local Usage
	0  -  Run Bytes Sent By Job
	0  -  Run Bytes Received By Job
	0  -  Total Bytes Sent By Job
	0  -  Total Bytes Received By Job
	Partitionable Resources :    Usage  Request Allocated 
	   Cpus                 :     0.99        1         1 
	   Disk (KB)            :     1           1    241059 
	   Memory (MB)          :    35           1      2008 
...
000 (28271.026.000) 01/06 15:26:51 Job submitted from host: <172.16.11.200:9618?addrs=172.16.11.200-9618&noUDP&sock=14877_46f2_4>
...
009 (28271.026.000) 01/06 15:47:44 Job was aborted by the user.
	via condor_rm (by user zhangliang)
...
