000 (28203.092.000) 12/31 10:12:06 Job submitted from host: <172.16.11.200:9618?addrs=172.16.11.200-9618&noUDP&sock=14877_46f2_4>
...
001 (28203.092.000) 12/31 10:12:20 Job executing on host: <172.16.11.231:9618?addrs=172.16.11.231-9618&noUDP&sock=startd_22895_f54e_4>
...
006 (28203.092.000) 12/31 10:12:28 Image size of job updated: 34824
	35  -  MemoryUsage of job (MB)
	34824  -  ResidentSetSize of job (KB)
...
006 (28203.092.000) 12/31 10:32:30 Image size of job updated: 35824
	35  -  MemoryUsage of job (MB)
	35824  -  ResidentSetSize of job (KB)
...
006 (28203.092.000) 12/31 13:14:29 Image size of job updated: 310160
	35  -  MemoryUsage of job (MB)
	35824  -  ResidentSetSize of job (KB)
...
004 (28203.092.000) 12/31 13:14:29 Job was evicted.
	(0) CPU times
		Usr 0 03:02:07, Sys 0 00:00:00  -  Run Remote Usage
		Usr 0 00:00:00, Sys 0 00:00:00  -  Run Local Usage
	0  -  Run Bytes Sent By Job
	0  -  Run Bytes Received By Job
	Partitionable Resources :    Usage  Request Allocated 
	   Cpus                 :     1.00        1         1 
	   Disk (KB)            :     1           1    241059 
	   Memory (MB)          :    35           1      2008 
...
009 (28203.092.000) 12/31 13:14:29 Job was aborted by the user.
	via condor_rm (by user zhangliang)
...
000 (28206.092.000) 12/31 14:09:35 Job submitted from host: <172.16.11.200:9618?addrs=172.16.11.200-9618&noUDP&sock=14877_46f2_4>
...
001 (28206.092.000) 01/01 14:19:49 Job executing on host: <172.16.11.231:9618?addrs=172.16.11.231-9618&noUDP&sock=startd_22895_f54e_4>
...
006 (28206.092.000) 01/01 14:19:58 Image size of job updated: 35356
	35  -  MemoryUsage of job (MB)
	35356  -  ResidentSetSize of job (KB)
...
006 (28206.092.000) 01/01 15:10:03 Image size of job updated: 35468
	35  -  MemoryUsage of job (MB)
	35468  -  ResidentSetSize of job (KB)
...
006 (28206.092.000) 01/02 09:53:11 Image size of job updated: 423324
	35  -  MemoryUsage of job (MB)
	35468  -  ResidentSetSize of job (KB)
...
005 (28206.092.000) 01/02 09:53:11 Job terminated.
	(1) Normal termination (return value 0)
		Usr 0 19:32:57, Sys 0 00:00:02  -  Run Remote Usage
		Usr 0 00:00:00, Sys 0 00:00:00  -  Run Local Usage
		Usr 0 19:32:57, Sys 0 00:00:02  -  Total Remote Usage
		Usr 0 00:00:00, Sys 0 00:00:00  -  Total Local Usage
	0  -  Run Bytes Sent By Job
	0  -  Run Bytes Received By Job
	0  -  Total Bytes Sent By Job
	0  -  Total Bytes Received By Job
	Partitionable Resources :    Usage  Request Allocated 
	   Cpus                 :     1.00        1         1 
	   Disk (KB)            :     1           1    241059 
	   Memory (MB)          :    35           1      2008 
...
000 (28248.092.000) 01/05 15:45:56 Job submitted from host: <172.16.11.200:9618?addrs=172.16.11.200-9618&noUDP&sock=14877_46f2_4>
...
001 (28248.092.000) 01/05 17:58:35 Job executing on host: <172.16.11.233:9618?addrs=172.16.11.233-9618&alias=pc-farm3&noUDP&sock=startd_4556_edfa>
...
006 (28248.092.000) 01/05 17:58:44 Image size of job updated: 39436
	39  -  MemoryUsage of job (MB)
	39436  -  ResidentSetSize of job (KB)
...
006 (28248.092.000) 01/05 19:28:54 Image size of job updated: 39452
	39  -  MemoryUsage of job (MB)
	39452  -  ResidentSetSize of job (KB)
...
006 (28248.092.000) 01/05 19:43:56 Image size of job updated: 39508
	39  -  MemoryUsage of job (MB)
	39508  -  ResidentSetSize of job (KB)
...
006 (28248.092.000) 01/05 19:48:56 Image size of job updated: 39560
	39  -  MemoryUsage of job (MB)
	39560  -  ResidentSetSize of job (KB)
...
006 (28248.092.000) 01/05 19:58:58 Image size of job updated: 39600
	39  -  MemoryUsage of job (MB)
	39600  -  ResidentSetSize of job (KB)
...
006 (28248.092.000) 01/05 20:08:58 Image size of job updated: 39628
	39  -  MemoryUsage of job (MB)
	39628  -  ResidentSetSize of job (KB)
...
006 (28248.092.000) 01/05 20:13:59 Image size of job updated: 39656
	39  -  MemoryUsage of job (MB)
	39656  -  ResidentSetSize of job (KB)
...
006 (28248.092.000) 01/05 20:34:01 Image size of job updated: 39740
	39  -  MemoryUsage of job (MB)
	39740  -  ResidentSetSize of job (KB)
...
006 (28248.092.000) 01/05 20:59:04 Image size of job updated: 39752
	39  -  MemoryUsage of job (MB)
	39752  -  ResidentSetSize of job (KB)
...
006 (28248.092.000) 01/05 21:04:05 Image size of job updated: 39772
	39  -  MemoryUsage of job (MB)
	39772  -  ResidentSetSize of job (KB)
...
006 (28248.092.000) 01/05 21:09:05 Image size of job updated: 39796
	39  -  MemoryUsage of job (MB)
	39796  -  ResidentSetSize of job (KB)
...
006 (28248.092.000) 01/05 21:14:05 Image size of job updated: 39940
	40  -  MemoryUsage of job (MB)
	39940  -  ResidentSetSize of job (KB)
...
006 (28248.092.000) 01/05 21:19:06 Image size of job updated: 39956
	40  -  MemoryUsage of job (MB)
	39956  -  ResidentSetSize of job (KB)
...
006 (28248.092.000) 01/05 21:24:06 Image size of job updated: 39984
	40  -  MemoryUsage of job (MB)
	39984  -  ResidentSetSize of job (KB)
...
006 (28248.092.000) 01/05 21:29:06 Image size of job updated: 39996
	40  -  MemoryUsage of job (MB)
	39996  -  ResidentSetSize of job (KB)
...
006 (28248.092.000) 01/05 21:34:07 Image size of job updated: 40028
	40  -  MemoryUsage of job (MB)
	40028  -  ResidentSetSize of job (KB)
...
006 (28248.092.000) 01/05 21:39:07 Image size of job updated: 40048
	40  -  MemoryUsage of job (MB)
	40048  -  ResidentSetSize of job (KB)
...
006 (28248.092.000) 01/05 21:44:07 Image size of job updated: 40068
	40  -  MemoryUsage of job (MB)
	40068  -  ResidentSetSize of job (KB)
...
006 (28248.092.000) 01/05 21:54:09 Image size of job updated: 40148
	40  -  MemoryUsage of job (MB)
	40148  -  ResidentSetSize of job (KB)
...
006 (28248.092.000) 01/05 21:59:09 Image size of job updated: 40172
	40  -  MemoryUsage of job (MB)
	40172  -  ResidentSetSize of job (KB)
...
006 (28248.092.000) 01/05 22:04:10 Image size of job updated: 40176
	40  -  MemoryUsage of job (MB)
	40176  -  ResidentSetSize of job (KB)
...
006 (28248.092.000) 01/05 22:09:11 Image size of job updated: 40216
	40  -  MemoryUsage of job (MB)
	40216  -  ResidentSetSize of job (KB)
...
006 (28248.092.000) 01/05 22:14:11 Image size of job updated: 41068
	41  -  MemoryUsage of job (MB)
	41068  -  ResidentSetSize of job (KB)
...
006 (28248.092.000) 01/05 22:19:11 Image size of job updated: 41076
	41  -  MemoryUsage of job (MB)
	41076  -  ResidentSetSize of job (KB)
...
006 (28248.092.000) 01/05 22:24:13 Image size of job updated: 41104
	41  -  MemoryUsage of job (MB)
	41104  -  ResidentSetSize of job (KB)
...
006 (28248.092.000) 01/05 22:34:13 Image size of job updated: 41180
	41  -  MemoryUsage of job (MB)
	41180  -  ResidentSetSize of job (KB)
...
006 (28248.092.000) 01/05 22:39:14 Image size of job updated: 41240
	41  -  MemoryUsage of job (MB)
	41240  -  ResidentSetSize of job (KB)
...
006 (28248.092.000) 01/05 22:44:15 Image size of job updated: 41272
	41  -  MemoryUsage of job (MB)
	41272  -  ResidentSetSize of job (KB)
...
006 (28248.092.000) 01/05 22:49:15 Image size of job updated: 41308
	41  -  MemoryUsage of job (MB)
	41308  -  ResidentSetSize of job (KB)
...
006 (28248.092.000) 01/05 22:54:16 Image size of job updated: 41464
	41  -  MemoryUsage of job (MB)
	41464  -  ResidentSetSize of job (KB)
...
006 (28248.092.000) 01/05 23:14:18 Image size of job updated: 41480
	41  -  MemoryUsage of job (MB)
	41480  -  ResidentSetSize of job (KB)
...
006 (28248.092.000) 01/05 23:39:20 Image size of job updated: 41752
	41  -  MemoryUsage of job (MB)
	41752  -  ResidentSetSize of job (KB)
...
006 (28248.092.000) 01/06 00:29:25 Image size of job updated: 41820
	41  -  MemoryUsage of job (MB)
	41820  -  ResidentSetSize of job (KB)
...
006 (28248.092.000) 01/06 00:39:26 Image size of job updated: 41864
	41  -  MemoryUsage of job (MB)
	41864  -  ResidentSetSize of job (KB)
...
006 (28248.092.000) 01/06 00:49:26 Image size of job updated: 41908
	41  -  MemoryUsage of job (MB)
	41908  -  ResidentSetSize of job (KB)
...
006 (28248.092.000) 01/06 01:14:29 Image size of job updated: 41924
	41  -  MemoryUsage of job (MB)
	41924  -  ResidentSetSize of job (KB)
...
006 (28248.092.000) 01/06 01:19:29 Image size of job updated: 41944
	41  -  MemoryUsage of job (MB)
	41944  -  ResidentSetSize of job (KB)
...
006 (28248.092.000) 01/06 01:24:30 Image size of job updated: 41968
	41  -  MemoryUsage of job (MB)
	41968  -  ResidentSetSize of job (KB)
...
006 (28248.092.000) 01/06 01:29:31 Image size of job updated: 41988
	42  -  MemoryUsage of job (MB)
	41988  -  ResidentSetSize of job (KB)
...
006 (28248.092.000) 01/06 01:34:31 Image size of job updated: 42136
	42  -  MemoryUsage of job (MB)
	42136  -  ResidentSetSize of job (KB)
...
006 (28248.092.000) 01/06 01:44:33 Image size of job updated: 42180
	42  -  MemoryUsage of job (MB)
	42180  -  ResidentSetSize of job (KB)
...
006 (28248.092.000) 01/06 01:49:33 Image size of job updated: 42200
	42  -  MemoryUsage of job (MB)
	42200  -  ResidentSetSize of job (KB)
...
006 (28248.092.000) 01/06 02:14:37 Image size of job updated: 42216
	42  -  MemoryUsage of job (MB)
	42216  -  ResidentSetSize of job (KB)
...
006 (28248.092.000) 01/06 02:19:37 Image size of job updated: 42236
	42  -  MemoryUsage of job (MB)
	42236  -  ResidentSetSize of job (KB)
...
006 (28248.092.000) 01/06 02:24:37 Image size of job updated: 42256
	42  -  MemoryUsage of job (MB)
	42256  -  ResidentSetSize of job (KB)
...
006 (28248.092.000) 01/06 02:29:38 Image size of job updated: 42276
	42  -  MemoryUsage of job (MB)
	42276  -  ResidentSetSize of job (KB)
...
005 (28248.092.000) 01/06 02:33:14 Job terminated.
	(1) Normal termination (return value 0)
		Usr 0 08:01:34, Sys 0 00:00:04  -  Run Remote Usage
		Usr 0 00:00:00, Sys 0 00:00:00  -  Run Local Usage
		Usr 0 08:01:34, Sys 0 00:00:04  -  Total Remote Usage
		Usr 0 00:00:00, Sys 0 00:00:00  -  Total Local Usage
	0  -  Run Bytes Sent By Job
	0  -  Run Bytes Received By Job
	0  -  Total Bytes Sent By Job
	0  -  Total Bytes Received By Job
	Partitionable Resources :    Usage  Request Allocated 
	   Cpus                 :     0.97        1         1 
	   Disk (KB)            :     1           1    254050 
	   Memory (MB)          :    42           1      1005 
...
000 (28271.092.000) 01/06 15:26:51 Job submitted from host: <172.16.11.200:9618?addrs=172.16.11.200-9618&noUDP&sock=14877_46f2_4>
...
009 (28271.092.000) 01/06 15:47:45 Job was aborted by the user.
	via condor_rm (by user zhangliang)
...
000 (29325.092.000) 01/22 22:42:19 Job submitted from host: <172.16.11.200:9618?addrs=172.16.11.200-9618&noUDP&sock=14877_46f2_4>
...
001 (29325.092.000) 01/23 04:40:38 Job executing on host: <172.16.11.232:9618?addrs=172.16.11.232-9618&alias=pc-farm2&noUDP&sock=startd_4986_dfb4_4>
...
006 (29325.092.000) 01/23 04:40:47 Image size of job updated: 35484
	35  -  MemoryUsage of job (MB)
	35484  -  ResidentSetSize of job (KB)
...
006 (29325.092.000) 01/23 05:45:54 Image size of job updated: 35600
	35  -  MemoryUsage of job (MB)
	35600  -  ResidentSetSize of job (KB)
...
005 (29325.092.000) 01/23 16:33:30 Job terminated.
	(1) Normal termination (return value 0)
		Usr 0 11:52:47, Sys 0 00:00:02  -  Run Remote Usage
		Usr 0 00:00:00, Sys 0 00:00:00  -  Run Local Usage
		Usr 0 11:52:47, Sys 0 00:00:02  -  Total Remote Usage
		Usr 0 00:00:00, Sys 0 00:00:00  -  Total Local Usage
	0  -  Run Bytes Sent By Job
	0  -  Run Bytes Received By Job
	0  -  Total Bytes Sent By Job
	0  -  Total Bytes Received By Job
	Partitionable Resources :    Usage  Request Allocated 
	   Cpus                 :     1.00        1         1 
	   Disk (KB)            :     1           1    245927 
	   Memory (MB)          :    35           1      1005 
...
000 (29520.092.000) 01/25 22:31:42 Job submitted from host: <172.16.11.200:9618?addrs=172.16.11.200-9618&noUDP&sock=14877_46f2_4>
...
001 (29520.092.000) 01/25 23:40:15 Job executing on host: <172.16.11.232:9618?addrs=172.16.11.232-9618&alias=pc-farm2&noUDP&sock=startd_4986_dfb4_4>
...
006 (29520.092.000) 01/25 23:40:24 Image size of job updated: 35788
	35  -  MemoryUsage of job (MB)
	35788  -  ResidentSetSize of job (KB)
...
006 (29520.092.000) 01/26 00:40:30 Image size of job updated: 35908
	36  -  MemoryUsage of job (MB)
	35908  -  ResidentSetSize of job (KB)
...
006 (29520.092.000) 01/26 14:06:27 Image size of job updated: 311124
	36  -  MemoryUsage of job (MB)
	35908  -  ResidentSetSize of job (KB)
...
004 (29520.092.000) 01/26 14:06:27 Job was evicted.
	(0) CPU times
		Usr 0 14:17:51, Sys 0 00:00:03  -  Run Remote Usage
		Usr 0 00:00:00, Sys 0 00:00:00  -  Run Local Usage
	0  -  Run Bytes Sent By Job
	0  -  Run Bytes Received By Job
	Partitionable Resources :    Usage  Request Allocated 
	   Cpus                 :     1.00        1         1 
	   Disk (KB)            :     1           1    245927 
	   Memory (MB)          :    36           1      1005 
...
009 (29520.092.000) 01/26 14:06:28 Job was aborted by the user.
	via condor_rm (by user zhangliang)
...
000 (29539.092.000) 01/26 14:07:21 Job submitted from host: <172.16.11.200:9618?addrs=172.16.11.200-9618&noUDP&sock=14877_46f2_4>
...
001 (29539.092.000) 01/27 08:43:10 Job executing on host: <172.16.11.233:9618?addrs=172.16.11.233-9618&alias=pc-farm3&noUDP&sock=startd_4556_edfa>
...
006 (29539.092.000) 01/27 08:43:19 Image size of job updated: 41124
	41  -  MemoryUsage of job (MB)
	41124  -  ResidentSetSize of job (KB)
...
006 (29539.092.000) 01/27 09:28:24 Image size of job updated: 41156
	41  -  MemoryUsage of job (MB)
	41156  -  ResidentSetSize of job (KB)
...
004 (29539.092.000) 01/27 09:49:14 Job was evicted.
	(0) CPU times
		Usr 0 01:06:03, Sys 0 00:00:00  -  Run Remote Usage
		Usr 0 00:00:00, Sys 0 00:00:00  -  Run Local Usage
	0  -  Run Bytes Sent By Job
	0  -  Run Bytes Received By Job
	Partitionable Resources :    Usage  Request Allocated 
	   Cpus                 :     1.00        1         1 
	   Disk (KB)            :     1           1    254050 
	   Memory (MB)          :    41           1      1005 
...
009 (29539.092.000) 01/27 09:49:14 Job was aborted by the user.
	via condor_rm (by user zhangliang)
...
000 (29554.092.000) 01/27 10:11:07 Job submitted from host: <172.16.11.200:9618?addrs=172.16.11.200-9618&noUDP&sock=14877_46f2_4>
...
001 (29554.092.000) 01/27 15:22:27 Job executing on host: <172.16.11.231:9618?addrs=172.16.11.231-9618&noUDP&sock=startd_22895_f54e_4>
...
006 (29554.092.000) 01/27 15:22:35 Image size of job updated: 36108
	36  -  MemoryUsage of job (MB)
	36108  -  ResidentSetSize of job (KB)
...
006 (29554.092.000) 01/27 16:07:40 Image size of job updated: 36212
	36  -  MemoryUsage of job (MB)
	36212  -  ResidentSetSize of job (KB)
...
006 (29554.092.000) 01/27 20:22:20 Image size of job updated: 424264
	36  -  MemoryUsage of job (MB)
	36212  -  ResidentSetSize of job (KB)
...
005 (29554.092.000) 01/27 20:22:20 Job terminated.
	(1) Normal termination (return value 0)
		Usr 0 04:59:49, Sys 0 00:00:02  -  Run Remote Usage
		Usr 0 00:00:00, Sys 0 00:00:00  -  Run Local Usage
		Usr 0 04:59:49, Sys 0 00:00:02  -  Total Remote Usage
		Usr 0 00:00:00, Sys 0 00:00:00  -  Total Local Usage
	0  -  Run Bytes Sent By Job
	0  -  Run Bytes Received By Job
	0  -  Total Bytes Sent By Job
	0  -  Total Bytes Received By Job
	Partitionable Resources :    Usage  Request Allocated 
	   Cpus                 :     1.00        1         1 
	   Disk (KB)            :     1           1    241059 
	   Memory (MB)          :    36           1      2008 
...
000 (29604.092.000) 01/27 21:59:06 Job submitted from host: <172.16.11.200:9618?addrs=172.16.11.200-9618&noUDP&sock=14877_46f2_4>
...
001 (29604.092.000) 01/28 09:46:14 Job executing on host: <172.16.11.231:9618?addrs=172.16.11.231-9618&noUDP&sock=startd_22895_f54e_4>
...
006 (29604.092.000) 01/28 09:46:22 Image size of job updated: 36004
	36  -  MemoryUsage of job (MB)
	36004  -  ResidentSetSize of job (KB)
...
005 (29604.092.000) 01/28 14:51:53 Job terminated.
	(1) Normal termination (return value 0)
		Usr 0 05:04:26, Sys 0 00:00:32  -  Run Remote Usage
		Usr 0 00:00:00, Sys 0 00:00:00  -  Run Local Usage
		Usr 0 05:04:26, Sys 0 00:00:32  -  Total Remote Usage
		Usr 0 00:00:00, Sys 0 00:00:00  -  Total Local Usage
	0  -  Run Bytes Sent By Job
	0  -  Run Bytes Received By Job
	0  -  Total Bytes Sent By Job
	0  -  Total Bytes Received By Job
	Partitionable Resources :    Usage  Request Allocated 
	   Cpus                 :     1.00        1         1 
	   Disk (KB)            :     1           1    241059 
	   Memory (MB)          :    36           1      2008 
...
000 (29616.092.000) 01/28 14:59:33 Job submitted from host: <172.16.11.200:9618?addrs=172.16.11.200-9618&noUDP&sock=14877_46f2_4>
...
009 (29616.092.000) 01/28 15:00:13 Job was aborted by the user.
	via condor_rm (by user zhangliang)
...
000 (29617.092.000) 01/28 15:01:04 Job submitted from host: <172.16.11.200:9618?addrs=172.16.11.200-9618&noUDP&sock=14877_46f2_4>
...
001 (29617.092.000) 01/28 15:03:16 Job executing on host: <172.16.11.233:9618?addrs=172.16.11.233-9618&alias=pc-farm3&noUDP&sock=startd_4556_edfa>
...
006 (29617.092.000) 01/28 15:03:25 Image size of job updated: 38820
	38  -  MemoryUsage of job (MB)
	38820  -  ResidentSetSize of job (KB)
...
006 (29617.092.000) 01/28 15:13:26 Image size of job updated: 38948
	39  -  MemoryUsage of job (MB)
	38948  -  ResidentSetSize of job (KB)
...
006 (29617.092.000) 01/28 15:58:31 Image size of job updated: 39076
	39  -  MemoryUsage of job (MB)
	39076  -  ResidentSetSize of job (KB)
...
005 (29617.092.000) 01/28 16:20:52 Job terminated.
	(1) Normal termination (return value 0)
		Usr 0 01:17:35, Sys 0 00:00:00  -  Run Remote Usage
		Usr 0 00:00:00, Sys 0 00:00:00  -  Run Local Usage
		Usr 0 01:17:35, Sys 0 00:00:00  -  Total Remote Usage
		Usr 0 00:00:00, Sys 0 00:00:00  -  Total Local Usage
	0  -  Run Bytes Sent By Job
	0  -  Run Bytes Received By Job
	0  -  Total Bytes Sent By Job
	0  -  Total Bytes Received By Job
	Partitionable Resources :    Usage  Request Allocated 
	   Cpus                 :     1.00        1         1 
	   Disk (KB)            :     1           1    254050 
	   Memory (MB)          :    39           1      1005 
...
000 (29696.092.000) 01/30 20:13:16 Job submitted from host: <172.16.11.200:9618?addrs=172.16.11.200-9618&noUDP&sock=14877_46f2_4>
...
001 (29696.092.000) 01/30 21:46:03 Job executing on host: <172.16.11.231:9618?addrs=172.16.11.231-9618&noUDP&sock=startd_22895_f54e_4>
...
006 (29696.092.000) 01/30 21:46:11 Image size of job updated: 36156
	36  -  MemoryUsage of job (MB)
	36156  -  ResidentSetSize of job (KB)
...
005 (29696.092.000) 01/30 23:51:45 Job terminated.
	(1) Normal termination (return value 0)
		Usr 0 02:05:36, Sys 0 00:00:05  -  Run Remote Usage
		Usr 0 00:00:00, Sys 0 00:00:00  -  Run Local Usage
		Usr 0 02:05:36, Sys 0 00:00:05  -  Total Remote Usage
		Usr 0 00:00:00, Sys 0 00:00:00  -  Total Local Usage
	0  -  Run Bytes Sent By Job
	0  -  Run Bytes Received By Job
	0  -  Total Bytes Sent By Job
	0  -  Total Bytes Received By Job
	Partitionable Resources :    Usage  Request Allocated 
	   Cpus                 :     1.00        1         1 
	   Disk (KB)            :     1           1    241059 
	   Memory (MB)          :    36           1      2008 
...
000 (29706.092.000) 01/31 10:47:04 Job submitted from host: <172.16.11.200:9618?addrs=172.16.11.200-9618&noUDP&sock=14877_46f2_4>
...
001 (29706.092.000) 01/31 11:06:07 Job executing on host: <172.16.11.233:9618?addrs=172.16.11.233-9618&alias=pc-farm3&noUDP&sock=startd_4556_edfa>
...
006 (29706.092.000) 01/31 11:06:16 Image size of job updated: 55048
	54  -  MemoryUsage of job (MB)
	55048  -  ResidentSetSize of job (KB)
...
006 (29706.092.000) 01/31 12:26:23 Image size of job updated: 55088
	54  -  MemoryUsage of job (MB)
	55088  -  ResidentSetSize of job (KB)
...
006 (29706.092.000) 01/31 12:31:24 Image size of job updated: 55104
	54  -  MemoryUsage of job (MB)
	55104  -  ResidentSetSize of job (KB)
...
006 (29706.092.000) 01/31 12:36:25 Image size of job updated: 55116
	54  -  MemoryUsage of job (MB)
	55116  -  ResidentSetSize of job (KB)
...
005 (29706.092.000) 01/31 12:38:10 Job terminated.
	(1) Normal termination (return value 0)
		Usr 0 01:31:30, Sys 0 00:00:04  -  Run Remote Usage
		Usr 0 00:00:00, Sys 0 00:00:00  -  Run Local Usage
		Usr 0 01:31:30, Sys 0 00:00:04  -  Total Remote Usage
		Usr 0 00:00:00, Sys 0 00:00:00  -  Total Local Usage
	0  -  Run Bytes Sent By Job
	0  -  Run Bytes Received By Job
	0  -  Total Bytes Sent By Job
	0  -  Total Bytes Received By Job
	Partitionable Resources :    Usage  Request Allocated 
	   Cpus                 :     0.99        1         1 
	   Disk (KB)            :     1           1    254050 
	   Memory (MB)          :    54           1      1005 
...
000 (29707.092.000) 01/31 14:36:19 Job submitted from host: <172.16.11.200:9618?addrs=172.16.11.200-9618&noUDP&sock=14877_46f2_4>
...
009 (29707.092.000) 01/31 16:16:03 Job was aborted by the user.
	via condor_rm (by user zhangliang)
...
000 (29725.092.000) 01/31 16:16:10 Job submitted from host: <172.16.11.200:9618?addrs=172.16.11.200-9618&noUDP&sock=14877_46f2_4>
...
001 (29725.092.000) 01/31 19:28:37 Job executing on host: <172.16.11.231:9618?addrs=172.16.11.231-9618&noUDP&sock=startd_22895_f54e_4>
...
006 (29725.092.000) 01/31 19:28:46 Image size of job updated: 49792
	49  -  MemoryUsage of job (MB)
	49792  -  ResidentSetSize of job (KB)
...
006 (29725.092.000) 01/31 20:48:53 Image size of job updated: 50744
	50  -  MemoryUsage of job (MB)
	50744  -  ResidentSetSize of job (KB)
...
004 (29725.092.000) 01/31 21:11:59 Job was evicted.
	(0) CPU times
		Usr 0 01:43:21, Sys 0 00:00:00  -  Run Remote Usage
		Usr 0 00:00:00, Sys 0 00:00:00  -  Run Local Usage
	0  -  Run Bytes Sent By Job
	0  -  Run Bytes Received By Job
	Partitionable Resources :    Usage  Request Allocated 
	   Cpus                 :     1.00        1         1 
	   Disk (KB)            :     1           1    241059 
	   Memory (MB)          :    50           1      2008 
...
009 (29725.092.000) 01/31 21:11:59 Job was aborted by the user.
	via condor_rm (by user zhangliang)
...
