000 (28203.000.000) 12/31 10:12:06 Job submitted from host: <172.16.11.200:9618?addrs=172.16.11.200-9618&noUDP&sock=14877_46f2_4>
...
001 (28203.000.000) 12/31 10:12:07 Job executing on host: <172.16.11.233:9618?addrs=172.16.11.233-9618&alias=pc-farm3&noUDP&sock=startd_4556_edfa>
...
006 (28203.000.000) 12/31 10:12:15 Image size of job updated: 39352
	39  -  MemoryUsage of job (MB)
	39352  -  ResidentSetSize of job (KB)
...
006 (28203.000.000) 12/31 10:22:16 Image size of job updated: 39480
	39  -  MemoryUsage of job (MB)
	39480  -  ResidentSetSize of job (KB)
...
006 (28203.000.000) 12/31 10:32:17 Image size of job updated: 39592
	39  -  MemoryUsage of job (MB)
	39592  -  ResidentSetSize of job (KB)
...
006 (28203.000.000) 12/31 10:42:18 Image size of job updated: 39764
	39  -  MemoryUsage of job (MB)
	39764  -  ResidentSetSize of job (KB)
...
006 (28203.000.000) 12/31 10:52:19 Image size of job updated: 39848
	39  -  MemoryUsage of job (MB)
	39848  -  ResidentSetSize of job (KB)
...
006 (28203.000.000) 12/31 10:57:20 Image size of job updated: 40060
	40  -  MemoryUsage of job (MB)
	40060  -  ResidentSetSize of job (KB)
...
006 (28203.000.000) 12/31 11:02:20 Image size of job updated: 40180
	40  -  MemoryUsage of job (MB)
	40180  -  ResidentSetSize of job (KB)
...
006 (28203.000.000) 12/31 11:12:22 Image size of job updated: 40384
	40  -  MemoryUsage of job (MB)
	40384  -  ResidentSetSize of job (KB)
...
006 (28203.000.000) 12/31 11:22:22 Image size of job updated: 40540
	40  -  MemoryUsage of job (MB)
	40540  -  ResidentSetSize of job (KB)
...
006 (28203.000.000) 12/31 11:32:23 Image size of job updated: 40728
	40  -  MemoryUsage of job (MB)
	40728  -  ResidentSetSize of job (KB)
...
006 (28203.000.000) 12/31 11:42:24 Image size of job updated: 40760
	40  -  MemoryUsage of job (MB)
	40760  -  ResidentSetSize of job (KB)
...
006 (28203.000.000) 12/31 11:47:25 Image size of job updated: 41120
	41  -  MemoryUsage of job (MB)
	41120  -  ResidentSetSize of job (KB)
...
006 (28203.000.000) 12/31 11:57:26 Image size of job updated: 41152
	41  -  MemoryUsage of job (MB)
	41152  -  ResidentSetSize of job (KB)
...
006 (28203.000.000) 12/31 12:07:27 Image size of job updated: 41464
	41  -  MemoryUsage of job (MB)
	41464  -  ResidentSetSize of job (KB)
...
006 (28203.000.000) 12/31 12:22:28 Image size of job updated: 41608
	41  -  MemoryUsage of job (MB)
	41608  -  ResidentSetSize of job (KB)
...
006 (28203.000.000) 12/31 12:27:28 Image size of job updated: 41684
	41  -  MemoryUsage of job (MB)
	41684  -  ResidentSetSize of job (KB)
...
006 (28203.000.000) 12/31 12:37:30 Image size of job updated: 41748
	41  -  MemoryUsage of job (MB)
	41748  -  ResidentSetSize of job (KB)
...
005 (28203.000.000) 12/31 12:39:38 Job terminated.
	(1) Normal termination (return value 0)
		Usr 0 02:23:11, Sys 0 00:00:04  -  Run Remote Usage
		Usr 0 00:00:00, Sys 0 00:00:00  -  Run Local Usage
		Usr 0 02:23:11, Sys 0 00:00:04  -  Total Remote Usage
		Usr 0 00:00:00, Sys 0 00:00:00  -  Total Local Usage
	0  -  Run Bytes Sent By Job
	0  -  Run Bytes Received By Job
	0  -  Total Bytes Sent By Job
	0  -  Total Bytes Received By Job
	Partitionable Resources :    Usage  Request Allocated 
	   Cpus                 :     0.96        1         1 
	   Disk (KB)            :     1           1    254050 
	   Memory (MB)          :    41           1      1005 
...
000 (28206.000.000) 12/31 14:09:35 Job submitted from host: <172.16.11.200:9618?addrs=172.16.11.200-9618&noUDP&sock=14877_46f2_4>
...
001 (28206.000.000) 12/31 14:10:36 Job executing on host: <172.16.11.233:9618?addrs=172.16.11.233-9618&alias=pc-farm3&noUDP&sock=startd_4556_edfa>
...
006 (28206.000.000) 12/31 14:10:44 Image size of job updated: 37928
	38  -  MemoryUsage of job (MB)
	37928  -  ResidentSetSize of job (KB)
...
006 (28206.000.000) 12/31 14:20:45 Image size of job updated: 37936
	38  -  MemoryUsage of job (MB)
	37936  -  ResidentSetSize of job (KB)
...
006 (28206.000.000) 12/31 14:35:46 Image size of job updated: 37940
	38  -  MemoryUsage of job (MB)
	37940  -  ResidentSetSize of job (KB)
...
006 (28206.000.000) 12/31 14:40:47 Image size of job updated: 37956
	38  -  MemoryUsage of job (MB)
	37956  -  ResidentSetSize of job (KB)
...
006 (28206.000.000) 12/31 14:45:47 Image size of job updated: 38096
	38  -  MemoryUsage of job (MB)
	38096  -  ResidentSetSize of job (KB)
...
006 (28206.000.000) 12/31 15:30:52 Image size of job updated: 38104
	38  -  MemoryUsage of job (MB)
	38104  -  ResidentSetSize of job (KB)
...
006 (28206.000.000) 12/31 15:35:52 Image size of job updated: 38116
	38  -  MemoryUsage of job (MB)
	38116  -  ResidentSetSize of job (KB)
...
006 (28206.000.000) 12/31 15:40:52 Image size of job updated: 38256
	38  -  MemoryUsage of job (MB)
	38256  -  ResidentSetSize of job (KB)
...
006 (28206.000.000) 12/31 15:55:53 Image size of job updated: 38304
	38  -  MemoryUsage of job (MB)
	38304  -  ResidentSetSize of job (KB)
...
006 (28206.000.000) 12/31 16:00:54 Image size of job updated: 38332
	38  -  MemoryUsage of job (MB)
	38332  -  ResidentSetSize of job (KB)
...
006 (28206.000.000) 12/31 16:05:55 Image size of job updated: 38340
	38  -  MemoryUsage of job (MB)
	38340  -  ResidentSetSize of job (KB)
...
006 (28206.000.000) 12/31 16:20:57 Image size of job updated: 38364
	38  -  MemoryUsage of job (MB)
	38364  -  ResidentSetSize of job (KB)
...
006 (28206.000.000) 12/31 16:30:57 Image size of job updated: 38392
	38  -  MemoryUsage of job (MB)
	38392  -  ResidentSetSize of job (KB)
...
006 (28206.000.000) 12/31 17:06:01 Image size of job updated: 38508
	38  -  MemoryUsage of job (MB)
	38508  -  ResidentSetSize of job (KB)
...
006 (28206.000.000) 12/31 17:31:03 Image size of job updated: 38608
	38  -  MemoryUsage of job (MB)
	38608  -  ResidentSetSize of job (KB)
...
006 (28206.000.000) 12/31 17:36:03 Image size of job updated: 38748
	38  -  MemoryUsage of job (MB)
	38748  -  ResidentSetSize of job (KB)
...
006 (28206.000.000) 12/31 18:16:08 Image size of job updated: 38872
	38  -  MemoryUsage of job (MB)
	38872  -  ResidentSetSize of job (KB)
...
006 (28206.000.000) 12/31 18:56:11 Image size of job updated: 38884
	38  -  MemoryUsage of job (MB)
	38884  -  ResidentSetSize of job (KB)
...
005 (28206.000.000) 01/01 02:30:59 Job terminated.
	(1) Normal termination (return value 0)
		Usr 0 12:18:11, Sys 0 00:00:04  -  Run Remote Usage
		Usr 0 00:00:00, Sys 0 00:00:00  -  Run Local Usage
		Usr 0 12:18:11, Sys 0 00:00:04  -  Total Remote Usage
		Usr 0 00:00:00, Sys 0 00:00:00  -  Total Local Usage
	0  -  Run Bytes Sent By Job
	0  -  Run Bytes Received By Job
	0  -  Total Bytes Sent By Job
	0  -  Total Bytes Received By Job
	Partitionable Resources :    Usage  Request Allocated 
	   Cpus                 :     1.00        1         1 
	   Disk (KB)            :     1           1    254050 
	   Memory (MB)          :    38           1      1005 
...
000 (28248.000.000) 01/05 15:45:55 Job submitted from host: <172.16.11.200:9618?addrs=172.16.11.200-9618&noUDP&sock=14877_46f2_4>
...
001 (28248.000.000) 01/05 15:47:57 Job executing on host: <172.16.11.234:9618?addrs=172.16.11.234-9618&alias=pc-farm4&noUDP&sock=startd_5195_3aff>
...
006 (28248.000.000) 01/05 15:48:06 Image size of job updated: 422640
	35  -  MemoryUsage of job (MB)
	34932  -  ResidentSetSize of job (KB)
...
006 (28248.000.000) 01/05 16:03:07 Image size of job updated: 423424
	35  -  MemoryUsage of job (MB)
	34936  -  ResidentSetSize of job (KB)
...
005 (28248.000.000) 01/06 00:42:03 Job terminated.
	(1) Normal termination (return value 0)
		Usr 0 08:29:36, Sys 0 00:00:02  -  Run Remote Usage
		Usr 0 00:00:00, Sys 0 00:00:00  -  Run Local Usage
		Usr 0 08:29:36, Sys 0 00:00:02  -  Total Remote Usage
		Usr 0 00:00:00, Sys 0 00:00:00  -  Total Local Usage
	0  -  Run Bytes Sent By Job
	0  -  Run Bytes Received By Job
	0  -  Total Bytes Sent By Job
	0  -  Total Bytes Received By Job
	Partitionable Resources :    Usage  Request Allocated 
	   Cpus                 :     0.98        1         1 
	   Disk (KB)            :     1           1    255907 
	   Memory (MB)          :    35           1       999 
...
000 (28271.000.000) 01/06 15:26:51 Job submitted from host: <172.16.11.200:9618?addrs=172.16.11.200-9618&noUDP&sock=14877_46f2_4>
...
001 (28271.000.000) 01/06 15:28:21 Job executing on host: <172.16.11.231:9618?addrs=172.16.11.231-9618&noUDP&sock=startd_22895_f54e_4>
...
006 (28271.000.000) 01/06 15:28:29 Image size of job updated: 35048
	35  -  MemoryUsage of job (MB)
	34916  -  ResidentSetSize of job (KB)
...
006 (28271.000.000) 01/06 15:47:44 Image size of job updated: 310120
	35  -  MemoryUsage of job (MB)
	34916  -  ResidentSetSize of job (KB)
...
004 (28271.000.000) 01/06 15:47:44 Job was evicted.
	(0) CPU times
		Usr 0 00:19:16, Sys 0 00:00:00  -  Run Remote Usage
		Usr 0 00:00:00, Sys 0 00:00:00  -  Run Local Usage
	0  -  Run Bytes Sent By Job
	0  -  Run Bytes Received By Job
	Partitionable Resources :    Usage  Request Allocated 
	   Cpus                 :     1.00        1         1 
	   Disk (KB)            :     1           1    241059 
	   Memory (MB)          :    35           1      2008 
...
009 (28271.000.000) 01/06 15:47:44 Job was aborted by the user.
	via condor_rm (by user zhangliang)
...
000 (29325.000.000) 01/22 22:42:18 Job submitted from host: <172.16.11.200:9618?addrs=172.16.11.200-9618&noUDP&sock=14877_46f2_4>
...
001 (29325.000.000) 01/22 22:45:37 Job executing on host: <172.16.11.232:9618?addrs=172.16.11.232-9618&alias=pc-farm2&noUDP&sock=startd_4986_dfb4_4>
...
006 (29325.000.000) 01/22 22:45:46 Image size of job updated: 35652
	35  -  MemoryUsage of job (MB)
	34992  -  ResidentSetSize of job (KB)
...
006 (29325.000.000) 01/22 23:20:49 Image size of job updated: 35784
	35  -  MemoryUsage of job (MB)
	34992  -  ResidentSetSize of job (KB)
...
006 (29325.000.000) 01/23 01:56:07 Image size of job updated: 36392
	35  -  MemoryUsage of job (MB)
	35600  -  ResidentSetSize of job (KB)
...
006 (29325.000.000) 01/23 04:41:24 Image size of job updated: 36524
	35  -  MemoryUsage of job (MB)
	35600  -  ResidentSetSize of job (KB)
...
005 (29325.000.000) 01/23 12:44:56 Job terminated.
	(1) Normal termination (return value 0)
		Usr 0 13:41:13, Sys 0 00:00:03  -  Run Remote Usage
		Usr 0 00:00:00, Sys 0 00:00:00  -  Run Local Usage
		Usr 0 13:41:13, Sys 0 00:00:03  -  Total Remote Usage
		Usr 0 00:00:00, Sys 0 00:00:00  -  Total Local Usage
	0  -  Run Bytes Sent By Job
	0  -  Run Bytes Received By Job
	0  -  Total Bytes Sent By Job
	0  -  Total Bytes Received By Job
	Partitionable Resources :    Usage  Request Allocated 
	   Cpus                 :     1.00        1         1 
	   Disk (KB)            :     1           1    245927 
	   Memory (MB)          :    35           1      1005 
...
000 (29520.000.000) 01/25 22:31:41 Job submitted from host: <172.16.11.200:9618?addrs=172.16.11.200-9618&noUDP&sock=14877_46f2_4>
...
001 (29520.000.000) 01/25 22:31:43 Job executing on host: <172.16.11.233:9618?addrs=172.16.11.233-9618&alias=pc-farm3&noUDP&sock=startd_4556_edfa>
...
006 (29520.000.000) 01/25 22:31:52 Image size of job updated: 43424
	43  -  MemoryUsage of job (MB)
	43424  -  ResidentSetSize of job (KB)
...
006 (29520.000.000) 01/25 23:42:00 Image size of job updated: 43600
	43  -  MemoryUsage of job (MB)
	43600  -  ResidentSetSize of job (KB)
...
006 (29520.000.000) 01/25 23:57:01 Image size of job updated: 43624
	43  -  MemoryUsage of job (MB)
	43624  -  ResidentSetSize of job (KB)
...
006 (29520.000.000) 01/26 00:07:01 Image size of job updated: 43648
	43  -  MemoryUsage of job (MB)
	43648  -  ResidentSetSize of job (KB)
...
006 (29520.000.000) 01/26 00:17:02 Image size of job updated: 43672
	43  -  MemoryUsage of job (MB)
	43672  -  ResidentSetSize of job (KB)
...
006 (29520.000.000) 01/26 00:27:03 Image size of job updated: 43692
	43  -  MemoryUsage of job (MB)
	43692  -  ResidentSetSize of job (KB)
...
006 (29520.000.000) 01/26 00:37:04 Image size of job updated: 43720
	43  -  MemoryUsage of job (MB)
	43720  -  ResidentSetSize of job (KB)
...
006 (29520.000.000) 01/26 00:42:05 Image size of job updated: 43736
	43  -  MemoryUsage of job (MB)
	43736  -  ResidentSetSize of job (KB)
...
006 (29520.000.000) 01/26 00:47:06 Image size of job updated: 43780
	43  -  MemoryUsage of job (MB)
	43780  -  ResidentSetSize of job (KB)
...
006 (29520.000.000) 01/26 00:52:06 Image size of job updated: 43788
	43  -  MemoryUsage of job (MB)
	43788  -  ResidentSetSize of job (KB)
...
006 (29520.000.000) 01/26 01:07:07 Image size of job updated: 43824
	43  -  MemoryUsage of job (MB)
	43824  -  ResidentSetSize of job (KB)
...
006 (29520.000.000) 01/26 01:32:10 Image size of job updated: 43876
	43  -  MemoryUsage of job (MB)
	43876  -  ResidentSetSize of job (KB)
...
006 (29520.000.000) 01/26 01:42:11 Image size of job updated: 43908
	43  -  MemoryUsage of job (MB)
	43908  -  ResidentSetSize of job (KB)
...
006 (29520.000.000) 01/26 01:47:12 Image size of job updated: 43920
	43  -  MemoryUsage of job (MB)
	43920  -  ResidentSetSize of job (KB)
...
006 (29520.000.000) 01/26 01:52:13 Image size of job updated: 43932
	43  -  MemoryUsage of job (MB)
	43932  -  ResidentSetSize of job (KB)
...
006 (29520.000.000) 01/26 01:57:13 Image size of job updated: 43940
	43  -  MemoryUsage of job (MB)
	43940  -  ResidentSetSize of job (KB)
...
006 (29520.000.000) 01/26 02:07:14 Image size of job updated: 43968
	43  -  MemoryUsage of job (MB)
	43968  -  ResidentSetSize of job (KB)
...
006 (29520.000.000) 01/26 02:12:14 Image size of job updated: 43980
	43  -  MemoryUsage of job (MB)
	43980  -  ResidentSetSize of job (KB)
...
006 (29520.000.000) 01/26 02:17:14 Image size of job updated: 43992
	43  -  MemoryUsage of job (MB)
	43992  -  ResidentSetSize of job (KB)
...
006 (29520.000.000) 01/26 02:22:16 Image size of job updated: 44000
	43  -  MemoryUsage of job (MB)
	44000  -  ResidentSetSize of job (KB)
...
006 (29520.000.000) 01/26 02:32:16 Image size of job updated: 44020
	43  -  MemoryUsage of job (MB)
	44020  -  ResidentSetSize of job (KB)
...
006 (29520.000.000) 01/26 02:37:17 Image size of job updated: 44068
	44  -  MemoryUsage of job (MB)
	44068  -  ResidentSetSize of job (KB)
...
006 (29520.000.000) 01/26 02:42:18 Image size of job updated: 44080
	44  -  MemoryUsage of job (MB)
	44080  -  ResidentSetSize of job (KB)
...
006 (29520.000.000) 01/26 02:57:20 Image size of job updated: 44112
	44  -  MemoryUsage of job (MB)
	44112  -  ResidentSetSize of job (KB)
...
006 (29520.000.000) 01/26 03:12:22 Image size of job updated: 44148
	44  -  MemoryUsage of job (MB)
	44148  -  ResidentSetSize of job (KB)
...
006 (29520.000.000) 01/26 03:27:23 Image size of job updated: 44188
	44  -  MemoryUsage of job (MB)
	44188  -  ResidentSetSize of job (KB)
...
006 (29520.000.000) 01/26 03:37:23 Image size of job updated: 44204
	44  -  MemoryUsage of job (MB)
	44204  -  ResidentSetSize of job (KB)
...
006 (29520.000.000) 01/26 03:47:25 Image size of job updated: 44228
	44  -  MemoryUsage of job (MB)
	44228  -  ResidentSetSize of job (KB)
...
006 (29520.000.000) 01/26 04:02:27 Image size of job updated: 44272
	44  -  MemoryUsage of job (MB)
	44272  -  ResidentSetSize of job (KB)
...
006 (29520.000.000) 01/26 04:07:27 Image size of job updated: 44280
	44  -  MemoryUsage of job (MB)
	44280  -  ResidentSetSize of job (KB)
...
006 (29520.000.000) 01/26 04:17:28 Image size of job updated: 44308
	44  -  MemoryUsage of job (MB)
	44308  -  ResidentSetSize of job (KB)
...
006 (29520.000.000) 01/26 04:22:28 Image size of job updated: 44312
	44  -  MemoryUsage of job (MB)
	44312  -  ResidentSetSize of job (KB)
...
006 (29520.000.000) 01/26 04:27:28 Image size of job updated: 44360
	44  -  MemoryUsage of job (MB)
	44360  -  ResidentSetSize of job (KB)
...
006 (29520.000.000) 01/26 04:32:29 Image size of job updated: 44372
	44  -  MemoryUsage of job (MB)
	44372  -  ResidentSetSize of job (KB)
...
006 (29520.000.000) 01/26 04:37:29 Image size of job updated: 44384
	44  -  MemoryUsage of job (MB)
	44384  -  ResidentSetSize of job (KB)
...
006 (29520.000.000) 01/26 04:52:31 Image size of job updated: 44424
	44  -  MemoryUsage of job (MB)
	44424  -  ResidentSetSize of job (KB)
...
006 (29520.000.000) 01/26 05:07:33 Image size of job updated: 44452
	44  -  MemoryUsage of job (MB)
	44452  -  ResidentSetSize of job (KB)
...
006 (29520.000.000) 01/26 05:22:35 Image size of job updated: 44496
	44  -  MemoryUsage of job (MB)
	44496  -  ResidentSetSize of job (KB)
...
006 (29520.000.000) 01/26 05:27:35 Image size of job updated: 44508
	44  -  MemoryUsage of job (MB)
	44508  -  ResidentSetSize of job (KB)
...
006 (29520.000.000) 01/26 05:42:37 Image size of job updated: 44540
	44  -  MemoryUsage of job (MB)
	44540  -  ResidentSetSize of job (KB)
...
006 (29520.000.000) 01/26 05:57:38 Image size of job updated: 44580
	44  -  MemoryUsage of job (MB)
	44580  -  ResidentSetSize of job (KB)
...
006 (29520.000.000) 01/26 06:27:42 Image size of job updated: 44672
	44  -  MemoryUsage of job (MB)
	44672  -  ResidentSetSize of job (KB)
...
006 (29520.000.000) 01/26 06:37:42 Image size of job updated: 44708
	44  -  MemoryUsage of job (MB)
	44708  -  ResidentSetSize of job (KB)
...
006 (29520.000.000) 01/26 06:42:43 Image size of job updated: 44720
	44  -  MemoryUsage of job (MB)
	44720  -  ResidentSetSize of job (KB)
...
006 (29520.000.000) 01/26 06:47:43 Image size of job updated: 44728
	44  -  MemoryUsage of job (MB)
	44728  -  ResidentSetSize of job (KB)
...
006 (29520.000.000) 01/26 06:57:44 Image size of job updated: 44748
	44  -  MemoryUsage of job (MB)
	44748  -  ResidentSetSize of job (KB)
...
006 (29520.000.000) 01/26 07:02:45 Image size of job updated: 44768
	44  -  MemoryUsage of job (MB)
	44768  -  ResidentSetSize of job (KB)
...
006 (29520.000.000) 01/26 07:17:47 Image size of job updated: 44800
	44  -  MemoryUsage of job (MB)
	44800  -  ResidentSetSize of job (KB)
...
006 (29520.000.000) 01/26 07:22:47 Image size of job updated: 44812
	44  -  MemoryUsage of job (MB)
	44812  -  ResidentSetSize of job (KB)
...
006 (29520.000.000) 01/26 07:27:48 Image size of job updated: 44828
	44  -  MemoryUsage of job (MB)
	44828  -  ResidentSetSize of job (KB)
...
006 (29520.000.000) 01/26 07:32:49 Image size of job updated: 44832
	44  -  MemoryUsage of job (MB)
	44832  -  ResidentSetSize of job (KB)
...
006 (29520.000.000) 01/26 07:37:49 Image size of job updated: 44852
	44  -  MemoryUsage of job (MB)
	44852  -  ResidentSetSize of job (KB)
...
006 (29520.000.000) 01/26 07:47:50 Image size of job updated: 44868
	44  -  MemoryUsage of job (MB)
	44868  -  ResidentSetSize of job (KB)
...
006 (29520.000.000) 01/26 07:57:50 Image size of job updated: 44932
	44  -  MemoryUsage of job (MB)
	44932  -  ResidentSetSize of job (KB)
...
006 (29520.000.000) 01/26 08:17:53 Image size of job updated: 44968
	44  -  MemoryUsage of job (MB)
	44968  -  ResidentSetSize of job (KB)
...
006 (29520.000.000) 01/26 08:22:54 Image size of job updated: 44988
	44  -  MemoryUsage of job (MB)
	44988  -  ResidentSetSize of job (KB)
...
006 (29520.000.000) 01/26 08:27:54 Image size of job updated: 44996
	44  -  MemoryUsage of job (MB)
	44996  -  ResidentSetSize of job (KB)
...
006 (29520.000.000) 01/26 08:37:55 Image size of job updated: 45020
	44  -  MemoryUsage of job (MB)
	45020  -  ResidentSetSize of job (KB)
...
006 (29520.000.000) 01/26 08:47:55 Image size of job updated: 45040
	44  -  MemoryUsage of job (MB)
	45040  -  ResidentSetSize of job (KB)
...
006 (29520.000.000) 01/26 08:57:56 Image size of job updated: 45068
	45  -  MemoryUsage of job (MB)
	45068  -  ResidentSetSize of job (KB)
...
006 (29520.000.000) 01/26 09:02:56 Image size of job updated: 45084
	45  -  MemoryUsage of job (MB)
	45084  -  ResidentSetSize of job (KB)
...
006 (29520.000.000) 01/26 09:22:59 Image size of job updated: 45132
	45  -  MemoryUsage of job (MB)
	45132  -  ResidentSetSize of job (KB)
...
006 (29520.000.000) 01/26 09:28:00 Image size of job updated: 45140
	45  -  MemoryUsage of job (MB)
	45140  -  ResidentSetSize of job (KB)
...
006 (29520.000.000) 01/26 09:43:01 Image size of job updated: 45176
	45  -  MemoryUsage of job (MB)
	45176  -  ResidentSetSize of job (KB)
...
006 (29520.000.000) 01/26 10:03:03 Image size of job updated: 45252
	45  -  MemoryUsage of job (MB)
	45252  -  ResidentSetSize of job (KB)
...
006 (29520.000.000) 01/26 10:13:04 Image size of job updated: 45280
	45  -  MemoryUsage of job (MB)
	45280  -  ResidentSetSize of job (KB)
...
005 (29520.000.000) 01/26 13:32:08 Job terminated.
	(1) Normal termination (return value 0)
		Usr 0 14:57:53, Sys 0 00:00:03  -  Run Remote Usage
		Usr 0 00:00:00, Sys 0 00:00:00  -  Run Local Usage
		Usr 0 14:57:53, Sys 0 00:00:03  -  Total Remote Usage
		Usr 0 00:00:00, Sys 0 00:00:00  -  Total Local Usage
	0  -  Run Bytes Sent By Job
	0  -  Run Bytes Received By Job
	0  -  Total Bytes Sent By Job
	0  -  Total Bytes Received By Job
	Partitionable Resources :    Usage  Request Allocated 
	   Cpus                 :     0.96        1         1 
	   Disk (KB)            :     1           1    254050 
	   Memory (MB)          :    45           1      1005 
...
000 (29539.000.000) 01/26 14:07:21 Job submitted from host: <172.16.11.200:9618?addrs=172.16.11.200-9618&noUDP&sock=14877_46f2_4>
...
001 (29539.000.000) 01/26 14:07:23 Job executing on host: <172.16.11.234:9618?addrs=172.16.11.234-9618&alias=pc-farm4&noUDP&sock=startd_5195_3aff>
...
006 (29539.000.000) 01/26 14:07:31 Image size of job updated: 35920
	36  -  MemoryUsage of job (MB)
	35888  -  ResidentSetSize of job (KB)
...
006 (29539.000.000) 01/26 14:12:31 Image size of job updated: 423580
	36  -  MemoryUsage of job (MB)
	35888  -  ResidentSetSize of job (KB)
...
006 (29539.000.000) 01/26 14:22:32 Image size of job updated: 424360
	36  -  MemoryUsage of job (MB)
	35892  -  ResidentSetSize of job (KB)
...
005 (29539.000.000) 01/27 05:26:34 Job terminated.
	(1) Normal termination (return value 0)
		Usr 0 15:14:50, Sys 0 00:00:07  -  Run Remote Usage
		Usr 0 00:00:00, Sys 0 00:00:00  -  Run Local Usage
		Usr 0 15:14:50, Sys 0 00:00:07  -  Total Remote Usage
		Usr 0 00:00:00, Sys 0 00:00:00  -  Total Local Usage
	0  -  Run Bytes Sent By Job
	0  -  Run Bytes Received By Job
	0  -  Total Bytes Sent By Job
	0  -  Total Bytes Received By Job
	Partitionable Resources :    Usage  Request Allocated 
	   Cpus                 :     1.00        1         1 
	   Disk (KB)            :     1           1    255907 
	   Memory (MB)          :    36           1       999 
...
000 (29554.000.000) 01/27 10:11:07 Job submitted from host: <172.16.11.200:9618?addrs=172.16.11.200-9618&noUDP&sock=14877_46f2_4>
...
001 (29554.000.000) 01/27 10:12:17 Job executing on host: <172.16.11.234:9618?addrs=172.16.11.234-9618&alias=pc-farm4&noUDP&sock=startd_5195_3aff>
...
006 (29554.000.000) 01/27 10:12:25 Image size of job updated: 423580
	36  -  MemoryUsage of job (MB)
	35884  -  ResidentSetSize of job (KB)
...
006 (29554.000.000) 01/27 10:22:26 Image size of job updated: 424360
	36  -  MemoryUsage of job (MB)
	35888  -  ResidentSetSize of job (KB)
...
005 (29554.000.000) 01/27 15:00:14 Job terminated.
	(1) Normal termination (return value 0)
		Usr 0 04:40:46, Sys 0 00:00:06  -  Run Remote Usage
		Usr 0 00:00:00, Sys 0 00:00:00  -  Run Local Usage
		Usr 0 04:40:46, Sys 0 00:00:06  -  Total Remote Usage
		Usr 0 00:00:00, Sys 0 00:00:00  -  Total Local Usage
	0  -  Run Bytes Sent By Job
	0  -  Run Bytes Received By Job
	0  -  Total Bytes Sent By Job
	0  -  Total Bytes Received By Job
	Partitionable Resources :    Usage  Request Allocated 
	   Cpus                 :     1.00        1         1 
	   Disk (KB)            :     1           1    255907 
	   Memory (MB)          :    36           1       999 
...
000 (29604.000.000) 01/27 21:59:05 Job submitted from host: <172.16.11.200:9618?addrs=172.16.11.200-9618&noUDP&sock=14877_46f2_4>
...
001 (29604.000.000) 01/28 09:45:59 Job executing on host: <172.16.11.234:9618?addrs=172.16.11.234-9618&alias=pc-farm4&noUDP&sock=startd_5195_3aff>
...
006 (29604.000.000) 01/28 09:46:08 Image size of job updated: 423580
	36  -  MemoryUsage of job (MB)
	35880  -  ResidentSetSize of job (KB)
...
006 (29604.000.000) 01/28 09:56:08 Image size of job updated: 424360
	36  -  MemoryUsage of job (MB)
	35884  -  ResidentSetSize of job (KB)
...
005 (29604.000.000) 01/28 14:34:35 Job terminated.
	(1) Normal termination (return value 0)
		Usr 0 04:48:19, Sys 0 00:00:02  -  Run Remote Usage
		Usr 0 00:00:00, Sys 0 00:00:00  -  Run Local Usage
		Usr 0 04:48:19, Sys 0 00:00:02  -  Total Remote Usage
		Usr 0 00:00:00, Sys 0 00:00:00  -  Total Local Usage
	0  -  Run Bytes Sent By Job
	0  -  Run Bytes Received By Job
	0  -  Total Bytes Sent By Job
	0  -  Total Bytes Received By Job
	Partitionable Resources :    Usage  Request Allocated 
	   Cpus                 :     1.00        1         1 
	   Disk (KB)            :     1           1    255907 
	   Memory (MB)          :    36           1       999 
...
000 (29616.000.000) 01/28 14:59:33 Job submitted from host: <172.16.11.200:9618?addrs=172.16.11.200-9618&noUDP&sock=14877_46f2_4>
...
001 (29616.000.000) 01/28 14:59:51 Job executing on host: <172.16.11.233:9618?addrs=172.16.11.233-9618&alias=pc-farm3&noUDP&sock=startd_4556_edfa>
...
006 (29616.000.000) 01/28 15:00:00 Image size of job updated: 40160
	40  -  MemoryUsage of job (MB)
	40160  -  ResidentSetSize of job (KB)
...
004 (29616.000.000) 01/28 15:00:12 Job was evicted.
	(0) CPU times
		Usr 0 00:00:20, Sys 0 00:00:00  -  Run Remote Usage
		Usr 0 00:00:00, Sys 0 00:00:00  -  Run Local Usage
	0  -  Run Bytes Sent By Job
	0  -  Run Bytes Received By Job
	Partitionable Resources :    Usage  Request Allocated 
	   Cpus                 :     0.08        1         1 
	   Disk (KB)            :     1           1    254050 
	   Memory (MB)          :    40           1      1005 
...
009 (29616.000.000) 01/28 15:00:12 Job was aborted by the user.
	via condor_rm (by user zhangliang)
...
000 (29617.000.000) 01/28 15:01:04 Job submitted from host: <172.16.11.200:9618?addrs=172.16.11.200-9618&noUDP&sock=14877_46f2_4>
...
001 (29617.000.000) 01/28 15:01:12 Job executing on host: <172.16.11.234:9618?addrs=172.16.11.234-9618&alias=pc-farm4&noUDP&sock=startd_5195_3aff>
...
006 (29617.000.000) 01/28 15:01:20 Image size of job updated: 423584
	36  -  MemoryUsage of job (MB)
	35892  -  ResidentSetSize of job (KB)
...
006 (29617.000.000) 01/28 15:11:21 Image size of job updated: 424368
	36  -  MemoryUsage of job (MB)
	35896  -  ResidentSetSize of job (KB)
...
005 (29617.000.000) 01/28 16:49:11 Job terminated.
	(1) Normal termination (return value 0)
		Usr 0 01:47:58, Sys 0 00:00:00  -  Run Remote Usage
		Usr 0 00:00:00, Sys 0 00:00:00  -  Run Local Usage
		Usr 0 01:47:58, Sys 0 00:00:00  -  Total Remote Usage
		Usr 0 00:00:00, Sys 0 00:00:00  -  Total Local Usage
	0  -  Run Bytes Sent By Job
	0  -  Run Bytes Received By Job
	0  -  Total Bytes Sent By Job
	0  -  Total Bytes Received By Job
	Partitionable Resources :    Usage  Request Allocated 
	   Cpus                 :     1.00        1         1 
	   Disk (KB)            :     1           1    255907 
	   Memory (MB)          :    36           1       999 
...
000 (29696.000.000) 01/30 20:13:15 Job submitted from host: <172.16.11.200:9618?addrs=172.16.11.200-9618&noUDP&sock=14877_46f2_4>
...
001 (29696.000.000) 01/30 20:56:08 Job executing on host: <172.16.11.233:9618?addrs=172.16.11.233-9618&alias=pc-farm3&noUDP&sock=startd_4556_edfa>
...
006 (29696.000.000) 01/30 20:56:17 Image size of job updated: 42796
	42  -  MemoryUsage of job (MB)
	42796  -  ResidentSetSize of job (KB)
...
006 (29696.000.000) 01/30 22:16:26 Image size of job updated: 42896
	42  -  MemoryUsage of job (MB)
	42896  -  ResidentSetSize of job (KB)
...
005 (29696.000.000) 01/30 22:36:57 Job terminated.
	(1) Normal termination (return value 0)
		Usr 0 01:39:53, Sys 0 00:00:07  -  Run Remote Usage
		Usr 0 00:00:00, Sys 0 00:00:00  -  Run Local Usage
		Usr 0 01:39:53, Sys 0 00:00:07  -  Total Remote Usage
		Usr 0 00:00:00, Sys 0 00:00:00  -  Total Local Usage
	0  -  Run Bytes Sent By Job
	0  -  Run Bytes Received By Job
	0  -  Total Bytes Sent By Job
	0  -  Total Bytes Received By Job
	Partitionable Resources :    Usage  Request Allocated 
	   Cpus                 :     0.99        1         1 
	   Disk (KB)            :     1           1    254050 
	   Memory (MB)          :    42           1      1005 
...
000 (29706.000.000) 01/31 10:47:03 Job submitted from host: <172.16.11.200:9618?addrs=172.16.11.200-9618&noUDP&sock=14877_46f2_4>
...
001 (29706.000.000) 01/31 10:47:05 Job executing on host: <172.16.11.234:9618?addrs=172.16.11.234-9618&alias=pc-farm4&noUDP&sock=startd_5195_3aff>
...
006 (29706.000.000) 01/31 10:47:14 Image size of job updated: 437416
	49  -  MemoryUsage of job (MB)
	49724  -  ResidentSetSize of job (KB)
...
006 (29706.000.000) 01/31 10:57:16 Image size of job updated: 437416
	49  -  MemoryUsage of job (MB)
	49728  -  ResidentSetSize of job (KB)
...
006 (29706.000.000) 01/31 11:02:16 Image size of job updated: 438196
	49  -  MemoryUsage of job (MB)
	49728  -  ResidentSetSize of job (KB)
...
005 (29706.000.000) 01/31 12:35:12 Job terminated.
	(1) Normal termination (return value 0)
		Usr 0 01:48:05, Sys 0 00:00:00  -  Run Remote Usage
		Usr 0 00:00:00, Sys 0 00:00:00  -  Run Local Usage
		Usr 0 01:48:05, Sys 0 00:00:00  -  Total Remote Usage
		Usr 0 00:00:00, Sys 0 00:00:00  -  Total Local Usage
	0  -  Run Bytes Sent By Job
	0  -  Run Bytes Received By Job
	0  -  Total Bytes Sent By Job
	0  -  Total Bytes Received By Job
	Partitionable Resources :    Usage  Request Allocated 
	   Cpus                 :     1.00        1         1 
	   Disk (KB)            :     1           1    255907 
	   Memory (MB)          :    49           1       999 
...
000 (29707.000.000) 01/31 14:36:19 Job submitted from host: <172.16.11.200:9618?addrs=172.16.11.200-9618&noUDP&sock=14877_46f2_4>
...
001 (29707.000.000) 01/31 14:37:29 Job executing on host: <172.16.11.231:9618?addrs=172.16.11.231-9618&noUDP&sock=startd_22895_f54e_4>
...
006 (29707.000.000) 01/31 14:37:38 Image size of job updated: 49760
	49  -  MemoryUsage of job (MB)
	49496  -  ResidentSetSize of job (KB)
...
006 (29707.000.000) 01/31 14:42:38 Image size of job updated: 49892
	49  -  MemoryUsage of job (MB)
	49496  -  ResidentSetSize of job (KB)
...
006 (29707.000.000) 01/31 14:47:38 Image size of job updated: 50024
	49  -  MemoryUsage of job (MB)
	49496  -  ResidentSetSize of job (KB)
...
004 (29707.000.000) 01/31 16:16:03 Job was evicted.
	(0) CPU times
		Usr 0 01:38:28, Sys 0 00:00:01  -  Run Remote Usage
		Usr 0 00:00:00, Sys 0 00:00:00  -  Run Local Usage
	0  -  Run Bytes Sent By Job
	0  -  Run Bytes Received By Job
	Partitionable Resources :    Usage  Request Allocated 
	   Cpus                 :     1.00        1         1 
	   Disk (KB)            :     1           1    241059 
	   Memory (MB)          :    49           1      2008 
...
009 (29707.000.000) 01/31 16:16:03 Job was aborted by the user.
	via condor_rm (by user zhangliang)
...
000 (29725.000.000) 01/31 16:16:10 Job submitted from host: <172.16.11.200:9618?addrs=172.16.11.200-9618&noUDP&sock=14877_46f2_4>
...
001 (29725.000.000) 01/31 18:28:22 Job executing on host: <172.16.11.231:9618?addrs=172.16.11.231-9618&noUDP&sock=startd_22895_f54e_4>
...
006 (29725.000.000) 01/31 18:28:31 Image size of job updated: 49852
	49  -  MemoryUsage of job (MB)
	49852  -  ResidentSetSize of job (KB)
...
006 (29725.000.000) 01/31 18:53:33 Image size of job updated: 49856
	49  -  MemoryUsage of job (MB)
	49856  -  ResidentSetSize of job (KB)
...
005 (29725.000.000) 01/31 20:14:17 Job terminated.
	(1) Normal termination (return value 0)
		Usr 0 01:45:54, Sys 0 00:00:00  -  Run Remote Usage
		Usr 0 00:00:00, Sys 0 00:00:00  -  Run Local Usage
		Usr 0 01:45:54, Sys 0 00:00:00  -  Total Remote Usage
		Usr 0 00:00:00, Sys 0 00:00:00  -  Total Local Usage
	0  -  Run Bytes Sent By Job
	0  -  Run Bytes Received By Job
	0  -  Total Bytes Sent By Job
	0  -  Total Bytes Received By Job
	Partitionable Resources :    Usage  Request Allocated 
	   Cpus                 :     1.00        1         1 
	   Disk (KB)            :     1           1    241059 
	   Memory (MB)          :    49           1      2008 
...
