000 (28203.076.000) 12/31 10:12:06 Job submitted from host: <172.16.11.200:9618?addrs=172.16.11.200-9618&noUDP&sock=14877_46f2_4>
...
001 (28203.076.000) 12/31 10:12:17 Job executing on host: <172.16.11.231:9618?addrs=172.16.11.231-9618&noUDP&sock=startd_22895_f54e_4>
...
006 (28203.076.000) 12/31 10:12:26 Image size of job updated: 35120
	35  -  MemoryUsage of job (MB)
	35120  -  ResidentSetSize of job (KB)
...
006 (28203.076.000) 12/31 10:27:27 Image size of job updated: 35228
	35  -  MemoryUsage of job (MB)
	35228  -  ResidentSetSize of job (KB)
...
006 (28203.076.000) 12/31 13:14:29 Image size of job updated: 310160
	35  -  MemoryUsage of job (MB)
	35228  -  ResidentSetSize of job (KB)
...
004 (28203.076.000) 12/31 13:14:29 Job was evicted.
	(0) CPU times
		Usr 0 03:02:10, Sys 0 00:00:00  -  Run Remote Usage
		Usr 0 00:00:00, Sys 0 00:00:00  -  Run Local Usage
	0  -  Run Bytes Sent By Job
	0  -  Run Bytes Received By Job
	Partitionable Resources :    Usage  Request Allocated 
	   Cpus                 :     1.00        1         1 
	   Disk (KB)            :     1           1    241059 
	   Memory (MB)          :    35           1      2008 
...
009 (28203.076.000) 12/31 13:14:29 Job was aborted by the user.
	via condor_rm (by user zhangliang)
...
000 (28206.076.000) 12/31 14:09:35 Job submitted from host: <172.16.11.200:9618?addrs=172.16.11.200-9618&noUDP&sock=14877_46f2_4>
...
001 (28206.076.000) 01/01 14:07:49 Job executing on host: <172.16.11.231:9618?addrs=172.16.11.231-9618&noUDP&sock=startd_22895_f54e_4>
...
006 (28206.076.000) 01/01 14:07:57 Image size of job updated: 34748
	34  -  MemoryUsage of job (MB)
	34748  -  ResidentSetSize of job (KB)
...
006 (28206.076.000) 01/01 15:08:03 Image size of job updated: 34900
	35  -  MemoryUsage of job (MB)
	34900  -  ResidentSetSize of job (KB)
...
005 (28206.076.000) 01/02 09:42:12 Job terminated.
	(1) Normal termination (return value 0)
		Usr 0 19:34:04, Sys 0 00:00:02  -  Run Remote Usage
		Usr 0 00:00:00, Sys 0 00:00:00  -  Run Local Usage
		Usr 0 19:34:04, Sys 0 00:00:02  -  Total Remote Usage
		Usr 0 00:00:00, Sys 0 00:00:00  -  Total Local Usage
	0  -  Run Bytes Sent By Job
	0  -  Run Bytes Received By Job
	0  -  Total Bytes Sent By Job
	0  -  Total Bytes Received By Job
	Partitionable Resources :    Usage  Request Allocated 
	   Cpus                 :     1.00        1         1 
	   Disk (KB)            :     1           1    241059 
	   Memory (MB)          :    35           1      2008 
...
000 (28248.076.000) 01/05 15:45:56 Job submitted from host: <172.16.11.200:9618?addrs=172.16.11.200-9618&noUDP&sock=14877_46f2_4>
...
001 (28248.076.000) 01/05 17:44:34 Job executing on host: <172.16.11.231:9618?addrs=172.16.11.231-9618&noUDP&sock=startd_22895_f54e_4>
...
006 (28248.076.000) 01/05 17:44:42 Image size of job updated: 35556
	35  -  MemoryUsage of job (MB)
	35556  -  ResidentSetSize of job (KB)
...
005 (28248.076.000) 01/06 02:57:28 Job terminated.
	(1) Normal termination (return value 0)
		Usr 0 09:12:06, Sys 0 00:00:02  -  Run Remote Usage
		Usr 0 00:00:00, Sys 0 00:00:00  -  Run Local Usage
		Usr 0 09:12:06, Sys 0 00:00:02  -  Total Remote Usage
		Usr 0 00:00:00, Sys 0 00:00:00  -  Total Local Usage
	0  -  Run Bytes Sent By Job
	0  -  Run Bytes Received By Job
	0  -  Total Bytes Sent By Job
	0  -  Total Bytes Received By Job
	Partitionable Resources :    Usage  Request Allocated 
	   Cpus                 :     1.00        1         1 
	   Disk (KB)            :     1           1    241059 
	   Memory (MB)          :    35           1      2008 
...
000 (28271.076.000) 01/06 15:26:51 Job submitted from host: <172.16.11.200:9618?addrs=172.16.11.200-9618&noUDP&sock=14877_46f2_4>
...
009 (28271.076.000) 01/06 15:47:45 Job was aborted by the user.
	via condor_rm (by user zhangliang)
...
000 (29325.076.000) 01/22 22:42:18 Job submitted from host: <172.16.11.200:9618?addrs=172.16.11.200-9618&noUDP&sock=14877_46f2_4>
...
001 (29325.076.000) 01/23 04:37:37 Job executing on host: <172.16.11.232:9618?addrs=172.16.11.232-9618&alias=pc-farm2&noUDP&sock=startd_4986_dfb4_4>
...
006 (29325.076.000) 01/23 04:37:46 Image size of job updated: 35668
	35  -  MemoryUsage of job (MB)
	35668  -  ResidentSetSize of job (KB)
...
006 (29325.076.000) 01/23 05:42:52 Image size of job updated: 35784
	35  -  MemoryUsage of job (MB)
	35784  -  ResidentSetSize of job (KB)
...
006 (29325.076.000) 01/23 18:02:19 Image size of job updated: 424032
	35  -  MemoryUsage of job (MB)
	35784  -  ResidentSetSize of job (KB)
...
005 (29325.076.000) 01/23 18:02:19 Job terminated.
	(1) Normal termination (return value 0)
		Usr 0 13:24:35, Sys 0 00:00:02  -  Run Remote Usage
		Usr 0 00:00:00, Sys 0 00:00:00  -  Run Local Usage
		Usr 0 13:24:35, Sys 0 00:00:02  -  Total Remote Usage
		Usr 0 00:00:00, Sys 0 00:00:00  -  Total Local Usage
	0  -  Run Bytes Sent By Job
	0  -  Run Bytes Received By Job
	0  -  Total Bytes Sent By Job
	0  -  Total Bytes Received By Job
	Partitionable Resources :    Usage  Request Allocated 
	   Cpus                 :     1.00        1         1 
	   Disk (KB)            :     1           1    245927 
	   Memory (MB)          :    35           1      1005 
...
000 (29520.076.000) 01/25 22:31:42 Job submitted from host: <172.16.11.200:9618?addrs=172.16.11.200-9618&noUDP&sock=14877_46f2_4>
...
001 (29520.076.000) 01/25 23:28:06 Job executing on host: <172.16.11.234:9618?addrs=172.16.11.234-9618&alias=pc-farm4&noUDP&sock=startd_5195_3aff>
...
006 (29520.076.000) 01/25 23:28:15 Image size of job updated: 35888
	36  -  MemoryUsage of job (MB)
	35888  -  ResidentSetSize of job (KB)
...
006 (29520.076.000) 01/25 23:33:15 Image size of job updated: 423580
	36  -  MemoryUsage of job (MB)
	35888  -  ResidentSetSize of job (KB)
...
006 (29520.076.000) 01/25 23:43:16 Image size of job updated: 424360
	36  -  MemoryUsage of job (MB)
	35892  -  ResidentSetSize of job (KB)
...
004 (29520.076.000) 01/26 14:06:26 Job was evicted.
	(0) CPU times
		Usr 0 13:12:38, Sys 0 00:00:01  -  Run Remote Usage
		Usr 0 00:00:00, Sys 0 00:00:00  -  Run Local Usage
	0  -  Run Bytes Sent By Job
	0  -  Run Bytes Received By Job
	Partitionable Resources :    Usage  Request Allocated 
	   Cpus                 :     0.94        1         1 
	   Disk (KB)            :     1           1    255907 
	   Memory (MB)          :    36           1       999 
...
009 (29520.076.000) 01/26 14:06:26 Job was aborted by the user.
	via condor_rm (by user zhangliang)
...
000 (29539.076.000) 01/26 14:07:21 Job submitted from host: <172.16.11.200:9618?addrs=172.16.11.200-9618&noUDP&sock=14877_46f2_4>
...
001 (29539.076.000) 01/27 08:40:10 Job executing on host: <172.16.11.234:9618?addrs=172.16.11.234-9618&alias=pc-farm4&noUDP&sock=startd_5195_3aff>
...
006 (29539.076.000) 01/27 08:40:19 Image size of job updated: 35892
	36  -  MemoryUsage of job (MB)
	35892  -  ResidentSetSize of job (KB)
...
006 (29539.076.000) 01/27 08:45:20 Image size of job updated: 423580
	36  -  MemoryUsage of job (MB)
	35892  -  ResidentSetSize of job (KB)
...
006 (29539.076.000) 01/27 08:50:20 Image size of job updated: 424360
	36  -  MemoryUsage of job (MB)
	35896  -  ResidentSetSize of job (KB)
...
004 (29539.076.000) 01/27 09:49:15 Job was evicted.
	(0) CPU times
		Usr 0 01:09:03, Sys 0 00:00:00  -  Run Remote Usage
		Usr 0 00:00:00, Sys 0 00:00:00  -  Run Local Usage
	0  -  Run Bytes Sent By Job
	0  -  Run Bytes Received By Job
	Partitionable Resources :    Usage  Request Allocated 
	   Cpus                 :     1.00        1         1 
	   Disk (KB)            :     1           1    255907 
	   Memory (MB)          :    36           1       999 
...
009 (29539.076.000) 01/27 09:49:15 Job was aborted by the user.
	via condor_rm (by user zhangliang)
...
000 (29554.076.000) 01/27 10:11:07 Job submitted from host: <172.16.11.200:9618?addrs=172.16.11.200-9618&noUDP&sock=14877_46f2_4>
...
001 (29554.076.000) 01/27 15:18:27 Job executing on host: <172.16.11.231:9618?addrs=172.16.11.231-9618&noUDP&sock=startd_22895_f54e_4>
...
006 (29554.076.000) 01/27 15:18:37 Image size of job updated: 35988
	36  -  MemoryUsage of job (MB)
	35988  -  ResidentSetSize of job (KB)
...
006 (29554.076.000) 01/27 16:03:41 Image size of job updated: 36352
	36  -  MemoryUsage of job (MB)
	36352  -  ResidentSetSize of job (KB)
...
006 (29554.076.000) 01/27 20:03:40 Image size of job updated: 424264
	36  -  MemoryUsage of job (MB)
	36352  -  ResidentSetSize of job (KB)
...
005 (29554.076.000) 01/27 20:03:40 Job terminated.
	(1) Normal termination (return value 0)
		Usr 0 04:45:04, Sys 0 00:00:01  -  Run Remote Usage
		Usr 0 00:00:00, Sys 0 00:00:00  -  Run Local Usage
		Usr 0 04:45:04, Sys 0 00:00:01  -  Total Remote Usage
		Usr 0 00:00:00, Sys 0 00:00:00  -  Total Local Usage
	0  -  Run Bytes Sent By Job
	0  -  Run Bytes Received By Job
	0  -  Total Bytes Sent By Job
	0  -  Total Bytes Received By Job
	Partitionable Resources :    Usage  Request Allocated 
	   Cpus                 :     1.00        1         1 
	   Disk (KB)            :     1           1    241059 
	   Memory (MB)          :    36           1      2008 
...
000 (29604.076.000) 01/27 21:59:06 Job submitted from host: <172.16.11.200:9618?addrs=172.16.11.200-9618&noUDP&sock=14877_46f2_4>
...
001 (29604.076.000) 01/28 09:46:07 Job executing on host: <172.16.11.233:9618?addrs=172.16.11.233-9618&alias=pc-farm3&noUDP&sock=startd_4556_edfa>
...
006 (29604.076.000) 01/28 09:46:16 Image size of job updated: 40716
	40  -  MemoryUsage of job (MB)
	40716  -  ResidentSetSize of job (KB)
...
006 (29604.076.000) 01/28 11:06:25 Image size of job updated: 40784
	40  -  MemoryUsage of job (MB)
	40784  -  ResidentSetSize of job (KB)
...
006 (29604.076.000) 01/28 11:16:25 Image size of job updated: 40872
	40  -  MemoryUsage of job (MB)
	40872  -  ResidentSetSize of job (KB)
...
006 (29604.076.000) 01/28 11:21:26 Image size of job updated: 40952
	40  -  MemoryUsage of job (MB)
	40952  -  ResidentSetSize of job (KB)
...
006 (29604.076.000) 01/28 11:26:26 Image size of job updated: 41060
	41  -  MemoryUsage of job (MB)
	41060  -  ResidentSetSize of job (KB)
...
006 (29604.076.000) 01/28 11:31:26 Image size of job updated: 41120
	41  -  MemoryUsage of job (MB)
	41120  -  ResidentSetSize of job (KB)
...
006 (29604.076.000) 01/28 11:36:27 Image size of job updated: 41180
	41  -  MemoryUsage of job (MB)
	41180  -  ResidentSetSize of job (KB)
...
006 (29604.076.000) 01/28 11:41:28 Image size of job updated: 41240
	41  -  MemoryUsage of job (MB)
	41240  -  ResidentSetSize of job (KB)
...
006 (29604.076.000) 01/28 11:46:28 Image size of job updated: 41324
	41  -  MemoryUsage of job (MB)
	41324  -  ResidentSetSize of job (KB)
...
006 (29604.076.000) 01/28 11:51:29 Image size of job updated: 41392
	41  -  MemoryUsage of job (MB)
	41392  -  ResidentSetSize of job (KB)
...
006 (29604.076.000) 01/28 11:56:29 Image size of job updated: 41448
	41  -  MemoryUsage of job (MB)
	41448  -  ResidentSetSize of job (KB)
...
006 (29604.076.000) 01/28 12:06:30 Image size of job updated: 41484
	41  -  MemoryUsage of job (MB)
	41484  -  ResidentSetSize of job (KB)
...
006 (29604.076.000) 01/28 12:11:30 Image size of job updated: 41672
	41  -  MemoryUsage of job (MB)
	41672  -  ResidentSetSize of job (KB)
...
006 (29604.076.000) 01/28 12:16:30 Image size of job updated: 41740
	41  -  MemoryUsage of job (MB)
	41740  -  ResidentSetSize of job (KB)
...
006 (29604.076.000) 01/28 12:21:32 Image size of job updated: 41804
	41  -  MemoryUsage of job (MB)
	41804  -  ResidentSetSize of job (KB)
...
006 (29604.076.000) 01/28 12:31:32 Image size of job updated: 41932
	41  -  MemoryUsage of job (MB)
	41932  -  ResidentSetSize of job (KB)
...
006 (29604.076.000) 01/28 12:36:33 Image size of job updated: 42020
	42  -  MemoryUsage of job (MB)
	42020  -  ResidentSetSize of job (KB)
...
006 (29604.076.000) 01/28 12:41:34 Image size of job updated: 42088
	42  -  MemoryUsage of job (MB)
	42088  -  ResidentSetSize of job (KB)
...
006 (29604.076.000) 01/28 12:46:34 Image size of job updated: 42188
	42  -  MemoryUsage of job (MB)
	42188  -  ResidentSetSize of job (KB)
...
005 (29604.076.000) 01/28 12:51:19 Job terminated.
	(1) Normal termination (return value 0)
		Usr 0 03:02:05, Sys 0 00:00:05  -  Run Remote Usage
		Usr 0 00:00:00, Sys 0 00:00:00  -  Run Local Usage
		Usr 0 03:02:05, Sys 0 00:00:05  -  Total Remote Usage
		Usr 0 00:00:00, Sys 0 00:00:00  -  Total Local Usage
	0  -  Run Bytes Sent By Job
	0  -  Run Bytes Received By Job
	0  -  Total Bytes Sent By Job
	0  -  Total Bytes Received By Job
	Partitionable Resources :    Usage  Request Allocated 
	   Cpus                 :     1.00        1         1 
	   Disk (KB)            :     1           1    254050 
	   Memory (MB)          :    42           1      1005 
...
000 (29616.076.000) 01/28 14:59:33 Job submitted from host: <172.16.11.200:9618?addrs=172.16.11.200-9618&noUDP&sock=14877_46f2_4>
...
009 (29616.076.000) 01/28 15:00:13 Job was aborted by the user.
	via condor_rm (by user zhangliang)
...
000 (29617.076.000) 01/28 15:01:04 Job submitted from host: <172.16.11.200:9618?addrs=172.16.11.200-9618&noUDP&sock=14877_46f2_4>
...
001 (29617.076.000) 01/28 15:03:12 Job executing on host: <172.16.11.233:9618?addrs=172.16.11.233-9618&alias=pc-farm3&noUDP&sock=startd_4556_edfa>
...
006 (29617.076.000) 01/28 15:03:21 Image size of job updated: 39128
	39  -  MemoryUsage of job (MB)
	39128  -  ResidentSetSize of job (KB)
...
006 (29617.076.000) 01/28 15:13:22 Image size of job updated: 39176
	39  -  MemoryUsage of job (MB)
	39176  -  ResidentSetSize of job (KB)
...
006 (29617.076.000) 01/28 16:03:27 Image size of job updated: 39304
	39  -  MemoryUsage of job (MB)
	39304  -  ResidentSetSize of job (KB)
...
005 (29617.076.000) 01/28 16:24:14 Job terminated.
	(1) Normal termination (return value 0)
		Usr 0 01:21:00, Sys 0 00:00:00  -  Run Remote Usage
		Usr 0 00:00:00, Sys 0 00:00:00  -  Run Local Usage
		Usr 0 01:21:00, Sys 0 00:00:00  -  Total Remote Usage
		Usr 0 00:00:00, Sys 0 00:00:00  -  Total Local Usage
	0  -  Run Bytes Sent By Job
	0  -  Run Bytes Received By Job
	0  -  Total Bytes Sent By Job
	0  -  Total Bytes Received By Job
	Partitionable Resources :    Usage  Request Allocated 
	   Cpus                 :     1.00        1         1 
	   Disk (KB)            :     1           1    254050 
	   Memory (MB)          :    39           1      1005 
...
000 (29696.076.000) 01/30 20:13:16 Job submitted from host: <172.16.11.200:9618?addrs=172.16.11.200-9618&noUDP&sock=14877_46f2_4>
...
001 (29696.076.000) 01/30 21:45:03 Job executing on host: <172.16.11.231:9618?addrs=172.16.11.231-9618&noUDP&sock=startd_22895_f54e_4>
...
006 (29696.076.000) 01/30 21:45:11 Image size of job updated: 35852
	36  -  MemoryUsage of job (MB)
	35852  -  ResidentSetSize of job (KB)
...
005 (29696.076.000) 01/30 23:23:08 Job terminated.
	(1) Normal termination (return value 0)
		Usr 0 01:38:03, Sys 0 00:00:01  -  Run Remote Usage
		Usr 0 00:00:00, Sys 0 00:00:00  -  Run Local Usage
		Usr 0 01:38:03, Sys 0 00:00:01  -  Total Remote Usage
		Usr 0 00:00:00, Sys 0 00:00:00  -  Total Local Usage
	0  -  Run Bytes Sent By Job
	0  -  Run Bytes Received By Job
	0  -  Total Bytes Sent By Job
	0  -  Total Bytes Received By Job
	Partitionable Resources :    Usage  Request Allocated 
	   Cpus                 :     1.00        1         1 
	   Disk (KB)            :     1           1    241059 
	   Memory (MB)          :    36           1      2008 
...
000 (29706.076.000) 01/31 10:47:04 Job submitted from host: <172.16.11.200:9618?addrs=172.16.11.200-9618&noUDP&sock=14877_46f2_4>
...
001 (29706.076.000) 01/31 11:03:06 Job executing on host: <172.16.11.231:9618?addrs=172.16.11.231-9618&noUDP&sock=startd_22895_f54e_4>
...
006 (29706.076.000) 01/31 11:03:15 Image size of job updated: 49780
	49  -  MemoryUsage of job (MB)
	49780  -  ResidentSetSize of job (KB)
...
006 (29706.076.000) 01/31 11:28:17 Image size of job updated: 49784
	49  -  MemoryUsage of job (MB)
	49784  -  ResidentSetSize of job (KB)
...
006 (29706.076.000) 01/31 12:13:21 Image size of job updated: 49884
	49  -  MemoryUsage of job (MB)
	49884  -  ResidentSetSize of job (KB)
...
006 (29706.076.000) 01/31 12:18:23 Image size of job updated: 49928
	49  -  MemoryUsage of job (MB)
	49928  -  ResidentSetSize of job (KB)
...
005 (29706.076.000) 01/31 12:50:23 Job terminated.
	(1) Normal termination (return value 0)
		Usr 0 01:47:15, Sys 0 00:00:00  -  Run Remote Usage
		Usr 0 00:00:00, Sys 0 00:00:00  -  Run Local Usage
		Usr 0 01:47:15, Sys 0 00:00:00  -  Total Remote Usage
		Usr 0 00:00:00, Sys 0 00:00:00  -  Total Local Usage
	0  -  Run Bytes Sent By Job
	0  -  Run Bytes Received By Job
	0  -  Total Bytes Sent By Job
	0  -  Total Bytes Received By Job
	Partitionable Resources :    Usage  Request Allocated 
	   Cpus                 :     1.00        1         1 
	   Disk (KB)            :     1           1    241059 
	   Memory (MB)          :    49           1      2008 
...
000 (29707.076.000) 01/31 14:36:19 Job submitted from host: <172.16.11.200:9618?addrs=172.16.11.200-9618&noUDP&sock=14877_46f2_4>
...
009 (29707.076.000) 01/31 16:16:03 Job was aborted by the user.
	via condor_rm (by user zhangliang)
...
000 (29725.076.000) 01/31 16:16:10 Job submitted from host: <172.16.11.200:9618?addrs=172.16.11.200-9618&noUDP&sock=14877_46f2_4>
...
001 (29725.076.000) 01/31 19:17:36 Job executing on host: <172.16.11.234:9618?addrs=172.16.11.234-9618&alias=pc-farm4&noUDP&sock=startd_5195_3aff>
...
006 (29725.076.000) 01/31 19:17:45 Image size of job updated: 437416
	49  -  MemoryUsage of job (MB)
	49724  -  ResidentSetSize of job (KB)
...
006 (29725.076.000) 01/31 19:27:46 Image size of job updated: 438196
	49  -  MemoryUsage of job (MB)
	49728  -  ResidentSetSize of job (KB)
...
005 (29725.076.000) 01/31 21:03:43 Job terminated.
	(1) Normal termination (return value 0)
		Usr 0 01:46:03, Sys 0 00:00:01  -  Run Remote Usage
		Usr 0 00:00:00, Sys 0 00:00:00  -  Run Local Usage
		Usr 0 01:46:03, Sys 0 00:00:01  -  Total Remote Usage
		Usr 0 00:00:00, Sys 0 00:00:00  -  Total Local Usage
	0  -  Run Bytes Sent By Job
	0  -  Run Bytes Received By Job
	0  -  Total Bytes Sent By Job
	0  -  Total Bytes Received By Job
	Partitionable Resources :    Usage  Request Allocated 
	   Cpus                 :     1.00        1         1 
	   Disk (KB)            :     1           1    255907 
	   Memory (MB)          :    49           1       999 
...
