000 (28203.078.000) 12/31 10:12:06 Job submitted from host: <172.16.11.200:9618?addrs=172.16.11.200-9618&noUDP&sock=14877_46f2_4>
...
001 (28203.078.000) 12/31 10:12:17 Job executing on host: <172.16.11.231:9618?addrs=172.16.11.231-9618&noUDP&sock=startd_22895_f54e_4>
...
006 (28203.078.000) 12/31 10:12:25 Image size of job updated: 35228
	35  -  MemoryUsage of job (MB)
	35228  -  ResidentSetSize of job (KB)
...
006 (28203.078.000) 12/31 10:27:27 Image size of job updated: 35344
	35  -  MemoryUsage of job (MB)
	35344  -  ResidentSetSize of job (KB)
...
006 (28203.078.000) 12/31 13:14:29 Image size of job updated: 310160
	35  -  MemoryUsage of job (MB)
	35344  -  ResidentSetSize of job (KB)
...
004 (28203.078.000) 12/31 13:14:29 Job was evicted.
	(0) CPU times
		Usr 0 03:02:10, Sys 0 00:00:00  -  Run Remote Usage
		Usr 0 00:00:00, Sys 0 00:00:00  -  Run Local Usage
	0  -  Run Bytes Sent By Job
	0  -  Run Bytes Received By Job
	Partitionable Resources :    Usage  Request Allocated 
	   Cpus                 :     1.00        1         1 
	   Disk (KB)            :     1           1    241059 
	   Memory (MB)          :    35           1      2008 
...
009 (28203.078.000) 12/31 13:14:29 Job was aborted by the user.
	via condor_rm (by user zhangliang)
...
000 (28206.078.000) 12/31 14:09:35 Job submitted from host: <172.16.11.200:9618?addrs=172.16.11.200-9618&noUDP&sock=14877_46f2_4>
...
001 (28206.078.000) 01/01 14:08:49 Job executing on host: <172.16.11.231:9618?addrs=172.16.11.231-9618&noUDP&sock=startd_22895_f54e_4>
...
006 (28206.078.000) 01/01 14:08:58 Image size of job updated: 35100
	35  -  MemoryUsage of job (MB)
	35100  -  ResidentSetSize of job (KB)
...
006 (28206.078.000) 01/01 15:09:05 Image size of job updated: 35220
	35  -  MemoryUsage of job (MB)
	35220  -  ResidentSetSize of job (KB)
...
005 (28206.078.000) 01/02 09:25:40 Job terminated.
	(1) Normal termination (return value 0)
		Usr 0 19:16:32, Sys 0 00:00:03  -  Run Remote Usage
		Usr 0 00:00:00, Sys 0 00:00:00  -  Run Local Usage
		Usr 0 19:16:32, Sys 0 00:00:03  -  Total Remote Usage
		Usr 0 00:00:00, Sys 0 00:00:00  -  Total Local Usage
	0  -  Run Bytes Sent By Job
	0  -  Run Bytes Received By Job
	0  -  Total Bytes Sent By Job
	0  -  Total Bytes Received By Job
	Partitionable Resources :    Usage  Request Allocated 
	   Cpus                 :     1.00        1         1 
	   Disk (KB)            :     1           1    241059 
	   Memory (MB)          :    35           1      2008 
...
000 (28248.078.000) 01/05 15:45:56 Job submitted from host: <172.16.11.200:9618?addrs=172.16.11.200-9618&noUDP&sock=14877_46f2_4>
...
001 (28248.078.000) 01/05 17:49:34 Job executing on host: <172.16.11.234:9618?addrs=172.16.11.234-9618&alias=pc-farm4&noUDP&sock=startd_5195_3aff>
...
006 (28248.078.000) 01/05 17:49:42 Image size of job updated: 422640
	35  -  MemoryUsage of job (MB)
	34948  -  ResidentSetSize of job (KB)
...
006 (28248.078.000) 01/05 18:04:44 Image size of job updated: 423424
	35  -  MemoryUsage of job (MB)
	34952  -  ResidentSetSize of job (KB)
...
005 (28248.078.000) 01/06 03:13:07 Job terminated.
	(1) Normal termination (return value 0)
		Usr 0 08:52:02, Sys 0 00:00:02  -  Run Remote Usage
		Usr 0 00:00:00, Sys 0 00:00:00  -  Run Local Usage
		Usr 0 08:52:02, Sys 0 00:00:02  -  Total Remote Usage
		Usr 0 00:00:00, Sys 0 00:00:00  -  Total Local Usage
	0  -  Run Bytes Sent By Job
	0  -  Run Bytes Received By Job
	0  -  Total Bytes Sent By Job
	0  -  Total Bytes Received By Job
	Partitionable Resources :    Usage  Request Allocated 
	   Cpus                 :     0.98        1         1 
	   Disk (KB)            :     1           1    255907 
	   Memory (MB)          :    35           1       999 
...
000 (28271.078.000) 01/06 15:26:51 Job submitted from host: <172.16.11.200:9618?addrs=172.16.11.200-9618&noUDP&sock=14877_46f2_4>
...
009 (28271.078.000) 01/06 15:47:45 Job was aborted by the user.
	via condor_rm (by user zhangliang)
...
