000 (28203.035.000) 12/31 10:12:06 Job submitted from host: <172.16.11.200:9618?addrs=172.16.11.200-9618&noUDP&sock=14877_46f2_4>
...
001 (28203.035.000) 12/31 10:12:08 Job executing on host: <172.16.11.231:9618?addrs=172.16.11.231-9618&noUDP&sock=startd_22895_f54e_4>
...
006 (28203.035.000) 12/31 10:12:16 Image size of job updated: 35276
	35  -  MemoryUsage of job (MB)
	35276  -  ResidentSetSize of job (KB)
...
006 (28203.035.000) 12/31 10:17:17 Image size of job updated: 35396
	35  -  MemoryUsage of job (MB)
	35396  -  ResidentSetSize of job (KB)
...
004 (28203.035.000) 12/31 13:14:29 Job was evicted.
	(0) CPU times
		Usr 0 03:02:16, Sys 0 00:00:00  -  Run Remote Usage
		Usr 0 00:00:00, Sys 0 00:00:00  -  Run Local Usage
	0  -  Run Bytes Sent By Job
	0  -  Run Bytes Received By Job
	Partitionable Resources :    Usage  Request Allocated 
	   Cpus                 :     1.00        1         1 
	   Disk (KB)            :     1           1    241059 
	   Memory (MB)          :    35           1      2008 
...
009 (28203.035.000) 12/31 13:14:29 Job was aborted by the user.
	via condor_rm (by user zhangliang)
...
000 (28206.035.000) 12/31 14:09:35 Job submitted from host: <172.16.11.200:9618?addrs=172.16.11.200-9618&noUDP&sock=14877_46f2_4>
...
001 (28206.035.000) 12/31 14:19:38 Job executing on host: <172.16.11.231:9618?addrs=172.16.11.231-9618&noUDP&sock=startd_22895_f54e_4>
...
006 (28206.035.000) 12/31 14:19:46 Image size of job updated: 34888
	35  -  MemoryUsage of job (MB)
	34888  -  ResidentSetSize of job (KB)
...
006 (28206.035.000) 01/01 01:30:57 Image size of job updated: 35004
	35  -  MemoryUsage of job (MB)
	35004  -  ResidentSetSize of job (KB)
...
005 (28206.035.000) 01/01 11:32:41 Job terminated.
	(1) Normal termination (return value 0)
		Usr 0 21:02:42, Sys 0 00:00:06  -  Run Remote Usage
		Usr 0 00:00:00, Sys 0 00:00:00  -  Run Local Usage
		Usr 0 21:02:42, Sys 0 00:00:06  -  Total Remote Usage
		Usr 0 00:00:00, Sys 0 00:00:00  -  Total Local Usage
	0  -  Run Bytes Sent By Job
	0  -  Run Bytes Received By Job
	0  -  Total Bytes Sent By Job
	0  -  Total Bytes Received By Job
	Partitionable Resources :    Usage  Request Allocated 
	   Cpus                 :     0.91        1         1 
	   Disk (KB)            :     1           1    241059 
	   Memory (MB)          :    35           1      2008 
...
000 (28248.035.000) 01/05 15:45:56 Job submitted from host: <172.16.11.200:9618?addrs=172.16.11.200-9618&noUDP&sock=14877_46f2_4>
...
001 (28248.035.000) 01/05 16:44:39 Job executing on host: <172.16.11.231:9618?addrs=172.16.11.231-9618&noUDP&sock=startd_22895_f54e_4>
...
006 (28248.035.000) 01/05 16:44:47 Image size of job updated: 35200
	35  -  MemoryUsage of job (MB)
	35200  -  ResidentSetSize of job (KB)
...
005 (28248.035.000) 01/06 01:37:24 Job terminated.
	(1) Normal termination (return value 0)
		Usr 0 08:51:44, Sys 0 00:00:01  -  Run Remote Usage
		Usr 0 00:00:00, Sys 0 00:00:00  -  Run Local Usage
		Usr 0 08:51:44, Sys 0 00:00:01  -  Total Remote Usage
		Usr 0 00:00:00, Sys 0 00:00:00  -  Total Local Usage
	0  -  Run Bytes Sent By Job
	0  -  Run Bytes Received By Job
	0  -  Total Bytes Sent By Job
	0  -  Total Bytes Received By Job
	Partitionable Resources :    Usage  Request Allocated 
	   Cpus                 :     1.00        1         1 
	   Disk (KB)            :     1           1    241059 
	   Memory (MB)          :    35           1      2008 
...
000 (28271.035.000) 01/06 15:26:51 Job submitted from host: <172.16.11.200:9618?addrs=172.16.11.200-9618&noUDP&sock=14877_46f2_4>
...
009 (28271.035.000) 01/06 15:47:45 Job was aborted by the user.
	via condor_rm (by user zhangliang)
...
000 (29325.035.000) 01/22 22:42:18 Job submitted from host: <172.16.11.200:9618?addrs=172.16.11.200-9618&noUDP&sock=14877_46f2_4>
...
001 (29325.035.000) 01/23 03:52:36 Job executing on host: <172.16.11.231:9618?addrs=172.16.11.231-9618&noUDP&sock=startd_22895_f54e_4>
...
006 (29325.035.000) 01/23 03:52:44 Image size of job updated: 35764
	35  -  MemoryUsage of job (MB)
	35764  -  ResidentSetSize of job (KB)
...
006 (29325.035.000) 01/23 05:42:55 Image size of job updated: 36512
	36  -  MemoryUsage of job (MB)
	36512  -  ResidentSetSize of job (KB)
...
005 (29325.035.000) 01/23 18:02:58 Job terminated.
	(1) Normal termination (return value 0)
		Usr 0 14:10:17, Sys 0 00:00:01  -  Run Remote Usage
		Usr 0 00:00:00, Sys 0 00:00:00  -  Run Local Usage
		Usr 0 14:10:17, Sys 0 00:00:01  -  Total Remote Usage
		Usr 0 00:00:00, Sys 0 00:00:00  -  Total Local Usage
	0  -  Run Bytes Sent By Job
	0  -  Run Bytes Received By Job
	0  -  Total Bytes Sent By Job
	0  -  Total Bytes Received By Job
	Partitionable Resources :    Usage  Request Allocated 
	   Cpus                 :     1.00        1         1 
	   Disk (KB)            :     1           1    241059 
	   Memory (MB)          :    36           1      2008 
...
000 (29520.035.000) 01/25 22:31:41 Job submitted from host: <172.16.11.200:9618?addrs=172.16.11.200-9618&noUDP&sock=14877_46f2_4>
...
001 (29520.035.000) 01/25 23:06:45 Job executing on host: <172.16.11.232:9618?addrs=172.16.11.232-9618&alias=pc-farm2&noUDP&sock=startd_4986_dfb4_4>
...
006 (29520.035.000) 01/25 23:06:54 Image size of job updated: 35508
	35  -  MemoryUsage of job (MB)
	35508  -  ResidentSetSize of job (KB)
...
006 (29520.035.000) 01/26 00:32:01 Image size of job updated: 35620
	35  -  MemoryUsage of job (MB)
	35620  -  ResidentSetSize of job (KB)
...
006 (29520.035.000) 01/26 01:22:06 Image size of job updated: 35624
	35  -  MemoryUsage of job (MB)
	35624  -  ResidentSetSize of job (KB)
...
006 (29520.035.000) 01/26 14:06:27 Image size of job updated: 311120
	35  -  MemoryUsage of job (MB)
	35624  -  ResidentSetSize of job (KB)
...
004 (29520.035.000) 01/26 14:06:27 Job was evicted.
	(0) CPU times
		Usr 0 14:50:50, Sys 0 00:00:03  -  Run Remote Usage
		Usr 0 00:00:00, Sys 0 00:00:00  -  Run Local Usage
	0  -  Run Bytes Sent By Job
	0  -  Run Bytes Received By Job
	Partitionable Resources :    Usage  Request Allocated 
	   Cpus                 :     1.00        1         1 
	   Disk (KB)            :     1           1    245927 
	   Memory (MB)          :    35           1      1005 
...
009 (29520.035.000) 01/26 14:06:27 Job was aborted by the user.
	via condor_rm (by user zhangliang)
...
000 (29539.035.000) 01/26 14:07:21 Job submitted from host: <172.16.11.200:9618?addrs=172.16.11.200-9618&noUDP&sock=14877_46f2_4>
...
001 (29539.035.000) 01/27 08:32:11 Job executing on host: <172.16.11.231:9618?addrs=172.16.11.231-9618&noUDP&sock=startd_22895_f54e_4>
...
006 (29539.035.000) 01/27 08:32:20 Image size of job updated: 36032
	36  -  MemoryUsage of job (MB)
	36032  -  ResidentSetSize of job (KB)
...
006 (29539.035.000) 01/27 09:49:16 Image size of job updated: 311100
	36  -  MemoryUsage of job (MB)
	36032  -  ResidentSetSize of job (KB)
...
004 (29539.035.000) 01/27 09:49:16 Job was evicted.
	(0) CPU times
		Usr 0 01:17:02, Sys 0 00:00:00  -  Run Remote Usage
		Usr 0 00:00:00, Sys 0 00:00:00  -  Run Local Usage
	0  -  Run Bytes Sent By Job
	0  -  Run Bytes Received By Job
	Partitionable Resources :    Usage  Request Allocated 
	   Cpus                 :     1.00        1         1 
	   Disk (KB)            :     1           1    241059 
	   Memory (MB)          :    36           1      2008 
...
009 (29539.035.000) 01/27 09:49:16 Job was aborted by the user.
	via condor_rm (by user zhangliang)
...
000 (29554.035.000) 01/27 10:11:07 Job submitted from host: <172.16.11.200:9618?addrs=172.16.11.200-9618&noUDP&sock=14877_46f2_4>
...
001 (29554.035.000) 01/27 10:45:20 Job executing on host: <172.16.11.232:9618?addrs=172.16.11.232-9618&alias=pc-farm2&noUDP&sock=startd_4986_dfb4_4>
...
006 (29554.035.000) 01/27 10:45:29 Image size of job updated: 35736
	35  -  MemoryUsage of job (MB)
	35736  -  ResidentSetSize of job (KB)
...
005 (29554.035.000) 01/27 14:00:13 Job terminated.
	(1) Normal termination (return value 0)
		Usr 0 03:14:50, Sys 0 00:00:02  -  Run Remote Usage
		Usr 0 00:00:00, Sys 0 00:00:00  -  Run Local Usage
		Usr 0 03:14:50, Sys 0 00:00:02  -  Total Remote Usage
		Usr 0 00:00:00, Sys 0 00:00:00  -  Total Local Usage
	0  -  Run Bytes Sent By Job
	0  -  Run Bytes Received By Job
	0  -  Total Bytes Sent By Job
	0  -  Total Bytes Received By Job
	Partitionable Resources :    Usage  Request Allocated 
	   Cpus                 :     1.00        1         1 
	   Disk (KB)            :     1           1    245927 
	   Memory (MB)          :    35           1      1005 
...
000 (29604.035.000) 01/27 21:59:06 Job submitted from host: <172.16.11.200:9618?addrs=172.16.11.200-9618&noUDP&sock=14877_46f2_4>
...
001 (29604.035.000) 01/28 09:49:29 Job executing on host: <172.16.11.234:9618?addrs=172.16.11.234-9618&alias=pc-farm4&noUDP&sock=startd_5195_3aff>
...
006 (29604.035.000) 01/28 09:49:37 Image size of job updated: 423580
	36  -  MemoryUsage of job (MB)
	35880  -  ResidentSetSize of job (KB)
...
006 (29604.035.000) 01/28 09:59:38 Image size of job updated: 424360
	36  -  MemoryUsage of job (MB)
	35884  -  ResidentSetSize of job (KB)
...
005 (29604.035.000) 01/28 14:44:40 Job terminated.
	(1) Normal termination (return value 0)
		Usr 0 04:54:54, Sys 0 00:00:02  -  Run Remote Usage
		Usr 0 00:00:00, Sys 0 00:00:00  -  Run Local Usage
		Usr 0 04:54:54, Sys 0 00:00:02  -  Total Remote Usage
		Usr 0 00:00:00, Sys 0 00:00:00  -  Total Local Usage
	0  -  Run Bytes Sent By Job
	0  -  Run Bytes Received By Job
	0  -  Total Bytes Sent By Job
	0  -  Total Bytes Received By Job
	Partitionable Resources :    Usage  Request Allocated 
	   Cpus                 :     1.00        1         1 
	   Disk (KB)            :     1           1    255907 
	   Memory (MB)          :    36           1       999 
...
000 (29616.035.000) 01/28 14:59:33 Job submitted from host: <172.16.11.200:9618?addrs=172.16.11.200-9618&noUDP&sock=14877_46f2_4>
...
009 (29616.035.000) 01/28 15:00:12 Job was aborted by the user.
	via condor_rm (by user zhangliang)
...
000 (29617.035.000) 01/28 15:01:04 Job submitted from host: <172.16.11.200:9618?addrs=172.16.11.200-9618&noUDP&sock=14877_46f2_4>
...
001 (29617.035.000) 01/28 15:03:55 Job executing on host: <172.16.11.231:9618?addrs=172.16.11.231-9618&noUDP&sock=startd_22895_f54e_4>
...
006 (29617.035.000) 01/28 15:04:04 Image size of job updated: 36172
	36  -  MemoryUsage of job (MB)
	36172  -  ResidentSetSize of job (KB)
...
006 (29617.035.000) 01/28 16:53:27 Image size of job updated: 424268
	36  -  MemoryUsage of job (MB)
	36172  -  ResidentSetSize of job (KB)
...
005 (29617.035.000) 01/28 16:53:27 Job terminated.
	(1) Normal termination (return value 0)
		Usr 0 01:49:24, Sys 0 00:00:06  -  Run Remote Usage
		Usr 0 00:00:00, Sys 0 00:00:00  -  Run Local Usage
		Usr 0 01:49:24, Sys 0 00:00:06  -  Total Remote Usage
		Usr 0 00:00:00, Sys 0 00:00:00  -  Total Local Usage
	0  -  Run Bytes Sent By Job
	0  -  Run Bytes Received By Job
	0  -  Total Bytes Sent By Job
	0  -  Total Bytes Received By Job
	Partitionable Resources :    Usage  Request Allocated 
	   Cpus                 :     1.00        1         1 
	   Disk (KB)            :     1           1    241059 
	   Memory (MB)          :    36           1      2008 
...
000 (29696.035.000) 01/30 20:13:16 Job submitted from host: <172.16.11.200:9618?addrs=172.16.11.200-9618&noUDP&sock=14877_46f2_4>
...
001 (29696.035.000) 01/30 21:40:01 Job executing on host: <172.16.11.231:9618?addrs=172.16.11.231-9618&noUDP&sock=startd_22895_f54e_4>
...
006 (29696.035.000) 01/30 21:40:09 Image size of job updated: 35964
	36  -  MemoryUsage of job (MB)
	35964  -  ResidentSetSize of job (KB)
...
005 (29696.035.000) 01/30 23:40:58 Job terminated.
	(1) Normal termination (return value 0)
		Usr 0 02:00:55, Sys 0 00:00:00  -  Run Remote Usage
		Usr 0 00:00:00, Sys 0 00:00:00  -  Run Local Usage
		Usr 0 02:00:55, Sys 0 00:00:00  -  Total Remote Usage
		Usr 0 00:00:00, Sys 0 00:00:00  -  Total Local Usage
	0  -  Run Bytes Sent By Job
	0  -  Run Bytes Received By Job
	0  -  Total Bytes Sent By Job
	0  -  Total Bytes Received By Job
	Partitionable Resources :    Usage  Request Allocated 
	   Cpus                 :     1.00        1         1 
	   Disk (KB)            :     1           1    241059 
	   Memory (MB)          :    36           1      2008 
...
000 (29706.035.000) 01/31 10:47:04 Job submitted from host: <172.16.11.200:9618?addrs=172.16.11.200-9618&noUDP&sock=14877_46f2_4>
...
001 (29706.035.000) 01/31 10:55:06 Job executing on host: <172.16.11.233:9618?addrs=172.16.11.233-9618&alias=pc-farm3&noUDP&sock=startd_4556_edfa>
...
006 (29706.035.000) 01/31 10:55:14 Image size of job updated: 54468
	54  -  MemoryUsage of job (MB)
	54468  -  ResidentSetSize of job (KB)
...
006 (29706.035.000) 01/31 11:25:17 Image size of job updated: 54472
	54  -  MemoryUsage of job (MB)
	54472  -  ResidentSetSize of job (KB)
...
006 (29706.035.000) 01/31 11:30:17 Image size of job updated: 54488
	54  -  MemoryUsage of job (MB)
	54488  -  ResidentSetSize of job (KB)
...
006 (29706.035.000) 01/31 11:35:18 Image size of job updated: 54500
	54  -  MemoryUsage of job (MB)
	54500  -  ResidentSetSize of job (KB)
...
006 (29706.035.000) 01/31 11:40:19 Image size of job updated: 54512
	54  -  MemoryUsage of job (MB)
	54512  -  ResidentSetSize of job (KB)
...
006 (29706.035.000) 01/31 11:45:19 Image size of job updated: 54528
	54  -  MemoryUsage of job (MB)
	54528  -  ResidentSetSize of job (KB)
...
006 (29706.035.000) 01/31 11:50:20 Image size of job updated: 54540
	54  -  MemoryUsage of job (MB)
	54540  -  ResidentSetSize of job (KB)
...
006 (29706.035.000) 01/31 11:55:21 Image size of job updated: 54556
	54  -  MemoryUsage of job (MB)
	54556  -  ResidentSetSize of job (KB)
...
006 (29706.035.000) 01/31 12:00:21 Image size of job updated: 54568
	54  -  MemoryUsage of job (MB)
	54568  -  ResidentSetSize of job (KB)
...
006 (29706.035.000) 01/31 12:05:21 Image size of job updated: 54584
	54  -  MemoryUsage of job (MB)
	54584  -  ResidentSetSize of job (KB)
...
006 (29706.035.000) 01/31 12:10:22 Image size of job updated: 54596
	54  -  MemoryUsage of job (MB)
	54596  -  ResidentSetSize of job (KB)
...
006 (29706.035.000) 01/31 12:15:22 Image size of job updated: 54612
	54  -  MemoryUsage of job (MB)
	54612  -  ResidentSetSize of job (KB)
...
006 (29706.035.000) 01/31 12:20:22 Image size of job updated: 54624
	54  -  MemoryUsage of job (MB)
	54624  -  ResidentSetSize of job (KB)
...
006 (29706.035.000) 01/31 12:25:23 Image size of job updated: 55208
	54  -  MemoryUsage of job (MB)
	55208  -  ResidentSetSize of job (KB)
...
005 (29706.035.000) 01/31 12:27:31 Job terminated.
	(1) Normal termination (return value 0)
		Usr 0 01:31:52, Sys 0 00:00:03  -  Run Remote Usage
		Usr 0 00:00:00, Sys 0 00:00:00  -  Run Local Usage
		Usr 0 01:31:52, Sys 0 00:00:03  -  Total Remote Usage
		Usr 0 00:00:00, Sys 0 00:00:00  -  Total Local Usage
	0  -  Run Bytes Sent By Job
	0  -  Run Bytes Received By Job
	0  -  Total Bytes Sent By Job
	0  -  Total Bytes Received By Job
	Partitionable Resources :    Usage  Request Allocated 
	   Cpus                 :     1.00        1         1 
	   Disk (KB)            :     1           1    254050 
	   Memory (MB)          :    54           1      1005 
...
000 (29707.035.000) 01/31 14:36:19 Job submitted from host: <172.16.11.200:9618?addrs=172.16.11.200-9618&noUDP&sock=14877_46f2_4>
...
009 (29707.035.000) 01/31 16:16:02 Job was aborted by the user.
	via condor_rm (by user zhangliang)
...
000 (29725.035.000) 01/31 16:16:10 Job submitted from host: <172.16.11.200:9618?addrs=172.16.11.200-9618&noUDP&sock=14877_46f2_4>
...
001 (29725.035.000) 01/31 18:56:16 Job executing on host: <172.16.11.234:9618?addrs=172.16.11.234-9618&alias=pc-farm4&noUDP&sock=startd_5195_3aff>
...
006 (29725.035.000) 01/31 18:56:25 Image size of job updated: 301604
	49  -  MemoryUsage of job (MB)
	49732  -  ResidentSetSize of job (KB)
...
006 (29725.035.000) 01/31 19:01:26 Image size of job updated: 437416
	49  -  MemoryUsage of job (MB)
	49732  -  ResidentSetSize of job (KB)
...
006 (29725.035.000) 01/31 19:06:26 Image size of job updated: 438196
	49  -  MemoryUsage of job (MB)
	49736  -  ResidentSetSize of job (KB)
...
005 (29725.035.000) 01/31 20:43:46 Job terminated.
	(1) Normal termination (return value 0)
		Usr 0 01:47:28, Sys 0 00:00:00  -  Run Remote Usage
		Usr 0 00:00:00, Sys 0 00:00:00  -  Run Local Usage
		Usr 0 01:47:28, Sys 0 00:00:00  -  Total Remote Usage
		Usr 0 00:00:00, Sys 0 00:00:00  -  Total Local Usage
	0  -  Run Bytes Sent By Job
	0  -  Run Bytes Received By Job
	0  -  Total Bytes Sent By Job
	0  -  Total Bytes Received By Job
	Partitionable Resources :    Usage  Request Allocated 
	   Cpus                 :     1.00        1         1 
	   Disk (KB)            :     1           1    255907 
	   Memory (MB)          :    49           1       999 
...
