000 (28203.096.000) 12/31 10:12:06 Job submitted from host: <172.16.11.200:9618?addrs=172.16.11.200-9618&noUDP&sock=14877_46f2_4>
...
001 (28203.096.000) 12/31 10:12:21 Job executing on host: <172.16.11.231:9618?addrs=172.16.11.231-9618&noUDP&sock=startd_22895_f54e_4>
...
006 (28203.096.000) 12/31 10:12:29 Image size of job updated: 35488
	35  -  MemoryUsage of job (MB)
	35488  -  ResidentSetSize of job (KB)
...
006 (28203.096.000) 12/31 10:32:31 Image size of job updated: 35924
	36  -  MemoryUsage of job (MB)
	35924  -  ResidentSetSize of job (KB)
...
004 (28203.096.000) 12/31 13:14:29 Job was evicted.
	(0) CPU times
		Usr 0 03:02:04, Sys 0 00:00:02  -  Run Remote Usage
		Usr 0 00:00:00, Sys 0 00:00:00  -  Run Local Usage
	0  -  Run Bytes Sent By Job
	0  -  Run Bytes Received By Job
	Partitionable Resources :    Usage  Request Allocated 
	   Cpus                 :     1.00        1         1 
	   Disk (KB)            :     1           1    241059 
	   Memory (MB)          :    36           1      2008 
...
009 (28203.096.000) 12/31 13:14:29 Job was aborted by the user.
	via condor_rm (by user zhangliang)
...
000 (28206.096.000) 12/31 14:09:35 Job submitted from host: <172.16.11.200:9618?addrs=172.16.11.200-9618&noUDP&sock=14877_46f2_4>
...
001 (28206.096.000) 01/01 14:21:49 Job executing on host: <172.16.11.231:9618?addrs=172.16.11.231-9618&noUDP&sock=startd_22895_f54e_4>
...
006 (28206.096.000) 01/01 14:21:57 Image size of job updated: 35424
	35  -  MemoryUsage of job (MB)
	35424  -  ResidentSetSize of job (KB)
...
006 (28206.096.000) 01/01 15:12:00 Image size of job updated: 36300
	36  -  MemoryUsage of job (MB)
	36300  -  ResidentSetSize of job (KB)
...
005 (28206.096.000) 01/02 10:17:27 Job terminated.
	(1) Normal termination (return value 0)
		Usr 0 19:52:39, Sys 0 00:01:02  -  Run Remote Usage
		Usr 0 00:00:00, Sys 0 00:00:00  -  Run Local Usage
		Usr 0 19:52:39, Sys 0 00:01:02  -  Total Remote Usage
		Usr 0 00:00:00, Sys 0 00:00:00  -  Total Local Usage
	0  -  Run Bytes Sent By Job
	0  -  Run Bytes Received By Job
	0  -  Total Bytes Sent By Job
	0  -  Total Bytes Received By Job
	Partitionable Resources :    Usage  Request Allocated 
	   Cpus                 :     1.00        1         1 
	   Disk (KB)            :     1           1    241059 
	   Memory (MB)          :    36           1      2008 
...
000 (28248.096.000) 01/05 15:45:56 Job submitted from host: <172.16.11.200:9618?addrs=172.16.11.200-9618&noUDP&sock=14877_46f2_4>
...
001 (28248.096.000) 01/05 17:59:35 Job executing on host: <172.16.11.231:9618?addrs=172.16.11.231-9618&noUDP&sock=startd_22895_f54e_4>
...
006 (28248.096.000) 01/05 17:59:44 Image size of job updated: 35124
	35  -  MemoryUsage of job (MB)
	35124  -  ResidentSetSize of job (KB)
...
006 (28248.096.000) 01/05 23:05:13 Image size of job updated: 35256
	35  -  MemoryUsage of job (MB)
	35124  -  ResidentSetSize of job (KB)
...
006 (28248.096.000) 01/05 23:30:16 Image size of job updated: 35388
	35  -  MemoryUsage of job (MB)
	35124  -  ResidentSetSize of job (KB)
...
006 (28248.096.000) 01/05 23:35:16 Image size of job updated: 35784
	35  -  MemoryUsage of job (MB)
	35124  -  ResidentSetSize of job (KB)
...
006 (28248.096.000) 01/05 23:40:16 Image size of job updated: 35916
	35  -  MemoryUsage of job (MB)
	35124  -  ResidentSetSize of job (KB)
...
006 (28248.096.000) 01/05 23:45:17 Image size of job updated: 36180
	35  -  MemoryUsage of job (MB)
	35124  -  ResidentSetSize of job (KB)
...
006 (28248.096.000) 01/05 23:50:18 Image size of job updated: 36312
	35  -  MemoryUsage of job (MB)
	35124  -  ResidentSetSize of job (KB)
...
006 (28248.096.000) 01/05 23:55:18 Image size of job updated: 36708
	35  -  MemoryUsage of job (MB)
	35124  -  ResidentSetSize of job (KB)
...
006 (28248.096.000) 01/06 00:00:18 Image size of job updated: 36840
	35  -  MemoryUsage of job (MB)
	35124  -  ResidentSetSize of job (KB)
...
006 (28248.096.000) 01/06 00:10:20 Image size of job updated: 37896
	35  -  MemoryUsage of job (MB)
	35124  -  ResidentSetSize of job (KB)
...
006 (28248.096.000) 01/06 01:00:25 Image size of job updated: 38028
	35  -  MemoryUsage of job (MB)
	35124  -  ResidentSetSize of job (KB)
...
006 (28248.096.000) 01/06 01:40:28 Image size of job updated: 38160
	35  -  MemoryUsage of job (MB)
	35124  -  ResidentSetSize of job (KB)
...
006 (28248.096.000) 01/06 01:50:29 Image size of job updated: 38424
	35  -  MemoryUsage of job (MB)
	35124  -  ResidentSetSize of job (KB)
...
006 (28248.096.000) 01/06 01:55:30 Image size of job updated: 38556
	35  -  MemoryUsage of job (MB)
	35124  -  ResidentSetSize of job (KB)
...
006 (28248.096.000) 01/06 02:10:32 Image size of job updated: 38820
	35  -  MemoryUsage of job (MB)
	35124  -  ResidentSetSize of job (KB)
...
006 (28248.096.000) 01/06 02:40:35 Image size of job updated: 38952
	35  -  MemoryUsage of job (MB)
	35124  -  ResidentSetSize of job (KB)
...
006 (28248.096.000) 01/06 03:25:38 Image size of job updated: 39216
	35  -  MemoryUsage of job (MB)
	35124  -  ResidentSetSize of job (KB)
...
005 (28248.096.000) 01/06 03:36:10 Job terminated.
	(1) Normal termination (return value 0)
		Usr 0 09:30:24, Sys 0 00:00:13  -  Run Remote Usage
		Usr 0 00:00:00, Sys 0 00:00:00  -  Run Local Usage
		Usr 0 09:30:24, Sys 0 00:00:13  -  Total Remote Usage
		Usr 0 00:00:00, Sys 0 00:00:00  -  Total Local Usage
	0  -  Run Bytes Sent By Job
	0  -  Run Bytes Received By Job
	0  -  Total Bytes Sent By Job
	0  -  Total Bytes Received By Job
	Partitionable Resources :    Usage  Request Allocated 
	   Cpus                 :     1.00        1         1 
	   Disk (KB)            :     1           1    241059 
	   Memory (MB)          :    35           1      2008 
...
000 (28271.096.000) 01/06 15:26:51 Job submitted from host: <172.16.11.200:9618?addrs=172.16.11.200-9618&noUDP&sock=14877_46f2_4>
...
009 (28271.096.000) 01/06 15:47:45 Job was aborted by the user.
	via condor_rm (by user zhangliang)
...
000 (29325.096.000) 01/22 22:42:19 Job submitted from host: <172.16.11.200:9618?addrs=172.16.11.200-9618&noUDP&sock=14877_46f2_4>
...
001 (29325.096.000) 01/23 04:41:36 Job executing on host: <172.16.11.231:9618?addrs=172.16.11.231-9618&noUDP&sock=startd_22895_f54e_4>
...
006 (29325.096.000) 01/23 04:41:44 Image size of job updated: 35900
	36  -  MemoryUsage of job (MB)
	35900  -  ResidentSetSize of job (KB)
...
006 (29325.096.000) 01/23 05:56:52 Image size of job updated: 36008
	36  -  MemoryUsage of job (MB)
	36008  -  ResidentSetSize of job (KB)
...
005 (29325.096.000) 01/23 19:24:03 Job terminated.
	(1) Normal termination (return value 0)
		Usr 0 14:42:21, Sys 0 00:00:02  -  Run Remote Usage
		Usr 0 00:00:00, Sys 0 00:00:00  -  Run Local Usage
		Usr 0 14:42:21, Sys 0 00:00:02  -  Total Remote Usage
		Usr 0 00:00:00, Sys 0 00:00:00  -  Total Local Usage
	0  -  Run Bytes Sent By Job
	0  -  Run Bytes Received By Job
	0  -  Total Bytes Sent By Job
	0  -  Total Bytes Received By Job
	Partitionable Resources :    Usage  Request Allocated 
	   Cpus                 :     1.00        1         1 
	   Disk (KB)            :     1           1    241059 
	   Memory (MB)          :    36           1      2008 
...
000 (29520.096.000) 01/25 22:31:42 Job submitted from host: <172.16.11.200:9618?addrs=172.16.11.200-9618&noUDP&sock=14877_46f2_4>
...
001 (29520.096.000) 01/25 23:42:15 Job executing on host: <172.16.11.232:9618?addrs=172.16.11.232-9618&alias=pc-farm2&noUDP&sock=startd_4986_dfb4_4>
...
006 (29520.096.000) 01/25 23:42:24 Image size of job updated: 35740
	35  -  MemoryUsage of job (MB)
	35740  -  ResidentSetSize of job (KB)
...
006 (29520.096.000) 01/26 00:42:31 Image size of job updated: 35856
	36  -  MemoryUsage of job (MB)
	35856  -  ResidentSetSize of job (KB)
...
006 (29520.096.000) 01/26 14:06:27 Image size of job updated: 311124
	36  -  MemoryUsage of job (MB)
	35856  -  ResidentSetSize of job (KB)
...
004 (29520.096.000) 01/26 14:06:27 Job was evicted.
	(0) CPU times
		Usr 0 14:20:22, Sys 0 00:00:03  -  Run Remote Usage
		Usr 0 00:00:00, Sys 0 00:00:00  -  Run Local Usage
	0  -  Run Bytes Sent By Job
	0  -  Run Bytes Received By Job
	Partitionable Resources :    Usage  Request Allocated 
	   Cpus                 :     1.00        1         1 
	   Disk (KB)            :     1           1    245927 
	   Memory (MB)          :    36           1      1005 
...
009 (29520.096.000) 01/26 14:06:28 Job was aborted by the user.
	via condor_rm (by user zhangliang)
...
000 (29539.096.000) 01/26 14:07:21 Job submitted from host: <172.16.11.200:9618?addrs=172.16.11.200-9618&noUDP&sock=14877_46f2_4>
...
001 (29539.096.000) 01/27 08:45:10 Job executing on host: <172.16.11.234:9618?addrs=172.16.11.234-9618&alias=pc-farm4&noUDP&sock=startd_5195_3aff>
...
006 (29539.096.000) 01/27 08:45:19 Image size of job updated: 423580
	36  -  MemoryUsage of job (MB)
	35892  -  ResidentSetSize of job (KB)
...
006 (29539.096.000) 01/27 08:55:20 Image size of job updated: 424360
	36  -  MemoryUsage of job (MB)
	35896  -  ResidentSetSize of job (KB)
...
004 (29539.096.000) 01/27 09:49:15 Job was evicted.
	(0) CPU times
		Usr 0 01:04:04, Sys 0 00:00:00  -  Run Remote Usage
		Usr 0 00:00:00, Sys 0 00:00:00  -  Run Local Usage
	0  -  Run Bytes Sent By Job
	0  -  Run Bytes Received By Job
	Partitionable Resources :    Usage  Request Allocated 
	   Cpus                 :     1.00        1         1 
	   Disk (KB)            :     1           1    255907 
	   Memory (MB)          :    36           1       999 
...
009 (29539.096.000) 01/27 09:49:15 Job was aborted by the user.
	via condor_rm (by user zhangliang)
...
000 (29554.096.000) 01/27 10:11:07 Job submitted from host: <172.16.11.200:9618?addrs=172.16.11.200-9618&noUDP&sock=14877_46f2_4>
...
001 (29554.096.000) 01/27 15:23:28 Job executing on host: <172.16.11.232:9618?addrs=172.16.11.232-9618&alias=pc-farm2&noUDP&sock=startd_4986_dfb4_4>
...
006 (29554.096.000) 01/27 15:23:37 Image size of job updated: 35984
	36  -  MemoryUsage of job (MB)
	35984  -  ResidentSetSize of job (KB)
...
006 (29554.096.000) 01/27 16:03:41 Image size of job updated: 36096
	36  -  MemoryUsage of job (MB)
	36096  -  ResidentSetSize of job (KB)
...
005 (29554.096.000) 01/27 18:33:13 Job terminated.
	(1) Normal termination (return value 0)
		Usr 0 03:09:43, Sys 0 00:00:01  -  Run Remote Usage
		Usr 0 00:00:00, Sys 0 00:00:00  -  Run Local Usage
		Usr 0 03:09:43, Sys 0 00:00:01  -  Total Remote Usage
		Usr 0 00:00:00, Sys 0 00:00:00  -  Total Local Usage
	0  -  Run Bytes Sent By Job
	0  -  Run Bytes Received By Job
	0  -  Total Bytes Sent By Job
	0  -  Total Bytes Received By Job
	Partitionable Resources :    Usage  Request Allocated 
	   Cpus                 :     1.00        1         1 
	   Disk (KB)            :     1           1    245927 
	   Memory (MB)          :    36           1      1005 
...
000 (29604.096.000) 01/27 21:59:06 Job submitted from host: <172.16.11.200:9618?addrs=172.16.11.200-9618&noUDP&sock=14877_46f2_4>
...
001 (29604.096.000) 01/28 09:46:16 Job executing on host: <172.16.11.231:9618?addrs=172.16.11.231-9618&noUDP&sock=startd_22895_f54e_4>
...
006 (29604.096.000) 01/28 09:46:25 Image size of job updated: 35976
	36  -  MemoryUsage of job (MB)
	35976  -  ResidentSetSize of job (KB)
...
006 (29604.096.000) 01/28 14:52:21 Image size of job updated: 424264
	36  -  MemoryUsage of job (MB)
	35976  -  ResidentSetSize of job (KB)
...
005 (29604.096.000) 01/28 14:52:21 Job terminated.
	(1) Normal termination (return value 0)
		Usr 0 05:05:21, Sys 0 00:00:07  -  Run Remote Usage
		Usr 0 00:00:00, Sys 0 00:00:00  -  Run Local Usage
		Usr 0 05:05:21, Sys 0 00:00:07  -  Total Remote Usage
		Usr 0 00:00:00, Sys 0 00:00:00  -  Total Local Usage
	0  -  Run Bytes Sent By Job
	0  -  Run Bytes Received By Job
	0  -  Total Bytes Sent By Job
	0  -  Total Bytes Received By Job
	Partitionable Resources :    Usage  Request Allocated 
	   Cpus                 :     1.00        1         1 
	   Disk (KB)            :     1           1    241059 
	   Memory (MB)          :    36           1      2008 
...
000 (29616.096.000) 01/28 14:59:33 Job submitted from host: <172.16.11.200:9618?addrs=172.16.11.200-9618&noUDP&sock=14877_46f2_4>
...
009 (29616.096.000) 01/28 15:00:13 Job was aborted by the user.
	via condor_rm (by user zhangliang)
...
000 (29617.096.000) 01/28 15:01:04 Job submitted from host: <172.16.11.200:9618?addrs=172.16.11.200-9618&noUDP&sock=14877_46f2_4>
...
001 (29617.096.000) 01/28 15:03:17 Job executing on host: <172.16.11.233:9618?addrs=172.16.11.233-9618&alias=pc-farm3&noUDP&sock=startd_4556_edfa>
...
006 (29617.096.000) 01/28 15:03:26 Image size of job updated: 40328
	40  -  MemoryUsage of job (MB)
	40328  -  ResidentSetSize of job (KB)
...
005 (29617.096.000) 01/28 16:15:22 Job terminated.
	(1) Normal termination (return value 0)
		Usr 0 01:12:04, Sys 0 00:00:00  -  Run Remote Usage
		Usr 0 00:00:00, Sys 0 00:00:00  -  Run Local Usage
		Usr 0 01:12:04, Sys 0 00:00:00  -  Total Remote Usage
		Usr 0 00:00:00, Sys 0 00:00:00  -  Total Local Usage
	0  -  Run Bytes Sent By Job
	0  -  Run Bytes Received By Job
	0  -  Total Bytes Sent By Job
	0  -  Total Bytes Received By Job
	Partitionable Resources :    Usage  Request Allocated 
	   Cpus                 :     1.00        1         1 
	   Disk (KB)            :     1           1    254050 
	   Memory (MB)          :    40           1      1005 
...
000 (29696.096.000) 01/30 20:13:16 Job submitted from host: <172.16.11.200:9618?addrs=172.16.11.200-9618&noUDP&sock=14877_46f2_4>
...
001 (29696.096.000) 01/30 21:47:03 Job executing on host: <172.16.11.234:9618?addrs=172.16.11.234-9618&alias=pc-farm4&noUDP&sock=startd_5195_3aff>
...
006 (29696.096.000) 01/30 21:47:12 Image size of job updated: 423580
	36  -  MemoryUsage of job (MB)
	35896  -  ResidentSetSize of job (KB)
...
006 (29696.096.000) 01/30 21:57:14 Image size of job updated: 424360
	36  -  MemoryUsage of job (MB)
	35900  -  ResidentSetSize of job (KB)
...
005 (29696.096.000) 01/30 23:32:37 Job terminated.
	(1) Normal termination (return value 0)
		Usr 0 01:45:33, Sys 0 00:00:00  -  Run Remote Usage
		Usr 0 00:00:00, Sys 0 00:00:00  -  Run Local Usage
		Usr 0 01:45:33, Sys 0 00:00:00  -  Total Remote Usage
		Usr 0 00:00:00, Sys 0 00:00:00  -  Total Local Usage
	0  -  Run Bytes Sent By Job
	0  -  Run Bytes Received By Job
	0  -  Total Bytes Sent By Job
	0  -  Total Bytes Received By Job
	Partitionable Resources :    Usage  Request Allocated 
	   Cpus                 :     1.00        1         1 
	   Disk (KB)            :     1           1    255907 
	   Memory (MB)          :    36           1       999 
...
000 (29706.096.000) 01/31 10:47:04 Job submitted from host: <172.16.11.200:9618?addrs=172.16.11.200-9618&noUDP&sock=14877_46f2_4>
...
001 (29706.096.000) 01/31 11:07:07 Job executing on host: <172.16.11.232:9618?addrs=172.16.11.232-9618&alias=pc-farm2&noUDP&sock=startd_4986_dfb4_4>
...
006 (29706.096.000) 01/31 11:07:16 Image size of job updated: 49740
	49  -  MemoryUsage of job (MB)
	49740  -  ResidentSetSize of job (KB)
...
006 (29706.096.000) 01/31 12:32:24 Image size of job updated: 50656
	50  -  MemoryUsage of job (MB)
	50656  -  ResidentSetSize of job (KB)
...
005 (29706.096.000) 01/31 12:37:23 Job terminated.
	(1) Normal termination (return value 0)
		Usr 0 01:29:39, Sys 0 00:00:06  -  Run Remote Usage
		Usr 0 00:00:00, Sys 0 00:00:00  -  Run Local Usage
		Usr 0 01:29:39, Sys 0 00:00:06  -  Total Remote Usage
		Usr 0 00:00:00, Sys 0 00:00:00  -  Total Local Usage
	0  -  Run Bytes Sent By Job
	0  -  Run Bytes Received By Job
	0  -  Total Bytes Sent By Job
	0  -  Total Bytes Received By Job
	Partitionable Resources :    Usage  Request Allocated 
	   Cpus                 :     0.99        1         1 
	   Disk (KB)            :     1           1    245927 
	   Memory (MB)          :    50           1      1005 
...
000 (29707.096.000) 01/31 14:36:19 Job submitted from host: <172.16.11.200:9618?addrs=172.16.11.200-9618&noUDP&sock=14877_46f2_4>
...
009 (29707.096.000) 01/31 16:16:03 Job was aborted by the user.
	via condor_rm (by user zhangliang)
...
000 (29725.096.000) 01/31 16:16:10 Job submitted from host: <172.16.11.200:9618?addrs=172.16.11.200-9618&noUDP&sock=14877_46f2_4>
...
001 (29725.096.000) 01/31 19:30:36 Job executing on host: <172.16.11.234:9618?addrs=172.16.11.234-9618&alias=pc-farm4&noUDP&sock=startd_5195_3aff>
...
006 (29725.096.000) 01/31 19:30:44 Image size of job updated: 441264
	49  -  MemoryUsage of job (MB)
	49728  -  ResidentSetSize of job (KB)
...
006 (29725.096.000) 01/31 19:40:45 Image size of job updated: 441264
	49  -  MemoryUsage of job (MB)
	49732  -  ResidentSetSize of job (KB)
...
004 (29725.096.000) 01/31 21:11:59 Job was evicted.
	(0) CPU times
		Usr 0 01:41:22, Sys 0 00:00:00  -  Run Remote Usage
		Usr 0 00:00:00, Sys 0 00:00:00  -  Run Local Usage
	0  -  Run Bytes Sent By Job
	0  -  Run Bytes Received By Job
	Partitionable Resources :    Usage  Request Allocated 
	   Cpus                 :     1.00        1         1 
	   Disk (KB)            :     1           1    255907 
	   Memory (MB)          :    49           1       999 
...
009 (29725.096.000) 01/31 21:11:59 Job was aborted by the user.
	via condor_rm (by user zhangliang)
...
