000 (28203.086.000) 12/31 10:12:06 Job submitted from host: <172.16.11.200:9618?addrs=172.16.11.200-9618&noUDP&sock=14877_46f2_4>
...
001 (28203.086.000) 12/31 10:12:19 Job executing on host: <172.16.11.231:9618?addrs=172.16.11.231-9618&noUDP&sock=startd_22895_f54e_4>
...
006 (28203.086.000) 12/31 10:12:27 Image size of job updated: 35304
	35  -  MemoryUsage of job (MB)
	35304  -  ResidentSetSize of job (KB)
...
006 (28203.086.000) 12/31 10:32:29 Image size of job updated: 35416
	35  -  MemoryUsage of job (MB)
	35416  -  ResidentSetSize of job (KB)
...
004 (28203.086.000) 12/31 13:14:29 Job was evicted.
	(0) CPU times
		Usr 0 03:02:07, Sys 0 00:00:00  -  Run Remote Usage
		Usr 0 00:00:00, Sys 0 00:00:00  -  Run Local Usage
	0  -  Run Bytes Sent By Job
	0  -  Run Bytes Received By Job
	Partitionable Resources :    Usage  Request Allocated 
	   Cpus                 :     1.00        1         1 
	   Disk (KB)            :     1           1    241059 
	   Memory (MB)          :    35           1      2008 
...
009 (28203.086.000) 12/31 13:14:29 Job was aborted by the user.
	via condor_rm (by user zhangliang)
...
000 (28206.086.000) 12/31 14:09:35 Job submitted from host: <172.16.11.200:9618?addrs=172.16.11.200-9618&noUDP&sock=14877_46f2_4>
...
001 (28206.086.000) 01/01 14:14:49 Job executing on host: <172.16.11.231:9618?addrs=172.16.11.231-9618&noUDP&sock=startd_22895_f54e_4>
...
006 (28206.086.000) 01/01 14:14:58 Image size of job updated: 34900
	35  -  MemoryUsage of job (MB)
	34900  -  ResidentSetSize of job (KB)
...
006 (28206.086.000) 01/01 15:10:03 Image size of job updated: 35408
	35  -  MemoryUsage of job (MB)
	35408  -  ResidentSetSize of job (KB)
...
005 (28206.086.000) 01/02 09:34:51 Job terminated.
	(1) Normal termination (return value 0)
		Usr 0 19:19:32, Sys 0 00:00:01  -  Run Remote Usage
		Usr 0 00:00:00, Sys 0 00:00:00  -  Run Local Usage
		Usr 0 19:19:32, Sys 0 00:00:01  -  Total Remote Usage
		Usr 0 00:00:00, Sys 0 00:00:00  -  Total Local Usage
	0  -  Run Bytes Sent By Job
	0  -  Run Bytes Received By Job
	0  -  Total Bytes Sent By Job
	0  -  Total Bytes Received By Job
	Partitionable Resources :    Usage  Request Allocated 
	   Cpus                 :     1.00        1         1 
	   Disk (KB)            :     1           1    241059 
	   Memory (MB)          :    35           1      2008 
...
000 (28248.086.000) 01/05 15:45:56 Job submitted from host: <172.16.11.200:9618?addrs=172.16.11.200-9618&noUDP&sock=14877_46f2_4>
...
001 (28248.086.000) 01/05 17:55:34 Job executing on host: <172.16.11.233:9618?addrs=172.16.11.233-9618&alias=pc-farm3&noUDP&sock=startd_4556_edfa>
...
006 (28248.086.000) 01/05 17:55:43 Image size of job updated: 39420
	39  -  MemoryUsage of job (MB)
	39420  -  ResidentSetSize of job (KB)
...
006 (28248.086.000) 01/05 18:45:48 Image size of job updated: 39504
	39  -  MemoryUsage of job (MB)
	39504  -  ResidentSetSize of job (KB)
...
006 (28248.086.000) 01/05 18:50:48 Image size of job updated: 39520
	39  -  MemoryUsage of job (MB)
	39520  -  ResidentSetSize of job (KB)
...
006 (28248.086.000) 01/05 19:25:51 Image size of job updated: 39552
	39  -  MemoryUsage of job (MB)
	39552  -  ResidentSetSize of job (KB)
...
006 (28248.086.000) 01/05 19:30:52 Image size of job updated: 39696
	39  -  MemoryUsage of job (MB)
	39696  -  ResidentSetSize of job (KB)
...
006 (28248.086.000) 01/05 19:35:53 Image size of job updated: 39716
	39  -  MemoryUsage of job (MB)
	39716  -  ResidentSetSize of job (KB)
...
006 (28248.086.000) 01/05 19:40:53 Image size of job updated: 39736
	39  -  MemoryUsage of job (MB)
	39736  -  ResidentSetSize of job (KB)
...
006 (28248.086.000) 01/05 19:55:55 Image size of job updated: 39792
	39  -  MemoryUsage of job (MB)
	39792  -  ResidentSetSize of job (KB)
...
006 (28248.086.000) 01/05 20:00:56 Image size of job updated: 39816
	39  -  MemoryUsage of job (MB)
	39816  -  ResidentSetSize of job (KB)
...
006 (28248.086.000) 01/05 20:15:57 Image size of job updated: 39876
	39  -  MemoryUsage of job (MB)
	39876  -  ResidentSetSize of job (KB)
...
006 (28248.086.000) 01/05 20:25:58 Image size of job updated: 39916
	39  -  MemoryUsage of job (MB)
	39916  -  ResidentSetSize of job (KB)
...
006 (28248.086.000) 01/05 20:51:01 Image size of job updated: 39928
	39  -  MemoryUsage of job (MB)
	39928  -  ResidentSetSize of job (KB)
...
006 (28248.086.000) 01/05 20:56:02 Image size of job updated: 39948
	40  -  MemoryUsage of job (MB)
	39948  -  ResidentSetSize of job (KB)
...
006 (28248.086.000) 01/05 21:01:02 Image size of job updated: 39972
	40  -  MemoryUsage of job (MB)
	39972  -  ResidentSetSize of job (KB)
...
006 (28248.086.000) 01/05 21:06:03 Image size of job updated: 40116
	40  -  MemoryUsage of job (MB)
	40116  -  ResidentSetSize of job (KB)
...
006 (28248.086.000) 01/05 21:16:04 Image size of job updated: 40160
	40  -  MemoryUsage of job (MB)
	40160  -  ResidentSetSize of job (KB)
...
006 (28248.086.000) 01/05 21:21:04 Image size of job updated: 40180
	40  -  MemoryUsage of job (MB)
	40180  -  ResidentSetSize of job (KB)
...
006 (28248.086.000) 01/05 21:31:05 Image size of job updated: 40260
	40  -  MemoryUsage of job (MB)
	40260  -  ResidentSetSize of job (KB)
...
006 (28248.086.000) 01/05 21:36:05 Image size of job updated: 40264
	40  -  MemoryUsage of job (MB)
	40264  -  ResidentSetSize of job (KB)
...
006 (28248.086.000) 01/05 21:46:07 Image size of job updated: 40312
	40  -  MemoryUsage of job (MB)
	40312  -  ResidentSetSize of job (KB)
...
006 (28248.086.000) 01/05 22:06:08 Image size of job updated: 40424
	40  -  MemoryUsage of job (MB)
	40424  -  ResidentSetSize of job (KB)
...
006 (28248.086.000) 01/05 22:11:08 Image size of job updated: 40540
	40  -  MemoryUsage of job (MB)
	40540  -  ResidentSetSize of job (KB)
...
006 (28248.086.000) 01/05 22:16:09 Image size of job updated: 40568
	40  -  MemoryUsage of job (MB)
	40568  -  ResidentSetSize of job (KB)
...
006 (28248.086.000) 01/05 22:21:10 Image size of job updated: 40588
	40  -  MemoryUsage of job (MB)
	40588  -  ResidentSetSize of job (KB)
...
006 (28248.086.000) 01/05 22:26:10 Image size of job updated: 40652
	40  -  MemoryUsage of job (MB)
	40652  -  ResidentSetSize of job (KB)
...
006 (28248.086.000) 01/05 22:31:11 Image size of job updated: 40676
	40  -  MemoryUsage of job (MB)
	40676  -  ResidentSetSize of job (KB)
...
006 (28248.086.000) 01/05 22:36:12 Image size of job updated: 40836
	40  -  MemoryUsage of job (MB)
	40836  -  ResidentSetSize of job (KB)
...
006 (28248.086.000) 01/05 22:56:13 Image size of job updated: 40980
	41  -  MemoryUsage of job (MB)
	40980  -  ResidentSetSize of job (KB)
...
006 (28248.086.000) 01/05 23:16:15 Image size of job updated: 40988
	41  -  MemoryUsage of job (MB)
	40988  -  ResidentSetSize of job (KB)
...
006 (28248.086.000) 01/05 23:21:16 Image size of job updated: 41024
	41  -  MemoryUsage of job (MB)
	41024  -  ResidentSetSize of job (KB)
...
006 (28248.086.000) 01/05 23:41:18 Image size of job updated: 41108
	41  -  MemoryUsage of job (MB)
	41108  -  ResidentSetSize of job (KB)
...
006 (28248.086.000) 01/05 23:46:18 Image size of job updated: 41124
	41  -  MemoryUsage of job (MB)
	41124  -  ResidentSetSize of job (KB)
...
006 (28248.086.000) 01/05 23:51:18 Image size of job updated: 41136
	41  -  MemoryUsage of job (MB)
	41136  -  ResidentSetSize of job (KB)
...
006 (28248.086.000) 01/06 00:26:22 Image size of job updated: 41284
	41  -  MemoryUsage of job (MB)
	41284  -  ResidentSetSize of job (KB)
...
006 (28248.086.000) 01/06 00:31:22 Image size of job updated: 41304
	41  -  MemoryUsage of job (MB)
	41304  -  ResidentSetSize of job (KB)
...
006 (28248.086.000) 01/06 00:36:22 Image size of job updated: 41328
	41  -  MemoryUsage of job (MB)
	41328  -  ResidentSetSize of job (KB)
...
006 (28248.086.000) 01/06 00:41:23 Image size of job updated: 41348
	41  -  MemoryUsage of job (MB)
	41348  -  ResidentSetSize of job (KB)
...
006 (28248.086.000) 01/06 01:06:24 Image size of job updated: 41364
	41  -  MemoryUsage of job (MB)
	41364  -  ResidentSetSize of job (KB)
...
006 (28248.086.000) 01/06 01:11:26 Image size of job updated: 41384
	41  -  MemoryUsage of job (MB)
	41384  -  ResidentSetSize of job (KB)
...
006 (28248.086.000) 01/06 01:16:26 Image size of job updated: 41408
	41  -  MemoryUsage of job (MB)
	41408  -  ResidentSetSize of job (KB)
...
006 (28248.086.000) 01/06 01:21:26 Image size of job updated: 41432
	41  -  MemoryUsage of job (MB)
	41432  -  ResidentSetSize of job (KB)
...
006 (28248.086.000) 01/06 01:26:27 Image size of job updated: 41452
	41  -  MemoryUsage of job (MB)
	41452  -  ResidentSetSize of job (KB)
...
006 (28248.086.000) 01/06 01:31:28 Image size of job updated: 41600
	41  -  MemoryUsage of job (MB)
	41600  -  ResidentSetSize of job (KB)
...
006 (28248.086.000) 01/06 01:46:30 Image size of job updated: 41664
	41  -  MemoryUsage of job (MB)
	41664  -  ResidentSetSize of job (KB)
...
006 (28248.086.000) 01/06 02:06:31 Image size of job updated: 41780
	41  -  MemoryUsage of job (MB)
	41780  -  ResidentSetSize of job (KB)
...
005 (28248.086.000) 01/06 02:14:15 Job terminated.
	(1) Normal termination (return value 0)
		Usr 0 07:59:16, Sys 0 00:00:04  -  Run Remote Usage
		Usr 0 00:00:00, Sys 0 00:00:00  -  Run Local Usage
		Usr 0 07:59:16, Sys 0 00:00:04  -  Total Remote Usage
		Usr 0 00:00:00, Sys 0 00:00:00  -  Total Local Usage
	0  -  Run Bytes Sent By Job
	0  -  Run Bytes Received By Job
	0  -  Total Bytes Sent By Job
	0  -  Total Bytes Received By Job
	Partitionable Resources :    Usage  Request Allocated 
	   Cpus                 :     0.90        1         1 
	   Disk (KB)            :     1           1    254050 
	   Memory (MB)          :    41           1      1005 
...
000 (28271.086.000) 01/06 15:26:51 Job submitted from host: <172.16.11.200:9618?addrs=172.16.11.200-9618&noUDP&sock=14877_46f2_4>
...
009 (28271.086.000) 01/06 15:47:45 Job was aborted by the user.
	via condor_rm (by user zhangliang)
...
000 (29325.086.000) 01/22 22:42:18 Job submitted from host: <172.16.11.200:9618?addrs=172.16.11.200-9618&noUDP&sock=14877_46f2_4>
...
001 (29325.086.000) 01/23 04:39:37 Job executing on host: <172.16.11.232:9618?addrs=172.16.11.232-9618&alias=pc-farm2&noUDP&sock=startd_4986_dfb4_4>
...
006 (29325.086.000) 01/23 04:39:45 Image size of job updated: 35696
	35  -  MemoryUsage of job (MB)
	35696  -  ResidentSetSize of job (KB)
...
006 (29325.086.000) 01/23 05:44:53 Image size of job updated: 35956
	36  -  MemoryUsage of job (MB)
	35956  -  ResidentSetSize of job (KB)
...
005 (29325.086.000) 01/23 16:54:17 Job terminated.
	(1) Normal termination (return value 0)
		Usr 0 12:14:36, Sys 0 00:00:02  -  Run Remote Usage
		Usr 0 00:00:00, Sys 0 00:00:00  -  Run Local Usage
		Usr 0 12:14:36, Sys 0 00:00:02  -  Total Remote Usage
		Usr 0 00:00:00, Sys 0 00:00:00  -  Total Local Usage
	0  -  Run Bytes Sent By Job
	0  -  Run Bytes Received By Job
	0  -  Total Bytes Sent By Job
	0  -  Total Bytes Received By Job
	Partitionable Resources :    Usage  Request Allocated 
	   Cpus                 :     1.00        1         1 
	   Disk (KB)            :     1           1    245927 
	   Memory (MB)          :    36           1      1005 
...
000 (29520.086.000) 01/25 22:31:42 Job submitted from host: <172.16.11.200:9618?addrs=172.16.11.200-9618&noUDP&sock=14877_46f2_4>
...
001 (29520.086.000) 01/25 23:36:16 Job executing on host: <172.16.11.232:9618?addrs=172.16.11.232-9618&alias=pc-farm2&noUDP&sock=startd_4986_dfb4_4>
...
006 (29520.086.000) 01/25 23:36:25 Image size of job updated: 35832
	35  -  MemoryUsage of job (MB)
	35832  -  ResidentSetSize of job (KB)
...
006 (29520.086.000) 01/26 00:36:32 Image size of job updated: 36504
	36  -  MemoryUsage of job (MB)
	36504  -  ResidentSetSize of job (KB)
...
006 (29520.086.000) 01/26 14:06:27 Image size of job updated: 311124
	36  -  MemoryUsage of job (MB)
	36504  -  ResidentSetSize of job (KB)
...
004 (29520.086.000) 01/26 14:06:27 Job was evicted.
	(0) CPU times
		Usr 0 14:25:23, Sys 0 00:00:03  -  Run Remote Usage
		Usr 0 00:00:00, Sys 0 00:00:00  -  Run Local Usage
	0  -  Run Bytes Sent By Job
	0  -  Run Bytes Received By Job
	Partitionable Resources :    Usage  Request Allocated 
	   Cpus                 :     1.00        1         1 
	   Disk (KB)            :     1           1    245927 
	   Memory (MB)          :    36           1      1005 
...
009 (29520.086.000) 01/26 14:06:28 Job was aborted by the user.
	via condor_rm (by user zhangliang)
...
000 (29539.086.000) 01/26 14:07:21 Job submitted from host: <172.16.11.200:9618?addrs=172.16.11.200-9618&noUDP&sock=14877_46f2_4>
...
001 (29539.086.000) 01/27 08:42:10 Job executing on host: <172.16.11.233:9618?addrs=172.16.11.233-9618&alias=pc-farm3&noUDP&sock=startd_4556_edfa>
...
006 (29539.086.000) 01/27 08:42:19 Image size of job updated: 39404
	39  -  MemoryUsage of job (MB)
	39404  -  ResidentSetSize of job (KB)
...
006 (29539.086.000) 01/27 09:12:23 Image size of job updated: 39464
	39  -  MemoryUsage of job (MB)
	39464  -  ResidentSetSize of job (KB)
...
006 (29539.086.000) 01/27 09:47:26 Image size of job updated: 39484
	39  -  MemoryUsage of job (MB)
	39484  -  ResidentSetSize of job (KB)
...
004 (29539.086.000) 01/27 09:49:14 Job was evicted.
	(0) CPU times
		Usr 0 01:07:03, Sys 0 00:00:00  -  Run Remote Usage
		Usr 0 00:00:00, Sys 0 00:00:00  -  Run Local Usage
	0  -  Run Bytes Sent By Job
	0  -  Run Bytes Received By Job
	Partitionable Resources :    Usage  Request Allocated 
	   Cpus                 :     1.00        1         1 
	   Disk (KB)            :     1           1    254050 
	   Memory (MB)          :    39           1      1005 
...
009 (29539.086.000) 01/27 09:49:14 Job was aborted by the user.
	via condor_rm (by user zhangliang)
...
000 (29554.086.000) 01/27 10:11:07 Job submitted from host: <172.16.11.200:9618?addrs=172.16.11.200-9618&noUDP&sock=14877_46f2_4>
...
001 (29554.086.000) 01/27 15:20:28 Job executing on host: <172.16.11.231:9618?addrs=172.16.11.231-9618&noUDP&sock=startd_22895_f54e_4>
...
006 (29554.086.000) 01/27 15:20:37 Image size of job updated: 36008
	36  -  MemoryUsage of job (MB)
	36008  -  ResidentSetSize of job (KB)
...
006 (29554.086.000) 01/27 16:05:42 Image size of job updated: 36112
	36  -  MemoryUsage of job (MB)
	36112  -  ResidentSetSize of job (KB)
...
005 (29554.086.000) 01/27 20:10:34 Job terminated.
	(1) Normal termination (return value 0)
		Usr 0 04:50:02, Sys 0 00:00:01  -  Run Remote Usage
		Usr 0 00:00:00, Sys 0 00:00:00  -  Run Local Usage
		Usr 0 04:50:02, Sys 0 00:00:01  -  Total Remote Usage
		Usr 0 00:00:00, Sys 0 00:00:00  -  Total Local Usage
	0  -  Run Bytes Sent By Job
	0  -  Run Bytes Received By Job
	0  -  Total Bytes Sent By Job
	0  -  Total Bytes Received By Job
	Partitionable Resources :    Usage  Request Allocated 
	   Cpus                 :     1.00        1         1 
	   Disk (KB)            :     1           1    241059 
	   Memory (MB)          :    36           1      2008 
...
000 (29604.086.000) 01/27 21:59:06 Job submitted from host: <172.16.11.200:9618?addrs=172.16.11.200-9618&noUDP&sock=14877_46f2_4>
...
001 (29604.086.000) 01/28 09:46:11 Job executing on host: <172.16.11.231:9618?addrs=172.16.11.231-9618&noUDP&sock=startd_22895_f54e_4>
...
006 (29604.086.000) 01/28 09:46:20 Image size of job updated: 35872
	36  -  MemoryUsage of job (MB)
	35872  -  ResidentSetSize of job (KB)
...
006 (29604.086.000) 01/28 14:52:26 Image size of job updated: 424264
	36  -  MemoryUsage of job (MB)
	35872  -  ResidentSetSize of job (KB)
...
005 (29604.086.000) 01/28 14:52:26 Job terminated.
	(1) Normal termination (return value 0)
		Usr 0 05:05:23, Sys 0 00:00:12  -  Run Remote Usage
		Usr 0 00:00:00, Sys 0 00:00:00  -  Run Local Usage
		Usr 0 05:05:23, Sys 0 00:00:12  -  Total Remote Usage
		Usr 0 00:00:00, Sys 0 00:00:00  -  Total Local Usage
	0  -  Run Bytes Sent By Job
	0  -  Run Bytes Received By Job
	0  -  Total Bytes Sent By Job
	0  -  Total Bytes Received By Job
	Partitionable Resources :    Usage  Request Allocated 
	   Cpus                 :     1.00        1         1 
	   Disk (KB)            :     1           1    241059 
	   Memory (MB)          :    36           1      2008 
...
000 (29616.086.000) 01/28 14:59:33 Job submitted from host: <172.16.11.200:9618?addrs=172.16.11.200-9618&noUDP&sock=14877_46f2_4>
...
009 (29616.086.000) 01/28 15:00:13 Job was aborted by the user.
	via condor_rm (by user zhangliang)
...
000 (29617.086.000) 01/28 15:01:04 Job submitted from host: <172.16.11.200:9618?addrs=172.16.11.200-9618&noUDP&sock=14877_46f2_4>
...
001 (29617.086.000) 01/28 15:03:19 Job executing on host: <172.16.11.233:9618?addrs=172.16.11.233-9618&alias=pc-farm3&noUDP&sock=startd_4556_edfa>
...
006 (29617.086.000) 01/28 15:03:28 Image size of job updated: 39656
	39  -  MemoryUsage of job (MB)
	39656  -  ResidentSetSize of job (KB)
...
006 (29617.086.000) 01/28 15:23:30 Image size of job updated: 39720
	39  -  MemoryUsage of job (MB)
	39720  -  ResidentSetSize of job (KB)
...
006 (29617.086.000) 01/28 15:58:33 Image size of job updated: 39736
	39  -  MemoryUsage of job (MB)
	39736  -  ResidentSetSize of job (KB)
...
006 (29617.086.000) 01/28 16:03:34 Image size of job updated: 39756
	39  -  MemoryUsage of job (MB)
	39756  -  ResidentSetSize of job (KB)
...
005 (29617.086.000) 01/28 16:06:52 Job terminated.
	(1) Normal termination (return value 0)
		Usr 0 01:03:32, Sys 0 00:00:00  -  Run Remote Usage
		Usr 0 00:00:00, Sys 0 00:00:00  -  Run Local Usage
		Usr 0 01:03:32, Sys 0 00:00:00  -  Total Remote Usage
		Usr 0 00:00:00, Sys 0 00:00:00  -  Total Local Usage
	0  -  Run Bytes Sent By Job
	0  -  Run Bytes Received By Job
	0  -  Total Bytes Sent By Job
	0  -  Total Bytes Received By Job
	Partitionable Resources :    Usage  Request Allocated 
	   Cpus                 :     1.00        1         1 
	   Disk (KB)            :     1           1    254050 
	   Memory (MB)          :    39           1      1005 
...
000 (29696.086.000) 01/30 20:13:16 Job submitted from host: <172.16.11.200:9618?addrs=172.16.11.200-9618&noUDP&sock=14877_46f2_4>
...
001 (29696.086.000) 01/30 21:46:03 Job executing on host: <172.16.11.234:9618?addrs=172.16.11.234-9618&alias=pc-farm4&noUDP&sock=startd_5195_3aff>
...
006 (29696.086.000) 01/30 21:46:12 Image size of job updated: 423580
	36  -  MemoryUsage of job (MB)
	35892  -  ResidentSetSize of job (KB)
...
006 (29696.086.000) 01/30 21:56:14 Image size of job updated: 424360
	36  -  MemoryUsage of job (MB)
	35896  -  ResidentSetSize of job (KB)
...
005 (29696.086.000) 01/30 23:32:22 Job terminated.
	(1) Normal termination (return value 0)
		Usr 0 01:46:18, Sys 0 00:00:00  -  Run Remote Usage
		Usr 0 00:00:00, Sys 0 00:00:00  -  Run Local Usage
		Usr 0 01:46:18, Sys 0 00:00:00  -  Total Remote Usage
		Usr 0 00:00:00, Sys 0 00:00:00  -  Total Local Usage
	0  -  Run Bytes Sent By Job
	0  -  Run Bytes Received By Job
	0  -  Total Bytes Sent By Job
	0  -  Total Bytes Received By Job
	Partitionable Resources :    Usage  Request Allocated 
	   Cpus                 :     1.00        1         1 
	   Disk (KB)            :     1           1    255907 
	   Memory (MB)          :    36           1       999 
...
000 (29706.086.000) 01/31 10:47:04 Job submitted from host: <172.16.11.200:9618?addrs=172.16.11.200-9618&noUDP&sock=14877_46f2_4>
...
001 (29706.086.000) 01/31 11:05:08 Job executing on host: <172.16.11.232:9618?addrs=172.16.11.232-9618&alias=pc-farm2&noUDP&sock=startd_4986_dfb4_4>
...
006 (29706.086.000) 01/31 11:05:17 Image size of job updated: 49764
	49  -  MemoryUsage of job (MB)
	49764  -  ResidentSetSize of job (KB)
...
006 (29706.086.000) 01/31 12:30:25 Image size of job updated: 49980
	49  -  MemoryUsage of job (MB)
	49980  -  ResidentSetSize of job (KB)
...
006 (29706.086.000) 01/31 12:33:23 Image size of job updated: 438232
	49  -  MemoryUsage of job (MB)
	49980  -  ResidentSetSize of job (KB)
...
005 (29706.086.000) 01/31 12:33:24 Job terminated.
	(1) Normal termination (return value 0)
		Usr 0 01:27:38, Sys 0 00:00:04  -  Run Remote Usage
		Usr 0 00:00:00, Sys 0 00:00:00  -  Run Local Usage
		Usr 0 01:27:38, Sys 0 00:00:04  -  Total Remote Usage
		Usr 0 00:00:00, Sys 0 00:00:00  -  Total Local Usage
	0  -  Run Bytes Sent By Job
	0  -  Run Bytes Received By Job
	0  -  Total Bytes Sent By Job
	0  -  Total Bytes Received By Job
	Partitionable Resources :    Usage  Request Allocated 
	   Cpus                 :     0.99        1         1 
	   Disk (KB)            :     1           1    245927 
	   Memory (MB)          :    49           1      1005 
...
000 (29707.086.000) 01/31 14:36:19 Job submitted from host: <172.16.11.200:9618?addrs=172.16.11.200-9618&noUDP&sock=14877_46f2_4>
...
009 (29707.086.000) 01/31 16:16:03 Job was aborted by the user.
	via condor_rm (by user zhangliang)
...
000 (29725.086.000) 01/31 16:16:10 Job submitted from host: <172.16.11.200:9618?addrs=172.16.11.200-9618&noUDP&sock=14877_46f2_4>
...
001 (29725.086.000) 01/31 19:23:36 Job executing on host: <172.16.11.234:9618?addrs=172.16.11.234-9618&alias=pc-farm4&noUDP&sock=startd_5195_3aff>
...
006 (29725.086.000) 01/31 19:23:45 Image size of job updated: 437416
	49  -  MemoryUsage of job (MB)
	49724  -  ResidentSetSize of job (KB)
...
006 (29725.086.000) 01/31 19:33:47 Image size of job updated: 438196
	49  -  MemoryUsage of job (MB)
	49728  -  ResidentSetSize of job (KB)
...
005 (29725.086.000) 01/31 21:09:30 Job terminated.
	(1) Normal termination (return value 0)
		Usr 0 01:45:51, Sys 0 00:00:01  -  Run Remote Usage
		Usr 0 00:00:00, Sys 0 00:00:00  -  Run Local Usage
		Usr 0 01:45:51, Sys 0 00:00:01  -  Total Remote Usage
		Usr 0 00:00:00, Sys 0 00:00:00  -  Total Local Usage
	0  -  Run Bytes Sent By Job
	0  -  Run Bytes Received By Job
	0  -  Total Bytes Sent By Job
	0  -  Total Bytes Received By Job
	Partitionable Resources :    Usage  Request Allocated 
	   Cpus                 :     1.00        1         1 
	   Disk (KB)            :     1           1    255907 
	   Memory (MB)          :    49           1       999 
...
