000 (28203.084.000) 12/31 10:12:06 Job submitted from host: <172.16.11.200:9618?addrs=172.16.11.200-9618&noUDP&sock=14877_46f2_4>
...
001 (28203.084.000) 12/31 10:12:19 Job executing on host: <172.16.11.231:9618?addrs=172.16.11.231-9618&noUDP&sock=startd_22895_f54e_4>
...
006 (28203.084.000) 12/31 10:12:28 Image size of job updated: 35272
	35  -  MemoryUsage of job (MB)
	35272  -  ResidentSetSize of job (KB)
...
006 (28203.084.000) 12/31 10:27:30 Image size of job updated: 35340
	35  -  MemoryUsage of job (MB)
	35340  -  ResidentSetSize of job (KB)
...
006 (28203.084.000) 12/31 10:32:30 Image size of job updated: 35388
	35  -  MemoryUsage of job (MB)
	35388  -  ResidentSetSize of job (KB)
...
004 (28203.084.000) 12/31 13:14:29 Job was evicted.
	(0) CPU times
		Usr 0 03:02:08, Sys 0 00:00:00  -  Run Remote Usage
		Usr 0 00:00:00, Sys 0 00:00:00  -  Run Local Usage
	0  -  Run Bytes Sent By Job
	0  -  Run Bytes Received By Job
	Partitionable Resources :    Usage  Request Allocated 
	   Cpus                 :     1.00        1         1 
	   Disk (KB)            :     1           1    241059 
	   Memory (MB)          :    35           1      2008 
...
009 (28203.084.000) 12/31 13:14:29 Job was aborted by the user.
	via condor_rm (by user zhangliang)
...
000 (28206.084.000) 12/31 14:09:35 Job submitted from host: <172.16.11.200:9618?addrs=172.16.11.200-9618&noUDP&sock=14877_46f2_4>
...
001 (28206.084.000) 01/01 14:12:48 Job executing on host: <172.16.11.231:9618?addrs=172.16.11.231-9618&noUDP&sock=startd_22895_f54e_4>
...
006 (28206.084.000) 01/01 14:12:57 Image size of job updated: 35340
	35  -  MemoryUsage of job (MB)
	35340  -  ResidentSetSize of job (KB)
...
006 (28206.084.000) 01/01 15:08:03 Image size of job updated: 35456
	35  -  MemoryUsage of job (MB)
	35456  -  ResidentSetSize of job (KB)
...
005 (28206.084.000) 01/02 10:06:18 Job terminated.
	(1) Normal termination (return value 0)
		Usr 0 19:53:03, Sys 0 00:00:02  -  Run Remote Usage
		Usr 0 00:00:00, Sys 0 00:00:00  -  Run Local Usage
		Usr 0 19:53:03, Sys 0 00:00:02  -  Total Remote Usage
		Usr 0 00:00:00, Sys 0 00:00:00  -  Total Local Usage
	0  -  Run Bytes Sent By Job
	0  -  Run Bytes Received By Job
	0  -  Total Bytes Sent By Job
	0  -  Total Bytes Received By Job
	Partitionable Resources :    Usage  Request Allocated 
	   Cpus                 :     1.00        1         1 
	   Disk (KB)            :     1           1    241059 
	   Memory (MB)          :    35           1      2008 
...
000 (28248.084.000) 01/05 15:45:56 Job submitted from host: <172.16.11.200:9618?addrs=172.16.11.200-9618&noUDP&sock=14877_46f2_4>
...
001 (28248.084.000) 01/05 17:54:35 Job executing on host: <172.16.11.233:9618?addrs=172.16.11.233-9618&alias=pc-farm3&noUDP&sock=startd_4556_edfa>
...
006 (28248.084.000) 01/05 17:54:44 Image size of job updated: 40608
	40  -  MemoryUsage of job (MB)
	40608  -  ResidentSetSize of job (KB)
...
006 (28248.084.000) 01/05 20:09:57 Image size of job updated: 40700
	40  -  MemoryUsage of job (MB)
	40700  -  ResidentSetSize of job (KB)
...
006 (28248.084.000) 01/05 20:14:57 Image size of job updated: 40724
	40  -  MemoryUsage of job (MB)
	40724  -  ResidentSetSize of job (KB)
...
006 (28248.084.000) 01/05 20:19:58 Image size of job updated: 40744
	40  -  MemoryUsage of job (MB)
	40744  -  ResidentSetSize of job (KB)
...
006 (28248.084.000) 01/05 20:24:59 Image size of job updated: 40764
	40  -  MemoryUsage of job (MB)
	40764  -  ResidentSetSize of job (KB)
...
006 (28248.084.000) 01/05 20:40:00 Image size of job updated: 40828
	40  -  MemoryUsage of job (MB)
	40828  -  ResidentSetSize of job (KB)
...
006 (28248.084.000) 01/05 20:45:00 Image size of job updated: 40880
	40  -  MemoryUsage of job (MB)
	40880  -  ResidentSetSize of job (KB)
...
006 (28248.084.000) 01/05 21:05:02 Image size of job updated: 41088
	41  -  MemoryUsage of job (MB)
	41088  -  ResidentSetSize of job (KB)
...
006 (28248.084.000) 01/05 21:40:06 Image size of job updated: 41116
	41  -  MemoryUsage of job (MB)
	41116  -  ResidentSetSize of job (KB)
...
006 (28248.084.000) 01/05 21:55:07 Image size of job updated: 41200
	41  -  MemoryUsage of job (MB)
	41200  -  ResidentSetSize of job (KB)
...
006 (28248.084.000) 01/05 22:00:08 Image size of job updated: 41232
	41  -  MemoryUsage of job (MB)
	41232  -  ResidentSetSize of job (KB)
...
006 (28248.084.000) 01/05 22:05:09 Image size of job updated: 41256
	41  -  MemoryUsage of job (MB)
	41256  -  ResidentSetSize of job (KB)
...
006 (28248.084.000) 01/05 22:10:09 Image size of job updated: 41360
	41  -  MemoryUsage of job (MB)
	41360  -  ResidentSetSize of job (KB)
...
006 (28248.084.000) 01/05 22:25:10 Image size of job updated: 41428
	41  -  MemoryUsage of job (MB)
	41428  -  ResidentSetSize of job (KB)
...
006 (28248.084.000) 01/05 22:30:10 Image size of job updated: 41460
	41  -  MemoryUsage of job (MB)
	41460  -  ResidentSetSize of job (KB)
...
006 (28248.084.000) 01/05 22:35:11 Image size of job updated: 41480
	41  -  MemoryUsage of job (MB)
	41480  -  ResidentSetSize of job (KB)
...
006 (28248.084.000) 01/05 22:40:11 Image size of job updated: 41492
	41  -  MemoryUsage of job (MB)
	41492  -  ResidentSetSize of job (KB)
...
006 (28248.084.000) 01/05 23:00:13 Image size of job updated: 41620
	41  -  MemoryUsage of job (MB)
	41620  -  ResidentSetSize of job (KB)
...
006 (28248.084.000) 01/05 23:05:14 Image size of job updated: 41628
	41  -  MemoryUsage of job (MB)
	41628  -  ResidentSetSize of job (KB)
...
006 (28248.084.000) 01/05 23:15:15 Image size of job updated: 41776
	41  -  MemoryUsage of job (MB)
	41776  -  ResidentSetSize of job (KB)
...
006 (28248.084.000) 01/05 23:50:18 Image size of job updated: 41856
	41  -  MemoryUsage of job (MB)
	41856  -  ResidentSetSize of job (KB)
...
006 (28248.084.000) 01/06 00:15:22 Image size of job updated: 41916
	41  -  MemoryUsage of job (MB)
	41916  -  ResidentSetSize of job (KB)
...
006 (28248.084.000) 01/06 00:20:23 Image size of job updated: 41936
	41  -  MemoryUsage of job (MB)
	41936  -  ResidentSetSize of job (KB)
...
006 (28248.084.000) 01/06 00:35:25 Image size of job updated: 42000
	42  -  MemoryUsage of job (MB)
	42000  -  ResidentSetSize of job (KB)
...
006 (28248.084.000) 01/06 00:55:27 Image size of job updated: 42116
	42  -  MemoryUsage of job (MB)
	42116  -  ResidentSetSize of job (KB)
...
006 (28248.084.000) 01/06 01:30:31 Image size of job updated: 42132
	42  -  MemoryUsage of job (MB)
	42132  -  ResidentSetSize of job (KB)
...
006 (28248.084.000) 01/06 01:35:31 Image size of job updated: 42156
	42  -  MemoryUsage of job (MB)
	42156  -  ResidentSetSize of job (KB)
...
006 (28248.084.000) 01/06 01:40:32 Image size of job updated: 42300
	42  -  MemoryUsage of job (MB)
	42300  -  ResidentSetSize of job (KB)
...
006 (28248.084.000) 01/06 02:05:34 Image size of job updated: 42308
	42  -  MemoryUsage of job (MB)
	42308  -  ResidentSetSize of job (KB)
...
006 (28248.084.000) 01/06 02:10:34 Image size of job updated: 42328
	42  -  MemoryUsage of job (MB)
	42328  -  ResidentSetSize of job (KB)
...
006 (28248.084.000) 01/06 02:15:36 Image size of job updated: 42348
	42  -  MemoryUsage of job (MB)
	42348  -  ResidentSetSize of job (KB)
...
006 (28248.084.000) 01/06 02:20:36 Image size of job updated: 42368
	42  -  MemoryUsage of job (MB)
	42368  -  ResidentSetSize of job (KB)
...
006 (28248.084.000) 01/06 02:25:36 Image size of job updated: 42388
	42  -  MemoryUsage of job (MB)
	42388  -  ResidentSetSize of job (KB)
...
006 (28248.084.000) 01/06 02:30:38 Image size of job updated: 42408
	42  -  MemoryUsage of job (MB)
	42408  -  ResidentSetSize of job (KB)
...
006 (28248.084.000) 01/06 02:35:38 Image size of job updated: 42436
	42  -  MemoryUsage of job (MB)
	42436  -  ResidentSetSize of job (KB)
...
006 (28248.084.000) 01/06 02:40:38 Image size of job updated: 42456
	42  -  MemoryUsage of job (MB)
	42456  -  ResidentSetSize of job (KB)
...
006 (28248.084.000) 01/06 02:45:39 Image size of job updated: 42476
	42  -  MemoryUsage of job (MB)
	42476  -  ResidentSetSize of job (KB)
...
006 (28248.084.000) 01/06 02:50:40 Image size of job updated: 42652
	42  -  MemoryUsage of job (MB)
	42652  -  ResidentSetSize of job (KB)
...
005 (28248.084.000) 01/06 03:08:17 Job terminated.
	(1) Normal termination (return value 0)
		Usr 0 08:34:40, Sys 0 00:00:03  -  Run Remote Usage
		Usr 0 00:00:00, Sys 0 00:00:00  -  Run Local Usage
		Usr 0 08:34:40, Sys 0 00:00:03  -  Total Remote Usage
		Usr 0 00:00:00, Sys 0 00:00:00  -  Total Local Usage
	0  -  Run Bytes Sent By Job
	0  -  Run Bytes Received By Job
	0  -  Total Bytes Sent By Job
	0  -  Total Bytes Received By Job
	Partitionable Resources :    Usage  Request Allocated 
	   Cpus                 :     0.94        1         1 
	   Disk (KB)            :     1           1    254050 
	   Memory (MB)          :    42           1      1005 
...
000 (28271.084.000) 01/06 15:26:51 Job submitted from host: <172.16.11.200:9618?addrs=172.16.11.200-9618&noUDP&sock=14877_46f2_4>
...
009 (28271.084.000) 01/06 15:47:45 Job was aborted by the user.
	via condor_rm (by user zhangliang)
...
