000 (28203.042.000) 12/31 10:12:06 Job submitted from host: <172.16.11.200:9618?addrs=172.16.11.200-9618&noUDP&sock=14877_46f2_4>
...
001 (28203.042.000) 12/31 10:12:10 Job executing on host: <172.16.11.231:9618?addrs=172.16.11.231-9618&noUDP&sock=startd_22895_f54e_4>
...
006 (28203.042.000) 12/31 10:12:19 Image size of job updated: 35568
	35  -  MemoryUsage of job (MB)
	35568  -  ResidentSetSize of job (KB)
...
006 (28203.042.000) 12/31 10:17:19 Image size of job updated: 35676
	35  -  MemoryUsage of job (MB)
	35676  -  ResidentSetSize of job (KB)
...
004 (28203.042.000) 12/31 13:14:29 Job was evicted.
	(0) CPU times
		Usr 0 03:02:07, Sys 0 00:00:08  -  Run Remote Usage
		Usr 0 00:00:00, Sys 0 00:00:00  -  Run Local Usage
	0  -  Run Bytes Sent By Job
	0  -  Run Bytes Received By Job
	Partitionable Resources :    Usage  Request Allocated 
	   Cpus                 :     1.00        1         1 
	   Disk (KB)            :     1           1    241059 
	   Memory (MB)          :    35           1      2008 
...
009 (28203.042.000) 12/31 13:14:29 Job was aborted by the user.
	via condor_rm (by user zhangliang)
...
000 (28206.042.000) 12/31 14:09:35 Job submitted from host: <172.16.11.200:9618?addrs=172.16.11.200-9618&noUDP&sock=14877_46f2_4>
...
001 (28206.042.000) 12/31 14:20:38 Job executing on host: <172.16.11.231:9618?addrs=172.16.11.231-9618&noUDP&sock=startd_22895_f54e_4>
...
006 (28206.042.000) 12/31 14:20:47 Image size of job updated: 35396
	35  -  MemoryUsage of job (MB)
	35396  -  ResidentSetSize of job (KB)
...
006 (28206.042.000) 01/01 01:31:57 Image size of job updated: 36316
	36  -  MemoryUsage of job (MB)
	36316  -  ResidentSetSize of job (KB)
...
005 (28206.042.000) 01/01 11:48:34 Job terminated.
	(1) Normal termination (return value 0)
		Usr 0 21:27:30, Sys 0 00:00:02  -  Run Remote Usage
		Usr 0 00:00:00, Sys 0 00:00:00  -  Run Local Usage
		Usr 0 21:27:30, Sys 0 00:00:02  -  Total Remote Usage
		Usr 0 00:00:00, Sys 0 00:00:00  -  Total Local Usage
	0  -  Run Bytes Sent By Job
	0  -  Run Bytes Received By Job
	0  -  Total Bytes Sent By Job
	0  -  Total Bytes Received By Job
	Partitionable Resources :    Usage  Request Allocated 
	   Cpus                 :     1.00        1         1 
	   Disk (KB)            :     1           1    241059 
	   Memory (MB)          :    36           1      2008 
...
000 (28248.042.000) 01/05 15:45:56 Job submitted from host: <172.16.11.200:9618?addrs=172.16.11.200-9618&noUDP&sock=14877_46f2_4>
...
001 (28248.042.000) 01/05 16:45:42 Job executing on host: <172.16.11.233:9618?addrs=172.16.11.233-9618&alias=pc-farm3&noUDP&sock=startd_4556_edfa>
...
006 (28248.042.000) 01/05 16:45:52 Image size of job updated: 70312
	69  -  MemoryUsage of job (MB)
	70312  -  ResidentSetSize of job (KB)
...
006 (28248.042.000) 01/05 20:31:14 Image size of job updated: 70328
	69  -  MemoryUsage of job (MB)
	70328  -  ResidentSetSize of job (KB)
...
006 (28248.042.000) 01/05 20:36:15 Image size of job updated: 70348
	69  -  MemoryUsage of job (MB)
	70348  -  ResidentSetSize of job (KB)
...
006 (28248.042.000) 01/05 20:41:15 Image size of job updated: 70372
	69  -  MemoryUsage of job (MB)
	70372  -  ResidentSetSize of job (KB)
...
006 (28248.042.000) 01/05 20:46:16 Image size of job updated: 70392
	69  -  MemoryUsage of job (MB)
	70392  -  ResidentSetSize of job (KB)
...
006 (28248.042.000) 01/05 20:51:17 Image size of job updated: 70412
	69  -  MemoryUsage of job (MB)
	70412  -  ResidentSetSize of job (KB)
...
006 (28248.042.000) 01/05 20:56:17 Image size of job updated: 70432
	69  -  MemoryUsage of job (MB)
	70432  -  ResidentSetSize of job (KB)
...
006 (28248.042.000) 01/05 21:01:18 Image size of job updated: 70580
	69  -  MemoryUsage of job (MB)
	70580  -  ResidentSetSize of job (KB)
...
006 (28248.042.000) 01/05 21:11:19 Image size of job updated: 70624
	69  -  MemoryUsage of job (MB)
	70624  -  ResidentSetSize of job (KB)
...
006 (28248.042.000) 01/05 21:16:20 Image size of job updated: 70644
	69  -  MemoryUsage of job (MB)
	70644  -  ResidentSetSize of job (KB)
...
006 (28248.042.000) 01/05 21:26:21 Image size of job updated: 70692
	70  -  MemoryUsage of job (MB)
	70692  -  ResidentSetSize of job (KB)
...
006 (28248.042.000) 01/05 21:31:21 Image size of job updated: 70704
	70  -  MemoryUsage of job (MB)
	70704  -  ResidentSetSize of job (KB)
...
006 (28248.042.000) 01/05 21:36:22 Image size of job updated: 70736
	70  -  MemoryUsage of job (MB)
	70736  -  ResidentSetSize of job (KB)
...
006 (28248.042.000) 01/05 21:41:22 Image size of job updated: 70756
	70  -  MemoryUsage of job (MB)
	70756  -  ResidentSetSize of job (KB)
...
006 (28248.042.000) 01/05 21:51:24 Image size of job updated: 70808
	70  -  MemoryUsage of job (MB)
	70808  -  ResidentSetSize of job (KB)
...
006 (28248.042.000) 01/05 21:56:24 Image size of job updated: 70832
	70  -  MemoryUsage of job (MB)
	70832  -  ResidentSetSize of job (KB)
...
006 (28248.042.000) 01/05 22:01:24 Image size of job updated: 70860
	70  -  MemoryUsage of job (MB)
	70860  -  ResidentSetSize of job (KB)
...
006 (28248.042.000) 01/05 22:06:25 Image size of job updated: 70932
	70  -  MemoryUsage of job (MB)
	70932  -  ResidentSetSize of job (KB)
...
006 (28248.042.000) 01/05 22:11:26 Image size of job updated: 71088
	70  -  MemoryUsage of job (MB)
	71088  -  ResidentSetSize of job (KB)
...
006 (28248.042.000) 01/05 22:51:29 Image size of job updated: 71140
	70  -  MemoryUsage of job (MB)
	71140  -  ResidentSetSize of job (KB)
...
006 (28248.042.000) 01/05 22:56:29 Image size of job updated: 71180
	70  -  MemoryUsage of job (MB)
	71180  -  ResidentSetSize of job (KB)
...
006 (28248.042.000) 01/05 23:01:30 Image size of job updated: 71208
	70  -  MemoryUsage of job (MB)
	71208  -  ResidentSetSize of job (KB)
...
006 (28248.042.000) 01/05 23:06:30 Image size of job updated: 71236
	70  -  MemoryUsage of job (MB)
	71236  -  ResidentSetSize of job (KB)
...
006 (28248.042.000) 01/05 23:11:30 Image size of job updated: 71256
	70  -  MemoryUsage of job (MB)
	71256  -  ResidentSetSize of job (KB)
...
006 (28248.042.000) 01/05 23:41:33 Image size of job updated: 71268
	70  -  MemoryUsage of job (MB)
	71268  -  ResidentSetSize of job (KB)
...
006 (28248.042.000) 01/05 23:46:35 Image size of job updated: 71288
	70  -  MemoryUsage of job (MB)
	71288  -  ResidentSetSize of job (KB)
...
006 (28248.042.000) 01/05 23:51:35 Image size of job updated: 71312
	70  -  MemoryUsage of job (MB)
	71312  -  ResidentSetSize of job (KB)
...
006 (28248.042.000) 01/05 23:56:35 Image size of job updated: 71332
	70  -  MemoryUsage of job (MB)
	71332  -  ResidentSetSize of job (KB)
...
006 (28248.042.000) 01/06 00:01:36 Image size of job updated: 71352
	70  -  MemoryUsage of job (MB)
	71352  -  ResidentSetSize of job (KB)
...
006 (28248.042.000) 01/06 00:06:36 Image size of job updated: 71376
	70  -  MemoryUsage of job (MB)
	71376  -  ResidentSetSize of job (KB)
...
006 (28248.042.000) 01/06 00:11:36 Image size of job updated: 71396
	70  -  MemoryUsage of job (MB)
	71396  -  ResidentSetSize of job (KB)
...
006 (28248.042.000) 01/06 00:16:37 Image size of job updated: 71544
	70  -  MemoryUsage of job (MB)
	71544  -  ResidentSetSize of job (KB)
...
006 (28248.042.000) 01/06 00:46:40 Image size of job updated: 71548
	70  -  MemoryUsage of job (MB)
	71548  -  ResidentSetSize of job (KB)
...
006 (28248.042.000) 01/06 00:51:41 Image size of job updated: 71568
	70  -  MemoryUsage of job (MB)
	71568  -  ResidentSetSize of job (KB)
...
006 (28248.042.000) 01/06 00:56:41 Image size of job updated: 71588
	70  -  MemoryUsage of job (MB)
	71588  -  ResidentSetSize of job (KB)
...
006 (28248.042.000) 01/06 01:01:42 Image size of job updated: 71612
	70  -  MemoryUsage of job (MB)
	71612  -  ResidentSetSize of job (KB)
...
006 (28248.042.000) 01/06 01:06:43 Image size of job updated: 71632
	70  -  MemoryUsage of job (MB)
	71632  -  ResidentSetSize of job (KB)
...
006 (28248.042.000) 01/06 01:11:43 Image size of job updated: 71652
	70  -  MemoryUsage of job (MB)
	71652  -  ResidentSetSize of job (KB)
...
006 (28248.042.000) 01/06 01:16:43 Image size of job updated: 71672
	70  -  MemoryUsage of job (MB)
	71672  -  ResidentSetSize of job (KB)
...
006 (28248.042.000) 01/06 01:21:44 Image size of job updated: 71696
	71  -  MemoryUsage of job (MB)
	71696  -  ResidentSetSize of job (KB)
...
006 (28248.042.000) 01/06 01:26:44 Image size of job updated: 71840
	71  -  MemoryUsage of job (MB)
	71840  -  ResidentSetSize of job (KB)
...
005 (28248.042.000) 01/06 01:43:32 Job terminated.
	(1) Normal termination (return value 0)
		Usr 0 08:12:20, Sys 0 00:00:05  -  Run Remote Usage
		Usr 0 00:00:00, Sys 0 00:00:00  -  Run Local Usage
		Usr 0 08:12:20, Sys 0 00:00:05  -  Total Remote Usage
		Usr 0 00:00:00, Sys 0 00:00:00  -  Total Local Usage
	0  -  Run Bytes Sent By Job
	0  -  Run Bytes Received By Job
	0  -  Total Bytes Sent By Job
	0  -  Total Bytes Received By Job
	Partitionable Resources :    Usage  Request Allocated 
	   Cpus                 :     0.94        1         1 
	   Disk (KB)            :     1           1    254050 
	   Memory (MB)          :    71           1      1005 
...
000 (28271.042.000) 01/06 15:26:51 Job submitted from host: <172.16.11.200:9618?addrs=172.16.11.200-9618&noUDP&sock=14877_46f2_4>
...
009 (28271.042.000) 01/06 15:47:45 Job was aborted by the user.
	via condor_rm (by user zhangliang)
...
