000 (28203.090.000) 12/31 10:12:06 Job submitted from host: <172.16.11.200:9618?addrs=172.16.11.200-9618&noUDP&sock=14877_46f2_4>
...
001 (28203.090.000) 12/31 10:12:20 Job executing on host: <172.16.11.231:9618?addrs=172.16.11.231-9618&noUDP&sock=startd_22895_f54e_4>
...
006 (28203.090.000) 12/31 10:12:29 Image size of job updated: 35116
	35  -  MemoryUsage of job (MB)
	35116  -  ResidentSetSize of job (KB)
...
006 (28203.090.000) 12/31 10:32:31 Image size of job updated: 35228
	35  -  MemoryUsage of job (MB)
	35228  -  ResidentSetSize of job (KB)
...
006 (28203.090.000) 12/31 13:14:29 Image size of job updated: 310160
	35  -  MemoryUsage of job (MB)
	35228  -  ResidentSetSize of job (KB)
...
004 (28203.090.000) 12/31 13:14:29 Job was evicted.
	(0) CPU times
		Usr 0 03:02:07, Sys 0 00:00:00  -  Run Remote Usage
		Usr 0 00:00:00, Sys 0 00:00:00  -  Run Local Usage
	0  -  Run Bytes Sent By Job
	0  -  Run Bytes Received By Job
	Partitionable Resources :    Usage  Request Allocated 
	   Cpus                 :     1.00        1         1 
	   Disk (KB)            :     1           1    241059 
	   Memory (MB)          :    35           1      2008 
...
009 (28203.090.000) 12/31 13:14:29 Job was aborted by the user.
	via condor_rm (by user zhangliang)
...
000 (28206.090.000) 12/31 14:09:35 Job submitted from host: <172.16.11.200:9618?addrs=172.16.11.200-9618&noUDP&sock=14877_46f2_4>
...
001 (28206.090.000) 01/01 14:16:49 Job executing on host: <172.16.11.231:9618?addrs=172.16.11.231-9618&noUDP&sock=startd_22895_f54e_4>
...
006 (28206.090.000) 01/01 14:16:57 Image size of job updated: 34932
	35  -  MemoryUsage of job (MB)
	34932  -  ResidentSetSize of job (KB)
...
006 (28206.090.000) 01/01 15:12:02 Image size of job updated: 35064
	35  -  MemoryUsage of job (MB)
	35064  -  ResidentSetSize of job (KB)
...
005 (28206.090.000) 01/02 09:23:37 Job terminated.
	(1) Normal termination (return value 0)
		Usr 0 19:05:45, Sys 0 00:00:02  -  Run Remote Usage
		Usr 0 00:00:00, Sys 0 00:00:00  -  Run Local Usage
		Usr 0 19:05:45, Sys 0 00:00:02  -  Total Remote Usage
		Usr 0 00:00:00, Sys 0 00:00:00  -  Total Local Usage
	0  -  Run Bytes Sent By Job
	0  -  Run Bytes Received By Job
	0  -  Total Bytes Sent By Job
	0  -  Total Bytes Received By Job
	Partitionable Resources :    Usage  Request Allocated 
	   Cpus                 :     1.00        1         1 
	   Disk (KB)            :     1           1    241059 
	   Memory (MB)          :    35           1      2008 
...
000 (28248.090.000) 01/05 15:45:56 Job submitted from host: <172.16.11.200:9618?addrs=172.16.11.200-9618&noUDP&sock=14877_46f2_4>
...
001 (28248.090.000) 01/05 17:57:34 Job executing on host: <172.16.11.231:9618?addrs=172.16.11.231-9618&noUDP&sock=startd_22895_f54e_4>
...
006 (28248.090.000) 01/05 17:57:42 Image size of job updated: 41092
	35  -  MemoryUsage of job (MB)
	35284  -  ResidentSetSize of job (KB)
...
006 (28248.090.000) 01/05 18:02:42 Image size of job updated: 41752
	35  -  MemoryUsage of job (MB)
	35284  -  ResidentSetSize of job (KB)
...
006 (28248.090.000) 01/05 18:22:46 Image size of job updated: 41884
	35  -  MemoryUsage of job (MB)
	35284  -  ResidentSetSize of job (KB)
...
006 (28248.090.000) 01/05 18:27:46 Image size of job updated: 42016
	35  -  MemoryUsage of job (MB)
	35284  -  ResidentSetSize of job (KB)
...
006 (28248.090.000) 01/05 18:47:48 Image size of job updated: 42148
	35  -  MemoryUsage of job (MB)
	35284  -  ResidentSetSize of job (KB)
...
006 (28248.090.000) 01/05 19:37:53 Image size of job updated: 42280
	35  -  MemoryUsage of job (MB)
	35284  -  ResidentSetSize of job (KB)
...
006 (28248.090.000) 01/05 20:37:59 Image size of job updated: 42544
	35  -  MemoryUsage of job (MB)
	35284  -  ResidentSetSize of job (KB)
...
006 (28248.090.000) 01/05 21:03:02 Image size of job updated: 42676
	35  -  MemoryUsage of job (MB)
	35284  -  ResidentSetSize of job (KB)
...
006 (28248.090.000) 01/05 21:08:02 Image size of job updated: 42808
	35  -  MemoryUsage of job (MB)
	35284  -  ResidentSetSize of job (KB)
...
006 (28248.090.000) 01/05 21:18:03 Image size of job updated: 42940
	35  -  MemoryUsage of job (MB)
	35284  -  ResidentSetSize of job (KB)
...
006 (28248.090.000) 01/05 21:23:04 Image size of job updated: 43072
	35  -  MemoryUsage of job (MB)
	35284  -  ResidentSetSize of job (KB)
...
006 (28248.090.000) 01/05 21:28:04 Image size of job updated: 43204
	35  -  MemoryUsage of job (MB)
	35284  -  ResidentSetSize of job (KB)
...
006 (28248.090.000) 01/05 21:38:06 Image size of job updated: 43336
	35  -  MemoryUsage of job (MB)
	35284  -  ResidentSetSize of job (KB)
...
006 (28248.090.000) 01/05 22:13:10 Image size of job updated: 43600
	35  -  MemoryUsage of job (MB)
	35284  -  ResidentSetSize of job (KB)
...
006 (28248.090.000) 01/05 22:33:13 Image size of job updated: 43732
	35  -  MemoryUsage of job (MB)
	35284  -  ResidentSetSize of job (KB)
...
006 (28248.090.000) 01/05 22:48:14 Image size of job updated: 44128
	35  -  MemoryUsage of job (MB)
	35284  -  ResidentSetSize of job (KB)
...
006 (28248.090.000) 01/05 22:58:16 Image size of job updated: 44392
	35  -  MemoryUsage of job (MB)
	35284  -  ResidentSetSize of job (KB)
...
006 (28248.090.000) 01/05 23:13:17 Image size of job updated: 44524
	35  -  MemoryUsage of job (MB)
	35284  -  ResidentSetSize of job (KB)
...
006 (28248.090.000) 01/05 23:18:18 Image size of job updated: 44920
	35  -  MemoryUsage of job (MB)
	35284  -  ResidentSetSize of job (KB)
...
006 (28248.090.000) 01/05 23:28:18 Image size of job updated: 45052
	35  -  MemoryUsage of job (MB)
	35284  -  ResidentSetSize of job (KB)
...
006 (28248.090.000) 01/05 23:33:19 Image size of job updated: 45184
	35  -  MemoryUsage of job (MB)
	35284  -  ResidentSetSize of job (KB)
...
006 (28248.090.000) 01/05 23:38:19 Image size of job updated: 46636
	35  -  MemoryUsage of job (MB)
	35284  -  ResidentSetSize of job (KB)
...
006 (28248.090.000) 01/05 23:43:19 Image size of job updated: 47428
	35  -  MemoryUsage of job (MB)
	35284  -  ResidentSetSize of job (KB)
...
006 (28248.090.000) 01/05 23:48:20 Image size of job updated: 48220
	35  -  MemoryUsage of job (MB)
	35284  -  ResidentSetSize of job (KB)
...
006 (28248.090.000) 01/05 23:53:21 Image size of job updated: 48880
	35  -  MemoryUsage of job (MB)
	35284  -  ResidentSetSize of job (KB)
...
006 (28248.090.000) 01/05 23:58:21 Image size of job updated: 49144
	35  -  MemoryUsage of job (MB)
	35284  -  ResidentSetSize of job (KB)
...
006 (28248.090.000) 01/06 00:08:22 Image size of job updated: 49408
	35  -  MemoryUsage of job (MB)
	35284  -  ResidentSetSize of job (KB)
...
005 (28248.090.000) 01/06 03:24:38 Job terminated.
	(1) Normal termination (return value 0)
		Usr 0 09:20:12, Sys 0 00:00:24  -  Run Remote Usage
		Usr 0 00:00:00, Sys 0 00:00:00  -  Run Local Usage
		Usr 0 09:20:12, Sys 0 00:00:24  -  Total Remote Usage
		Usr 0 00:00:00, Sys 0 00:00:00  -  Total Local Usage
	0  -  Run Bytes Sent By Job
	0  -  Run Bytes Received By Job
	0  -  Total Bytes Sent By Job
	0  -  Total Bytes Received By Job
	Partitionable Resources :    Usage  Request Allocated 
	   Cpus                 :     1.00        1         1 
	   Disk (KB)            :     1           1    241059 
	   Memory (MB)          :    35           1      2008 
...
000 (28271.090.000) 01/06 15:26:51 Job submitted from host: <172.16.11.200:9618?addrs=172.16.11.200-9618&noUDP&sock=14877_46f2_4>
...
009 (28271.090.000) 01/06 15:47:45 Job was aborted by the user.
	via condor_rm (by user zhangliang)
...
000 (29325.090.000) 01/22 22:42:18 Job submitted from host: <172.16.11.200:9618?addrs=172.16.11.200-9618&noUDP&sock=14877_46f2_4>
...
001 (29325.090.000) 01/23 04:40:36 Job executing on host: <172.16.11.232:9618?addrs=172.16.11.232-9618&alias=pc-farm2&noUDP&sock=startd_4986_dfb4_4>
...
006 (29325.090.000) 01/23 04:40:45 Image size of job updated: 35736
	35  -  MemoryUsage of job (MB)
	35736  -  ResidentSetSize of job (KB)
...
006 (29325.090.000) 01/23 05:45:51 Image size of job updated: 35872
	36  -  MemoryUsage of job (MB)
	35872  -  ResidentSetSize of job (KB)
...
005 (29325.090.000) 01/23 17:27:43 Job terminated.
	(1) Normal termination (return value 0)
		Usr 0 12:47:01, Sys 0 00:00:02  -  Run Remote Usage
		Usr 0 00:00:00, Sys 0 00:00:00  -  Run Local Usage
		Usr 0 12:47:01, Sys 0 00:00:02  -  Total Remote Usage
		Usr 0 00:00:00, Sys 0 00:00:00  -  Total Local Usage
	0  -  Run Bytes Sent By Job
	0  -  Run Bytes Received By Job
	0  -  Total Bytes Sent By Job
	0  -  Total Bytes Received By Job
	Partitionable Resources :    Usage  Request Allocated 
	   Cpus                 :     1.00        1         1 
	   Disk (KB)            :     1           1    245927 
	   Memory (MB)          :    36           1      1005 
...
000 (29520.090.000) 01/25 22:31:42 Job submitted from host: <172.16.11.200:9618?addrs=172.16.11.200-9618&noUDP&sock=14877_46f2_4>
...
001 (29520.090.000) 01/25 23:39:15 Job executing on host: <172.16.11.231:9618?addrs=172.16.11.231-9618&noUDP&sock=startd_22895_f54e_4>
...
006 (29520.090.000) 01/25 23:39:25 Image size of job updated: 35964
	36  -  MemoryUsage of job (MB)
	35964  -  ResidentSetSize of job (KB)
...
006 (29520.090.000) 01/26 04:49:58 Image size of job updated: 36068
	36  -  MemoryUsage of job (MB)
	36068  -  ResidentSetSize of job (KB)
...
006 (29520.090.000) 01/26 14:06:27 Image size of job updated: 311100
	36  -  MemoryUsage of job (MB)
	36068  -  ResidentSetSize of job (KB)
...
004 (29520.090.000) 01/26 14:06:27 Job was evicted.
	(0) CPU times
		Usr 0 14:14:06, Sys 0 00:00:09  -  Run Remote Usage
		Usr 0 00:00:00, Sys 0 00:00:00  -  Run Local Usage
	0  -  Run Bytes Sent By Job
	0  -  Run Bytes Received By Job
	Partitionable Resources :    Usage  Request Allocated 
	   Cpus                 :     1.00        1         1 
	   Disk (KB)            :     1           1    241059 
	   Memory (MB)          :    36           1      2008 
...
009 (29520.090.000) 01/26 14:06:28 Job was aborted by the user.
	via condor_rm (by user zhangliang)
...
000 (29539.090.000) 01/26 14:07:21 Job submitted from host: <172.16.11.200:9618?addrs=172.16.11.200-9618&noUDP&sock=14877_46f2_4>
...
001 (29539.090.000) 01/27 08:43:11 Job executing on host: <172.16.11.232:9618?addrs=172.16.11.232-9618&alias=pc-farm2&noUDP&sock=startd_4986_dfb4_4>
...
006 (29539.090.000) 01/27 08:43:20 Image size of job updated: 35800
	35  -  MemoryUsage of job (MB)
	35800  -  ResidentSetSize of job (KB)
...
006 (29539.090.000) 01/27 09:33:26 Image size of job updated: 35964
	36  -  MemoryUsage of job (MB)
	35964  -  ResidentSetSize of job (KB)
...
006 (29539.090.000) 01/27 09:49:15 Image size of job updated: 424396
	36  -  MemoryUsage of job (MB)
	35964  -  ResidentSetSize of job (KB)
...
004 (29539.090.000) 01/27 09:49:15 Job was evicted.
	(0) CPU times
		Usr 0 01:06:02, Sys 0 00:00:00  -  Run Remote Usage
		Usr 0 00:00:00, Sys 0 00:00:00  -  Run Local Usage
	0  -  Run Bytes Sent By Job
	0  -  Run Bytes Received By Job
	Partitionable Resources :    Usage  Request Allocated 
	   Cpus                 :     1.00        1         1 
	   Disk (KB)            :     1           1    245927 
	   Memory (MB)          :    36           1      1005 
...
009 (29539.090.000) 01/27 09:49:15 Job was aborted by the user.
	via condor_rm (by user zhangliang)
...
000 (29554.090.000) 01/27 10:11:07 Job submitted from host: <172.16.11.200:9618?addrs=172.16.11.200-9618&noUDP&sock=14877_46f2_4>
...
001 (29554.090.000) 01/27 15:22:27 Job executing on host: <172.16.11.232:9618?addrs=172.16.11.232-9618&alias=pc-farm2&noUDP&sock=startd_4986_dfb4_4>
...
006 (29554.090.000) 01/27 15:22:36 Image size of job updated: 35776
	35  -  MemoryUsage of job (MB)
	35776  -  ResidentSetSize of job (KB)
...
006 (29554.090.000) 01/27 16:07:40 Image size of job updated: 35956
	36  -  MemoryUsage of job (MB)
	35956  -  ResidentSetSize of job (KB)
...
005 (29554.090.000) 01/27 18:55:42 Job terminated.
	(1) Normal termination (return value 0)
		Usr 0 03:33:12, Sys 0 00:00:01  -  Run Remote Usage
		Usr 0 00:00:00, Sys 0 00:00:00  -  Run Local Usage
		Usr 0 03:33:12, Sys 0 00:00:01  -  Total Remote Usage
		Usr 0 00:00:00, Sys 0 00:00:00  -  Total Local Usage
	0  -  Run Bytes Sent By Job
	0  -  Run Bytes Received By Job
	0  -  Total Bytes Sent By Job
	0  -  Total Bytes Received By Job
	Partitionable Resources :    Usage  Request Allocated 
	   Cpus                 :     1.00        1         1 
	   Disk (KB)            :     1           1    245927 
	   Memory (MB)          :    36           1      1005 
...
000 (29604.090.000) 01/27 21:59:06 Job submitted from host: <172.16.11.200:9618?addrs=172.16.11.200-9618&noUDP&sock=14877_46f2_4>
...
001 (29604.090.000) 01/28 09:46:12 Job executing on host: <172.16.11.231:9618?addrs=172.16.11.231-9618&noUDP&sock=startd_22895_f54e_4>
...
006 (29604.090.000) 01/28 09:46:20 Image size of job updated: 36416
	36  -  MemoryUsage of job (MB)
	36416  -  ResidentSetSize of job (KB)
...
005 (29604.090.000) 01/28 14:48:20 Job terminated.
	(1) Normal termination (return value 0)
		Usr 0 04:59:50, Sys 0 00:00:32  -  Run Remote Usage
		Usr 0 00:00:00, Sys 0 00:00:00  -  Run Local Usage
		Usr 0 04:59:50, Sys 0 00:00:32  -  Total Remote Usage
		Usr 0 00:00:00, Sys 0 00:00:00  -  Total Local Usage
	0  -  Run Bytes Sent By Job
	0  -  Run Bytes Received By Job
	0  -  Total Bytes Sent By Job
	0  -  Total Bytes Received By Job
	Partitionable Resources :    Usage  Request Allocated 
	   Cpus                 :     1.00        1         1 
	   Disk (KB)            :     1           1    241059 
	   Memory (MB)          :    36           1      2008 
...
000 (29616.090.000) 01/28 14:59:33 Job submitted from host: <172.16.11.200:9618?addrs=172.16.11.200-9618&noUDP&sock=14877_46f2_4>
...
009 (29616.090.000) 01/28 15:00:13 Job was aborted by the user.
	via condor_rm (by user zhangliang)
...
000 (29617.090.000) 01/28 15:01:04 Job submitted from host: <172.16.11.200:9618?addrs=172.16.11.200-9618&noUDP&sock=14877_46f2_4>
...
001 (29617.090.000) 01/28 15:03:21 Job executing on host: <172.16.11.233:9618?addrs=172.16.11.233-9618&alias=pc-farm3&noUDP&sock=startd_4556_edfa>
...
006 (29617.090.000) 01/28 15:03:30 Image size of job updated: 40448
	40  -  MemoryUsage of job (MB)
	40448  -  ResidentSetSize of job (KB)
...
006 (29617.090.000) 01/28 15:48:35 Image size of job updated: 40564
	40  -  MemoryUsage of job (MB)
	40564  -  ResidentSetSize of job (KB)
...
005 (29617.090.000) 01/28 16:15:41 Job terminated.
	(1) Normal termination (return value 0)
		Usr 0 01:12:19, Sys 0 00:00:00  -  Run Remote Usage
		Usr 0 00:00:00, Sys 0 00:00:00  -  Run Local Usage
		Usr 0 01:12:19, Sys 0 00:00:00  -  Total Remote Usage
		Usr 0 00:00:00, Sys 0 00:00:00  -  Total Local Usage
	0  -  Run Bytes Sent By Job
	0  -  Run Bytes Received By Job
	0  -  Total Bytes Sent By Job
	0  -  Total Bytes Received By Job
	Partitionable Resources :    Usage  Request Allocated 
	   Cpus                 :     1.00        1         1 
	   Disk (KB)            :     1           1    254050 
	   Memory (MB)          :    40           1      1005 
...
000 (29696.090.000) 01/30 20:13:16 Job submitted from host: <172.16.11.200:9618?addrs=172.16.11.200-9618&noUDP&sock=14877_46f2_4>
...
001 (29696.090.000) 01/30 21:46:04 Job executing on host: <172.16.11.233:9618?addrs=172.16.11.233-9618&alias=pc-farm3&noUDP&sock=startd_4556_edfa>
...
006 (29696.090.000) 01/30 21:46:13 Image size of job updated: 41288
	41  -  MemoryUsage of job (MB)
	41288  -  ResidentSetSize of job (KB)
...
005 (29696.090.000) 01/30 23:19:21 Job terminated.
	(1) Normal termination (return value 0)
		Usr 0 01:32:33, Sys 0 00:00:08  -  Run Remote Usage
		Usr 0 00:00:00, Sys 0 00:00:00  -  Run Local Usage
		Usr 0 01:32:33, Sys 0 00:00:08  -  Total Remote Usage
		Usr 0 00:00:00, Sys 0 00:00:00  -  Total Local Usage
	0  -  Run Bytes Sent By Job
	0  -  Run Bytes Received By Job
	0  -  Total Bytes Sent By Job
	0  -  Total Bytes Received By Job
	Partitionable Resources :    Usage  Request Allocated 
	   Cpus                 :     0.99        1         1 
	   Disk (KB)            :     1           1    254050 
	   Memory (MB)          :    41           1      1005 
...
000 (29706.090.000) 01/31 10:47:04 Job submitted from host: <172.16.11.200:9618?addrs=172.16.11.200-9618&noUDP&sock=14877_46f2_4>
...
001 (29706.090.000) 01/31 11:06:06 Job executing on host: <172.16.11.232:9618?addrs=172.16.11.232-9618&alias=pc-farm2&noUDP&sock=startd_4986_dfb4_4>
...
006 (29706.090.000) 01/31 11:06:15 Image size of job updated: 49704
	49  -  MemoryUsage of job (MB)
	49704  -  ResidentSetSize of job (KB)
...
006 (29706.090.000) 01/31 12:31:24 Image size of job updated: 49768
	49  -  MemoryUsage of job (MB)
	49768  -  ResidentSetSize of job (KB)
...
005 (29706.090.000) 01/31 12:37:56 Job terminated.
	(1) Normal termination (return value 0)
		Usr 0 01:31:14, Sys 0 00:00:05  -  Run Remote Usage
		Usr 0 00:00:00, Sys 0 00:00:00  -  Run Local Usage
		Usr 0 01:31:14, Sys 0 00:00:05  -  Total Remote Usage
		Usr 0 00:00:00, Sys 0 00:00:00  -  Total Local Usage
	0  -  Run Bytes Sent By Job
	0  -  Run Bytes Received By Job
	0  -  Total Bytes Sent By Job
	0  -  Total Bytes Received By Job
	Partitionable Resources :    Usage  Request Allocated 
	   Cpus                 :     0.99        1         1 
	   Disk (KB)            :     1           1    245927 
	   Memory (MB)          :    49           1      1005 
...
000 (29707.090.000) 01/31 14:36:19 Job submitted from host: <172.16.11.200:9618?addrs=172.16.11.200-9618&noUDP&sock=14877_46f2_4>
...
009 (29707.090.000) 01/31 16:16:03 Job was aborted by the user.
	via condor_rm (by user zhangliang)
...
000 (29725.090.000) 01/31 16:16:10 Job submitted from host: <172.16.11.200:9618?addrs=172.16.11.200-9618&noUDP&sock=14877_46f2_4>
...
001 (29725.090.000) 01/31 19:27:36 Job executing on host: <172.16.11.234:9618?addrs=172.16.11.234-9618&alias=pc-farm4&noUDP&sock=startd_5195_3aff>
...
006 (29725.090.000) 01/31 19:27:45 Image size of job updated: 437416
	49  -  MemoryUsage of job (MB)
	49720  -  ResidentSetSize of job (KB)
...
006 (29725.090.000) 01/31 19:37:45 Image size of job updated: 438196
	49  -  MemoryUsage of job (MB)
	49724  -  ResidentSetSize of job (KB)
...
004 (29725.090.000) 01/31 21:11:59 Job was evicted.
	(0) CPU times
		Usr 0 01:44:21, Sys 0 00:00:00  -  Run Remote Usage
		Usr 0 00:00:00, Sys 0 00:00:00  -  Run Local Usage
	0  -  Run Bytes Sent By Job
	0  -  Run Bytes Received By Job
	Partitionable Resources :    Usage  Request Allocated 
	   Cpus                 :     1.00        1         1 
	   Disk (KB)            :     1           1    255907 
	   Memory (MB)          :    49           1       999 
...
009 (29725.090.000) 01/31 21:11:59 Job was aborted by the user.
	via condor_rm (by user zhangliang)
...
