000 (28203.093.000) 12/31 10:12:06 Job submitted from host: <172.16.11.200:9618?addrs=172.16.11.200-9618&noUDP&sock=14877_46f2_4>
...
001 (28203.093.000) 12/31 10:12:21 Job executing on host: <172.16.11.231:9618?addrs=172.16.11.231-9618&noUDP&sock=startd_22895_f54e_4>
...
006 (28203.093.000) 12/31 10:12:30 Image size of job updated: 35244
	35  -  MemoryUsage of job (MB)
	35244  -  ResidentSetSize of job (KB)
...
006 (28203.093.000) 12/31 10:32:32 Image size of job updated: 35360
	35  -  MemoryUsage of job (MB)
	35360  -  ResidentSetSize of job (KB)
...
004 (28203.093.000) 12/31 13:14:29 Job was evicted.
	(0) CPU times
		Usr 0 03:01:50, Sys 0 00:00:16  -  Run Remote Usage
		Usr 0 00:00:00, Sys 0 00:00:00  -  Run Local Usage
	0  -  Run Bytes Sent By Job
	0  -  Run Bytes Received By Job
	Partitionable Resources :    Usage  Request Allocated 
	   Cpus                 :     1.00        1         1 
	   Disk (KB)            :     1           1    241059 
	   Memory (MB)          :    35           1      2008 
...
009 (28203.093.000) 12/31 13:14:29 Job was aborted by the user.
	via condor_rm (by user zhangliang)
...
000 (28206.093.000) 12/31 14:09:35 Job submitted from host: <172.16.11.200:9618?addrs=172.16.11.200-9618&noUDP&sock=14877_46f2_4>
...
001 (28206.093.000) 01/01 14:19:49 Job executing on host: <172.16.11.231:9618?addrs=172.16.11.231-9618&noUDP&sock=startd_22895_f54e_4>
...
006 (28206.093.000) 01/01 14:19:58 Image size of job updated: 34968
	35  -  MemoryUsage of job (MB)
	34968  -  ResidentSetSize of job (KB)
...
006 (28206.093.000) 01/01 15:10:03 Image size of job updated: 35936
	36  -  MemoryUsage of job (MB)
	35936  -  ResidentSetSize of job (KB)
...
006 (28206.093.000) 01/02 09:46:54 Image size of job updated: 423324
	36  -  MemoryUsage of job (MB)
	35936  -  ResidentSetSize of job (KB)
...
005 (28206.093.000) 01/02 09:46:54 Job terminated.
	(1) Normal termination (return value 0)
		Usr 0 19:26:34, Sys 0 00:00:02  -  Run Remote Usage
		Usr 0 00:00:00, Sys 0 00:00:00  -  Run Local Usage
		Usr 0 19:26:34, Sys 0 00:00:02  -  Total Remote Usage
		Usr 0 00:00:00, Sys 0 00:00:00  -  Total Local Usage
	0  -  Run Bytes Sent By Job
	0  -  Run Bytes Received By Job
	0  -  Total Bytes Sent By Job
	0  -  Total Bytes Received By Job
	Partitionable Resources :    Usage  Request Allocated 
	   Cpus                 :     1.00        1         1 
	   Disk (KB)            :     1           1    241059 
	   Memory (MB)          :    36           1      2008 
...
000 (28248.093.000) 01/05 15:45:56 Job submitted from host: <172.16.11.200:9618?addrs=172.16.11.200-9618&noUDP&sock=14877_46f2_4>
...
001 (28248.093.000) 01/05 17:58:35 Job executing on host: <172.16.11.231:9618?addrs=172.16.11.231-9618&noUDP&sock=startd_22895_f54e_4>
...
006 (28248.093.000) 01/05 17:58:43 Image size of job updated: 35096
	35  -  MemoryUsage of job (MB)
	35096  -  ResidentSetSize of job (KB)
...
006 (28248.093.000) 01/05 23:29:17 Image size of job updated: 35228
	35  -  MemoryUsage of job (MB)
	35096  -  ResidentSetSize of job (KB)
...
006 (28248.093.000) 01/05 23:34:17 Image size of job updated: 35360
	35  -  MemoryUsage of job (MB)
	35096  -  ResidentSetSize of job (KB)
...
006 (28248.093.000) 01/05 23:39:19 Image size of job updated: 35624
	35  -  MemoryUsage of job (MB)
	35096  -  ResidentSetSize of job (KB)
...
006 (28248.093.000) 01/05 23:44:19 Image size of job updated: 35888
	35  -  MemoryUsage of job (MB)
	35096  -  ResidentSetSize of job (KB)
...
006 (28248.093.000) 01/05 23:49:19 Image size of job updated: 36152
	35  -  MemoryUsage of job (MB)
	35096  -  ResidentSetSize of job (KB)
...
006 (28248.093.000) 01/05 23:54:20 Image size of job updated: 36416
	35  -  MemoryUsage of job (MB)
	35096  -  ResidentSetSize of job (KB)
...
006 (28248.093.000) 01/05 23:59:21 Image size of job updated: 36680
	35  -  MemoryUsage of job (MB)
	35096  -  ResidentSetSize of job (KB)
...
006 (28248.093.000) 01/06 00:09:22 Image size of job updated: 37208
	35  -  MemoryUsage of job (MB)
	35096  -  ResidentSetSize of job (KB)
...
006 (28248.093.000) 01/06 00:59:28 Image size of job updated: 37340
	35  -  MemoryUsage of job (MB)
	35096  -  ResidentSetSize of job (KB)
...
006 (28248.093.000) 01/06 01:49:33 Image size of job updated: 37604
	35  -  MemoryUsage of job (MB)
	35096  -  ResidentSetSize of job (KB)
...
006 (28248.093.000) 01/06 01:54:33 Image size of job updated: 37736
	35  -  MemoryUsage of job (MB)
	35096  -  ResidentSetSize of job (KB)
...
006 (28248.093.000) 01/06 02:19:37 Image size of job updated: 37868
	35  -  MemoryUsage of job (MB)
	35096  -  ResidentSetSize of job (KB)
...
006 (28248.093.000) 01/06 02:39:38 Image size of job updated: 38132
	35  -  MemoryUsage of job (MB)
	35096  -  ResidentSetSize of job (KB)
...
006 (28248.093.000) 01/06 02:44:38 Image size of job updated: 38264
	35  -  MemoryUsage of job (MB)
	35096  -  ResidentSetSize of job (KB)
...
005 (28248.093.000) 01/06 02:58:09 Job terminated.
	(1) Normal termination (return value 0)
		Usr 0 08:58:31, Sys 0 00:00:02  -  Run Remote Usage
		Usr 0 00:00:00, Sys 0 00:00:00  -  Run Local Usage
		Usr 0 08:58:31, Sys 0 00:00:02  -  Total Remote Usage
		Usr 0 00:00:00, Sys 0 00:00:00  -  Total Local Usage
	0  -  Run Bytes Sent By Job
	0  -  Run Bytes Received By Job
	0  -  Total Bytes Sent By Job
	0  -  Total Bytes Received By Job
	Partitionable Resources :    Usage  Request Allocated 
	   Cpus                 :     1.00        1         1 
	   Disk (KB)            :     1           1    241059 
	   Memory (MB)          :    35           1      2008 
...
000 (28271.093.000) 01/06 15:26:51 Job submitted from host: <172.16.11.200:9618?addrs=172.16.11.200-9618&noUDP&sock=14877_46f2_4>
...
009 (28271.093.000) 01/06 15:47:45 Job was aborted by the user.
	via condor_rm (by user zhangliang)
...
000 (29325.093.000) 01/22 22:42:19 Job submitted from host: <172.16.11.200:9618?addrs=172.16.11.200-9618&noUDP&sock=14877_46f2_4>
...
001 (29325.093.000) 01/23 04:40:36 Job executing on host: <172.16.11.231:9618?addrs=172.16.11.231-9618&noUDP&sock=startd_22895_f54e_4>
...
006 (29325.093.000) 01/23 04:40:44 Image size of job updated: 35560
	35  -  MemoryUsage of job (MB)
	35560  -  ResidentSetSize of job (KB)
...
006 (29325.093.000) 01/23 05:55:53 Image size of job updated: 35664
	35  -  MemoryUsage of job (MB)
	35664  -  ResidentSetSize of job (KB)
...
005 (29325.093.000) 01/23 18:06:35 Job terminated.
	(1) Normal termination (return value 0)
		Usr 0 13:25:53, Sys 0 00:00:02  -  Run Remote Usage
		Usr 0 00:00:00, Sys 0 00:00:00  -  Run Local Usage
		Usr 0 13:25:53, Sys 0 00:00:02  -  Total Remote Usage
		Usr 0 00:00:00, Sys 0 00:00:00  -  Total Local Usage
	0  -  Run Bytes Sent By Job
	0  -  Run Bytes Received By Job
	0  -  Total Bytes Sent By Job
	0  -  Total Bytes Received By Job
	Partitionable Resources :    Usage  Request Allocated 
	   Cpus                 :     1.00        1         1 
	   Disk (KB)            :     1           1    241059 
	   Memory (MB)          :    35           1      2008 
...
000 (29520.093.000) 01/25 22:31:42 Job submitted from host: <172.16.11.200:9618?addrs=172.16.11.200-9618&noUDP&sock=14877_46f2_4>
...
001 (29520.093.000) 01/25 23:40:17 Job executing on host: <172.16.11.232:9618?addrs=172.16.11.232-9618&alias=pc-farm2&noUDP&sock=startd_4986_dfb4_4>
...
006 (29520.093.000) 01/25 23:40:26 Image size of job updated: 35852
	36  -  MemoryUsage of job (MB)
	35852  -  ResidentSetSize of job (KB)
...
006 (29520.093.000) 01/26 00:40:32 Image size of job updated: 35984
	36  -  MemoryUsage of job (MB)
	35984  -  ResidentSetSize of job (KB)
...
006 (29520.093.000) 01/26 14:06:27 Image size of job updated: 311124
	36  -  MemoryUsage of job (MB)
	35984  -  ResidentSetSize of job (KB)
...
004 (29520.093.000) 01/26 14:06:27 Job was evicted.
	(0) CPU times
		Usr 0 14:18:14, Sys 0 00:00:03  -  Run Remote Usage
		Usr 0 00:00:00, Sys 0 00:00:00  -  Run Local Usage
	0  -  Run Bytes Sent By Job
	0  -  Run Bytes Received By Job
	Partitionable Resources :    Usage  Request Allocated 
	   Cpus                 :     1.00        1         1 
	   Disk (KB)            :     1           1    245927 
	   Memory (MB)          :    36           1      1005 
...
009 (29520.093.000) 01/26 14:06:28 Job was aborted by the user.
	via condor_rm (by user zhangliang)
...
000 (29539.093.000) 01/26 14:07:21 Job submitted from host: <172.16.11.200:9618?addrs=172.16.11.200-9618&noUDP&sock=14877_46f2_4>
...
001 (29539.093.000) 01/27 08:43:10 Job executing on host: <172.16.11.231:9618?addrs=172.16.11.231-9618&noUDP&sock=startd_22895_f54e_4>
...
006 (29539.093.000) 01/27 08:43:19 Image size of job updated: 35884
	36  -  MemoryUsage of job (MB)
	35884  -  ResidentSetSize of job (KB)
...
006 (29539.093.000) 01/27 09:49:16 Image size of job updated: 311100
	36  -  MemoryUsage of job (MB)
	35884  -  ResidentSetSize of job (KB)
...
004 (29539.093.000) 01/27 09:49:16 Job was evicted.
	(0) CPU times
		Usr 0 01:06:04, Sys 0 00:00:00  -  Run Remote Usage
		Usr 0 00:00:00, Sys 0 00:00:00  -  Run Local Usage
	0  -  Run Bytes Sent By Job
	0  -  Run Bytes Received By Job
	Partitionable Resources :    Usage  Request Allocated 
	   Cpus                 :     1.00        1         1 
	   Disk (KB)            :     1           1    241059 
	   Memory (MB)          :    36           1      2008 
...
009 (29539.093.000) 01/27 09:49:17 Job was aborted by the user.
	via condor_rm (by user zhangliang)
...
000 (29554.093.000) 01/27 10:11:07 Job submitted from host: <172.16.11.200:9618?addrs=172.16.11.200-9618&noUDP&sock=14877_46f2_4>
...
001 (29554.093.000) 01/27 15:22:27 Job executing on host: <172.16.11.231:9618?addrs=172.16.11.231-9618&noUDP&sock=startd_22895_f54e_4>
...
006 (29554.093.000) 01/27 15:22:36 Image size of job updated: 35856
	36  -  MemoryUsage of job (MB)
	35856  -  ResidentSetSize of job (KB)
...
006 (29554.093.000) 01/27 16:07:43 Image size of job updated: 36008
	36  -  MemoryUsage of job (MB)
	36008  -  ResidentSetSize of job (KB)
...
005 (29554.093.000) 01/27 20:10:15 Job terminated.
	(1) Normal termination (return value 0)
		Usr 0 04:47:44, Sys 0 00:00:02  -  Run Remote Usage
		Usr 0 00:00:00, Sys 0 00:00:00  -  Run Local Usage
		Usr 0 04:47:44, Sys 0 00:00:02  -  Total Remote Usage
		Usr 0 00:00:00, Sys 0 00:00:00  -  Total Local Usage
	0  -  Run Bytes Sent By Job
	0  -  Run Bytes Received By Job
	0  -  Total Bytes Sent By Job
	0  -  Total Bytes Received By Job
	Partitionable Resources :    Usage  Request Allocated 
	   Cpus                 :     1.01        1         1 
	   Disk (KB)            :     1           1    241059 
	   Memory (MB)          :    36           1      2008 
...
000 (29604.093.000) 01/27 21:59:06 Job submitted from host: <172.16.11.200:9618?addrs=172.16.11.200-9618&noUDP&sock=14877_46f2_4>
...
001 (29604.093.000) 01/28 09:46:15 Job executing on host: <172.16.11.231:9618?addrs=172.16.11.231-9618&noUDP&sock=startd_22895_f54e_4>
...
006 (29604.093.000) 01/28 09:46:24 Image size of job updated: 36156
	36  -  MemoryUsage of job (MB)
	36156  -  ResidentSetSize of job (KB)
...
005 (29604.093.000) 01/28 14:35:14 Job terminated.
	(1) Normal termination (return value 0)
		Usr 0 04:45:45, Sys 0 00:00:08  -  Run Remote Usage
		Usr 0 00:00:00, Sys 0 00:00:00  -  Run Local Usage
		Usr 0 04:45:45, Sys 0 00:00:08  -  Total Remote Usage
		Usr 0 00:00:00, Sys 0 00:00:00  -  Total Local Usage
	0  -  Run Bytes Sent By Job
	0  -  Run Bytes Received By Job
	0  -  Total Bytes Sent By Job
	0  -  Total Bytes Received By Job
	Partitionable Resources :    Usage  Request Allocated 
	   Cpus                 :     1.00        1         1 
	   Disk (KB)            :     1           1    241059 
	   Memory (MB)          :    36           1      2008 
...
000 (29616.093.000) 01/28 14:59:33 Job submitted from host: <172.16.11.200:9618?addrs=172.16.11.200-9618&noUDP&sock=14877_46f2_4>
...
009 (29616.093.000) 01/28 15:00:13 Job was aborted by the user.
	via condor_rm (by user zhangliang)
...
000 (29617.093.000) 01/28 15:01:04 Job submitted from host: <172.16.11.200:9618?addrs=172.16.11.200-9618&noUDP&sock=14877_46f2_4>
...
001 (29617.093.000) 01/28 15:03:16 Job executing on host: <172.16.11.233:9618?addrs=172.16.11.233-9618&alias=pc-farm3&noUDP&sock=startd_4556_edfa>
...
006 (29617.093.000) 01/28 15:03:25 Image size of job updated: 40936
	40  -  MemoryUsage of job (MB)
	40936  -  ResidentSetSize of job (KB)
...
006 (29617.093.000) 01/28 15:43:29 Image size of job updated: 40984
	41  -  MemoryUsage of job (MB)
	40984  -  ResidentSetSize of job (KB)
...
006 (29617.093.000) 01/28 15:48:30 Image size of job updated: 40996
	41  -  MemoryUsage of job (MB)
	40996  -  ResidentSetSize of job (KB)
...
005 (29617.093.000) 01/28 16:14:04 Job terminated.
	(1) Normal termination (return value 0)
		Usr 0 01:10:47, Sys 0 00:00:00  -  Run Remote Usage
		Usr 0 00:00:00, Sys 0 00:00:00  -  Run Local Usage
		Usr 0 01:10:47, Sys 0 00:00:00  -  Total Remote Usage
		Usr 0 00:00:00, Sys 0 00:00:00  -  Total Local Usage
	0  -  Run Bytes Sent By Job
	0  -  Run Bytes Received By Job
	0  -  Total Bytes Sent By Job
	0  -  Total Bytes Received By Job
	Partitionable Resources :    Usage  Request Allocated 
	   Cpus                 :     1.00        1         1 
	   Disk (KB)            :     1           1    254050 
	   Memory (MB)          :    41           1      1005 
...
000 (29696.093.000) 01/30 20:13:16 Job submitted from host: <172.16.11.200:9618?addrs=172.16.11.200-9618&noUDP&sock=14877_46f2_4>
...
001 (29696.093.000) 01/30 21:46:02 Job executing on host: <172.16.11.231:9618?addrs=172.16.11.231-9618&noUDP&sock=startd_22895_f54e_4>
...
006 (29696.093.000) 01/30 21:46:10 Image size of job updated: 35800
	35  -  MemoryUsage of job (MB)
	35800  -  ResidentSetSize of job (KB)
...
006 (29696.093.000) 01/30 23:41:27 Image size of job updated: 424260
	35  -  MemoryUsage of job (MB)
	35800  -  ResidentSetSize of job (KB)
...
005 (29696.093.000) 01/30 23:41:27 Job terminated.
	(1) Normal termination (return value 0)
		Usr 0 01:55:23, Sys 0 00:00:00  -  Run Remote Usage
		Usr 0 00:00:00, Sys 0 00:00:00  -  Run Local Usage
		Usr 0 01:55:23, Sys 0 00:00:00  -  Total Remote Usage
		Usr 0 00:00:00, Sys 0 00:00:00  -  Total Local Usage
	0  -  Run Bytes Sent By Job
	0  -  Run Bytes Received By Job
	0  -  Total Bytes Sent By Job
	0  -  Total Bytes Received By Job
	Partitionable Resources :    Usage  Request Allocated 
	   Cpus                 :     1.00        1         1 
	   Disk (KB)            :     1           1    241059 
	   Memory (MB)          :    35           1      2008 
...
000 (29706.093.000) 01/31 10:47:04 Job submitted from host: <172.16.11.200:9618?addrs=172.16.11.200-9618&noUDP&sock=14877_46f2_4>
...
001 (29706.093.000) 01/31 11:06:06 Job executing on host: <172.16.11.231:9618?addrs=172.16.11.231-9618&noUDP&sock=startd_22895_f54e_4>
...
006 (29706.093.000) 01/31 11:06:15 Image size of job updated: 50068
	49  -  MemoryUsage of job (MB)
	50068  -  ResidentSetSize of job (KB)
...
006 (29706.093.000) 01/31 11:31:20 Image size of job updated: 50072
	49  -  MemoryUsage of job (MB)
	50072  -  ResidentSetSize of job (KB)
...
006 (29706.093.000) 01/31 12:16:24 Image size of job updated: 50176
	49  -  MemoryUsage of job (MB)
	50176  -  ResidentSetSize of job (KB)
...
006 (29706.093.000) 01/31 13:07:11 Image size of job updated: 438100
	49  -  MemoryUsage of job (MB)
	50176  -  ResidentSetSize of job (KB)
...
005 (29706.093.000) 01/31 13:07:11 Job terminated.
	(1) Normal termination (return value 0)
		Usr 0 02:01:03, Sys 0 00:00:00  -  Run Remote Usage
		Usr 0 00:00:00, Sys 0 00:00:00  -  Run Local Usage
		Usr 0 02:01:03, Sys 0 00:00:00  -  Total Remote Usage
		Usr 0 00:00:00, Sys 0 00:00:00  -  Total Local Usage
	0  -  Run Bytes Sent By Job
	0  -  Run Bytes Received By Job
	0  -  Total Bytes Sent By Job
	0  -  Total Bytes Received By Job
	Partitionable Resources :    Usage  Request Allocated 
	   Cpus                 :     1.00        1         1 
	   Disk (KB)            :     1           1    241059 
	   Memory (MB)          :    49           1      2008 
...
000 (29707.093.000) 01/31 14:36:19 Job submitted from host: <172.16.11.200:9618?addrs=172.16.11.200-9618&noUDP&sock=14877_46f2_4>
...
009 (29707.093.000) 01/31 16:16:03 Job was aborted by the user.
	via condor_rm (by user zhangliang)
...
000 (29725.093.000) 01/31 16:16:10 Job submitted from host: <172.16.11.200:9618?addrs=172.16.11.200-9618&noUDP&sock=14877_46f2_4>
...
001 (29725.093.000) 01/31 19:28:36 Job executing on host: <172.16.11.231:9618?addrs=172.16.11.231-9618&noUDP&sock=startd_22895_f54e_4>
...
006 (29725.093.000) 01/31 19:28:45 Image size of job updated: 49888
	49  -  MemoryUsage of job (MB)
	49888  -  ResidentSetSize of job (KB)
...
006 (29725.093.000) 01/31 20:48:53 Image size of job updated: 49996
	49  -  MemoryUsage of job (MB)
	49996  -  ResidentSetSize of job (KB)
...
005 (29725.093.000) 01/31 21:01:37 Job terminated.
	(1) Normal termination (return value 0)
		Usr 0 01:33:00, Sys 0 00:00:00  -  Run Remote Usage
		Usr 0 00:00:00, Sys 0 00:00:00  -  Run Local Usage
		Usr 0 01:33:00, Sys 0 00:00:00  -  Total Remote Usage
		Usr 0 00:00:00, Sys 0 00:00:00  -  Total Local Usage
	0  -  Run Bytes Sent By Job
	0  -  Run Bytes Received By Job
	0  -  Total Bytes Sent By Job
	0  -  Total Bytes Received By Job
	Partitionable Resources :    Usage  Request Allocated 
	   Cpus                 :     1.00        1         1 
	   Disk (KB)            :     1           1    241059 
	   Memory (MB)          :    49           1      2008 
...
