000 (28203.071.000) 12/31 10:12:06 Job submitted from host: <172.16.11.200:9618?addrs=172.16.11.200-9618&noUDP&sock=14877_46f2_4>
...
001 (28203.071.000) 12/31 10:12:16 Job executing on host: <172.16.11.231:9618?addrs=172.16.11.231-9618&noUDP&sock=startd_22895_f54e_4>
...
006 (28203.071.000) 12/31 10:12:25 Image size of job updated: 35388
	35  -  MemoryUsage of job (MB)
	35388  -  ResidentSetSize of job (KB)
...
006 (28203.071.000) 12/31 10:27:26 Image size of job updated: 35496
	35  -  MemoryUsage of job (MB)
	35496  -  ResidentSetSize of job (KB)
...
004 (28203.071.000) 12/31 13:14:29 Job was evicted.
	(0) CPU times
		Usr 0 03:02:03, Sys 0 00:00:07  -  Run Remote Usage
		Usr 0 00:00:00, Sys 0 00:00:00  -  Run Local Usage
	0  -  Run Bytes Sent By Job
	0  -  Run Bytes Received By Job
	Partitionable Resources :    Usage  Request Allocated 
	   Cpus                 :     1.00        1         1 
	   Disk (KB)            :     1           1    241059 
	   Memory (MB)          :    35           1      2008 
...
009 (28203.071.000) 12/31 13:14:29 Job was aborted by the user.
	via condor_rm (by user zhangliang)
...
000 (28206.071.000) 12/31 14:09:35 Job submitted from host: <172.16.11.200:9618?addrs=172.16.11.200-9618&noUDP&sock=14877_46f2_4>
...
001 (28206.071.000) 01/01 14:01:49 Job executing on host: <172.16.11.231:9618?addrs=172.16.11.231-9618&noUDP&sock=startd_22895_f54e_4>
...
006 (28206.071.000) 01/01 14:01:58 Image size of job updated: 35280
	35  -  MemoryUsage of job (MB)
	35280  -  ResidentSetSize of job (KB)
...
006 (28206.071.000) 01/01 15:07:05 Image size of job updated: 35360
	35  -  MemoryUsage of job (MB)
	35360  -  ResidentSetSize of job (KB)
...
005 (28206.071.000) 01/02 10:04:36 Job terminated.
	(1) Normal termination (return value 0)
		Usr 0 20:01:12, Sys 0 00:01:01  -  Run Remote Usage
		Usr 0 00:00:00, Sys 0 00:00:00  -  Run Local Usage
		Usr 0 20:01:12, Sys 0 00:01:01  -  Total Remote Usage
		Usr 0 00:00:00, Sys 0 00:00:00  -  Total Local Usage
	0  -  Run Bytes Sent By Job
	0  -  Run Bytes Received By Job
	0  -  Total Bytes Sent By Job
	0  -  Total Bytes Received By Job
	Partitionable Resources :    Usage  Request Allocated 
	   Cpus                 :     1.00        1         1 
	   Disk (KB)            :     1           1    241059 
	   Memory (MB)          :    35           1      2008 
...
000 (28248.071.000) 01/05 15:45:56 Job submitted from host: <172.16.11.200:9618?addrs=172.16.11.200-9618&noUDP&sock=14877_46f2_4>
...
001 (28248.071.000) 01/05 17:36:33 Job executing on host: <172.16.11.234:9618?addrs=172.16.11.234-9618&alias=pc-farm4&noUDP&sock=startd_5195_3aff>
...
006 (28248.071.000) 01/05 17:36:42 Image size of job updated: 34940
	35  -  MemoryUsage of job (MB)
	34940  -  ResidentSetSize of job (KB)
...
006 (28248.071.000) 01/05 17:41:43 Image size of job updated: 422640
	35  -  MemoryUsage of job (MB)
	34940  -  ResidentSetSize of job (KB)
...
006 (28248.071.000) 01/05 17:51:43 Image size of job updated: 423424
	35  -  MemoryUsage of job (MB)
	34948  -  ResidentSetSize of job (KB)
...
005 (28248.071.000) 01/06 02:44:45 Job terminated.
	(1) Normal termination (return value 0)
		Usr 0 08:42:30, Sys 0 00:00:03  -  Run Remote Usage
		Usr 0 00:00:00, Sys 0 00:00:00  -  Run Local Usage
		Usr 0 08:42:30, Sys 0 00:00:03  -  Total Remote Usage
		Usr 0 00:00:00, Sys 0 00:00:00  -  Total Local Usage
	0  -  Run Bytes Sent By Job
	0  -  Run Bytes Received By Job
	0  -  Total Bytes Sent By Job
	0  -  Total Bytes Received By Job
	Partitionable Resources :    Usage  Request Allocated 
	   Cpus                 :     0.96        1         1 
	   Disk (KB)            :     1           1    255907 
	   Memory (MB)          :    35           1       999 
...
000 (28271.071.000) 01/06 15:26:51 Job submitted from host: <172.16.11.200:9618?addrs=172.16.11.200-9618&noUDP&sock=14877_46f2_4>
...
009 (28271.071.000) 01/06 15:47:45 Job was aborted by the user.
	via condor_rm (by user zhangliang)
...
000 (29325.071.000) 01/22 22:42:18 Job submitted from host: <172.16.11.200:9618?addrs=172.16.11.200-9618&noUDP&sock=14877_46f2_4>
...
001 (29325.071.000) 01/23 04:36:36 Job executing on host: <172.16.11.231:9618?addrs=172.16.11.231-9618&noUDP&sock=startd_22895_f54e_4>
...
006 (29325.071.000) 01/23 04:36:44 Image size of job updated: 35708
	35  -  MemoryUsage of job (MB)
	35708  -  ResidentSetSize of job (KB)
...
006 (29325.071.000) 01/23 05:51:52 Image size of job updated: 35816
	35  -  MemoryUsage of job (MB)
	35816  -  ResidentSetSize of job (KB)
...
006 (29325.071.000) 01/23 18:43:44 Image size of job updated: 423900
	35  -  MemoryUsage of job (MB)
	35816  -  ResidentSetSize of job (KB)
...
005 (29325.071.000) 01/23 18:43:44 Job terminated.
	(1) Normal termination (return value 0)
		Usr 0 14:07:03, Sys 0 00:00:02  -  Run Remote Usage
		Usr 0 00:00:00, Sys 0 00:00:00  -  Run Local Usage
		Usr 0 14:07:03, Sys 0 00:00:02  -  Total Remote Usage
		Usr 0 00:00:00, Sys 0 00:00:00  -  Total Local Usage
	0  -  Run Bytes Sent By Job
	0  -  Run Bytes Received By Job
	0  -  Total Bytes Sent By Job
	0  -  Total Bytes Received By Job
	Partitionable Resources :    Usage  Request Allocated 
	   Cpus                 :     1.00        1         1 
	   Disk (KB)            :     1           1    241059 
	   Memory (MB)          :    35           1      2008 
...
000 (29520.071.000) 01/25 22:31:42 Job submitted from host: <172.16.11.200:9618?addrs=172.16.11.200-9618&noUDP&sock=14877_46f2_4>
...
001 (29520.071.000) 01/25 23:25:06 Job executing on host: <172.16.11.233:9618?addrs=172.16.11.233-9618&alias=pc-farm3&noUDP&sock=startd_4556_edfa>
...
006 (29520.071.000) 01/25 23:25:15 Image size of job updated: 41244
	41  -  MemoryUsage of job (MB)
	41244  -  ResidentSetSize of job (KB)
...
006 (29520.071.000) 01/26 00:00:19 Image size of job updated: 41944
	41  -  MemoryUsage of job (MB)
	41944  -  ResidentSetSize of job (KB)
...
006 (29520.071.000) 01/26 00:05:19 Image size of job updated: 41964
	41  -  MemoryUsage of job (MB)
	41964  -  ResidentSetSize of job (KB)
...
006 (29520.071.000) 01/26 00:10:20 Image size of job updated: 41972
	41  -  MemoryUsage of job (MB)
	41972  -  ResidentSetSize of job (KB)
...
006 (29520.071.000) 01/26 00:15:21 Image size of job updated: 41988
	42  -  MemoryUsage of job (MB)
	41988  -  ResidentSetSize of job (KB)
...
006 (29520.071.000) 01/26 00:20:21 Image size of job updated: 41992
	42  -  MemoryUsage of job (MB)
	41992  -  ResidentSetSize of job (KB)
...
006 (29520.071.000) 01/26 00:25:21 Image size of job updated: 42020
	42  -  MemoryUsage of job (MB)
	42020  -  ResidentSetSize of job (KB)
...
006 (29520.071.000) 01/26 00:30:22 Image size of job updated: 42032
	42  -  MemoryUsage of job (MB)
	42032  -  ResidentSetSize of job (KB)
...
006 (29520.071.000) 01/26 00:35:22 Image size of job updated: 42048
	42  -  MemoryUsage of job (MB)
	42048  -  ResidentSetSize of job (KB)
...
006 (29520.071.000) 01/26 00:50:24 Image size of job updated: 42092
	42  -  MemoryUsage of job (MB)
	42092  -  ResidentSetSize of job (KB)
...
006 (29520.071.000) 01/26 00:55:24 Image size of job updated: 42112
	42  -  MemoryUsage of job (MB)
	42112  -  ResidentSetSize of job (KB)
...
006 (29520.071.000) 01/26 01:00:25 Image size of job updated: 42128
	42  -  MemoryUsage of job (MB)
	42128  -  ResidentSetSize of job (KB)
...
006 (29520.071.000) 01/26 01:05:26 Image size of job updated: 42136
	42  -  MemoryUsage of job (MB)
	42136  -  ResidentSetSize of job (KB)
...
006 (29520.071.000) 01/26 01:10:26 Image size of job updated: 42188
	42  -  MemoryUsage of job (MB)
	42188  -  ResidentSetSize of job (KB)
...
006 (29520.071.000) 01/26 01:15:27 Image size of job updated: 42204
	42  -  MemoryUsage of job (MB)
	42204  -  ResidentSetSize of job (KB)
...
006 (29520.071.000) 01/26 01:20:28 Image size of job updated: 42220
	42  -  MemoryUsage of job (MB)
	42220  -  ResidentSetSize of job (KB)
...
006 (29520.071.000) 01/26 01:25:28 Image size of job updated: 42232
	42  -  MemoryUsage of job (MB)
	42232  -  ResidentSetSize of job (KB)
...
006 (29520.071.000) 01/26 01:30:29 Image size of job updated: 42244
	42  -  MemoryUsage of job (MB)
	42244  -  ResidentSetSize of job (KB)
...
006 (29520.071.000) 01/26 01:40:30 Image size of job updated: 42280
	42  -  MemoryUsage of job (MB)
	42280  -  ResidentSetSize of job (KB)
...
006 (29520.071.000) 01/26 01:45:31 Image size of job updated: 42296
	42  -  MemoryUsage of job (MB)
	42296  -  ResidentSetSize of job (KB)
...
006 (29520.071.000) 01/26 01:50:32 Image size of job updated: 42308
	42  -  MemoryUsage of job (MB)
	42308  -  ResidentSetSize of job (KB)
...
006 (29520.071.000) 01/26 02:00:33 Image size of job updated: 42336
	42  -  MemoryUsage of job (MB)
	42336  -  ResidentSetSize of job (KB)
...
006 (29520.071.000) 01/26 02:05:34 Image size of job updated: 42356
	42  -  MemoryUsage of job (MB)
	42356  -  ResidentSetSize of job (KB)
...
006 (29520.071.000) 01/26 02:10:34 Image size of job updated: 42364
	42  -  MemoryUsage of job (MB)
	42364  -  ResidentSetSize of job (KB)
...
006 (29520.071.000) 01/26 02:30:35 Image size of job updated: 42432
	42  -  MemoryUsage of job (MB)
	42432  -  ResidentSetSize of job (KB)
...
006 (29520.071.000) 01/26 02:35:36 Image size of job updated: 42480
	42  -  MemoryUsage of job (MB)
	42480  -  ResidentSetSize of job (KB)
...
006 (29520.071.000) 01/26 02:50:37 Image size of job updated: 42516
	42  -  MemoryUsage of job (MB)
	42516  -  ResidentSetSize of job (KB)
...
006 (29520.071.000) 01/26 02:55:38 Image size of job updated: 42532
	42  -  MemoryUsage of job (MB)
	42532  -  ResidentSetSize of job (KB)
...
006 (29520.071.000) 01/26 03:00:38 Image size of job updated: 42552
	42  -  MemoryUsage of job (MB)
	42552  -  ResidentSetSize of job (KB)
...
006 (29520.071.000) 01/26 03:05:39 Image size of job updated: 42564
	42  -  MemoryUsage of job (MB)
	42564  -  ResidentSetSize of job (KB)
...
006 (29520.071.000) 01/26 03:20:40 Image size of job updated: 42608
	42  -  MemoryUsage of job (MB)
	42608  -  ResidentSetSize of job (KB)
...
006 (29520.071.000) 01/26 03:25:41 Image size of job updated: 42620
	42  -  MemoryUsage of job (MB)
	42620  -  ResidentSetSize of job (KB)
...
006 (29520.071.000) 01/26 03:30:41 Image size of job updated: 42636
	42  -  MemoryUsage of job (MB)
	42636  -  ResidentSetSize of job (KB)
...
006 (29520.071.000) 01/26 03:35:41 Image size of job updated: 42652
	42  -  MemoryUsage of job (MB)
	42652  -  ResidentSetSize of job (KB)
...
006 (29520.071.000) 01/26 03:40:43 Image size of job updated: 42668
	42  -  MemoryUsage of job (MB)
	42668  -  ResidentSetSize of job (KB)
...
006 (29520.071.000) 01/26 03:45:43 Image size of job updated: 42688
	42  -  MemoryUsage of job (MB)
	42688  -  ResidentSetSize of job (KB)
...
006 (29520.071.000) 01/26 03:55:44 Image size of job updated: 42716
	42  -  MemoryUsage of job (MB)
	42716  -  ResidentSetSize of job (KB)
...
006 (29520.071.000) 01/26 04:00:45 Image size of job updated: 42724
	42  -  MemoryUsage of job (MB)
	42724  -  ResidentSetSize of job (KB)
...
006 (29520.071.000) 01/26 04:05:45 Image size of job updated: 42748
	42  -  MemoryUsage of job (MB)
	42748  -  ResidentSetSize of job (KB)
...
006 (29520.071.000) 01/26 04:10:45 Image size of job updated: 42764
	42  -  MemoryUsage of job (MB)
	42764  -  ResidentSetSize of job (KB)
...
006 (29520.071.000) 01/26 04:15:46 Image size of job updated: 42780
	42  -  MemoryUsage of job (MB)
	42780  -  ResidentSetSize of job (KB)
...
006 (29520.071.000) 01/26 04:20:46 Image size of job updated: 42800
	42  -  MemoryUsage of job (MB)
	42800  -  ResidentSetSize of job (KB)
...
006 (29520.071.000) 01/26 04:25:46 Image size of job updated: 42812
	42  -  MemoryUsage of job (MB)
	42812  -  ResidentSetSize of job (KB)
...
006 (29520.071.000) 01/26 04:40:48 Image size of job updated: 42864
	42  -  MemoryUsage of job (MB)
	42864  -  ResidentSetSize of job (KB)
...
006 (29520.071.000) 01/26 04:50:50 Image size of job updated: 42896
	42  -  MemoryUsage of job (MB)
	42896  -  ResidentSetSize of job (KB)
...
006 (29520.071.000) 01/26 04:55:50 Image size of job updated: 42904
	42  -  MemoryUsage of job (MB)
	42904  -  ResidentSetSize of job (KB)
...
006 (29520.071.000) 01/26 05:05:52 Image size of job updated: 42944
	42  -  MemoryUsage of job (MB)
	42944  -  ResidentSetSize of job (KB)
...
006 (29520.071.000) 01/26 05:10:52 Image size of job updated: 42960
	42  -  MemoryUsage of job (MB)
	42960  -  ResidentSetSize of job (KB)
...
006 (29520.071.000) 01/26 05:15:53 Image size of job updated: 42976
	42  -  MemoryUsage of job (MB)
	42976  -  ResidentSetSize of job (KB)
...
006 (29520.071.000) 01/26 05:30:54 Image size of job updated: 43052
	43  -  MemoryUsage of job (MB)
	43052  -  ResidentSetSize of job (KB)
...
006 (29520.071.000) 01/26 05:35:55 Image size of job updated: 43068
	43  -  MemoryUsage of job (MB)
	43068  -  ResidentSetSize of job (KB)
...
006 (29520.071.000) 01/26 05:40:56 Image size of job updated: 43084
	43  -  MemoryUsage of job (MB)
	43084  -  ResidentSetSize of job (KB)
...
006 (29520.071.000) 01/26 05:50:57 Image size of job updated: 43104
	43  -  MemoryUsage of job (MB)
	43104  -  ResidentSetSize of job (KB)
...
006 (29520.071.000) 01/26 06:05:59 Image size of job updated: 43152
	43  -  MemoryUsage of job (MB)
	43152  -  ResidentSetSize of job (KB)
...
006 (29520.071.000) 01/26 06:26:01 Image size of job updated: 43208
	43  -  MemoryUsage of job (MB)
	43208  -  ResidentSetSize of job (KB)
...
006 (29520.071.000) 01/26 06:31:01 Image size of job updated: 43232
	43  -  MemoryUsage of job (MB)
	43232  -  ResidentSetSize of job (KB)
...
006 (29520.071.000) 01/26 06:36:01 Image size of job updated: 43248
	43  -  MemoryUsage of job (MB)
	43248  -  ResidentSetSize of job (KB)
...
006 (29520.071.000) 01/26 06:41:02 Image size of job updated: 43260
	43  -  MemoryUsage of job (MB)
	43260  -  ResidentSetSize of job (KB)
...
006 (29520.071.000) 01/26 06:46:03 Image size of job updated: 43316
	43  -  MemoryUsage of job (MB)
	43316  -  ResidentSetSize of job (KB)
...
006 (29520.071.000) 01/26 06:51:03 Image size of job updated: 43332
	43  -  MemoryUsage of job (MB)
	43332  -  ResidentSetSize of job (KB)
...
006 (29520.071.000) 01/26 07:01:05 Image size of job updated: 43356
	43  -  MemoryUsage of job (MB)
	43356  -  ResidentSetSize of job (KB)
...
006 (29520.071.000) 01/26 07:16:06 Image size of job updated: 43412
	43  -  MemoryUsage of job (MB)
	43412  -  ResidentSetSize of job (KB)
...
006 (29520.071.000) 01/26 07:21:06 Image size of job updated: 43428
	43  -  MemoryUsage of job (MB)
	43428  -  ResidentSetSize of job (KB)
...
006 (29520.071.000) 01/26 07:26:06 Image size of job updated: 43444
	43  -  MemoryUsage of job (MB)
	43444  -  ResidentSetSize of job (KB)
...
006 (29520.071.000) 01/26 07:31:08 Image size of job updated: 43460
	43  -  MemoryUsage of job (MB)
	43460  -  ResidentSetSize of job (KB)
...
006 (29520.071.000) 01/26 07:36:08 Image size of job updated: 43476
	43  -  MemoryUsage of job (MB)
	43476  -  ResidentSetSize of job (KB)
...
006 (29520.071.000) 01/26 07:41:08 Image size of job updated: 43484
	43  -  MemoryUsage of job (MB)
	43484  -  ResidentSetSize of job (KB)
...
006 (29520.071.000) 01/26 08:01:11 Image size of job updated: 43552
	43  -  MemoryUsage of job (MB)
	43552  -  ResidentSetSize of job (KB)
...
006 (29520.071.000) 01/26 08:16:12 Image size of job updated: 43764
	43  -  MemoryUsage of job (MB)
	43764  -  ResidentSetSize of job (KB)
...
006 (29520.071.000) 01/26 09:11:19 Image size of job updated: 43800
	43  -  MemoryUsage of job (MB)
	43800  -  ResidentSetSize of job (KB)
...
006 (29520.071.000) 01/26 09:21:20 Image size of job updated: 43816
	43  -  MemoryUsage of job (MB)
	43816  -  ResidentSetSize of job (KB)
...
006 (29520.071.000) 01/26 09:51:22 Image size of job updated: 43924
	43  -  MemoryUsage of job (MB)
	43924  -  ResidentSetSize of job (KB)
...
006 (29520.071.000) 01/26 09:56:23 Image size of job updated: 43944
	43  -  MemoryUsage of job (MB)
	43944  -  ResidentSetSize of job (KB)
...
006 (29520.071.000) 01/26 10:01:24 Image size of job updated: 43960
	43  -  MemoryUsage of job (MB)
	43960  -  ResidentSetSize of job (KB)
...
006 (29520.071.000) 01/26 10:06:24 Image size of job updated: 43976
	43  -  MemoryUsage of job (MB)
	43976  -  ResidentSetSize of job (KB)
...
006 (29520.071.000) 01/26 10:11:25 Image size of job updated: 43996
	43  -  MemoryUsage of job (MB)
	43996  -  ResidentSetSize of job (KB)
...
006 (29520.071.000) 01/26 10:16:26 Image size of job updated: 44012
	43  -  MemoryUsage of job (MB)
	44012  -  ResidentSetSize of job (KB)
...
006 (29520.071.000) 01/26 10:21:26 Image size of job updated: 44032
	43  -  MemoryUsage of job (MB)
	44032  -  ResidentSetSize of job (KB)
...
006 (29520.071.000) 01/26 10:31:28 Image size of job updated: 44056
	44  -  MemoryUsage of job (MB)
	44056  -  ResidentSetSize of job (KB)
...
006 (29520.071.000) 01/26 10:46:29 Image size of job updated: 44116
	44  -  MemoryUsage of job (MB)
	44116  -  ResidentSetSize of job (KB)
...
006 (29520.071.000) 01/26 11:06:31 Image size of job updated: 44196
	44  -  MemoryUsage of job (MB)
	44196  -  ResidentSetSize of job (KB)
...
005 (29520.071.000) 01/26 11:30:43 Job terminated.
	(1) Normal termination (return value 0)
		Usr 0 12:05:29, Sys 0 00:00:03  -  Run Remote Usage
		Usr 0 00:00:00, Sys 0 00:00:00  -  Run Local Usage
		Usr 0 12:05:29, Sys 0 00:00:03  -  Total Remote Usage
		Usr 0 00:00:00, Sys 0 00:00:00  -  Total Local Usage
	0  -  Run Bytes Sent By Job
	0  -  Run Bytes Received By Job
	0  -  Total Bytes Sent By Job
	0  -  Total Bytes Received By Job
	Partitionable Resources :    Usage  Request Allocated 
	   Cpus                 :     1.00        1         1 
	   Disk (KB)            :     1           1    254050 
	   Memory (MB)          :    44           1      1005 
...
000 (29539.071.000) 01/26 14:07:21 Job submitted from host: <172.16.11.200:9618?addrs=172.16.11.200-9618&noUDP&sock=14877_46f2_4>
...
001 (29539.071.000) 01/27 08:39:10 Job executing on host: <172.16.11.234:9618?addrs=172.16.11.234-9618&alias=pc-farm4&noUDP&sock=startd_5195_3aff>
...
006 (29539.071.000) 01/27 08:39:19 Image size of job updated: 301760
	36  -  MemoryUsage of job (MB)
	35888  -  ResidentSetSize of job (KB)
...
006 (29539.071.000) 01/27 08:44:19 Image size of job updated: 423580
	36  -  MemoryUsage of job (MB)
	35888  -  ResidentSetSize of job (KB)
...
006 (29539.071.000) 01/27 08:49:19 Image size of job updated: 424360
	36  -  MemoryUsage of job (MB)
	35892  -  ResidentSetSize of job (KB)
...
004 (29539.071.000) 01/27 09:49:15 Job was evicted.
	(0) CPU times
		Usr 0 01:10:02, Sys 0 00:00:00  -  Run Remote Usage
		Usr 0 00:00:00, Sys 0 00:00:00  -  Run Local Usage
	0  -  Run Bytes Sent By Job
	0  -  Run Bytes Received By Job
	Partitionable Resources :    Usage  Request Allocated 
	   Cpus                 :     1.00        1         1 
	   Disk (KB)            :     1           1    255907 
	   Memory (MB)          :    36           1       999 
...
009 (29539.071.000) 01/27 09:49:15 Job was aborted by the user.
	via condor_rm (by user zhangliang)
...
000 (29554.071.000) 01/27 10:11:07 Job submitted from host: <172.16.11.200:9618?addrs=172.16.11.200-9618&noUDP&sock=14877_46f2_4>
...
001 (29554.071.000) 01/27 15:16:28 Job executing on host: <172.16.11.231:9618?addrs=172.16.11.231-9618&noUDP&sock=startd_22895_f54e_4>
...
006 (29554.071.000) 01/27 15:16:36 Image size of job updated: 35788
	35  -  MemoryUsage of job (MB)
	35788  -  ResidentSetSize of job (KB)
...
006 (29554.071.000) 01/27 16:01:40 Image size of job updated: 36340
	36  -  MemoryUsage of job (MB)
	36340  -  ResidentSetSize of job (KB)
...
005 (29554.071.000) 01/27 20:09:30 Job terminated.
	(1) Normal termination (return value 0)
		Usr 0 04:52:59, Sys 0 00:00:01  -  Run Remote Usage
		Usr 0 00:00:00, Sys 0 00:00:00  -  Run Local Usage
		Usr 0 04:52:59, Sys 0 00:00:01  -  Total Remote Usage
		Usr 0 00:00:00, Sys 0 00:00:00  -  Total Local Usage
	0  -  Run Bytes Sent By Job
	0  -  Run Bytes Received By Job
	0  -  Total Bytes Sent By Job
	0  -  Total Bytes Received By Job
	Partitionable Resources :    Usage  Request Allocated 
	   Cpus                 :     1.00        1         1 
	   Disk (KB)            :     1           1    241059 
	   Memory (MB)          :    36           1      2008 
...
000 (29604.071.000) 01/27 21:59:06 Job submitted from host: <172.16.11.200:9618?addrs=172.16.11.200-9618&noUDP&sock=14877_46f2_4>
...
001 (29604.071.000) 01/28 09:46:06 Job executing on host: <172.16.11.231:9618?addrs=172.16.11.231-9618&noUDP&sock=startd_22895_f54e_4>
...
006 (29604.071.000) 01/28 09:46:15 Image size of job updated: 35920
	36  -  MemoryUsage of job (MB)
	35920  -  ResidentSetSize of job (KB)
...
005 (29604.071.000) 01/28 14:42:28 Job terminated.
	(1) Normal termination (return value 0)
		Usr 0 04:55:39, Sys 0 00:00:06  -  Run Remote Usage
		Usr 0 00:00:00, Sys 0 00:00:00  -  Run Local Usage
		Usr 0 04:55:39, Sys 0 00:00:06  -  Total Remote Usage
		Usr 0 00:00:00, Sys 0 00:00:00  -  Total Local Usage
	0  -  Run Bytes Sent By Job
	0  -  Run Bytes Received By Job
	0  -  Total Bytes Sent By Job
	0  -  Total Bytes Received By Job
	Partitionable Resources :    Usage  Request Allocated 
	   Cpus                 :     1.00        1         1 
	   Disk (KB)            :     1           1    241059 
	   Memory (MB)          :    36           1      2008 
...
000 (29616.071.000) 01/28 14:59:33 Job submitted from host: <172.16.11.200:9618?addrs=172.16.11.200-9618&noUDP&sock=14877_46f2_4>
...
009 (29616.071.000) 01/28 15:00:13 Job was aborted by the user.
	via condor_rm (by user zhangliang)
...
000 (29617.071.000) 01/28 15:01:04 Job submitted from host: <172.16.11.200:9618?addrs=172.16.11.200-9618&noUDP&sock=14877_46f2_4>
...
001 (29617.071.000) 01/28 15:05:57 Job executing on host: <172.16.11.232:9618?addrs=172.16.11.232-9618&alias=pc-farm2&noUDP&sock=startd_4986_dfb4_4>
...
006 (29617.071.000) 01/28 15:06:06 Image size of job updated: 35696
	35  -  MemoryUsage of job (MB)
	35696  -  ResidentSetSize of job (KB)
...
005 (29617.071.000) 01/28 16:34:41 Job terminated.
	(1) Normal termination (return value 0)
		Usr 0 01:28:35, Sys 0 00:00:04  -  Run Remote Usage
		Usr 0 00:00:00, Sys 0 00:00:00  -  Run Local Usage
		Usr 0 01:28:35, Sys 0 00:00:04  -  Total Remote Usage
		Usr 0 00:00:00, Sys 0 00:00:00  -  Total Local Usage
	0  -  Run Bytes Sent By Job
	0  -  Run Bytes Received By Job
	0  -  Total Bytes Sent By Job
	0  -  Total Bytes Received By Job
	Partitionable Resources :    Usage  Request Allocated 
	   Cpus                 :     1.00        1         1 
	   Disk (KB)            :     1           1    245927 
	   Memory (MB)          :    35           1      1005 
...
000 (29696.071.000) 01/30 20:13:16 Job submitted from host: <172.16.11.200:9618?addrs=172.16.11.200-9618&noUDP&sock=14877_46f2_4>
...
001 (29696.071.000) 01/30 21:45:02 Job executing on host: <172.16.11.234:9618?addrs=172.16.11.234-9618&alias=pc-farm4&noUDP&sock=startd_5195_3aff>
...
006 (29696.071.000) 01/30 21:45:11 Image size of job updated: 419396
	36  -  MemoryUsage of job (MB)
	35892  -  ResidentSetSize of job (KB)
...
006 (29696.071.000) 01/30 21:50:12 Image size of job updated: 423580
	36  -  MemoryUsage of job (MB)
	35892  -  ResidentSetSize of job (KB)
...
006 (29696.071.000) 01/30 21:55:12 Image size of job updated: 424360
	36  -  MemoryUsage of job (MB)
	35896  -  ResidentSetSize of job (KB)
...
005 (29696.071.000) 01/30 23:31:13 Job terminated.
	(1) Normal termination (return value 0)
		Usr 0 01:46:10, Sys 0 00:00:00  -  Run Remote Usage
		Usr 0 00:00:00, Sys 0 00:00:00  -  Run Local Usage
		Usr 0 01:46:10, Sys 0 00:00:00  -  Total Remote Usage
		Usr 0 00:00:00, Sys 0 00:00:00  -  Total Local Usage
	0  -  Run Bytes Sent By Job
	0  -  Run Bytes Received By Job
	0  -  Total Bytes Sent By Job
	0  -  Total Bytes Received By Job
	Partitionable Resources :    Usage  Request Allocated 
	   Cpus                 :     1.00        1         1 
	   Disk (KB)            :     1           1    255907 
	   Memory (MB)          :    36           1       999 
...
000 (29706.071.000) 01/31 10:47:04 Job submitted from host: <172.16.11.200:9618?addrs=172.16.11.200-9618&noUDP&sock=14877_46f2_4>
...
001 (29706.071.000) 01/31 11:03:06 Job executing on host: <172.16.11.234:9618?addrs=172.16.11.234-9618&alias=pc-farm4&noUDP&sock=startd_5195_3aff>
...
006 (29706.071.000) 01/31 11:03:15 Image size of job updated: 437416
	49  -  MemoryUsage of job (MB)
	49724  -  ResidentSetSize of job (KB)
...
006 (29706.071.000) 01/31 11:13:16 Image size of job updated: 437416
	49  -  MemoryUsage of job (MB)
	49728  -  ResidentSetSize of job (KB)
...
006 (29706.071.000) 01/31 11:18:17 Image size of job updated: 438196
	49  -  MemoryUsage of job (MB)
	49728  -  ResidentSetSize of job (KB)
...
005 (29706.071.000) 01/31 12:51:56 Job terminated.
	(1) Normal termination (return value 0)
		Usr 0 01:48:48, Sys 0 00:00:00  -  Run Remote Usage
		Usr 0 00:00:00, Sys 0 00:00:00  -  Run Local Usage
		Usr 0 01:48:48, Sys 0 00:00:00  -  Total Remote Usage
		Usr 0 00:00:00, Sys 0 00:00:00  -  Total Local Usage
	0  -  Run Bytes Sent By Job
	0  -  Run Bytes Received By Job
	0  -  Total Bytes Sent By Job
	0  -  Total Bytes Received By Job
	Partitionable Resources :    Usage  Request Allocated 
	   Cpus                 :     1.00        1         1 
	   Disk (KB)            :     1           1    255907 
	   Memory (MB)          :    49           1       999 
...
000 (29707.071.000) 01/31 14:36:19 Job submitted from host: <172.16.11.200:9618?addrs=172.16.11.200-9618&noUDP&sock=14877_46f2_4>
...
009 (29707.071.000) 01/31 16:16:03 Job was aborted by the user.
	via condor_rm (by user zhangliang)
...
000 (29725.071.000) 01/31 16:16:10 Job submitted from host: <172.16.11.200:9618?addrs=172.16.11.200-9618&noUDP&sock=14877_46f2_4>
...
001 (29725.071.000) 01/31 19:12:36 Job executing on host: <172.16.11.231:9618?addrs=172.16.11.231-9618&noUDP&sock=startd_22895_f54e_4>
...
006 (29725.071.000) 01/31 19:12:46 Image size of job updated: 49856
	49  -  MemoryUsage of job (MB)
	49856  -  ResidentSetSize of job (KB)
...
006 (29725.071.000) 01/31 20:47:55 Image size of job updated: 49884
	49  -  MemoryUsage of job (MB)
	49884  -  ResidentSetSize of job (KB)
...
005 (29725.071.000) 01/31 20:52:40 Job terminated.
	(1) Normal termination (return value 0)
		Usr 0 01:40:02, Sys 0 00:00:00  -  Run Remote Usage
		Usr 0 00:00:00, Sys 0 00:00:00  -  Run Local Usage
		Usr 0 01:40:02, Sys 0 00:00:00  -  Total Remote Usage
		Usr 0 00:00:00, Sys 0 00:00:00  -  Total Local Usage
	0  -  Run Bytes Sent By Job
	0  -  Run Bytes Received By Job
	0  -  Total Bytes Sent By Job
	0  -  Total Bytes Received By Job
	Partitionable Resources :    Usage  Request Allocated 
	   Cpus                 :     1.00        1         1 
	   Disk (KB)            :     1           1    241059 
	   Memory (MB)          :    49           1      2008 
...
