000 (28203.013.000) 12/31 10:12:06 Job submitted from host: <172.16.11.200:9618?addrs=172.16.11.200-9618&noUDP&sock=14877_46f2_4>
...
001 (28203.013.000) 12/31 10:12:11 Job executing on host: <172.16.11.233:9618?addrs=172.16.11.233-9618&alias=pc-farm3&noUDP&sock=startd_4556_edfa>
...
006 (28203.013.000) 12/31 10:12:20 Image size of job updated: 38220
	38  -  MemoryUsage of job (MB)
	38220  -  ResidentSetSize of job (KB)
...
006 (28203.013.000) 12/31 10:32:23 Image size of job updated: 38536
	38  -  MemoryUsage of job (MB)
	38536  -  ResidentSetSize of job (KB)
...
006 (28203.013.000) 12/31 10:37:23 Image size of job updated: 38740
	38  -  MemoryUsage of job (MB)
	38740  -  ResidentSetSize of job (KB)
...
006 (28203.013.000) 12/31 10:52:25 Image size of job updated: 38916
	39  -  MemoryUsage of job (MB)
	38916  -  ResidentSetSize of job (KB)
...
006 (28203.013.000) 12/31 10:57:25 Image size of job updated: 39016
	39  -  MemoryUsage of job (MB)
	39016  -  ResidentSetSize of job (KB)
...
006 (28203.013.000) 12/31 11:12:27 Image size of job updated: 39312
	39  -  MemoryUsage of job (MB)
	39312  -  ResidentSetSize of job (KB)
...
006 (28203.013.000) 12/31 11:22:28 Image size of job updated: 39360
	39  -  MemoryUsage of job (MB)
	39360  -  ResidentSetSize of job (KB)
...
006 (28203.013.000) 12/31 11:27:28 Image size of job updated: 39600
	39  -  MemoryUsage of job (MB)
	39600  -  ResidentSetSize of job (KB)
...
006 (28203.013.000) 12/31 11:32:28 Image size of job updated: 39804
	39  -  MemoryUsage of job (MB)
	39804  -  ResidentSetSize of job (KB)
...
006 (28203.013.000) 12/31 11:47:30 Image size of job updated: 39972
	40  -  MemoryUsage of job (MB)
	39972  -  ResidentSetSize of job (KB)
...
006 (28203.013.000) 12/31 11:57:31 Image size of job updated: 40048
	40  -  MemoryUsage of job (MB)
	40048  -  ResidentSetSize of job (KB)
...
006 (28203.013.000) 12/31 12:02:31 Image size of job updated: 40260
	40  -  MemoryUsage of job (MB)
	40260  -  ResidentSetSize of job (KB)
...
006 (28203.013.000) 12/31 12:12:32 Image size of job updated: 40328
	40  -  MemoryUsage of job (MB)
	40328  -  ResidentSetSize of job (KB)
...
006 (28203.013.000) 12/31 12:22:33 Image size of job updated: 40364
	40  -  MemoryUsage of job (MB)
	40364  -  ResidentSetSize of job (KB)
...
006 (28203.013.000) 12/31 12:27:33 Image size of job updated: 40568
	40  -  MemoryUsage of job (MB)
	40568  -  ResidentSetSize of job (KB)
...
006 (28203.013.000) 12/31 12:32:35 Image size of job updated: 40680
	40  -  MemoryUsage of job (MB)
	40680  -  ResidentSetSize of job (KB)
...
005 (28203.013.000) 12/31 12:33:36 Job terminated.
	(1) Normal termination (return value 0)
		Usr 0 02:17:58, Sys 0 00:00:04  -  Run Remote Usage
		Usr 0 00:00:00, Sys 0 00:00:00  -  Run Local Usage
		Usr 0 02:17:58, Sys 0 00:00:04  -  Total Remote Usage
		Usr 0 00:00:00, Sys 0 00:00:00  -  Total Local Usage
	0  -  Run Bytes Sent By Job
	0  -  Run Bytes Received By Job
	0  -  Total Bytes Sent By Job
	0  -  Total Bytes Received By Job
	Partitionable Resources :    Usage  Request Allocated 
	   Cpus                 :     0.97        1         1 
	   Disk (KB)            :     1           1    254050 
	   Memory (MB)          :    40           1      1005 
...
000 (28206.013.000) 12/31 14:09:35 Job submitted from host: <172.16.11.200:9618?addrs=172.16.11.200-9618&noUDP&sock=14877_46f2_4>
...
001 (28206.013.000) 12/31 14:14:36 Job executing on host: <172.16.11.231:9618?addrs=172.16.11.231-9618&noUDP&sock=startd_22895_f54e_4>
...
006 (28206.013.000) 12/31 14:14:44 Image size of job updated: 34780
	34  -  MemoryUsage of job (MB)
	34780  -  ResidentSetSize of job (KB)
...
006 (28206.013.000) 01/01 01:25:53 Image size of job updated: 35024
	35  -  MemoryUsage of job (MB)
	35024  -  ResidentSetSize of job (KB)
...
005 (28206.013.000) 01/01 11:46:58 Job terminated.
	(1) Normal termination (return value 0)
		Usr 0 21:28:08, Sys 0 00:00:10  -  Run Remote Usage
		Usr 0 00:00:00, Sys 0 00:00:00  -  Run Local Usage
		Usr 0 21:28:08, Sys 0 00:00:10  -  Total Remote Usage
		Usr 0 00:00:00, Sys 0 00:00:00  -  Total Local Usage
	0  -  Run Bytes Sent By Job
	0  -  Run Bytes Received By Job
	0  -  Total Bytes Sent By Job
	0  -  Total Bytes Received By Job
	Partitionable Resources :    Usage  Request Allocated 
	   Cpus                 :     1.00        1         1 
	   Disk (KB)            :     1           1    241059 
	   Memory (MB)          :    35           1      2008 
...
000 (28248.013.000) 01/05 15:45:55 Job submitted from host: <172.16.11.200:9618?addrs=172.16.11.200-9618&noUDP&sock=14877_46f2_4>
...
001 (28248.013.000) 01/05 16:22:39 Job executing on host: <172.16.11.231:9618?addrs=172.16.11.231-9618&noUDP&sock=startd_22895_f54e_4>
...
006 (28248.013.000) 01/05 16:22:48 Image size of job updated: 35240
	35  -  MemoryUsage of job (MB)
	35240  -  ResidentSetSize of job (KB)
...
005 (28248.013.000) 01/06 01:16:06 Job terminated.
	(1) Normal termination (return value 0)
		Usr 0 08:51:19, Sys 0 00:00:02  -  Run Remote Usage
		Usr 0 00:00:00, Sys 0 00:00:00  -  Run Local Usage
		Usr 0 08:51:19, Sys 0 00:00:02  -  Total Remote Usage
		Usr 0 00:00:00, Sys 0 00:00:00  -  Total Local Usage
	0  -  Run Bytes Sent By Job
	0  -  Run Bytes Received By Job
	0  -  Total Bytes Sent By Job
	0  -  Total Bytes Received By Job
	Partitionable Resources :    Usage  Request Allocated 
	   Cpus                 :     1.00        1         1 
	   Disk (KB)            :     1           1    241059 
	   Memory (MB)          :    35           1      2008 
...
000 (28271.013.000) 01/06 15:26:51 Job submitted from host: <172.16.11.200:9618?addrs=172.16.11.200-9618&noUDP&sock=14877_46f2_4>
...
009 (28271.013.000) 01/06 15:47:44 Job was aborted by the user.
	via condor_rm (by user zhangliang)
...
000 (29325.013.000) 01/22 22:42:18 Job submitted from host: <172.16.11.200:9618?addrs=172.16.11.200-9618&noUDP&sock=14877_46f2_4>
...
001 (29325.013.000) 01/23 03:41:35 Job executing on host: <172.16.11.231:9618?addrs=172.16.11.231-9618&noUDP&sock=startd_22895_f54e_4>
...
006 (29325.013.000) 01/23 03:41:44 Image size of job updated: 35888
	36  -  MemoryUsage of job (MB)
	35888  -  ResidentSetSize of job (KB)
...
006 (29325.013.000) 01/23 05:36:56 Image size of job updated: 36452
	36  -  MemoryUsage of job (MB)
	36452  -  ResidentSetSize of job (KB)
...
006 (29325.013.000) 01/23 17:56:17 Image size of job updated: 423900
	36  -  MemoryUsage of job (MB)
	36452  -  ResidentSetSize of job (KB)
...
005 (29325.013.000) 01/23 17:56:18 Job terminated.
	(1) Normal termination (return value 0)
		Usr 0 14:14:35, Sys 0 00:00:03  -  Run Remote Usage
		Usr 0 00:00:00, Sys 0 00:00:00  -  Run Local Usage
		Usr 0 14:14:35, Sys 0 00:00:03  -  Total Remote Usage
		Usr 0 00:00:00, Sys 0 00:00:00  -  Total Local Usage
	0  -  Run Bytes Sent By Job
	0  -  Run Bytes Received By Job
	0  -  Total Bytes Sent By Job
	0  -  Total Bytes Received By Job
	Partitionable Resources :    Usage  Request Allocated 
	   Cpus                 :     1.00        1         1 
	   Disk (KB)            :     1           1    241059 
	   Memory (MB)          :    36           1      2008 
...
000 (29520.013.000) 01/25 22:31:41 Job submitted from host: <172.16.11.200:9618?addrs=172.16.11.200-9618&noUDP&sock=14877_46f2_4>
...
001 (29520.013.000) 01/25 22:45:43 Job executing on host: <172.16.11.231:9618?addrs=172.16.11.231-9618&noUDP&sock=startd_22895_f54e_4>
...
006 (29520.013.000) 01/25 22:45:51 Image size of job updated: 36256
	36  -  MemoryUsage of job (MB)
	36256  -  ResidentSetSize of job (KB)
...
006 (29520.013.000) 01/26 04:46:29 Image size of job updated: 36360
	36  -  MemoryUsage of job (MB)
	36360  -  ResidentSetSize of job (KB)
...
004 (29520.013.000) 01/26 14:06:27 Job was evicted.
	(0) CPU times
		Usr 0 15:15:43, Sys 0 00:00:04  -  Run Remote Usage
		Usr 0 00:00:00, Sys 0 00:00:00  -  Run Local Usage
	0  -  Run Bytes Sent By Job
	0  -  Run Bytes Received By Job
	Partitionable Resources :    Usage  Request Allocated 
	   Cpus                 :     1.00        1         1 
	   Disk (KB)            :     1           1    241059 
	   Memory (MB)          :    36           1      2008 
...
009 (29520.013.000) 01/26 14:06:28 Job was aborted by the user.
	via condor_rm (by user zhangliang)
...
000 (29539.013.000) 01/26 14:07:21 Job submitted from host: <172.16.11.200:9618?addrs=172.16.11.200-9618&noUDP&sock=14877_46f2_4>
...
001 (29539.013.000) 01/26 14:18:23 Job executing on host: <172.16.11.234:9618?addrs=172.16.11.234-9618&alias=pc-farm4&noUDP&sock=startd_5195_3aff>
...
006 (29539.013.000) 01/26 14:18:32 Image size of job updated: 423580
	36  -  MemoryUsage of job (MB)
	35896  -  ResidentSetSize of job (KB)
...
006 (29539.013.000) 01/26 14:33:33 Image size of job updated: 424360
	36  -  MemoryUsage of job (MB)
	35900  -  ResidentSetSize of job (KB)
...
005 (29539.013.000) 01/27 06:12:43 Job terminated.
	(1) Normal termination (return value 0)
		Usr 0 15:48:56, Sys 0 00:00:04  -  Run Remote Usage
		Usr 0 00:00:00, Sys 0 00:00:00  -  Run Local Usage
		Usr 0 15:48:56, Sys 0 00:00:04  -  Total Remote Usage
		Usr 0 00:00:00, Sys 0 00:00:00  -  Total Local Usage
	0  -  Run Bytes Sent By Job
	0  -  Run Bytes Received By Job
	0  -  Total Bytes Sent By Job
	0  -  Total Bytes Received By Job
	Partitionable Resources :    Usage  Request Allocated 
	   Cpus                 :     1.00        1         1 
	   Disk (KB)            :     1           1    255907 
	   Memory (MB)          :    36           1       999 
...
000 (29554.013.000) 01/27 10:11:07 Job submitted from host: <172.16.11.200:9618?addrs=172.16.11.200-9618&noUDP&sock=14877_46f2_4>
...
001 (29554.013.000) 01/27 10:19:18 Job executing on host: <172.16.11.231:9618?addrs=172.16.11.231-9618&noUDP&sock=startd_22895_f54e_4>
...
006 (29554.013.000) 01/27 10:19:26 Image size of job updated: 35868
	36  -  MemoryUsage of job (MB)
	35868  -  ResidentSetSize of job (KB)
...
005 (29554.013.000) 01/27 15:12:31 Job terminated.
	(1) Normal termination (return value 0)
		Usr 0 04:53:02, Sys 0 00:00:09  -  Run Remote Usage
		Usr 0 00:00:00, Sys 0 00:00:00  -  Run Local Usage
		Usr 0 04:53:02, Sys 0 00:00:09  -  Total Remote Usage
		Usr 0 00:00:00, Sys 0 00:00:00  -  Total Local Usage
	0  -  Run Bytes Sent By Job
	0  -  Run Bytes Received By Job
	0  -  Total Bytes Sent By Job
	0  -  Total Bytes Received By Job
	Partitionable Resources :    Usage  Request Allocated 
	   Cpus                 :     1.00        1         1 
	   Disk (KB)            :     1           1    241059 
	   Memory (MB)          :    36           1      2008 
...
000 (29604.013.000) 01/27 21:59:06 Job submitted from host: <172.16.11.200:9618?addrs=172.16.11.200-9618&noUDP&sock=14877_46f2_4>
...
001 (29604.013.000) 01/28 09:46:03 Job executing on host: <172.16.11.234:9618?addrs=172.16.11.234-9618&alias=pc-farm4&noUDP&sock=startd_5195_3aff>
...
006 (29604.013.000) 01/28 09:46:12 Image size of job updated: 423580
	36  -  MemoryUsage of job (MB)
	35884  -  ResidentSetSize of job (KB)
...
006 (29604.013.000) 01/28 09:56:13 Image size of job updated: 424360
	36  -  MemoryUsage of job (MB)
	35888  -  ResidentSetSize of job (KB)
...
005 (29604.013.000) 01/28 14:30:12 Job terminated.
	(1) Normal termination (return value 0)
		Usr 0 04:43:50, Sys 0 00:00:03  -  Run Remote Usage
		Usr 0 00:00:00, Sys 0 00:00:00  -  Run Local Usage
		Usr 0 04:43:50, Sys 0 00:00:03  -  Total Remote Usage
		Usr 0 00:00:00, Sys 0 00:00:00  -  Total Local Usage
	0  -  Run Bytes Sent By Job
	0  -  Run Bytes Received By Job
	0  -  Total Bytes Sent By Job
	0  -  Total Bytes Received By Job
	Partitionable Resources :    Usage  Request Allocated 
	   Cpus                 :     1.00        1         1 
	   Disk (KB)            :     1           1    255907 
	   Memory (MB)          :    36           1       999 
...
000 (29616.013.000) 01/28 14:59:33 Job submitted from host: <172.16.11.200:9618?addrs=172.16.11.200-9618&noUDP&sock=14877_46f2_4>
...
009 (29616.013.000) 01/28 15:00:12 Job was aborted by the user.
	via condor_rm (by user zhangliang)
...
000 (29617.013.000) 01/28 15:01:04 Job submitted from host: <172.16.11.200:9618?addrs=172.16.11.200-9618&noUDP&sock=14877_46f2_4>
...
001 (29617.013.000) 01/28 15:03:14 Job executing on host: <172.16.11.234:9618?addrs=172.16.11.234-9618&alias=pc-farm4&noUDP&sock=startd_5195_3aff>
...
006 (29617.013.000) 01/28 15:03:23 Image size of job updated: 423584
	36  -  MemoryUsage of job (MB)
	35896  -  ResidentSetSize of job (KB)
...
006 (29617.013.000) 01/28 15:13:24 Image size of job updated: 424368
	36  -  MemoryUsage of job (MB)
	35900  -  ResidentSetSize of job (KB)
...
005 (29617.013.000) 01/28 16:50:29 Job terminated.
	(1) Normal termination (return value 0)
		Usr 0 01:47:13, Sys 0 00:00:00  -  Run Remote Usage
		Usr 0 00:00:00, Sys 0 00:00:00  -  Run Local Usage
		Usr 0 01:47:13, Sys 0 00:00:00  -  Total Remote Usage
		Usr 0 00:00:00, Sys 0 00:00:00  -  Total Local Usage
	0  -  Run Bytes Sent By Job
	0  -  Run Bytes Received By Job
	0  -  Total Bytes Sent By Job
	0  -  Total Bytes Received By Job
	Partitionable Resources :    Usage  Request Allocated 
	   Cpus                 :     1.00        1         1 
	   Disk (KB)            :     1           1    255907 
	   Memory (MB)          :    36           1       999 
...
000 (29696.013.000) 01/30 20:13:16 Job submitted from host: <172.16.11.200:9618?addrs=172.16.11.200-9618&noUDP&sock=14877_46f2_4>
...
001 (29696.013.000) 01/30 21:38:02 Job executing on host: <172.16.11.231:9618?addrs=172.16.11.231-9618&noUDP&sock=startd_22895_f54e_4>
...
006 (29696.013.000) 01/30 21:38:11 Image size of job updated: 35892
	36  -  MemoryUsage of job (MB)
	35892  -  ResidentSetSize of job (KB)
...
006 (29696.013.000) 01/30 23:46:04 Image size of job updated: 424260
	36  -  MemoryUsage of job (MB)
	35892  -  ResidentSetSize of job (KB)
...
005 (29696.013.000) 01/30 23:46:04 Job terminated.
	(1) Normal termination (return value 0)
		Usr 0 02:08:01, Sys 0 00:00:00  -  Run Remote Usage
		Usr 0 00:00:00, Sys 0 00:00:00  -  Run Local Usage
		Usr 0 02:08:01, Sys 0 00:00:00  -  Total Remote Usage
		Usr 0 00:00:00, Sys 0 00:00:00  -  Total Local Usage
	0  -  Run Bytes Sent By Job
	0  -  Run Bytes Received By Job
	0  -  Total Bytes Sent By Job
	0  -  Total Bytes Received By Job
	Partitionable Resources :    Usage  Request Allocated 
	   Cpus                 :     1.00        1         1 
	   Disk (KB)            :     1           1    241059 
	   Memory (MB)          :    36           1      2008 
...
000 (29706.013.000) 01/31 10:47:03 Job submitted from host: <172.16.11.200:9618?addrs=172.16.11.200-9618&noUDP&sock=14877_46f2_4>
...
001 (29706.013.000) 01/31 10:49:05 Job executing on host: <172.16.11.231:9618?addrs=172.16.11.231-9618&noUDP&sock=startd_22895_f54e_4>
...
006 (29706.013.000) 01/31 10:49:14 Image size of job updated: 49904
	49  -  MemoryUsage of job (MB)
	49904  -  ResidentSetSize of job (KB)
...
006 (29706.013.000) 01/31 12:09:24 Image size of job updated: 50016
	49  -  MemoryUsage of job (MB)
	50016  -  ResidentSetSize of job (KB)
...
005 (29706.013.000) 01/31 12:59:55 Job terminated.
	(1) Normal termination (return value 0)
		Usr 0 02:10:49, Sys 0 00:00:00  -  Run Remote Usage
		Usr 0 00:00:00, Sys 0 00:00:00  -  Run Local Usage
		Usr 0 02:10:49, Sys 0 00:00:00  -  Total Remote Usage
		Usr 0 00:00:00, Sys 0 00:00:00  -  Total Local Usage
	0  -  Run Bytes Sent By Job
	0  -  Run Bytes Received By Job
	0  -  Total Bytes Sent By Job
	0  -  Total Bytes Received By Job
	Partitionable Resources :    Usage  Request Allocated 
	   Cpus                 :     1.00        1         1 
	   Disk (KB)            :     1           1    241059 
	   Memory (MB)          :    49           1      2008 
...
000 (29707.013.000) 01/31 14:36:19 Job submitted from host: <172.16.11.200:9618?addrs=172.16.11.200-9618&noUDP&sock=14877_46f2_4>
...
001 (29707.013.000) 01/31 15:05:29 Job executing on host: <172.16.11.231:9618?addrs=172.16.11.231-9618&noUDP&sock=startd_22895_f54e_4>
...
006 (29707.013.000) 01/31 15:05:37 Image size of job updated: 49908
	49  -  MemoryUsage of job (MB)
	49908  -  ResidentSetSize of job (KB)
...
006 (29707.013.000) 01/31 15:30:40 Image size of job updated: 49912
	49  -  MemoryUsage of job (MB)
	49912  -  ResidentSetSize of job (KB)
...
006 (29707.013.000) 01/31 16:16:03 Image size of job updated: 324936
	49  -  MemoryUsage of job (MB)
	49912  -  ResidentSetSize of job (KB)
...
004 (29707.013.000) 01/31 16:16:03 Job was evicted.
	(0) CPU times
		Usr 0 01:10:31, Sys 0 00:00:02  -  Run Remote Usage
		Usr 0 00:00:00, Sys 0 00:00:00  -  Run Local Usage
	0  -  Run Bytes Sent By Job
	0  -  Run Bytes Received By Job
	Partitionable Resources :    Usage  Request Allocated 
	   Cpus                 :     1.00        1         1 
	   Disk (KB)            :     1           1    241059 
	   Memory (MB)          :    49           1      2008 
...
009 (29707.013.000) 01/31 16:16:03 Job was aborted by the user.
	via condor_rm (by user zhangliang)
...
000 (29725.013.000) 01/31 16:16:10 Job submitted from host: <172.16.11.200:9618?addrs=172.16.11.200-9618&noUDP&sock=14877_46f2_4>
...
001 (29725.013.000) 01/31 18:30:21 Job executing on host: <172.16.11.231:9618?addrs=172.16.11.231-9618&noUDP&sock=startd_22895_f54e_4>
...
006 (29725.013.000) 01/31 18:30:29 Image size of job updated: 49640
	49  -  MemoryUsage of job (MB)
	49640  -  ResidentSetSize of job (KB)
...
006 (29725.013.000) 01/31 20:11:16 Image size of job updated: 438100
	49  -  MemoryUsage of job (MB)
	49640  -  ResidentSetSize of job (KB)
...
005 (29725.013.000) 01/31 20:11:16 Job terminated.
	(1) Normal termination (return value 0)
		Usr 0 01:40:53, Sys 0 00:00:00  -  Run Remote Usage
		Usr 0 00:00:00, Sys 0 00:00:00  -  Run Local Usage
		Usr 0 01:40:53, Sys 0 00:00:00  -  Total Remote Usage
		Usr 0 00:00:00, Sys 0 00:00:00  -  Total Local Usage
	0  -  Run Bytes Sent By Job
	0  -  Run Bytes Received By Job
	0  -  Total Bytes Sent By Job
	0  -  Total Bytes Received By Job
	Partitionable Resources :    Usage  Request Allocated 
	   Cpus                 :     1.00        1         1 
	   Disk (KB)            :     1           1    241059 
	   Memory (MB)          :    49           1      2008 
...
