000 (28203.082.000) 12/31 10:12:06 Job submitted from host: <172.16.11.200:9618?addrs=172.16.11.200-9618&noUDP&sock=14877_46f2_4>
...
001 (28203.082.000) 12/31 10:12:18 Job executing on host: <172.16.11.231:9618?addrs=172.16.11.231-9618&noUDP&sock=startd_22895_f54e_4>
...
006 (28203.082.000) 12/31 10:12:26 Image size of job updated: 35096
	35  -  MemoryUsage of job (MB)
	35096  -  ResidentSetSize of job (KB)
...
006 (28203.082.000) 12/31 10:27:29 Image size of job updated: 35208
	35  -  MemoryUsage of job (MB)
	35208  -  ResidentSetSize of job (KB)
...
006 (28203.082.000) 12/31 13:14:29 Image size of job updated: 310160
	35  -  MemoryUsage of job (MB)
	35208  -  ResidentSetSize of job (KB)
...
004 (28203.082.000) 12/31 13:14:29 Job was evicted.
	(0) CPU times
		Usr 0 03:02:00, Sys 0 00:00:08  -  Run Remote Usage
		Usr 0 00:00:00, Sys 0 00:00:00  -  Run Local Usage
	0  -  Run Bytes Sent By Job
	0  -  Run Bytes Received By Job
	Partitionable Resources :    Usage  Request Allocated 
	   Cpus                 :     1.00        1         1 
	   Disk (KB)            :     1           1    241059 
	   Memory (MB)          :    35           1      2008 
...
009 (28203.082.000) 12/31 13:14:29 Job was aborted by the user.
	via condor_rm (by user zhangliang)
...
000 (28206.082.000) 12/31 14:09:35 Job submitted from host: <172.16.11.200:9618?addrs=172.16.11.200-9618&noUDP&sock=14877_46f2_4>
...
001 (28206.082.000) 01/01 14:09:50 Job executing on host: <172.16.11.231:9618?addrs=172.16.11.231-9618&noUDP&sock=startd_22895_f54e_4>
...
006 (28206.082.000) 01/01 14:09:59 Image size of job updated: 35108
	35  -  MemoryUsage of job (MB)
	35108  -  ResidentSetSize of job (KB)
...
006 (28206.082.000) 01/01 15:10:05 Image size of job updated: 35224
	35  -  MemoryUsage of job (MB)
	35224  -  ResidentSetSize of job (KB)
...
005 (28206.082.000) 01/02 09:35:31 Job terminated.
	(1) Normal termination (return value 0)
		Usr 0 19:24:11, Sys 0 00:00:04  -  Run Remote Usage
		Usr 0 00:00:00, Sys 0 00:00:00  -  Run Local Usage
		Usr 0 19:24:11, Sys 0 00:00:04  -  Total Remote Usage
		Usr 0 00:00:00, Sys 0 00:00:00  -  Total Local Usage
	0  -  Run Bytes Sent By Job
	0  -  Run Bytes Received By Job
	0  -  Total Bytes Sent By Job
	0  -  Total Bytes Received By Job
	Partitionable Resources :    Usage  Request Allocated 
	   Cpus                 :     1.00        1         1 
	   Disk (KB)            :     1           1    241059 
	   Memory (MB)          :    35           1      2008 
...
000 (28248.082.000) 01/05 15:45:56 Job submitted from host: <172.16.11.200:9618?addrs=172.16.11.200-9618&noUDP&sock=14877_46f2_4>
...
001 (28248.082.000) 01/05 17:51:34 Job executing on host: <172.16.11.233:9618?addrs=172.16.11.233-9618&alias=pc-farm3&noUDP&sock=startd_4556_edfa>
...
006 (28248.082.000) 01/05 17:51:44 Image size of job updated: 40340
	40  -  MemoryUsage of job (MB)
	40340  -  ResidentSetSize of job (KB)
...
006 (28248.082.000) 01/05 19:46:57 Image size of job updated: 40344
	40  -  MemoryUsage of job (MB)
	40344  -  ResidentSetSize of job (KB)
...
006 (28248.082.000) 01/05 19:51:57 Image size of job updated: 40488
	40  -  MemoryUsage of job (MB)
	40488  -  ResidentSetSize of job (KB)
...
006 (28248.082.000) 01/05 20:06:59 Image size of job updated: 40544
	40  -  MemoryUsage of job (MB)
	40544  -  ResidentSetSize of job (KB)
...
006 (28248.082.000) 01/05 20:17:00 Image size of job updated: 40588
	40  -  MemoryUsage of job (MB)
	40588  -  ResidentSetSize of job (KB)
...
006 (28248.082.000) 01/05 20:22:01 Image size of job updated: 40608
	40  -  MemoryUsage of job (MB)
	40608  -  ResidentSetSize of job (KB)
...
006 (28248.082.000) 01/05 20:32:01 Image size of job updated: 40652
	40  -  MemoryUsage of job (MB)
	40652  -  ResidentSetSize of job (KB)
...
006 (28248.082.000) 01/05 20:42:02 Image size of job updated: 40724
	40  -  MemoryUsage of job (MB)
	40724  -  ResidentSetSize of job (KB)
...
006 (28248.082.000) 01/05 20:52:04 Image size of job updated: 40764
	40  -  MemoryUsage of job (MB)
	40764  -  ResidentSetSize of job (KB)
...
006 (28248.082.000) 01/05 20:57:04 Image size of job updated: 40788
	40  -  MemoryUsage of job (MB)
	40788  -  ResidentSetSize of job (KB)
...
006 (28248.082.000) 01/05 21:07:05 Image size of job updated: 40832
	40  -  MemoryUsage of job (MB)
	40832  -  ResidentSetSize of job (KB)
...
006 (28248.082.000) 01/05 21:12:06 Image size of job updated: 40852
	40  -  MemoryUsage of job (MB)
	40852  -  ResidentSetSize of job (KB)
...
006 (28248.082.000) 01/05 21:17:06 Image size of job updated: 40864
	40  -  MemoryUsage of job (MB)
	40864  -  ResidentSetSize of job (KB)
...
006 (28248.082.000) 01/05 21:27:08 Image size of job updated: 40916
	40  -  MemoryUsage of job (MB)
	40916  -  ResidentSetSize of job (KB)
...
006 (28248.082.000) 01/05 21:32:08 Image size of job updated: 40936
	40  -  MemoryUsage of job (MB)
	40936  -  ResidentSetSize of job (KB)
...
006 (28248.082.000) 01/05 21:37:08 Image size of job updated: 40996
	41  -  MemoryUsage of job (MB)
	40996  -  ResidentSetSize of job (KB)
...
006 (28248.082.000) 01/05 21:42:09 Image size of job updated: 41016
	41  -  MemoryUsage of job (MB)
	41016  -  ResidentSetSize of job (KB)
...
006 (28248.082.000) 01/05 21:47:09 Image size of job updated: 41040
	41  -  MemoryUsage of job (MB)
	41040  -  ResidentSetSize of job (KB)
...
006 (28248.082.000) 01/05 21:52:09 Image size of job updated: 41052
	41  -  MemoryUsage of job (MB)
	41052  -  ResidentSetSize of job (KB)
...
006 (28248.082.000) 01/05 21:57:10 Image size of job updated: 41204
	41  -  MemoryUsage of job (MB)
	41204  -  ResidentSetSize of job (KB)
...
006 (28248.082.000) 01/05 22:12:12 Image size of job updated: 41248
	41  -  MemoryUsage of job (MB)
	41248  -  ResidentSetSize of job (KB)
...
006 (28248.082.000) 01/05 22:17:13 Image size of job updated: 41276
	41  -  MemoryUsage of job (MB)
	41276  -  ResidentSetSize of job (KB)
...
006 (28248.082.000) 01/05 22:27:13 Image size of job updated: 41304
	41  -  MemoryUsage of job (MB)
	41304  -  ResidentSetSize of job (KB)
...
006 (28248.082.000) 01/05 22:42:15 Image size of job updated: 41408
	41  -  MemoryUsage of job (MB)
	41408  -  ResidentSetSize of job (KB)
...
006 (28248.082.000) 01/05 22:47:16 Image size of job updated: 41428
	41  -  MemoryUsage of job (MB)
	41428  -  ResidentSetSize of job (KB)
...
006 (28248.082.000) 01/05 22:57:17 Image size of job updated: 41484
	41  -  MemoryUsage of job (MB)
	41484  -  ResidentSetSize of job (KB)
...
006 (28248.082.000) 01/05 23:02:18 Image size of job updated: 41512
	41  -  MemoryUsage of job (MB)
	41512  -  ResidentSetSize of job (KB)
...
006 (28248.082.000) 01/05 23:17:19 Image size of job updated: 41580
	41  -  MemoryUsage of job (MB)
	41580  -  ResidentSetSize of job (KB)
...
006 (28248.082.000) 01/05 23:42:23 Image size of job updated: 41592
	41  -  MemoryUsage of job (MB)
	41592  -  ResidentSetSize of job (KB)
...
006 (28248.082.000) 01/05 23:47:23 Image size of job updated: 41612
	41  -  MemoryUsage of job (MB)
	41612  -  ResidentSetSize of job (KB)
...
006 (28248.082.000) 01/05 23:52:24 Image size of job updated: 41620
	41  -  MemoryUsage of job (MB)
	41620  -  ResidentSetSize of job (KB)
...
006 (28248.082.000) 01/06 00:02:25 Image size of job updated: 41628
	41  -  MemoryUsage of job (MB)
	41628  -  ResidentSetSize of job (KB)
...
006 (28248.082.000) 01/06 00:07:26 Image size of job updated: 41644
	41  -  MemoryUsage of job (MB)
	41644  -  ResidentSetSize of job (KB)
...
006 (28248.082.000) 01/06 00:12:27 Image size of job updated: 41668
	41  -  MemoryUsage of job (MB)
	41668  -  ResidentSetSize of job (KB)
...
006 (28248.082.000) 01/06 00:17:27 Image size of job updated: 41940
	41  -  MemoryUsage of job (MB)
	41940  -  ResidentSetSize of job (KB)
...
006 (28248.082.000) 01/06 01:12:33 Image size of job updated: 42080
	42  -  MemoryUsage of job (MB)
	42080  -  ResidentSetSize of job (KB)
...
006 (28248.082.000) 01/06 01:17:34 Image size of job updated: 42100
	42  -  MemoryUsage of job (MB)
	42100  -  ResidentSetSize of job (KB)
...
006 (28248.082.000) 01/06 01:42:35 Image size of job updated: 42108
	42  -  MemoryUsage of job (MB)
	42108  -  ResidentSetSize of job (KB)
...
006 (28248.082.000) 01/06 01:47:37 Image size of job updated: 42128
	42  -  MemoryUsage of job (MB)
	42128  -  ResidentSetSize of job (KB)
...
006 (28248.082.000) 01/06 01:52:37 Image size of job updated: 42152
	42  -  MemoryUsage of job (MB)
	42152  -  ResidentSetSize of job (KB)
...
006 (28248.082.000) 01/06 01:57:37 Image size of job updated: 42172
	42  -  MemoryUsage of job (MB)
	42172  -  ResidentSetSize of job (KB)
...
006 (28248.082.000) 01/06 02:02:38 Image size of job updated: 42192
	42  -  MemoryUsage of job (MB)
	42192  -  ResidentSetSize of job (KB)
...
006 (28248.082.000) 01/06 02:07:39 Image size of job updated: 42336
	42  -  MemoryUsage of job (MB)
	42336  -  ResidentSetSize of job (KB)
...
006 (28248.082.000) 01/06 02:32:41 Image size of job updated: 42344
	42  -  MemoryUsage of job (MB)
	42344  -  ResidentSetSize of job (KB)
...
006 (28248.082.000) 01/06 02:37:42 Image size of job updated: 42364
	42  -  MemoryUsage of job (MB)
	42364  -  ResidentSetSize of job (KB)
...
006 (28248.082.000) 01/06 02:42:42 Image size of job updated: 42384
	42  -  MemoryUsage of job (MB)
	42384  -  ResidentSetSize of job (KB)
...
006 (28248.082.000) 01/06 02:47:42 Image size of job updated: 42528
	42  -  MemoryUsage of job (MB)
	42528  -  ResidentSetSize of job (KB)
...
005 (28248.082.000) 01/06 02:51:16 Job terminated.
	(1) Normal termination (return value 0)
		Usr 0 08:27:02, Sys 0 00:00:04  -  Run Remote Usage
		Usr 0 00:00:00, Sys 0 00:00:00  -  Run Local Usage
		Usr 0 08:27:02, Sys 0 00:00:04  -  Total Remote Usage
		Usr 0 00:00:00, Sys 0 00:00:00  -  Total Local Usage
	0  -  Run Bytes Sent By Job
	0  -  Run Bytes Received By Job
	0  -  Total Bytes Sent By Job
	0  -  Total Bytes Received By Job
	Partitionable Resources :    Usage  Request Allocated 
	   Cpus                 :     1.00        1         1 
	   Disk (KB)            :     1           1    254050 
	   Memory (MB)          :    42           1      1005 
...
000 (28271.082.000) 01/06 15:26:51 Job submitted from host: <172.16.11.200:9618?addrs=172.16.11.200-9618&noUDP&sock=14877_46f2_4>
...
009 (28271.082.000) 01/06 15:47:45 Job was aborted by the user.
	via condor_rm (by user zhangliang)
...
000 (29325.082.000) 01/22 22:42:18 Job submitted from host: <172.16.11.200:9618?addrs=172.16.11.200-9618&noUDP&sock=14877_46f2_4>
...
001 (29325.082.000) 01/23 04:38:38 Job executing on host: <172.16.11.232:9618?addrs=172.16.11.232-9618&alias=pc-farm2&noUDP&sock=startd_4986_dfb4_4>
...
006 (29325.082.000) 01/23 04:38:47 Image size of job updated: 35676
	35  -  MemoryUsage of job (MB)
	35676  -  ResidentSetSize of job (KB)
...
006 (29325.082.000) 01/23 05:43:54 Image size of job updated: 35796
	35  -  MemoryUsage of job (MB)
	35796  -  ResidentSetSize of job (KB)
...
006 (29325.082.000) 01/23 05:48:55 Image size of job updated: 36192
	36  -  MemoryUsage of job (MB)
	36192  -  ResidentSetSize of job (KB)
...
005 (29325.082.000) 01/23 15:07:22 Job terminated.
	(1) Normal termination (return value 0)
		Usr 0 10:28:39, Sys 0 00:00:02  -  Run Remote Usage
		Usr 0 00:00:00, Sys 0 00:00:00  -  Run Local Usage
		Usr 0 10:28:39, Sys 0 00:00:02  -  Total Remote Usage
		Usr 0 00:00:00, Sys 0 00:00:00  -  Total Local Usage
	0  -  Run Bytes Sent By Job
	0  -  Run Bytes Received By Job
	0  -  Total Bytes Sent By Job
	0  -  Total Bytes Received By Job
	Partitionable Resources :    Usage  Request Allocated 
	   Cpus                 :     1.00        1         1 
	   Disk (KB)            :     1           1    245927 
	   Memory (MB)          :    36           1      1005 
...
000 (29520.082.000) 01/25 22:31:42 Job submitted from host: <172.16.11.200:9618?addrs=172.16.11.200-9618&noUDP&sock=14877_46f2_4>
...
001 (29520.082.000) 01/25 23:34:07 Job executing on host: <172.16.11.234:9618?addrs=172.16.11.234-9618&alias=pc-farm4&noUDP&sock=startd_5195_3aff>
...
006 (29520.082.000) 01/25 23:34:16 Image size of job updated: 423580
	36  -  MemoryUsage of job (MB)
	35900  -  ResidentSetSize of job (KB)
...
006 (29520.082.000) 01/25 23:49:17 Image size of job updated: 424364
	36  -  MemoryUsage of job (MB)
	35904  -  ResidentSetSize of job (KB)
...
004 (29520.082.000) 01/26 14:06:26 Job was evicted.
	(0) CPU times
		Usr 0 13:08:25, Sys 0 00:00:01  -  Run Remote Usage
		Usr 0 00:00:00, Sys 0 00:00:00  -  Run Local Usage
	0  -  Run Bytes Sent By Job
	0  -  Run Bytes Received By Job
	Partitionable Resources :    Usage  Request Allocated 
	   Cpus                 :     0.90        1         1 
	   Disk (KB)            :     1           1    255907 
	   Memory (MB)          :    36           1       999 
...
009 (29520.082.000) 01/26 14:06:26 Job was aborted by the user.
	via condor_rm (by user zhangliang)
...
000 (29539.082.000) 01/26 14:07:21 Job submitted from host: <172.16.11.200:9618?addrs=172.16.11.200-9618&noUDP&sock=14877_46f2_4>
...
001 (29539.082.000) 01/27 08:41:10 Job executing on host: <172.16.11.232:9618?addrs=172.16.11.232-9618&alias=pc-farm2&noUDP&sock=startd_4986_dfb4_4>
...
006 (29539.082.000) 01/27 08:41:19 Image size of job updated: 35904
	36  -  MemoryUsage of job (MB)
	35904  -  ResidentSetSize of job (KB)
...
006 (29539.082.000) 01/27 09:26:23 Image size of job updated: 36024
	36  -  MemoryUsage of job (MB)
	36024  -  ResidentSetSize of job (KB)
...
006 (29539.082.000) 01/27 09:49:15 Image size of job updated: 424396
	36  -  MemoryUsage of job (MB)
	36024  -  ResidentSetSize of job (KB)
...
004 (29539.082.000) 01/27 09:49:15 Job was evicted.
	(0) CPU times
		Usr 0 01:08:03, Sys 0 00:00:00  -  Run Remote Usage
		Usr 0 00:00:00, Sys 0 00:00:00  -  Run Local Usage
	0  -  Run Bytes Sent By Job
	0  -  Run Bytes Received By Job
	Partitionable Resources :    Usage  Request Allocated 
	   Cpus                 :     1.00        1         1 
	   Disk (KB)            :     1           1    245927 
	   Memory (MB)          :    36           1      1005 
...
009 (29539.082.000) 01/27 09:49:15 Job was aborted by the user.
	via condor_rm (by user zhangliang)
...
000 (29554.082.000) 01/27 10:11:07 Job submitted from host: <172.16.11.200:9618?addrs=172.16.11.200-9618&noUDP&sock=14877_46f2_4>
...
001 (29554.082.000) 01/27 15:20:27 Job executing on host: <172.16.11.233:9618?addrs=172.16.11.233-9618&alias=pc-farm3&noUDP&sock=startd_4556_edfa>
...
006 (29554.082.000) 01/27 15:20:36 Image size of job updated: 39948
	40  -  MemoryUsage of job (MB)
	39948  -  ResidentSetSize of job (KB)
...
006 (29554.082.000) 01/27 15:55:40 Image size of job updated: 39976
	40  -  MemoryUsage of job (MB)
	39976  -  ResidentSetSize of job (KB)
...
006 (29554.082.000) 01/27 16:00:40 Image size of job updated: 40036
	40  -  MemoryUsage of job (MB)
	40036  -  ResidentSetSize of job (KB)
...
006 (29554.082.000) 01/27 16:15:42 Image size of job updated: 40128
	40  -  MemoryUsage of job (MB)
	40128  -  ResidentSetSize of job (KB)
...
006 (29554.082.000) 01/27 16:20:42 Image size of job updated: 40244
	40  -  MemoryUsage of job (MB)
	40244  -  ResidentSetSize of job (KB)
...
006 (29554.082.000) 01/27 16:25:43 Image size of job updated: 40404
	40  -  MemoryUsage of job (MB)
	40404  -  ResidentSetSize of job (KB)
...
006 (29554.082.000) 01/27 16:30:44 Image size of job updated: 40408
	40  -  MemoryUsage of job (MB)
	40408  -  ResidentSetSize of job (KB)
...
006 (29554.082.000) 01/27 16:35:44 Image size of job updated: 40492
	40  -  MemoryUsage of job (MB)
	40492  -  ResidentSetSize of job (KB)
...
006 (29554.082.000) 01/27 16:40:45 Image size of job updated: 40548
	40  -  MemoryUsage of job (MB)
	40548  -  ResidentSetSize of job (KB)
...
006 (29554.082.000) 01/27 16:45:46 Image size of job updated: 40704
	40  -  MemoryUsage of job (MB)
	40704  -  ResidentSetSize of job (KB)
...
006 (29554.082.000) 01/27 16:50:46 Image size of job updated: 40708
	40  -  MemoryUsage of job (MB)
	40708  -  ResidentSetSize of job (KB)
...
006 (29554.082.000) 01/27 16:55:46 Image size of job updated: 40912
	40  -  MemoryUsage of job (MB)
	40912  -  ResidentSetSize of job (KB)
...
006 (29554.082.000) 01/27 17:00:47 Image size of job updated: 40976
	41  -  MemoryUsage of job (MB)
	40976  -  ResidentSetSize of job (KB)
...
006 (29554.082.000) 01/27 17:10:47 Image size of job updated: 40996
	41  -  MemoryUsage of job (MB)
	40996  -  ResidentSetSize of job (KB)
...
006 (29554.082.000) 01/27 17:15:48 Image size of job updated: 41104
	41  -  MemoryUsage of job (MB)
	41104  -  ResidentSetSize of job (KB)
...
006 (29554.082.000) 01/27 17:20:49 Image size of job updated: 41156
	41  -  MemoryUsage of job (MB)
	41156  -  ResidentSetSize of job (KB)
...
006 (29554.082.000) 01/27 17:25:49 Image size of job updated: 41244
	41  -  MemoryUsage of job (MB)
	41244  -  ResidentSetSize of job (KB)
...
006 (29554.082.000) 01/27 17:30:50 Image size of job updated: 41316
	41  -  MemoryUsage of job (MB)
	41316  -  ResidentSetSize of job (KB)
...
006 (29554.082.000) 01/27 17:35:51 Image size of job updated: 41372
	41  -  MemoryUsage of job (MB)
	41372  -  ResidentSetSize of job (KB)
...
006 (29554.082.000) 01/27 17:40:51 Image size of job updated: 41460
	41  -  MemoryUsage of job (MB)
	41460  -  ResidentSetSize of job (KB)
...
006 (29554.082.000) 01/27 17:45:51 Image size of job updated: 41592
	41  -  MemoryUsage of job (MB)
	41592  -  ResidentSetSize of job (KB)
...
006 (29554.082.000) 01/27 17:50:52 Image size of job updated: 41668
	41  -  MemoryUsage of job (MB)
	41668  -  ResidentSetSize of job (KB)
...
006 (29554.082.000) 01/27 17:55:52 Image size of job updated: 42088
	42  -  MemoryUsage of job (MB)
	42088  -  ResidentSetSize of job (KB)
...
006 (29554.082.000) 01/27 18:00:52 Image size of job updated: 42192
	42  -  MemoryUsage of job (MB)
	42192  -  ResidentSetSize of job (KB)
...
005 (29554.082.000) 01/27 18:03:38 Job terminated.
	(1) Normal termination (return value 0)
		Usr 0 02:43:09, Sys 0 00:00:00  -  Run Remote Usage
		Usr 0 00:00:00, Sys 0 00:00:00  -  Run Local Usage
		Usr 0 02:43:09, Sys 0 00:00:00  -  Total Remote Usage
		Usr 0 00:00:00, Sys 0 00:00:00  -  Total Local Usage
	0  -  Run Bytes Sent By Job
	0  -  Run Bytes Received By Job
	0  -  Total Bytes Sent By Job
	0  -  Total Bytes Received By Job
	Partitionable Resources :    Usage  Request Allocated 
	   Cpus                 :     1.00        1         1 
	   Disk (KB)            :     1           1    254050 
	   Memory (MB)          :    42           1      1005 
...
000 (29604.082.000) 01/27 21:59:06 Job submitted from host: <172.16.11.200:9618?addrs=172.16.11.200-9618&noUDP&sock=14877_46f2_4>
...
001 (29604.082.000) 01/28 09:46:21 Job executing on host: <172.16.11.234:9618?addrs=172.16.11.234-9618&alias=pc-farm4&noUDP&sock=startd_5195_3aff>
...
006 (29604.082.000) 01/28 09:46:29 Image size of job updated: 423580
	36  -  MemoryUsage of job (MB)
	35876  -  ResidentSetSize of job (KB)
...
006 (29604.082.000) 01/28 09:56:29 Image size of job updated: 424360
	36  -  MemoryUsage of job (MB)
	35880  -  ResidentSetSize of job (KB)
...
005 (29604.082.000) 01/28 14:39:28 Job terminated.
	(1) Normal termination (return value 0)
		Usr 0 04:49:30, Sys 0 00:00:04  -  Run Remote Usage
		Usr 0 00:00:00, Sys 0 00:00:00  -  Run Local Usage
		Usr 0 04:49:30, Sys 0 00:00:04  -  Total Remote Usage
		Usr 0 00:00:00, Sys 0 00:00:00  -  Total Local Usage
	0  -  Run Bytes Sent By Job
	0  -  Run Bytes Received By Job
	0  -  Total Bytes Sent By Job
	0  -  Total Bytes Received By Job
	Partitionable Resources :    Usage  Request Allocated 
	   Cpus                 :     1.00        1         1 
	   Disk (KB)            :     1           1    255907 
	   Memory (MB)          :    36           1       999 
...
000 (29616.082.000) 01/28 14:59:33 Job submitted from host: <172.16.11.200:9618?addrs=172.16.11.200-9618&noUDP&sock=14877_46f2_4>
...
009 (29616.082.000) 01/28 15:00:13 Job was aborted by the user.
	via condor_rm (by user zhangliang)
...
000 (29617.082.000) 01/28 15:01:04 Job submitted from host: <172.16.11.200:9618?addrs=172.16.11.200-9618&noUDP&sock=14877_46f2_4>
...
001 (29617.082.000) 01/28 15:03:15 Job executing on host: <172.16.11.233:9618?addrs=172.16.11.233-9618&alias=pc-farm3&noUDP&sock=startd_4556_edfa>
...
006 (29617.082.000) 01/28 15:03:23 Image size of job updated: 39396
	39  -  MemoryUsage of job (MB)
	39396  -  ResidentSetSize of job (KB)
...
006 (29617.082.000) 01/28 15:53:26 Image size of job updated: 39424
	39  -  MemoryUsage of job (MB)
	39424  -  ResidentSetSize of job (KB)
...
005 (29617.082.000) 01/28 16:22:22 Job terminated.
	(1) Normal termination (return value 0)
		Usr 0 01:19:07, Sys 0 00:00:00  -  Run Remote Usage
		Usr 0 00:00:00, Sys 0 00:00:00  -  Run Local Usage
		Usr 0 01:19:07, Sys 0 00:00:00  -  Total Remote Usage
		Usr 0 00:00:00, Sys 0 00:00:00  -  Total Local Usage
	0  -  Run Bytes Sent By Job
	0  -  Run Bytes Received By Job
	0  -  Total Bytes Sent By Job
	0  -  Total Bytes Received By Job
	Partitionable Resources :    Usage  Request Allocated 
	   Cpus                 :     1.00        1         1 
	   Disk (KB)            :     1           1    254050 
	   Memory (MB)          :    39           1      1005 
...
000 (29696.082.000) 01/30 20:13:16 Job submitted from host: <172.16.11.200:9618?addrs=172.16.11.200-9618&noUDP&sock=14877_46f2_4>
...
001 (29696.082.000) 01/30 21:46:02 Job executing on host: <172.16.11.234:9618?addrs=172.16.11.234-9618&alias=pc-farm4&noUDP&sock=startd_5195_3aff>
...
006 (29696.082.000) 01/30 21:46:11 Image size of job updated: 423580
	36  -  MemoryUsage of job (MB)
	35888  -  ResidentSetSize of job (KB)
...
006 (29696.082.000) 01/30 21:56:12 Image size of job updated: 424360
	36  -  MemoryUsage of job (MB)
	35892  -  ResidentSetSize of job (KB)
...
005 (29696.082.000) 01/30 23:32:02 Job terminated.
	(1) Normal termination (return value 0)
		Usr 0 01:45:58, Sys 0 00:00:00  -  Run Remote Usage
		Usr 0 00:00:00, Sys 0 00:00:00  -  Run Local Usage
		Usr 0 01:45:58, Sys 0 00:00:00  -  Total Remote Usage
		Usr 0 00:00:00, Sys 0 00:00:00  -  Total Local Usage
	0  -  Run Bytes Sent By Job
	0  -  Run Bytes Received By Job
	0  -  Total Bytes Sent By Job
	0  -  Total Bytes Received By Job
	Partitionable Resources :    Usage  Request Allocated 
	   Cpus                 :     1.00        1         1 
	   Disk (KB)            :     1           1    255907 
	   Memory (MB)          :    36           1       999 
...
000 (29706.082.000) 01/31 10:47:04 Job submitted from host: <172.16.11.200:9618?addrs=172.16.11.200-9618&noUDP&sock=14877_46f2_4>
...
001 (29706.082.000) 01/31 11:04:07 Job executing on host: <172.16.11.233:9618?addrs=172.16.11.233-9618&alias=pc-farm3&noUDP&sock=startd_4556_edfa>
...
006 (29706.082.000) 01/31 11:04:16 Image size of job updated: 54496
	54  -  MemoryUsage of job (MB)
	54496  -  ResidentSetSize of job (KB)
...
006 (29706.082.000) 01/31 12:04:23 Image size of job updated: 54500
	54  -  MemoryUsage of job (MB)
	54500  -  ResidentSetSize of job (KB)
...
006 (29706.082.000) 01/31 12:09:23 Image size of job updated: 54516
	54  -  MemoryUsage of job (MB)
	54516  -  ResidentSetSize of job (KB)
...
006 (29706.082.000) 01/31 12:14:23 Image size of job updated: 54528
	54  -  MemoryUsage of job (MB)
	54528  -  ResidentSetSize of job (KB)
...
006 (29706.082.000) 01/31 12:19:24 Image size of job updated: 54544
	54  -  MemoryUsage of job (MB)
	54544  -  ResidentSetSize of job (KB)
...
006 (29706.082.000) 01/31 12:24:24 Image size of job updated: 55336
	55  -  MemoryUsage of job (MB)
	55336  -  ResidentSetSize of job (KB)
...
006 (29706.082.000) 01/31 12:29:24 Image size of job updated: 55352
	55  -  MemoryUsage of job (MB)
	55352  -  ResidentSetSize of job (KB)
...
005 (29706.082.000) 01/31 12:33:44 Job terminated.
	(1) Normal termination (return value 0)
		Usr 0 01:29:02, Sys 0 00:00:03  -  Run Remote Usage
		Usr 0 00:00:00, Sys 0 00:00:00  -  Run Local Usage
		Usr 0 01:29:02, Sys 0 00:00:03  -  Total Remote Usage
		Usr 0 00:00:00, Sys 0 00:00:00  -  Total Local Usage
	0  -  Run Bytes Sent By Job
	0  -  Run Bytes Received By Job
	0  -  Total Bytes Sent By Job
	0  -  Total Bytes Received By Job
	Partitionable Resources :    Usage  Request Allocated 
	   Cpus                 :     0.99        1         1 
	   Disk (KB)            :     1           1    254050 
	   Memory (MB)          :    55           1      1005 
...
000 (29707.082.000) 01/31 14:36:19 Job submitted from host: <172.16.11.200:9618?addrs=172.16.11.200-9618&noUDP&sock=14877_46f2_4>
...
009 (29707.082.000) 01/31 16:16:03 Job was aborted by the user.
	via condor_rm (by user zhangliang)
...
000 (29725.082.000) 01/31 16:16:10 Job submitted from host: <172.16.11.200:9618?addrs=172.16.11.200-9618&noUDP&sock=14877_46f2_4>
...
001 (29725.082.000) 01/31 19:20:36 Job executing on host: <172.16.11.231:9618?addrs=172.16.11.231-9618&noUDP&sock=startd_22895_f54e_4>
...
006 (29725.082.000) 01/31 19:20:45 Image size of job updated: 49620
	49  -  MemoryUsage of job (MB)
	49620  -  ResidentSetSize of job (KB)
...
006 (29725.082.000) 01/31 19:40:47 Image size of job updated: 49624
	49  -  MemoryUsage of job (MB)
	49624  -  ResidentSetSize of job (KB)
...
005 (29725.082.000) 01/31 20:46:38 Job terminated.
	(1) Normal termination (return value 0)
		Usr 0 01:26:01, Sys 0 00:00:00  -  Run Remote Usage
		Usr 0 00:00:00, Sys 0 00:00:00  -  Run Local Usage
		Usr 0 01:26:01, Sys 0 00:00:00  -  Total Remote Usage
		Usr 0 00:00:00, Sys 0 00:00:00  -  Total Local Usage
	0  -  Run Bytes Sent By Job
	0  -  Run Bytes Received By Job
	0  -  Total Bytes Sent By Job
	0  -  Total Bytes Received By Job
	Partitionable Resources :    Usage  Request Allocated 
	   Cpus                 :     1.00        1         1 
	   Disk (KB)            :     1           1    241059 
	   Memory (MB)          :    49           1      2008 
...
