000 (28203.023.000) 12/31 10:12:06 Job submitted from host: <172.16.11.200:9618?addrs=172.16.11.200-9618&noUDP&sock=14877_46f2_4>
...
001 (28203.023.000) 12/31 10:12:16 Job executing on host: <172.16.11.233:9618?addrs=172.16.11.233-9618&alias=pc-farm3&noUDP&sock=startd_4556_edfa>
...
006 (28203.023.000) 12/31 10:12:25 Image size of job updated: 38112
	38  -  MemoryUsage of job (MB)
	38112  -  ResidentSetSize of job (KB)
...
006 (28203.023.000) 12/31 10:32:27 Image size of job updated: 38308
	38  -  MemoryUsage of job (MB)
	38308  -  ResidentSetSize of job (KB)
...
006 (28203.023.000) 12/31 10:37:27 Image size of job updated: 38520
	38  -  MemoryUsage of job (MB)
	38520  -  ResidentSetSize of job (KB)
...
006 (28203.023.000) 12/31 10:47:29 Image size of job updated: 38724
	38  -  MemoryUsage of job (MB)
	38724  -  ResidentSetSize of job (KB)
...
006 (28203.023.000) 12/31 10:57:29 Image size of job updated: 38812
	38  -  MemoryUsage of job (MB)
	38812  -  ResidentSetSize of job (KB)
...
006 (28203.023.000) 12/31 11:07:31 Image size of job updated: 38992
	39  -  MemoryUsage of job (MB)
	38992  -  ResidentSetSize of job (KB)
...
006 (28203.023.000) 12/31 11:17:32 Image size of job updated: 39060
	39  -  MemoryUsage of job (MB)
	39060  -  ResidentSetSize of job (KB)
...
006 (28203.023.000) 12/31 11:27:33 Image size of job updated: 39468
	39  -  MemoryUsage of job (MB)
	39468  -  ResidentSetSize of job (KB)
...
006 (28203.023.000) 12/31 11:42:35 Image size of job updated: 39716
	39  -  MemoryUsage of job (MB)
	39716  -  ResidentSetSize of job (KB)
...
006 (28203.023.000) 12/31 11:47:35 Image size of job updated: 39828
	39  -  MemoryUsage of job (MB)
	39828  -  ResidentSetSize of job (KB)
...
006 (28203.023.000) 12/31 11:52:36 Image size of job updated: 39908
	39  -  MemoryUsage of job (MB)
	39908  -  ResidentSetSize of job (KB)
...
006 (28203.023.000) 12/31 12:02:37 Image size of job updated: 39980
	40  -  MemoryUsage of job (MB)
	39980  -  ResidentSetSize of job (KB)
...
006 (28203.023.000) 12/31 12:12:38 Image size of job updated: 40140
	40  -  MemoryUsage of job (MB)
	40140  -  ResidentSetSize of job (KB)
...
006 (28203.023.000) 12/31 12:17:38 Image size of job updated: 40380
	40  -  MemoryUsage of job (MB)
	40380  -  ResidentSetSize of job (KB)
...
006 (28203.023.000) 12/31 12:32:40 Image size of job updated: 40408
	40  -  MemoryUsage of job (MB)
	40408  -  ResidentSetSize of job (KB)
...
005 (28203.023.000) 12/31 12:35:37 Job terminated.
	(1) Normal termination (return value 0)
		Usr 0 02:19:37, Sys 0 00:00:04  -  Run Remote Usage
		Usr 0 00:00:00, Sys 0 00:00:00  -  Run Local Usage
		Usr 0 02:19:37, Sys 0 00:00:04  -  Total Remote Usage
		Usr 0 00:00:00, Sys 0 00:00:00  -  Total Local Usage
	0  -  Run Bytes Sent By Job
	0  -  Run Bytes Received By Job
	0  -  Total Bytes Sent By Job
	0  -  Total Bytes Received By Job
	Partitionable Resources :    Usage  Request Allocated 
	   Cpus                 :     0.98        1         1 
	   Disk (KB)            :     1           1    254050 
	   Memory (MB)          :    40           1      1005 
...
000 (28206.023.000) 12/31 14:09:35 Job submitted from host: <172.16.11.200:9618?addrs=172.16.11.200-9618&noUDP&sock=14877_46f2_4>
...
001 (28206.023.000) 12/31 14:17:36 Job executing on host: <172.16.11.231:9618?addrs=172.16.11.231-9618&noUDP&sock=startd_22895_f54e_4>
...
006 (28206.023.000) 12/31 14:17:45 Image size of job updated: 34932
	35  -  MemoryUsage of job (MB)
	34932  -  ResidentSetSize of job (KB)
...
006 (28206.023.000) 01/01 01:28:59 Image size of job updated: 35044
	35  -  MemoryUsage of job (MB)
	35044  -  ResidentSetSize of job (KB)
...
005 (28206.023.000) 01/01 11:25:48 Job terminated.
	(1) Normal termination (return value 0)
		Usr 0 21:07:53, Sys 0 00:00:03  -  Run Remote Usage
		Usr 0 00:00:00, Sys 0 00:00:00  -  Run Local Usage
		Usr 0 21:07:53, Sys 0 00:00:03  -  Total Remote Usage
		Usr 0 00:00:00, Sys 0 00:00:00  -  Total Local Usage
	0  -  Run Bytes Sent By Job
	0  -  Run Bytes Received By Job
	0  -  Total Bytes Sent By Job
	0  -  Total Bytes Received By Job
	Partitionable Resources :    Usage  Request Allocated 
	   Cpus                 :     1.00        1         1 
	   Disk (KB)            :     1           1    241059 
	   Memory (MB)          :    35           1      2008 
...
000 (28248.023.000) 01/05 15:45:55 Job submitted from host: <172.16.11.200:9618?addrs=172.16.11.200-9618&noUDP&sock=14877_46f2_4>
...
001 (28248.023.000) 01/05 16:33:39 Job executing on host: <172.16.11.231:9618?addrs=172.16.11.231-9618&noUDP&sock=startd_22895_f54e_4>
...
006 (28248.023.000) 01/05 16:33:48 Image size of job updated: 34428
	34  -  MemoryUsage of job (MB)
	34428  -  ResidentSetSize of job (KB)
...
005 (28248.023.000) 01/06 01:55:59 Job terminated.
	(1) Normal termination (return value 0)
		Usr 0 09:21:07, Sys 0 00:00:01  -  Run Remote Usage
		Usr 0 00:00:00, Sys 0 00:00:00  -  Run Local Usage
		Usr 0 09:21:07, Sys 0 00:00:01  -  Total Remote Usage
		Usr 0 00:00:00, Sys 0 00:00:00  -  Total Local Usage
	0  -  Run Bytes Sent By Job
	0  -  Run Bytes Received By Job
	0  -  Total Bytes Sent By Job
	0  -  Total Bytes Received By Job
	Partitionable Resources :    Usage  Request Allocated 
	   Cpus                 :     1.00        1         1 
	   Disk (KB)            :     1           1    241059 
	   Memory (MB)          :    34           1      2008 
...
000 (28271.023.000) 01/06 15:26:51 Job submitted from host: <172.16.11.200:9618?addrs=172.16.11.200-9618&noUDP&sock=14877_46f2_4>
...
009 (28271.023.000) 01/06 15:47:44 Job was aborted by the user.
	via condor_rm (by user zhangliang)
...
