000 (28203.015.000) 12/31 10:12:06 Job submitted from host: <172.16.11.200:9618?addrs=172.16.11.200-9618&noUDP&sock=14877_46f2_4>
...
001 (28203.015.000) 12/31 10:12:12 Job executing on host: <172.16.11.233:9618?addrs=172.16.11.233-9618&alias=pc-farm3&noUDP&sock=startd_4556_edfa>
...
006 (28203.015.000) 12/31 10:12:21 Image size of job updated: 38804
	38  -  MemoryUsage of job (MB)
	38804  -  ResidentSetSize of job (KB)
...
006 (28203.015.000) 12/31 10:37:25 Image size of job updated: 39000
	39  -  MemoryUsage of job (MB)
	39000  -  ResidentSetSize of job (KB)
...
006 (28203.015.000) 12/31 10:42:25 Image size of job updated: 39084
	39  -  MemoryUsage of job (MB)
	39084  -  ResidentSetSize of job (KB)
...
006 (28203.015.000) 12/31 10:52:26 Image size of job updated: 39292
	39  -  MemoryUsage of job (MB)
	39292  -  ResidentSetSize of job (KB)
...
006 (28203.015.000) 12/31 10:57:26 Image size of job updated: 39412
	39  -  MemoryUsage of job (MB)
	39412  -  ResidentSetSize of job (KB)
...
006 (28203.015.000) 12/31 11:07:28 Image size of job updated: 39588
	39  -  MemoryUsage of job (MB)
	39588  -  ResidentSetSize of job (KB)
...
006 (28203.015.000) 12/31 11:17:28 Image size of job updated: 39656
	39  -  MemoryUsage of job (MB)
	39656  -  ResidentSetSize of job (KB)
...
006 (28203.015.000) 12/31 11:22:29 Image size of job updated: 39860
	39  -  MemoryUsage of job (MB)
	39860  -  ResidentSetSize of job (KB)
...
006 (28203.015.000) 12/31 11:32:30 Image size of job updated: 40056
	40  -  MemoryUsage of job (MB)
	40056  -  ResidentSetSize of job (KB)
...
006 (28203.015.000) 12/31 11:37:30 Image size of job updated: 40132
	40  -  MemoryUsage of job (MB)
	40132  -  ResidentSetSize of job (KB)
...
006 (28203.015.000) 12/31 11:47:32 Image size of job updated: 40324
	40  -  MemoryUsage of job (MB)
	40324  -  ResidentSetSize of job (KB)
...
006 (28203.015.000) 12/31 11:52:32 Image size of job updated: 40404
	40  -  MemoryUsage of job (MB)
	40404  -  ResidentSetSize of job (KB)
...
006 (28203.015.000) 12/31 12:02:34 Image size of job updated: 40596
	40  -  MemoryUsage of job (MB)
	40596  -  ResidentSetSize of job (KB)
...
006 (28203.015.000) 12/31 12:07:34 Image size of job updated: 40672
	40  -  MemoryUsage of job (MB)
	40672  -  ResidentSetSize of job (KB)
...
006 (28203.015.000) 12/31 12:17:35 Image size of job updated: 40864
	40  -  MemoryUsage of job (MB)
	40864  -  ResidentSetSize of job (KB)
...
006 (28203.015.000) 12/31 12:27:36 Image size of job updated: 41024
	41  -  MemoryUsage of job (MB)
	41024  -  ResidentSetSize of job (KB)
...
006 (28203.015.000) 12/31 12:32:36 Image size of job updated: 41100
	41  -  MemoryUsage of job (MB)
	41100  -  ResidentSetSize of job (KB)
...
006 (28203.015.000) 12/31 12:37:37 Image size of job updated: 41212
	41  -  MemoryUsage of job (MB)
	41212  -  ResidentSetSize of job (KB)
...
005 (28203.015.000) 12/31 12:38:29 Job terminated.
	(1) Normal termination (return value 0)
		Usr 0 02:22:29, Sys 0 00:00:04  -  Run Remote Usage
		Usr 0 00:00:00, Sys 0 00:00:00  -  Run Local Usage
		Usr 0 02:22:29, Sys 0 00:00:04  -  Total Remote Usage
		Usr 0 00:00:00, Sys 0 00:00:00  -  Total Local Usage
	0  -  Run Bytes Sent By Job
	0  -  Run Bytes Received By Job
	0  -  Total Bytes Sent By Job
	0  -  Total Bytes Received By Job
	Partitionable Resources :    Usage  Request Allocated 
	   Cpus                 :     0.97        1         1 
	   Disk (KB)            :     1           1    254050 
	   Memory (MB)          :    41           1      1005 
...
000 (28206.015.000) 12/31 14:09:35 Job submitted from host: <172.16.11.200:9618?addrs=172.16.11.200-9618&noUDP&sock=14877_46f2_4>
...
001 (28206.015.000) 12/31 14:14:37 Job executing on host: <172.16.11.231:9618?addrs=172.16.11.231-9618&noUDP&sock=startd_22895_f54e_4>
...
006 (28206.015.000) 12/31 14:14:45 Image size of job updated: 35100
	35  -  MemoryUsage of job (MB)
	35100  -  ResidentSetSize of job (KB)
...
006 (28206.015.000) 01/01 01:25:51 Image size of job updated: 35796
	35  -  MemoryUsage of job (MB)
	35796  -  ResidentSetSize of job (KB)
...
006 (28206.015.000) 01/01 11:15:47 Image size of job updated: 423324
	35  -  MemoryUsage of job (MB)
	35796  -  ResidentSetSize of job (KB)
...
005 (28206.015.000) 01/01 11:15:47 Job terminated.
	(1) Normal termination (return value 0)
		Usr 0 20:51:23, Sys 0 00:00:01  -  Run Remote Usage
		Usr 0 00:00:00, Sys 0 00:00:00  -  Run Local Usage
		Usr 0 20:51:23, Sys 0 00:00:01  -  Total Remote Usage
		Usr 0 00:00:00, Sys 0 00:00:00  -  Total Local Usage
	0  -  Run Bytes Sent By Job
	0  -  Run Bytes Received By Job
	0  -  Total Bytes Sent By Job
	0  -  Total Bytes Received By Job
	Partitionable Resources :    Usage  Request Allocated 
	   Cpus                 :     0.92        1         1 
	   Disk (KB)            :     1           1    241059 
	   Memory (MB)          :    35           1      2008 
...
000 (28248.015.000) 01/05 15:45:55 Job submitted from host: <172.16.11.200:9618?addrs=172.16.11.200-9618&noUDP&sock=14877_46f2_4>
...
001 (28248.015.000) 01/05 16:25:39 Job executing on host: <172.16.11.233:9618?addrs=172.16.11.233-9618&alias=pc-farm3&noUDP&sock=startd_4556_edfa>
...
006 (28248.015.000) 01/05 16:25:48 Image size of job updated: 38680
	38  -  MemoryUsage of job (MB)
	38680  -  ResidentSetSize of job (KB)
...
006 (28248.015.000) 01/05 18:05:56 Image size of job updated: 38720
	38  -  MemoryUsage of job (MB)
	38720  -  ResidentSetSize of job (KB)
...
006 (28248.015.000) 01/05 18:10:56 Image size of job updated: 38860
	38  -  MemoryUsage of job (MB)
	38860  -  ResidentSetSize of job (KB)
...
006 (28248.015.000) 01/05 18:25:57 Image size of job updated: 38912
	38  -  MemoryUsage of job (MB)
	38912  -  ResidentSetSize of job (KB)
...
006 (28248.015.000) 01/05 19:01:02 Image size of job updated: 39032
	39  -  MemoryUsage of job (MB)
	39032  -  ResidentSetSize of job (KB)
...
006 (28248.015.000) 01/05 19:11:03 Image size of job updated: 39068
	39  -  MemoryUsage of job (MB)
	39068  -  ResidentSetSize of job (KB)
...
006 (28248.015.000) 01/05 19:41:06 Image size of job updated: 39088
	39  -  MemoryUsage of job (MB)
	39088  -  ResidentSetSize of job (KB)
...
006 (28248.015.000) 01/05 19:46:06 Image size of job updated: 39232
	39  -  MemoryUsage of job (MB)
	39232  -  ResidentSetSize of job (KB)
...
006 (28248.015.000) 01/05 19:51:07 Image size of job updated: 39252
	39  -  MemoryUsage of job (MB)
	39252  -  ResidentSetSize of job (KB)
...
006 (28248.015.000) 01/05 20:11:10 Image size of job updated: 39336
	39  -  MemoryUsage of job (MB)
	39336  -  ResidentSetSize of job (KB)
...
006 (28248.015.000) 01/05 20:36:11 Image size of job updated: 39344
	39  -  MemoryUsage of job (MB)
	39344  -  ResidentSetSize of job (KB)
...
006 (28248.015.000) 01/05 20:41:13 Image size of job updated: 39492
	39  -  MemoryUsage of job (MB)
	39492  -  ResidentSetSize of job (KB)
...
006 (28248.015.000) 01/05 20:46:13 Image size of job updated: 39512
	39  -  MemoryUsage of job (MB)
	39512  -  ResidentSetSize of job (KB)
...
006 (28248.015.000) 01/05 20:56:14 Image size of job updated: 39556
	39  -  MemoryUsage of job (MB)
	39556  -  ResidentSetSize of job (KB)
...
006 (28248.015.000) 01/05 21:11:16 Image size of job updated: 39620
	39  -  MemoryUsage of job (MB)
	39620  -  ResidentSetSize of job (KB)
...
006 (28248.015.000) 01/05 21:21:17 Image size of job updated: 39668
	39  -  MemoryUsage of job (MB)
	39668  -  ResidentSetSize of job (KB)
...
006 (28248.015.000) 01/05 21:31:18 Image size of job updated: 39712
	39  -  MemoryUsage of job (MB)
	39712  -  ResidentSetSize of job (KB)
...
006 (28248.015.000) 01/05 21:36:18 Image size of job updated: 39732
	39  -  MemoryUsage of job (MB)
	39732  -  ResidentSetSize of job (KB)
...
006 (28248.015.000) 01/05 21:41:18 Image size of job updated: 39756
	39  -  MemoryUsage of job (MB)
	39756  -  ResidentSetSize of job (KB)
...
006 (28248.015.000) 01/05 21:51:20 Image size of job updated: 39804
	39  -  MemoryUsage of job (MB)
	39804  -  ResidentSetSize of job (KB)
...
006 (28248.015.000) 01/05 21:56:20 Image size of job updated: 40028
	40  -  MemoryUsage of job (MB)
	40028  -  ResidentSetSize of job (KB)
...
006 (28248.015.000) 01/05 22:06:22 Image size of job updated: 40096
	40  -  MemoryUsage of job (MB)
	40096  -  ResidentSetSize of job (KB)
...
006 (28248.015.000) 01/05 22:51:27 Image size of job updated: 40328
	40  -  MemoryUsage of job (MB)
	40328  -  ResidentSetSize of job (KB)
...
006 (28248.015.000) 01/05 23:16:29 Image size of job updated: 40360
	40  -  MemoryUsage of job (MB)
	40360  -  ResidentSetSize of job (KB)
...
006 (28248.015.000) 01/05 23:21:30 Image size of job updated: 40384
	40  -  MemoryUsage of job (MB)
	40384  -  ResidentSetSize of job (KB)
...
006 (28248.015.000) 01/06 00:01:35 Image size of job updated: 40388
	40  -  MemoryUsage of job (MB)
	40388  -  ResidentSetSize of job (KB)
...
006 (28248.015.000) 01/06 00:06:35 Image size of job updated: 40396
	40  -  MemoryUsage of job (MB)
	40396  -  ResidentSetSize of job (KB)
...
006 (28248.015.000) 01/06 00:11:35 Image size of job updated: 40448
	40  -  MemoryUsage of job (MB)
	40448  -  ResidentSetSize of job (KB)
...
006 (28248.015.000) 01/06 00:16:36 Image size of job updated: 40472
	40  -  MemoryUsage of job (MB)
	40472  -  ResidentSetSize of job (KB)
...
006 (28248.015.000) 01/06 00:21:36 Image size of job updated: 40492
	40  -  MemoryUsage of job (MB)
	40492  -  ResidentSetSize of job (KB)
...
006 (28248.015.000) 01/06 00:26:36 Image size of job updated: 40512
	40  -  MemoryUsage of job (MB)
	40512  -  ResidentSetSize of job (KB)
...
006 (28248.015.000) 01/06 00:31:38 Image size of job updated: 40532
	40  -  MemoryUsage of job (MB)
	40532  -  ResidentSetSize of job (KB)
...
006 (28248.015.000) 01/06 00:36:38 Image size of job updated: 40680
	40  -  MemoryUsage of job (MB)
	40680  -  ResidentSetSize of job (KB)
...
006 (28248.015.000) 01/06 01:11:42 Image size of job updated: 40700
	40  -  MemoryUsage of job (MB)
	40700  -  ResidentSetSize of job (KB)
...
006 (28248.015.000) 01/06 01:16:42 Image size of job updated: 40752
	40  -  MemoryUsage of job (MB)
	40752  -  ResidentSetSize of job (KB)
...
006 (28248.015.000) 01/06 01:21:43 Image size of job updated: 40772
	40  -  MemoryUsage of job (MB)
	40772  -  ResidentSetSize of job (KB)
...
006 (28248.015.000) 01/06 01:26:43 Image size of job updated: 40792
	40  -  MemoryUsage of job (MB)
	40792  -  ResidentSetSize of job (KB)
...
006 (28248.015.000) 01/06 01:31:43 Image size of job updated: 40940
	40  -  MemoryUsage of job (MB)
	40940  -  ResidentSetSize of job (KB)
...
005 (28248.015.000) 01/06 01:33:59 Job terminated.
	(1) Normal termination (return value 0)
		Usr 0 08:21:08, Sys 0 00:00:05  -  Run Remote Usage
		Usr 0 00:00:00, Sys 0 00:00:00  -  Run Local Usage
		Usr 0 08:21:08, Sys 0 00:00:05  -  Total Remote Usage
		Usr 0 00:00:00, Sys 0 00:00:00  -  Total Local Usage
	0  -  Run Bytes Sent By Job
	0  -  Run Bytes Received By Job
	0  -  Total Bytes Sent By Job
	0  -  Total Bytes Received By Job
	Partitionable Resources :    Usage  Request Allocated 
	   Cpus                 :     0.89        1         1 
	   Disk (KB)            :     1           1    254050 
	   Memory (MB)          :    40           1      1005 
...
000 (28271.015.000) 01/06 15:26:51 Job submitted from host: <172.16.11.200:9618?addrs=172.16.11.200-9618&noUDP&sock=14877_46f2_4>
...
009 (28271.015.000) 01/06 15:47:44 Job was aborted by the user.
	via condor_rm (by user zhangliang)
...
000 (29325.015.000) 01/22 22:42:18 Job submitted from host: <172.16.11.200:9618?addrs=172.16.11.200-9618&noUDP&sock=14877_46f2_4>
...
001 (29325.015.000) 01/23 03:42:36 Job executing on host: <172.16.11.231:9618?addrs=172.16.11.231-9618&noUDP&sock=startd_22895_f54e_4>
...
006 (29325.015.000) 01/23 03:42:45 Image size of job updated: 35632
	35  -  MemoryUsage of job (MB)
	35632  -  ResidentSetSize of job (KB)
...
006 (29325.015.000) 01/23 05:37:54 Image size of job updated: 35740
	35  -  MemoryUsage of job (MB)
	35740  -  ResidentSetSize of job (KB)
...
005 (29325.015.000) 01/23 18:02:11 Job terminated.
	(1) Normal termination (return value 0)
		Usr 0 14:19:28, Sys 0 00:00:03  -  Run Remote Usage
		Usr 0 00:00:00, Sys 0 00:00:00  -  Run Local Usage
		Usr 0 14:19:28, Sys 0 00:00:03  -  Total Remote Usage
		Usr 0 00:00:00, Sys 0 00:00:00  -  Total Local Usage
	0  -  Run Bytes Sent By Job
	0  -  Run Bytes Received By Job
	0  -  Total Bytes Sent By Job
	0  -  Total Bytes Received By Job
	Partitionable Resources :    Usage  Request Allocated 
	   Cpus                 :     1.00        1         1 
	   Disk (KB)            :     1           1    241059 
	   Memory (MB)          :    35           1      2008 
...
000 (29520.015.000) 01/25 22:31:41 Job submitted from host: <172.16.11.200:9618?addrs=172.16.11.200-9618&noUDP&sock=14877_46f2_4>
...
001 (29520.015.000) 01/25 22:47:43 Job executing on host: <172.16.11.233:9618?addrs=172.16.11.233-9618&alias=pc-farm3&noUDP&sock=startd_4556_edfa>
...
006 (29520.015.000) 01/25 22:47:52 Image size of job updated: 40156
	40  -  MemoryUsage of job (MB)
	40156  -  ResidentSetSize of job (KB)
...
006 (29520.015.000) 01/25 23:37:56 Image size of job updated: 40248
	40  -  MemoryUsage of job (MB)
	40248  -  ResidentSetSize of job (KB)
...
006 (29520.015.000) 01/25 23:42:56 Image size of job updated: 40260
	40  -  MemoryUsage of job (MB)
	40260  -  ResidentSetSize of job (KB)
...
006 (29520.015.000) 01/25 23:52:58 Image size of job updated: 40284
	40  -  MemoryUsage of job (MB)
	40284  -  ResidentSetSize of job (KB)
...
006 (29520.015.000) 01/25 23:57:58 Image size of job updated: 40396
	40  -  MemoryUsage of job (MB)
	40396  -  ResidentSetSize of job (KB)
...
006 (29520.015.000) 01/26 00:13:00 Image size of job updated: 40428
	40  -  MemoryUsage of job (MB)
	40428  -  ResidentSetSize of job (KB)
...
006 (29520.015.000) 01/26 00:23:02 Image size of job updated: 40448
	40  -  MemoryUsage of job (MB)
	40448  -  ResidentSetSize of job (KB)
...
006 (29520.015.000) 01/26 00:28:02 Image size of job updated: 40460
	40  -  MemoryUsage of job (MB)
	40460  -  ResidentSetSize of job (KB)
...
006 (29520.015.000) 01/26 00:33:02 Image size of job updated: 40476
	40  -  MemoryUsage of job (MB)
	40476  -  ResidentSetSize of job (KB)
...
006 (29520.015.000) 01/26 00:43:03 Image size of job updated: 40496
	40  -  MemoryUsage of job (MB)
	40496  -  ResidentSetSize of job (KB)
...
006 (29520.015.000) 01/26 00:53:04 Image size of job updated: 40524
	40  -  MemoryUsage of job (MB)
	40524  -  ResidentSetSize of job (KB)
...
006 (29520.015.000) 01/26 00:58:05 Image size of job updated: 40536
	40  -  MemoryUsage of job (MB)
	40536  -  ResidentSetSize of job (KB)
...
006 (29520.015.000) 01/26 01:08:06 Image size of job updated: 40592
	40  -  MemoryUsage of job (MB)
	40592  -  ResidentSetSize of job (KB)
...
006 (29520.015.000) 01/26 01:13:07 Image size of job updated: 40604
	40  -  MemoryUsage of job (MB)
	40604  -  ResidentSetSize of job (KB)
...
006 (29520.015.000) 01/26 01:23:08 Image size of job updated: 40624
	40  -  MemoryUsage of job (MB)
	40624  -  ResidentSetSize of job (KB)
...
006 (29520.015.000) 01/26 01:33:09 Image size of job updated: 40644
	40  -  MemoryUsage of job (MB)
	40644  -  ResidentSetSize of job (KB)
...
006 (29520.015.000) 01/26 01:48:11 Image size of job updated: 40684
	40  -  MemoryUsage of job (MB)
	40684  -  ResidentSetSize of job (KB)
...
006 (29520.015.000) 01/26 01:53:11 Image size of job updated: 40692
	40  -  MemoryUsage of job (MB)
	40692  -  ResidentSetSize of job (KB)
...
006 (29520.015.000) 01/26 02:03:13 Image size of job updated: 40840
	40  -  MemoryUsage of job (MB)
	40840  -  ResidentSetSize of job (KB)
...
006 (29520.015.000) 01/26 03:18:21 Image size of job updated: 40928
	40  -  MemoryUsage of job (MB)
	40928  -  ResidentSetSize of job (KB)
...
006 (29520.015.000) 01/26 03:28:22 Image size of job updated: 40952
	40  -  MemoryUsage of job (MB)
	40952  -  ResidentSetSize of job (KB)
...
006 (29520.015.000) 01/26 03:33:22 Image size of job updated: 40960
	40  -  MemoryUsage of job (MB)
	40960  -  ResidentSetSize of job (KB)
...
006 (29520.015.000) 01/26 03:43:23 Image size of job updated: 40992
	41  -  MemoryUsage of job (MB)
	40992  -  ResidentSetSize of job (KB)
...
006 (29520.015.000) 01/26 03:53:24 Image size of job updated: 41008
	41  -  MemoryUsage of job (MB)
	41008  -  ResidentSetSize of job (KB)
...
006 (29520.015.000) 01/26 04:08:25 Image size of job updated: 41052
	41  -  MemoryUsage of job (MB)
	41052  -  ResidentSetSize of job (KB)
...
006 (29520.015.000) 01/26 04:18:26 Image size of job updated: 41072
	41  -  MemoryUsage of job (MB)
	41072  -  ResidentSetSize of job (KB)
...
006 (29520.015.000) 01/26 04:33:28 Image size of job updated: 41112
	41  -  MemoryUsage of job (MB)
	41112  -  ResidentSetSize of job (KB)
...
006 (29520.015.000) 01/26 04:38:28 Image size of job updated: 41120
	41  -  MemoryUsage of job (MB)
	41120  -  ResidentSetSize of job (KB)
...
006 (29520.015.000) 01/26 04:53:30 Image size of job updated: 41184
	41  -  MemoryUsage of job (MB)
	41184  -  ResidentSetSize of job (KB)
...
006 (29520.015.000) 01/26 04:58:31 Image size of job updated: 41204
	41  -  MemoryUsage of job (MB)
	41204  -  ResidentSetSize of job (KB)
...
006 (29520.015.000) 01/26 05:03:32 Image size of job updated: 41212
	41  -  MemoryUsage of job (MB)
	41212  -  ResidentSetSize of job (KB)
...
006 (29520.015.000) 01/26 05:13:32 Image size of job updated: 41236
	41  -  MemoryUsage of job (MB)
	41236  -  ResidentSetSize of job (KB)
...
006 (29520.015.000) 01/26 05:18:33 Image size of job updated: 41244
	41  -  MemoryUsage of job (MB)
	41244  -  ResidentSetSize of job (KB)
...
006 (29520.015.000) 01/26 05:28:33 Image size of job updated: 41264
	41  -  MemoryUsage of job (MB)
	41264  -  ResidentSetSize of job (KB)
...
006 (29520.015.000) 01/26 05:33:34 Image size of job updated: 41284
	41  -  MemoryUsage of job (MB)
	41284  -  ResidentSetSize of job (KB)
...
006 (29520.015.000) 01/26 05:43:35 Image size of job updated: 41308
	41  -  MemoryUsage of job (MB)
	41308  -  ResidentSetSize of job (KB)
...
006 (29520.015.000) 01/26 05:53:37 Image size of job updated: 41324
	41  -  MemoryUsage of job (MB)
	41324  -  ResidentSetSize of job (KB)
...
006 (29520.015.000) 01/26 06:13:38 Image size of job updated: 41380
	41  -  MemoryUsage of job (MB)
	41380  -  ResidentSetSize of job (KB)
...
006 (29520.015.000) 01/26 06:18:38 Image size of job updated: 41396
	41  -  MemoryUsage of job (MB)
	41396  -  ResidentSetSize of job (KB)
...
006 (29520.015.000) 01/26 06:23:39 Image size of job updated: 41532
	41  -  MemoryUsage of job (MB)
	41532  -  ResidentSetSize of job (KB)
...
006 (29520.015.000) 01/26 07:03:43 Image size of job updated: 41540
	41  -  MemoryUsage of job (MB)
	41540  -  ResidentSetSize of job (KB)
...
006 (29520.015.000) 01/26 07:08:43 Image size of job updated: 41552
	41  -  MemoryUsage of job (MB)
	41552  -  ResidentSetSize of job (KB)
...
006 (29520.015.000) 01/26 07:13:44 Image size of job updated: 41556
	41  -  MemoryUsage of job (MB)
	41556  -  ResidentSetSize of job (KB)
...
006 (29520.015.000) 01/26 07:38:46 Image size of job updated: 41624
	41  -  MemoryUsage of job (MB)
	41624  -  ResidentSetSize of job (KB)
...
006 (29520.015.000) 01/26 07:43:47 Image size of job updated: 41640
	41  -  MemoryUsage of job (MB)
	41640  -  ResidentSetSize of job (KB)
...
006 (29520.015.000) 01/26 07:58:49 Image size of job updated: 41668
	41  -  MemoryUsage of job (MB)
	41668  -  ResidentSetSize of job (KB)
...
006 (29520.015.000) 01/26 08:08:50 Image size of job updated: 41696
	41  -  MemoryUsage of job (MB)
	41696  -  ResidentSetSize of job (KB)
...
006 (29520.015.000) 01/26 08:18:51 Image size of job updated: 41752
	41  -  MemoryUsage of job (MB)
	41752  -  ResidentSetSize of job (KB)
...
006 (29520.015.000) 01/26 08:23:51 Image size of job updated: 41768
	41  -  MemoryUsage of job (MB)
	41768  -  ResidentSetSize of job (KB)
...
006 (29520.015.000) 01/26 08:33:52 Image size of job updated: 41788
	41  -  MemoryUsage of job (MB)
	41788  -  ResidentSetSize of job (KB)
...
006 (29520.015.000) 01/26 08:38:53 Image size of job updated: 41804
	41  -  MemoryUsage of job (MB)
	41804  -  ResidentSetSize of job (KB)
...
006 (29520.015.000) 01/26 08:43:53 Image size of job updated: 41816
	41  -  MemoryUsage of job (MB)
	41816  -  ResidentSetSize of job (KB)
...
006 (29520.015.000) 01/26 08:48:54 Image size of job updated: 41820
	41  -  MemoryUsage of job (MB)
	41820  -  ResidentSetSize of job (KB)
...
006 (29520.015.000) 01/26 08:53:55 Image size of job updated: 41840
	41  -  MemoryUsage of job (MB)
	41840  -  ResidentSetSize of job (KB)
...
006 (29520.015.000) 01/26 08:58:55 Image size of job updated: 41852
	41  -  MemoryUsage of job (MB)
	41852  -  ResidentSetSize of job (KB)
...
006 (29520.015.000) 01/26 09:03:56 Image size of job updated: 41864
	41  -  MemoryUsage of job (MB)
	41864  -  ResidentSetSize of job (KB)
...
006 (29520.015.000) 01/26 09:08:57 Image size of job updated: 41872
	41  -  MemoryUsage of job (MB)
	41872  -  ResidentSetSize of job (KB)
...
006 (29520.015.000) 01/26 09:13:57 Image size of job updated: 41884
	41  -  MemoryUsage of job (MB)
	41884  -  ResidentSetSize of job (KB)
...
006 (29520.015.000) 01/26 09:23:59 Image size of job updated: 41912
	41  -  MemoryUsage of job (MB)
	41912  -  ResidentSetSize of job (KB)
...
006 (29520.015.000) 01/26 09:44:00 Image size of job updated: 41952
	41  -  MemoryUsage of job (MB)
	41952  -  ResidentSetSize of job (KB)
...
006 (29520.015.000) 01/26 09:49:00 Image size of job updated: 41964
	41  -  MemoryUsage of job (MB)
	41964  -  ResidentSetSize of job (KB)
...
006 (29520.015.000) 01/26 09:59:02 Image size of job updated: 42024
	42  -  MemoryUsage of job (MB)
	42024  -  ResidentSetSize of job (KB)
...
006 (29520.015.000) 01/26 10:04:02 Image size of job updated: 42036
	42  -  MemoryUsage of job (MB)
	42036  -  ResidentSetSize of job (KB)
...
006 (29520.015.000) 01/26 10:14:03 Image size of job updated: 42060
	42  -  MemoryUsage of job (MB)
	42060  -  ResidentSetSize of job (KB)
...
006 (29520.015.000) 01/26 10:29:04 Image size of job updated: 42096
	42  -  MemoryUsage of job (MB)
	42096  -  ResidentSetSize of job (KB)
...
006 (29520.015.000) 01/26 10:44:06 Image size of job updated: 42136
	42  -  MemoryUsage of job (MB)
	42136  -  ResidentSetSize of job (KB)
...
006 (29520.015.000) 01/26 10:59:07 Image size of job updated: 42168
	42  -  MemoryUsage of job (MB)
	42168  -  ResidentSetSize of job (KB)
...
006 (29520.015.000) 01/26 11:04:08 Image size of job updated: 42184
	42  -  MemoryUsage of job (MB)
	42184  -  ResidentSetSize of job (KB)
...
006 (29520.015.000) 01/26 11:09:08 Image size of job updated: 42192
	42  -  MemoryUsage of job (MB)
	42192  -  ResidentSetSize of job (KB)
...
006 (29520.015.000) 01/26 11:14:08 Image size of job updated: 42204
	42  -  MemoryUsage of job (MB)
	42204  -  ResidentSetSize of job (KB)
...
006 (29520.015.000) 01/26 11:19:09 Image size of job updated: 42216
	42  -  MemoryUsage of job (MB)
	42216  -  ResidentSetSize of job (KB)
...
006 (29520.015.000) 01/26 11:44:12 Image size of job updated: 42308
	42  -  MemoryUsage of job (MB)
	42308  -  ResidentSetSize of job (KB)
...
006 (29520.015.000) 01/26 12:04:13 Image size of job updated: 42356
	42  -  MemoryUsage of job (MB)
	42356  -  ResidentSetSize of job (KB)
...
006 (29520.015.000) 01/26 12:09:14 Image size of job updated: 42376
	42  -  MemoryUsage of job (MB)
	42376  -  ResidentSetSize of job (KB)
...
006 (29520.015.000) 01/26 12:19:15 Image size of job updated: 42392
	42  -  MemoryUsage of job (MB)
	42392  -  ResidentSetSize of job (KB)
...
006 (29520.015.000) 01/26 13:04:20 Image size of job updated: 42520
	42  -  MemoryUsage of job (MB)
	42520  -  ResidentSetSize of job (KB)
...
006 (29520.015.000) 01/26 13:39:23 Image size of job updated: 42648
	42  -  MemoryUsage of job (MB)
	42648  -  ResidentSetSize of job (KB)
...
005 (29520.015.000) 01/26 13:39:37 Job terminated.
	(1) Normal termination (return value 0)
		Usr 0 14:51:28, Sys 0 00:00:02  -  Run Remote Usage
		Usr 0 00:00:00, Sys 0 00:00:00  -  Run Local Usage
		Usr 0 14:51:28, Sys 0 00:00:02  -  Total Remote Usage
		Usr 0 00:00:00, Sys 0 00:00:00  -  Total Local Usage
	0  -  Run Bytes Sent By Job
	0  -  Run Bytes Received By Job
	0  -  Total Bytes Sent By Job
	0  -  Total Bytes Received By Job
	Partitionable Resources :    Usage  Request Allocated 
	   Cpus                 :     1.00        1         1 
	   Disk (KB)            :     1           1    254050 
	   Memory (MB)          :    42           1      1005 
...
000 (29539.015.000) 01/26 14:07:21 Job submitted from host: <172.16.11.200:9618?addrs=172.16.11.200-9618&noUDP&sock=14877_46f2_4>
...
001 (29539.015.000) 01/26 14:21:23 Job executing on host: <172.16.11.231:9618?addrs=172.16.11.231-9618&noUDP&sock=startd_22895_f54e_4>
...
006 (29539.015.000) 01/26 14:21:31 Image size of job updated: 36976
	35  -  MemoryUsage of job (MB)
	34996  -  ResidentSetSize of job (KB)
...
006 (29539.015.000) 01/26 14:51:33 Image size of job updated: 37108
	35  -  MemoryUsage of job (MB)
	34996  -  ResidentSetSize of job (KB)
...
006 (29539.015.000) 01/26 14:56:34 Image size of job updated: 37504
	35  -  MemoryUsage of job (MB)
	34996  -  ResidentSetSize of job (KB)
...
006 (29539.015.000) 01/26 15:01:34 Image size of job updated: 38164
	35  -  MemoryUsage of job (MB)
	34996  -  ResidentSetSize of job (KB)
...
006 (29539.015.000) 01/26 15:26:36 Image size of job updated: 38296
	35  -  MemoryUsage of job (MB)
	34996  -  ResidentSetSize of job (KB)
...
006 (29539.015.000) 01/26 15:46:39 Image size of job updated: 38560
	35  -  MemoryUsage of job (MB)
	34996  -  ResidentSetSize of job (KB)
...
006 (29539.015.000) 01/26 15:51:39 Image size of job updated: 38692
	35  -  MemoryUsage of job (MB)
	34996  -  ResidentSetSize of job (KB)
...
006 (29539.015.000) 01/26 15:56:40 Image size of job updated: 39088
	35  -  MemoryUsage of job (MB)
	34996  -  ResidentSetSize of job (KB)
...
006 (29539.015.000) 01/26 16:11:41 Image size of job updated: 39484
	35  -  MemoryUsage of job (MB)
	34996  -  ResidentSetSize of job (KB)
...
006 (29539.015.000) 01/26 16:16:41 Image size of job updated: 39880
	35  -  MemoryUsage of job (MB)
	34996  -  ResidentSetSize of job (KB)
...
006 (29539.015.000) 01/26 16:51:45 Image size of job updated: 40276
	35  -  MemoryUsage of job (MB)
	34996  -  ResidentSetSize of job (KB)
...
006 (29539.015.000) 01/26 17:11:46 Image size of job updated: 40408
	35  -  MemoryUsage of job (MB)
	34996  -  ResidentSetSize of job (KB)
...
006 (29539.015.000) 01/26 17:26:48 Image size of job updated: 40804
	35  -  MemoryUsage of job (MB)
	34996  -  ResidentSetSize of job (KB)
...
006 (29539.015.000) 01/26 18:21:54 Image size of job updated: 41068
	35  -  MemoryUsage of job (MB)
	34996  -  ResidentSetSize of job (KB)
...
006 (29539.015.000) 01/26 18:56:57 Image size of job updated: 41464
	35  -  MemoryUsage of job (MB)
	34996  -  ResidentSetSize of job (KB)
...
006 (29539.015.000) 01/26 19:16:59 Image size of job updated: 41596
	35  -  MemoryUsage of job (MB)
	34996  -  ResidentSetSize of job (KB)
...
006 (29539.015.000) 01/26 19:21:59 Image size of job updated: 41728
	35  -  MemoryUsage of job (MB)
	34996  -  ResidentSetSize of job (KB)
...
006 (29539.015.000) 01/26 19:32:00 Image size of job updated: 41860
	35  -  MemoryUsage of job (MB)
	34996  -  ResidentSetSize of job (KB)
...
006 (29539.015.000) 01/26 20:37:07 Image size of job updated: 42432
	35  -  MemoryUsage of job (MB)
	35832  -  ResidentSetSize of job (KB)
...
006 (29539.015.000) 01/26 20:52:08 Image size of job updated: 42564
	35  -  MemoryUsage of job (MB)
	35832  -  ResidentSetSize of job (KB)
...
006 (29539.015.000) 01/26 21:12:10 Image size of job updated: 43224
	35  -  MemoryUsage of job (MB)
	35832  -  ResidentSetSize of job (KB)
...
006 (29539.015.000) 01/26 22:02:15 Image size of job updated: 43488
	35  -  MemoryUsage of job (MB)
	35832  -  ResidentSetSize of job (KB)
...
006 (29539.015.000) 01/26 22:07:16 Image size of job updated: 44016
	35  -  MemoryUsage of job (MB)
	35832  -  ResidentSetSize of job (KB)
...
006 (29539.015.000) 01/26 22:27:18 Image size of job updated: 44148
	35  -  MemoryUsage of job (MB)
	35832  -  ResidentSetSize of job (KB)
...
006 (29539.015.000) 01/26 22:37:20 Image size of job updated: 44412
	35  -  MemoryUsage of job (MB)
	35832  -  ResidentSetSize of job (KB)
...
006 (29539.015.000) 01/26 22:42:20 Image size of job updated: 44544
	35  -  MemoryUsage of job (MB)
	35832  -  ResidentSetSize of job (KB)
...
006 (29539.015.000) 01/26 22:47:20 Image size of job updated: 44940
	35  -  MemoryUsage of job (MB)
	35832  -  ResidentSetSize of job (KB)
...
006 (29539.015.000) 01/26 23:12:23 Image size of job updated: 45072
	35  -  MemoryUsage of job (MB)
	35832  -  ResidentSetSize of job (KB)
...
006 (29539.015.000) 01/26 23:17:24 Image size of job updated: 45204
	35  -  MemoryUsage of job (MB)
	35832  -  ResidentSetSize of job (KB)
...
006 (29539.015.000) 01/26 23:27:25 Image size of job updated: 45336
	35  -  MemoryUsage of job (MB)
	35832  -  ResidentSetSize of job (KB)
...
006 (29539.015.000) 01/26 23:32:25 Image size of job updated: 45600
	35  -  MemoryUsage of job (MB)
	35832  -  ResidentSetSize of job (KB)
...
006 (29539.015.000) 01/26 23:42:26 Image size of job updated: 45732
	35  -  MemoryUsage of job (MB)
	35832  -  ResidentSetSize of job (KB)
...
006 (29539.015.000) 01/27 00:12:30 Image size of job updated: 46260
	35  -  MemoryUsage of job (MB)
	35832  -  ResidentSetSize of job (KB)
...
006 (29539.015.000) 01/27 00:17:30 Image size of job updated: 46788
	35  -  MemoryUsage of job (MB)
	35832  -  ResidentSetSize of job (KB)
...
006 (29539.015.000) 01/27 00:22:31 Image size of job updated: 46920
	35  -  MemoryUsage of job (MB)
	35832  -  ResidentSetSize of job (KB)
...
006 (29539.015.000) 01/27 00:27:32 Image size of job updated: 47184
	35  -  MemoryUsage of job (MB)
	35832  -  ResidentSetSize of job (KB)
...
006 (29539.015.000) 01/27 02:37:46 Image size of job updated: 47844
	35  -  MemoryUsage of job (MB)
	35832  -  ResidentSetSize of job (KB)
...
006 (29539.015.000) 01/27 02:47:46 Image size of job updated: 47976
	35  -  MemoryUsage of job (MB)
	35832  -  ResidentSetSize of job (KB)
...
006 (29539.015.000) 01/27 02:52:46 Image size of job updated: 48240
	35  -  MemoryUsage of job (MB)
	35832  -  ResidentSetSize of job (KB)
...
006 (29539.015.000) 01/27 03:02:47 Image size of job updated: 48504
	35  -  MemoryUsage of job (MB)
	35832  -  ResidentSetSize of job (KB)
...
006 (29539.015.000) 01/27 03:12:47 Image size of job updated: 48636
	35  -  MemoryUsage of job (MB)
	35832  -  ResidentSetSize of job (KB)
...
006 (29539.015.000) 01/27 03:17:48 Image size of job updated: 49296
	35  -  MemoryUsage of job (MB)
	35832  -  ResidentSetSize of job (KB)
...
006 (29539.015.000) 01/27 03:42:50 Image size of job updated: 49692
	35  -  MemoryUsage of job (MB)
	35832  -  ResidentSetSize of job (KB)
...
006 (29539.015.000) 01/27 05:23:02 Image size of job updated: 49692
	36  -  MemoryUsage of job (MB)
	35852  -  ResidentSetSize of job (KB)
...
005 (29539.015.000) 01/27 05:48:39 Job terminated.
	(1) Normal termination (return value 0)
		Usr 0 15:26:56, Sys 0 00:00:08  -  Run Remote Usage
		Usr 0 00:00:00, Sys 0 00:00:00  -  Run Local Usage
		Usr 0 15:26:56, Sys 0 00:00:08  -  Total Remote Usage
		Usr 0 00:00:00, Sys 0 00:00:00  -  Total Local Usage
	0  -  Run Bytes Sent By Job
	0  -  Run Bytes Received By Job
	0  -  Total Bytes Sent By Job
	0  -  Total Bytes Received By Job
	Partitionable Resources :    Usage  Request Allocated 
	   Cpus                 :     1.00        1         1 
	   Disk (KB)            :     1           1    241059 
	   Memory (MB)          :    36           1      2008 
...
000 (29554.015.000) 01/27 10:11:07 Job submitted from host: <172.16.11.200:9618?addrs=172.16.11.200-9618&noUDP&sock=14877_46f2_4>
...
001 (29554.015.000) 01/27 10:21:20 Job executing on host: <172.16.11.234:9618?addrs=172.16.11.234-9618&alias=pc-farm4&noUDP&sock=startd_5195_3aff>
...
006 (29554.015.000) 01/27 10:21:28 Image size of job updated: 35888
	36  -  MemoryUsage of job (MB)
	35888  -  ResidentSetSize of job (KB)
...
006 (29554.015.000) 01/27 10:26:28 Image size of job updated: 423580
	36  -  MemoryUsage of job (MB)
	35888  -  ResidentSetSize of job (KB)
...
006 (29554.015.000) 01/27 10:31:29 Image size of job updated: 424360
	36  -  MemoryUsage of job (MB)
	35892  -  ResidentSetSize of job (KB)
...
005 (29554.015.000) 01/27 15:03:16 Job terminated.
	(1) Normal termination (return value 0)
		Usr 0 04:41:51, Sys 0 00:00:02  -  Run Remote Usage
		Usr 0 00:00:00, Sys 0 00:00:00  -  Run Local Usage
		Usr 0 04:41:51, Sys 0 00:00:02  -  Total Remote Usage
		Usr 0 00:00:00, Sys 0 00:00:00  -  Total Local Usage
	0  -  Run Bytes Sent By Job
	0  -  Run Bytes Received By Job
	0  -  Total Bytes Sent By Job
	0  -  Total Bytes Received By Job
	Partitionable Resources :    Usage  Request Allocated 
	   Cpus                 :     1.00        1         1 
	   Disk (KB)            :     1           1    255907 
	   Memory (MB)          :    36           1       999 
...
000 (29604.015.000) 01/27 21:59:06 Job submitted from host: <172.16.11.200:9618?addrs=172.16.11.200-9618&noUDP&sock=14877_46f2_4>
...
001 (29604.015.000) 01/28 09:46:04 Job executing on host: <172.16.11.234:9618?addrs=172.16.11.234-9618&alias=pc-farm4&noUDP&sock=startd_5195_3aff>
...
006 (29604.015.000) 01/28 09:46:13 Image size of job updated: 423580
	36  -  MemoryUsage of job (MB)
	35876  -  ResidentSetSize of job (KB)
...
006 (29604.015.000) 01/28 09:56:14 Image size of job updated: 424360
	36  -  MemoryUsage of job (MB)
	35880  -  ResidentSetSize of job (KB)
...
005 (29604.015.000) 01/28 14:41:25 Job terminated.
	(1) Normal termination (return value 0)
		Usr 0 04:55:02, Sys 0 00:00:03  -  Run Remote Usage
		Usr 0 00:00:00, Sys 0 00:00:00  -  Run Local Usage
		Usr 0 04:55:02, Sys 0 00:00:03  -  Total Remote Usage
		Usr 0 00:00:00, Sys 0 00:00:00  -  Total Local Usage
	0  -  Run Bytes Sent By Job
	0  -  Run Bytes Received By Job
	0  -  Total Bytes Sent By Job
	0  -  Total Bytes Received By Job
	Partitionable Resources :    Usage  Request Allocated 
	   Cpus                 :     1.00        1         1 
	   Disk (KB)            :     1           1    255907 
	   Memory (MB)          :    36           1       999 
...
000 (29616.015.000) 01/28 14:59:33 Job submitted from host: <172.16.11.200:9618?addrs=172.16.11.200-9618&noUDP&sock=14877_46f2_4>
...
009 (29616.015.000) 01/28 15:00:12 Job was aborted by the user.
	via condor_rm (by user zhangliang)
...
000 (29617.015.000) 01/28 15:01:04 Job submitted from host: <172.16.11.200:9618?addrs=172.16.11.200-9618&noUDP&sock=14877_46f2_4>
...
001 (29617.015.000) 01/28 15:03:15 Job executing on host: <172.16.11.234:9618?addrs=172.16.11.234-9618&alias=pc-farm4&noUDP&sock=startd_5195_3aff>
...
006 (29617.015.000) 01/28 15:03:23 Image size of job updated: 423584
	36  -  MemoryUsage of job (MB)
	35892  -  ResidentSetSize of job (KB)
...
006 (29617.015.000) 01/28 15:13:24 Image size of job updated: 424368
	36  -  MemoryUsage of job (MB)
	35896  -  ResidentSetSize of job (KB)
...
005 (29617.015.000) 01/28 16:50:44 Job terminated.
	(1) Normal termination (return value 0)
		Usr 0 01:47:28, Sys 0 00:00:00  -  Run Remote Usage
		Usr 0 00:00:00, Sys 0 00:00:00  -  Run Local Usage
		Usr 0 01:47:28, Sys 0 00:00:00  -  Total Remote Usage
		Usr 0 00:00:00, Sys 0 00:00:00  -  Total Local Usage
	0  -  Run Bytes Sent By Job
	0  -  Run Bytes Received By Job
	0  -  Total Bytes Sent By Job
	0  -  Total Bytes Received By Job
	Partitionable Resources :    Usage  Request Allocated 
	   Cpus                 :     1.00        1         1 
	   Disk (KB)            :     1           1    255907 
	   Memory (MB)          :    36           1       999 
...
000 (29696.015.000) 01/30 20:13:16 Job submitted from host: <172.16.11.200:9618?addrs=172.16.11.200-9618&noUDP&sock=14877_46f2_4>
...
001 (29696.015.000) 01/30 21:38:02 Job executing on host: <172.16.11.231:9618?addrs=172.16.11.231-9618&noUDP&sock=startd_22895_f54e_4>
...
006 (29696.015.000) 01/30 21:38:11 Image size of job updated: 35880
	36  -  MemoryUsage of job (MB)
	35880  -  ResidentSetSize of job (KB)
...
005 (29696.015.000) 01/30 23:42:47 Job terminated.
	(1) Normal termination (return value 0)
		Usr 0 02:04:43, Sys 0 00:00:00  -  Run Remote Usage
		Usr 0 00:00:00, Sys 0 00:00:00  -  Run Local Usage
		Usr 0 02:04:43, Sys 0 00:00:00  -  Total Remote Usage
		Usr 0 00:00:00, Sys 0 00:00:00  -  Total Local Usage
	0  -  Run Bytes Sent By Job
	0  -  Run Bytes Received By Job
	0  -  Total Bytes Sent By Job
	0  -  Total Bytes Received By Job
	Partitionable Resources :    Usage  Request Allocated 
	   Cpus                 :     1.00        1         1 
	   Disk (KB)            :     1           1    241059 
	   Memory (MB)          :    36           1      2008 
...
000 (29706.015.000) 01/31 10:47:03 Job submitted from host: <172.16.11.200:9618?addrs=172.16.11.200-9618&noUDP&sock=14877_46f2_4>
...
001 (29706.015.000) 01/31 10:50:06 Job executing on host: <172.16.11.231:9618?addrs=172.16.11.231-9618&noUDP&sock=startd_22895_f54e_4>
...
006 (29706.015.000) 01/31 10:50:14 Image size of job updated: 49900
	49  -  MemoryUsage of job (MB)
	49900  -  ResidentSetSize of job (KB)
...
006 (29706.015.000) 01/31 12:10:21 Image size of job updated: 50400
	50  -  MemoryUsage of job (MB)
	50400  -  ResidentSetSize of job (KB)
...
005 (29706.015.000) 01/31 12:58:53 Job terminated.
	(1) Normal termination (return value 0)
		Usr 0 02:08:46, Sys 0 00:00:00  -  Run Remote Usage
		Usr 0 00:00:00, Sys 0 00:00:00  -  Run Local Usage
		Usr 0 02:08:46, Sys 0 00:00:00  -  Total Remote Usage
		Usr 0 00:00:00, Sys 0 00:00:00  -  Total Local Usage
	0  -  Run Bytes Sent By Job
	0  -  Run Bytes Received By Job
	0  -  Total Bytes Sent By Job
	0  -  Total Bytes Received By Job
	Partitionable Resources :    Usage  Request Allocated 
	   Cpus                 :     1.00        1         1 
	   Disk (KB)            :     1           1    241059 
	   Memory (MB)          :    50           1      2008 
...
000 (29707.015.000) 01/31 14:36:19 Job submitted from host: <172.16.11.200:9618?addrs=172.16.11.200-9618&noUDP&sock=14877_46f2_4>
...
001 (29707.015.000) 01/31 15:08:29 Job executing on host: <172.16.11.231:9618?addrs=172.16.11.231-9618&noUDP&sock=startd_22895_f54e_4>
...
006 (29707.015.000) 01/31 15:08:38 Image size of job updated: 50000
	49  -  MemoryUsage of job (MB)
	50000  -  ResidentSetSize of job (KB)
...
006 (29707.015.000) 01/31 15:33:42 Image size of job updated: 50004
	49  -  MemoryUsage of job (MB)
	50004  -  ResidentSetSize of job (KB)
...
006 (29707.015.000) 01/31 16:16:03 Image size of job updated: 438100
	49  -  MemoryUsage of job (MB)
	50004  -  ResidentSetSize of job (KB)
...
004 (29707.015.000) 01/31 16:16:03 Job was evicted.
	(0) CPU times
		Usr 0 01:07:33, Sys 0 00:00:00  -  Run Remote Usage
		Usr 0 00:00:00, Sys 0 00:00:00  -  Run Local Usage
	0  -  Run Bytes Sent By Job
	0  -  Run Bytes Received By Job
	Partitionable Resources :    Usage  Request Allocated 
	   Cpus                 :     1.00        1         1 
	   Disk (KB)            :     1           1    241059 
	   Memory (MB)          :    49           1      2008 
...
009 (29707.015.000) 01/31 16:16:03 Job was aborted by the user.
	via condor_rm (by user zhangliang)
...
000 (29725.015.000) 01/31 16:16:10 Job submitted from host: <172.16.11.200:9618?addrs=172.16.11.200-9618&noUDP&sock=14877_46f2_4>
...
001 (29725.015.000) 01/31 18:30:21 Job executing on host: <172.16.11.231:9618?addrs=172.16.11.231-9618&noUDP&sock=startd_22895_f54e_4>
...
006 (29725.015.000) 01/31 18:30:30 Image size of job updated: 49784
	49  -  MemoryUsage of job (MB)
	49784  -  ResidentSetSize of job (KB)
...
006 (29725.015.000) 01/31 18:50:33 Image size of job updated: 49788
	49  -  MemoryUsage of job (MB)
	49788  -  ResidentSetSize of job (KB)
...
005 (29725.015.000) 01/31 19:53:42 Job terminated.
	(1) Normal termination (return value 0)
		Usr 0 01:23:19, Sys 0 00:00:00  -  Run Remote Usage
		Usr 0 00:00:00, Sys 0 00:00:00  -  Run Local Usage
		Usr 0 01:23:19, Sys 0 00:00:00  -  Total Remote Usage
		Usr 0 00:00:00, Sys 0 00:00:00  -  Total Local Usage
	0  -  Run Bytes Sent By Job
	0  -  Run Bytes Received By Job
	0  -  Total Bytes Sent By Job
	0  -  Total Bytes Received By Job
	Partitionable Resources :    Usage  Request Allocated 
	   Cpus                 :     1.00        1         1 
	   Disk (KB)            :     1           1    241059 
	   Memory (MB)          :    49           1      2008 
...
