000 (28203.063.000) 12/31 10:12:06 Job submitted from host: <172.16.11.200:9618?addrs=172.16.11.200-9618&noUDP&sock=14877_46f2_4>
...
001 (28203.063.000) 12/31 10:12:14 Job executing on host: <172.16.11.231:9618?addrs=172.16.11.231-9618&noUDP&sock=startd_22895_f54e_4>
...
006 (28203.063.000) 12/31 10:12:22 Image size of job updated: 35512
	35  -  MemoryUsage of job (MB)
	35512  -  ResidentSetSize of job (KB)
...
006 (28203.063.000) 12/31 10:22:23 Image size of job updated: 35624
	35  -  MemoryUsage of job (MB)
	35624  -  ResidentSetSize of job (KB)
...
004 (28203.063.000) 12/31 13:14:29 Job was evicted.
	(0) CPU times
		Usr 0 03:02:03, Sys 0 00:00:09  -  Run Remote Usage
		Usr 0 00:00:00, Sys 0 00:00:00  -  Run Local Usage
	0  -  Run Bytes Sent By Job
	0  -  Run Bytes Received By Job
	Partitionable Resources :    Usage  Request Allocated 
	   Cpus                 :     1.00        1         1 
	   Disk (KB)            :     1           1    241059 
	   Memory (MB)          :    35           1      2008 
...
009 (28203.063.000) 12/31 13:14:29 Job was aborted by the user.
	via condor_rm (by user zhangliang)
...
000 (28206.063.000) 12/31 14:09:35 Job submitted from host: <172.16.11.200:9618?addrs=172.16.11.200-9618&noUDP&sock=14877_46f2_4>
...
001 (28206.063.000) 12/31 14:25:37 Job executing on host: <172.16.11.231:9618?addrs=172.16.11.231-9618&noUDP&sock=startd_22895_f54e_4>
...
006 (28206.063.000) 12/31 14:25:46 Image size of job updated: 34936
	35  -  MemoryUsage of job (MB)
	34936  -  ResidentSetSize of job (KB)
...
006 (28206.063.000) 01/01 01:36:56 Image size of job updated: 35044
	35  -  MemoryUsage of job (MB)
	35044  -  ResidentSetSize of job (KB)
...
005 (28206.063.000) 01/01 10:50:34 Job terminated.
	(1) Normal termination (return value 0)
		Usr 0 20:24:43, Sys 0 00:00:01  -  Run Remote Usage
		Usr 0 00:00:00, Sys 0 00:00:00  -  Run Local Usage
		Usr 0 20:24:43, Sys 0 00:00:01  -  Total Remote Usage
		Usr 0 00:00:00, Sys 0 00:00:00  -  Total Local Usage
	0  -  Run Bytes Sent By Job
	0  -  Run Bytes Received By Job
	0  -  Total Bytes Sent By Job
	0  -  Total Bytes Received By Job
	Partitionable Resources :    Usage  Request Allocated 
	   Cpus                 :     1.00        1         1 
	   Disk (KB)            :     1           1    241059 
	   Memory (MB)          :    35           1      2008 
...
000 (28248.063.000) 01/05 15:45:56 Job submitted from host: <172.16.11.200:9618?addrs=172.16.11.200-9618&noUDP&sock=14877_46f2_4>
...
001 (28248.063.000) 01/05 17:27:33 Job executing on host: <172.16.11.233:9618?addrs=172.16.11.233-9618&alias=pc-farm3&noUDP&sock=startd_4556_edfa>
...
006 (28248.063.000) 01/05 17:27:41 Image size of job updated: 41020
	41  -  MemoryUsage of job (MB)
	41020  -  ResidentSetSize of job (KB)
...
006 (28248.063.000) 01/05 19:47:56 Image size of job updated: 41032
	41  -  MemoryUsage of job (MB)
	41032  -  ResidentSetSize of job (KB)
...
006 (28248.063.000) 01/05 19:52:56 Image size of job updated: 41176
	41  -  MemoryUsage of job (MB)
	41176  -  ResidentSetSize of job (KB)
...
006 (28248.063.000) 01/05 19:57:56 Image size of job updated: 41196
	41  -  MemoryUsage of job (MB)
	41196  -  ResidentSetSize of job (KB)
...
006 (28248.063.000) 01/05 20:02:58 Image size of job updated: 41216
	41  -  MemoryUsage of job (MB)
	41216  -  ResidentSetSize of job (KB)
...
006 (28248.063.000) 01/05 20:07:58 Image size of job updated: 41268
	41  -  MemoryUsage of job (MB)
	41268  -  ResidentSetSize of job (KB)
...
006 (28248.063.000) 01/05 20:43:02 Image size of job updated: 41284
	41  -  MemoryUsage of job (MB)
	41284  -  ResidentSetSize of job (KB)
...
006 (28248.063.000) 01/05 20:48:02 Image size of job updated: 41432
	41  -  MemoryUsage of job (MB)
	41432  -  ResidentSetSize of job (KB)
...
006 (28248.063.000) 01/05 20:53:03 Image size of job updated: 41452
	41  -  MemoryUsage of job (MB)
	41452  -  ResidentSetSize of job (KB)
...
006 (28248.063.000) 01/05 21:03:03 Image size of job updated: 41496
	41  -  MemoryUsage of job (MB)
	41496  -  ResidentSetSize of job (KB)
...
006 (28248.063.000) 01/05 21:28:07 Image size of job updated: 41636
	41  -  MemoryUsage of job (MB)
	41636  -  ResidentSetSize of job (KB)
...
006 (28248.063.000) 01/05 21:33:07 Image size of job updated: 41664
	41  -  MemoryUsage of job (MB)
	41664  -  ResidentSetSize of job (KB)
...
006 (28248.063.000) 01/05 21:48:08 Image size of job updated: 41732
	41  -  MemoryUsage of job (MB)
	41732  -  ResidentSetSize of job (KB)
...
006 (28248.063.000) 01/05 21:53:08 Image size of job updated: 41760
	41  -  MemoryUsage of job (MB)
	41760  -  ResidentSetSize of job (KB)
...
006 (28248.063.000) 01/05 21:58:10 Image size of job updated: 41904
	41  -  MemoryUsage of job (MB)
	41904  -  ResidentSetSize of job (KB)
...
006 (28248.063.000) 01/05 22:08:10 Image size of job updated: 42812
	42  -  MemoryUsage of job (MB)
	42812  -  ResidentSetSize of job (KB)
...
006 (28248.063.000) 01/05 22:13:11 Image size of job updated: 42824
	42  -  MemoryUsage of job (MB)
	42824  -  ResidentSetSize of job (KB)
...
006 (28248.063.000) 01/05 22:18:11 Image size of job updated: 42848
	42  -  MemoryUsage of job (MB)
	42848  -  ResidentSetSize of job (KB)
...
006 (28248.063.000) 01/05 22:23:11 Image size of job updated: 42872
	42  -  MemoryUsage of job (MB)
	42872  -  ResidentSetSize of job (KB)
...
006 (28248.063.000) 01/05 22:28:12 Image size of job updated: 42904
	42  -  MemoryUsage of job (MB)
	42904  -  ResidentSetSize of job (KB)
...
006 (28248.063.000) 01/05 22:33:13 Image size of job updated: 42928
	42  -  MemoryUsage of job (MB)
	42928  -  ResidentSetSize of job (KB)
...
006 (28248.063.000) 01/05 22:38:13 Image size of job updated: 42952
	42  -  MemoryUsage of job (MB)
	42952  -  ResidentSetSize of job (KB)
...
006 (28248.063.000) 01/05 22:48:15 Image size of job updated: 43000
	42  -  MemoryUsage of job (MB)
	43000  -  ResidentSetSize of job (KB)
...
006 (28248.063.000) 01/05 22:53:15 Image size of job updated: 43156
	43  -  MemoryUsage of job (MB)
	43156  -  ResidentSetSize of job (KB)
...
006 (28248.063.000) 01/05 23:23:18 Image size of job updated: 43208
	43  -  MemoryUsage of job (MB)
	43208  -  ResidentSetSize of job (KB)
...
006 (28248.063.000) 01/05 23:48:21 Image size of job updated: 43320
	43  -  MemoryUsage of job (MB)
	43320  -  ResidentSetSize of job (KB)
...
006 (28248.063.000) 01/06 00:08:23 Image size of job updated: 43444
	43  -  MemoryUsage of job (MB)
	43444  -  ResidentSetSize of job (KB)
...
006 (28248.063.000) 01/06 00:23:25 Image size of job updated: 43508
	43  -  MemoryUsage of job (MB)
	43508  -  ResidentSetSize of job (KB)
...
006 (28248.063.000) 01/06 00:48:27 Image size of job updated: 43524
	43  -  MemoryUsage of job (MB)
	43524  -  ResidentSetSize of job (KB)
...
006 (28248.063.000) 01/06 00:53:27 Image size of job updated: 43672
	43  -  MemoryUsage of job (MB)
	43672  -  ResidentSetSize of job (KB)
...
006 (28248.063.000) 01/06 01:23:31 Image size of job updated: 43676
	43  -  MemoryUsage of job (MB)
	43676  -  ResidentSetSize of job (KB)
...
006 (28248.063.000) 01/06 01:28:32 Image size of job updated: 43696
	43  -  MemoryUsage of job (MB)
	43696  -  ResidentSetSize of job (KB)
...
006 (28248.063.000) 01/06 01:33:33 Image size of job updated: 43716
	43  -  MemoryUsage of job (MB)
	43716  -  ResidentSetSize of job (KB)
...
006 (28248.063.000) 01/06 01:38:33 Image size of job updated: 43864
	43  -  MemoryUsage of job (MB)
	43864  -  ResidentSetSize of job (KB)
...
006 (28248.063.000) 01/06 02:03:36 Image size of job updated: 43876
	43  -  MemoryUsage of job (MB)
	43876  -  ResidentSetSize of job (KB)
...
005 (28248.063.000) 01/06 02:07:55 Job terminated.
	(1) Normal termination (return value 0)
		Usr 0 08:13:23, Sys 0 00:00:05  -  Run Remote Usage
		Usr 0 00:00:00, Sys 0 00:00:00  -  Run Local Usage
		Usr 0 08:13:23, Sys 0 00:00:05  -  Total Remote Usage
		Usr 0 00:00:00, Sys 0 00:00:00  -  Total Local Usage
	0  -  Run Bytes Sent By Job
	0  -  Run Bytes Received By Job
	0  -  Total Bytes Sent By Job
	0  -  Total Bytes Received By Job
	Partitionable Resources :    Usage  Request Allocated 
	   Cpus                 :     0.97        1         1 
	   Disk (KB)            :     1           1    254050 
	   Memory (MB)          :    43           1      1005 
...
000 (28271.063.000) 01/06 15:26:51 Job submitted from host: <172.16.11.200:9618?addrs=172.16.11.200-9618&noUDP&sock=14877_46f2_4>
...
009 (28271.063.000) 01/06 15:47:45 Job was aborted by the user.
	via condor_rm (by user zhangliang)
...
000 (29325.063.000) 01/22 22:42:18 Job submitted from host: <172.16.11.200:9618?addrs=172.16.11.200-9618&noUDP&sock=14877_46f2_4>
...
001 (29325.063.000) 01/23 04:36:36 Job executing on host: <172.16.11.234:9618?addrs=172.16.11.234-9618&alias=pc-farm4&noUDP&sock=startd_5195_3aff>
...
006 (29325.063.000) 01/23 04:36:45 Image size of job updated: 415320
	35  -  MemoryUsage of job (MB)
	35536  -  ResidentSetSize of job (KB)
...
006 (29325.063.000) 01/23 04:41:45 Image size of job updated: 423216
	35  -  MemoryUsage of job (MB)
	35536  -  ResidentSetSize of job (KB)
...
006 (29325.063.000) 01/23 04:51:46 Image size of job updated: 423996
	35  -  MemoryUsage of job (MB)
	35540  -  ResidentSetSize of job (KB)
...
005 (29325.063.000) 01/23 16:21:15 Job terminated.
	(1) Normal termination (return value 0)
		Usr 0 11:43:10, Sys 0 00:00:02  -  Run Remote Usage
		Usr 0 00:00:00, Sys 0 00:00:00  -  Run Local Usage
		Usr 0 11:43:10, Sys 0 00:00:02  -  Total Remote Usage
		Usr 0 00:00:00, Sys 0 00:00:00  -  Total Local Usage
	0  -  Run Bytes Sent By Job
	0  -  Run Bytes Received By Job
	0  -  Total Bytes Sent By Job
	0  -  Total Bytes Received By Job
	Partitionable Resources :    Usage  Request Allocated 
	   Cpus                 :     1.00        1         1 
	   Disk (KB)            :     1           1    255907 
	   Memory (MB)          :    35           1       999 
...
000 (29520.063.000) 01/25 22:31:42 Job submitted from host: <172.16.11.200:9618?addrs=172.16.11.200-9618&noUDP&sock=14877_46f2_4>
...
001 (29520.063.000) 01/25 23:20:18 Job executing on host: <172.16.11.232:9618?addrs=172.16.11.232-9618&alias=pc-farm2&noUDP&sock=startd_4986_dfb4_4>
...
006 (29520.063.000) 01/25 23:20:27 Image size of job updated: 35904
	36  -  MemoryUsage of job (MB)
	35904  -  ResidentSetSize of job (KB)
...
006 (29520.063.000) 01/26 00:35:35 Image size of job updated: 36024
	36  -  MemoryUsage of job (MB)
	36024  -  ResidentSetSize of job (KB)
...
006 (29520.063.000) 01/26 14:06:27 Image size of job updated: 311124
	36  -  MemoryUsage of job (MB)
	36024  -  ResidentSetSize of job (KB)
...
004 (29520.063.000) 01/26 14:06:27 Job was evicted.
	(0) CPU times
		Usr 0 14:38:43, Sys 0 00:00:03  -  Run Remote Usage
		Usr 0 00:00:00, Sys 0 00:00:00  -  Run Local Usage
	0  -  Run Bytes Sent By Job
	0  -  Run Bytes Received By Job
	Partitionable Resources :    Usage  Request Allocated 
	   Cpus                 :     1.00        1         1 
	   Disk (KB)            :     1           1    245927 
	   Memory (MB)          :    36           1      1005 
...
009 (29520.063.000) 01/26 14:06:27 Job was aborted by the user.
	via condor_rm (by user zhangliang)
...
000 (29539.063.000) 01/26 14:07:21 Job submitted from host: <172.16.11.200:9618?addrs=172.16.11.200-9618&noUDP&sock=14877_46f2_4>
...
001 (29539.063.000) 01/27 08:38:10 Job executing on host: <172.16.11.234:9618?addrs=172.16.11.234-9618&alias=pc-farm4&noUDP&sock=startd_5195_3aff>
...
006 (29539.063.000) 01/27 08:38:19 Image size of job updated: 301760
	36  -  MemoryUsage of job (MB)
	35896  -  ResidentSetSize of job (KB)
...
006 (29539.063.000) 01/27 08:43:20 Image size of job updated: 423580
	36  -  MemoryUsage of job (MB)
	35896  -  ResidentSetSize of job (KB)
...
006 (29539.063.000) 01/27 08:48:20 Image size of job updated: 424360
	36  -  MemoryUsage of job (MB)
	35900  -  ResidentSetSize of job (KB)
...
004 (29539.063.000) 01/27 09:49:15 Job was evicted.
	(0) CPU times
		Usr 0 01:11:03, Sys 0 00:00:00  -  Run Remote Usage
		Usr 0 00:00:00, Sys 0 00:00:00  -  Run Local Usage
	0  -  Run Bytes Sent By Job
	0  -  Run Bytes Received By Job
	Partitionable Resources :    Usage  Request Allocated 
	   Cpus                 :     1.00        1         1 
	   Disk (KB)            :     1           1    255907 
	   Memory (MB)          :    36           1       999 
...
009 (29539.063.000) 01/27 09:49:15 Job was aborted by the user.
	via condor_rm (by user zhangliang)
...
000 (29554.063.000) 01/27 10:11:07 Job submitted from host: <172.16.11.200:9618?addrs=172.16.11.200-9618&noUDP&sock=14877_46f2_4>
...
001 (29554.063.000) 01/27 15:14:27 Job executing on host: <172.16.11.232:9618?addrs=172.16.11.232-9618&alias=pc-farm2&noUDP&sock=startd_4986_dfb4_4>
...
006 (29554.063.000) 01/27 15:14:37 Image size of job updated: 35852
	36  -  MemoryUsage of job (MB)
	35852  -  ResidentSetSize of job (KB)
...
006 (29554.063.000) 01/27 16:04:43 Image size of job updated: 36636
	36  -  MemoryUsage of job (MB)
	36636  -  ResidentSetSize of job (KB)
...
005 (29554.063.000) 01/27 18:07:04 Job terminated.
	(1) Normal termination (return value 0)
		Usr 0 02:52:35, Sys 0 00:00:00  -  Run Remote Usage
		Usr 0 00:00:00, Sys 0 00:00:00  -  Run Local Usage
		Usr 0 02:52:35, Sys 0 00:00:00  -  Total Remote Usage
		Usr 0 00:00:00, Sys 0 00:00:00  -  Total Local Usage
	0  -  Run Bytes Sent By Job
	0  -  Run Bytes Received By Job
	0  -  Total Bytes Sent By Job
	0  -  Total Bytes Received By Job
	Partitionable Resources :    Usage  Request Allocated 
	   Cpus                 :     1.00        1         1 
	   Disk (KB)            :     1           1    245927 
	   Memory (MB)          :    36           1      1005 
...
000 (29604.063.000) 01/27 21:59:06 Job submitted from host: <172.16.11.200:9618?addrs=172.16.11.200-9618&noUDP&sock=14877_46f2_4>
...
001 (29604.063.000) 01/28 09:51:28 Job executing on host: <172.16.11.234:9618?addrs=172.16.11.234-9618&alias=pc-farm4&noUDP&sock=startd_5195_3aff>
...
006 (29604.063.000) 01/28 09:51:37 Image size of job updated: 423580
	36  -  MemoryUsage of job (MB)
	35884  -  ResidentSetSize of job (KB)
...
006 (29604.063.000) 01/28 10:01:38 Image size of job updated: 423580
	36  -  MemoryUsage of job (MB)
	35888  -  ResidentSetSize of job (KB)
...
006 (29604.063.000) 01/28 10:06:38 Image size of job updated: 424360
	36  -  MemoryUsage of job (MB)
	35888  -  ResidentSetSize of job (KB)
...
005 (29604.063.000) 01/28 14:40:33 Job terminated.
	(1) Normal termination (return value 0)
		Usr 0 04:49:00, Sys 0 00:00:02  -  Run Remote Usage
		Usr 0 00:00:00, Sys 0 00:00:00  -  Run Local Usage
		Usr 0 04:49:00, Sys 0 00:00:02  -  Total Remote Usage
		Usr 0 00:00:00, Sys 0 00:00:00  -  Total Local Usage
	0  -  Run Bytes Sent By Job
	0  -  Run Bytes Received By Job
	0  -  Total Bytes Sent By Job
	0  -  Total Bytes Received By Job
	Partitionable Resources :    Usage  Request Allocated 
	   Cpus                 :     1.00        1         1 
	   Disk (KB)            :     1           1    255907 
	   Memory (MB)          :    36           1       999 
...
000 (29616.063.000) 01/28 14:59:33 Job submitted from host: <172.16.11.200:9618?addrs=172.16.11.200-9618&noUDP&sock=14877_46f2_4>
...
009 (29616.063.000) 01/28 15:00:13 Job was aborted by the user.
	via condor_rm (by user zhangliang)
...
000 (29617.063.000) 01/28 15:01:04 Job submitted from host: <172.16.11.200:9618?addrs=172.16.11.200-9618&noUDP&sock=14877_46f2_4>
...
001 (29617.063.000) 01/28 15:05:08 Job executing on host: <172.16.11.232:9618?addrs=172.16.11.232-9618&alias=pc-farm2&noUDP&sock=startd_4986_dfb4_4>
...
006 (29617.063.000) 01/28 15:05:17 Image size of job updated: 35736
	35  -  MemoryUsage of job (MB)
	35736  -  ResidentSetSize of job (KB)
...
005 (29617.063.000) 01/28 16:35:13 Job terminated.
	(1) Normal termination (return value 0)
		Usr 0 01:29:55, Sys 0 00:00:05  -  Run Remote Usage
		Usr 0 00:00:00, Sys 0 00:00:00  -  Run Local Usage
		Usr 0 01:29:55, Sys 0 00:00:05  -  Total Remote Usage
		Usr 0 00:00:00, Sys 0 00:00:00  -  Total Local Usage
	0  -  Run Bytes Sent By Job
	0  -  Run Bytes Received By Job
	0  -  Total Bytes Sent By Job
	0  -  Total Bytes Received By Job
	Partitionable Resources :    Usage  Request Allocated 
	   Cpus                 :     1.00        1         1 
	   Disk (KB)            :     1           1    245927 
	   Memory (MB)          :    35           1      1005 
...
000 (29696.063.000) 01/30 20:13:16 Job submitted from host: <172.16.11.200:9618?addrs=172.16.11.200-9618&noUDP&sock=14877_46f2_4>
...
001 (29696.063.000) 01/30 21:44:01 Job executing on host: <172.16.11.232:9618?addrs=172.16.11.232-9618&alias=pc-farm2&noUDP&sock=startd_4986_dfb4_4>
...
006 (29696.063.000) 01/30 21:44:10 Image size of job updated: 36004
	36  -  MemoryUsage of job (MB)
	36004  -  ResidentSetSize of job (KB)
...
005 (29696.063.000) 01/30 23:15:37 Job terminated.
	(1) Normal termination (return value 0)
		Usr 0 01:31:09, Sys 0 00:00:02  -  Run Remote Usage
		Usr 0 00:00:00, Sys 0 00:00:00  -  Run Local Usage
		Usr 0 01:31:09, Sys 0 00:00:02  -  Total Remote Usage
		Usr 0 00:00:00, Sys 0 00:00:00  -  Total Local Usage
	0  -  Run Bytes Sent By Job
	0  -  Run Bytes Received By Job
	0  -  Total Bytes Sent By Job
	0  -  Total Bytes Received By Job
	Partitionable Resources :    Usage  Request Allocated 
	   Cpus                 :     0.99        1         1 
	   Disk (KB)            :     1           1    245927 
	   Memory (MB)          :    36           1      1005 
...
000 (29706.063.000) 01/31 10:47:04 Job submitted from host: <172.16.11.200:9618?addrs=172.16.11.200-9618&noUDP&sock=14877_46f2_4>
...
001 (29706.063.000) 01/31 11:01:06 Job executing on host: <172.16.11.232:9618?addrs=172.16.11.232-9618&alias=pc-farm2&noUDP&sock=startd_4986_dfb4_4>
...
006 (29706.063.000) 01/31 11:01:15 Image size of job updated: 49816
	49  -  MemoryUsage of job (MB)
	49816  -  ResidentSetSize of job (KB)
...
006 (29706.063.000) 01/31 12:26:23 Image size of job updated: 49868
	49  -  MemoryUsage of job (MB)
	49868  -  ResidentSetSize of job (KB)
...
005 (29706.063.000) 01/31 12:26:40 Job terminated.
	(1) Normal termination (return value 0)
		Usr 0 01:24:59, Sys 0 00:00:04  -  Run Remote Usage
		Usr 0 00:00:00, Sys 0 00:00:00  -  Run Local Usage
		Usr 0 01:24:59, Sys 0 00:00:04  -  Total Remote Usage
		Usr 0 00:00:00, Sys 0 00:00:00  -  Total Local Usage
	0  -  Run Bytes Sent By Job
	0  -  Run Bytes Received By Job
	0  -  Total Bytes Sent By Job
	0  -  Total Bytes Received By Job
	Partitionable Resources :    Usage  Request Allocated 
	   Cpus                 :     0.99        1         1 
	   Disk (KB)            :     1           1    245927 
	   Memory (MB)          :    49           1      1005 
...
000 (29707.063.000) 01/31 14:36:19 Job submitted from host: <172.16.11.200:9618?addrs=172.16.11.200-9618&noUDP&sock=14877_46f2_4>
...
009 (29707.063.000) 01/31 16:16:03 Job was aborted by the user.
	via condor_rm (by user zhangliang)
...
000 (29725.063.000) 01/31 16:16:10 Job submitted from host: <172.16.11.200:9618?addrs=172.16.11.200-9618&noUDP&sock=14877_46f2_4>
...
001 (29725.063.000) 01/31 19:08:36 Job executing on host: <172.16.11.231:9618?addrs=172.16.11.231-9618&noUDP&sock=startd_22895_f54e_4>
...
006 (29725.063.000) 01/31 19:08:44 Image size of job updated: 49608
	49  -  MemoryUsage of job (MB)
	49608  -  ResidentSetSize of job (KB)
...
006 (29725.063.000) 01/31 20:48:55 Image size of job updated: 49996
	49  -  MemoryUsage of job (MB)
	49996  -  ResidentSetSize of job (KB)
...
005 (29725.063.000) 01/31 20:52:17 Job terminated.
	(1) Normal termination (return value 0)
		Usr 0 01:43:40, Sys 0 00:00:00  -  Run Remote Usage
		Usr 0 00:00:00, Sys 0 00:00:00  -  Run Local Usage
		Usr 0 01:43:40, Sys 0 00:00:00  -  Total Remote Usage
		Usr 0 00:00:00, Sys 0 00:00:00  -  Total Local Usage
	0  -  Run Bytes Sent By Job
	0  -  Run Bytes Received By Job
	0  -  Total Bytes Sent By Job
	0  -  Total Bytes Received By Job
	Partitionable Resources :    Usage  Request Allocated 
	   Cpus                 :     1.00        1         1 
	   Disk (KB)            :     1           1    241059 
	   Memory (MB)          :    49           1      2008 
...
