000 (28203.052.000) 12/31 10:12:06 Job submitted from host: <172.16.11.200:9618?addrs=172.16.11.200-9618&noUDP&sock=14877_46f2_4>
...
001 (28203.052.000) 12/31 10:12:12 Job executing on host: <172.16.11.231:9618?addrs=172.16.11.231-9618&noUDP&sock=startd_22895_f54e_4>
...
006 (28203.052.000) 12/31 10:12:21 Image size of job updated: 35316
	35  -  MemoryUsage of job (MB)
	35316  -  ResidentSetSize of job (KB)
...
006 (28203.052.000) 12/31 10:22:22 Image size of job updated: 35428
	35  -  MemoryUsage of job (MB)
	35428  -  ResidentSetSize of job (KB)
...
004 (28203.052.000) 12/31 13:14:29 Job was evicted.
	(0) CPU times
		Usr 0 03:02:14, Sys 0 00:00:00  -  Run Remote Usage
		Usr 0 00:00:00, Sys 0 00:00:00  -  Run Local Usage
	0  -  Run Bytes Sent By Job
	0  -  Run Bytes Received By Job
	Partitionable Resources :    Usage  Request Allocated 
	   Cpus                 :     1.00        1         1 
	   Disk (KB)            :     1           1    241059 
	   Memory (MB)          :    35           1      2008 
...
009 (28203.052.000) 12/31 13:14:29 Job was aborted by the user.
	via condor_rm (by user zhangliang)
...
000 (28206.052.000) 12/31 14:09:35 Job submitted from host: <172.16.11.200:9618?addrs=172.16.11.200-9618&noUDP&sock=14877_46f2_4>
...
001 (28206.052.000) 12/31 14:21:40 Job executing on host: <172.16.11.231:9618?addrs=172.16.11.231-9618&noUDP&sock=startd_22895_f54e_4>
...
006 (28206.052.000) 12/31 14:21:49 Image size of job updated: 34728
	34  -  MemoryUsage of job (MB)
	34728  -  ResidentSetSize of job (KB)
...
006 (28206.052.000) 01/01 01:38:00 Image size of job updated: 35504
	35  -  MemoryUsage of job (MB)
	35504  -  ResidentSetSize of job (KB)
...
005 (28206.052.000) 01/01 11:53:33 Job terminated.
	(1) Normal termination (return value 0)
		Usr 0 21:31:31, Sys 0 00:00:03  -  Run Remote Usage
		Usr 0 00:00:00, Sys 0 00:00:00  -  Run Local Usage
		Usr 0 21:31:31, Sys 0 00:00:03  -  Total Remote Usage
		Usr 0 00:00:00, Sys 0 00:00:00  -  Total Local Usage
	0  -  Run Bytes Sent By Job
	0  -  Run Bytes Received By Job
	0  -  Total Bytes Sent By Job
	0  -  Total Bytes Received By Job
	Partitionable Resources :    Usage  Request Allocated 
	   Cpus                 :     1.00        1         1 
	   Disk (KB)            :     1           1    241059 
	   Memory (MB)          :    35           1      2008 
...
000 (28248.052.000) 01/05 15:45:56 Job submitted from host: <172.16.11.200:9618?addrs=172.16.11.200-9618&noUDP&sock=14877_46f2_4>
...
001 (28248.052.000) 01/05 17:17:33 Job executing on host: <172.16.11.234:9618?addrs=172.16.11.234-9618&alias=pc-farm4&noUDP&sock=startd_5195_3aff>
...
006 (28248.052.000) 01/05 17:17:42 Image size of job updated: 422640
	35  -  MemoryUsage of job (MB)
	34944  -  ResidentSetSize of job (KB)
...
006 (28248.052.000) 01/05 17:32:44 Image size of job updated: 423424
	35  -  MemoryUsage of job (MB)
	34948  -  ResidentSetSize of job (KB)
...
005 (28248.052.000) 01/06 02:13:14 Job terminated.
	(1) Normal termination (return value 0)
		Usr 0 08:31:35, Sys 0 00:00:30  -  Run Remote Usage
		Usr 0 00:00:00, Sys 0 00:00:00  -  Run Local Usage
		Usr 0 08:31:35, Sys 0 00:00:30  -  Total Remote Usage
		Usr 0 00:00:00, Sys 0 00:00:00  -  Total Local Usage
	0  -  Run Bytes Sent By Job
	0  -  Run Bytes Received By Job
	0  -  Total Bytes Sent By Job
	0  -  Total Bytes Received By Job
	Partitionable Resources :    Usage  Request Allocated 
	   Cpus                 :     0.93        1         1 
	   Disk (KB)            :     1           1    255907 
	   Memory (MB)          :    35           1       999 
...
000 (28271.052.000) 01/06 15:26:51 Job submitted from host: <172.16.11.200:9618?addrs=172.16.11.200-9618&noUDP&sock=14877_46f2_4>
...
009 (28271.052.000) 01/06 15:47:45 Job was aborted by the user.
	via condor_rm (by user zhangliang)
...
000 (29325.052.000) 01/22 22:42:18 Job submitted from host: <172.16.11.200:9618?addrs=172.16.11.200-9618&noUDP&sock=14877_46f2_4>
...
001 (29325.052.000) 01/23 04:33:37 Job executing on host: <172.16.11.231:9618?addrs=172.16.11.231-9618&noUDP&sock=startd_22895_f54e_4>
...
006 (29325.052.000) 01/23 04:33:46 Image size of job updated: 35884
	36  -  MemoryUsage of job (MB)
	35884  -  ResidentSetSize of job (KB)
...
006 (29325.052.000) 01/23 05:48:55 Image size of job updated: 36832
	36  -  MemoryUsage of job (MB)
	36832  -  ResidentSetSize of job (KB)
...
006 (29325.052.000) 01/23 18:33:20 Image size of job updated: 423900
	36  -  MemoryUsage of job (MB)
	36832  -  ResidentSetSize of job (KB)
...
005 (29325.052.000) 01/23 18:33:20 Job terminated.
	(1) Normal termination (return value 0)
		Usr 0 13:59:38, Sys 0 00:00:01  -  Run Remote Usage
		Usr 0 00:00:00, Sys 0 00:00:00  -  Run Local Usage
		Usr 0 13:59:38, Sys 0 00:00:01  -  Total Remote Usage
		Usr 0 00:00:00, Sys 0 00:00:00  -  Total Local Usage
	0  -  Run Bytes Sent By Job
	0  -  Run Bytes Received By Job
	0  -  Total Bytes Sent By Job
	0  -  Total Bytes Received By Job
	Partitionable Resources :    Usage  Request Allocated 
	   Cpus                 :     1.00        1         1 
	   Disk (KB)            :     1           1    241059 
	   Memory (MB)          :    36           1      2008 
...
000 (29520.052.000) 01/25 22:31:42 Job submitted from host: <172.16.11.200:9618?addrs=172.16.11.200-9618&noUDP&sock=14877_46f2_4>
...
001 (29520.052.000) 01/25 23:14:17 Job executing on host: <172.16.11.231:9618?addrs=172.16.11.231-9618&noUDP&sock=startd_22895_f54e_4>
...
006 (29520.052.000) 01/25 23:14:25 Image size of job updated: 36204
	36  -  MemoryUsage of job (MB)
	36204  -  ResidentSetSize of job (KB)
...
006 (29520.052.000) 01/26 04:49:59 Image size of job updated: 37064
	37  -  MemoryUsage of job (MB)
	37064  -  ResidentSetSize of job (KB)
...
006 (29520.052.000) 01/26 14:06:27 Image size of job updated: 311100
	37  -  MemoryUsage of job (MB)
	37064  -  ResidentSetSize of job (KB)
...
004 (29520.052.000) 01/26 14:06:27 Job was evicted.
	(0) CPU times
		Usr 0 14:46:25, Sys 0 00:00:04  -  Run Remote Usage
		Usr 0 00:00:00, Sys 0 00:00:00  -  Run Local Usage
	0  -  Run Bytes Sent By Job
	0  -  Run Bytes Received By Job
	Partitionable Resources :    Usage  Request Allocated 
	   Cpus                 :     1.00        1         1 
	   Disk (KB)            :     1           1    241059 
	   Memory (MB)          :    37           1      2008 
...
009 (29520.052.000) 01/26 14:06:28 Job was aborted by the user.
	via condor_rm (by user zhangliang)
...
000 (29539.052.000) 01/26 14:07:21 Job submitted from host: <172.16.11.200:9618?addrs=172.16.11.200-9618&noUDP&sock=14877_46f2_4>
...
001 (29539.052.000) 01/27 08:35:11 Job executing on host: <172.16.11.231:9618?addrs=172.16.11.231-9618&noUDP&sock=startd_22895_f54e_4>
...
006 (29539.052.000) 01/27 08:35:19 Image size of job updated: 35836
	35  -  MemoryUsage of job (MB)
	35836  -  ResidentSetSize of job (KB)
...
006 (29539.052.000) 01/27 09:49:16 Image size of job updated: 311100
	35  -  MemoryUsage of job (MB)
	35836  -  ResidentSetSize of job (KB)
...
004 (29539.052.000) 01/27 09:49:16 Job was evicted.
	(0) CPU times
		Usr 0 01:14:03, Sys 0 00:00:00  -  Run Remote Usage
		Usr 0 00:00:00, Sys 0 00:00:00  -  Run Local Usage
	0  -  Run Bytes Sent By Job
	0  -  Run Bytes Received By Job
	Partitionable Resources :    Usage  Request Allocated 
	   Cpus                 :     1.00        1         1 
	   Disk (KB)            :     1           1    241059 
	   Memory (MB)          :    35           1      2008 
...
009 (29539.052.000) 01/27 09:49:16 Job was aborted by the user.
	via condor_rm (by user zhangliang)
...
000 (29554.052.000) 01/27 10:11:07 Job submitted from host: <172.16.11.200:9618?addrs=172.16.11.200-9618&noUDP&sock=14877_46f2_4>
...
001 (29554.052.000) 01/27 15:12:28 Job executing on host: <172.16.11.232:9618?addrs=172.16.11.232-9618&alias=pc-farm2&noUDP&sock=startd_4986_dfb4_4>
...
006 (29554.052.000) 01/27 15:12:36 Image size of job updated: 35768
	35  -  MemoryUsage of job (MB)
	35768  -  ResidentSetSize of job (KB)
...
006 (29554.052.000) 01/27 16:02:41 Image size of job updated: 36240
	36  -  MemoryUsage of job (MB)
	36240  -  ResidentSetSize of job (KB)
...
005 (29554.052.000) 01/27 18:04:54 Job terminated.
	(1) Normal termination (return value 0)
		Usr 0 02:52:24, Sys 0 00:00:00  -  Run Remote Usage
		Usr 0 00:00:00, Sys 0 00:00:00  -  Run Local Usage
		Usr 0 02:52:24, Sys 0 00:00:00  -  Total Remote Usage
		Usr 0 00:00:00, Sys 0 00:00:00  -  Total Local Usage
	0  -  Run Bytes Sent By Job
	0  -  Run Bytes Received By Job
	0  -  Total Bytes Sent By Job
	0  -  Total Bytes Received By Job
	Partitionable Resources :    Usage  Request Allocated 
	   Cpus                 :     1.00        1         1 
	   Disk (KB)            :     1           1    245927 
	   Memory (MB)          :    36           1      1005 
...
000 (29604.052.000) 01/27 21:59:06 Job submitted from host: <172.16.11.200:9618?addrs=172.16.11.200-9618&noUDP&sock=14877_46f2_4>
...
001 (29604.052.000) 01/28 09:46:17 Job executing on host: <172.16.11.234:9618?addrs=172.16.11.234-9618&alias=pc-farm4&noUDP&sock=startd_5195_3aff>
...
006 (29604.052.000) 01/28 09:46:26 Image size of job updated: 423580
	36  -  MemoryUsage of job (MB)
	35880  -  ResidentSetSize of job (KB)
...
006 (29604.052.000) 01/28 09:56:28 Image size of job updated: 423580
	36  -  MemoryUsage of job (MB)
	35884  -  ResidentSetSize of job (KB)
...
006 (29604.052.000) 01/28 10:01:28 Image size of job updated: 424360
	36  -  MemoryUsage of job (MB)
	35884  -  ResidentSetSize of job (KB)
...
005 (29604.052.000) 01/28 14:41:50 Job terminated.
	(1) Normal termination (return value 0)
		Usr 0 04:55:15, Sys 0 00:00:02  -  Run Remote Usage
		Usr 0 00:00:00, Sys 0 00:00:00  -  Run Local Usage
		Usr 0 04:55:15, Sys 0 00:00:02  -  Total Remote Usage
		Usr 0 00:00:00, Sys 0 00:00:00  -  Total Local Usage
	0  -  Run Bytes Sent By Job
	0  -  Run Bytes Received By Job
	0  -  Total Bytes Sent By Job
	0  -  Total Bytes Received By Job
	Partitionable Resources :    Usage  Request Allocated 
	   Cpus                 :     1.00        1         1 
	   Disk (KB)            :     1           1    255907 
	   Memory (MB)          :    36           1       999 
...
000 (29616.052.000) 01/28 14:59:33 Job submitted from host: <172.16.11.200:9618?addrs=172.16.11.200-9618&noUDP&sock=14877_46f2_4>
...
009 (29616.052.000) 01/28 15:00:13 Job was aborted by the user.
	via condor_rm (by user zhangliang)
...
000 (29617.052.000) 01/28 15:01:04 Job submitted from host: <172.16.11.200:9618?addrs=172.16.11.200-9618&noUDP&sock=14877_46f2_4>
...
001 (29617.052.000) 01/28 15:04:55 Job executing on host: <172.16.11.232:9618?addrs=172.16.11.232-9618&alias=pc-farm2&noUDP&sock=startd_4986_dfb4_4>
...
006 (29617.052.000) 01/28 15:05:04 Image size of job updated: 35888
	36  -  MemoryUsage of job (MB)
	35888  -  ResidentSetSize of job (KB)
...
006 (29617.052.000) 01/28 16:34:01 Image size of job updated: 424404
	36  -  MemoryUsage of job (MB)
	35888  -  ResidentSetSize of job (KB)
...
005 (29617.052.000) 01/28 16:34:05 Job terminated.
	(1) Normal termination (return value 0)
		Usr 0 01:28:57, Sys 0 00:00:04  -  Run Remote Usage
		Usr 0 00:00:00, Sys 0 00:00:00  -  Run Local Usage
		Usr 0 01:28:57, Sys 0 00:00:04  -  Total Remote Usage
		Usr 0 00:00:00, Sys 0 00:00:00  -  Total Local Usage
	0  -  Run Bytes Sent By Job
	0  -  Run Bytes Received By Job
	0  -  Total Bytes Sent By Job
	0  -  Total Bytes Received By Job
	Partitionable Resources :    Usage  Request Allocated 
	   Cpus                 :     1.00        1         1 
	   Disk (KB)            :     1           1    245927 
	   Memory (MB)          :    36           1      1005 
...
000 (29696.052.000) 01/30 20:13:16 Job submitted from host: <172.16.11.200:9618?addrs=172.16.11.200-9618&noUDP&sock=14877_46f2_4>
...
001 (29696.052.000) 01/30 21:43:01 Job executing on host: <172.16.11.234:9618?addrs=172.16.11.234-9618&alias=pc-farm4&noUDP&sock=startd_5195_3aff>
...
006 (29696.052.000) 01/30 21:43:10 Image size of job updated: 412588
	36  -  MemoryUsage of job (MB)
	35892  -  ResidentSetSize of job (KB)
...
006 (29696.052.000) 01/30 21:48:11 Image size of job updated: 423580
	36  -  MemoryUsage of job (MB)
	35892  -  ResidentSetSize of job (KB)
...
006 (29696.052.000) 01/30 21:53:11 Image size of job updated: 424360
	36  -  MemoryUsage of job (MB)
	35896  -  ResidentSetSize of job (KB)
...
005 (29696.052.000) 01/30 23:29:12 Job terminated.
	(1) Normal termination (return value 0)
		Usr 0 01:46:09, Sys 0 00:00:00  -  Run Remote Usage
		Usr 0 00:00:00, Sys 0 00:00:00  -  Run Local Usage
		Usr 0 01:46:09, Sys 0 00:00:00  -  Total Remote Usage
		Usr 0 00:00:00, Sys 0 00:00:00  -  Total Local Usage
	0  -  Run Bytes Sent By Job
	0  -  Run Bytes Received By Job
	0  -  Total Bytes Sent By Job
	0  -  Total Bytes Received By Job
	Partitionable Resources :    Usage  Request Allocated 
	   Cpus                 :     1.00        1         1 
	   Disk (KB)            :     1           1    255907 
	   Memory (MB)          :    36           1       999 
...
000 (29706.052.000) 01/31 10:47:04 Job submitted from host: <172.16.11.200:9618?addrs=172.16.11.200-9618&noUDP&sock=14877_46f2_4>
...
001 (29706.052.000) 01/31 10:59:06 Job executing on host: <172.16.11.234:9618?addrs=172.16.11.234-9618&alias=pc-farm4&noUDP&sock=startd_5195_3aff>
...
006 (29706.052.000) 01/31 10:59:15 Image size of job updated: 49724
	49  -  MemoryUsage of job (MB)
	49724  -  ResidentSetSize of job (KB)
...
006 (29706.052.000) 01/31 11:04:16 Image size of job updated: 437416
	49  -  MemoryUsage of job (MB)
	49724  -  ResidentSetSize of job (KB)
...
006 (29706.052.000) 01/31 11:09:16 Image size of job updated: 438196
	49  -  MemoryUsage of job (MB)
	49728  -  ResidentSetSize of job (KB)
...
005 (29706.052.000) 01/31 12:47:47 Job terminated.
	(1) Normal termination (return value 0)
		Usr 0 01:48:39, Sys 0 00:00:00  -  Run Remote Usage
		Usr 0 00:00:00, Sys 0 00:00:00  -  Run Local Usage
		Usr 0 01:48:39, Sys 0 00:00:00  -  Total Remote Usage
		Usr 0 00:00:00, Sys 0 00:00:00  -  Total Local Usage
	0  -  Run Bytes Sent By Job
	0  -  Run Bytes Received By Job
	0  -  Total Bytes Sent By Job
	0  -  Total Bytes Received By Job
	Partitionable Resources :    Usage  Request Allocated 
	   Cpus                 :     1.00        1         1 
	   Disk (KB)            :     1           1    255907 
	   Memory (MB)          :    49           1       999 
...
000 (29707.052.000) 01/31 14:36:19 Job submitted from host: <172.16.11.200:9618?addrs=172.16.11.200-9618&noUDP&sock=14877_46f2_4>
...
009 (29707.052.000) 01/31 16:16:02 Job was aborted by the user.
	via condor_rm (by user zhangliang)
...
000 (29725.052.000) 01/31 16:16:10 Job submitted from host: <172.16.11.200:9618?addrs=172.16.11.200-9618&noUDP&sock=14877_46f2_4>
...
001 (29725.052.000) 01/31 19:04:36 Job executing on host: <172.16.11.234:9618?addrs=172.16.11.234-9618&alias=pc-farm4&noUDP&sock=startd_5195_3aff>
...
006 (29725.052.000) 01/31 19:04:45 Image size of job updated: 437416
	49  -  MemoryUsage of job (MB)
	49728  -  ResidentSetSize of job (KB)
...
006 (29725.052.000) 01/31 19:14:46 Image size of job updated: 438196
	49  -  MemoryUsage of job (MB)
	49732  -  ResidentSetSize of job (KB)
...
005 (29725.052.000) 01/31 20:52:18 Job terminated.
	(1) Normal termination (return value 0)
		Usr 0 01:47:41, Sys 0 00:00:00  -  Run Remote Usage
		Usr 0 00:00:00, Sys 0 00:00:00  -  Run Local Usage
		Usr 0 01:47:41, Sys 0 00:00:00  -  Total Remote Usage
		Usr 0 00:00:00, Sys 0 00:00:00  -  Total Local Usage
	0  -  Run Bytes Sent By Job
	0  -  Run Bytes Received By Job
	0  -  Total Bytes Sent By Job
	0  -  Total Bytes Received By Job
	Partitionable Resources :    Usage  Request Allocated 
	   Cpus                 :     1.00        1         1 
	   Disk (KB)            :     1           1    255907 
	   Memory (MB)          :    49           1       999 
...
