000 (28203.097.000) 12/31 10:12:06 Job submitted from host: <172.16.11.200:9618?addrs=172.16.11.200-9618&noUDP&sock=14877_46f2_4>
...
001 (28203.097.000) 12/31 10:12:21 Job executing on host: <172.16.11.231:9618?addrs=172.16.11.231-9618&noUDP&sock=startd_22895_f54e_4>
...
006 (28203.097.000) 12/31 10:12:30 Image size of job updated: 35008
	35  -  MemoryUsage of job (MB)
	35008  -  ResidentSetSize of job (KB)
...
006 (28203.097.000) 12/31 10:32:31 Image size of job updated: 35128
	35  -  MemoryUsage of job (MB)
	35128  -  ResidentSetSize of job (KB)
...
006 (28203.097.000) 12/31 13:14:29 Image size of job updated: 310160
	35  -  MemoryUsage of job (MB)
	35128  -  ResidentSetSize of job (KB)
...
004 (28203.097.000) 12/31 13:14:29 Job was evicted.
	(0) CPU times
		Usr 0 03:02:06, Sys 0 00:00:00  -  Run Remote Usage
		Usr 0 00:00:00, Sys 0 00:00:00  -  Run Local Usage
	0  -  Run Bytes Sent By Job
	0  -  Run Bytes Received By Job
	Partitionable Resources :    Usage  Request Allocated 
	   Cpus                 :     1.00        1         1 
	   Disk (KB)            :     1           1    241059 
	   Memory (MB)          :    35           1      2008 
...
009 (28203.097.000) 12/31 13:14:29 Job was aborted by the user.
	via condor_rm (by user zhangliang)
...
000 (28206.097.000) 12/31 14:09:35 Job submitted from host: <172.16.11.200:9618?addrs=172.16.11.200-9618&noUDP&sock=14877_46f2_4>
...
001 (28206.097.000) 01/01 14:24:50 Job executing on host: <172.16.11.231:9618?addrs=172.16.11.231-9618&noUDP&sock=startd_22895_f54e_4>
...
006 (28206.097.000) 01/01 14:24:59 Image size of job updated: 34944
	35  -  MemoryUsage of job (MB)
	34944  -  ResidentSetSize of job (KB)
...
006 (28206.097.000) 01/01 15:10:04 Image size of job updated: 35012
	35  -  MemoryUsage of job (MB)
	35012  -  ResidentSetSize of job (KB)
...
006 (28206.097.000) 01/01 15:15:05 Image size of job updated: 35116
	35  -  MemoryUsage of job (MB)
	35116  -  ResidentSetSize of job (KB)
...
005 (28206.097.000) 01/02 10:15:08 Job terminated.
	(1) Normal termination (return value 0)
		Usr 0 19:47:06, Sys 0 00:01:06  -  Run Remote Usage
		Usr 0 00:00:00, Sys 0 00:00:00  -  Run Local Usage
		Usr 0 19:47:06, Sys 0 00:01:06  -  Total Remote Usage
		Usr 0 00:00:00, Sys 0 00:00:00  -  Total Local Usage
	0  -  Run Bytes Sent By Job
	0  -  Run Bytes Received By Job
	0  -  Total Bytes Sent By Job
	0  -  Total Bytes Received By Job
	Partitionable Resources :    Usage  Request Allocated 
	   Cpus                 :     1.00        1         1 
	   Disk (KB)            :     1           1    241059 
	   Memory (MB)          :    35           1      2008 
...
000 (28248.097.000) 01/05 15:45:56 Job submitted from host: <172.16.11.200:9618?addrs=172.16.11.200-9618&noUDP&sock=14877_46f2_4>
...
001 (28248.097.000) 01/05 17:59:35 Job executing on host: <172.16.11.231:9618?addrs=172.16.11.231-9618&noUDP&sock=startd_22895_f54e_4>
...
006 (28248.097.000) 01/05 17:59:43 Image size of job updated: 35412
	35  -  MemoryUsage of job (MB)
	35412  -  ResidentSetSize of job (KB)
...
005 (28248.097.000) 01/06 03:28:00 Job terminated.
	(1) Normal termination (return value 0)
		Usr 0 09:21:14, Sys 0 00:00:19  -  Run Remote Usage
		Usr 0 00:00:00, Sys 0 00:00:00  -  Run Local Usage
		Usr 0 09:21:14, Sys 0 00:00:19  -  Total Remote Usage
		Usr 0 00:00:00, Sys 0 00:00:00  -  Total Local Usage
	0  -  Run Bytes Sent By Job
	0  -  Run Bytes Received By Job
	0  -  Total Bytes Sent By Job
	0  -  Total Bytes Received By Job
	Partitionable Resources :    Usage  Request Allocated 
	   Cpus                 :     0.98        1         1 
	   Disk (KB)            :     1           1    241059 
	   Memory (MB)          :    35           1      2008 
...
000 (28271.097.000) 01/06 15:26:51 Job submitted from host: <172.16.11.200:9618?addrs=172.16.11.200-9618&noUDP&sock=14877_46f2_4>
...
009 (28271.097.000) 01/06 15:47:45 Job was aborted by the user.
	via condor_rm (by user zhangliang)
...
