000 (28203.040.000) 12/31 10:12:06 Job submitted from host: <172.16.11.200:9618?addrs=172.16.11.200-9618&noUDP&sock=14877_46f2_4>
...
001 (28203.040.000) 12/31 10:12:09 Job executing on host: <172.16.11.231:9618?addrs=172.16.11.231-9618&noUDP&sock=startd_22895_f54e_4>
...
006 (28203.040.000) 12/31 10:12:17 Image size of job updated: 35396
	35  -  MemoryUsage of job (MB)
	35396  -  ResidentSetSize of job (KB)
...
006 (28203.040.000) 12/31 10:17:18 Image size of job updated: 35460
	35  -  MemoryUsage of job (MB)
	35460  -  ResidentSetSize of job (KB)
...
004 (28203.040.000) 12/31 13:14:29 Job was evicted.
	(0) CPU times
		Usr 0 03:02:15, Sys 0 00:00:00  -  Run Remote Usage
		Usr 0 00:00:00, Sys 0 00:00:00  -  Run Local Usage
	0  -  Run Bytes Sent By Job
	0  -  Run Bytes Received By Job
	Partitionable Resources :    Usage  Request Allocated 
	   Cpus                 :     1.00        1         1 
	   Disk (KB)            :     1           1    241059 
	   Memory (MB)          :    35           1      2008 
...
009 (28203.040.000) 12/31 13:14:29 Job was aborted by the user.
	via condor_rm (by user zhangliang)
...
000 (28206.040.000) 12/31 14:09:35 Job submitted from host: <172.16.11.200:9618?addrs=172.16.11.200-9618&noUDP&sock=14877_46f2_4>
...
001 (28206.040.000) 12/31 14:20:38 Job executing on host: <172.16.11.231:9618?addrs=172.16.11.231-9618&noUDP&sock=startd_22895_f54e_4>
...
006 (28206.040.000) 12/31 14:20:47 Image size of job updated: 34968
	35  -  MemoryUsage of job (MB)
	34968  -  ResidentSetSize of job (KB)
...
006 (28206.040.000) 01/01 01:31:55 Image size of job updated: 35080
	35  -  MemoryUsage of job (MB)
	35080  -  ResidentSetSize of job (KB)
...
005 (28206.040.000) 01/01 12:24:51 Job terminated.
	(1) Normal termination (return value 0)
		Usr 0 22:03:52, Sys 0 00:00:01  -  Run Remote Usage
		Usr 0 00:00:00, Sys 0 00:00:00  -  Run Local Usage
		Usr 0 22:03:52, Sys 0 00:00:01  -  Total Remote Usage
		Usr 0 00:00:00, Sys 0 00:00:00  -  Total Local Usage
	0  -  Run Bytes Sent By Job
	0  -  Run Bytes Received By Job
	0  -  Total Bytes Sent By Job
	0  -  Total Bytes Received By Job
	Partitionable Resources :    Usage  Request Allocated 
	   Cpus                 :     1.00        1         1 
	   Disk (KB)            :     1           1    241059 
	   Memory (MB)          :    35           1      2008 
...
000 (28248.040.000) 01/05 15:45:56 Job submitted from host: <172.16.11.200:9618?addrs=172.16.11.200-9618&noUDP&sock=14877_46f2_4>
...
001 (28248.040.000) 01/05 16:45:41 Job executing on host: <172.16.11.233:9618?addrs=172.16.11.233-9618&alias=pc-farm3&noUDP&sock=startd_4556_edfa>
...
006 (28248.040.000) 01/05 16:45:50 Image size of job updated: 51212
	51  -  MemoryUsage of job (MB)
	51212  -  ResidentSetSize of job (KB)
...
006 (28248.040.000) 01/05 17:55:57 Image size of job updated: 51228
	51  -  MemoryUsage of job (MB)
	51228  -  ResidentSetSize of job (KB)
...
006 (28248.040.000) 01/05 18:00:57 Image size of job updated: 51244
	51  -  MemoryUsage of job (MB)
	51244  -  ResidentSetSize of job (KB)
...
006 (28248.040.000) 01/05 18:05:58 Image size of job updated: 51260
	51  -  MemoryUsage of job (MB)
	51260  -  ResidentSetSize of job (KB)
...
006 (28248.040.000) 01/05 18:10:58 Image size of job updated: 51276
	51  -  MemoryUsage of job (MB)
	51276  -  ResidentSetSize of job (KB)
...
006 (28248.040.000) 01/05 18:15:58 Image size of job updated: 51296
	51  -  MemoryUsage of job (MB)
	51296  -  ResidentSetSize of job (KB)
...
006 (28248.040.000) 01/05 18:20:59 Image size of job updated: 51316
	51  -  MemoryUsage of job (MB)
	51316  -  ResidentSetSize of job (KB)
...
006 (28248.040.000) 01/05 18:25:59 Image size of job updated: 51332
	51  -  MemoryUsage of job (MB)
	51332  -  ResidentSetSize of job (KB)
...
006 (28248.040.000) 01/05 18:30:59 Image size of job updated: 51352
	51  -  MemoryUsage of job (MB)
	51352  -  ResidentSetSize of job (KB)
...
006 (28248.040.000) 01/05 18:36:00 Image size of job updated: 51368
	51  -  MemoryUsage of job (MB)
	51368  -  ResidentSetSize of job (KB)
...
006 (28248.040.000) 01/05 18:41:00 Image size of job updated: 51388
	51  -  MemoryUsage of job (MB)
	51388  -  ResidentSetSize of job (KB)
...
006 (28248.040.000) 01/05 18:46:00 Image size of job updated: 51404
	51  -  MemoryUsage of job (MB)
	51404  -  ResidentSetSize of job (KB)
...
006 (28248.040.000) 01/05 18:51:01 Image size of job updated: 51420
	51  -  MemoryUsage of job (MB)
	51420  -  ResidentSetSize of job (KB)
...
006 (28248.040.000) 01/05 18:56:01 Image size of job updated: 51440
	51  -  MemoryUsage of job (MB)
	51440  -  ResidentSetSize of job (KB)
...
006 (28248.040.000) 01/05 19:01:01 Image size of job updated: 51456
	51  -  MemoryUsage of job (MB)
	51456  -  ResidentSetSize of job (KB)
...
006 (28248.040.000) 01/05 19:06:02 Image size of job updated: 51476
	51  -  MemoryUsage of job (MB)
	51476  -  ResidentSetSize of job (KB)
...
006 (28248.040.000) 01/05 19:11:03 Image size of job updated: 51492
	51  -  MemoryUsage of job (MB)
	51492  -  ResidentSetSize of job (KB)
...
006 (28248.040.000) 01/05 19:16:03 Image size of job updated: 51756
	51  -  MemoryUsage of job (MB)
	51756  -  ResidentSetSize of job (KB)
...
006 (28248.040.000) 01/05 20:06:08 Image size of job updated: 51824
	51  -  MemoryUsage of job (MB)
	51824  -  ResidentSetSize of job (KB)
...
006 (28248.040.000) 01/05 20:16:10 Image size of job updated: 51864
	51  -  MemoryUsage of job (MB)
	51864  -  ResidentSetSize of job (KB)
...
006 (28248.040.000) 01/05 20:21:10 Image size of job updated: 51884
	51  -  MemoryUsage of job (MB)
	51884  -  ResidentSetSize of job (KB)
...
006 (28248.040.000) 01/05 20:56:14 Image size of job updated: 51900
	51  -  MemoryUsage of job (MB)
	51900  -  ResidentSetSize of job (KB)
...
006 (28248.040.000) 01/05 21:01:15 Image size of job updated: 51924
	51  -  MemoryUsage of job (MB)
	51924  -  ResidentSetSize of job (KB)
...
006 (28248.040.000) 01/05 21:06:15 Image size of job updated: 51944
	51  -  MemoryUsage of job (MB)
	51944  -  ResidentSetSize of job (KB)
...
006 (28248.040.000) 01/05 21:11:16 Image size of job updated: 51968
	51  -  MemoryUsage of job (MB)
	51968  -  ResidentSetSize of job (KB)
...
006 (28248.040.000) 01/05 21:16:17 Image size of job updated: 52112
	51  -  MemoryUsage of job (MB)
	52112  -  ResidentSetSize of job (KB)
...
006 (28248.040.000) 01/05 21:21:17 Image size of job updated: 52136
	51  -  MemoryUsage of job (MB)
	52136  -  ResidentSetSize of job (KB)
...
006 (28248.040.000) 01/05 21:36:18 Image size of job updated: 52200
	51  -  MemoryUsage of job (MB)
	52200  -  ResidentSetSize of job (KB)
...
006 (28248.040.000) 01/05 21:41:18 Image size of job updated: 52224
	51  -  MemoryUsage of job (MB)
	52224  -  ResidentSetSize of job (KB)
...
006 (28248.040.000) 01/05 21:46:20 Image size of job updated: 52248
	52  -  MemoryUsage of job (MB)
	52248  -  ResidentSetSize of job (KB)
...
006 (28248.040.000) 01/05 21:51:20 Image size of job updated: 52252
	52  -  MemoryUsage of job (MB)
	52252  -  ResidentSetSize of job (KB)
...
006 (28248.040.000) 01/05 22:01:22 Image size of job updated: 52556
	52  -  MemoryUsage of job (MB)
	52556  -  ResidentSetSize of job (KB)
...
006 (28248.040.000) 01/05 22:06:22 Image size of job updated: 52584
	52  -  MemoryUsage of job (MB)
	52584  -  ResidentSetSize of job (KB)
...
006 (28248.040.000) 01/05 22:11:22 Image size of job updated: 52604
	52  -  MemoryUsage of job (MB)
	52604  -  ResidentSetSize of job (KB)
...
006 (28248.040.000) 01/05 22:16:23 Image size of job updated: 52624
	52  -  MemoryUsage of job (MB)
	52624  -  ResidentSetSize of job (KB)
...
006 (28248.040.000) 01/05 22:31:25 Image size of job updated: 52716
	52  -  MemoryUsage of job (MB)
	52716  -  ResidentSetSize of job (KB)
...
006 (28248.040.000) 01/05 22:36:26 Image size of job updated: 52736
	52  -  MemoryUsage of job (MB)
	52736  -  ResidentSetSize of job (KB)
...
006 (28248.040.000) 01/05 22:46:26 Image size of job updated: 52804
	52  -  MemoryUsage of job (MB)
	52804  -  ResidentSetSize of job (KB)
...
006 (28248.040.000) 01/05 22:51:27 Image size of job updated: 52828
	52  -  MemoryUsage of job (MB)
	52828  -  ResidentSetSize of job (KB)
...
006 (28248.040.000) 01/05 22:56:27 Image size of job updated: 52864
	52  -  MemoryUsage of job (MB)
	52864  -  ResidentSetSize of job (KB)
...
006 (28248.040.000) 01/05 23:16:29 Image size of job updated: 52956
	52  -  MemoryUsage of job (MB)
	52956  -  ResidentSetSize of job (KB)
...
006 (28248.040.000) 01/05 23:46:32 Image size of job updated: 52972
	52  -  MemoryUsage of job (MB)
	52972  -  ResidentSetSize of job (KB)
...
006 (28248.040.000) 01/05 23:51:32 Image size of job updated: 52992
	52  -  MemoryUsage of job (MB)
	52992  -  ResidentSetSize of job (KB)
...
006 (28248.040.000) 01/05 23:56:33 Image size of job updated: 53016
	52  -  MemoryUsage of job (MB)
	53016  -  ResidentSetSize of job (KB)
...
006 (28248.040.000) 01/06 00:01:33 Image size of job updated: 53044
	52  -  MemoryUsage of job (MB)
	53044  -  ResidentSetSize of job (KB)
...
006 (28248.040.000) 01/06 00:06:34 Image size of job updated: 53192
	52  -  MemoryUsage of job (MB)
	53192  -  ResidentSetSize of job (KB)
...
006 (28248.040.000) 01/06 00:26:36 Image size of job updated: 53280
	53  -  MemoryUsage of job (MB)
	53280  -  ResidentSetSize of job (KB)
...
006 (28248.040.000) 01/06 00:56:39 Image size of job updated: 53284
	53  -  MemoryUsage of job (MB)
	53284  -  ResidentSetSize of job (KB)
...
006 (28248.040.000) 01/06 01:01:39 Image size of job updated: 53304
	53  -  MemoryUsage of job (MB)
	53304  -  ResidentSetSize of job (KB)
...
006 (28248.040.000) 01/06 01:06:40 Image size of job updated: 53328
	53  -  MemoryUsage of job (MB)
	53328  -  ResidentSetSize of job (KB)
...
006 (28248.040.000) 01/06 01:11:40 Image size of job updated: 53348
	53  -  MemoryUsage of job (MB)
	53348  -  ResidentSetSize of job (KB)
...
006 (28248.040.000) 01/06 01:16:40 Image size of job updated: 53368
	53  -  MemoryUsage of job (MB)
	53368  -  ResidentSetSize of job (KB)
...
006 (28248.040.000) 01/06 01:21:42 Image size of job updated: 53392
	53  -  MemoryUsage of job (MB)
	53392  -  ResidentSetSize of job (KB)
...
006 (28248.040.000) 01/06 01:26:42 Image size of job updated: 53412
	53  -  MemoryUsage of job (MB)
	53412  -  ResidentSetSize of job (KB)
...
006 (28248.040.000) 01/06 01:31:42 Image size of job updated: 53432
	53  -  MemoryUsage of job (MB)
	53432  -  ResidentSetSize of job (KB)
...
006 (28248.040.000) 01/06 01:36:43 Image size of job updated: 53456
	53  -  MemoryUsage of job (MB)
	53456  -  ResidentSetSize of job (KB)
...
005 (28248.040.000) 01/06 01:36:48 Job terminated.
	(1) Normal termination (return value 0)
		Usr 0 08:08:38, Sys 0 00:00:04  -  Run Remote Usage
		Usr 0 00:00:00, Sys 0 00:00:00  -  Run Local Usage
		Usr 0 08:08:38, Sys 0 00:00:04  -  Total Remote Usage
		Usr 0 00:00:00, Sys 0 00:00:00  -  Total Local Usage
	0  -  Run Bytes Sent By Job
	0  -  Run Bytes Received By Job
	0  -  Total Bytes Sent By Job
	0  -  Total Bytes Received By Job
	Partitionable Resources :    Usage  Request Allocated 
	   Cpus                 :     1.00        1         1 
	   Disk (KB)            :     1           1    254050 
	   Memory (MB)          :    53           1      1005 
...
000 (28271.040.000) 01/06 15:26:51 Job submitted from host: <172.16.11.200:9618?addrs=172.16.11.200-9618&noUDP&sock=14877_46f2_4>
...
009 (28271.040.000) 01/06 15:47:45 Job was aborted by the user.
	via condor_rm (by user zhangliang)
...
000 (29325.040.000) 01/22 22:42:18 Job submitted from host: <172.16.11.200:9618?addrs=172.16.11.200-9618&noUDP&sock=14877_46f2_4>
...
001 (29325.040.000) 01/23 04:32:36 Job executing on host: <172.16.11.232:9618?addrs=172.16.11.232-9618&alias=pc-farm2&noUDP&sock=startd_4986_dfb4_4>
...
006 (29325.040.000) 01/23 04:32:45 Image size of job updated: 35560
	35  -  MemoryUsage of job (MB)
	35560  -  ResidentSetSize of job (KB)
...
006 (29325.040.000) 01/23 05:42:53 Image size of job updated: 36288
	36  -  MemoryUsage of job (MB)
	36288  -  ResidentSetSize of job (KB)
...
005 (29325.040.000) 01/23 17:00:41 Job terminated.
	(1) Normal termination (return value 0)
		Usr 0 12:28:01, Sys 0 00:00:01  -  Run Remote Usage
		Usr 0 00:00:00, Sys 0 00:00:00  -  Run Local Usage
		Usr 0 12:28:01, Sys 0 00:00:01  -  Total Remote Usage
		Usr 0 00:00:00, Sys 0 00:00:00  -  Total Local Usage
	0  -  Run Bytes Sent By Job
	0  -  Run Bytes Received By Job
	0  -  Total Bytes Sent By Job
	0  -  Total Bytes Received By Job
	Partitionable Resources :    Usage  Request Allocated 
	   Cpus                 :     1.00        1         1 
	   Disk (KB)            :     1           1    245927 
	   Memory (MB)          :    36           1      1005 
...
000 (29520.040.000) 01/25 22:31:41 Job submitted from host: <172.16.11.200:9618?addrs=172.16.11.200-9618&noUDP&sock=14877_46f2_4>
...
001 (29520.040.000) 01/25 23:07:44 Job executing on host: <172.16.11.233:9618?addrs=172.16.11.233-9618&alias=pc-farm3&noUDP&sock=startd_4556_edfa>
...
006 (29520.040.000) 01/25 23:07:53 Image size of job updated: 41784
	41  -  MemoryUsage of job (MB)
	41784  -  ResidentSetSize of job (KB)
...
006 (29520.040.000) 01/26 00:58:05 Image size of job updated: 41904
	41  -  MemoryUsage of job (MB)
	41904  -  ResidentSetSize of job (KB)
...
006 (29520.040.000) 01/26 01:53:10 Image size of job updated: 41908
	41  -  MemoryUsage of job (MB)
	41908  -  ResidentSetSize of job (KB)
...
006 (29520.040.000) 01/26 02:18:13 Image size of job updated: 41980
	41  -  MemoryUsage of job (MB)
	41980  -  ResidentSetSize of job (KB)
...
006 (29520.040.000) 01/26 02:28:13 Image size of job updated: 42004
	42  -  MemoryUsage of job (MB)
	42004  -  ResidentSetSize of job (KB)
...
006 (29520.040.000) 01/26 02:33:14 Image size of job updated: 42016
	42  -  MemoryUsage of job (MB)
	42016  -  ResidentSetSize of job (KB)
...
006 (29520.040.000) 01/26 02:48:16 Image size of job updated: 42084
	42  -  MemoryUsage of job (MB)
	42084  -  ResidentSetSize of job (KB)
...
006 (29520.040.000) 01/26 02:53:17 Image size of job updated: 42096
	42  -  MemoryUsage of job (MB)
	42096  -  ResidentSetSize of job (KB)
...
006 (29520.040.000) 01/26 03:03:17 Image size of job updated: 42120
	42  -  MemoryUsage of job (MB)
	42120  -  ResidentSetSize of job (KB)
...
006 (29520.040.000) 01/26 03:38:21 Image size of job updated: 42196
	42  -  MemoryUsage of job (MB)
	42196  -  ResidentSetSize of job (KB)
...
006 (29520.040.000) 01/26 04:13:24 Image size of job updated: 42284
	42  -  MemoryUsage of job (MB)
	42284  -  ResidentSetSize of job (KB)
...
006 (29520.040.000) 01/26 04:18:25 Image size of job updated: 42300
	42  -  MemoryUsage of job (MB)
	42300  -  ResidentSetSize of job (KB)
...
006 (29520.040.000) 01/26 04:38:27 Image size of job updated: 42376
	42  -  MemoryUsage of job (MB)
	42376  -  ResidentSetSize of job (KB)
...
006 (29520.040.000) 01/26 04:48:28 Image size of job updated: 42400
	42  -  MemoryUsage of job (MB)
	42400  -  ResidentSetSize of job (KB)
...
006 (29520.040.000) 01/26 05:03:29 Image size of job updated: 42436
	42  -  MemoryUsage of job (MB)
	42436  -  ResidentSetSize of job (KB)
...
006 (29520.040.000) 01/26 05:18:30 Image size of job updated: 42472
	42  -  MemoryUsage of job (MB)
	42472  -  ResidentSetSize of job (KB)
...
006 (29520.040.000) 01/26 05:23:31 Image size of job updated: 42476
	42  -  MemoryUsage of job (MB)
	42476  -  ResidentSetSize of job (KB)
...
006 (29520.040.000) 01/26 05:28:31 Image size of job updated: 42496
	42  -  MemoryUsage of job (MB)
	42496  -  ResidentSetSize of job (KB)
...
006 (29520.040.000) 01/26 05:33:32 Image size of job updated: 42632
	42  -  MemoryUsage of job (MB)
	42632  -  ResidentSetSize of job (KB)
...
006 (29520.040.000) 01/26 06:13:36 Image size of job updated: 42636
	42  -  MemoryUsage of job (MB)
	42636  -  ResidentSetSize of job (KB)
...
006 (29520.040.000) 01/26 06:28:38 Image size of job updated: 42664
	42  -  MemoryUsage of job (MB)
	42664  -  ResidentSetSize of job (KB)
...
006 (29520.040.000) 01/26 06:38:39 Image size of job updated: 42696
	42  -  MemoryUsage of job (MB)
	42696  -  ResidentSetSize of job (KB)
...
006 (29520.040.000) 01/26 06:43:40 Image size of job updated: 42708
	42  -  MemoryUsage of job (MB)
	42708  -  ResidentSetSize of job (KB)
...
006 (29520.040.000) 01/26 06:58:41 Image size of job updated: 42740
	42  -  MemoryUsage of job (MB)
	42740  -  ResidentSetSize of job (KB)
...
006 (29520.040.000) 01/26 07:08:41 Image size of job updated: 42776
	42  -  MemoryUsage of job (MB)
	42776  -  ResidentSetSize of job (KB)
...
006 (29520.040.000) 01/26 07:13:42 Image size of job updated: 42792
	42  -  MemoryUsage of job (MB)
	42792  -  ResidentSetSize of job (KB)
...
006 (29520.040.000) 01/26 07:18:42 Image size of job updated: 42804
	42  -  MemoryUsage of job (MB)
	42804  -  ResidentSetSize of job (KB)
...
006 (29520.040.000) 01/26 07:23:42 Image size of job updated: 42812
	42  -  MemoryUsage of job (MB)
	42812  -  ResidentSetSize of job (KB)
...
006 (29520.040.000) 01/26 07:33:44 Image size of job updated: 42832
	42  -  MemoryUsage of job (MB)
	42832  -  ResidentSetSize of job (KB)
...
006 (29520.040.000) 01/26 07:38:44 Image size of job updated: 42852
	42  -  MemoryUsage of job (MB)
	42852  -  ResidentSetSize of job (KB)
...
006 (29520.040.000) 01/26 07:43:45 Image size of job updated: 42856
	42  -  MemoryUsage of job (MB)
	42856  -  ResidentSetSize of job (KB)
...
006 (29520.040.000) 01/26 07:53:46 Image size of job updated: 42876
	42  -  MemoryUsage of job (MB)
	42876  -  ResidentSetSize of job (KB)
...
006 (29520.040.000) 01/26 08:18:48 Image size of job updated: 42984
	42  -  MemoryUsage of job (MB)
	42984  -  ResidentSetSize of job (KB)
...
006 (29520.040.000) 01/26 08:23:49 Image size of job updated: 42996
	42  -  MemoryUsage of job (MB)
	42996  -  ResidentSetSize of job (KB)
...
006 (29520.040.000) 01/26 08:28:49 Image size of job updated: 43004
	42  -  MemoryUsage of job (MB)
	43004  -  ResidentSetSize of job (KB)
...
006 (29520.040.000) 01/26 08:48:51 Image size of job updated: 43056
	43  -  MemoryUsage of job (MB)
	43056  -  ResidentSetSize of job (KB)
...
006 (29520.040.000) 01/26 09:03:52 Image size of job updated: 43092
	43  -  MemoryUsage of job (MB)
	43092  -  ResidentSetSize of job (KB)
...
006 (29520.040.000) 01/26 09:08:53 Image size of job updated: 43104
	43  -  MemoryUsage of job (MB)
	43104  -  ResidentSetSize of job (KB)
...
006 (29520.040.000) 01/26 09:28:56 Image size of job updated: 43156
	43  -  MemoryUsage of job (MB)
	43156  -  ResidentSetSize of job (KB)
...
006 (29520.040.000) 01/26 09:38:56 Image size of job updated: 43212
	43  -  MemoryUsage of job (MB)
	43212  -  ResidentSetSize of job (KB)
...
006 (29520.040.000) 01/26 09:43:57 Image size of job updated: 43232
	43  -  MemoryUsage of job (MB)
	43232  -  ResidentSetSize of job (KB)
...
006 (29520.040.000) 01/26 09:58:59 Image size of job updated: 43276
	43  -  MemoryUsage of job (MB)
	43276  -  ResidentSetSize of job (KB)
...
006 (29520.040.000) 01/26 10:24:01 Image size of job updated: 43340
	43  -  MemoryUsage of job (MB)
	43340  -  ResidentSetSize of job (KB)
...
006 (29520.040.000) 01/26 10:39:03 Image size of job updated: 43384
	43  -  MemoryUsage of job (MB)
	43384  -  ResidentSetSize of job (KB)
...
006 (29520.040.000) 01/26 10:49:04 Image size of job updated: 43408
	43  -  MemoryUsage of job (MB)
	43408  -  ResidentSetSize of job (KB)
...
006 (29520.040.000) 01/26 10:59:05 Image size of job updated: 43436
	43  -  MemoryUsage of job (MB)
	43436  -  ResidentSetSize of job (KB)
...
006 (29520.040.000) 01/26 11:09:06 Image size of job updated: 43464
	43  -  MemoryUsage of job (MB)
	43464  -  ResidentSetSize of job (KB)
...
006 (29520.040.000) 01/26 11:19:06 Image size of job updated: 43520
	43  -  MemoryUsage of job (MB)
	43520  -  ResidentSetSize of job (KB)
...
006 (29520.040.000) 01/26 11:24:07 Image size of job updated: 43532
	43  -  MemoryUsage of job (MB)
	43532  -  ResidentSetSize of job (KB)
...
006 (29520.040.000) 01/26 12:04:11 Image size of job updated: 43540
	43  -  MemoryUsage of job (MB)
	43540  -  ResidentSetSize of job (KB)
...
006 (29520.040.000) 01/26 12:09:11 Image size of job updated: 43668
	43  -  MemoryUsage of job (MB)
	43668  -  ResidentSetSize of job (KB)
...
006 (29520.040.000) 01/26 12:34:15 Image size of job updated: 43724
	43  -  MemoryUsage of job (MB)
	43724  -  ResidentSetSize of job (KB)
...
006 (29520.040.000) 01/26 12:49:16 Image size of job updated: 43776
	43  -  MemoryUsage of job (MB)
	43776  -  ResidentSetSize of job (KB)
...
005 (29520.040.000) 01/26 13:17:26 Job terminated.
	(1) Normal termination (return value 0)
		Usr 0 14:09:22, Sys 0 00:00:03  -  Run Remote Usage
		Usr 0 00:00:00, Sys 0 00:00:00  -  Run Local Usage
		Usr 0 14:09:22, Sys 0 00:00:03  -  Total Remote Usage
		Usr 0 00:00:00, Sys 0 00:00:00  -  Total Local Usage
	0  -  Run Bytes Sent By Job
	0  -  Run Bytes Received By Job
	0  -  Total Bytes Sent By Job
	0  -  Total Bytes Received By Job
	Partitionable Resources :    Usage  Request Allocated 
	   Cpus                 :     1.00        1         1 
	   Disk (KB)            :     1           1    254050 
	   Memory (MB)          :    43           1      1005 
...
000 (29539.040.000) 01/26 14:07:21 Job submitted from host: <172.16.11.200:9618?addrs=172.16.11.200-9618&noUDP&sock=14877_46f2_4>
...
001 (29539.040.000) 01/27 08:33:11 Job executing on host: <172.16.11.231:9618?addrs=172.16.11.231-9618&noUDP&sock=startd_22895_f54e_4>
...
006 (29539.040.000) 01/27 08:33:20 Image size of job updated: 35856
	36  -  MemoryUsage of job (MB)
	35856  -  ResidentSetSize of job (KB)
...
006 (29539.040.000) 01/27 09:49:16 Image size of job updated: 311100
	36  -  MemoryUsage of job (MB)
	35856  -  ResidentSetSize of job (KB)
...
004 (29539.040.000) 01/27 09:49:16 Job was evicted.
	(0) CPU times
		Usr 0 01:16:02, Sys 0 00:00:00  -  Run Remote Usage
		Usr 0 00:00:00, Sys 0 00:00:00  -  Run Local Usage
	0  -  Run Bytes Sent By Job
	0  -  Run Bytes Received By Job
	Partitionable Resources :    Usage  Request Allocated 
	   Cpus                 :     1.00        1         1 
	   Disk (KB)            :     1           1    241059 
	   Memory (MB)          :    36           1      2008 
...
009 (29539.040.000) 01/27 09:49:16 Job was aborted by the user.
	via condor_rm (by user zhangliang)
...
000 (29554.040.000) 01/27 10:11:07 Job submitted from host: <172.16.11.200:9618?addrs=172.16.11.200-9618&noUDP&sock=14877_46f2_4>
...
001 (29554.040.000) 01/27 11:01:20 Job executing on host: <172.16.11.231:9618?addrs=172.16.11.231-9618&noUDP&sock=startd_22895_f54e_4>
...
006 (29554.040.000) 01/27 11:01:28 Image size of job updated: 35872
	36  -  MemoryUsage of job (MB)
	35872  -  ResidentSetSize of job (KB)
...
006 (29554.040.000) 01/27 15:56:58 Image size of job updated: 36004
	36  -  MemoryUsage of job (MB)
	36004  -  ResidentSetSize of job (KB)
...
006 (29554.040.000) 01/27 15:59:51 Image size of job updated: 424264
	36  -  MemoryUsage of job (MB)
	36004  -  ResidentSetSize of job (KB)
...
005 (29554.040.000) 01/27 15:59:51 Job terminated.
	(1) Normal termination (return value 0)
		Usr 0 04:58:27, Sys 0 00:00:03  -  Run Remote Usage
		Usr 0 00:00:00, Sys 0 00:00:00  -  Run Local Usage
		Usr 0 04:58:27, Sys 0 00:00:03  -  Total Remote Usage
		Usr 0 00:00:00, Sys 0 00:00:00  -  Total Local Usage
	0  -  Run Bytes Sent By Job
	0  -  Run Bytes Received By Job
	0  -  Total Bytes Sent By Job
	0  -  Total Bytes Received By Job
	Partitionable Resources :    Usage  Request Allocated 
	   Cpus                 :     1.00        1         1 
	   Disk (KB)            :     1           1    241059 
	   Memory (MB)          :    36           1      2008 
...
000 (29604.040.000) 01/27 21:59:06 Job submitted from host: <172.16.11.200:9618?addrs=172.16.11.200-9618&noUDP&sock=14877_46f2_4>
...
001 (29604.040.000) 01/28 09:49:34 Job executing on host: <172.16.11.232:9618?addrs=172.16.11.232-9618&alias=pc-farm2&noUDP&sock=startd_4986_dfb4_4>
...
006 (29604.040.000) 01/28 09:49:44 Image size of job updated: 35876
	36  -  MemoryUsage of job (MB)
	35876  -  ResidentSetSize of job (KB)
...
005 (29604.040.000) 01/28 14:10:52 Job terminated.
	(1) Normal termination (return value 0)
		Usr 0 04:17:45, Sys 0 00:00:24  -  Run Remote Usage
		Usr 0 00:00:00, Sys 0 00:00:00  -  Run Local Usage
		Usr 0 04:17:45, Sys 0 00:00:24  -  Total Remote Usage
		Usr 0 00:00:00, Sys 0 00:00:00  -  Total Local Usage
	0  -  Run Bytes Sent By Job
	0  -  Run Bytes Received By Job
	0  -  Total Bytes Sent By Job
	0  -  Total Bytes Received By Job
	Partitionable Resources :    Usage  Request Allocated 
	   Cpus                 :     1.00        1         1 
	   Disk (KB)            :     1           1    245927 
	   Memory (MB)          :    36           1      1005 
...
000 (29616.040.000) 01/28 14:59:33 Job submitted from host: <172.16.11.200:9618?addrs=172.16.11.200-9618&noUDP&sock=14877_46f2_4>
...
009 (29616.040.000) 01/28 15:00:12 Job was aborted by the user.
	via condor_rm (by user zhangliang)
...
000 (29617.040.000) 01/28 15:01:04 Job submitted from host: <172.16.11.200:9618?addrs=172.16.11.200-9618&noUDP&sock=14877_46f2_4>
...
001 (29617.040.000) 01/28 15:03:23 Job executing on host: <172.16.11.232:9618?addrs=172.16.11.232-9618&alias=pc-farm2&noUDP&sock=startd_4986_dfb4_4>
...
006 (29617.040.000) 01/28 15:03:32 Image size of job updated: 35964
	36  -  MemoryUsage of job (MB)
	35964  -  ResidentSetSize of job (KB)
...
005 (29617.040.000) 01/28 16:30:27 Job terminated.
	(1) Normal termination (return value 0)
		Usr 0 01:26:56, Sys 0 00:00:04  -  Run Remote Usage
		Usr 0 00:00:00, Sys 0 00:00:00  -  Run Local Usage
		Usr 0 01:26:56, Sys 0 00:00:04  -  Total Remote Usage
		Usr 0 00:00:00, Sys 0 00:00:00  -  Total Local Usage
	0  -  Run Bytes Sent By Job
	0  -  Run Bytes Received By Job
	0  -  Total Bytes Sent By Job
	0  -  Total Bytes Received By Job
	Partitionable Resources :    Usage  Request Allocated 
	   Cpus                 :     1.00        1         1 
	   Disk (KB)            :     1           1    245927 
	   Memory (MB)          :    36           1      1005 
...
000 (29696.040.000) 01/30 20:13:16 Job submitted from host: <172.16.11.200:9618?addrs=172.16.11.200-9618&noUDP&sock=14877_46f2_4>
...
001 (29696.040.000) 01/30 21:41:01 Job executing on host: <172.16.11.234:9618?addrs=172.16.11.234-9618&alias=pc-farm4&noUDP&sock=startd_5195_3aff>
...
006 (29696.040.000) 01/30 21:41:10 Image size of job updated: 35892
	36  -  MemoryUsage of job (MB)
	35892  -  ResidentSetSize of job (KB)
...
006 (29696.040.000) 01/30 21:46:10 Image size of job updated: 423580
	36  -  MemoryUsage of job (MB)
	35892  -  ResidentSetSize of job (KB)
...
006 (29696.040.000) 01/30 21:51:10 Image size of job updated: 424360
	36  -  MemoryUsage of job (MB)
	35896  -  ResidentSetSize of job (KB)
...
005 (29696.040.000) 01/30 23:27:08 Job terminated.
	(1) Normal termination (return value 0)
		Usr 0 01:46:05, Sys 0 00:00:00  -  Run Remote Usage
		Usr 0 00:00:00, Sys 0 00:00:00  -  Run Local Usage
		Usr 0 01:46:05, Sys 0 00:00:00  -  Total Remote Usage
		Usr 0 00:00:00, Sys 0 00:00:00  -  Total Local Usage
	0  -  Run Bytes Sent By Job
	0  -  Run Bytes Received By Job
	0  -  Total Bytes Sent By Job
	0  -  Total Bytes Received By Job
	Partitionable Resources :    Usage  Request Allocated 
	   Cpus                 :     1.00        1         1 
	   Disk (KB)            :     1           1    255907 
	   Memory (MB)          :    36           1       999 
...
000 (29706.040.000) 01/31 10:47:04 Job submitted from host: <172.16.11.200:9618?addrs=172.16.11.200-9618&noUDP&sock=14877_46f2_4>
...
001 (29706.040.000) 01/31 10:56:07 Job executing on host: <172.16.11.233:9618?addrs=172.16.11.233-9618&alias=pc-farm3&noUDP&sock=startd_4556_edfa>
...
006 (29706.040.000) 01/31 10:56:15 Image size of job updated: 53632
	53  -  MemoryUsage of job (MB)
	53632  -  ResidentSetSize of job (KB)
...
006 (29706.040.000) 01/31 11:31:19 Image size of job updated: 53764
	53  -  MemoryUsage of job (MB)
	53764  -  ResidentSetSize of job (KB)
...
006 (29706.040.000) 01/31 12:21:25 Image size of job updated: 54136
	53  -  MemoryUsage of job (MB)
	54136  -  ResidentSetSize of job (KB)
...
006 (29706.040.000) 01/31 12:26:26 Image size of job updated: 54276
	54  -  MemoryUsage of job (MB)
	54276  -  ResidentSetSize of job (KB)
...
005 (29706.040.000) 01/31 12:29:23 Job terminated.
	(1) Normal termination (return value 0)
		Usr 0 01:32:43, Sys 0 00:00:03  -  Run Remote Usage
		Usr 0 00:00:00, Sys 0 00:00:00  -  Run Local Usage
		Usr 0 01:32:43, Sys 0 00:00:03  -  Total Remote Usage
		Usr 0 00:00:00, Sys 0 00:00:00  -  Total Local Usage
	0  -  Run Bytes Sent By Job
	0  -  Run Bytes Received By Job
	0  -  Total Bytes Sent By Job
	0  -  Total Bytes Received By Job
	Partitionable Resources :    Usage  Request Allocated 
	   Cpus                 :     0.99        1         1 
	   Disk (KB)            :     1           1    254050 
	   Memory (MB)          :    54           1      1005 
...
000 (29707.040.000) 01/31 14:36:19 Job submitted from host: <172.16.11.200:9618?addrs=172.16.11.200-9618&noUDP&sock=14877_46f2_4>
...
009 (29707.040.000) 01/31 16:16:02 Job was aborted by the user.
	via condor_rm (by user zhangliang)
...
000 (29725.040.000) 01/31 16:16:10 Job submitted from host: <172.16.11.200:9618?addrs=172.16.11.200-9618&noUDP&sock=14877_46f2_4>
...
001 (29725.040.000) 01/31 18:59:52 Job executing on host: <172.16.11.233:9618?addrs=172.16.11.233-9618&alias=pc-farm3&noUDP&sock=startd_4556_edfa>
...
006 (29725.040.000) 01/31 19:00:03 Image size of job updated: 53196
	52  -  MemoryUsage of job (MB)
	53196  -  ResidentSetSize of job (KB)
...
006 (29725.040.000) 01/31 19:10:04 Image size of job updated: 53232
	52  -  MemoryUsage of job (MB)
	53232  -  ResidentSetSize of job (KB)
...
006 (29725.040.000) 01/31 20:05:11 Image size of job updated: 53244
	52  -  MemoryUsage of job (MB)
	53244  -  ResidentSetSize of job (KB)
...
006 (29725.040.000) 01/31 20:10:12 Image size of job updated: 53256
	53  -  MemoryUsage of job (MB)
	53256  -  ResidentSetSize of job (KB)
...
006 (29725.040.000) 01/31 20:15:12 Image size of job updated: 53268
	53  -  MemoryUsage of job (MB)
	53268  -  ResidentSetSize of job (KB)
...
006 (29725.040.000) 01/31 20:20:13 Image size of job updated: 53284
	53  -  MemoryUsage of job (MB)
	53284  -  ResidentSetSize of job (KB)
...
006 (29725.040.000) 01/31 20:25:14 Image size of job updated: 53296
	53  -  MemoryUsage of job (MB)
	53296  -  ResidentSetSize of job (KB)
...
006 (29725.040.000) 01/31 20:30:14 Image size of job updated: 53312
	53  -  MemoryUsage of job (MB)
	53312  -  ResidentSetSize of job (KB)
...
005 (29725.040.000) 01/31 20:31:39 Job terminated.
	(1) Normal termination (return value 0)
		Usr 0 01:31:02, Sys 0 00:00:09  -  Run Remote Usage
		Usr 0 00:00:00, Sys 0 00:00:00  -  Run Local Usage
		Usr 0 01:31:02, Sys 0 00:00:09  -  Total Remote Usage
		Usr 0 00:00:00, Sys 0 00:00:00  -  Total Local Usage
	0  -  Run Bytes Sent By Job
	0  -  Run Bytes Received By Job
	0  -  Total Bytes Sent By Job
	0  -  Total Bytes Received By Job
	Partitionable Resources :    Usage  Request Allocated 
	   Cpus                 :     0.99        1         1 
	   Disk (KB)            :     1           1    254050 
	   Memory (MB)          :    53           1      1005 
...
