000 (28203.056.000) 12/31 10:12:06 Job submitted from host: <172.16.11.200:9618?addrs=172.16.11.200-9618&noUDP&sock=14877_46f2_4>
...
001 (28203.056.000) 12/31 10:12:12 Job executing on host: <172.16.11.231:9618?addrs=172.16.11.231-9618&noUDP&sock=startd_22895_f54e_4>
...
006 (28203.056.000) 12/31 10:12:20 Image size of job updated: 35128
	35  -  MemoryUsage of job (MB)
	35128  -  ResidentSetSize of job (KB)
...
006 (28203.056.000) 12/31 10:22:22 Image size of job updated: 35236
	35  -  MemoryUsage of job (MB)
	35236  -  ResidentSetSize of job (KB)
...
006 (28203.056.000) 12/31 13:14:29 Image size of job updated: 310160
	35  -  MemoryUsage of job (MB)
	35236  -  ResidentSetSize of job (KB)
...
004 (28203.056.000) 12/31 13:14:29 Job was evicted.
	(0) CPU times
		Usr 0 03:02:07, Sys 0 00:00:06  -  Run Remote Usage
		Usr 0 00:00:00, Sys 0 00:00:00  -  Run Local Usage
	0  -  Run Bytes Sent By Job
	0  -  Run Bytes Received By Job
	Partitionable Resources :    Usage  Request Allocated 
	   Cpus                 :     1.00        1         1 
	   Disk (KB)            :     1           1    241059 
	   Memory (MB)          :    35           1      2008 
...
009 (28203.056.000) 12/31 13:14:29 Job was aborted by the user.
	via condor_rm (by user zhangliang)
...
000 (28206.056.000) 12/31 14:09:35 Job submitted from host: <172.16.11.200:9618?addrs=172.16.11.200-9618&noUDP&sock=14877_46f2_4>
...
001 (28206.056.000) 12/31 14:22:38 Job executing on host: <172.16.11.231:9618?addrs=172.16.11.231-9618&noUDP&sock=startd_22895_f54e_4>
...
006 (28206.056.000) 12/31 14:22:47 Image size of job updated: 35108
	35  -  MemoryUsage of job (MB)
	35108  -  ResidentSetSize of job (KB)
...
006 (28206.056.000) 01/01 01:38:57 Image size of job updated: 35908
	36  -  MemoryUsage of job (MB)
	35908  -  ResidentSetSize of job (KB)
...
005 (28206.056.000) 01/01 11:21:49 Job terminated.
	(1) Normal termination (return value 0)
		Usr 0 20:26:30, Sys 0 00:00:55  -  Run Remote Usage
		Usr 0 00:00:00, Sys 0 00:00:00  -  Run Local Usage
		Usr 0 20:26:30, Sys 0 00:00:55  -  Total Remote Usage
		Usr 0 00:00:00, Sys 0 00:00:00  -  Total Local Usage
	0  -  Run Bytes Sent By Job
	0  -  Run Bytes Received By Job
	0  -  Total Bytes Sent By Job
	0  -  Total Bytes Received By Job
	Partitionable Resources :    Usage  Request Allocated 
	   Cpus                 :     0.94        1         1 
	   Disk (KB)            :     1           1    241059 
	   Memory (MB)          :    36           1      2008 
...
000 (28248.056.000) 01/05 15:45:56 Job submitted from host: <172.16.11.200:9618?addrs=172.16.11.200-9618&noUDP&sock=14877_46f2_4>
...
001 (28248.056.000) 01/05 17:23:33 Job executing on host: <172.16.11.234:9618?addrs=172.16.11.234-9618&alias=pc-farm4&noUDP&sock=startd_5195_3aff>
...
006 (28248.056.000) 01/05 17:23:41 Image size of job updated: 34944
	35  -  MemoryUsage of job (MB)
	34944  -  ResidentSetSize of job (KB)
...
006 (28248.056.000) 01/05 17:28:41 Image size of job updated: 422640
	35  -  MemoryUsage of job (MB)
	34944  -  ResidentSetSize of job (KB)
...
006 (28248.056.000) 01/05 17:38:43 Image size of job updated: 423424
	35  -  MemoryUsage of job (MB)
	34948  -  ResidentSetSize of job (KB)
...
005 (28248.056.000) 01/06 02:19:57 Job terminated.
	(1) Normal termination (return value 0)
		Usr 0 08:29:19, Sys 0 00:00:33  -  Run Remote Usage
		Usr 0 00:00:00, Sys 0 00:00:00  -  Run Local Usage
		Usr 0 08:29:19, Sys 0 00:00:33  -  Total Remote Usage
		Usr 0 00:00:00, Sys 0 00:00:00  -  Total Local Usage
	0  -  Run Bytes Sent By Job
	0  -  Run Bytes Received By Job
	0  -  Total Bytes Sent By Job
	0  -  Total Bytes Received By Job
	Partitionable Resources :    Usage  Request Allocated 
	   Cpus                 :     0.90        1         1 
	   Disk (KB)            :     1           1    255907 
	   Memory (MB)          :    35           1       999 
...
000 (28271.056.000) 01/06 15:26:51 Job submitted from host: <172.16.11.200:9618?addrs=172.16.11.200-9618&noUDP&sock=14877_46f2_4>
...
009 (28271.056.000) 01/06 15:47:45 Job was aborted by the user.
	via condor_rm (by user zhangliang)
...
000 (29325.056.000) 01/22 22:42:18 Job submitted from host: <172.16.11.200:9618?addrs=172.16.11.200-9618&noUDP&sock=14877_46f2_4>
...
001 (29325.056.000) 01/23 04:35:36 Job executing on host: <172.16.11.232:9618?addrs=172.16.11.232-9618&alias=pc-farm2&noUDP&sock=startd_4986_dfb4_4>
...
006 (29325.056.000) 01/23 04:35:45 Image size of job updated: 35816
	35  -  MemoryUsage of job (MB)
	35816  -  ResidentSetSize of job (KB)
...
006 (29325.056.000) 01/23 05:40:51 Image size of job updated: 36420
	36  -  MemoryUsage of job (MB)
	36420  -  ResidentSetSize of job (KB)
...
006 (29325.056.000) 01/23 14:54:30 Image size of job updated: 424036
	36  -  MemoryUsage of job (MB)
	36420  -  ResidentSetSize of job (KB)
...
005 (29325.056.000) 01/23 14:54:30 Job terminated.
	(1) Normal termination (return value 0)
		Usr 0 10:18:47, Sys 0 00:00:02  -  Run Remote Usage
		Usr 0 00:00:00, Sys 0 00:00:00  -  Run Local Usage
		Usr 0 10:18:47, Sys 0 00:00:02  -  Total Remote Usage
		Usr 0 00:00:00, Sys 0 00:00:00  -  Total Local Usage
	0  -  Run Bytes Sent By Job
	0  -  Run Bytes Received By Job
	0  -  Total Bytes Sent By Job
	0  -  Total Bytes Received By Job
	Partitionable Resources :    Usage  Request Allocated 
	   Cpus                 :     1.00        1         1 
	   Disk (KB)            :     1           1    245927 
	   Memory (MB)          :    36           1      1005 
...
000 (29520.056.000) 01/25 22:31:42 Job submitted from host: <172.16.11.200:9618?addrs=172.16.11.200-9618&noUDP&sock=14877_46f2_4>
...
001 (29520.056.000) 01/25 23:17:17 Job executing on host: <172.16.11.231:9618?addrs=172.16.11.231-9618&noUDP&sock=startd_22895_f54e_4>
...
006 (29520.056.000) 01/25 23:17:26 Image size of job updated: 35836
	35  -  MemoryUsage of job (MB)
	35836  -  ResidentSetSize of job (KB)
...
006 (29520.056.000) 01/26 04:48:00 Image size of job updated: 35944
	36  -  MemoryUsage of job (MB)
	35944  -  ResidentSetSize of job (KB)
...
006 (29520.056.000) 01/26 14:06:27 Image size of job updated: 311100
	36  -  MemoryUsage of job (MB)
	35944  -  ResidentSetSize of job (KB)
...
004 (29520.056.000) 01/26 14:06:27 Job was evicted.
	(0) CPU times
		Usr 0 14:44:26, Sys 0 00:00:03  -  Run Remote Usage
		Usr 0 00:00:00, Sys 0 00:00:00  -  Run Local Usage
	0  -  Run Bytes Sent By Job
	0  -  Run Bytes Received By Job
	Partitionable Resources :    Usage  Request Allocated 
	   Cpus                 :     1.00        1         1 
	   Disk (KB)            :     1           1    241059 
	   Memory (MB)          :    36           1      2008 
...
009 (29520.056.000) 01/26 14:06:28 Job was aborted by the user.
	via condor_rm (by user zhangliang)
...
000 (29539.056.000) 01/26 14:07:21 Job submitted from host: <172.16.11.200:9618?addrs=172.16.11.200-9618&noUDP&sock=14877_46f2_4>
...
001 (29539.056.000) 01/27 08:37:10 Job executing on host: <172.16.11.234:9618?addrs=172.16.11.234-9618&alias=pc-farm4&noUDP&sock=startd_5195_3aff>
...
006 (29539.056.000) 01/27 08:37:19 Image size of job updated: 423580
	36  -  MemoryUsage of job (MB)
	35896  -  ResidentSetSize of job (KB)
...
006 (29539.056.000) 01/27 08:47:20 Image size of job updated: 424360
	36  -  MemoryUsage of job (MB)
	35900  -  ResidentSetSize of job (KB)
...
004 (29539.056.000) 01/27 09:49:15 Job was evicted.
	(0) CPU times
		Usr 0 01:12:03, Sys 0 00:00:00  -  Run Remote Usage
		Usr 0 00:00:00, Sys 0 00:00:00  -  Run Local Usage
	0  -  Run Bytes Sent By Job
	0  -  Run Bytes Received By Job
	Partitionable Resources :    Usage  Request Allocated 
	   Cpus                 :     1.00        1         1 
	   Disk (KB)            :     1           1    255907 
	   Memory (MB)          :    36           1       999 
...
009 (29539.056.000) 01/27 09:49:15 Job was aborted by the user.
	via condor_rm (by user zhangliang)
...
000 (29554.056.000) 01/27 10:11:07 Job submitted from host: <172.16.11.200:9618?addrs=172.16.11.200-9618&noUDP&sock=14877_46f2_4>
...
001 (29554.056.000) 01/27 15:13:28 Job executing on host: <172.16.11.232:9618?addrs=172.16.11.232-9618&alias=pc-farm2&noUDP&sock=startd_4986_dfb4_4>
...
006 (29554.056.000) 01/27 15:13:36 Image size of job updated: 36080
	36  -  MemoryUsage of job (MB)
	36080  -  ResidentSetSize of job (KB)
...
006 (29554.056.000) 01/27 16:03:42 Image size of job updated: 37064
	37  -  MemoryUsage of job (MB)
	37064  -  ResidentSetSize of job (KB)
...
005 (29554.056.000) 01/27 18:14:25 Job terminated.
	(1) Normal termination (return value 0)
		Usr 0 03:00:54, Sys 0 00:00:00  -  Run Remote Usage
		Usr 0 00:00:00, Sys 0 00:00:00  -  Run Local Usage
		Usr 0 03:00:54, Sys 0 00:00:00  -  Total Remote Usage
		Usr 0 00:00:00, Sys 0 00:00:00  -  Total Local Usage
	0  -  Run Bytes Sent By Job
	0  -  Run Bytes Received By Job
	0  -  Total Bytes Sent By Job
	0  -  Total Bytes Received By Job
	Partitionable Resources :    Usage  Request Allocated 
	   Cpus                 :     0.99        1         1 
	   Disk (KB)            :     1           1    245927 
	   Memory (MB)          :    37           1      1005 
...
000 (29604.056.000) 01/27 21:59:06 Job submitted from host: <172.16.11.200:9618?addrs=172.16.11.200-9618&noUDP&sock=14877_46f2_4>
...
001 (29604.056.000) 01/28 09:46:18 Job executing on host: <172.16.11.234:9618?addrs=172.16.11.234-9618&alias=pc-farm4&noUDP&sock=startd_5195_3aff>
...
006 (29604.056.000) 01/28 09:46:26 Image size of job updated: 423580
	36  -  MemoryUsage of job (MB)
	35884  -  ResidentSetSize of job (KB)
...
006 (29604.056.000) 01/28 09:56:27 Image size of job updated: 424360
	36  -  MemoryUsage of job (MB)
	35888  -  ResidentSetSize of job (KB)
...
005 (29604.056.000) 01/28 14:30:51 Job terminated.
	(1) Normal termination (return value 0)
		Usr 0 04:44:16, Sys 0 00:00:03  -  Run Remote Usage
		Usr 0 00:00:00, Sys 0 00:00:00  -  Run Local Usage
		Usr 0 04:44:16, Sys 0 00:00:03  -  Total Remote Usage
		Usr 0 00:00:00, Sys 0 00:00:00  -  Total Local Usage
	0  -  Run Bytes Sent By Job
	0  -  Run Bytes Received By Job
	0  -  Total Bytes Sent By Job
	0  -  Total Bytes Received By Job
	Partitionable Resources :    Usage  Request Allocated 
	   Cpus                 :     1.00        1         1 
	   Disk (KB)            :     1           1    255907 
	   Memory (MB)          :    36           1       999 
...
000 (29616.056.000) 01/28 14:59:33 Job submitted from host: <172.16.11.200:9618?addrs=172.16.11.200-9618&noUDP&sock=14877_46f2_4>
...
009 (29616.056.000) 01/28 15:00:13 Job was aborted by the user.
	via condor_rm (by user zhangliang)
...
000 (29617.056.000) 01/28 15:01:04 Job submitted from host: <172.16.11.200:9618?addrs=172.16.11.200-9618&noUDP&sock=14877_46f2_4>
...
001 (29617.056.000) 01/28 15:04:59 Job executing on host: <172.16.11.232:9618?addrs=172.16.11.232-9618&alias=pc-farm2&noUDP&sock=startd_4986_dfb4_4>
...
006 (29617.056.000) 01/28 15:05:08 Image size of job updated: 36064
	36  -  MemoryUsage of job (MB)
	36064  -  ResidentSetSize of job (KB)
...
005 (29617.056.000) 01/28 16:43:53 Job terminated.
	(1) Normal termination (return value 0)
		Usr 0 01:38:49, Sys 0 00:00:01  -  Run Remote Usage
		Usr 0 00:00:00, Sys 0 00:00:00  -  Run Local Usage
		Usr 0 01:38:49, Sys 0 00:00:01  -  Total Remote Usage
		Usr 0 00:00:00, Sys 0 00:00:00  -  Total Local Usage
	0  -  Run Bytes Sent By Job
	0  -  Run Bytes Received By Job
	0  -  Total Bytes Sent By Job
	0  -  Total Bytes Received By Job
	Partitionable Resources :    Usage  Request Allocated 
	   Cpus                 :     1.00        1         1 
	   Disk (KB)            :     1           1    245927 
	   Memory (MB)          :    36           1      1005 
...
000 (29696.056.000) 01/30 20:13:16 Job submitted from host: <172.16.11.200:9618?addrs=172.16.11.200-9618&noUDP&sock=14877_46f2_4>
...
001 (29696.056.000) 01/30 21:43:01 Job executing on host: <172.16.11.231:9618?addrs=172.16.11.231-9618&noUDP&sock=startd_22895_f54e_4>
...
006 (29696.056.000) 01/30 21:43:09 Image size of job updated: 36216
	36  -  MemoryUsage of job (MB)
	36216  -  ResidentSetSize of job (KB)
...
005 (29696.056.000) 01/30 23:28:02 Job terminated.
	(1) Normal termination (return value 0)
		Usr 0 01:44:59, Sys 0 00:00:00  -  Run Remote Usage
		Usr 0 00:00:00, Sys 0 00:00:00  -  Run Local Usage
		Usr 0 01:44:59, Sys 0 00:00:00  -  Total Remote Usage
		Usr 0 00:00:00, Sys 0 00:00:00  -  Total Local Usage
	0  -  Run Bytes Sent By Job
	0  -  Run Bytes Received By Job
	0  -  Total Bytes Sent By Job
	0  -  Total Bytes Received By Job
	Partitionable Resources :    Usage  Request Allocated 
	   Cpus                 :     1.00        1         1 
	   Disk (KB)            :     1           1    241059 
	   Memory (MB)          :    36           1      2008 
...
000 (29706.056.000) 01/31 10:47:04 Job submitted from host: <172.16.11.200:9618?addrs=172.16.11.200-9618&noUDP&sock=14877_46f2_4>
...
001 (29706.056.000) 01/31 10:59:07 Job executing on host: <172.16.11.231:9618?addrs=172.16.11.231-9618&noUDP&sock=startd_22895_f54e_4>
...
006 (29706.056.000) 01/31 10:59:15 Image size of job updated: 49804
	49  -  MemoryUsage of job (MB)
	49804  -  ResidentSetSize of job (KB)
...
006 (29706.056.000) 01/31 12:14:23 Image size of job updated: 49912
	49  -  MemoryUsage of job (MB)
	49912  -  ResidentSetSize of job (KB)
...
005 (29706.056.000) 01/31 12:57:59 Job terminated.
	(1) Normal termination (return value 0)
		Usr 0 01:58:51, Sys 0 00:00:00  -  Run Remote Usage
		Usr 0 00:00:00, Sys 0 00:00:00  -  Run Local Usage
		Usr 0 01:58:51, Sys 0 00:00:00  -  Total Remote Usage
		Usr 0 00:00:00, Sys 0 00:00:00  -  Total Local Usage
	0  -  Run Bytes Sent By Job
	0  -  Run Bytes Received By Job
	0  -  Total Bytes Sent By Job
	0  -  Total Bytes Received By Job
	Partitionable Resources :    Usage  Request Allocated 
	   Cpus                 :     1.00        1         1 
	   Disk (KB)            :     1           1    241059 
	   Memory (MB)          :    49           1      2008 
...
000 (29707.056.000) 01/31 14:36:19 Job submitted from host: <172.16.11.200:9618?addrs=172.16.11.200-9618&noUDP&sock=14877_46f2_4>
...
009 (29707.056.000) 01/31 16:16:03 Job was aborted by the user.
	via condor_rm (by user zhangliang)
...
000 (29725.056.000) 01/31 16:16:10 Job submitted from host: <172.16.11.200:9618?addrs=172.16.11.200-9618&noUDP&sock=14877_46f2_4>
...
001 (29725.056.000) 01/31 19:05:36 Job executing on host: <172.16.11.231:9618?addrs=172.16.11.231-9618&noUDP&sock=startd_22895_f54e_4>
...
006 (29725.056.000) 01/31 19:05:44 Image size of job updated: 49928
	49  -  MemoryUsage of job (MB)
	49928  -  ResidentSetSize of job (KB)
...
006 (29725.056.000) 01/31 20:45:54 Image size of job updated: 50260
	50  -  MemoryUsage of job (MB)
	50260  -  ResidentSetSize of job (KB)
...
006 (29725.056.000) 01/31 20:47:39 Image size of job updated: 438100
	50  -  MemoryUsage of job (MB)
	50260  -  ResidentSetSize of job (KB)
...
005 (29725.056.000) 01/31 20:47:39 Job terminated.
	(1) Normal termination (return value 0)
		Usr 0 01:42:02, Sys 0 00:00:00  -  Run Remote Usage
		Usr 0 00:00:00, Sys 0 00:00:00  -  Run Local Usage
		Usr 0 01:42:02, Sys 0 00:00:00  -  Total Remote Usage
		Usr 0 00:00:00, Sys 0 00:00:00  -  Total Local Usage
	0  -  Run Bytes Sent By Job
	0  -  Run Bytes Received By Job
	0  -  Total Bytes Sent By Job
	0  -  Total Bytes Received By Job
	Partitionable Resources :    Usage  Request Allocated 
	   Cpus                 :     1.00        1         1 
	   Disk (KB)            :     1           1    241059 
	   Memory (MB)          :    50           1      2008 
...
