000 (28203.062.000) 12/31 10:12:06 Job submitted from host: <172.16.11.200:9618?addrs=172.16.11.200-9618&noUDP&sock=14877_46f2_4>
...
001 (28203.062.000) 12/31 10:12:14 Job executing on host: <172.16.11.231:9618?addrs=172.16.11.231-9618&noUDP&sock=startd_22895_f54e_4>
...
006 (28203.062.000) 12/31 10:12:23 Image size of job updated: 35116
	35  -  MemoryUsage of job (MB)
	35116  -  ResidentSetSize of job (KB)
...
006 (28203.062.000) 12/31 10:22:24 Image size of job updated: 35228
	35  -  MemoryUsage of job (MB)
	35228  -  ResidentSetSize of job (KB)
...
006 (28203.062.000) 12/31 13:14:29 Image size of job updated: 310160
	35  -  MemoryUsage of job (MB)
	35228  -  ResidentSetSize of job (KB)
...
004 (28203.062.000) 12/31 13:14:29 Job was evicted.
	(0) CPU times
		Usr 0 03:02:12, Sys 0 00:00:00  -  Run Remote Usage
		Usr 0 00:00:00, Sys 0 00:00:00  -  Run Local Usage
	0  -  Run Bytes Sent By Job
	0  -  Run Bytes Received By Job
	Partitionable Resources :    Usage  Request Allocated 
	   Cpus                 :     1.00        1         1 
	   Disk (KB)            :     1           1    241059 
	   Memory (MB)          :    35           1      2008 
...
009 (28203.062.000) 12/31 13:14:29 Job was aborted by the user.
	via condor_rm (by user zhangliang)
...
000 (28206.062.000) 12/31 14:09:35 Job submitted from host: <172.16.11.200:9618?addrs=172.16.11.200-9618&noUDP&sock=14877_46f2_4>
...
001 (28206.062.000) 12/31 14:24:36 Job executing on host: <172.16.11.231:9618?addrs=172.16.11.231-9618&noUDP&sock=startd_22895_f54e_4>
...
006 (28206.062.000) 12/31 14:24:45 Image size of job updated: 35100
	35  -  MemoryUsage of job (MB)
	35100  -  ResidentSetSize of job (KB)
...
006 (28206.062.000) 01/01 01:40:56 Image size of job updated: 35236
	35  -  MemoryUsage of job (MB)
	35236  -  ResidentSetSize of job (KB)
...
005 (28206.062.000) 01/01 10:37:12 Job terminated.
	(1) Normal termination (return value 0)
		Usr 0 20:12:17, Sys 0 00:00:02  -  Run Remote Usage
		Usr 0 00:00:00, Sys 0 00:00:00  -  Run Local Usage
		Usr 0 20:12:17, Sys 0 00:00:02  -  Total Remote Usage
		Usr 0 00:00:00, Sys 0 00:00:00  -  Total Local Usage
	0  -  Run Bytes Sent By Job
	0  -  Run Bytes Received By Job
	0  -  Total Bytes Sent By Job
	0  -  Total Bytes Received By Job
	Partitionable Resources :    Usage  Request Allocated 
	   Cpus                 :     1.00        1         1 
	   Disk (KB)            :     1           1    241059 
	   Memory (MB)          :    35           1      2008 
...
000 (28248.062.000) 01/05 15:45:56 Job submitted from host: <172.16.11.200:9618?addrs=172.16.11.200-9618&noUDP&sock=14877_46f2_4>
...
001 (28248.062.000) 01/05 17:23:33 Job executing on host: <172.16.11.231:9618?addrs=172.16.11.231-9618&noUDP&sock=startd_22895_f54e_4>
...
006 (28248.062.000) 01/05 17:23:43 Image size of job updated: 34876
	35  -  MemoryUsage of job (MB)
	34876  -  ResidentSetSize of job (KB)
...
005 (28248.062.000) 01/06 02:15:29 Job terminated.
	(1) Normal termination (return value 0)
		Usr 0 08:49:54, Sys 0 00:00:03  -  Run Remote Usage
		Usr 0 00:00:00, Sys 0 00:00:00  -  Run Local Usage
		Usr 0 08:49:54, Sys 0 00:00:03  -  Total Remote Usage
		Usr 0 00:00:00, Sys 0 00:00:00  -  Total Local Usage
	0  -  Run Bytes Sent By Job
	0  -  Run Bytes Received By Job
	0  -  Total Bytes Sent By Job
	0  -  Total Bytes Received By Job
	Partitionable Resources :    Usage  Request Allocated 
	   Cpus                 :     0.98        1         1 
	   Disk (KB)            :     1           1    241059 
	   Memory (MB)          :    35           1      2008 
...
000 (28271.062.000) 01/06 15:26:51 Job submitted from host: <172.16.11.200:9618?addrs=172.16.11.200-9618&noUDP&sock=14877_46f2_4>
...
009 (28271.062.000) 01/06 15:47:45 Job was aborted by the user.
	via condor_rm (by user zhangliang)
...
000 (29325.062.000) 01/22 22:42:18 Job submitted from host: <172.16.11.200:9618?addrs=172.16.11.200-9618&noUDP&sock=14877_46f2_4>
...
001 (29325.062.000) 01/23 04:36:36 Job executing on host: <172.16.11.234:9618?addrs=172.16.11.234-9618&alias=pc-farm4&noUDP&sock=startd_5195_3aff>
...
006 (29325.062.000) 01/23 04:36:44 Image size of job updated: 423216
	35  -  MemoryUsage of job (MB)
	35536  -  ResidentSetSize of job (KB)
...
006 (29325.062.000) 01/23 04:51:45 Image size of job updated: 423996
	35  -  MemoryUsage of job (MB)
	35540  -  ResidentSetSize of job (KB)
...
005 (29325.062.000) 01/23 16:14:22 Job terminated.
	(1) Normal termination (return value 0)
		Usr 0 11:36:28, Sys 0 00:00:02  -  Run Remote Usage
		Usr 0 00:00:00, Sys 0 00:00:00  -  Run Local Usage
		Usr 0 11:36:28, Sys 0 00:00:02  -  Total Remote Usage
		Usr 0 00:00:00, Sys 0 00:00:00  -  Total Local Usage
	0  -  Run Bytes Sent By Job
	0  -  Run Bytes Received By Job
	0  -  Total Bytes Sent By Job
	0  -  Total Bytes Received By Job
	Partitionable Resources :    Usage  Request Allocated 
	   Cpus                 :     1.00        1         1 
	   Disk (KB)            :     1           1    255907 
	   Memory (MB)          :    35           1       999 
...
000 (29520.062.000) 01/25 22:31:42 Job submitted from host: <172.16.11.200:9618?addrs=172.16.11.200-9618&noUDP&sock=14877_46f2_4>
...
001 (29520.062.000) 01/25 23:20:18 Job executing on host: <172.16.11.232:9618?addrs=172.16.11.232-9618&alias=pc-farm2&noUDP&sock=startd_4986_dfb4_4>
...
006 (29520.062.000) 01/25 23:20:28 Image size of job updated: 35712
	35  -  MemoryUsage of job (MB)
	35712  -  ResidentSetSize of job (KB)
...
006 (29520.062.000) 01/26 00:35:35 Image size of job updated: 35876
	36  -  MemoryUsage of job (MB)
	35876  -  ResidentSetSize of job (KB)
...
006 (29520.062.000) 01/26 14:06:27 Image size of job updated: 311124
	36  -  MemoryUsage of job (MB)
	35876  -  ResidentSetSize of job (KB)
...
004 (29520.062.000) 01/26 14:06:27 Job was evicted.
	(0) CPU times
		Usr 0 14:39:13, Sys 0 00:00:03  -  Run Remote Usage
		Usr 0 00:00:00, Sys 0 00:00:00  -  Run Local Usage
	0  -  Run Bytes Sent By Job
	0  -  Run Bytes Received By Job
	Partitionable Resources :    Usage  Request Allocated 
	   Cpus                 :     1.00        1         1 
	   Disk (KB)            :     1           1    245927 
	   Memory (MB)          :    36           1      1005 
...
009 (29520.062.000) 01/26 14:06:27 Job was aborted by the user.
	via condor_rm (by user zhangliang)
...
000 (29539.062.000) 01/26 14:07:21 Job submitted from host: <172.16.11.200:9618?addrs=172.16.11.200-9618&noUDP&sock=14877_46f2_4>
...
001 (29539.062.000) 01/27 08:38:10 Job executing on host: <172.16.11.234:9618?addrs=172.16.11.234-9618&alias=pc-farm4&noUDP&sock=startd_5195_3aff>
...
006 (29539.062.000) 01/27 08:38:19 Image size of job updated: 421896
	36  -  MemoryUsage of job (MB)
	35892  -  ResidentSetSize of job (KB)
...
006 (29539.062.000) 01/27 08:43:20 Image size of job updated: 423580
	36  -  MemoryUsage of job (MB)
	35892  -  ResidentSetSize of job (KB)
...
006 (29539.062.000) 01/27 08:48:21 Image size of job updated: 424360
	36  -  MemoryUsage of job (MB)
	35896  -  ResidentSetSize of job (KB)
...
004 (29539.062.000) 01/27 09:49:15 Job was evicted.
	(0) CPU times
		Usr 0 01:11:03, Sys 0 00:00:00  -  Run Remote Usage
		Usr 0 00:00:00, Sys 0 00:00:00  -  Run Local Usage
	0  -  Run Bytes Sent By Job
	0  -  Run Bytes Received By Job
	Partitionable Resources :    Usage  Request Allocated 
	   Cpus                 :     1.00        1         1 
	   Disk (KB)            :     1           1    255907 
	   Memory (MB)          :    36           1       999 
...
009 (29539.062.000) 01/27 09:49:15 Job was aborted by the user.
	via condor_rm (by user zhangliang)
...
000 (29554.062.000) 01/27 10:11:07 Job submitted from host: <172.16.11.200:9618?addrs=172.16.11.200-9618&noUDP&sock=14877_46f2_4>
...
001 (29554.062.000) 01/27 15:13:27 Job executing on host: <172.16.11.231:9618?addrs=172.16.11.231-9618&noUDP&sock=startd_22895_f54e_4>
...
006 (29554.062.000) 01/27 15:13:36 Image size of job updated: 35984
	36  -  MemoryUsage of job (MB)
	35984  -  ResidentSetSize of job (KB)
...
006 (29554.062.000) 01/27 15:58:41 Image size of job updated: 36092
	36  -  MemoryUsage of job (MB)
	36092  -  ResidentSetSize of job (KB)
...
005 (29554.062.000) 01/27 20:19:35 Job terminated.
	(1) Normal termination (return value 0)
		Usr 0 05:05:56, Sys 0 00:00:04  -  Run Remote Usage
		Usr 0 00:00:00, Sys 0 00:00:00  -  Run Local Usage
		Usr 0 05:05:56, Sys 0 00:00:04  -  Total Remote Usage
		Usr 0 00:00:00, Sys 0 00:00:00  -  Total Local Usage
	0  -  Run Bytes Sent By Job
	0  -  Run Bytes Received By Job
	0  -  Total Bytes Sent By Job
	0  -  Total Bytes Received By Job
	Partitionable Resources :    Usage  Request Allocated 
	   Cpus                 :     1.00        1         1 
	   Disk (KB)            :     1           1    241059 
	   Memory (MB)          :    36           1      2008 
...
000 (29604.062.000) 01/27 21:59:06 Job submitted from host: <172.16.11.200:9618?addrs=172.16.11.200-9618&noUDP&sock=14877_46f2_4>
...
001 (29604.062.000) 01/28 09:46:19 Job executing on host: <172.16.11.234:9618?addrs=172.16.11.234-9618&alias=pc-farm4&noUDP&sock=startd_5195_3aff>
...
006 (29604.062.000) 01/28 09:46:29 Image size of job updated: 423580
	36  -  MemoryUsage of job (MB)
	35880  -  ResidentSetSize of job (KB)
...
006 (29604.062.000) 01/28 09:56:29 Image size of job updated: 423580
	36  -  MemoryUsage of job (MB)
	35884  -  ResidentSetSize of job (KB)
...
006 (29604.062.000) 01/28 10:01:30 Image size of job updated: 424360
	36  -  MemoryUsage of job (MB)
	35884  -  ResidentSetSize of job (KB)
...
005 (29604.062.000) 01/28 14:42:45 Job terminated.
	(1) Normal termination (return value 0)
		Usr 0 04:56:09, Sys 0 00:00:02  -  Run Remote Usage
		Usr 0 00:00:00, Sys 0 00:00:00  -  Run Local Usage
		Usr 0 04:56:09, Sys 0 00:00:02  -  Total Remote Usage
		Usr 0 00:00:00, Sys 0 00:00:00  -  Total Local Usage
	0  -  Run Bytes Sent By Job
	0  -  Run Bytes Received By Job
	0  -  Total Bytes Sent By Job
	0  -  Total Bytes Received By Job
	Partitionable Resources :    Usage  Request Allocated 
	   Cpus                 :     1.00        1         1 
	   Disk (KB)            :     1           1    255907 
	   Memory (MB)          :    36           1       999 
...
000 (29616.062.000) 01/28 14:59:33 Job submitted from host: <172.16.11.200:9618?addrs=172.16.11.200-9618&noUDP&sock=14877_46f2_4>
...
009 (29616.062.000) 01/28 15:00:13 Job was aborted by the user.
	via condor_rm (by user zhangliang)
...
000 (29617.062.000) 01/28 15:01:04 Job submitted from host: <172.16.11.200:9618?addrs=172.16.11.200-9618&noUDP&sock=14877_46f2_4>
...
001 (29617.062.000) 01/28 15:05:07 Job executing on host: <172.16.11.232:9618?addrs=172.16.11.232-9618&alias=pc-farm2&noUDP&sock=startd_4986_dfb4_4>
...
006 (29617.062.000) 01/28 15:05:16 Image size of job updated: 35872
	36  -  MemoryUsage of job (MB)
	35872  -  ResidentSetSize of job (KB)
...
005 (29617.062.000) 01/28 16:51:54 Job terminated.
	(1) Normal termination (return value 0)
		Usr 0 01:46:40, Sys 0 00:00:02  -  Run Remote Usage
		Usr 0 00:00:00, Sys 0 00:00:00  -  Run Local Usage
		Usr 0 01:46:40, Sys 0 00:00:02  -  Total Remote Usage
		Usr 0 00:00:00, Sys 0 00:00:00  -  Total Local Usage
	0  -  Run Bytes Sent By Job
	0  -  Run Bytes Received By Job
	0  -  Total Bytes Sent By Job
	0  -  Total Bytes Received By Job
	Partitionable Resources :    Usage  Request Allocated 
	   Cpus                 :     1.00        1         1 
	   Disk (KB)            :     1           1    245927 
	   Memory (MB)          :    36           1      1005 
...
000 (29696.062.000) 01/30 20:13:16 Job submitted from host: <172.16.11.200:9618?addrs=172.16.11.200-9618&noUDP&sock=14877_46f2_4>
...
001 (29696.062.000) 01/30 21:44:01 Job executing on host: <172.16.11.234:9618?addrs=172.16.11.234-9618&alias=pc-farm4&noUDP&sock=startd_5195_3aff>
...
006 (29696.062.000) 01/30 21:44:10 Image size of job updated: 423580
	36  -  MemoryUsage of job (MB)
	35892  -  ResidentSetSize of job (KB)
...
006 (29696.062.000) 01/30 21:54:11 Image size of job updated: 424360
	36  -  MemoryUsage of job (MB)
	35896  -  ResidentSetSize of job (KB)
...
005 (29696.062.000) 01/30 23:30:07 Job terminated.
	(1) Normal termination (return value 0)
		Usr 0 01:46:05, Sys 0 00:00:00  -  Run Remote Usage
		Usr 0 00:00:00, Sys 0 00:00:00  -  Run Local Usage
		Usr 0 01:46:05, Sys 0 00:00:00  -  Total Remote Usage
		Usr 0 00:00:00, Sys 0 00:00:00  -  Total Local Usage
	0  -  Run Bytes Sent By Job
	0  -  Run Bytes Received By Job
	0  -  Total Bytes Sent By Job
	0  -  Total Bytes Received By Job
	Partitionable Resources :    Usage  Request Allocated 
	   Cpus                 :     1.00        1         1 
	   Disk (KB)            :     1           1    255907 
	   Memory (MB)          :    36           1       999 
...
000 (29706.062.000) 01/31 10:47:04 Job submitted from host: <172.16.11.200:9618?addrs=172.16.11.200-9618&noUDP&sock=14877_46f2_4>
...
001 (29706.062.000) 01/31 11:01:06 Job executing on host: <172.16.11.234:9618?addrs=172.16.11.234-9618&alias=pc-farm4&noUDP&sock=startd_5195_3aff>
...
006 (29706.062.000) 01/31 11:01:14 Image size of job updated: 49728
	49  -  MemoryUsage of job (MB)
	49728  -  ResidentSetSize of job (KB)
...
006 (29706.062.000) 01/31 11:06:14 Image size of job updated: 437416
	49  -  MemoryUsage of job (MB)
	49728  -  ResidentSetSize of job (KB)
...
006 (29706.062.000) 01/31 11:11:14 Image size of job updated: 438196
	49  -  MemoryUsage of job (MB)
	49732  -  ResidentSetSize of job (KB)
...
005 (29706.062.000) 01/31 12:49:40 Job terminated.
	(1) Normal termination (return value 0)
		Usr 0 01:48:32, Sys 0 00:00:00  -  Run Remote Usage
		Usr 0 00:00:00, Sys 0 00:00:00  -  Run Local Usage
		Usr 0 01:48:32, Sys 0 00:00:00  -  Total Remote Usage
		Usr 0 00:00:00, Sys 0 00:00:00  -  Total Local Usage
	0  -  Run Bytes Sent By Job
	0  -  Run Bytes Received By Job
	0  -  Total Bytes Sent By Job
	0  -  Total Bytes Received By Job
	Partitionable Resources :    Usage  Request Allocated 
	   Cpus                 :     1.00        1         1 
	   Disk (KB)            :     1           1    255907 
	   Memory (MB)          :    49           1       999 
...
000 (29707.062.000) 01/31 14:36:19 Job submitted from host: <172.16.11.200:9618?addrs=172.16.11.200-9618&noUDP&sock=14877_46f2_4>
...
009 (29707.062.000) 01/31 16:16:03 Job was aborted by the user.
	via condor_rm (by user zhangliang)
...
000 (29725.062.000) 01/31 16:16:10 Job submitted from host: <172.16.11.200:9618?addrs=172.16.11.200-9618&noUDP&sock=14877_46f2_4>
...
001 (29725.062.000) 01/31 19:08:36 Job executing on host: <172.16.11.234:9618?addrs=172.16.11.234-9618&alias=pc-farm4&noUDP&sock=startd_5195_3aff>
...
006 (29725.062.000) 01/31 19:08:45 Image size of job updated: 49724
	49  -  MemoryUsage of job (MB)
	49724  -  ResidentSetSize of job (KB)
...
006 (29725.062.000) 01/31 19:13:46 Image size of job updated: 437416
	49  -  MemoryUsage of job (MB)
	49724  -  ResidentSetSize of job (KB)
...
006 (29725.062.000) 01/31 19:18:46 Image size of job updated: 438196
	49  -  MemoryUsage of job (MB)
	49728  -  ResidentSetSize of job (KB)
...
005 (29725.062.000) 01/31 20:55:02 Job terminated.
	(1) Normal termination (return value 0)
		Usr 0 01:46:25, Sys 0 00:00:00  -  Run Remote Usage
		Usr 0 00:00:00, Sys 0 00:00:00  -  Run Local Usage
		Usr 0 01:46:25, Sys 0 00:00:00  -  Total Remote Usage
		Usr 0 00:00:00, Sys 0 00:00:00  -  Total Local Usage
	0  -  Run Bytes Sent By Job
	0  -  Run Bytes Received By Job
	0  -  Total Bytes Sent By Job
	0  -  Total Bytes Received By Job
	Partitionable Resources :    Usage  Request Allocated 
	   Cpus                 :     1.00        1         1 
	   Disk (KB)            :     1           1    255907 
	   Memory (MB)          :    49           1       999 
...
