000 (28203.058.000) 12/31 10:12:06 Job submitted from host: <172.16.11.200:9618?addrs=172.16.11.200-9618&noUDP&sock=14877_46f2_4>
...
001 (28203.058.000) 12/31 10:12:13 Job executing on host: <172.16.11.231:9618?addrs=172.16.11.231-9618&noUDP&sock=startd_22895_f54e_4>
...
006 (28203.058.000) 12/31 10:12:22 Image size of job updated: 35104
	35  -  MemoryUsage of job (MB)
	35104  -  ResidentSetSize of job (KB)
...
006 (28203.058.000) 12/31 10:22:22 Image size of job updated: 35216
	35  -  MemoryUsage of job (MB)
	35216  -  ResidentSetSize of job (KB)
...
006 (28203.058.000) 12/31 13:14:29 Image size of job updated: 310160
	35  -  MemoryUsage of job (MB)
	35216  -  ResidentSetSize of job (KB)
...
004 (28203.058.000) 12/31 13:14:29 Job was evicted.
	(0) CPU times
		Usr 0 03:02:05, Sys 0 00:00:08  -  Run Remote Usage
		Usr 0 00:00:00, Sys 0 00:00:00  -  Run Local Usage
	0  -  Run Bytes Sent By Job
	0  -  Run Bytes Received By Job
	Partitionable Resources :    Usage  Request Allocated 
	   Cpus                 :     1.00        1         1 
	   Disk (KB)            :     1           1    241059 
	   Memory (MB)          :    35           1      2008 
...
009 (28203.058.000) 12/31 13:14:29 Job was aborted by the user.
	via condor_rm (by user zhangliang)
...
000 (28206.058.000) 12/31 14:09:35 Job submitted from host: <172.16.11.200:9618?addrs=172.16.11.200-9618&noUDP&sock=14877_46f2_4>
...
001 (28206.058.000) 12/31 14:23:38 Job executing on host: <172.16.11.231:9618?addrs=172.16.11.231-9618&noUDP&sock=startd_22895_f54e_4>
...
006 (28206.058.000) 12/31 14:23:47 Image size of job updated: 35100
	35  -  MemoryUsage of job (MB)
	35100  -  ResidentSetSize of job (KB)
...
006 (28206.058.000) 01/01 01:39:58 Image size of job updated: 35792
	35  -  MemoryUsage of job (MB)
	35792  -  ResidentSetSize of job (KB)
...
005 (28206.058.000) 01/01 11:55:06 Job terminated.
	(1) Normal termination (return value 0)
		Usr 0 21:31:00, Sys 0 00:00:02  -  Run Remote Usage
		Usr 0 00:00:00, Sys 0 00:00:00  -  Run Local Usage
		Usr 0 21:31:00, Sys 0 00:00:02  -  Total Remote Usage
		Usr 0 00:00:00, Sys 0 00:00:00  -  Total Local Usage
	0  -  Run Bytes Sent By Job
	0  -  Run Bytes Received By Job
	0  -  Total Bytes Sent By Job
	0  -  Total Bytes Received By Job
	Partitionable Resources :    Usage  Request Allocated 
	   Cpus                 :     1.00        1         1 
	   Disk (KB)            :     1           1    241059 
	   Memory (MB)          :    35           1      2008 
...
000 (28248.058.000) 01/05 15:45:56 Job submitted from host: <172.16.11.200:9618?addrs=172.16.11.200-9618&noUDP&sock=14877_46f2_4>
...
001 (28248.058.000) 01/05 17:23:33 Job executing on host: <172.16.11.233:9618?addrs=172.16.11.233-9618&alias=pc-farm3&noUDP&sock=startd_4556_edfa>
...
006 (28248.058.000) 01/05 17:23:42 Image size of job updated: 40680
	40  -  MemoryUsage of job (MB)
	40680  -  ResidentSetSize of job (KB)
...
006 (28248.058.000) 01/05 18:13:49 Image size of job updated: 40724
	40  -  MemoryUsage of job (MB)
	40724  -  ResidentSetSize of job (KB)
...
006 (28248.058.000) 01/05 18:33:51 Image size of job updated: 40808
	40  -  MemoryUsage of job (MB)
	40808  -  ResidentSetSize of job (KB)
...
006 (28248.058.000) 01/05 18:58:54 Image size of job updated: 40948
	40  -  MemoryUsage of job (MB)
	40948  -  ResidentSetSize of job (KB)
...
006 (28248.058.000) 01/05 19:18:56 Image size of job updated: 41036
	41  -  MemoryUsage of job (MB)
	41036  -  ResidentSetSize of job (KB)
...
006 (28248.058.000) 01/05 19:23:56 Image size of job updated: 41056
	41  -  MemoryUsage of job (MB)
	41056  -  ResidentSetSize of job (KB)
...
006 (28248.058.000) 01/05 19:38:58 Image size of job updated: 41124
	41  -  MemoryUsage of job (MB)
	41124  -  ResidentSetSize of job (KB)
...
006 (28248.058.000) 01/05 19:58:59 Image size of job updated: 41244
	41  -  MemoryUsage of job (MB)
	41244  -  ResidentSetSize of job (KB)
...
006 (28248.058.000) 01/05 20:09:00 Image size of job updated: 41288
	41  -  MemoryUsage of job (MB)
	41288  -  ResidentSetSize of job (KB)
...
006 (28248.058.000) 01/05 20:24:02 Image size of job updated: 41352
	41  -  MemoryUsage of job (MB)
	41352  -  ResidentSetSize of job (KB)
...
006 (28248.058.000) 01/05 20:44:04 Image size of job updated: 41440
	41  -  MemoryUsage of job (MB)
	41440  -  ResidentSetSize of job (KB)
...
006 (28248.058.000) 01/05 20:54:05 Image size of job updated: 41484
	41  -  MemoryUsage of job (MB)
	41484  -  ResidentSetSize of job (KB)
...
006 (28248.058.000) 01/05 21:19:07 Image size of job updated: 41596
	41  -  MemoryUsage of job (MB)
	41596  -  ResidentSetSize of job (KB)
...
006 (28248.058.000) 01/05 21:49:11 Image size of job updated: 41656
	41  -  MemoryUsage of job (MB)
	41656  -  ResidentSetSize of job (KB)
...
006 (28248.058.000) 01/05 21:54:12 Image size of job updated: 41680
	41  -  MemoryUsage of job (MB)
	41680  -  ResidentSetSize of job (KB)
...
006 (28248.058.000) 01/05 21:59:13 Image size of job updated: 41828
	41  -  MemoryUsage of job (MB)
	41828  -  ResidentSetSize of job (KB)
...
006 (28248.058.000) 01/05 22:04:13 Image size of job updated: 41836
	41  -  MemoryUsage of job (MB)
	41836  -  ResidentSetSize of job (KB)
...
006 (28248.058.000) 01/05 22:09:13 Image size of job updated: 41988
	42  -  MemoryUsage of job (MB)
	41988  -  ResidentSetSize of job (KB)
...
006 (28248.058.000) 01/05 22:19:14 Image size of job updated: 42040
	42  -  MemoryUsage of job (MB)
	42040  -  ResidentSetSize of job (KB)
...
006 (28248.058.000) 01/05 22:24:14 Image size of job updated: 42056
	42  -  MemoryUsage of job (MB)
	42056  -  ResidentSetSize of job (KB)
...
006 (28248.058.000) 01/05 22:34:15 Image size of job updated: 42108
	42  -  MemoryUsage of job (MB)
	42108  -  ResidentSetSize of job (KB)
...
006 (28248.058.000) 01/05 22:39:15 Image size of job updated: 42288
	42  -  MemoryUsage of job (MB)
	42288  -  ResidentSetSize of job (KB)
...
006 (28248.058.000) 01/05 23:14:20 Image size of job updated: 42324
	42  -  MemoryUsage of job (MB)
	42324  -  ResidentSetSize of job (KB)
...
006 (28248.058.000) 01/05 23:19:21 Image size of job updated: 42344
	42  -  MemoryUsage of job (MB)
	42344  -  ResidentSetSize of job (KB)
...
006 (28248.058.000) 01/05 23:44:23 Image size of job updated: 42360
	42  -  MemoryUsage of job (MB)
	42360  -  ResidentSetSize of job (KB)
...
006 (28248.058.000) 01/05 23:49:25 Image size of job updated: 42508
	42  -  MemoryUsage of job (MB)
	42508  -  ResidentSetSize of job (KB)
...
006 (28248.058.000) 01/06 00:19:28 Image size of job updated: 42512
	42  -  MemoryUsage of job (MB)
	42512  -  ResidentSetSize of job (KB)
...
006 (28248.058.000) 01/06 00:24:29 Image size of job updated: 42536
	42  -  MemoryUsage of job (MB)
	42536  -  ResidentSetSize of job (KB)
...
006 (28248.058.000) 01/06 00:29:29 Image size of job updated: 42556
	42  -  MemoryUsage of job (MB)
	42556  -  ResidentSetSize of job (KB)
...
006 (28248.058.000) 01/06 00:34:30 Image size of job updated: 42608
	42  -  MemoryUsage of job (MB)
	42608  -  ResidentSetSize of job (KB)
...
006 (28248.058.000) 01/06 00:39:31 Image size of job updated: 42628
	42  -  MemoryUsage of job (MB)
	42628  -  ResidentSetSize of job (KB)
...
006 (28248.058.000) 01/06 00:44:31 Image size of job updated: 42648
	42  -  MemoryUsage of job (MB)
	42648  -  ResidentSetSize of job (KB)
...
006 (28248.058.000) 01/06 00:49:31 Image size of job updated: 42672
	42  -  MemoryUsage of job (MB)
	42672  -  ResidentSetSize of job (KB)
...
006 (28248.058.000) 01/06 00:54:32 Image size of job updated: 42692
	42  -  MemoryUsage of job (MB)
	42692  -  ResidentSetSize of job (KB)
...
006 (28248.058.000) 01/06 00:59:32 Image size of job updated: 42712
	42  -  MemoryUsage of job (MB)
	42712  -  ResidentSetSize of job (KB)
...
006 (28248.058.000) 01/06 01:04:32 Image size of job updated: 42732
	42  -  MemoryUsage of job (MB)
	42732  -  ResidentSetSize of job (KB)
...
006 (28248.058.000) 01/06 01:09:34 Image size of job updated: 42752
	42  -  MemoryUsage of job (MB)
	42752  -  ResidentSetSize of job (KB)
...
006 (28248.058.000) 01/06 01:14:34 Image size of job updated: 42900
	42  -  MemoryUsage of job (MB)
	42900  -  ResidentSetSize of job (KB)
...
006 (28248.058.000) 01/06 01:39:37 Image size of job updated: 42908
	42  -  MemoryUsage of job (MB)
	42908  -  ResidentSetSize of job (KB)
...
006 (28248.058.000) 01/06 01:44:37 Image size of job updated: 42928
	42  -  MemoryUsage of job (MB)
	42928  -  ResidentSetSize of job (KB)
...
006 (28248.058.000) 01/06 01:49:37 Image size of job updated: 42948
	42  -  MemoryUsage of job (MB)
	42948  -  ResidentSetSize of job (KB)
...
006 (28248.058.000) 01/06 01:54:38 Image size of job updated: 42968
	42  -  MemoryUsage of job (MB)
	42968  -  ResidentSetSize of job (KB)
...
005 (28248.058.000) 01/06 01:56:34 Job terminated.
	(1) Normal termination (return value 0)
		Usr 0 08:12:55, Sys 0 00:00:05  -  Run Remote Usage
		Usr 0 00:00:00, Sys 0 00:00:00  -  Run Local Usage
		Usr 0 08:12:55, Sys 0 00:00:05  -  Total Remote Usage
		Usr 0 00:00:00, Sys 0 00:00:00  -  Total Local Usage
	0  -  Run Bytes Sent By Job
	0  -  Run Bytes Received By Job
	0  -  Total Bytes Sent By Job
	0  -  Total Bytes Received By Job
	Partitionable Resources :    Usage  Request Allocated 
	   Cpus                 :     0.86        1         1 
	   Disk (KB)            :     1           1    254050 
	   Memory (MB)          :    42           1      1005 
...
000 (28271.058.000) 01/06 15:26:51 Job submitted from host: <172.16.11.200:9618?addrs=172.16.11.200-9618&noUDP&sock=14877_46f2_4>
...
009 (28271.058.000) 01/06 15:47:45 Job was aborted by the user.
	via condor_rm (by user zhangliang)
...
000 (29325.058.000) 01/22 22:42:18 Job submitted from host: <172.16.11.200:9618?addrs=172.16.11.200-9618&noUDP&sock=14877_46f2_4>
...
001 (29325.058.000) 01/23 04:35:37 Job executing on host: <172.16.11.233:9618?addrs=172.16.11.233-9618&alias=pc-farm3&noUDP&sock=startd_4556_edfa>
...
006 (29325.058.000) 01/23 04:35:45 Image size of job updated: 41296
	41  -  MemoryUsage of job (MB)
	41296  -  ResidentSetSize of job (KB)
...
006 (29325.058.000) 01/23 05:40:51 Image size of job updated: 41404
	41  -  MemoryUsage of job (MB)
	41404  -  ResidentSetSize of job (KB)
...
006 (29325.058.000) 01/23 05:45:51 Image size of job updated: 41412
	41  -  MemoryUsage of job (MB)
	41412  -  ResidentSetSize of job (KB)
...
006 (29325.058.000) 01/23 05:50:52 Image size of job updated: 41548
	41  -  MemoryUsage of job (MB)
	41548  -  ResidentSetSize of job (KB)
...
006 (29325.058.000) 01/23 06:55:58 Image size of job updated: 41556
	41  -  MemoryUsage of job (MB)
	41556  -  ResidentSetSize of job (KB)
...
006 (29325.058.000) 01/23 07:00:58 Image size of job updated: 41568
	41  -  MemoryUsage of job (MB)
	41568  -  ResidentSetSize of job (KB)
...
006 (29325.058.000) 01/23 07:05:58 Image size of job updated: 41576
	41  -  MemoryUsage of job (MB)
	41576  -  ResidentSetSize of job (KB)
...
006 (29325.058.000) 01/23 07:10:59 Image size of job updated: 41620
	41  -  MemoryUsage of job (MB)
	41620  -  ResidentSetSize of job (KB)
...
006 (29325.058.000) 01/23 07:15:59 Image size of job updated: 41632
	41  -  MemoryUsage of job (MB)
	41632  -  ResidentSetSize of job (KB)
...
006 (29325.058.000) 01/23 07:20:59 Image size of job updated: 41640
	41  -  MemoryUsage of job (MB)
	41640  -  ResidentSetSize of job (KB)
...
006 (29325.058.000) 01/23 07:26:00 Image size of job updated: 41652
	41  -  MemoryUsage of job (MB)
	41652  -  ResidentSetSize of job (KB)
...
006 (29325.058.000) 01/23 07:31:00 Image size of job updated: 41664
	41  -  MemoryUsage of job (MB)
	41664  -  ResidentSetSize of job (KB)
...
006 (29325.058.000) 01/23 07:36:00 Image size of job updated: 41676
	41  -  MemoryUsage of job (MB)
	41676  -  ResidentSetSize of job (KB)
...
006 (29325.058.000) 01/23 07:41:01 Image size of job updated: 41812
	41  -  MemoryUsage of job (MB)
	41812  -  ResidentSetSize of job (KB)
...
006 (29325.058.000) 01/23 08:01:03 Image size of job updated: 41864
	41  -  MemoryUsage of job (MB)
	41864  -  ResidentSetSize of job (KB)
...
006 (29325.058.000) 01/23 08:06:03 Image size of job updated: 41872
	41  -  MemoryUsage of job (MB)
	41872  -  ResidentSetSize of job (KB)
...
006 (29325.058.000) 01/23 08:51:09 Image size of job updated: 41912
	41  -  MemoryUsage of job (MB)
	41912  -  ResidentSetSize of job (KB)
...
006 (29325.058.000) 01/23 08:56:09 Image size of job updated: 41928
	41  -  MemoryUsage of job (MB)
	41928  -  ResidentSetSize of job (KB)
...
006 (29325.058.000) 01/23 09:01:10 Image size of job updated: 41948
	41  -  MemoryUsage of job (MB)
	41948  -  ResidentSetSize of job (KB)
...
006 (29325.058.000) 01/23 09:06:11 Image size of job updated: 42092
	42  -  MemoryUsage of job (MB)
	42092  -  ResidentSetSize of job (KB)
...
006 (29325.058.000) 01/23 09:11:11 Image size of job updated: 42100
	42  -  MemoryUsage of job (MB)
	42100  -  ResidentSetSize of job (KB)
...
006 (29325.058.000) 01/23 09:16:12 Image size of job updated: 42128
	42  -  MemoryUsage of job (MB)
	42128  -  ResidentSetSize of job (KB)
...
006 (29325.058.000) 01/23 09:21:13 Image size of job updated: 42148
	42  -  MemoryUsage of job (MB)
	42148  -  ResidentSetSize of job (KB)
...
006 (29325.058.000) 01/23 09:26:13 Image size of job updated: 42164
	42  -  MemoryUsage of job (MB)
	42164  -  ResidentSetSize of job (KB)
...
006 (29325.058.000) 01/23 09:31:13 Image size of job updated: 42172
	42  -  MemoryUsage of job (MB)
	42172  -  ResidentSetSize of job (KB)
...
006 (29325.058.000) 01/23 10:21:19 Image size of job updated: 42300
	42  -  MemoryUsage of job (MB)
	42300  -  ResidentSetSize of job (KB)
...
006 (29325.058.000) 01/23 11:11:24 Image size of job updated: 42428
	42  -  MemoryUsage of job (MB)
	42428  -  ResidentSetSize of job (KB)
...
006 (29325.058.000) 01/23 11:56:27 Image size of job updated: 42556
	42  -  MemoryUsage of job (MB)
	42556  -  ResidentSetSize of job (KB)
...
006 (29325.058.000) 01/23 12:11:29 Image size of job updated: 42816
	42  -  MemoryUsage of job (MB)
	42816  -  ResidentSetSize of job (KB)
...
006 (29325.058.000) 01/23 12:51:35 Image size of job updated: 42856
	42  -  MemoryUsage of job (MB)
	42856  -  ResidentSetSize of job (KB)
...
006 (29325.058.000) 01/23 13:11:37 Image size of job updated: 42984
	42  -  MemoryUsage of job (MB)
	42984  -  ResidentSetSize of job (KB)
...
006 (29325.058.000) 01/23 13:41:41 Image size of job updated: 43112
	43  -  MemoryUsage of job (MB)
	43112  -  ResidentSetSize of job (KB)
...
006 (29325.058.000) 01/23 14:16:43 Image size of job updated: 43180
	43  -  MemoryUsage of job (MB)
	43180  -  ResidentSetSize of job (KB)
...
006 (29325.058.000) 01/23 14:36:45 Image size of job updated: 43228
	43  -  MemoryUsage of job (MB)
	43228  -  ResidentSetSize of job (KB)
...
006 (29325.058.000) 01/23 14:41:46 Image size of job updated: 43244
	43  -  MemoryUsage of job (MB)
	43244  -  ResidentSetSize of job (KB)
...
006 (29325.058.000) 01/23 14:46:47 Image size of job updated: 43260
	43  -  MemoryUsage of job (MB)
	43260  -  ResidentSetSize of job (KB)
...
006 (29325.058.000) 01/23 14:56:47 Image size of job updated: 43288
	43  -  MemoryUsage of job (MB)
	43288  -  ResidentSetSize of job (KB)
...
006 (29325.058.000) 01/23 15:01:48 Image size of job updated: 43296
	43  -  MemoryUsage of job (MB)
	43296  -  ResidentSetSize of job (KB)
...
006 (29325.058.000) 01/23 15:11:48 Image size of job updated: 43324
	43  -  MemoryUsage of job (MB)
	43324  -  ResidentSetSize of job (KB)
...
006 (29325.058.000) 01/23 15:36:52 Image size of job updated: 43424
	43  -  MemoryUsage of job (MB)
	43424  -  ResidentSetSize of job (KB)
...
006 (29325.058.000) 01/23 15:41:52 Image size of job updated: 43436
	43  -  MemoryUsage of job (MB)
	43436  -  ResidentSetSize of job (KB)
...
006 (29325.058.000) 01/23 16:11:55 Image size of job updated: 43568
	43  -  MemoryUsage of job (MB)
	43568  -  ResidentSetSize of job (KB)
...
006 (29325.058.000) 01/23 17:07:01 Image size of job updated: 43644
	43  -  MemoryUsage of job (MB)
	43644  -  ResidentSetSize of job (KB)
...
006 (29325.058.000) 01/23 17:12:02 Image size of job updated: 43656
	43  -  MemoryUsage of job (MB)
	43656  -  ResidentSetSize of job (KB)
...
006 (29325.058.000) 01/23 17:17:02 Image size of job updated: 43700
	43  -  MemoryUsage of job (MB)
	43700  -  ResidentSetSize of job (KB)
...
006 (29325.058.000) 01/23 17:22:02 Image size of job updated: 43708
	43  -  MemoryUsage of job (MB)
	43708  -  ResidentSetSize of job (KB)
...
006 (29325.058.000) 01/23 17:27:03 Image size of job updated: 43728
	43  -  MemoryUsage of job (MB)
	43728  -  ResidentSetSize of job (KB)
...
005 (29325.058.000) 01/23 17:47:25 Job terminated.
	(1) Normal termination (return value 0)
		Usr 0 13:03:07, Sys 0 00:00:02  -  Run Remote Usage
		Usr 0 00:00:00, Sys 0 00:00:00  -  Run Local Usage
		Usr 0 13:03:07, Sys 0 00:00:02  -  Total Remote Usage
		Usr 0 00:00:00, Sys 0 00:00:00  -  Total Local Usage
	0  -  Run Bytes Sent By Job
	0  -  Run Bytes Received By Job
	0  -  Total Bytes Sent By Job
	0  -  Total Bytes Received By Job
	Partitionable Resources :    Usage  Request Allocated 
	   Cpus                 :     1.00        1         1 
	   Disk (KB)            :     1           1    254050 
	   Memory (MB)          :    43           1      1005 
...
000 (29520.058.000) 01/25 22:31:42 Job submitted from host: <172.16.11.200:9618?addrs=172.16.11.200-9618&noUDP&sock=14877_46f2_4>
...
001 (29520.058.000) 01/25 23:18:17 Job executing on host: <172.16.11.231:9618?addrs=172.16.11.231-9618&noUDP&sock=startd_22895_f54e_4>
...
006 (29520.058.000) 01/25 23:18:25 Image size of job updated: 35640
	35  -  MemoryUsage of job (MB)
	35640  -  ResidentSetSize of job (KB)
...
006 (29520.058.000) 01/26 04:49:00 Image size of job updated: 35864
	36  -  MemoryUsage of job (MB)
	35864  -  ResidentSetSize of job (KB)
...
006 (29520.058.000) 01/26 14:06:27 Image size of job updated: 311100
	36  -  MemoryUsage of job (MB)
	35864  -  ResidentSetSize of job (KB)
...
004 (29520.058.000) 01/26 14:06:27 Job was evicted.
	(0) CPU times
		Usr 0 14:41:46, Sys 0 00:00:04  -  Run Remote Usage
		Usr 0 00:00:00, Sys 0 00:00:00  -  Run Local Usage
	0  -  Run Bytes Sent By Job
	0  -  Run Bytes Received By Job
	Partitionable Resources :    Usage  Request Allocated 
	   Cpus                 :     1.00        1         1 
	   Disk (KB)            :     1           1    241059 
	   Memory (MB)          :    36           1      2008 
...
009 (29520.058.000) 01/26 14:06:28 Job was aborted by the user.
	via condor_rm (by user zhangliang)
...
000 (29539.058.000) 01/26 14:07:21 Job submitted from host: <172.16.11.200:9618?addrs=172.16.11.200-9618&noUDP&sock=14877_46f2_4>
...
001 (29539.058.000) 01/27 08:37:10 Job executing on host: <172.16.11.232:9618?addrs=172.16.11.232-9618&alias=pc-farm2&noUDP&sock=startd_4986_dfb4_4>
...
006 (29539.058.000) 01/27 08:37:19 Image size of job updated: 35860
	36  -  MemoryUsage of job (MB)
	35860  -  ResidentSetSize of job (KB)
...
006 (29539.058.000) 01/27 09:27:24 Image size of job updated: 35972
	36  -  MemoryUsage of job (MB)
	35972  -  ResidentSetSize of job (KB)
...
006 (29539.058.000) 01/27 09:49:15 Image size of job updated: 424396
	36  -  MemoryUsage of job (MB)
	35972  -  ResidentSetSize of job (KB)
...
004 (29539.058.000) 01/27 09:49:15 Job was evicted.
	(0) CPU times
		Usr 0 01:12:03, Sys 0 00:00:00  -  Run Remote Usage
		Usr 0 00:00:00, Sys 0 00:00:00  -  Run Local Usage
	0  -  Run Bytes Sent By Job
	0  -  Run Bytes Received By Job
	Partitionable Resources :    Usage  Request Allocated 
	   Cpus                 :     1.00        1         1 
	   Disk (KB)            :     1           1    245927 
	   Memory (MB)          :    36           1      1005 
...
009 (29539.058.000) 01/27 09:49:15 Job was aborted by the user.
	via condor_rm (by user zhangliang)
...
000 (29554.058.000) 01/27 10:11:07 Job submitted from host: <172.16.11.200:9618?addrs=172.16.11.200-9618&noUDP&sock=14877_46f2_4>
...
001 (29554.058.000) 01/27 15:13:27 Job executing on host: <172.16.11.233:9618?addrs=172.16.11.233-9618&alias=pc-farm3&noUDP&sock=startd_4556_edfa>
...
006 (29554.058.000) 01/27 15:13:36 Image size of job updated: 40760
	40  -  MemoryUsage of job (MB)
	40760  -  ResidentSetSize of job (KB)
...
006 (29554.058.000) 01/27 15:28:38 Image size of job updated: 40924
	40  -  MemoryUsage of job (MB)
	40924  -  ResidentSetSize of job (KB)
...
006 (29554.058.000) 01/27 15:33:39 Image size of job updated: 41116
	41  -  MemoryUsage of job (MB)
	41116  -  ResidentSetSize of job (KB)
...
006 (29554.058.000) 01/27 15:48:40 Image size of job updated: 41236
	41  -  MemoryUsage of job (MB)
	41236  -  ResidentSetSize of job (KB)
...
006 (29554.058.000) 01/27 15:53:41 Image size of job updated: 41432
	41  -  MemoryUsage of job (MB)
	41432  -  ResidentSetSize of job (KB)
...
006 (29554.058.000) 01/27 15:58:41 Image size of job updated: 41628
	41  -  MemoryUsage of job (MB)
	41628  -  ResidentSetSize of job (KB)
...
006 (29554.058.000) 01/27 16:03:41 Image size of job updated: 41696
	41  -  MemoryUsage of job (MB)
	41696  -  ResidentSetSize of job (KB)
...
006 (29554.058.000) 01/27 16:13:43 Image size of job updated: 41872
	41  -  MemoryUsage of job (MB)
	41872  -  ResidentSetSize of job (KB)
...
006 (29554.058.000) 01/27 16:18:43 Image size of job updated: 41940
	41  -  MemoryUsage of job (MB)
	41940  -  ResidentSetSize of job (KB)
...
006 (29554.058.000) 01/27 16:28:45 Image size of job updated: 42080
	42  -  MemoryUsage of job (MB)
	42080  -  ResidentSetSize of job (KB)
...
006 (29554.058.000) 01/27 16:53:46 Image size of job updated: 42084
	42  -  MemoryUsage of job (MB)
	42084  -  ResidentSetSize of job (KB)
...
006 (29554.058.000) 01/27 17:13:49 Image size of job updated: 42148
	42  -  MemoryUsage of job (MB)
	42148  -  ResidentSetSize of job (KB)
...
006 (29554.058.000) 01/27 17:23:50 Image size of job updated: 42188
	42  -  MemoryUsage of job (MB)
	42188  -  ResidentSetSize of job (KB)
...
006 (29554.058.000) 01/27 17:28:50 Image size of job updated: 42260
	42  -  MemoryUsage of job (MB)
	42260  -  ResidentSetSize of job (KB)
...
006 (29554.058.000) 01/27 17:33:51 Image size of job updated: 42412
	42  -  MemoryUsage of job (MB)
	42412  -  ResidentSetSize of job (KB)
...
006 (29554.058.000) 01/27 17:38:51 Image size of job updated: 42564
	42  -  MemoryUsage of job (MB)
	42564  -  ResidentSetSize of job (KB)
...
006 (29554.058.000) 01/27 17:53:52 Image size of job updated: 42808
	42  -  MemoryUsage of job (MB)
	42808  -  ResidentSetSize of job (KB)
...
006 (29554.058.000) 01/27 17:58:52 Image size of job updated: 43060
	43  -  MemoryUsage of job (MB)
	43060  -  ResidentSetSize of job (KB)
...
005 (29554.058.000) 01/27 18:01:41 Job terminated.
	(1) Normal termination (return value 0)
		Usr 0 02:48:11, Sys 0 00:00:01  -  Run Remote Usage
		Usr 0 00:00:00, Sys 0 00:00:00  -  Run Local Usage
		Usr 0 02:48:11, Sys 0 00:00:01  -  Total Remote Usage
		Usr 0 00:00:00, Sys 0 00:00:00  -  Total Local Usage
	0  -  Run Bytes Sent By Job
	0  -  Run Bytes Received By Job
	0  -  Total Bytes Sent By Job
	0  -  Total Bytes Received By Job
	Partitionable Resources :    Usage  Request Allocated 
	   Cpus                 :     1.00        1         1 
	   Disk (KB)            :     1           1    254050 
	   Memory (MB)          :    43           1      1005 
...
000 (29604.058.000) 01/27 21:59:06 Job submitted from host: <172.16.11.200:9618?addrs=172.16.11.200-9618&noUDP&sock=14877_46f2_4>
...
001 (29604.058.000) 01/28 09:46:02 Job executing on host: <172.16.11.233:9618?addrs=172.16.11.233-9618&alias=pc-farm3&noUDP&sock=startd_4556_edfa>
...
006 (29604.058.000) 01/28 09:46:11 Image size of job updated: 39032
	39  -  MemoryUsage of job (MB)
	39032  -  ResidentSetSize of job (KB)
...
006 (29604.058.000) 01/28 10:56:17 Image size of job updated: 39060
	39  -  MemoryUsage of job (MB)
	39060  -  ResidentSetSize of job (KB)
...
006 (29604.058.000) 01/28 11:01:18 Image size of job updated: 39188
	39  -  MemoryUsage of job (MB)
	39188  -  ResidentSetSize of job (KB)
...
006 (29604.058.000) 01/28 11:11:19 Image size of job updated: 39220
	39  -  MemoryUsage of job (MB)
	39220  -  ResidentSetSize of job (KB)
...
006 (29604.058.000) 01/28 11:16:20 Image size of job updated: 39352
	39  -  MemoryUsage of job (MB)
	39352  -  ResidentSetSize of job (KB)
...
006 (29604.058.000) 01/28 11:21:21 Image size of job updated: 39432
	39  -  MemoryUsage of job (MB)
	39432  -  ResidentSetSize of job (KB)
...
006 (29604.058.000) 01/28 11:26:21 Image size of job updated: 39564
	39  -  MemoryUsage of job (MB)
	39564  -  ResidentSetSize of job (KB)
...
006 (29604.058.000) 01/28 11:36:22 Image size of job updated: 39588
	39  -  MemoryUsage of job (MB)
	39588  -  ResidentSetSize of job (KB)
...
006 (29604.058.000) 01/28 11:41:22 Image size of job updated: 39816
	39  -  MemoryUsage of job (MB)
	39816  -  ResidentSetSize of job (KB)
...
006 (29604.058.000) 01/28 11:46:22 Image size of job updated: 39880
	39  -  MemoryUsage of job (MB)
	39880  -  ResidentSetSize of job (KB)
...
006 (29604.058.000) 01/28 11:51:23 Image size of job updated: 39940
	40  -  MemoryUsage of job (MB)
	39940  -  ResidentSetSize of job (KB)
...
006 (29604.058.000) 01/28 11:56:24 Image size of job updated: 39968
	40  -  MemoryUsage of job (MB)
	39968  -  ResidentSetSize of job (KB)
...
006 (29604.058.000) 01/28 12:01:24 Image size of job updated: 40084
	40  -  MemoryUsage of job (MB)
	40084  -  ResidentSetSize of job (KB)
...
006 (29604.058.000) 01/28 12:06:25 Image size of job updated: 40184
	40  -  MemoryUsage of job (MB)
	40184  -  ResidentSetSize of job (KB)
...
006 (29604.058.000) 01/28 12:11:26 Image size of job updated: 40236
	40  -  MemoryUsage of job (MB)
	40236  -  ResidentSetSize of job (KB)
...
006 (29604.058.000) 01/28 12:16:26 Image size of job updated: 40360
	40  -  MemoryUsage of job (MB)
	40360  -  ResidentSetSize of job (KB)
...
006 (29604.058.000) 01/28 12:21:27 Image size of job updated: 40428
	40  -  MemoryUsage of job (MB)
	40428  -  ResidentSetSize of job (KB)
...
006 (29604.058.000) 01/28 12:31:28 Image size of job updated: 40488
	40  -  MemoryUsage of job (MB)
	40488  -  ResidentSetSize of job (KB)
...
006 (29604.058.000) 01/28 12:36:28 Image size of job updated: 40592
	40  -  MemoryUsage of job (MB)
	40592  -  ResidentSetSize of job (KB)
...
006 (29604.058.000) 01/28 12:41:29 Image size of job updated: 40636
	40  -  MemoryUsage of job (MB)
	40636  -  ResidentSetSize of job (KB)
...
005 (29604.058.000) 01/28 12:44:26 Job terminated.
	(1) Normal termination (return value 0)
		Usr 0 02:54:24, Sys 0 00:00:04  -  Run Remote Usage
		Usr 0 00:00:00, Sys 0 00:00:00  -  Run Local Usage
		Usr 0 02:54:24, Sys 0 00:00:04  -  Total Remote Usage
		Usr 0 00:00:00, Sys 0 00:00:00  -  Total Local Usage
	0  -  Run Bytes Sent By Job
	0  -  Run Bytes Received By Job
	0  -  Total Bytes Sent By Job
	0  -  Total Bytes Received By Job
	Partitionable Resources :    Usage  Request Allocated 
	   Cpus                 :     1.00        1         1 
	   Disk (KB)            :     1           1    254050 
	   Memory (MB)          :    40           1      1005 
...
000 (29616.058.000) 01/28 14:59:33 Job submitted from host: <172.16.11.200:9618?addrs=172.16.11.200-9618&noUDP&sock=14877_46f2_4>
...
009 (29616.058.000) 01/28 15:00:13 Job was aborted by the user.
	via condor_rm (by user zhangliang)
...
000 (29617.058.000) 01/28 15:01:04 Job submitted from host: <172.16.11.200:9618?addrs=172.16.11.200-9618&noUDP&sock=14877_46f2_4>
...
001 (29617.058.000) 01/28 15:05:02 Job executing on host: <172.16.11.232:9618?addrs=172.16.11.232-9618&alias=pc-farm2&noUDP&sock=startd_4986_dfb4_4>
...
006 (29617.058.000) 01/28 15:05:11 Image size of job updated: 35952
	36  -  MemoryUsage of job (MB)
	35952  -  ResidentSetSize of job (KB)
...
006 (29617.058.000) 01/28 16:33:56 Image size of job updated: 424404
	36  -  MemoryUsage of job (MB)
	35952  -  ResidentSetSize of job (KB)
...
005 (29617.058.000) 01/28 16:33:56 Job terminated.
	(1) Normal termination (return value 0)
		Usr 0 01:28:45, Sys 0 00:00:04  -  Run Remote Usage
		Usr 0 00:00:00, Sys 0 00:00:00  -  Run Local Usage
		Usr 0 01:28:45, Sys 0 00:00:04  -  Total Remote Usage
		Usr 0 00:00:00, Sys 0 00:00:00  -  Total Local Usage
	0  -  Run Bytes Sent By Job
	0  -  Run Bytes Received By Job
	0  -  Total Bytes Sent By Job
	0  -  Total Bytes Received By Job
	Partitionable Resources :    Usage  Request Allocated 
	   Cpus                 :     1.00        1         1 
	   Disk (KB)            :     1           1    245927 
	   Memory (MB)          :    36           1      1005 
...
000 (29696.058.000) 01/30 20:13:16 Job submitted from host: <172.16.11.200:9618?addrs=172.16.11.200-9618&noUDP&sock=14877_46f2_4>
...
001 (29696.058.000) 01/30 21:43:02 Job executing on host: <172.16.11.231:9618?addrs=172.16.11.231-9618&noUDP&sock=startd_22895_f54e_4>
...
006 (29696.058.000) 01/30 21:43:11 Image size of job updated: 36136
	36  -  MemoryUsage of job (MB)
	36136  -  ResidentSetSize of job (KB)
...
005 (29696.058.000) 01/30 23:31:15 Job terminated.
	(1) Normal termination (return value 0)
		Usr 0 01:48:11, Sys 0 00:00:00  -  Run Remote Usage
		Usr 0 00:00:00, Sys 0 00:00:00  -  Run Local Usage
		Usr 0 01:48:11, Sys 0 00:00:00  -  Total Remote Usage
		Usr 0 00:00:00, Sys 0 00:00:00  -  Total Local Usage
	0  -  Run Bytes Sent By Job
	0  -  Run Bytes Received By Job
	0  -  Total Bytes Sent By Job
	0  -  Total Bytes Received By Job
	Partitionable Resources :    Usage  Request Allocated 
	   Cpus                 :     1.01        1         1 
	   Disk (KB)            :     1           1    241059 
	   Memory (MB)          :    36           1      2008 
...
000 (29706.058.000) 01/31 10:47:04 Job submitted from host: <172.16.11.200:9618?addrs=172.16.11.200-9618&noUDP&sock=14877_46f2_4>
...
001 (29706.058.000) 01/31 11:00:06 Job executing on host: <172.16.11.234:9618?addrs=172.16.11.234-9618&alias=pc-farm4&noUDP&sock=startd_5195_3aff>
...
006 (29706.058.000) 01/31 11:00:14 Image size of job updated: 49724
	49  -  MemoryUsage of job (MB)
	49724  -  ResidentSetSize of job (KB)
...
006 (29706.058.000) 01/31 11:05:14 Image size of job updated: 437416
	49  -  MemoryUsage of job (MB)
	49724  -  ResidentSetSize of job (KB)
...
006 (29706.058.000) 01/31 11:10:15 Image size of job updated: 438196
	49  -  MemoryUsage of job (MB)
	49728  -  ResidentSetSize of job (KB)
...
005 (29706.058.000) 01/31 12:49:50 Job terminated.
	(1) Normal termination (return value 0)
		Usr 0 01:49:42, Sys 0 00:00:00  -  Run Remote Usage
		Usr 0 00:00:00, Sys 0 00:00:00  -  Run Local Usage
		Usr 0 01:49:42, Sys 0 00:00:00  -  Total Remote Usage
		Usr 0 00:00:00, Sys 0 00:00:00  -  Total Local Usage
	0  -  Run Bytes Sent By Job
	0  -  Run Bytes Received By Job
	0  -  Total Bytes Sent By Job
	0  -  Total Bytes Received By Job
	Partitionable Resources :    Usage  Request Allocated 
	   Cpus                 :     1.00        1         1 
	   Disk (KB)            :     1           1    255907 
	   Memory (MB)          :    49           1       999 
...
000 (29707.058.000) 01/31 14:36:19 Job submitted from host: <172.16.11.200:9618?addrs=172.16.11.200-9618&noUDP&sock=14877_46f2_4>
...
009 (29707.058.000) 01/31 16:16:03 Job was aborted by the user.
	via condor_rm (by user zhangliang)
...
000 (29725.058.000) 01/31 16:16:10 Job submitted from host: <172.16.11.200:9618?addrs=172.16.11.200-9618&noUDP&sock=14877_46f2_4>
...
001 (29725.058.000) 01/31 19:06:37 Job executing on host: <172.16.11.231:9618?addrs=172.16.11.231-9618&noUDP&sock=startd_22895_f54e_4>
...
006 (29725.058.000) 01/31 19:06:46 Image size of job updated: 49664
	49  -  MemoryUsage of job (MB)
	49664  -  ResidentSetSize of job (KB)
...
006 (29725.058.000) 01/31 19:31:48 Image size of job updated: 49668
	49  -  MemoryUsage of job (MB)
	49668  -  ResidentSetSize of job (KB)
...
006 (29725.058.000) 01/31 20:46:57 Image size of job updated: 49800
	49  -  MemoryUsage of job (MB)
	49800  -  ResidentSetSize of job (KB)
...
005 (29725.058.000) 01/31 21:03:00 Job terminated.
	(1) Normal termination (return value 0)
		Usr 0 01:56:23, Sys 0 00:00:00  -  Run Remote Usage
		Usr 0 00:00:00, Sys 0 00:00:00  -  Run Local Usage
		Usr 0 01:56:23, Sys 0 00:00:00  -  Total Remote Usage
		Usr 0 00:00:00, Sys 0 00:00:00  -  Total Local Usage
	0  -  Run Bytes Sent By Job
	0  -  Run Bytes Received By Job
	0  -  Total Bytes Sent By Job
	0  -  Total Bytes Received By Job
	Partitionable Resources :    Usage  Request Allocated 
	   Cpus                 :     1.00        1         1 
	   Disk (KB)            :     1           1    241059 
	   Memory (MB)          :    49           1      2008 
...
