000 (28203.033.000) 12/31 10:12:06 Job submitted from host: <172.16.11.200:9618?addrs=172.16.11.200-9618&noUDP&sock=14877_46f2_4>
...
001 (28203.033.000) 12/31 10:12:08 Job executing on host: <172.16.11.231:9618?addrs=172.16.11.231-9618&noUDP&sock=startd_22895_f54e_4>
...
006 (28203.033.000) 12/31 10:12:17 Image size of job updated: 35116
	35  -  MemoryUsage of job (MB)
	35116  -  ResidentSetSize of job (KB)
...
006 (28203.033.000) 12/31 10:17:17 Image size of job updated: 35180
	35  -  MemoryUsage of job (MB)
	35180  -  ResidentSetSize of job (KB)
...
006 (28203.033.000) 12/31 13:14:29 Image size of job updated: 310160
	35  -  MemoryUsage of job (MB)
	35180  -  ResidentSetSize of job (KB)
...
004 (28203.033.000) 12/31 13:14:29 Job was evicted.
	(0) CPU times
		Usr 0 03:02:17, Sys 0 00:00:00  -  Run Remote Usage
		Usr 0 00:00:00, Sys 0 00:00:00  -  Run Local Usage
	0  -  Run Bytes Sent By Job
	0  -  Run Bytes Received By Job
	Partitionable Resources :    Usage  Request Allocated 
	   Cpus                 :     1.00        1         1 
	   Disk (KB)            :     1           1    241059 
	   Memory (MB)          :    35           1      2008 
...
009 (28203.033.000) 12/31 13:14:29 Job was aborted by the user.
	via condor_rm (by user zhangliang)
...
000 (28206.033.000) 12/31 14:09:35 Job submitted from host: <172.16.11.200:9618?addrs=172.16.11.200-9618&noUDP&sock=14877_46f2_4>
...
001 (28206.033.000) 12/31 14:19:36 Job executing on host: <172.16.11.231:9618?addrs=172.16.11.231-9618&noUDP&sock=startd_22895_f54e_4>
...
006 (28206.033.000) 12/31 14:19:45 Image size of job updated: 35004
	35  -  MemoryUsage of job (MB)
	35004  -  ResidentSetSize of job (KB)
...
006 (28206.033.000) 01/01 01:30:54 Image size of job updated: 35152
	35  -  MemoryUsage of job (MB)
	35152  -  ResidentSetSize of job (KB)
...
005 (28206.033.000) 01/01 12:04:53 Job terminated.
	(1) Normal termination (return value 0)
		Usr 0 21:44:53, Sys 0 00:00:01  -  Run Remote Usage
		Usr 0 00:00:00, Sys 0 00:00:00  -  Run Local Usage
		Usr 0 21:44:53, Sys 0 00:00:01  -  Total Remote Usage
		Usr 0 00:00:00, Sys 0 00:00:00  -  Total Local Usage
	0  -  Run Bytes Sent By Job
	0  -  Run Bytes Received By Job
	0  -  Total Bytes Sent By Job
	0  -  Total Bytes Received By Job
	Partitionable Resources :    Usage  Request Allocated 
	   Cpus                 :     1.00        1         1 
	   Disk (KB)            :     1           1    241059 
	   Memory (MB)          :    35           1      2008 
...
000 (28248.033.000) 01/05 15:45:56 Job submitted from host: <172.16.11.200:9618?addrs=172.16.11.200-9618&noUDP&sock=14877_46f2_4>
...
001 (28248.033.000) 01/05 16:42:39 Job executing on host: <172.16.11.233:9618?addrs=172.16.11.233-9618&alias=pc-farm3&noUDP&sock=startd_4556_edfa>
...
006 (28248.033.000) 01/05 16:42:48 Image size of job updated: 38584
	38  -  MemoryUsage of job (MB)
	38584  -  ResidentSetSize of job (KB)
...
006 (28248.033.000) 01/05 17:42:54 Image size of job updated: 38612
	38  -  MemoryUsage of job (MB)
	38612  -  ResidentSetSize of job (KB)
...
006 (28248.033.000) 01/05 18:07:57 Image size of job updated: 38628
	38  -  MemoryUsage of job (MB)
	38628  -  ResidentSetSize of job (KB)
...
006 (28248.033.000) 01/05 18:12:57 Image size of job updated: 38648
	38  -  MemoryUsage of job (MB)
	38648  -  ResidentSetSize of job (KB)
...
006 (28248.033.000) 01/05 18:17:58 Image size of job updated: 38796
	38  -  MemoryUsage of job (MB)
	38796  -  ResidentSetSize of job (KB)
...
006 (28248.033.000) 01/05 18:48:01 Image size of job updated: 38804
	38  -  MemoryUsage of job (MB)
	38804  -  ResidentSetSize of job (KB)
...
006 (28248.033.000) 01/05 18:53:02 Image size of job updated: 38952
	39  -  MemoryUsage of job (MB)
	38952  -  ResidentSetSize of job (KB)
...
006 (28248.033.000) 01/05 18:58:02 Image size of job updated: 38972
	39  -  MemoryUsage of job (MB)
	38972  -  ResidentSetSize of job (KB)
...
006 (28248.033.000) 01/05 19:03:02 Image size of job updated: 38996
	39  -  MemoryUsage of job (MB)
	38996  -  ResidentSetSize of job (KB)
...
006 (28248.033.000) 01/05 19:13:04 Image size of job updated: 39072
	39  -  MemoryUsage of job (MB)
	39072  -  ResidentSetSize of job (KB)
...
006 (28248.033.000) 01/05 19:23:05 Image size of job updated: 39116
	39  -  MemoryUsage of job (MB)
	39116  -  ResidentSetSize of job (KB)
...
006 (28248.033.000) 01/05 19:33:06 Image size of job updated: 39160
	39  -  MemoryUsage of job (MB)
	39160  -  ResidentSetSize of job (KB)
...
006 (28248.033.000) 01/05 19:43:08 Image size of job updated: 39204
	39  -  MemoryUsage of job (MB)
	39204  -  ResidentSetSize of job (KB)
...
006 (28248.033.000) 01/05 19:53:08 Image size of job updated: 39248
	39  -  MemoryUsage of job (MB)
	39248  -  ResidentSetSize of job (KB)
...
006 (28248.033.000) 01/05 20:18:11 Image size of job updated: 39264
	39  -  MemoryUsage of job (MB)
	39264  -  ResidentSetSize of job (KB)
...
006 (28248.033.000) 01/05 20:23:11 Image size of job updated: 39412
	39  -  MemoryUsage of job (MB)
	39412  -  ResidentSetSize of job (KB)
...
006 (28248.033.000) 01/05 20:53:15 Image size of job updated: 39416
	39  -  MemoryUsage of job (MB)
	39416  -  ResidentSetSize of job (KB)
...
006 (28248.033.000) 01/05 20:58:15 Image size of job updated: 39440
	39  -  MemoryUsage of job (MB)
	39440  -  ResidentSetSize of job (KB)
...
006 (28248.033.000) 01/05 21:03:16 Image size of job updated: 39620
	39  -  MemoryUsage of job (MB)
	39620  -  ResidentSetSize of job (KB)
...
006 (28248.033.000) 01/05 21:23:17 Image size of job updated: 39712
	39  -  MemoryUsage of job (MB)
	39712  -  ResidentSetSize of job (KB)
...
006 (28248.033.000) 01/05 21:43:18 Image size of job updated: 39812
	39  -  MemoryUsage of job (MB)
	39812  -  ResidentSetSize of job (KB)
...
006 (28248.033.000) 01/05 21:48:19 Image size of job updated: 39840
	39  -  MemoryUsage of job (MB)
	39840  -  ResidentSetSize of job (KB)
...
006 (28248.033.000) 01/05 21:58:20 Image size of job updated: 39924
	39  -  MemoryUsage of job (MB)
	39924  -  ResidentSetSize of job (KB)
...
006 (28248.033.000) 01/05 22:03:21 Image size of job updated: 40004
	40  -  MemoryUsage of job (MB)
	40004  -  ResidentSetSize of job (KB)
...
006 (28248.033.000) 01/05 22:08:22 Image size of job updated: 40028
	40  -  MemoryUsage of job (MB)
	40028  -  ResidentSetSize of job (KB)
...
006 (28248.033.000) 01/05 22:13:22 Image size of job updated: 40052
	40  -  MemoryUsage of job (MB)
	40052  -  ResidentSetSize of job (KB)
...
006 (28248.033.000) 01/05 22:18:22 Image size of job updated: 40060
	40  -  MemoryUsage of job (MB)
	40060  -  ResidentSetSize of job (KB)
...
006 (28248.033.000) 01/05 22:33:23 Image size of job updated: 40124
	40  -  MemoryUsage of job (MB)
	40124  -  ResidentSetSize of job (KB)
...
006 (28248.033.000) 01/05 22:38:24 Image size of job updated: 40164
	40  -  MemoryUsage of job (MB)
	40164  -  ResidentSetSize of job (KB)
...
006 (28248.033.000) 01/05 22:43:25 Image size of job updated: 40188
	40  -  MemoryUsage of job (MB)
	40188  -  ResidentSetSize of job (KB)
...
006 (28248.033.000) 01/05 22:48:25 Image size of job updated: 40236
	40  -  MemoryUsage of job (MB)
	40236  -  ResidentSetSize of job (KB)
...
006 (28248.033.000) 01/05 22:58:27 Image size of job updated: 40292
	40  -  MemoryUsage of job (MB)
	40292  -  ResidentSetSize of job (KB)
...
006 (28248.033.000) 01/05 23:03:27 Image size of job updated: 40324
	40  -  MemoryUsage of job (MB)
	40324  -  ResidentSetSize of job (KB)
...
006 (28248.033.000) 01/05 23:08:28 Image size of job updated: 40344
	40  -  MemoryUsage of job (MB)
	40344  -  ResidentSetSize of job (KB)
...
006 (28248.033.000) 01/05 23:38:31 Image size of job updated: 40356
	40  -  MemoryUsage of job (MB)
	40356  -  ResidentSetSize of job (KB)
...
006 (28248.033.000) 01/05 23:43:32 Image size of job updated: 40412
	40  -  MemoryUsage of job (MB)
	40412  -  ResidentSetSize of job (KB)
...
006 (28248.033.000) 01/05 23:48:33 Image size of job updated: 40432
	40  -  MemoryUsage of job (MB)
	40432  -  ResidentSetSize of job (KB)
...
006 (28248.033.000) 01/05 23:53:33 Image size of job updated: 40456
	40  -  MemoryUsage of job (MB)
	40456  -  ResidentSetSize of job (KB)
...
006 (28248.033.000) 01/05 23:58:34 Image size of job updated: 40464
	40  -  MemoryUsage of job (MB)
	40464  -  ResidentSetSize of job (KB)
...
006 (28248.033.000) 01/06 00:03:35 Image size of job updated: 40604
	40  -  MemoryUsage of job (MB)
	40604  -  ResidentSetSize of job (KB)
...
006 (28248.033.000) 01/06 00:33:38 Image size of job updated: 40728
	40  -  MemoryUsage of job (MB)
	40728  -  ResidentSetSize of job (KB)
...
006 (28248.033.000) 01/06 00:58:40 Image size of job updated: 40740
	40  -  MemoryUsage of job (MB)
	40740  -  ResidentSetSize of job (KB)
...
005 (28248.033.000) 01/06 01:00:49 Job terminated.
	(1) Normal termination (return value 0)
		Usr 0 08:10:01, Sys 0 00:00:06  -  Run Remote Usage
		Usr 0 00:00:00, Sys 0 00:00:00  -  Run Local Usage
		Usr 0 08:10:01, Sys 0 00:00:06  -  Total Remote Usage
		Usr 0 00:00:00, Sys 0 00:00:00  -  Total Local Usage
	0  -  Run Bytes Sent By Job
	0  -  Run Bytes Received By Job
	0  -  Total Bytes Sent By Job
	0  -  Total Bytes Received By Job
	Partitionable Resources :    Usage  Request Allocated 
	   Cpus                 :     0.98        1         1 
	   Disk (KB)            :     1           1    254050 
	   Memory (MB)          :    40           1      1005 
...
000 (28271.033.000) 01/06 15:26:51 Job submitted from host: <172.16.11.200:9618?addrs=172.16.11.200-9618&noUDP&sock=14877_46f2_4>
...
009 (28271.033.000) 01/06 15:47:45 Job was aborted by the user.
	via condor_rm (by user zhangliang)
...
