000 (1673050.000.000) 12/15 16:51:36 Job submitted from host: <172.16.2.141:36601>
...
001 (1673050.000.000) 12/15 16:51:37 Job executing on host: <172.16.2.151:35010>
...
006 (1673050.000.000) 12/15 16:51:46 Image size of job updated: 1
	2  -  MemoryUsage of job (MB)
	2024  -  ResidentSetSize of job (KB)
...
006 (1673050.000.000) 12/15 16:53:38 Image size of job updated: 701504
	2  -  MemoryUsage of job (MB)
	2024  -  ResidentSetSize of job (KB)
...
005 (1673050.000.000) 12/15 16:53:38 Job terminated.
	(1) Normal termination (return value 0)
		Usr 0 00:01:21, Sys 0 00:00:24  -  Run Remote Usage
		Usr 0 00:00:00, Sys 0 00:00:00  -  Run Local Usage
		Usr 0 00:01:21, Sys 0 00:00:24  -  Total Remote Usage
		Usr 0 00:00:00, Sys 0 00:00:00  -  Total Local Usage
	0  -  Run Bytes Sent By Job
	0  -  Run Bytes Received By Job
	0  -  Total Bytes Sent By Job
	0  -  Total Bytes Received By Job
	Partitionable Resources :    Usage  Request Allocated
	   Cpus                 :                 1         1
	   Disk (KB)            :        1        1   1085022
	   Memory (MB)          :        2        1     12107
...
000 (1673051.000.000) 12/15 18:37:38 Job submitted from host: <172.16.2.141:36601>
...
001 (1673051.000.000) 12/15 18:37:39 Job executing on host: <172.16.2.151:35010>
...
006 (1673051.000.000) 12/15 18:37:48 Image size of job updated: 1
	2  -  MemoryUsage of job (MB)
	2024  -  ResidentSetSize of job (KB)
...
006 (1673051.000.000) 12/15 18:42:49 Image size of job updated: 4257592
	3946  -  MemoryUsage of job (MB)
	4039740  -  ResidentSetSize of job (KB)
...
006 (1673051.000.000) 12/15 18:47:49 Image size of job updated: 4257592
	3946  -  MemoryUsage of job (MB)
	4039748  -  ResidentSetSize of job (KB)
...
005 (1673051.000.000) 12/15 18:52:41 Job terminated.
	(1) Normal termination (return value 0)
		Usr 0 00:10:25, Sys 0 00:02:32  -  Run Remote Usage
		Usr 0 00:00:00, Sys 0 00:00:00  -  Run Local Usage
		Usr 0 00:10:25, Sys 0 00:02:32  -  Total Remote Usage
		Usr 0 00:00:00, Sys 0 00:00:00  -  Total Local Usage
	0  -  Run Bytes Sent By Job
	0  -  Run Bytes Received By Job
	0  -  Total Bytes Sent By Job
	0  -  Total Bytes Received By Job
	Partitionable Resources :    Usage  Request Allocated
	   Cpus                 :                 1         1
	   Disk (KB)            :        1        1   1085046
	   Memory (MB)          :     3946        1     12107
...
000 (1673052.000.000) 12/15 19:34:04 Job submitted from host: <172.16.2.141:36601>
...
001 (1673052.000.000) 12/15 19:34:05 Job executing on host: <172.16.2.151:35010>
...
006 (1673052.000.000) 12/15 19:34:14 Image size of job updated: 1
	2  -  MemoryUsage of job (MB)
	2020  -  ResidentSetSize of job (KB)
...
006 (1673052.000.000) 12/15 19:39:15 Image size of job updated: 4257592
	3945  -  MemoryUsage of job (MB)
	4039396  -  ResidentSetSize of job (KB)
...
006 (1673052.000.000) 12/15 19:44:15 Image size of job updated: 4257592
	3945  -  MemoryUsage of job (MB)
	4039404  -  ResidentSetSize of job (KB)
...
006 (1673052.000.000) 12/15 19:48:57 Image size of job updated: 4260212
	3945  -  MemoryUsage of job (MB)
	4039404  -  ResidentSetSize of job (KB)
...
005 (1673052.000.000) 12/15 19:48:57 Job terminated.
	(1) Normal termination (return value 0)
		Usr 0 00:10:03, Sys 0 00:02:26  -  Run Remote Usage
		Usr 0 00:00:00, Sys 0 00:00:00  -  Run Local Usage
		Usr 0 00:10:03, Sys 0 00:02:26  -  Total Remote Usage
		Usr 0 00:00:00, Sys 0 00:00:00  -  Total Local Usage
	0  -  Run Bytes Sent By Job
	0  -  Run Bytes Received By Job
	0  -  Total Bytes Sent By Job
	0  -  Total Bytes Received By Job
	Partitionable Resources :    Usage  Request Allocated
	   Cpus                 :                 1         1
	   Disk (KB)            :        1        1   1085042
	   Memory (MB)          :     3945        1     12107
...
000 (1673057.000.000) 12/15 20:14:46 Job submitted from host: <172.16.2.141:36601>
...
001 (1673057.000.000) 12/15 20:14:56 Job executing on host: <172.16.2.151:35010>
...
006 (1673057.000.000) 12/15 20:15:05 Image size of job updated: 240312
	18  -  MemoryUsage of job (MB)
	17488  -  ResidentSetSize of job (KB)
...
006 (1673057.000.000) 12/15 20:18:31 Image size of job updated: 4920016
	18  -  MemoryUsage of job (MB)
	17488  -  ResidentSetSize of job (KB)
...
005 (1673057.000.000) 12/15 20:18:31 Job terminated.
	(1) Normal termination (return value 0)
		Usr 0 00:03:30, Sys 0 00:00:00  -  Run Remote Usage
		Usr 0 00:00:00, Sys 0 00:00:00  -  Run Local Usage
		Usr 0 00:03:30, Sys 0 00:00:00  -  Total Remote Usage
		Usr 0 00:00:00, Sys 0 00:00:00  -  Total Local Usage
	0  -  Run Bytes Sent By Job
	0  -  Run Bytes Received By Job
	0  -  Total Bytes Sent By Job
	0  -  Total Bytes Received By Job
	Partitionable Resources :    Usage  Request Allocated
	   Cpus                 :                 1         1
	   Disk (KB)            :        1        1   1085039
	   Memory (MB)          :       18        1     12107
...
000 (1673087.000.000) 12/17 14:36:07 Job submitted from host: <172.16.2.141:36601>
...
001 (1673087.000.000) 12/17 14:36:08 Job executing on host: <172.16.2.141:56348>
...
006 (1673087.000.000) 12/17 14:36:09 Image size of job updated: 1
	0  -  MemoryUsage of job (MB)
	0  -  ResidentSetSize of job (KB)
...
005 (1673087.000.000) 12/17 14:36:09 Job terminated.
	(1) Normal termination (return value 0)
		Usr 0 00:00:00, Sys 0 00:00:00  -  Run Remote Usage
		Usr 0 00:00:00, Sys 0 00:00:00  -  Run Local Usage
		Usr 0 00:00:00, Sys 0 00:00:00  -  Total Remote Usage
		Usr 0 00:00:00, Sys 0 00:00:00  -  Total Local Usage
	0  -  Run Bytes Sent By Job
	0  -  Run Bytes Received By Job
	0  -  Total Bytes Sent By Job
	0  -  Total Bytes Received By Job
	Partitionable Resources :    Usage  Request Allocated
	   Cpus                 :                 1         1
	   Disk (KB)            :        1        1  18596226
	   Memory (MB)          :        0        1      2676
...
000 (1673088.000.000) 12/17 14:36:53 Job submitted from host: <172.16.2.141:36601>
...
001 (1673088.000.000) 12/17 14:36:54 Job executing on host: <172.16.2.141:56348>
...
006 (1673088.000.000) 12/17 14:37:02 Image size of job updated: 1
	2  -  MemoryUsage of job (MB)
	2024  -  ResidentSetSize of job (KB)
...
006 (1673088.000.000) 12/17 14:42:02 Image size of job updated: 13196396
	10552  -  MemoryUsage of job (MB)
	10804812  -  ResidentSetSize of job (KB)
...
005 (1673088.000.000) 12/17 14:44:53 Job terminated.
	(1) Normal termination (return value 0)
		Usr 0 00:07:45, Sys 0 00:00:03  -  Run Remote Usage
		Usr 0 00:00:00, Sys 0 00:00:00  -  Run Local Usage
		Usr 0 00:07:45, Sys 0 00:00:03  -  Total Remote Usage
		Usr 0 00:00:00, Sys 0 00:00:00  -  Total Local Usage
	0  -  Run Bytes Sent By Job
	0  -  Run Bytes Received By Job
	0  -  Total Bytes Sent By Job
	0  -  Total Bytes Received By Job
	Partitionable Resources :    Usage  Request Allocated
	   Cpus                 :                 1         1
	   Disk (KB)            :        1        1  18596221
	   Memory (MB)          :    10552        1      2676
...
000 (1673089.000.000) 12/17 14:48:45 Job submitted from host: <172.16.2.141:36601>
...
001 (1673089.000.000) 12/17 14:48:45 Job executing on host: <172.16.2.141:56348>
...
006 (1673089.000.000) 12/17 14:48:54 Image size of job updated: 1
	2  -  MemoryUsage of job (MB)
	2024  -  ResidentSetSize of job (KB)
...
006 (1673089.000.000) 12/17 14:53:55 Image size of job updated: 2944304
	538  -  MemoryUsage of job (MB)
	550736  -  ResidentSetSize of job (KB)
...
006 (1673089.000.000) 12/17 14:58:55 Image size of job updated: 2944308
	988  -  MemoryUsage of job (MB)
	1011592  -  ResidentSetSize of job (KB)
...
006 (1673089.000.000) 12/17 15:03:55 Image size of job updated: 2944308
	1310  -  MemoryUsage of job (MB)
	1341320  -  ResidentSetSize of job (KB)
...
006 (1673089.000.000) 12/17 15:08:56 Image size of job updated: 2944308
	1724  -  MemoryUsage of job (MB)
	1765256  -  ResidentSetSize of job (KB)
...
006 (1673089.000.000) 12/17 15:13:57 Image size of job updated: 2944308
	2082  -  MemoryUsage of job (MB)
	2131848  -  ResidentSetSize of job (KB)
...
006 (1673089.000.000) 12/17 15:18:57 Image size of job updated: 2944308
	2504  -  MemoryUsage of job (MB)
	2563976  -  ResidentSetSize of job (KB)
...
005 (1673089.000.000) 12/17 15:21:09 Job terminated.
	(1) Normal termination (return value 0)
		Usr 0 00:17:28, Sys 0 00:14:49  -  Run Remote Usage
		Usr 0 00:00:00, Sys 0 00:00:00  -  Run Local Usage
		Usr 0 00:17:28, Sys 0 00:14:49  -  Total Remote Usage
		Usr 0 00:00:00, Sys 0 00:00:00  -  Total Local Usage
	0  -  Run Bytes Sent By Job
	0  -  Run Bytes Received By Job
	0  -  Total Bytes Sent By Job
	0  -  Total Bytes Received By Job
	Partitionable Resources :    Usage  Request Allocated
	   Cpus                 :                 1         1
	   Disk (KB)            :        1        1  18596249
	   Memory (MB)          :     2504        1      2676
...
000 (1673090.000.000) 12/17 15:48:45 Job submitted from host: <172.16.2.141:36601>
...
001 (1673090.000.000) 12/17 15:48:45 Job executing on host: <172.16.2.141:56348>
...
006 (1673090.000.000) 12/17 15:48:54 Image size of job updated: 1
	2  -  MemoryUsage of job (MB)
	2024  -  ResidentSetSize of job (KB)
...
006 (1673090.000.000) 12/17 15:51:29 Image size of job updated: 6634140
	2  -  MemoryUsage of job (MB)
	2024  -  ResidentSetSize of job (KB)
...
005 (1673090.000.000) 12/17 15:51:29 Job terminated.
	(1) Normal termination (return value 0)
		Usr 0 00:02:29, Sys 0 00:00:01  -  Run Remote Usage
		Usr 0 00:00:00, Sys 0 00:00:00  -  Run Local Usage
		Usr 0 00:02:29, Sys 0 00:00:01  -  Total Remote Usage
		Usr 0 00:00:00, Sys 0 00:00:00  -  Total Local Usage
	0  -  Run Bytes Sent By Job
	0  -  Run Bytes Received By Job
	0  -  Total Bytes Sent By Job
	0  -  Total Bytes Received By Job
	Partitionable Resources :    Usage  Request Allocated
	   Cpus                 :                 1         1
	   Disk (KB)            :        1        1  18596256
	   Memory (MB)          :        2        1      2676
...
000 (1673091.000.000) 12/17 19:53:33 Job submitted from host: <172.16.2.141:36601>
...
001 (1673091.000.000) 12/17 19:53:36 Job executing on host: <172.16.2.141:56348>
...
006 (1673091.000.000) 12/17 19:53:36 Image size of job updated: 1
	0  -  MemoryUsage of job (MB)
	0  -  ResidentSetSize of job (KB)
...
005 (1673091.000.000) 12/17 19:53:36 Job terminated.
	(1) Normal termination (return value 0)
		Usr 0 00:00:00, Sys 0 00:00:00  -  Run Remote Usage
		Usr 0 00:00:00, Sys 0 00:00:00  -  Run Local Usage
		Usr 0 00:00:00, Sys 0 00:00:00  -  Total Remote Usage
		Usr 0 00:00:00, Sys 0 00:00:00  -  Total Local Usage
	0  -  Run Bytes Sent By Job
	0  -  Run Bytes Received By Job
	0  -  Total Bytes Sent By Job
	0  -  Total Bytes Received By Job
	Partitionable Resources :    Usage  Request Allocated
	   Cpus                 :                 1         1
	   Disk (KB)            :        1        1  18596212
	   Memory (MB)          :        0        1      2676
...
000 (1673092.000.000) 12/17 19:54:41 Job submitted from host: <172.16.2.141:36601>
...
001 (1673092.000.000) 12/17 19:54:55 Job executing on host: <172.16.2.141:56348>
...
006 (1673092.000.000) 12/17 19:55:04 Image size of job updated: 1
	2  -  MemoryUsage of job (MB)
	2024  -  ResidentSetSize of job (KB)
...
006 (1673092.000.000) 12/17 19:57:39 Image size of job updated: 5348424
	2  -  MemoryUsage of job (MB)
	2024  -  ResidentSetSize of job (KB)
...
005 (1673092.000.000) 12/17 19:57:39 Job terminated.
	(1) Normal termination (return value 0)
		Usr 0 00:02:29, Sys 0 00:00:01  -  Run Remote Usage
		Usr 0 00:00:00, Sys 0 00:00:00  -  Run Local Usage
		Usr 0 00:02:29, Sys 0 00:00:01  -  Total Remote Usage
		Usr 0 00:00:00, Sys 0 00:00:00  -  Total Local Usage
	0  -  Run Bytes Sent By Job
	0  -  Run Bytes Received By Job
	0  -  Total Bytes Sent By Job
	0  -  Total Bytes Received By Job
	Partitionable Resources :    Usage  Request Allocated
	   Cpus                 :                 1         1
	   Disk (KB)            :        1        1  18596211
	   Memory (MB)          :        2        1      2676
...
000 (1673093.000.000) 12/17 20:01:01 Job submitted from host: <172.16.2.141:36601>
...
001 (1673093.000.000) 12/17 20:01:15 Job executing on host: <172.16.2.141:56348>
...
006 (1673093.000.000) 12/17 20:01:16 Image size of job updated: 1
	0  -  MemoryUsage of job (MB)
	0  -  ResidentSetSize of job (KB)
...
005 (1673093.000.000) 12/17 20:01:16 Job terminated.
	(1) Normal termination (return value 0)
		Usr 0 00:00:00, Sys 0 00:00:00  -  Run Remote Usage
		Usr 0 00:00:00, Sys 0 00:00:00  -  Run Local Usage
		Usr 0 00:00:00, Sys 0 00:00:00  -  Total Remote Usage
		Usr 0 00:00:00, Sys 0 00:00:00  -  Total Local Usage
	0  -  Run Bytes Sent By Job
	0  -  Run Bytes Received By Job
	0  -  Total Bytes Sent By Job
	0  -  Total Bytes Received By Job
	Partitionable Resources :    Usage  Request Allocated
	   Cpus                 :                 1         1
	   Disk (KB)            :        1        1  18596205
	   Memory (MB)          :        0        1      2676
...
000 (1673094.000.000) 12/17 20:01:32 Job submitted from host: <172.16.2.141:36601>
...
001 (1673094.000.000) 12/17 20:01:35 Job executing on host: <172.16.2.141:56348>
...
006 (1673094.000.000) 12/17 20:01:44 Image size of job updated: 1
	2  -  MemoryUsage of job (MB)
	2024  -  ResidentSetSize of job (KB)
...
006 (1673094.000.000) 12/17 20:04:21 Image size of job updated: 5348424
	2  -  MemoryUsage of job (MB)
	2024  -  ResidentSetSize of job (KB)
...
005 (1673094.000.000) 12/17 20:04:21 Job terminated.
	(1) Normal termination (return value 0)
		Usr 0 00:02:29, Sys 0 00:00:02  -  Run Remote Usage
		Usr 0 00:00:00, Sys 0 00:00:00  -  Run Local Usage
		Usr 0 00:02:29, Sys 0 00:00:02  -  Total Remote Usage
		Usr 0 00:00:00, Sys 0 00:00:00  -  Total Local Usage
	0  -  Run Bytes Sent By Job
	0  -  Run Bytes Received By Job
	0  -  Total Bytes Sent By Job
	0  -  Total Bytes Received By Job
	Partitionable Resources :    Usage  Request Allocated
	   Cpus                 :                 1         1
	   Disk (KB)            :        1        1  18596200
	   Memory (MB)          :        2        1      2676
...
000 (1673096.000.000) 12/17 20:29:30 Job submitted from host: <172.16.2.141:36601>
...
001 (1673096.000.000) 12/17 20:29:30 Job executing on host: <172.16.2.141:56348>
...
006 (1673096.000.000) 12/17 20:29:31 Image size of job updated: 1
	0  -  MemoryUsage of job (MB)
	0  -  ResidentSetSize of job (KB)
...
005 (1673096.000.000) 12/17 20:29:31 Job terminated.
	(1) Normal termination (return value 0)
		Usr 0 00:00:00, Sys 0 00:00:00  -  Run Remote Usage
		Usr 0 00:00:00, Sys 0 00:00:00  -  Run Local Usage
		Usr 0 00:00:00, Sys 0 00:00:00  -  Total Remote Usage
		Usr 0 00:00:00, Sys 0 00:00:00  -  Total Local Usage
	0  -  Run Bytes Sent By Job
	0  -  Run Bytes Received By Job
	0  -  Total Bytes Sent By Job
	0  -  Total Bytes Received By Job
	Partitionable Resources :    Usage  Request Allocated
	   Cpus                 :                 1         1
	   Disk (KB)            :        1        1  18596213
	   Memory (MB)          :        0        1      2676
...
000 (1673097.000.000) 12/17 20:29:48 Job submitted from host: <172.16.2.141:36601>
...
001 (1673097.000.000) 12/17 20:29:51 Job executing on host: <172.16.2.141:56348>
...
006 (1673097.000.000) 12/17 20:29:59 Image size of job updated: 5348424
	466  -  MemoryUsage of job (MB)
	476344  -  ResidentSetSize of job (KB)
...
005 (1673097.000.000) 12/17 20:33:53 Job terminated.
	(1) Normal termination (return value 0)
		Usr 0 00:02:36, Sys 0 00:01:13  -  Run Remote Usage
		Usr 0 00:00:00, Sys 0 00:00:00  -  Run Local Usage
		Usr 0 00:02:36, Sys 0 00:01:13  -  Total Remote Usage
		Usr 0 00:00:00, Sys 0 00:00:00  -  Total Local Usage
	0  -  Run Bytes Sent By Job
	0  -  Run Bytes Received By Job
	0  -  Total Bytes Sent By Job
	0  -  Total Bytes Received By Job
	Partitionable Resources :    Usage  Request Allocated
	   Cpus                 :                 1         1
	   Disk (KB)            :        1        1  18596208
	   Memory (MB)          :      466        1      2676
...
000 (1673099.000.000) 12/17 20:44:23 Job submitted from host: <172.16.2.141:36601>
...
001 (1673099.000.000) 12/17 20:44:30 Job executing on host: <172.16.2.151:35010>
...
006 (1673099.000.000) 12/17 20:44:30 Image size of job updated: 1
	0  -  MemoryUsage of job (MB)
	0  -  ResidentSetSize of job (KB)
...
005 (1673099.000.000) 12/17 20:44:30 Job terminated.
	(1) Normal termination (return value 0)
		Usr 0 00:00:00, Sys 0 00:00:00  -  Run Remote Usage
		Usr 0 00:00:00, Sys 0 00:00:00  -  Run Local Usage
		Usr 0 00:00:00, Sys 0 00:00:00  -  Total Remote Usage
		Usr 0 00:00:00, Sys 0 00:00:00  -  Total Local Usage
	0  -  Run Bytes Sent By Job
	0  -  Run Bytes Received By Job
	0  -  Total Bytes Sent By Job
	0  -  Total Bytes Received By Job
	Partitionable Resources :    Usage  Request Allocated
	   Cpus                 :                 1         1
	   Disk (KB)            :        1        1   1085024
	   Memory (MB)          :        0        1     12107
...
000 (1673100.000.000) 12/17 20:47:20 Job submitted from host: <172.16.2.141:36601>
...
001 (1673100.000.000) 12/17 20:47:20 Job executing on host: <172.16.2.151:35010>
...
006 (1673100.000.000) 12/17 20:47:21 Image size of job updated: 1
	0  -  MemoryUsage of job (MB)
	0  -  ResidentSetSize of job (KB)
...
005 (1673100.000.000) 12/17 20:47:21 Job terminated.
	(1) Normal termination (return value 0)
		Usr 0 00:00:00, Sys 0 00:00:00  -  Run Remote Usage
		Usr 0 00:00:00, Sys 0 00:00:00  -  Run Local Usage
		Usr 0 00:00:00, Sys 0 00:00:00  -  Total Remote Usage
		Usr 0 00:00:00, Sys 0 00:00:00  -  Total Local Usage
	0  -  Run Bytes Sent By Job
	0  -  Run Bytes Received By Job
	0  -  Total Bytes Sent By Job
	0  -  Total Bytes Received By Job
	Partitionable Resources :    Usage  Request Allocated
	   Cpus                 :                 1         1
	   Disk (KB)            :        1        1   1085023
	   Memory (MB)          :        0        1     12107
...
000 (1673101.000.000) 12/17 20:48:34 Job submitted from host: <172.16.2.141:36601>
...
001 (1673101.000.000) 12/17 20:48:40 Job executing on host: <172.16.2.151:35010>
...
006 (1673101.000.000) 12/17 20:48:48 Image size of job updated: 1049184
	805  -  MemoryUsage of job (MB)
	824176  -  ResidentSetSize of job (KB)
...
006 (1673101.000.000) 12/17 20:51:32 Image size of job updated: 2647400
	805  -  MemoryUsage of job (MB)
	824176  -  ResidentSetSize of job (KB)
...
005 (1673101.000.000) 12/17 20:51:32 Job terminated.
	(1) Normal termination (return value 0)
		Usr 0 00:02:50, Sys 0 00:00:00  -  Run Remote Usage
		Usr 0 00:00:00, Sys 0 00:00:00  -  Run Local Usage
		Usr 0 00:02:50, Sys 0 00:00:00  -  Total Remote Usage
		Usr 0 00:00:00, Sys 0 00:00:00  -  Total Local Usage
	0  -  Run Bytes Sent By Job
	0  -  Run Bytes Received By Job
	0  -  Total Bytes Sent By Job
	0  -  Total Bytes Received By Job
	Partitionable Resources :    Usage  Request Allocated
	   Cpus                 :                 1         1
	   Disk (KB)            :        1        1   1085022
	   Memory (MB)          :      805        1     12107
...
000 (1673103.000.000) 12/17 21:02:36 Job submitted from host: <172.16.2.141:36601>
...
001 (1673103.000.000) 12/17 21:02:36 Job executing on host: <172.16.2.151:35010>
...
006 (1673103.000.000) 12/17 21:02:44 Image size of job updated: 1049180
	806  -  MemoryUsage of job (MB)
	824356  -  ResidentSetSize of job (KB)
...
006 (1673103.000.000) 12/17 21:05:28 Image size of job updated: 2647400
	806  -  MemoryUsage of job (MB)
	824356  -  ResidentSetSize of job (KB)
...
005 (1673103.000.000) 12/17 21:05:28 Job terminated.
	(1) Normal termination (return value 0)
		Usr 0 00:02:50, Sys 0 00:00:00  -  Run Remote Usage
		Usr 0 00:00:00, Sys 0 00:00:00  -  Run Local Usage
		Usr 0 00:02:50, Sys 0 00:00:00  -  Total Remote Usage
		Usr 0 00:00:00, Sys 0 00:00:00  -  Total Local Usage
	0  -  Run Bytes Sent By Job
	0  -  Run Bytes Received By Job
	0  -  Total Bytes Sent By Job
	0  -  Total Bytes Received By Job
	Partitionable Resources :    Usage  Request Allocated
	   Cpus                 :                 1         1
	   Disk (KB)            :        1        1   1085020
	   Memory (MB)          :      806        1     12107
...
000 (1673126.000.000) 12/20 18:46:13 Job submitted from host: <172.16.2.141:36601>
...
001 (1673126.000.000) 12/20 18:46:30 Job executing on host: <172.16.2.151:35010>
...
006 (1673126.000.000) 12/20 18:46:38 Image size of job updated: 1
	2  -  MemoryUsage of job (MB)
	2028  -  ResidentSetSize of job (KB)
...
006 (1673126.000.000) 12/20 18:49:21 Image size of job updated: 1049184
	2  -  MemoryUsage of job (MB)
	2028  -  ResidentSetSize of job (KB)
...
005 (1673126.000.000) 12/20 18:49:21 Job terminated.
	(1) Normal termination (return value 0)
		Usr 0 00:02:39, Sys 0 00:00:00  -  Run Remote Usage
		Usr 0 00:00:00, Sys 0 00:00:00  -  Run Local Usage
		Usr 0 00:02:39, Sys 0 00:00:00  -  Total Remote Usage
		Usr 0 00:00:00, Sys 0 00:00:00  -  Total Local Usage
	0  -  Run Bytes Sent By Job
	0  -  Run Bytes Received By Job
	0  -  Total Bytes Sent By Job
	0  -  Total Bytes Received By Job
	Partitionable Resources :    Usage  Request Allocated
	   Cpus                 :                 1         1
	   Disk (KB)            :        1        1   1084984
	   Memory (MB)          :        2        1     12107
...
000 (1673138.000.000) 12/21 19:31:27 Job submitted from host: <172.16.2.141:36601>
...
001 (1673138.000.000) 12/21 19:31:28 Job executing on host: <172.16.2.151:35010>
...
006 (1673138.000.000) 12/21 19:31:28 Image size of job updated: 1
	0  -  MemoryUsage of job (MB)
	0  -  ResidentSetSize of job (KB)
...
005 (1673138.000.000) 12/21 19:31:28 Job terminated.
	(1) Normal termination (return value 0)
		Usr 0 00:00:00, Sys 0 00:00:00  -  Run Remote Usage
		Usr 0 00:00:00, Sys 0 00:00:00  -  Run Local Usage
		Usr 0 00:00:00, Sys 0 00:00:00  -  Total Remote Usage
		Usr 0 00:00:00, Sys 0 00:00:00  -  Total Local Usage
	0  -  Run Bytes Sent By Job
	0  -  Run Bytes Received By Job
	0  -  Total Bytes Sent By Job
	0  -  Total Bytes Received By Job
	Partitionable Resources :    Usage  Request Allocated
	   Cpus                 :                 1         1
	   Disk (KB)            :        1        1   1084963
	   Memory (MB)          :        0        1     12107
...
000 (1673139.000.000) 12/21 19:31:52 Job submitted from host: <172.16.2.141:36601>
...
001 (1673139.000.000) 12/21 19:31:53 Job executing on host: <172.16.2.151:35010>
...
006 (1673139.000.000) 12/21 19:31:53 Image size of job updated: 1
	0  -  MemoryUsage of job (MB)
	0  -  ResidentSetSize of job (KB)
...
005 (1673139.000.000) 12/21 19:31:53 Job terminated.
	(1) Normal termination (return value 0)
		Usr 0 00:00:00, Sys 0 00:00:00  -  Run Remote Usage
		Usr 0 00:00:00, Sys 0 00:00:00  -  Run Local Usage
		Usr 0 00:00:00, Sys 0 00:00:00  -  Total Remote Usage
		Usr 0 00:00:00, Sys 0 00:00:00  -  Total Local Usage
	0  -  Run Bytes Sent By Job
	0  -  Run Bytes Received By Job
	0  -  Total Bytes Sent By Job
	0  -  Total Bytes Received By Job
	Partitionable Resources :    Usage  Request Allocated
	   Cpus                 :                 1         1
	   Disk (KB)            :        1        1   1084962
	   Memory (MB)          :        0        1     12107
...
000 (1673140.000.000) 12/21 19:33:17 Job submitted from host: <172.16.2.141:36601>
...
001 (1673140.000.000) 12/21 19:33:17 Job executing on host: <172.16.2.141:56348>
...
006 (1673140.000.000) 12/21 19:33:26 Image size of job updated: 1
	2  -  MemoryUsage of job (MB)
	2028  -  ResidentSetSize of job (KB)
...
006 (1673140.000.000) 12/21 19:36:01 Image size of job updated: 2633960
	2  -  MemoryUsage of job (MB)
	2028  -  ResidentSetSize of job (KB)
...
005 (1673140.000.000) 12/21 19:36:01 Job terminated.
	(1) Normal termination (return value 0)
		Usr 0 00:02:40, Sys 0 00:00:00  -  Run Remote Usage
		Usr 0 00:00:00, Sys 0 00:00:00  -  Run Local Usage
		Usr 0 00:02:40, Sys 0 00:00:00  -  Total Remote Usage
		Usr 0 00:00:00, Sys 0 00:00:00  -  Total Local Usage
	0  -  Run Bytes Sent By Job
	0  -  Run Bytes Received By Job
	0  -  Total Bytes Sent By Job
	0  -  Total Bytes Received By Job
	Partitionable Resources :    Usage  Request Allocated
	   Cpus                 :                 1         1
	   Disk (KB)            :        1        1  18596230
	   Memory (MB)          :        2        1      2676
...
