000 (1673162.004.000) 12/23 13:43:08 Job submitted from host: <172.16.2.141:36601>
...
001 (1673162.004.000) 12/23 13:43:10 Job executing on host: <172.16.2.151:35010>
...
006 (1673162.004.000) 12/23 13:43:18 Image size of job updated: 256056
	29  -  MemoryUsage of job (MB)
	29544  -  ResidentSetSize of job (KB)
...
006 (1673162.004.000) 12/23 13:48:18 Image size of job updated: 256056
	29  -  MemoryUsage of job (MB)
	29556  -  ResidentSetSize of job (KB)
...
006 (1673162.004.000) 12/23 14:08:20 Image size of job updated: 256840
	29  -  MemoryUsage of job (MB)
	29580  -  ResidentSetSize of job (KB)
...
006 (1673162.004.000) 12/23 14:13:21 Image size of job updated: 256840
	30  -  MemoryUsage of job (MB)
	30028  -  ResidentSetSize of job (KB)
...
006 (1673162.004.000) 12/23 14:53:25 Image size of job updated: 256840
	30  -  MemoryUsage of job (MB)
	30036  -  ResidentSetSize of job (KB)
...
005 (1673162.004.000) 12/23 14:53:52 Job terminated.
	(1) Normal termination (return value 0)
		Usr 0 01:05:45, Sys 0 00:00:00  -  Run Remote Usage
		Usr 0 00:00:00, Sys 0 00:00:00  -  Run Local Usage
		Usr 0 01:05:45, Sys 0 00:00:00  -  Total Remote Usage
		Usr 0 00:00:00, Sys 0 00:00:00  -  Total Local Usage
	0  -  Run Bytes Sent By Job
	0  -  Run Bytes Received By Job
	0  -  Total Bytes Sent By Job
	0  -  Total Bytes Received By Job
	Partitionable Resources :    Usage  Request Allocated
	   Cpus                 :                 1         1
	   Disk (KB)            :        1        1   1084964
	   Memory (MB)          :       30        1     12107
...
000 (1673169.004.000) 12/23 21:09:13 Job submitted from host: <172.16.2.141:36601>
...
001 (1673169.004.000) 12/23 21:09:22 Job executing on host: <172.16.2.151:35010>
...
006 (1673169.004.000) 12/23 21:09:30 Image size of job updated: 256020
	30  -  MemoryUsage of job (MB)
	29896  -  ResidentSetSize of job (KB)
...
006 (1673169.004.000) 12/23 21:14:30 Image size of job updated: 256020
	30  -  MemoryUsage of job (MB)
	29900  -  ResidentSetSize of job (KB)
...
006 (1673169.004.000) 12/23 21:29:32 Image size of job updated: 256848
	30  -  MemoryUsage of job (MB)
	29924  -  ResidentSetSize of job (KB)
...
006 (1673169.004.000) 12/23 21:39:34 Image size of job updated: 256848
	30  -  MemoryUsage of job (MB)
	30260  -  ResidentSetSize of job (KB)
...
005 (1673169.004.000) 12/23 22:06:37 Job terminated.
	(1) Normal termination (return value 0)
		Usr 0 00:56:57, Sys 0 00:00:00  -  Run Remote Usage
		Usr 0 00:00:00, Sys 0 00:00:00  -  Run Local Usage
		Usr 0 00:56:57, Sys 0 00:00:00  -  Total Remote Usage
		Usr 0 00:00:00, Sys 0 00:00:00  -  Total Local Usage
	0  -  Run Bytes Sent By Job
	0  -  Run Bytes Received By Job
	0  -  Total Bytes Sent By Job
	0  -  Total Bytes Received By Job
	Partitionable Resources :    Usage  Request Allocated
	   Cpus                 :                 1         1
	   Disk (KB)            :        1        1   1084978
	   Memory (MB)          :       30        1     12107
...
000 (1673171.004.000) 12/23 23:27:09 Job submitted from host: <172.16.2.141:36601>
...
001 (1673171.004.000) 12/23 23:27:23 Job executing on host: <172.16.2.151:35010>
...
006 (1673171.004.000) 12/23 23:27:31 Image size of job updated: 256012
	28  -  MemoryUsage of job (MB)
	28108  -  ResidentSetSize of job (KB)
...
006 (1673171.004.000) 12/23 23:32:32 Image size of job updated: 256012
	30  -  MemoryUsage of job (MB)
	30484  -  ResidentSetSize of job (KB)
...
006 (1673171.004.000) 12/23 23:47:32 Image size of job updated: 256840
	30  -  MemoryUsage of job (MB)
	30508  -  ResidentSetSize of job (KB)
...
006 (1673171.004.000) 12/24 00:27:37 Image size of job updated: 256840
	30  -  MemoryUsage of job (MB)
	30528  -  ResidentSetSize of job (KB)
...
005 (1673171.004.000) 12/24 03:07:21 Job terminated.
	(1) Normal termination (return value 0)
		Usr 0 03:32:14, Sys 0 00:00:00  -  Run Remote Usage
		Usr 0 00:00:00, Sys 0 00:00:00  -  Run Local Usage
		Usr 0 03:32:14, Sys 0 00:00:00  -  Total Remote Usage
		Usr 0 00:00:00, Sys 0 00:00:00  -  Total Local Usage
	0  -  Run Bytes Sent By Job
	0  -  Run Bytes Received By Job
	0  -  Total Bytes Sent By Job
	0  -  Total Bytes Received By Job
	Partitionable Resources :    Usage  Request Allocated
	   Cpus                 :                 1         1
	   Disk (KB)            :        1        1   1084975
	   Memory (MB)          :       30        1     12107
...
000 (1673183.004.000) 12/24 22:48:09 Job submitted from host: <172.16.2.141:36601>
...
001 (1673183.004.000) 12/24 22:48:26 Job executing on host: <172.16.2.141:56348>
...
006 (1673183.004.000) 12/24 22:48:35 Image size of job updated: 242148
	30  -  MemoryUsage of job (MB)
	30096  -  ResidentSetSize of job (KB)
...
006 (1673183.004.000) 12/24 22:53:36 Image size of job updated: 242148
	30  -  MemoryUsage of job (MB)
	30124  -  ResidentSetSize of job (KB)
...
006 (1673183.004.000) 12/24 23:08:37 Image size of job updated: 242980
	30  -  MemoryUsage of job (MB)
	30164  -  ResidentSetSize of job (KB)
...
006 (1673183.004.000) 12/24 23:28:39 Image size of job updated: 242980
	30  -  MemoryUsage of job (MB)
	30180  -  ResidentSetSize of job (KB)
...
006 (1673183.004.000) 12/24 23:43:41 Image size of job updated: 242980
	30  -  MemoryUsage of job (MB)
	30216  -  ResidentSetSize of job (KB)
...
005 (1673183.004.000) 12/25 02:16:57 Job terminated.
	(1) Normal termination (return value 0)
		Usr 0 03:27:38, Sys 0 00:00:00  -  Run Remote Usage
		Usr 0 00:00:00, Sys 0 00:00:00  -  Run Local Usage
		Usr 0 03:27:38, Sys 0 00:00:00  -  Total Remote Usage
		Usr 0 00:00:00, Sys 0 00:00:00  -  Total Local Usage
	0  -  Run Bytes Sent By Job
	0  -  Run Bytes Received By Job
	0  -  Total Bytes Sent By Job
	0  -  Total Bytes Received By Job
	Partitionable Resources :    Usage  Request Allocated
	   Cpus                 :                 1         1
	   Disk (KB)            :        1        1  18595965
	   Memory (MB)          :       30        1      2676
...
000 (1673184.004.000) 12/25 08:28:15 Job submitted from host: <172.16.2.141:36601>
...
001 (1673184.004.000) 12/25 08:28:19 Job executing on host: <172.16.2.141:56348>
...
006 (1673184.004.000) 12/25 08:28:28 Image size of job updated: 95656
	3  -  MemoryUsage of job (MB)
	2108  -  ResidentSetSize of job (KB)
...
006 (1673184.004.000) 12/25 08:33:29 Image size of job updated: 239412
	25  -  MemoryUsage of job (MB)
	25264  -  ResidentSetSize of job (KB)
...
006 (1673184.004.000) 12/25 08:48:30 Image size of job updated: 240244
	25  -  MemoryUsage of job (MB)
	25308  -  ResidentSetSize of job (KB)
...
006 (1673184.004.000) 12/25 09:08:32 Image size of job updated: 240244
	25  -  MemoryUsage of job (MB)
	25320  -  ResidentSetSize of job (KB)
...
005 (1673184.004.000) 12/25 09:25:11 Job terminated.
	(1) Normal termination (return value 139)
		Usr 0 00:56:10, Sys 0 00:00:00  -  Run Remote Usage
		Usr 0 00:00:00, Sys 0 00:00:00  -  Run Local Usage
		Usr 0 00:56:10, Sys 0 00:00:00  -  Total Remote Usage
		Usr 0 00:00:00, Sys 0 00:00:00  -  Total Local Usage
	0  -  Run Bytes Sent By Job
	0  -  Run Bytes Received By Job
	0  -  Total Bytes Sent By Job
	0  -  Total Bytes Received By Job
	Partitionable Resources :    Usage  Request Allocated
	   Cpus                 :                 1         1
	   Disk (KB)            :        1        1  18595860
	   Memory (MB)          :       25        1      2676
...
000 (1673186.004.000) 12/25 09:26:50 Job submitted from host: <172.16.2.141:36601>
...
001 (1673186.004.000) 12/25 09:27:01 Job executing on host: <172.16.2.151:35010>
...
006 (1673186.004.000) 12/25 09:27:10 Image size of job updated: 95680
	3  -  MemoryUsage of job (MB)
	2104  -  ResidentSetSize of job (KB)
...
006 (1673186.004.000) 12/25 09:32:10 Image size of job updated: 252804
	25  -  MemoryUsage of job (MB)
	25440  -  ResidentSetSize of job (KB)
...
006 (1673186.004.000) 12/25 09:47:12 Image size of job updated: 253716
	25  -  MemoryUsage of job (MB)
	25472  -  ResidentSetSize of job (KB)
...
006 (1673186.004.000) 12/25 10:07:13 Image size of job updated: 253716
	25  -  MemoryUsage of job (MB)
	25484  -  ResidentSetSize of job (KB)
...
005 (1673186.004.000) 12/25 10:25:39 Job terminated.
	(1) Normal termination (return value 139)
		Usr 0 00:57:54, Sys 0 00:00:00  -  Run Remote Usage
		Usr 0 00:00:00, Sys 0 00:00:00  -  Run Local Usage
		Usr 0 00:57:54, Sys 0 00:00:00  -  Total Remote Usage
		Usr 0 00:00:00, Sys 0 00:00:00  -  Total Local Usage
	0  -  Run Bytes Sent By Job
	0  -  Run Bytes Received By Job
	0  -  Total Bytes Sent By Job
	0  -  Total Bytes Received By Job
	Partitionable Resources :    Usage  Request Allocated
	   Cpus                 :                 1         1
	   Disk (KB)            :        1        1   1084930
	   Memory (MB)          :       25        1     12107
...
000 (1673187.004.000) 12/25 10:36:20 Job submitted from host: <172.16.2.141:36601>
...
001 (1673187.004.000) 12/25 10:36:21 Job executing on host: <172.16.2.141:56348>
...
006 (1673187.004.000) 12/25 10:36:30 Image size of job updated: 239416
	27  -  MemoryUsage of job (MB)
	27084  -  ResidentSetSize of job (KB)
...
006 (1673187.004.000) 12/25 10:41:30 Image size of job updated: 239416
	27  -  MemoryUsage of job (MB)
	27116  -  ResidentSetSize of job (KB)
...
006 (1673187.004.000) 12/25 10:56:32 Image size of job updated: 240248
	27  -  MemoryUsage of job (MB)
	27160  -  ResidentSetSize of job (KB)
...
006 (1673187.004.000) 12/25 11:16:34 Image size of job updated: 240248
	27  -  MemoryUsage of job (MB)
	27172  -  ResidentSetSize of job (KB)
...
006 (1673187.004.000) 12/25 11:32:55 Image size of job updated: 452424
	27  -  MemoryUsage of job (MB)
	27172  -  ResidentSetSize of job (KB)
...
005 (1673187.004.000) 12/25 11:32:55 Job terminated.
	(1) Normal termination (return value 139)
		Usr 0 00:56:24, Sys 0 00:00:00  -  Run Remote Usage
		Usr 0 00:00:00, Sys 0 00:00:00  -  Run Local Usage
		Usr 0 00:56:24, Sys 0 00:00:00  -  Total Remote Usage
		Usr 0 00:00:00, Sys 0 00:00:00  -  Total Local Usage
	0  -  Run Bytes Sent By Job
	0  -  Run Bytes Received By Job
	0  -  Total Bytes Sent By Job
	0  -  Total Bytes Received By Job
	Partitionable Resources :    Usage  Request Allocated
	   Cpus                 :                 1         1
	   Disk (KB)            :        1        1  18595803
	   Memory (MB)          :       27        1      2676
...
000 (1673188.004.000) 12/25 11:42:39 Job submitted from host: <172.16.2.141:36601>
...
001 (1673188.004.000) 12/25 11:42:43 Job executing on host: <172.16.2.141:56348>
...
006 (1673188.004.000) 12/25 11:42:46 Image size of job updated: 242156
	0  -  MemoryUsage of job (MB)
	0  -  ResidentSetSize of job (KB)
...
004 (1673188.004.000) 12/25 11:42:46 Job was evicted.
	(0) Job was not checkpointed.
		Usr 0 00:00:02, Sys 0 00:00:00  -  Run Remote Usage
		Usr 0 00:00:00, Sys 0 00:00:00  -  Run Local Usage
	0  -  Run Bytes Sent By Job
	0  -  Run Bytes Received By Job
	Partitionable Resources :    Usage  Request Allocated
	   Cpus                 :                 1         1
	   Disk (KB)            :        1        1  18595856
	   Memory (MB)          :        0        1      2676
...
009 (1673188.004.000) 12/25 11:42:47 Job was aborted by the user.
	via condor_rm (by user zhangliang)
...
000 (1673189.004.000) 12/25 11:44:21 Job submitted from host: <172.16.2.141:36601>
...
001 (1673189.004.000) 12/25 11:44:22 Job executing on host: <172.16.2.141:56348>
...
006 (1673189.004.000) 12/25 11:44:31 Image size of job updated: 242152
	30  -  MemoryUsage of job (MB)
	30284  -  ResidentSetSize of job (KB)
...
006 (1673189.004.000) 12/25 11:49:31 Image size of job updated: 242152
	30  -  MemoryUsage of job (MB)
	30316  -  ResidentSetSize of job (KB)
...
006 (1673189.004.000) 12/25 12:04:33 Image size of job updated: 242984
	30  -  MemoryUsage of job (MB)
	30352  -  ResidentSetSize of job (KB)
...
006 (1673189.004.000) 12/25 12:09:33 Image size of job updated: 242984
	31  -  MemoryUsage of job (MB)
	30788  -  ResidentSetSize of job (KB)
...
006 (1673189.004.000) 12/25 12:24:35 Image size of job updated: 242984
	31  -  MemoryUsage of job (MB)
	30792  -  ResidentSetSize of job (KB)
...
006 (1673189.004.000) 12/25 12:44:36 Image size of job updated: 242984
	31  -  MemoryUsage of job (MB)
	30848  -  ResidentSetSize of job (KB)
...
006 (1673189.004.000) 12/25 13:04:39 Image size of job updated: 242984
	31  -  MemoryUsage of job (MB)
	30852  -  ResidentSetSize of job (KB)
...
005 (1673189.004.000) 12/25 15:17:57 Job terminated.
	(1) Normal termination (return value 0)
		Usr 0 03:32:06, Sys 0 00:00:01  -  Run Remote Usage
		Usr 0 00:00:00, Sys 0 00:00:00  -  Run Local Usage
		Usr 0 03:32:06, Sys 0 00:00:01  -  Total Remote Usage
		Usr 0 00:00:00, Sys 0 00:00:00  -  Total Local Usage
	0  -  Run Bytes Sent By Job
	0  -  Run Bytes Received By Job
	0  -  Total Bytes Sent By Job
	0  -  Total Bytes Received By Job
	Partitionable Resources :    Usage  Request Allocated
	   Cpus                 :                 1         1
	   Disk (KB)            :        1        1  18595857
	   Memory (MB)          :       31        1      2676
...
000 (1673192.004.000) 12/26 00:07:14 Job submitted from host: <172.16.2.141:36601>
...
001 (1673192.004.000) 12/26 00:07:28 Job executing on host: <172.16.2.141:56348>
...
006 (1673192.004.000) 12/26 00:07:30 Image size of job updated: 242160
	0  -  MemoryUsage of job (MB)
	0  -  ResidentSetSize of job (KB)
...
004 (1673192.004.000) 12/26 00:07:31 Job was evicted.
	(0) Job was not checkpointed.
		Usr 0 00:00:02, Sys 0 00:00:00  -  Run Remote Usage
		Usr 0 00:00:00, Sys 0 00:00:00  -  Run Local Usage
	0  -  Run Bytes Sent By Job
	0  -  Run Bytes Received By Job
	Partitionable Resources :    Usage  Request Allocated
	   Cpus                 :                 1         1
	   Disk (KB)            :        1        1  18595732
	   Memory (MB)          :        0        1      2676
...
009 (1673192.004.000) 12/26 00:07:33 Job was aborted by the user.
	via condor_rm (by user zhangliang)
...
000 (1673193.004.000) 12/26 00:07:59 Job submitted from host: <172.16.2.141:36601>
...
001 (1673193.004.000) 12/26 00:08:00 Job executing on host: <172.16.2.141:56348>
...
006 (1673193.004.000) 12/26 00:08:09 Image size of job updated: 242160
	28  -  MemoryUsage of job (MB)
	28612  -  ResidentSetSize of job (KB)
...
006 (1673193.004.000) 12/26 00:13:09 Image size of job updated: 242160
	29  -  MemoryUsage of job (MB)
	28952  -  ResidentSetSize of job (KB)
...
006 (1673193.004.000) 12/26 00:28:11 Image size of job updated: 243028
	29  -  MemoryUsage of job (MB)
	28988  -  ResidentSetSize of job (KB)
...
006 (1673193.004.000) 12/26 00:48:13 Image size of job updated: 243028
	29  -  MemoryUsage of job (MB)
	29004  -  ResidentSetSize of job (KB)
...
006 (1673193.004.000) 12/26 01:08:14 Image size of job updated: 243028
	29  -  MemoryUsage of job (MB)
	29072  -  ResidentSetSize of job (KB)
...
