000 (1673162.005.000) 12/23 13:43:08 Job submitted from host: <172.16.2.141:36601>
...
001 (1673162.005.000) 12/23 13:43:10 Job executing on host: <172.16.2.151:35010>
...
006 (1673162.005.000) 12/23 13:43:18 Image size of job updated: 256052
	28  -  MemoryUsage of job (MB)
	28104  -  ResidentSetSize of job (KB)
...
006 (1673162.005.000) 12/23 13:48:18 Image size of job updated: 256052
	28  -  MemoryUsage of job (MB)
	28116  -  ResidentSetSize of job (KB)
...
006 (1673162.005.000) 12/23 14:08:20 Image size of job updated: 256836
	28  -  MemoryUsage of job (MB)
	28140  -  ResidentSetSize of job (KB)
...
006 (1673162.005.000) 12/23 14:13:21 Image size of job updated: 256836
	29  -  MemoryUsage of job (MB)
	29064  -  ResidentSetSize of job (KB)
...
006 (1673162.005.000) 12/23 14:48:25 Image size of job updated: 256836
	29  -  MemoryUsage of job (MB)
	29072  -  ResidentSetSize of job (KB)
...
005 (1673162.005.000) 12/23 14:54:22 Job terminated.
	(1) Normal termination (return value 0)
		Usr 0 01:06:33, Sys 0 00:00:00  -  Run Remote Usage
		Usr 0 00:00:00, Sys 0 00:00:00  -  Run Local Usage
		Usr 0 01:06:33, Sys 0 00:00:00  -  Total Remote Usage
		Usr 0 00:00:00, Sys 0 00:00:00  -  Total Local Usage
	0  -  Run Bytes Sent By Job
	0  -  Run Bytes Received By Job
	0  -  Total Bytes Sent By Job
	0  -  Total Bytes Received By Job
	Partitionable Resources :    Usage  Request Allocated
	   Cpus                 :                 1         1
	   Disk (KB)            :        1        1   1084964
	   Memory (MB)          :       29        1     12107
...
000 (1673169.005.000) 12/23 21:09:13 Job submitted from host: <172.16.2.141:36601>
...
001 (1673169.005.000) 12/23 21:09:23 Job executing on host: <172.16.2.151:35010>
...
006 (1673169.005.000) 12/23 21:09:32 Image size of job updated: 256016
	30  -  MemoryUsage of job (MB)
	29952  -  ResidentSetSize of job (KB)
...
006 (1673169.005.000) 12/23 21:14:33 Image size of job updated: 256016
	30  -  MemoryUsage of job (MB)
	29980  -  ResidentSetSize of job (KB)
...
006 (1673169.005.000) 12/23 21:29:34 Image size of job updated: 256844
	30  -  MemoryUsage of job (MB)
	30004  -  ResidentSetSize of job (KB)
...
006 (1673169.005.000) 12/23 21:39:34 Image size of job updated: 256844
	30  -  MemoryUsage of job (MB)
	30544  -  ResidentSetSize of job (KB)
...
005 (1673169.005.000) 12/23 22:06:45 Job terminated.
	(1) Normal termination (return value 0)
		Usr 0 00:57:14, Sys 0 00:00:00  -  Run Remote Usage
		Usr 0 00:00:00, Sys 0 00:00:00  -  Run Local Usage
		Usr 0 00:57:14, Sys 0 00:00:00  -  Total Remote Usage
		Usr 0 00:00:00, Sys 0 00:00:00  -  Total Local Usage
	0  -  Run Bytes Sent By Job
	0  -  Run Bytes Received By Job
	0  -  Total Bytes Sent By Job
	0  -  Total Bytes Received By Job
	Partitionable Resources :    Usage  Request Allocated
	   Cpus                 :                 1         1
	   Disk (KB)            :        1        1   1084978
	   Memory (MB)          :       30        1     12107
...
000 (1673171.005.000) 12/23 23:27:09 Job submitted from host: <172.16.2.141:36601>
...
001 (1673171.005.000) 12/23 23:27:23 Job executing on host: <172.16.2.151:35010>
...
006 (1673171.005.000) 12/23 23:27:31 Image size of job updated: 256016
	30  -  MemoryUsage of job (MB)
	29984  -  ResidentSetSize of job (KB)
...
006 (1673171.005.000) 12/23 23:32:31 Image size of job updated: 256016
	30  -  MemoryUsage of job (MB)
	30320  -  ResidentSetSize of job (KB)
...
006 (1673171.005.000) 12/23 23:52:32 Image size of job updated: 256844
	30  -  MemoryUsage of job (MB)
	30344  -  ResidentSetSize of job (KB)
...
006 (1673171.005.000) 12/24 00:32:37 Image size of job updated: 256844
	30  -  MemoryUsage of job (MB)
	30364  -  ResidentSetSize of job (KB)
...
005 (1673171.005.000) 12/24 03:02:24 Job terminated.
	(1) Normal termination (return value 0)
		Usr 0 03:30:05, Sys 0 00:00:00  -  Run Remote Usage
		Usr 0 00:00:00, Sys 0 00:00:00  -  Run Local Usage
		Usr 0 03:30:05, Sys 0 00:00:00  -  Total Remote Usage
		Usr 0 00:00:00, Sys 0 00:00:00  -  Total Local Usage
	0  -  Run Bytes Sent By Job
	0  -  Run Bytes Received By Job
	0  -  Total Bytes Sent By Job
	0  -  Total Bytes Received By Job
	Partitionable Resources :    Usage  Request Allocated
	   Cpus                 :                 1         1
	   Disk (KB)            :        1        1   1084975
	   Memory (MB)          :       30        1     12107
...
000 (1673183.005.000) 12/24 22:48:09 Job submitted from host: <172.16.2.141:36601>
...
001 (1673183.005.000) 12/24 22:48:26 Job executing on host: <172.16.2.141:56348>
...
006 (1673183.005.000) 12/24 22:48:35 Image size of job updated: 242152
	29  -  MemoryUsage of job (MB)
	28684  -  ResidentSetSize of job (KB)
...
006 (1673183.005.000) 12/24 22:53:35 Image size of job updated: 242152
	29  -  MemoryUsage of job (MB)
	28716  -  ResidentSetSize of job (KB)
...
006 (1673183.005.000) 12/24 23:08:37 Image size of job updated: 242984
	29  -  MemoryUsage of job (MB)
	28756  -  ResidentSetSize of job (KB)
...
006 (1673183.005.000) 12/24 23:28:39 Image size of job updated: 242984
	29  -  MemoryUsage of job (MB)
	28772  -  ResidentSetSize of job (KB)
...
006 (1673183.005.000) 12/24 23:43:40 Image size of job updated: 242984
	29  -  MemoryUsage of job (MB)
	28808  -  ResidentSetSize of job (KB)
...
005 (1673183.005.000) 12/25 02:18:29 Job terminated.
	(1) Normal termination (return value 0)
		Usr 0 03:29:08, Sys 0 00:00:01  -  Run Remote Usage
		Usr 0 00:00:00, Sys 0 00:00:00  -  Run Local Usage
		Usr 0 03:29:08, Sys 0 00:00:01  -  Total Remote Usage
		Usr 0 00:00:00, Sys 0 00:00:00  -  Total Local Usage
	0  -  Run Bytes Sent By Job
	0  -  Run Bytes Received By Job
	0  -  Total Bytes Sent By Job
	0  -  Total Bytes Received By Job
	Partitionable Resources :    Usage  Request Allocated
	   Cpus                 :                 1         1
	   Disk (KB)            :        1        1  18595965
	   Memory (MB)          :       29        1      2676
...
000 (1673184.005.000) 12/25 08:28:15 Job submitted from host: <172.16.2.141:36601>
...
001 (1673184.005.000) 12/25 08:28:17 Job executing on host: <172.16.2.141:56348>
...
006 (1673184.005.000) 12/25 08:28:26 Image size of job updated: 239416
	26  -  MemoryUsage of job (MB)
	26572  -  ResidentSetSize of job (KB)
...
006 (1673184.005.000) 12/25 08:33:26 Image size of job updated: 239416
	26  -  MemoryUsage of job (MB)
	26604  -  ResidentSetSize of job (KB)
...
006 (1673184.005.000) 12/25 08:48:28 Image size of job updated: 240248
	27  -  MemoryUsage of job (MB)
	26648  -  ResidentSetSize of job (KB)
...
006 (1673184.005.000) 12/25 09:08:30 Image size of job updated: 240248
	27  -  MemoryUsage of job (MB)
	26660  -  ResidentSetSize of job (KB)
...
005 (1673184.005.000) 12/25 09:24:38 Job terminated.
	(1) Normal termination (return value 139)
		Usr 0 00:56:07, Sys 0 00:00:01  -  Run Remote Usage
		Usr 0 00:00:00, Sys 0 00:00:00  -  Run Local Usage
		Usr 0 00:56:07, Sys 0 00:00:01  -  Total Remote Usage
		Usr 0 00:00:00, Sys 0 00:00:00  -  Total Local Usage
	0  -  Run Bytes Sent By Job
	0  -  Run Bytes Received By Job
	0  -  Total Bytes Sent By Job
	0  -  Total Bytes Received By Job
	Partitionable Resources :    Usage  Request Allocated
	   Cpus                 :                 1         1
	   Disk (KB)            :        1        1  18595860
	   Memory (MB)          :       27        1      2676
...
000 (1673186.005.000) 12/25 09:26:50 Job submitted from host: <172.16.2.141:36601>
...
001 (1673186.005.000) 12/25 09:27:01 Job executing on host: <172.16.2.151:35010>
...
006 (1673186.005.000) 12/25 09:27:10 Image size of job updated: 106096
	2  -  MemoryUsage of job (MB)
	1152  -  ResidentSetSize of job (KB)
...
006 (1673186.005.000) 12/25 09:32:10 Image size of job updated: 252808
	27  -  MemoryUsage of job (MB)
	26768  -  ResidentSetSize of job (KB)
...
006 (1673186.005.000) 12/25 09:47:11 Image size of job updated: 253720
	27  -  MemoryUsage of job (MB)
	26800  -  ResidentSetSize of job (KB)
...
006 (1673186.005.000) 12/25 10:07:12 Image size of job updated: 253720
	27  -  MemoryUsage of job (MB)
	26812  -  ResidentSetSize of job (KB)
...
005 (1673186.005.000) 12/25 10:25:22 Job terminated.
	(1) Normal termination (return value 139)
		Usr 0 00:58:14, Sys 0 00:00:00  -  Run Remote Usage
		Usr 0 00:00:00, Sys 0 00:00:00  -  Run Local Usage
		Usr 0 00:58:14, Sys 0 00:00:00  -  Total Remote Usage
		Usr 0 00:00:00, Sys 0 00:00:00  -  Total Local Usage
	0  -  Run Bytes Sent By Job
	0  -  Run Bytes Received By Job
	0  -  Total Bytes Sent By Job
	0  -  Total Bytes Received By Job
	Partitionable Resources :    Usage  Request Allocated
	   Cpus                 :                 1         1
	   Disk (KB)            :        1        1   1084935
	   Memory (MB)          :       27        1     12107
...
000 (1673187.005.000) 12/25 10:36:20 Job submitted from host: <172.16.2.141:36601>
...
001 (1673187.005.000) 12/25 10:36:22 Job executing on host: <172.16.2.141:56348>
...
006 (1673187.005.000) 12/25 10:36:30 Image size of job updated: 239416
	27  -  MemoryUsage of job (MB)
	26972  -  ResidentSetSize of job (KB)
...
006 (1673187.005.000) 12/25 10:41:30 Image size of job updated: 239416
	27  -  MemoryUsage of job (MB)
	27004  -  ResidentSetSize of job (KB)
...
006 (1673187.005.000) 12/25 10:56:31 Image size of job updated: 240248
	27  -  MemoryUsage of job (MB)
	27048  -  ResidentSetSize of job (KB)
...
006 (1673187.005.000) 12/25 11:16:34 Image size of job updated: 240248
	27  -  MemoryUsage of job (MB)
	27060  -  ResidentSetSize of job (KB)
...
006 (1673187.005.000) 12/25 11:33:23 Image size of job updated: 905668
	27  -  MemoryUsage of job (MB)
	27060  -  ResidentSetSize of job (KB)
...
005 (1673187.005.000) 12/25 11:33:23 Job terminated.
	(1) Normal termination (return value 139)
		Usr 0 00:56:39, Sys 0 00:00:00  -  Run Remote Usage
		Usr 0 00:00:00, Sys 0 00:00:00  -  Run Local Usage
		Usr 0 00:56:39, Sys 0 00:00:00  -  Total Remote Usage
		Usr 0 00:00:00, Sys 0 00:00:00  -  Total Local Usage
	0  -  Run Bytes Sent By Job
	0  -  Run Bytes Received By Job
	0  -  Total Bytes Sent By Job
	0  -  Total Bytes Received By Job
	Partitionable Resources :    Usage  Request Allocated
	   Cpus                 :                 1         1
	   Disk (KB)            :        1        1  18595803
	   Memory (MB)          :       27        1      2676
...
000 (1673188.005.000) 12/25 11:42:39 Job submitted from host: <172.16.2.141:36601>
...
001 (1673188.005.000) 12/25 11:42:44 Job executing on host: <172.16.2.141:56348>
...
006 (1673188.005.000) 12/25 11:42:46 Image size of job updated: 242156
	0  -  MemoryUsage of job (MB)
	0  -  ResidentSetSize of job (KB)
...
004 (1673188.005.000) 12/25 11:42:47 Job was evicted.
	(0) Job was not checkpointed.
		Usr 0 00:00:01, Sys 0 00:00:00  -  Run Remote Usage
		Usr 0 00:00:00, Sys 0 00:00:00  -  Run Local Usage
	0  -  Run Bytes Sent By Job
	0  -  Run Bytes Received By Job
	Partitionable Resources :    Usage  Request Allocated
	   Cpus                 :                 1         1
	   Disk (KB)            :        1        1  18595856
	   Memory (MB)          :        0        1      2676
...
009 (1673188.005.000) 12/25 11:42:47 Job was aborted by the user.
	via condor_rm (by user zhangliang)
...
000 (1673189.005.000) 12/25 11:44:21 Job submitted from host: <172.16.2.141:36601>
...
001 (1673189.005.000) 12/25 11:44:23 Job executing on host: <172.16.2.141:56348>
...
006 (1673189.005.000) 12/25 11:44:32 Image size of job updated: 242152
	28  -  MemoryUsage of job (MB)
	28608  -  ResidentSetSize of job (KB)
...
006 (1673189.005.000) 12/25 11:49:33 Image size of job updated: 242152
	28  -  MemoryUsage of job (MB)
	28640  -  ResidentSetSize of job (KB)
...
006 (1673189.005.000) 12/25 12:04:34 Image size of job updated: 242984
	29  -  MemoryUsage of job (MB)
	28676  -  ResidentSetSize of job (KB)
...
006 (1673189.005.000) 12/25 12:24:35 Image size of job updated: 242984
	29  -  MemoryUsage of job (MB)
	28692  -  ResidentSetSize of job (KB)
...
006 (1673189.005.000) 12/25 12:44:37 Image size of job updated: 242984
	29  -  MemoryUsage of job (MB)
	28752  -  ResidentSetSize of job (KB)
...
006 (1673189.005.000) 12/25 13:24:41 Image size of job updated: 242984
	29  -  MemoryUsage of job (MB)
	28756  -  ResidentSetSize of job (KB)
...
005 (1673189.005.000) 12/25 15:14:21 Job terminated.
	(1) Normal termination (return value 0)
		Usr 0 03:29:09, Sys 0 00:00:00  -  Run Remote Usage
		Usr 0 00:00:00, Sys 0 00:00:00  -  Run Local Usage
		Usr 0 03:29:09, Sys 0 00:00:00  -  Total Remote Usage
		Usr 0 00:00:00, Sys 0 00:00:00  -  Total Local Usage
	0  -  Run Bytes Sent By Job
	0  -  Run Bytes Received By Job
	0  -  Total Bytes Sent By Job
	0  -  Total Bytes Received By Job
	Partitionable Resources :    Usage  Request Allocated
	   Cpus                 :                 1         1
	   Disk (KB)            :        1        1  18595862
	   Memory (MB)          :       29        1      2676
...
000 (1673192.005.000) 12/26 00:07:14 Job submitted from host: <172.16.2.141:36601>
...
001 (1673192.005.000) 12/26 00:07:27 Job executing on host: <172.16.2.141:56348>
...
006 (1673192.005.000) 12/26 00:07:30 Image size of job updated: 242160
	0  -  MemoryUsage of job (MB)
	0  -  ResidentSetSize of job (KB)
...
004 (1673192.005.000) 12/26 00:07:31 Job was evicted.
	(0) Job was not checkpointed.
		Usr 0 00:00:02, Sys 0 00:00:00  -  Run Remote Usage
		Usr 0 00:00:00, Sys 0 00:00:00  -  Run Local Usage
	0  -  Run Bytes Sent By Job
	0  -  Run Bytes Received By Job
	Partitionable Resources :    Usage  Request Allocated
	   Cpus                 :                 1         1
	   Disk (KB)            :        1        1  18595732
	   Memory (MB)          :        0        1      2676
...
009 (1673192.005.000) 12/26 00:07:33 Job was aborted by the user.
	via condor_rm (by user zhangliang)
...
000 (1673193.005.000) 12/26 00:07:59 Job submitted from host: <172.16.2.141:36601>
...
001 (1673193.005.000) 12/26 00:08:01 Job executing on host: <172.16.2.141:56348>
...
006 (1673193.005.000) 12/26 00:08:10 Image size of job updated: 242160
	28  -  MemoryUsage of job (MB)
	28584  -  ResidentSetSize of job (KB)
...
006 (1673193.005.000) 12/26 00:13:10 Image size of job updated: 242160
	28  -  MemoryUsage of job (MB)
	28616  -  ResidentSetSize of job (KB)
...
006 (1673193.005.000) 12/26 00:28:12 Image size of job updated: 243028
	28  -  MemoryUsage of job (MB)
	28652  -  ResidentSetSize of job (KB)
...
006 (1673193.005.000) 12/26 00:48:14 Image size of job updated: 243028
	28  -  MemoryUsage of job (MB)
	28668  -  ResidentSetSize of job (KB)
...
006 (1673193.005.000) 12/26 01:03:15 Image size of job updated: 243028
	29  -  MemoryUsage of job (MB)
	28732  -  ResidentSetSize of job (KB)
...
006 (1673193.005.000) 12/26 01:08:15 Image size of job updated: 243028
	29  -  MemoryUsage of job (MB)
	28736  -  ResidentSetSize of job (KB)
...
