000 (28203.046.000) 12/31 10:12:06 Job submitted from host: <172.16.11.200:9618?addrs=172.16.11.200-9618&noUDP&sock=14877_46f2_4>
...
001 (28203.046.000) 12/31 10:12:10 Job executing on host: <172.16.11.231:9618?addrs=172.16.11.231-9618&noUDP&sock=startd_22895_f54e_4>
...
006 (28203.046.000) 12/31 10:12:19 Image size of job updated: 35000
	35  -  MemoryUsage of job (MB)
	35000  -  ResidentSetSize of job (KB)
...
006 (28203.046.000) 12/31 10:17:19 Image size of job updated: 35112
	35  -  MemoryUsage of job (MB)
	35112  -  ResidentSetSize of job (KB)
...
006 (28203.046.000) 12/31 13:14:29 Image size of job updated: 310160
	35  -  MemoryUsage of job (MB)
	35112  -  ResidentSetSize of job (KB)
...
004 (28203.046.000) 12/31 13:14:29 Job was evicted.
	(0) CPU times
		Usr 0 03:02:06, Sys 0 00:00:08  -  Run Remote Usage
		Usr 0 00:00:00, Sys 0 00:00:00  -  Run Local Usage
	0  -  Run Bytes Sent By Job
	0  -  Run Bytes Received By Job
	Partitionable Resources :    Usage  Request Allocated 
	   Cpus                 :     1.00        1         1 
	   Disk (KB)            :     1           1    241059 
	   Memory (MB)          :    35           1      2008 
...
009 (28203.046.000) 12/31 13:14:29 Job was aborted by the user.
	via condor_rm (by user zhangliang)
...
000 (28206.046.000) 12/31 14:09:35 Job submitted from host: <172.16.11.200:9618?addrs=172.16.11.200-9618&noUDP&sock=14877_46f2_4>
...
001 (28206.046.000) 12/31 14:21:38 Job executing on host: <172.16.11.231:9618?addrs=172.16.11.231-9618&noUDP&sock=startd_22895_f54e_4>
...
006 (28206.046.000) 12/31 14:21:46 Image size of job updated: 34984
	35  -  MemoryUsage of job (MB)
	34984  -  ResidentSetSize of job (KB)
...
006 (28206.046.000) 01/01 01:32:52 Image size of job updated: 35092
	35  -  MemoryUsage of job (MB)
	35092  -  ResidentSetSize of job (KB)
...
005 (28206.046.000) 01/01 11:05:52 Job terminated.
	(1) Normal termination (return value 0)
		Usr 0 20:43:55, Sys 0 00:00:03  -  Run Remote Usage
		Usr 0 00:00:00, Sys 0 00:00:00  -  Run Local Usage
		Usr 0 20:43:55, Sys 0 00:00:03  -  Total Remote Usage
		Usr 0 00:00:00, Sys 0 00:00:00  -  Total Local Usage
	0  -  Run Bytes Sent By Job
	0  -  Run Bytes Received By Job
	0  -  Total Bytes Sent By Job
	0  -  Total Bytes Received By Job
	Partitionable Resources :    Usage  Request Allocated 
	   Cpus                 :     1.00        1         1 
	   Disk (KB)            :     1           1    241059 
	   Memory (MB)          :    35           1      2008 
...
000 (28248.046.000) 01/05 15:45:56 Job submitted from host: <172.16.11.200:9618?addrs=172.16.11.200-9618&noUDP&sock=14877_46f2_4>
...
001 (28248.046.000) 01/05 16:50:40 Job executing on host: <172.16.11.231:9618?addrs=172.16.11.231-9618&noUDP&sock=startd_22895_f54e_4>
...
006 (28248.046.000) 01/05 16:50:48 Image size of job updated: 35160
	35  -  MemoryUsage of job (MB)
	35160  -  ResidentSetSize of job (KB)
...
005 (28248.046.000) 01/06 01:57:35 Job terminated.
	(1) Normal termination (return value 0)
		Usr 0 09:05:20, Sys 0 00:00:02  -  Run Remote Usage
		Usr 0 00:00:00, Sys 0 00:00:00  -  Run Local Usage
		Usr 0 09:05:20, Sys 0 00:00:02  -  Total Remote Usage
		Usr 0 00:00:00, Sys 0 00:00:00  -  Total Local Usage
	0  -  Run Bytes Sent By Job
	0  -  Run Bytes Received By Job
	0  -  Total Bytes Sent By Job
	0  -  Total Bytes Received By Job
	Partitionable Resources :    Usage  Request Allocated 
	   Cpus                 :     1.00        1         1 
	   Disk (KB)            :     1           1    241059 
	   Memory (MB)          :    35           1      2008 
...
000 (28271.046.000) 01/06 15:26:51 Job submitted from host: <172.16.11.200:9618?addrs=172.16.11.200-9618&noUDP&sock=14877_46f2_4>
...
009 (28271.046.000) 01/06 15:47:45 Job was aborted by the user.
	via condor_rm (by user zhangliang)
...
