000 (28203.009.000) 12/31 10:12:06 Job submitted from host: <172.16.11.200:9618?addrs=172.16.11.200-9618&noUDP&sock=14877_46f2_4>
...
001 (28203.009.000) 12/31 10:12:10 Job executing on host: <172.16.11.233:9618?addrs=172.16.11.233-9618&alias=pc-farm3&noUDP&sock=startd_4556_edfa>
...
006 (28203.009.000) 12/31 10:12:19 Image size of job updated: 38236
	38  -  MemoryUsage of job (MB)
	38236  -  ResidentSetSize of job (KB)
...
006 (28203.009.000) 12/31 10:22:21 Image size of job updated: 38328
	38  -  MemoryUsage of job (MB)
	38328  -  ResidentSetSize of job (KB)
...
006 (28203.009.000) 12/31 10:32:21 Image size of job updated: 38408
	38  -  MemoryUsage of job (MB)
	38408  -  ResidentSetSize of job (KB)
...
006 (28203.009.000) 12/31 10:42:22 Image size of job updated: 38576
	38  -  MemoryUsage of job (MB)
	38576  -  ResidentSetSize of job (KB)
...
006 (28203.009.000) 12/31 10:47:22 Image size of job updated: 38696
	38  -  MemoryUsage of job (MB)
	38696  -  ResidentSetSize of job (KB)
...
006 (28203.009.000) 12/31 10:57:24 Image size of job updated: 38908
	38  -  MemoryUsage of job (MB)
	38908  -  ResidentSetSize of job (KB)
...
006 (28203.009.000) 12/31 11:02:24 Image size of job updated: 38996
	39  -  MemoryUsage of job (MB)
	38996  -  ResidentSetSize of job (KB)
...
006 (28203.009.000) 12/31 11:07:25 Image size of job updated: 39084
	39  -  MemoryUsage of job (MB)
	39084  -  ResidentSetSize of job (KB)
...
006 (28203.009.000) 12/31 11:12:26 Image size of job updated: 39196
	39  -  MemoryUsage of job (MB)
	39196  -  ResidentSetSize of job (KB)
...
006 (28203.009.000) 12/31 11:22:26 Image size of job updated: 39228
	39  -  MemoryUsage of job (MB)
	39228  -  ResidentSetSize of job (KB)
...
006 (28203.009.000) 12/31 11:27:27 Image size of job updated: 39308
	39  -  MemoryUsage of job (MB)
	39308  -  ResidentSetSize of job (KB)
...
006 (28203.009.000) 12/31 11:32:27 Image size of job updated: 39416
	39  -  MemoryUsage of job (MB)
	39416  -  ResidentSetSize of job (KB)
...
006 (28203.009.000) 12/31 11:37:27 Image size of job updated: 39496
	39  -  MemoryUsage of job (MB)
	39496  -  ResidentSetSize of job (KB)
...
006 (28203.009.000) 12/31 11:42:28 Image size of job updated: 39700
	39  -  MemoryUsage of job (MB)
	39700  -  ResidentSetSize of job (KB)
...
006 (28203.009.000) 12/31 11:47:29 Image size of job updated: 39812
	39  -  MemoryUsage of job (MB)
	39812  -  ResidentSetSize of job (KB)
...
006 (28203.009.000) 12/31 11:57:30 Image size of job updated: 39968
	40  -  MemoryUsage of job (MB)
	39968  -  ResidentSetSize of job (KB)
...
006 (28203.009.000) 12/31 12:02:31 Image size of job updated: 40080
	40  -  MemoryUsage of job (MB)
	40080  -  ResidentSetSize of job (KB)
...
006 (28203.009.000) 12/31 12:12:31 Image size of job updated: 40112
	40  -  MemoryUsage of job (MB)
	40112  -  ResidentSetSize of job (KB)
...
006 (28203.009.000) 12/31 12:17:32 Image size of job updated: 40348
	40  -  MemoryUsage of job (MB)
	40348  -  ResidentSetSize of job (KB)
...
006 (28203.009.000) 12/31 12:27:32 Image size of job updated: 40504
	40  -  MemoryUsage of job (MB)
	40504  -  ResidentSetSize of job (KB)
...
006 (28203.009.000) 12/31 12:32:33 Image size of job updated: 40584
	40  -  MemoryUsage of job (MB)
	40584  -  ResidentSetSize of job (KB)
...
005 (28203.009.000) 12/31 12:39:04 Job terminated.
	(1) Normal termination (return value 0)
		Usr 0 02:22:54, Sys 0 00:00:04  -  Run Remote Usage
		Usr 0 00:00:00, Sys 0 00:00:00  -  Run Local Usage
		Usr 0 02:22:54, Sys 0 00:00:04  -  Total Remote Usage
		Usr 0 00:00:00, Sys 0 00:00:00  -  Total Local Usage
	0  -  Run Bytes Sent By Job
	0  -  Run Bytes Received By Job
	0  -  Total Bytes Sent By Job
	0  -  Total Bytes Received By Job
	Partitionable Resources :    Usage  Request Allocated 
	   Cpus                 :     0.97        1         1 
	   Disk (KB)            :     1           1    254050 
	   Memory (MB)          :    40           1      1005 
...
000 (28206.009.000) 12/31 14:09:35 Job submitted from host: <172.16.11.200:9618?addrs=172.16.11.200-9618&noUDP&sock=14877_46f2_4>
...
001 (28206.009.000) 12/31 14:13:36 Job executing on host: <172.16.11.231:9618?addrs=172.16.11.231-9618&noUDP&sock=startd_22895_f54e_4>
...
006 (28206.009.000) 12/31 14:13:44 Image size of job updated: 34836
	35  -  MemoryUsage of job (MB)
	34836  -  ResidentSetSize of job (KB)
...
006 (28206.009.000) 01/01 01:24:51 Image size of job updated: 35600
	35  -  MemoryUsage of job (MB)
	35600  -  ResidentSetSize of job (KB)
...
005 (28206.009.000) 01/01 10:53:35 Job terminated.
	(1) Normal termination (return value 0)
		Usr 0 20:09:25, Sys 0 00:00:46  -  Run Remote Usage
		Usr 0 00:00:00, Sys 0 00:00:00  -  Run Local Usage
		Usr 0 20:09:25, Sys 0 00:00:46  -  Total Remote Usage
		Usr 0 00:00:00, Sys 0 00:00:00  -  Total Local Usage
	0  -  Run Bytes Sent By Job
	0  -  Run Bytes Received By Job
	0  -  Total Bytes Sent By Job
	0  -  Total Bytes Received By Job
	Partitionable Resources :    Usage  Request Allocated 
	   Cpus                 :     0.96        1         1 
	   Disk (KB)            :     1           1    241059 
	   Memory (MB)          :    35           1      2008 
...
000 (28248.009.000) 01/05 15:45:55 Job submitted from host: <172.16.11.200:9618?addrs=172.16.11.200-9618&noUDP&sock=14877_46f2_4>
...
001 (28248.009.000) 01/05 16:12:21 Job executing on host: <172.16.11.231:9618?addrs=172.16.11.231-9618&noUDP&sock=startd_22895_f54e_4>
...
006 (28248.009.000) 01/05 16:12:30 Image size of job updated: 35168
	35  -  MemoryUsage of job (MB)
	35168  -  ResidentSetSize of job (KB)
...
005 (28248.009.000) 01/06 01:39:38 Job terminated.
	(1) Normal termination (return value 0)
		Usr 0 09:25:20, Sys 0 00:00:01  -  Run Remote Usage
		Usr 0 00:00:00, Sys 0 00:00:00  -  Run Local Usage
		Usr 0 09:25:20, Sys 0 00:00:01  -  Total Remote Usage
		Usr 0 00:00:00, Sys 0 00:00:00  -  Total Local Usage
	0  -  Run Bytes Sent By Job
	0  -  Run Bytes Received By Job
	0  -  Total Bytes Sent By Job
	0  -  Total Bytes Received By Job
	Partitionable Resources :    Usage  Request Allocated 
	   Cpus                 :     0.99        1         1 
	   Disk (KB)            :     1           1    241059 
	   Memory (MB)          :    35           1      2008 
...
000 (28271.009.000) 01/06 15:26:51 Job submitted from host: <172.16.11.200:9618?addrs=172.16.11.200-9618&noUDP&sock=14877_46f2_4>
...
009 (28271.009.000) 01/06 15:47:44 Job was aborted by the user.
	via condor_rm (by user zhangliang)
...
