000 (1673162.021.000) 12/23 13:43:08 Job submitted from host: <172.16.2.141:36601>
...
001 (1673162.021.000) 12/23 13:43:12 Job executing on host: <172.16.2.151:35010>
...
006 (1673162.021.000) 12/23 13:43:20 Image size of job updated: 256048
	29  -  MemoryUsage of job (MB)
	29440  -  ResidentSetSize of job (KB)
...
006 (1673162.021.000) 12/23 13:48:21 Image size of job updated: 256048
	32  -  MemoryUsage of job (MB)
	31808  -  ResidentSetSize of job (KB)
...
006 (1673162.021.000) 12/23 14:08:24 Image size of job updated: 256832
	32  -  MemoryUsage of job (MB)
	31832  -  ResidentSetSize of job (KB)
...
006 (1673162.021.000) 12/23 14:48:28 Image size of job updated: 256832
	32  -  MemoryUsage of job (MB)
	31848  -  ResidentSetSize of job (KB)
...
005 (1673162.021.000) 12/23 14:53:41 Job terminated.
	(1) Normal termination (return value 0)
		Usr 0 01:05:59, Sys 0 00:00:00  -  Run Remote Usage
		Usr 0 00:00:00, Sys 0 00:00:00  -  Run Local Usage
		Usr 0 01:05:59, Sys 0 00:00:00  -  Total Remote Usage
		Usr 0 00:00:00, Sys 0 00:00:00  -  Total Local Usage
	0  -  Run Bytes Sent By Job
	0  -  Run Bytes Received By Job
	0  -  Total Bytes Sent By Job
	0  -  Total Bytes Received By Job
	Partitionable Resources :    Usage  Request Allocated
	   Cpus                 :                 1         1
	   Disk (KB)            :        1        1   1084964
	   Memory (MB)          :       32        1     12107
...
000 (1673169.021.000) 12/23 21:09:13 Job submitted from host: <172.16.2.141:36601>
...
001 (1673169.021.000) 12/23 21:09:25 Job executing on host: <172.16.2.151:35010>
...
006 (1673169.021.000) 12/23 21:09:33 Image size of job updated: 1
	2  -  MemoryUsage of job (MB)
	2024  -  ResidentSetSize of job (KB)
...
006 (1673169.021.000) 12/23 21:14:33 Image size of job updated: 256012
	29  -  MemoryUsage of job (MB)
	29464  -  ResidentSetSize of job (KB)
...
006 (1673169.021.000) 12/23 21:19:34 Image size of job updated: 256012
	31  -  MemoryUsage of job (MB)
	31504  -  ResidentSetSize of job (KB)
...
006 (1673169.021.000) 12/23 21:29:35 Image size of job updated: 256840
	31  -  MemoryUsage of job (MB)
	31528  -  ResidentSetSize of job (KB)
...
006 (1673169.021.000) 12/23 21:34:36 Image size of job updated: 256840
	32  -  MemoryUsage of job (MB)
	32604  -  ResidentSetSize of job (KB)
...
005 (1673169.021.000) 12/23 22:07:03 Job terminated.
	(1) Normal termination (return value 0)
		Usr 0 00:57:08, Sys 0 00:00:00  -  Run Remote Usage
		Usr 0 00:00:00, Sys 0 00:00:00  -  Run Local Usage
		Usr 0 00:57:08, Sys 0 00:00:00  -  Total Remote Usage
		Usr 0 00:00:00, Sys 0 00:00:00  -  Total Local Usage
	0  -  Run Bytes Sent By Job
	0  -  Run Bytes Received By Job
	0  -  Total Bytes Sent By Job
	0  -  Total Bytes Received By Job
	Partitionable Resources :    Usage  Request Allocated
	   Cpus                 :                 1         1
	   Disk (KB)            :        1        1   1084978
	   Memory (MB)          :       32        1     12107
...
000 (1673171.021.000) 12/23 23:27:09 Job submitted from host: <172.16.2.141:36601>
...
001 (1673171.021.000) 12/23 23:27:25 Job executing on host: <172.16.2.151:35010>
...
006 (1673171.021.000) 12/23 23:27:34 Image size of job updated: 95680
	3  -  MemoryUsage of job (MB)
	2104  -  ResidentSetSize of job (KB)
...
006 (1673171.021.000) 12/23 23:32:34 Image size of job updated: 256020
	29  -  MemoryUsage of job (MB)
	29596  -  ResidentSetSize of job (KB)
...
006 (1673171.021.000) 12/23 23:47:36 Image size of job updated: 256848
	29  -  MemoryUsage of job (MB)
	29620  -  ResidentSetSize of job (KB)
...
006 (1673171.021.000) 12/24 00:27:40 Image size of job updated: 256848
	29  -  MemoryUsage of job (MB)
	29640  -  ResidentSetSize of job (KB)
...
005 (1673171.021.000) 12/24 03:02:13 Job terminated.
	(1) Normal termination (return value 0)
		Usr 0 03:32:30, Sys 0 00:00:00  -  Run Remote Usage
		Usr 0 00:00:00, Sys 0 00:00:00  -  Run Local Usage
		Usr 0 03:32:30, Sys 0 00:00:00  -  Total Remote Usage
		Usr 0 00:00:00, Sys 0 00:00:00  -  Total Local Usage
	0  -  Run Bytes Sent By Job
	0  -  Run Bytes Received By Job
	0  -  Total Bytes Sent By Job
	0  -  Total Bytes Received By Job
	Partitionable Resources :    Usage  Request Allocated
	   Cpus                 :                 1         1
	   Disk (KB)            :        1        1   1084975
	   Memory (MB)          :       29        1     12107
...
000 (1673183.021.000) 12/24 22:48:09 Job submitted from host: <172.16.2.141:36601>
...
001 (1673183.021.000) 12/24 22:48:28 Job executing on host: <172.16.2.141:56348>
...
006 (1673183.021.000) 12/24 22:48:37 Image size of job updated: 95656
	3  -  MemoryUsage of job (MB)
	2104  -  ResidentSetSize of job (KB)
...
006 (1673183.021.000) 12/24 22:53:38 Image size of job updated: 242148
	28  -  MemoryUsage of job (MB)
	28540  -  ResidentSetSize of job (KB)
...
006 (1673183.021.000) 12/24 23:08:40 Image size of job updated: 242980
	28  -  MemoryUsage of job (MB)
	28580  -  ResidentSetSize of job (KB)
...
006 (1673183.021.000) 12/24 23:13:40 Image size of job updated: 242980
	29  -  MemoryUsage of job (MB)
	29068  -  ResidentSetSize of job (KB)
...
006 (1673183.021.000) 12/24 23:28:42 Image size of job updated: 242980
	29  -  MemoryUsage of job (MB)
	29072  -  ResidentSetSize of job (KB)
...
006 (1673183.021.000) 12/24 23:43:43 Image size of job updated: 242980
	29  -  MemoryUsage of job (MB)
	29104  -  ResidentSetSize of job (KB)
...
005 (1673183.021.000) 12/25 02:15:30 Job terminated.
	(1) Normal termination (return value 0)
		Usr 0 03:26:20, Sys 0 00:00:00  -  Run Remote Usage
		Usr 0 00:00:00, Sys 0 00:00:00  -  Run Local Usage
		Usr 0 03:26:20, Sys 0 00:00:00  -  Total Remote Usage
		Usr 0 00:00:00, Sys 0 00:00:00  -  Total Local Usage
	0  -  Run Bytes Sent By Job
	0  -  Run Bytes Received By Job
	0  -  Total Bytes Sent By Job
	0  -  Total Bytes Received By Job
	Partitionable Resources :    Usage  Request Allocated
	   Cpus                 :                 1         1
	   Disk (KB)            :        1        1  18595965
	   Memory (MB)          :       29        1      2676
...
000 (1673184.021.000) 12/25 08:28:15 Job submitted from host: <172.16.2.141:36601>
...
001 (1673184.021.000) 12/25 08:28:19 Job executing on host: <172.16.2.141:56348>
...
006 (1673184.021.000) 12/25 08:28:28 Image size of job updated: 95656
	3  -  MemoryUsage of job (MB)
	2108  -  ResidentSetSize of job (KB)
...
006 (1673184.021.000) 12/25 08:33:29 Image size of job updated: 239416
	24  -  MemoryUsage of job (MB)
	24228  -  ResidentSetSize of job (KB)
...
006 (1673184.021.000) 12/25 08:48:30 Image size of job updated: 240248
	24  -  MemoryUsage of job (MB)
	24272  -  ResidentSetSize of job (KB)
...
006 (1673184.021.000) 12/25 09:08:31 Image size of job updated: 240248
	24  -  MemoryUsage of job (MB)
	24284  -  ResidentSetSize of job (KB)
...
006 (1673184.021.000) 12/25 09:25:07 Image size of job updated: 838124
	24  -  MemoryUsage of job (MB)
	24284  -  ResidentSetSize of job (KB)
...
005 (1673184.021.000) 12/25 09:25:07 Job terminated.
	(1) Normal termination (return value 139)
		Usr 0 00:56:05, Sys 0 00:00:00  -  Run Remote Usage
		Usr 0 00:00:00, Sys 0 00:00:00  -  Run Local Usage
		Usr 0 00:56:05, Sys 0 00:00:00  -  Total Remote Usage
		Usr 0 00:00:00, Sys 0 00:00:00  -  Total Local Usage
	0  -  Run Bytes Sent By Job
	0  -  Run Bytes Received By Job
	0  -  Total Bytes Sent By Job
	0  -  Total Bytes Received By Job
	Partitionable Resources :    Usage  Request Allocated
	   Cpus                 :                 1         1
	   Disk (KB)            :        1        1  18595860
	   Memory (MB)          :       24        1      2676
...
000 (1673186.021.000) 12/25 09:26:50 Job submitted from host: <172.16.2.141:36601>
...
001 (1673186.021.000) 12/25 09:27:00 Job executing on host: <172.16.2.141:56348>
...
006 (1673186.021.000) 12/25 09:27:09 Image size of job updated: 239412
	27  -  MemoryUsage of job (MB)
	26712  -  ResidentSetSize of job (KB)
...
006 (1673186.021.000) 12/25 09:32:10 Image size of job updated: 239412
	27  -  MemoryUsage of job (MB)
	26744  -  ResidentSetSize of job (KB)
...
006 (1673186.021.000) 12/25 09:47:12 Image size of job updated: 240244
	27  -  MemoryUsage of job (MB)
	26788  -  ResidentSetSize of job (KB)
...
006 (1673186.021.000) 12/25 10:07:13 Image size of job updated: 240244
	27  -  MemoryUsage of job (MB)
	26800  -  ResidentSetSize of job (KB)
...
005 (1673186.021.000) 12/25 10:23:33 Job terminated.
	(1) Normal termination (return value 139)
		Usr 0 00:56:25, Sys 0 00:00:00  -  Run Remote Usage
		Usr 0 00:00:00, Sys 0 00:00:00  -  Run Local Usage
		Usr 0 00:56:25, Sys 0 00:00:00  -  Total Remote Usage
		Usr 0 00:00:00, Sys 0 00:00:00  -  Total Local Usage
	0  -  Run Bytes Sent By Job
	0  -  Run Bytes Received By Job
	0  -  Total Bytes Sent By Job
	0  -  Total Bytes Received By Job
	Partitionable Resources :    Usage  Request Allocated
	   Cpus                 :                 1         1
	   Disk (KB)            :        1        1  18595807
	   Memory (MB)          :       27        1      2676
...
000 (1673187.021.000) 12/25 10:36:20 Job submitted from host: <172.16.2.141:36601>
...
001 (1673187.021.000) 12/25 10:36:21 Job executing on host: <172.16.2.151:35010>
...
006 (1673187.021.000) 12/25 10:36:30 Image size of job updated: 252812
	26  -  MemoryUsage of job (MB)
	25640  -  ResidentSetSize of job (KB)
...
006 (1673187.021.000) 12/25 10:41:30 Image size of job updated: 252812
	26  -  MemoryUsage of job (MB)
	25644  -  ResidentSetSize of job (KB)
...
006 (1673187.021.000) 12/25 10:56:31 Image size of job updated: 253724
	26  -  MemoryUsage of job (MB)
	25676  -  ResidentSetSize of job (KB)
...
006 (1673187.021.000) 12/25 11:16:33 Image size of job updated: 253724
	26  -  MemoryUsage of job (MB)
	25688  -  ResidentSetSize of job (KB)
...
005 (1673187.021.000) 12/25 11:34:52 Job terminated.
	(1) Normal termination (return value 139)
		Usr 0 00:58:24, Sys 0 00:00:00  -  Run Remote Usage
		Usr 0 00:00:00, Sys 0 00:00:00  -  Run Local Usage
		Usr 0 00:58:24, Sys 0 00:00:00  -  Total Remote Usage
		Usr 0 00:00:00, Sys 0 00:00:00  -  Total Local Usage
	0  -  Run Bytes Sent By Job
	0  -  Run Bytes Received By Job
	0  -  Total Bytes Sent By Job
	0  -  Total Bytes Received By Job
	Partitionable Resources :    Usage  Request Allocated
	   Cpus                 :                 1         1
	   Disk (KB)            :        1        1   1084931
	   Memory (MB)          :       26        1     12107
...
000 (1673188.021.000) 12/25 11:42:39 Job submitted from host: <172.16.2.141:36601>
...
001 (1673188.021.000) 12/25 11:42:43 Job executing on host: <172.16.2.151:35010>
...
006 (1673188.021.000) 12/25 11:42:47 Image size of job updated: 256568
	0  -  MemoryUsage of job (MB)
	0  -  ResidentSetSize of job (KB)
...
004 (1673188.021.000) 12/25 11:42:47 Job was evicted.
	(0) Job was not checkpointed.
		Usr 0 00:00:03, Sys 0 00:00:00  -  Run Remote Usage
		Usr 0 00:00:00, Sys 0 00:00:00  -  Run Local Usage
	0  -  Run Bytes Sent By Job
	0  -  Run Bytes Received By Job
	Partitionable Resources :    Usage  Request Allocated
	   Cpus                 :                 1         1
	   Disk (KB)            :        1        1   1084929
	   Memory (MB)          :        0        1     12107
...
009 (1673188.021.000) 12/25 11:42:47 Job was aborted by the user.
	via condor_rm (by user zhangliang)
...
000 (1673189.021.000) 12/25 11:44:21 Job submitted from host: <172.16.2.141:36601>
...
001 (1673189.021.000) 12/25 11:44:24 Job executing on host: <172.16.2.141:56348>
...
006 (1673189.021.000) 12/25 11:44:33 Image size of job updated: 95656
	3  -  MemoryUsage of job (MB)
	2104  -  ResidentSetSize of job (KB)
...
006 (1673189.021.000) 12/25 11:49:34 Image size of job updated: 242152
	30  -  MemoryUsage of job (MB)
	29900  -  ResidentSetSize of job (KB)
...
006 (1673189.021.000) 12/25 12:04:35 Image size of job updated: 242984
	30  -  MemoryUsage of job (MB)
	29936  -  ResidentSetSize of job (KB)
...
006 (1673189.021.000) 12/25 12:09:35 Image size of job updated: 242984
	31  -  MemoryUsage of job (MB)
	31004  -  ResidentSetSize of job (KB)
...
006 (1673189.021.000) 12/25 12:44:39 Image size of job updated: 242984
	31  -  MemoryUsage of job (MB)
	31056  -  ResidentSetSize of job (KB)
...
006 (1673189.021.000) 12/25 12:54:40 Image size of job updated: 242984
	31  -  MemoryUsage of job (MB)
	31060  -  ResidentSetSize of job (KB)
...
005 (1673189.021.000) 12/25 15:16:30 Job terminated.
	(1) Normal termination (return value 0)
		Usr 0 03:30:40, Sys 0 00:00:01  -  Run Remote Usage
		Usr 0 00:00:00, Sys 0 00:00:00  -  Run Local Usage
		Usr 0 03:30:40, Sys 0 00:00:01  -  Total Remote Usage
		Usr 0 00:00:00, Sys 0 00:00:00  -  Total Local Usage
	0  -  Run Bytes Sent By Job
	0  -  Run Bytes Received By Job
	0  -  Total Bytes Sent By Job
	0  -  Total Bytes Received By Job
	Partitionable Resources :    Usage  Request Allocated
	   Cpus                 :                 1         1
	   Disk (KB)            :        1        1  18595862
	   Memory (MB)          :       31        1      2676
...
000 (1673192.021.000) 12/26 00:07:14 Job submitted from host: <172.16.2.141:36601>
...
001 (1673192.021.000) 12/26 00:07:28 Job executing on host: <172.16.2.141:56348>
...
006 (1673192.021.000) 12/26 00:07:30 Image size of job updated: 136068
	0  -  MemoryUsage of job (MB)
	0  -  ResidentSetSize of job (KB)
...
004 (1673192.021.000) 12/26 00:07:30 Job was evicted.
	(0) Job was not checkpointed.
		Usr 0 00:00:00, Sys 0 00:00:00  -  Run Remote Usage
		Usr 0 00:00:00, Sys 0 00:00:00  -  Run Local Usage
	0  -  Run Bytes Sent By Job
	0  -  Run Bytes Received By Job
	Partitionable Resources :    Usage  Request Allocated
	   Cpus                 :                 1         1
	   Disk (KB)            :        1        1  18595732
	   Memory (MB)          :        0        1      2676
...
009 (1673192.021.000) 12/26 00:07:32 Job was aborted by the user.
	via condor_rm (by user zhangliang)
...
000 (1673193.021.000) 12/26 00:07:59 Job submitted from host: <172.16.2.141:36601>
...
001 (1673193.021.000) 12/26 00:08:02 Job executing on host: <172.16.2.141:56348>
...
006 (1673193.021.000) 12/26 00:08:11 Image size of job updated: 95656
	3  -  MemoryUsage of job (MB)
	2104  -  ResidentSetSize of job (KB)
...
006 (1673193.021.000) 12/26 00:13:11 Image size of job updated: 242160
	30  -  MemoryUsage of job (MB)
	30260  -  ResidentSetSize of job (KB)
...
006 (1673193.021.000) 12/26 00:28:12 Image size of job updated: 243028
	30  -  MemoryUsage of job (MB)
	30296  -  ResidentSetSize of job (KB)
...
006 (1673193.021.000) 12/26 00:48:15 Image size of job updated: 243028
	30  -  MemoryUsage of job (MB)
	30312  -  ResidentSetSize of job (KB)
...
006 (1673193.021.000) 12/26 01:08:17 Image size of job updated: 243028
	30  -  MemoryUsage of job (MB)
	30376  -  ResidentSetSize of job (KB)
...
006 (1673193.021.000) 12/26 01:13:17 Image size of job updated: 243028
	30  -  MemoryUsage of job (MB)
	30380  -  ResidentSetSize of job (KB)
...
