000 (1673162.015.000) 12/23 13:43:08 Job submitted from host: <172.16.2.141:36601>
...
001 (1673162.015.000) 12/23 13:43:12 Job executing on host: <172.16.2.151:35010>
...
006 (1673162.015.000) 12/23 13:43:20 Image size of job updated: 256056
	30  -  MemoryUsage of job (MB)
	29788  -  ResidentSetSize of job (KB)
...
006 (1673162.015.000) 12/23 13:48:21 Image size of job updated: 256056
	30  -  MemoryUsage of job (MB)
	29804  -  ResidentSetSize of job (KB)
...
006 (1673162.015.000) 12/23 14:03:22 Image size of job updated: 256840
	30  -  MemoryUsage of job (MB)
	29828  -  ResidentSetSize of job (KB)
...
006 (1673162.015.000) 12/23 14:43:28 Image size of job updated: 256840
	30  -  MemoryUsage of job (MB)
	29844  -  ResidentSetSize of job (KB)
...
005 (1673162.015.000) 12/23 14:49:37 Job terminated.
	(1) Normal termination (return value 0)
		Usr 0 01:06:12, Sys 0 00:00:00  -  Run Remote Usage
		Usr 0 00:00:00, Sys 0 00:00:00  -  Run Local Usage
		Usr 0 01:06:12, Sys 0 00:00:00  -  Total Remote Usage
		Usr 0 00:00:00, Sys 0 00:00:00  -  Total Local Usage
	0  -  Run Bytes Sent By Job
	0  -  Run Bytes Received By Job
	0  -  Total Bytes Sent By Job
	0  -  Total Bytes Received By Job
	Partitionable Resources :    Usage  Request Allocated
	   Cpus                 :                 1         1
	   Disk (KB)            :        1        1   1084964
	   Memory (MB)          :       30        1     12107
...
000 (1673169.015.000) 12/23 21:09:13 Job submitted from host: <172.16.2.141:36601>
...
001 (1673169.015.000) 12/23 21:09:25 Job executing on host: <172.16.2.151:35010>
...
006 (1673169.015.000) 12/23 21:09:33 Image size of job updated: 95680
	3  -  MemoryUsage of job (MB)
	2104  -  ResidentSetSize of job (KB)
...
006 (1673169.015.000) 12/23 21:14:33 Image size of job updated: 256020
	31  -  MemoryUsage of job (MB)
	31532  -  ResidentSetSize of job (KB)
...
006 (1673169.015.000) 12/23 21:29:35 Image size of job updated: 256848
	31  -  MemoryUsage of job (MB)
	31556  -  ResidentSetSize of job (KB)
...
006 (1673169.015.000) 12/23 21:34:36 Image size of job updated: 256848
	32  -  MemoryUsage of job (MB)
	32508  -  ResidentSetSize of job (KB)
...
005 (1673169.015.000) 12/23 22:06:59 Job terminated.
	(1) Normal termination (return value 0)
		Usr 0 00:57:28, Sys 0 00:00:00  -  Run Remote Usage
		Usr 0 00:00:00, Sys 0 00:00:00  -  Run Local Usage
		Usr 0 00:57:28, Sys 0 00:00:00  -  Total Remote Usage
		Usr 0 00:00:00, Sys 0 00:00:00  -  Total Local Usage
	0  -  Run Bytes Sent By Job
	0  -  Run Bytes Received By Job
	0  -  Total Bytes Sent By Job
	0  -  Total Bytes Received By Job
	Partitionable Resources :    Usage  Request Allocated
	   Cpus                 :                 1         1
	   Disk (KB)            :        1        1   1084978
	   Memory (MB)          :       32        1     12107
...
000 (1673171.015.000) 12/23 23:27:09 Job submitted from host: <172.16.2.141:36601>
...
001 (1673171.015.000) 12/23 23:27:25 Job executing on host: <172.16.2.151:35010>
...
006 (1673171.015.000) 12/23 23:27:34 Image size of job updated: 95680
	3  -  MemoryUsage of job (MB)
	2104  -  ResidentSetSize of job (KB)
...
006 (1673171.015.000) 12/23 23:32:34 Image size of job updated: 256020
	28  -  MemoryUsage of job (MB)
	28248  -  ResidentSetSize of job (KB)
...
006 (1673171.015.000) 12/23 23:37:34 Image size of job updated: 256020
	28  -  MemoryUsage of job (MB)
	28436  -  ResidentSetSize of job (KB)
...
006 (1673171.015.000) 12/23 23:47:36 Image size of job updated: 256848
	28  -  MemoryUsage of job (MB)
	28460  -  ResidentSetSize of job (KB)
...
006 (1673171.015.000) 12/24 00:27:39 Image size of job updated: 256848
	28  -  MemoryUsage of job (MB)
	28480  -  ResidentSetSize of job (KB)
...
005 (1673171.015.000) 12/24 03:04:12 Job terminated.
	(1) Normal termination (return value 0)
		Usr 0 03:32:53, Sys 0 00:00:00  -  Run Remote Usage
		Usr 0 00:00:00, Sys 0 00:00:00  -  Run Local Usage
		Usr 0 03:32:53, Sys 0 00:00:00  -  Total Remote Usage
		Usr 0 00:00:00, Sys 0 00:00:00  -  Total Local Usage
	0  -  Run Bytes Sent By Job
	0  -  Run Bytes Received By Job
	0  -  Total Bytes Sent By Job
	0  -  Total Bytes Received By Job
	Partitionable Resources :    Usage  Request Allocated
	   Cpus                 :                 1         1
	   Disk (KB)            :        1        1   1084975
	   Memory (MB)          :       28        1     12107
...
000 (1673183.015.000) 12/24 22:48:09 Job submitted from host: <172.16.2.141:36601>
...
001 (1673183.015.000) 12/24 22:48:28 Job executing on host: <172.16.2.141:56348>
...
006 (1673183.015.000) 12/24 22:48:37 Image size of job updated: 95656
	3  -  MemoryUsage of job (MB)
	2112  -  ResidentSetSize of job (KB)
...
006 (1673183.015.000) 12/24 22:53:38 Image size of job updated: 242148
	29  -  MemoryUsage of job (MB)
	28828  -  ResidentSetSize of job (KB)
...
006 (1673183.015.000) 12/24 23:08:40 Image size of job updated: 242980
	29  -  MemoryUsage of job (MB)
	28868  -  ResidentSetSize of job (KB)
...
006 (1673183.015.000) 12/24 23:28:42 Image size of job updated: 242980
	29  -  MemoryUsage of job (MB)
	28884  -  ResidentSetSize of job (KB)
...
006 (1673183.015.000) 12/24 23:48:43 Image size of job updated: 242980
	29  -  MemoryUsage of job (MB)
	28920  -  ResidentSetSize of job (KB)
...
005 (1673183.015.000) 12/25 02:17:34 Job terminated.
	(1) Normal termination (return value 0)
		Usr 0 03:27:59, Sys 0 00:00:03  -  Run Remote Usage
		Usr 0 00:00:00, Sys 0 00:00:00  -  Run Local Usage
		Usr 0 03:27:59, Sys 0 00:00:03  -  Total Remote Usage
		Usr 0 00:00:00, Sys 0 00:00:00  -  Total Local Usage
	0  -  Run Bytes Sent By Job
	0  -  Run Bytes Received By Job
	0  -  Total Bytes Sent By Job
	0  -  Total Bytes Received By Job
	Partitionable Resources :    Usage  Request Allocated
	   Cpus                 :                 1         1
	   Disk (KB)            :        1        1  18595965
	   Memory (MB)          :       29        1      2676
...
000 (1673184.015.000) 12/25 08:28:15 Job submitted from host: <172.16.2.141:36601>
...
001 (1673184.015.000) 12/25 08:28:19 Job executing on host: <172.16.2.141:56348>
...
006 (1673184.015.000) 12/25 08:28:28 Image size of job updated: 95656
	3  -  MemoryUsage of job (MB)
	2104  -  ResidentSetSize of job (KB)
...
006 (1673184.015.000) 12/25 08:33:29 Image size of job updated: 239412
	26  -  MemoryUsage of job (MB)
	25668  -  ResidentSetSize of job (KB)
...
006 (1673184.015.000) 12/25 08:48:30 Image size of job updated: 240244
	26  -  MemoryUsage of job (MB)
	25712  -  ResidentSetSize of job (KB)
...
006 (1673184.015.000) 12/25 09:08:31 Image size of job updated: 240244
	26  -  MemoryUsage of job (MB)
	25724  -  ResidentSetSize of job (KB)
...
005 (1673184.015.000) 12/25 09:24:51 Job terminated.
	(1) Normal termination (return value 139)
		Usr 0 00:56:09, Sys 0 00:00:04  -  Run Remote Usage
		Usr 0 00:00:00, Sys 0 00:00:00  -  Run Local Usage
		Usr 0 00:56:09, Sys 0 00:00:04  -  Total Remote Usage
		Usr 0 00:00:00, Sys 0 00:00:00  -  Total Local Usage
	0  -  Run Bytes Sent By Job
	0  -  Run Bytes Received By Job
	0  -  Total Bytes Sent By Job
	0  -  Total Bytes Received By Job
	Partitionable Resources :    Usage  Request Allocated
	   Cpus                 :                 1         1
	   Disk (KB)            :        1        1  18595860
	   Memory (MB)          :       26        1      2676
...
000 (1673186.015.000) 12/25 09:26:50 Job submitted from host: <172.16.2.141:36601>
...
001 (1673186.015.000) 12/25 09:27:01 Job executing on host: <172.16.2.141:56348>
...
006 (1673186.015.000) 12/25 09:27:10 Image size of job updated: 239412
	25  -  MemoryUsage of job (MB)
	25252  -  ResidentSetSize of job (KB)
...
006 (1673186.015.000) 12/25 09:32:11 Image size of job updated: 239412
	25  -  MemoryUsage of job (MB)
	25284  -  ResidentSetSize of job (KB)
...
006 (1673186.015.000) 12/25 09:47:13 Image size of job updated: 240244
	25  -  MemoryUsage of job (MB)
	25328  -  ResidentSetSize of job (KB)
...
006 (1673186.015.000) 12/25 10:07:14 Image size of job updated: 240244
	25  -  MemoryUsage of job (MB)
	25340  -  ResidentSetSize of job (KB)
...
005 (1673186.015.000) 12/25 10:23:45 Job terminated.
	(1) Normal termination (return value 139)
		Usr 0 00:56:28, Sys 0 00:00:00  -  Run Remote Usage
		Usr 0 00:00:00, Sys 0 00:00:00  -  Run Local Usage
		Usr 0 00:56:28, Sys 0 00:00:00  -  Total Remote Usage
		Usr 0 00:00:00, Sys 0 00:00:00  -  Total Local Usage
	0  -  Run Bytes Sent By Job
	0  -  Run Bytes Received By Job
	0  -  Total Bytes Sent By Job
	0  -  Total Bytes Received By Job
	Partitionable Resources :    Usage  Request Allocated
	   Cpus                 :                 1         1
	   Disk (KB)            :        1        1  18595807
	   Memory (MB)          :       25        1      2676
...
000 (1673187.015.000) 12/25 10:36:20 Job submitted from host: <172.16.2.141:36601>
...
001 (1673187.015.000) 12/25 10:36:22 Job executing on host: <172.16.2.141:56348>
...
006 (1673187.015.000) 12/25 10:36:31 Image size of job updated: 95656
	3  -  MemoryUsage of job (MB)
	2104  -  ResidentSetSize of job (KB)
...
006 (1673187.015.000) 12/25 10:41:31 Image size of job updated: 239416
	26  -  MemoryUsage of job (MB)
	26600  -  ResidentSetSize of job (KB)
...
006 (1673187.015.000) 12/25 10:56:33 Image size of job updated: 240248
	27  -  MemoryUsage of job (MB)
	26644  -  ResidentSetSize of job (KB)
...
006 (1673187.015.000) 12/25 11:16:34 Image size of job updated: 240248
	27  -  MemoryUsage of job (MB)
	26656  -  ResidentSetSize of job (KB)
...
006 (1673187.015.000) 12/25 11:32:40 Image size of job updated: 812956
	27  -  MemoryUsage of job (MB)
	26656  -  ResidentSetSize of job (KB)
...
005 (1673187.015.000) 12/25 11:32:40 Job terminated.
	(1) Normal termination (return value 139)
		Usr 0 00:56:11, Sys 0 00:00:00  -  Run Remote Usage
		Usr 0 00:00:00, Sys 0 00:00:00  -  Run Local Usage
		Usr 0 00:56:11, Sys 0 00:00:00  -  Total Remote Usage
		Usr 0 00:00:00, Sys 0 00:00:00  -  Total Local Usage
	0  -  Run Bytes Sent By Job
	0  -  Run Bytes Received By Job
	0  -  Total Bytes Sent By Job
	0  -  Total Bytes Received By Job
	Partitionable Resources :    Usage  Request Allocated
	   Cpus                 :                 1         1
	   Disk (KB)            :        1        1  18595803
	   Memory (MB)          :       27        1      2676
...
000 (1673188.015.000) 12/25 11:42:39 Job submitted from host: <172.16.2.141:36601>
...
001 (1673188.015.000) 12/25 11:42:44 Job executing on host: <172.16.2.141:56348>
...
006 (1673188.015.000) 12/25 11:42:47 Image size of job updated: 242152
	0  -  MemoryUsage of job (MB)
	0  -  ResidentSetSize of job (KB)
...
004 (1673188.015.000) 12/25 11:42:48 Job was evicted.
	(0) Job was not checkpointed.
		Usr 0 00:00:02, Sys 0 00:00:00  -  Run Remote Usage
		Usr 0 00:00:00, Sys 0 00:00:00  -  Run Local Usage
	0  -  Run Bytes Sent By Job
	0  -  Run Bytes Received By Job
	Partitionable Resources :    Usage  Request Allocated
	   Cpus                 :                 1         1
	   Disk (KB)            :        1        1  18595856
	   Memory (MB)          :        0        1      2676
...
009 (1673188.015.000) 12/25 11:42:48 Job was aborted by the user.
	via condor_rm (by user zhangliang)
...
000 (1673189.015.000) 12/25 11:44:21 Job submitted from host: <172.16.2.141:36601>
...
001 (1673189.015.000) 12/25 11:44:24 Job executing on host: <172.16.2.141:56348>
...
006 (1673189.015.000) 12/25 11:44:33 Image size of job updated: 1
	2  -  MemoryUsage of job (MB)
	2028  -  ResidentSetSize of job (KB)
...
006 (1673189.015.000) 12/25 11:49:34 Image size of job updated: 242152
	29  -  MemoryUsage of job (MB)
	28820  -  ResidentSetSize of job (KB)
...
006 (1673189.015.000) 12/25 12:04:35 Image size of job updated: 242984
	29  -  MemoryUsage of job (MB)
	28856  -  ResidentSetSize of job (KB)
...
006 (1673189.015.000) 12/25 12:24:37 Image size of job updated: 242984
	29  -  MemoryUsage of job (MB)
	28872  -  ResidentSetSize of job (KB)
...
006 (1673189.015.000) 12/25 12:44:39 Image size of job updated: 242984
	29  -  MemoryUsage of job (MB)
	28936  -  ResidentSetSize of job (KB)
...
005 (1673189.015.000) 12/25 15:14:59 Job terminated.
	(1) Normal termination (return value 0)
		Usr 0 03:29:52, Sys 0 00:00:00  -  Run Remote Usage
		Usr 0 00:00:00, Sys 0 00:00:00  -  Run Local Usage
		Usr 0 03:29:52, Sys 0 00:00:00  -  Total Remote Usage
		Usr 0 00:00:00, Sys 0 00:00:00  -  Total Local Usage
	0  -  Run Bytes Sent By Job
	0  -  Run Bytes Received By Job
	0  -  Total Bytes Sent By Job
	0  -  Total Bytes Received By Job
	Partitionable Resources :    Usage  Request Allocated
	   Cpus                 :                 1         1
	   Disk (KB)            :        1        1  18595865
	   Memory (MB)          :       29        1      2676
...
000 (1673192.015.000) 12/26 00:07:14 Job submitted from host: <172.16.2.141:36601>
...
001 (1673192.015.000) 12/26 00:07:28 Job executing on host: <172.16.2.141:56348>
...
006 (1673192.015.000) 12/26 00:07:30 Image size of job updated: 136064
	0  -  MemoryUsage of job (MB)
	0  -  ResidentSetSize of job (KB)
...
004 (1673192.015.000) 12/26 00:07:30 Job was evicted.
	(0) Job was not checkpointed.
		Usr 0 00:00:00, Sys 0 00:00:00  -  Run Remote Usage
		Usr 0 00:00:00, Sys 0 00:00:00  -  Run Local Usage
	0  -  Run Bytes Sent By Job
	0  -  Run Bytes Received By Job
	Partitionable Resources :    Usage  Request Allocated
	   Cpus                 :                 1         1
	   Disk (KB)            :        1        1  18595732
	   Memory (MB)          :        0        1      2676
...
009 (1673192.015.000) 12/26 00:07:32 Job was aborted by the user.
	via condor_rm (by user zhangliang)
...
000 (1673193.015.000) 12/26 00:07:59 Job submitted from host: <172.16.2.141:36601>
...
001 (1673193.015.000) 12/26 00:08:02 Job executing on host: <172.16.2.141:56348>
...
006 (1673193.015.000) 12/26 00:08:11 Image size of job updated: 95656
	3  -  MemoryUsage of job (MB)
	2104  -  ResidentSetSize of job (KB)
...
006 (1673193.015.000) 12/26 00:13:11 Image size of job updated: 242156
	30  -  MemoryUsage of job (MB)
	29972  -  ResidentSetSize of job (KB)
...
006 (1673193.015.000) 12/26 00:28:12 Image size of job updated: 243024
	30  -  MemoryUsage of job (MB)
	30008  -  ResidentSetSize of job (KB)
...
006 (1673193.015.000) 12/26 00:48:15 Image size of job updated: 243024
	30  -  MemoryUsage of job (MB)
	30024  -  ResidentSetSize of job (KB)
...
006 (1673193.015.000) 12/26 01:08:17 Image size of job updated: 243024
	30  -  MemoryUsage of job (MB)
	30088  -  ResidentSetSize of job (KB)
...
006 (1673193.015.000) 12/26 01:13:17 Image size of job updated: 243024
	30  -  MemoryUsage of job (MB)
	30092  -  ResidentSetSize of job (KB)
...
