000 (1673162.049.000) 12/23 13:43:08 Job submitted from host: <172.16.2.141:36601>
...
001 (1673162.049.000) 12/23 13:43:11 Job executing on host: <172.16.2.141:56348>
...
006 (1673162.049.000) 12/23 13:43:20 Image size of job updated: 1
	2  -  MemoryUsage of job (MB)
	2032  -  ResidentSetSize of job (KB)
...
006 (1673162.049.000) 12/23 13:48:20 Image size of job updated: 241596
	27  -  MemoryUsage of job (MB)
	26968  -  ResidentSetSize of job (KB)
...
006 (1673162.049.000) 12/23 14:03:21 Image size of job updated: 242376
	27  -  MemoryUsage of job (MB)
	26992  -  ResidentSetSize of job (KB)
...
006 (1673162.049.000) 12/23 14:38:23 Image size of job updated: 242376
	27  -  MemoryUsage of job (MB)
	27004  -  ResidentSetSize of job (KB)
...
005 (1673162.049.000) 12/23 14:41:19 Job terminated.
	(1) Normal termination (return value 0)
		Usr 0 00:58:06, Sys 0 00:00:00  -  Run Remote Usage
		Usr 0 00:00:00, Sys 0 00:00:00  -  Run Local Usage
		Usr 0 00:58:06, Sys 0 00:00:00  -  Total Remote Usage
		Usr 0 00:00:00, Sys 0 00:00:00  -  Total Local Usage
	0  -  Run Bytes Sent By Job
	0  -  Run Bytes Received By Job
	0  -  Total Bytes Sent By Job
	0  -  Total Bytes Received By Job
	Partitionable Resources :    Usage  Request Allocated
	   Cpus                 :                 1         1
	   Disk (KB)            :        1        1  18596145
	   Memory (MB)          :       27        1      2676
...
000 (1673169.049.000) 12/23 21:09:13 Job submitted from host: <172.16.2.141:36601>
...
001 (1673169.049.000) 12/23 21:09:24 Job executing on host: <172.16.2.141:56348>
...
006 (1673169.049.000) 12/23 21:09:33 Image size of job updated: 95656
	3  -  MemoryUsage of job (MB)
	2108  -  ResidentSetSize of job (KB)
...
006 (1673169.049.000) 12/23 21:14:34 Image size of job updated: 241556
	27  -  MemoryUsage of job (MB)
	26972  -  ResidentSetSize of job (KB)
...
006 (1673169.049.000) 12/23 21:24:34 Image size of job updated: 242384
	27  -  MemoryUsage of job (MB)
	26996  -  ResidentSetSize of job (KB)
...
005 (1673169.049.000) 12/23 21:59:05 Job terminated.
	(1) Normal termination (return value 0)
		Usr 0 00:49:32, Sys 0 00:00:00  -  Run Remote Usage
		Usr 0 00:00:00, Sys 0 00:00:00  -  Run Local Usage
		Usr 0 00:49:32, Sys 0 00:00:00  -  Total Remote Usage
		Usr 0 00:00:00, Sys 0 00:00:00  -  Total Local Usage
	0  -  Run Bytes Sent By Job
	0  -  Run Bytes Received By Job
	0  -  Total Bytes Sent By Job
	0  -  Total Bytes Received By Job
	Partitionable Resources :    Usage  Request Allocated
	   Cpus                 :                 1         1
	   Disk (KB)            :        1        1  18596152
	   Memory (MB)          :       27        1      2676
...
000 (1673171.049.000) 12/23 23:27:09 Job submitted from host: <172.16.2.141:36601>
...
001 (1673171.049.000) 12/23 23:27:25 Job executing on host: <172.16.2.141:56348>
...
006 (1673171.049.000) 12/23 23:27:34 Image size of job updated: 241560
	30  -  MemoryUsage of job (MB)
	29768  -  ResidentSetSize of job (KB)
...
006 (1673171.049.000) 12/23 23:32:35 Image size of job updated: 241560
	30  -  MemoryUsage of job (MB)
	29796  -  ResidentSetSize of job (KB)
...
006 (1673171.049.000) 12/23 23:47:36 Image size of job updated: 242388
	30  -  MemoryUsage of job (MB)
	29820  -  ResidentSetSize of job (KB)
...
006 (1673171.049.000) 12/24 00:22:40 Image size of job updated: 242388
	30  -  MemoryUsage of job (MB)
	29840  -  ResidentSetSize of job (KB)
...
005 (1673171.049.000) 12/24 02:25:14 Job terminated.
	(1) Normal termination (return value 0)
		Usr 0 02:57:31, Sys 0 00:00:04  -  Run Remote Usage
		Usr 0 00:00:00, Sys 0 00:00:00  -  Run Local Usage
		Usr 0 02:57:31, Sys 0 00:00:04  -  Total Remote Usage
		Usr 0 00:00:00, Sys 0 00:00:00  -  Total Local Usage
	0  -  Run Bytes Sent By Job
	0  -  Run Bytes Received By Job
	0  -  Total Bytes Sent By Job
	0  -  Total Bytes Received By Job
	Partitionable Resources :    Usage  Request Allocated
	   Cpus                 :                 1         1
	   Disk (KB)            :        1        1  18596092
	   Memory (MB)          :       30        1      2676
...
000 (1673183.049.000) 12/24 22:48:09 Job submitted from host: <172.16.2.141:36601>
...
001 (1673183.049.000) 12/24 22:48:28 Job executing on host: <172.16.2.151:35010>
...
006 (1673183.049.000) 12/24 22:48:36 Image size of job updated: 1
	2  -  MemoryUsage of job (MB)
	2024  -  ResidentSetSize of job (KB)
...
006 (1673183.049.000) 12/24 22:53:36 Image size of job updated: 256564
	30  -  MemoryUsage of job (MB)
	30140  -  ResidentSetSize of job (KB)
...
006 (1673183.049.000) 12/24 23:08:38 Image size of job updated: 257436
	30  -  MemoryUsage of job (MB)
	30180  -  ResidentSetSize of job (KB)
...
006 (1673183.049.000) 12/24 23:23:40 Image size of job updated: 257436
	30  -  MemoryUsage of job (MB)
	30192  -  ResidentSetSize of job (KB)
...
006 (1673183.049.000) 12/24 23:43:42 Image size of job updated: 257436
	30  -  MemoryUsage of job (MB)
	30232  -  ResidentSetSize of job (KB)
...
006 (1673183.049.000) 12/24 23:58:43 Image size of job updated: 257436
	31  -  MemoryUsage of job (MB)
	31064  -  ResidentSetSize of job (KB)
...
005 (1673183.049.000) 12/25 01:59:17 Job terminated.
	(1) Normal termination (return value 0)
		Usr 0 03:10:25, Sys 0 00:00:00  -  Run Remote Usage
		Usr 0 00:00:00, Sys 0 00:00:00  -  Run Local Usage
		Usr 0 03:10:25, Sys 0 00:00:00  -  Total Remote Usage
		Usr 0 00:00:00, Sys 0 00:00:00  -  Total Local Usage
	0  -  Run Bytes Sent By Job
	0  -  Run Bytes Received By Job
	0  -  Total Bytes Sent By Job
	0  -  Total Bytes Received By Job
	Partitionable Resources :    Usage  Request Allocated
	   Cpus                 :                 1         1
	   Disk (KB)            :        1        1   1084986
	   Memory (MB)          :       31        1     12107
...
000 (1673184.049.000) 12/25 08:28:15 Job submitted from host: <172.16.2.141:36601>
...
001 (1673184.049.000) 12/25 08:28:27 Job executing on host: <172.16.2.151:35010>
...
006 (1673184.049.000) 12/25 08:28:35 Image size of job updated: 252808
	27  -  MemoryUsage of job (MB)
	26760  -  ResidentSetSize of job (KB)
...
006 (1673184.049.000) 12/25 08:33:36 Image size of job updated: 252808
	27  -  MemoryUsage of job (MB)
	26764  -  ResidentSetSize of job (KB)
...
006 (1673184.049.000) 12/25 08:48:37 Image size of job updated: 253720
	27  -  MemoryUsage of job (MB)
	26796  -  ResidentSetSize of job (KB)
...
006 (1673184.049.000) 12/25 09:08:39 Image size of job updated: 253720
	27  -  MemoryUsage of job (MB)
	26808  -  ResidentSetSize of job (KB)
...
005 (1673184.049.000) 12/25 09:22:33 Job terminated.
	(1) Normal termination (return value 139)
		Usr 0 00:53:57, Sys 0 00:00:00  -  Run Remote Usage
		Usr 0 00:00:00, Sys 0 00:00:00  -  Run Local Usage
		Usr 0 00:53:57, Sys 0 00:00:00  -  Total Remote Usage
		Usr 0 00:00:00, Sys 0 00:00:00  -  Total Local Usage
	0  -  Run Bytes Sent By Job
	0  -  Run Bytes Received By Job
	0  -  Total Bytes Sent By Job
	0  -  Total Bytes Received By Job
	Partitionable Resources :    Usage  Request Allocated
	   Cpus                 :                 1         1
	   Disk (KB)            :        1        1   1084951
	   Memory (MB)          :       27        1     12107
...
000 (1673186.049.000) 12/25 09:26:50 Job submitted from host: <172.16.2.141:36601>
...
001 (1673186.049.000) 12/25 10:23:36 Job executing on host: <172.16.2.141:56348>
...
006 (1673186.049.000) 12/25 10:23:45 Image size of job updated: 239412
	26  -  MemoryUsage of job (MB)
	26596  -  ResidentSetSize of job (KB)
...
006 (1673186.049.000) 12/25 10:28:46 Image size of job updated: 239412
	26  -  MemoryUsage of job (MB)
	26600  -  ResidentSetSize of job (KB)
...
004 (1673186.049.000) 12/25 10:36:12 Job was evicted.
	(0) Job was not checkpointed.
		Usr 0 00:12:36, Sys 0 00:00:00  -  Run Remote Usage
		Usr 0 00:00:00, Sys 0 00:00:00  -  Run Local Usage
	0  -  Run Bytes Sent By Job
	0  -  Run Bytes Received By Job
	Partitionable Resources :    Usage  Request Allocated
	   Cpus                 :                 1         1
	   Disk (KB)            :        1        1  18595807
	   Memory (MB)          :       26        1      2676
...
009 (1673186.049.000) 12/25 10:36:13 Job was aborted by the user.
	via condor_rm (by user zhangliang)
...
000 (1673187.049.000) 12/25 10:36:20 Job submitted from host: <172.16.2.141:36601>
...
001 (1673187.049.000) 12/25 11:32:56 Job executing on host: <172.16.2.141:56348>
...
006 (1673187.049.000) 12/25 11:33:04 Image size of job updated: 239420
	26  -  MemoryUsage of job (MB)
	26604  -  ResidentSetSize of job (KB)
...
006 (1673187.049.000) 12/25 11:38:04 Image size of job updated: 239420
	27  -  MemoryUsage of job (MB)
	26632  -  ResidentSetSize of job (KB)
...
004 (1673187.049.000) 12/25 11:42:35 Job was evicted.
	(0) Job was not checkpointed.
		Usr 0 00:09:38, Sys 0 00:00:00  -  Run Remote Usage
		Usr 0 00:00:00, Sys 0 00:00:00  -  Run Local Usage
	0  -  Run Bytes Sent By Job
	0  -  Run Bytes Received By Job
	Partitionable Resources :    Usage  Request Allocated
	   Cpus                 :                 1         1
	   Disk (KB)            :        1        1  18595807
	   Memory (MB)          :       27        1      2676
...
009 (1673187.049.000) 12/25 11:42:35 Job was aborted by the user.
	via condor_rm (by user zhangliang)
...
000 (1673188.049.000) 12/25 11:42:39 Job submitted from host: <172.16.2.141:36601>
...
009 (1673188.049.000) 12/25 11:42:47 Job was aborted by the user.
	via condor_rm (by user zhangliang)
...
000 (1673189.049.000) 12/25 11:44:21 Job submitted from host: <172.16.2.141:36601>
...
001 (1673189.049.000) 12/25 15:15:30 Job executing on host: <172.16.2.141:56348>
...
006 (1673189.049.000) 12/25 15:15:38 Image size of job updated: 242152
	29  -  MemoryUsage of job (MB)
	28760  -  ResidentSetSize of job (KB)
...
006 (1673189.049.000) 12/25 15:20:38 Image size of job updated: 242152
	29  -  MemoryUsage of job (MB)
	28792  -  ResidentSetSize of job (KB)
...
006 (1673189.049.000) 12/25 15:30:40 Image size of job updated: 242984
	29  -  MemoryUsage of job (MB)
	28828  -  ResidentSetSize of job (KB)
...
006 (1673189.049.000) 12/25 15:45:41 Image size of job updated: 242984
	29  -  MemoryUsage of job (MB)
	28844  -  ResidentSetSize of job (KB)
...
006 (1673189.049.000) 12/25 16:00:43 Image size of job updated: 242984
	29  -  MemoryUsage of job (MB)
	28904  -  ResidentSetSize of job (KB)
...
006 (1673189.049.000) 12/25 16:05:44 Image size of job updated: 242984
	29  -  MemoryUsage of job (MB)
	28908  -  ResidentSetSize of job (KB)
...
005 (1673189.049.000) 12/25 17:43:38 Job terminated.
	(1) Normal termination (return value 0)
		Usr 0 02:28:04, Sys 0 00:00:00  -  Run Remote Usage
		Usr 0 00:00:00, Sys 0 00:00:00  -  Run Local Usage
		Usr 0 02:28:04, Sys 0 00:00:00  -  Total Remote Usage
		Usr 0 00:00:00, Sys 0 00:00:00  -  Total Local Usage
	0  -  Run Bytes Sent By Job
	0  -  Run Bytes Received By Job
	0  -  Total Bytes Sent By Job
	0  -  Total Bytes Received By Job
	Partitionable Resources :    Usage  Request Allocated
	   Cpus                 :                 1         1
	   Disk (KB)            :        1        1  18595865
	   Memory (MB)          :       29        1      2676
...
000 (1673192.049.000) 12/26 00:07:14 Job submitted from host: <172.16.2.141:36601>
...
001 (1673192.049.000) 12/26 00:07:29 Job executing on host: <172.16.2.151:35010>
...
006 (1673192.049.000) 12/26 00:07:30 Image size of job updated: 150480
	0  -  MemoryUsage of job (MB)
	0  -  ResidentSetSize of job (KB)
...
004 (1673192.049.000) 12/26 00:07:31 Job was evicted.
	(0) Job was not checkpointed.
		Usr 0 00:00:01, Sys 0 00:00:00  -  Run Remote Usage
		Usr 0 00:00:00, Sys 0 00:00:00  -  Run Local Usage
	0  -  Run Bytes Sent By Job
	0  -  Run Bytes Received By Job
	Partitionable Resources :    Usage  Request Allocated
	   Cpus                 :                 1         1
	   Disk (KB)            :        1        1   1085019
	   Memory (MB)          :        0        1     12107
...
009 (1673192.049.000) 12/26 00:07:32 Job was aborted by the user.
	via condor_rm (by user zhangliang)
...
000 (1673193.049.000) 12/26 00:07:59 Job submitted from host: <172.16.2.141:36601>
...
001 (1673193.049.000) 12/26 00:08:03 Job executing on host: <172.16.2.151:35010>
...
006 (1673193.049.000) 12/26 00:08:12 Image size of job updated: 95680
	3  -  MemoryUsage of job (MB)
	2108  -  ResidentSetSize of job (KB)
...
006 (1673193.049.000) 12/26 00:13:12 Image size of job updated: 256572
	29  -  MemoryUsage of job (MB)
	29048  -  ResidentSetSize of job (KB)
...
006 (1673193.049.000) 12/26 00:18:13 Image size of job updated: 256572
	29  -  MemoryUsage of job (MB)
	29380  -  ResidentSetSize of job (KB)
...
006 (1673193.049.000) 12/26 00:28:13 Image size of job updated: 257484
	29  -  MemoryUsage of job (MB)
	29412  -  ResidentSetSize of job (KB)
...
006 (1673193.049.000) 12/26 00:48:15 Image size of job updated: 257484
	29  -  MemoryUsage of job (MB)
	29428  -  ResidentSetSize of job (KB)
...
006 (1673193.049.000) 12/26 01:08:18 Image size of job updated: 257484
	29  -  MemoryUsage of job (MB)
	29488  -  ResidentSetSize of job (KB)
...
006 (1673193.049.000) 12/26 01:13:19 Image size of job updated: 257484
	29  -  MemoryUsage of job (MB)
	29492  -  ResidentSetSize of job (KB)
...
