000 (1673162.045.000) 12/23 13:43:08 Job submitted from host: <172.16.2.141:36601>
...
001 (1673162.045.000) 12/23 13:43:11 Job executing on host: <172.16.2.141:56348>
...
006 (1673162.045.000) 12/23 13:43:20 Image size of job updated: 95656
	3  -  MemoryUsage of job (MB)
	2104  -  ResidentSetSize of job (KB)
...
006 (1673162.045.000) 12/23 13:48:20 Image size of job updated: 241600
	27  -  MemoryUsage of job (MB)
	26968  -  ResidentSetSize of job (KB)
...
006 (1673162.045.000) 12/23 14:03:22 Image size of job updated: 242380
	27  -  MemoryUsage of job (MB)
	26992  -  ResidentSetSize of job (KB)
...
006 (1673162.045.000) 12/23 14:38:26 Image size of job updated: 242380
	27  -  MemoryUsage of job (MB)
	27004  -  ResidentSetSize of job (KB)
...
005 (1673162.045.000) 12/23 14:42:58 Job terminated.
	(1) Normal termination (return value 0)
		Usr 0 00:59:44, Sys 0 00:00:00  -  Run Remote Usage
		Usr 0 00:00:00, Sys 0 00:00:00  -  Run Local Usage
		Usr 0 00:59:44, Sys 0 00:00:00  -  Total Remote Usage
		Usr 0 00:00:00, Sys 0 00:00:00  -  Total Local Usage
	0  -  Run Bytes Sent By Job
	0  -  Run Bytes Received By Job
	0  -  Total Bytes Sent By Job
	0  -  Total Bytes Received By Job
	Partitionable Resources :    Usage  Request Allocated
	   Cpus                 :                 1         1
	   Disk (KB)            :        1        1  18596145
	   Memory (MB)          :       27        1      2676
...
000 (1673169.045.000) 12/23 21:09:13 Job submitted from host: <172.16.2.141:36601>
...
001 (1673169.045.000) 12/23 21:09:24 Job executing on host: <172.16.2.141:56348>
...
006 (1673169.045.000) 12/23 21:09:33 Image size of job updated: 1
	2  -  MemoryUsage of job (MB)
	2028  -  ResidentSetSize of job (KB)
...
006 (1673169.045.000) 12/23 21:14:34 Image size of job updated: 241560
	27  -  MemoryUsage of job (MB)
	26976  -  ResidentSetSize of job (KB)
...
006 (1673169.045.000) 12/23 21:29:35 Image size of job updated: 242388
	27  -  MemoryUsage of job (MB)
	27000  -  ResidentSetSize of job (KB)
...
005 (1673169.045.000) 12/23 21:55:32 Job terminated.
	(1) Normal termination (return value 0)
		Usr 0 00:45:59, Sys 0 00:00:00  -  Run Remote Usage
		Usr 0 00:00:00, Sys 0 00:00:00  -  Run Local Usage
		Usr 0 00:45:59, Sys 0 00:00:00  -  Total Remote Usage
		Usr 0 00:00:00, Sys 0 00:00:00  -  Total Local Usage
	0  -  Run Bytes Sent By Job
	0  -  Run Bytes Received By Job
	0  -  Total Bytes Sent By Job
	0  -  Total Bytes Received By Job
	Partitionable Resources :    Usage  Request Allocated
	   Cpus                 :                 1         1
	   Disk (KB)            :        1        1  18596152
	   Memory (MB)          :       27        1      2676
...
000 (1673171.045.000) 12/23 23:27:09 Job submitted from host: <172.16.2.141:36601>
...
001 (1673171.045.000) 12/23 23:27:25 Job executing on host: <172.16.2.141:56348>
...
006 (1673171.045.000) 12/23 23:27:34 Image size of job updated: 241552
	29  -  MemoryUsage of job (MB)
	29332  -  ResidentSetSize of job (KB)
...
006 (1673171.045.000) 12/23 23:32:35 Image size of job updated: 241552
	29  -  MemoryUsage of job (MB)
	29336  -  ResidentSetSize of job (KB)
...
006 (1673171.045.000) 12/23 23:47:36 Image size of job updated: 242380
	29  -  MemoryUsage of job (MB)
	29360  -  ResidentSetSize of job (KB)
...
006 (1673171.045.000) 12/24 00:22:40 Image size of job updated: 242380
	29  -  MemoryUsage of job (MB)
	29380  -  ResidentSetSize of job (KB)
...
006 (1673171.045.000) 12/24 02:07:50 Image size of job updated: 242380
	29  -  MemoryUsage of job (MB)
	29384  -  ResidentSetSize of job (KB)
...
005 (1673171.045.000) 12/24 02:27:45 Job terminated.
	(1) Normal termination (return value 0)
		Usr 0 03:00:15, Sys 0 00:00:00  -  Run Remote Usage
		Usr 0 00:00:00, Sys 0 00:00:00  -  Run Local Usage
		Usr 0 03:00:15, Sys 0 00:00:00  -  Total Remote Usage
		Usr 0 00:00:00, Sys 0 00:00:00  -  Total Local Usage
	0  -  Run Bytes Sent By Job
	0  -  Run Bytes Received By Job
	0  -  Total Bytes Sent By Job
	0  -  Total Bytes Received By Job
	Partitionable Resources :    Usage  Request Allocated
	   Cpus                 :                 1         1
	   Disk (KB)            :        1        1  18596092
	   Memory (MB)          :       29        1      2676
...
000 (1673183.045.000) 12/24 22:48:09 Job submitted from host: <172.16.2.141:36601>
...
001 (1673183.045.000) 12/24 22:48:28 Job executing on host: <172.16.2.151:35010>
...
006 (1673183.045.000) 12/24 22:48:36 Image size of job updated: 95680
	3  -  MemoryUsage of job (MB)
	2100  -  ResidentSetSize of job (KB)
...
006 (1673183.045.000) 12/24 22:53:36 Image size of job updated: 256564
	30  -  MemoryUsage of job (MB)
	30496  -  ResidentSetSize of job (KB)
...
006 (1673183.045.000) 12/24 23:08:38 Image size of job updated: 257436
	30  -  MemoryUsage of job (MB)
	30536  -  ResidentSetSize of job (KB)
...
006 (1673183.045.000) 12/24 23:23:40 Image size of job updated: 257436
	30  -  MemoryUsage of job (MB)
	30548  -  ResidentSetSize of job (KB)
...
006 (1673183.045.000) 12/24 23:43:42 Image size of job updated: 257436
	30  -  MemoryUsage of job (MB)
	30588  -  ResidentSetSize of job (KB)
...
005 (1673183.045.000) 12/25 01:56:56 Job terminated.
	(1) Normal termination (return value 0)
		Usr 0 03:08:10, Sys 0 00:00:00  -  Run Remote Usage
		Usr 0 00:00:00, Sys 0 00:00:00  -  Run Local Usage
		Usr 0 03:08:10, Sys 0 00:00:00  -  Total Remote Usage
		Usr 0 00:00:00, Sys 0 00:00:00  -  Total Local Usage
	0  -  Run Bytes Sent By Job
	0  -  Run Bytes Received By Job
	0  -  Total Bytes Sent By Job
	0  -  Total Bytes Received By Job
	Partitionable Resources :    Usage  Request Allocated
	   Cpus                 :                 1         1
	   Disk (KB)            :        1        1   1084986
	   Memory (MB)          :       30        1     12107
...
000 (1673184.045.000) 12/25 08:28:15 Job submitted from host: <172.16.2.141:36601>
...
001 (1673184.045.000) 12/25 08:28:27 Job executing on host: <172.16.2.151:35010>
...
006 (1673184.045.000) 12/25 08:28:35 Image size of job updated: 252808
	27  -  MemoryUsage of job (MB)
	26956  -  ResidentSetSize of job (KB)
...
006 (1673184.045.000) 12/25 08:33:36 Image size of job updated: 252808
	27  -  MemoryUsage of job (MB)
	26960  -  ResidentSetSize of job (KB)
...
006 (1673184.045.000) 12/25 08:48:37 Image size of job updated: 253720
	27  -  MemoryUsage of job (MB)
	26992  -  ResidentSetSize of job (KB)
...
006 (1673184.045.000) 12/25 09:08:39 Image size of job updated: 253720
	27  -  MemoryUsage of job (MB)
	27004  -  ResidentSetSize of job (KB)
...
005 (1673184.045.000) 12/25 09:24:08 Job terminated.
	(1) Normal termination (return value 139)
		Usr 0 00:55:12, Sys 0 00:00:00  -  Run Remote Usage
		Usr 0 00:00:00, Sys 0 00:00:00  -  Run Local Usage
		Usr 0 00:55:12, Sys 0 00:00:00  -  Total Remote Usage
		Usr 0 00:00:00, Sys 0 00:00:00  -  Total Local Usage
	0  -  Run Bytes Sent By Job
	0  -  Run Bytes Received By Job
	0  -  Total Bytes Sent By Job
	0  -  Total Bytes Received By Job
	Partitionable Resources :    Usage  Request Allocated
	   Cpus                 :                 1         1
	   Disk (KB)            :        1        1   1084951
	   Memory (MB)          :       27        1     12107
...
000 (1673186.045.000) 12/25 09:26:50 Job submitted from host: <172.16.2.141:36601>
...
001 (1673186.045.000) 12/25 10:23:28 Job executing on host: <172.16.2.141:56348>
...
006 (1673186.045.000) 12/25 10:23:37 Image size of job updated: 239412
	25  -  MemoryUsage of job (MB)
	25352  -  ResidentSetSize of job (KB)
...
006 (1673186.045.000) 12/25 10:28:38 Image size of job updated: 239412
	25  -  MemoryUsage of job (MB)
	25356  -  ResidentSetSize of job (KB)
...
004 (1673186.045.000) 12/25 10:36:12 Job was evicted.
	(0) Job was not checkpointed.
		Usr 0 00:12:44, Sys 0 00:00:00  -  Run Remote Usage
		Usr 0 00:00:00, Sys 0 00:00:00  -  Run Local Usage
	0  -  Run Bytes Sent By Job
	0  -  Run Bytes Received By Job
	Partitionable Resources :    Usage  Request Allocated
	   Cpus                 :                 1         1
	   Disk (KB)            :        1        1  18595807
	   Memory (MB)          :       25        1      2676
...
009 (1673186.045.000) 12/25 10:36:13 Job was aborted by the user.
	via condor_rm (by user zhangliang)
...
000 (1673187.045.000) 12/25 10:36:20 Job submitted from host: <172.16.2.141:36601>
...
001 (1673187.045.000) 12/25 11:32:52 Job executing on host: <172.16.2.141:56348>
...
006 (1673187.045.000) 12/25 11:33:01 Image size of job updated: 239412
	27  -  MemoryUsage of job (MB)
	27108  -  ResidentSetSize of job (KB)
...
006 (1673187.045.000) 12/25 11:38:02 Image size of job updated: 239412
	27  -  MemoryUsage of job (MB)
	27112  -  ResidentSetSize of job (KB)
...
004 (1673187.045.000) 12/25 11:42:35 Job was evicted.
	(0) Job was not checkpointed.
		Usr 0 00:09:42, Sys 0 00:00:00  -  Run Remote Usage
		Usr 0 00:00:00, Sys 0 00:00:00  -  Run Local Usage
	0  -  Run Bytes Sent By Job
	0  -  Run Bytes Received By Job
	Partitionable Resources :    Usage  Request Allocated
	   Cpus                 :                 1         1
	   Disk (KB)            :        1        1  18595803
	   Memory (MB)          :       27        1      2676
...
009 (1673187.045.000) 12/25 11:42:35 Job was aborted by the user.
	via condor_rm (by user zhangliang)
...
000 (1673188.045.000) 12/25 11:42:39 Job submitted from host: <172.16.2.141:36601>
...
009 (1673188.045.000) 12/25 11:42:46 Job was aborted by the user.
	via condor_rm (by user zhangliang)
...
000 (1673189.045.000) 12/25 11:44:21 Job submitted from host: <172.16.2.141:36601>
...
001 (1673189.045.000) 12/25 15:14:53 Job executing on host: <172.16.2.141:56348>
...
006 (1673189.045.000) 12/25 15:15:01 Image size of job updated: 242152
	30  -  MemoryUsage of job (MB)
	29908  -  ResidentSetSize of job (KB)
...
006 (1673189.045.000) 12/25 15:20:01 Image size of job updated: 242152
	30  -  MemoryUsage of job (MB)
	29912  -  ResidentSetSize of job (KB)
...
006 (1673189.045.000) 12/25 15:30:03 Image size of job updated: 242984
	30  -  MemoryUsage of job (MB)
	29948  -  ResidentSetSize of job (KB)
...
006 (1673189.045.000) 12/25 15:45:05 Image size of job updated: 242984
	30  -  MemoryUsage of job (MB)
	29964  -  ResidentSetSize of job (KB)
...
006 (1673189.045.000) 12/25 16:00:06 Image size of job updated: 242984
	30  -  MemoryUsage of job (MB)
	30024  -  ResidentSetSize of job (KB)
...
006 (1673189.045.000) 12/25 16:15:08 Image size of job updated: 242984
	30  -  MemoryUsage of job (MB)
	30028  -  ResidentSetSize of job (KB)
...
005 (1673189.045.000) 12/25 17:43:47 Job terminated.
	(1) Normal termination (return value 0)
		Usr 0 02:28:44, Sys 0 00:00:00  -  Run Remote Usage
		Usr 0 00:00:00, Sys 0 00:00:00  -  Run Local Usage
		Usr 0 02:28:44, Sys 0 00:00:00  -  Total Remote Usage
		Usr 0 00:00:00, Sys 0 00:00:00  -  Total Local Usage
	0  -  Run Bytes Sent By Job
	0  -  Run Bytes Received By Job
	0  -  Total Bytes Sent By Job
	0  -  Total Bytes Received By Job
	Partitionable Resources :    Usage  Request Allocated
	   Cpus                 :                 1         1
	   Disk (KB)            :        1        1  18595865
	   Memory (MB)          :       30        1      2676
...
000 (1673192.045.000) 12/26 00:07:14 Job submitted from host: <172.16.2.141:36601>
...
001 (1673192.045.000) 12/26 00:07:29 Job executing on host: <172.16.2.151:35010>
...
006 (1673192.045.000) 12/26 00:07:30 Image size of job updated: 150476
	0  -  MemoryUsage of job (MB)
	0  -  ResidentSetSize of job (KB)
...
004 (1673192.045.000) 12/26 00:07:31 Job was evicted.
	(0) Job was not checkpointed.
		Usr 0 00:00:01, Sys 0 00:00:00  -  Run Remote Usage
		Usr 0 00:00:00, Sys 0 00:00:00  -  Run Local Usage
	0  -  Run Bytes Sent By Job
	0  -  Run Bytes Received By Job
	Partitionable Resources :    Usage  Request Allocated
	   Cpus                 :                 1         1
	   Disk (KB)            :        1        1   1085019
	   Memory (MB)          :        0        1     12107
...
009 (1673192.045.000) 12/26 00:07:33 Job was aborted by the user.
	via condor_rm (by user zhangliang)
...
000 (1673193.045.000) 12/26 00:07:59 Job submitted from host: <172.16.2.141:36601>
...
001 (1673193.045.000) 12/26 00:08:03 Job executing on host: <172.16.2.151:35010>
...
006 (1673193.045.000) 12/26 00:08:13 Image size of job updated: 396540
	26  -  MemoryUsage of job (MB)
	26072  -  ResidentSetSize of job (KB)
...
006 (1673193.045.000) 12/26 00:13:13 Image size of job updated: 396540
	29  -  MemoryUsage of job (MB)
	28964  -  ResidentSetSize of job (KB)
...
006 (1673193.045.000) 12/26 00:28:15 Image size of job updated: 396540
	29  -  MemoryUsage of job (MB)
	28996  -  ResidentSetSize of job (KB)
...
006 (1673193.045.000) 12/26 00:38:15 Image size of job updated: 396540
	30  -  MemoryUsage of job (MB)
	29968  -  ResidentSetSize of job (KB)
...
006 (1673193.045.000) 12/26 00:48:16 Image size of job updated: 396540
	30  -  MemoryUsage of job (MB)
	29972  -  ResidentSetSize of job (KB)
...
006 (1673193.045.000) 12/26 01:08:18 Image size of job updated: 396540
	30  -  MemoryUsage of job (MB)
	30028  -  ResidentSetSize of job (KB)
...
006 (1673193.045.000) 12/26 01:13:20 Image size of job updated: 396540
	30  -  MemoryUsage of job (MB)
	30032  -  ResidentSetSize of job (KB)
...
