000 (28203.096.000) 12/31 10:12:06 Job submitted from host: <172.16.11.200:9618?addrs=172.16.11.200-9618&noUDP&sock=14877_46f2_4>
...
001 (28203.096.000) 12/31 10:12:21 Job executing on host: <172.16.11.231:9618?addrs=172.16.11.231-9618&noUDP&sock=startd_22895_f54e_4>
...
006 (28203.096.000) 12/31 10:12:29 Image size of job updated: 35488
	35  -  MemoryUsage of job (MB)
	35488  -  ResidentSetSize of job (KB)
...
006 (28203.096.000) 12/31 10:32:31 Image size of job updated: 35924
	36  -  MemoryUsage of job (MB)
	35924  -  ResidentSetSize of job (KB)
...
004 (28203.096.000) 12/31 13:14:29 Job was evicted.
	(0) CPU times
		Usr 0 03:02:04, Sys 0 00:00:02  -  Run Remote Usage
		Usr 0 00:00:00, Sys 0 00:00:00  -  Run Local Usage
	0  -  Run Bytes Sent By Job
	0  -  Run Bytes Received By Job
	Partitionable Resources :    Usage  Request Allocated 
	   Cpus                 :     1.00        1         1 
	   Disk (KB)            :     1           1    241059 
	   Memory (MB)          :    36           1      2008 
...
009 (28203.096.000) 12/31 13:14:29 Job was aborted by the user.
	via condor_rm (by user zhangliang)
...
000 (28206.096.000) 12/31 14:09:35 Job submitted from host: <172.16.11.200:9618?addrs=172.16.11.200-9618&noUDP&sock=14877_46f2_4>
...
001 (28206.096.000) 01/01 14:21:49 Job executing on host: <172.16.11.231:9618?addrs=172.16.11.231-9618&noUDP&sock=startd_22895_f54e_4>
...
006 (28206.096.000) 01/01 14:21:57 Image size of job updated: 35424
	35  -  MemoryUsage of job (MB)
	35424  -  ResidentSetSize of job (KB)
...
006 (28206.096.000) 01/01 15:12:00 Image size of job updated: 36300
	36  -  MemoryUsage of job (MB)
	36300  -  ResidentSetSize of job (KB)
...
005 (28206.096.000) 01/02 10:17:27 Job terminated.
	(1) Normal termination (return value 0)
		Usr 0 19:52:39, Sys 0 00:01:02  -  Run Remote Usage
		Usr 0 00:00:00, Sys 0 00:00:00  -  Run Local Usage
		Usr 0 19:52:39, Sys 0 00:01:02  -  Total Remote Usage
		Usr 0 00:00:00, Sys 0 00:00:00  -  Total Local Usage
	0  -  Run Bytes Sent By Job
	0  -  Run Bytes Received By Job
	0  -  Total Bytes Sent By Job
	0  -  Total Bytes Received By Job
	Partitionable Resources :    Usage  Request Allocated 
	   Cpus                 :     1.00        1         1 
	   Disk (KB)            :     1           1    241059 
	   Memory (MB)          :    36           1      2008 
...
000 (28248.096.000) 01/05 15:45:56 Job submitted from host: <172.16.11.200:9618?addrs=172.16.11.200-9618&noUDP&sock=14877_46f2_4>
...
001 (28248.096.000) 01/05 17:59:35 Job executing on host: <172.16.11.231:9618?addrs=172.16.11.231-9618&noUDP&sock=startd_22895_f54e_4>
...
006 (28248.096.000) 01/05 17:59:44 Image size of job updated: 35124
	35  -  MemoryUsage of job (MB)
	35124  -  ResidentSetSize of job (KB)
...
006 (28248.096.000) 01/05 23:05:13 Image size of job updated: 35256
	35  -  MemoryUsage of job (MB)
	35124  -  ResidentSetSize of job (KB)
...
006 (28248.096.000) 01/05 23:30:16 Image size of job updated: 35388
	35  -  MemoryUsage of job (MB)
	35124  -  ResidentSetSize of job (KB)
...
006 (28248.096.000) 01/05 23:35:16 Image size of job updated: 35784
	35  -  MemoryUsage of job (MB)
	35124  -  ResidentSetSize of job (KB)
...
006 (28248.096.000) 01/05 23:40:16 Image size of job updated: 35916
	35  -  MemoryUsage of job (MB)
	35124  -  ResidentSetSize of job (KB)
...
006 (28248.096.000) 01/05 23:45:17 Image size of job updated: 36180
	35  -  MemoryUsage of job (MB)
	35124  -  ResidentSetSize of job (KB)
...
006 (28248.096.000) 01/05 23:50:18 Image size of job updated: 36312
	35  -  MemoryUsage of job (MB)
	35124  -  ResidentSetSize of job (KB)
...
006 (28248.096.000) 01/05 23:55:18 Image size of job updated: 36708
	35  -  MemoryUsage of job (MB)
	35124  -  ResidentSetSize of job (KB)
...
006 (28248.096.000) 01/06 00:00:18 Image size of job updated: 36840
	35  -  MemoryUsage of job (MB)
	35124  -  ResidentSetSize of job (KB)
...
006 (28248.096.000) 01/06 00:10:20 Image size of job updated: 37896
	35  -  MemoryUsage of job (MB)
	35124  -  ResidentSetSize of job (KB)
...
006 (28248.096.000) 01/06 01:00:25 Image size of job updated: 38028
	35  -  MemoryUsage of job (MB)
	35124  -  ResidentSetSize of job (KB)
...
006 (28248.096.000) 01/06 01:40:28 Image size of job updated: 38160
	35  -  MemoryUsage of job (MB)
	35124  -  ResidentSetSize of job (KB)
...
006 (28248.096.000) 01/06 01:50:29 Image size of job updated: 38424
	35  -  MemoryUsage of job (MB)
	35124  -  ResidentSetSize of job (KB)
...
006 (28248.096.000) 01/06 01:55:30 Image size of job updated: 38556
	35  -  MemoryUsage of job (MB)
	35124  -  ResidentSetSize of job (KB)
...
006 (28248.096.000) 01/06 02:10:32 Image size of job updated: 38820
	35  -  MemoryUsage of job (MB)
	35124  -  ResidentSetSize of job (KB)
...
006 (28248.096.000) 01/06 02:40:35 Image size of job updated: 38952
	35  -  MemoryUsage of job (MB)
	35124  -  ResidentSetSize of job (KB)
...
006 (28248.096.000) 01/06 03:25:38 Image size of job updated: 39216
	35  -  MemoryUsage of job (MB)
	35124  -  ResidentSetSize of job (KB)
...
005 (28248.096.000) 01/06 03:36:10 Job terminated.
	(1) Normal termination (return value 0)
		Usr 0 09:30:24, Sys 0 00:00:13  -  Run Remote Usage
		Usr 0 00:00:00, Sys 0 00:00:00  -  Run Local Usage
		Usr 0 09:30:24, Sys 0 00:00:13  -  Total Remote Usage
		Usr 0 00:00:00, Sys 0 00:00:00  -  Total Local Usage
	0  -  Run Bytes Sent By Job
	0  -  Run Bytes Received By Job
	0  -  Total Bytes Sent By Job
	0  -  Total Bytes Received By Job
	Partitionable Resources :    Usage  Request Allocated 
	   Cpus                 :     1.00        1         1 
	   Disk (KB)            :     1           1    241059 
	   Memory (MB)          :    35           1      2008 
...
000 (28271.096.000) 01/06 15:26:51 Job submitted from host: <172.16.11.200:9618?addrs=172.16.11.200-9618&noUDP&sock=14877_46f2_4>
...
009 (28271.096.000) 01/06 15:47:45 Job was aborted by the user.
	via condor_rm (by user zhangliang)
...
