000 (1673193.055.000) 12/26 00:07:59 Job submitted from host: <172.16.2.141:36601>
...
001 (1673193.055.000) 12/26 00:08:04 Job executing on host: <172.16.2.151:35010>
...
006 (1673193.055.000) 12/26 00:08:12 Image size of job updated: 1
	2  -  MemoryUsage of job (MB)
	2028  -  ResidentSetSize of job (KB)
...
006 (1673193.055.000) 12/26 00:13:12 Image size of job updated: 256568
	29  -  MemoryUsage of job (MB)
	28976  -  ResidentSetSize of job (KB)
...
006 (1673193.055.000) 12/26 00:28:13 Image size of job updated: 257480
	29  -  MemoryUsage of job (MB)
	29008  -  ResidentSetSize of job (KB)
...
006 (1673193.055.000) 12/26 00:33:13 Image size of job updated: 257480
	30  -  MemoryUsage of job (MB)
	29748  -  ResidentSetSize of job (KB)
...
006 (1673193.055.000) 12/26 00:48:15 Image size of job updated: 257480
	30  -  MemoryUsage of job (MB)
	29752  -  ResidentSetSize of job (KB)
...
006 (1673193.055.000) 12/26 01:08:18 Image size of job updated: 257480
	30  -  MemoryUsage of job (MB)
	29808  -  ResidentSetSize of job (KB)
...
006 (1673193.055.000) 12/26 01:18:19 Image size of job updated: 257480
	30  -  MemoryUsage of job (MB)
	29812  -  ResidentSetSize of job (KB)
...
