000 (1673162.006.000) 12/23 13:43:08 Job submitted from host: <172.16.2.141:36601>
...
001 (1673162.006.000) 12/23 13:43:09 Job executing on host: <172.16.2.151:35010>
...
006 (1673162.006.000) 12/23 13:43:19 Image size of job updated: 256052
	29  -  MemoryUsage of job (MB)
	29452  -  ResidentSetSize of job (KB)
...
006 (1673162.006.000) 12/23 13:48:19 Image size of job updated: 256052
	31  -  MemoryUsage of job (MB)
	31504  -  ResidentSetSize of job (KB)
...
006 (1673162.006.000) 12/23 14:03:20 Image size of job updated: 256836
	31  -  MemoryUsage of job (MB)
	31528  -  ResidentSetSize of job (KB)
...
006 (1673162.006.000) 12/23 14:13:20 Image size of job updated: 256836
	32  -  MemoryUsage of job (MB)
	31992  -  ResidentSetSize of job (KB)
...
006 (1673162.006.000) 12/23 14:43:24 Image size of job updated: 256836
	32  -  MemoryUsage of job (MB)
	32000  -  ResidentSetSize of job (KB)
...
005 (1673162.006.000) 12/23 14:49:23 Job terminated.
	(1) Normal termination (return value 0)
		Usr 0 01:06:01, Sys 0 00:00:00  -  Run Remote Usage
		Usr 0 00:00:00, Sys 0 00:00:00  -  Run Local Usage
		Usr 0 01:06:01, Sys 0 00:00:00  -  Total Remote Usage
		Usr 0 00:00:00, Sys 0 00:00:00  -  Total Local Usage
	0  -  Run Bytes Sent By Job
	0  -  Run Bytes Received By Job
	0  -  Total Bytes Sent By Job
	0  -  Total Bytes Received By Job
	Partitionable Resources :    Usage  Request Allocated
	   Cpus                 :                 1         1
	   Disk (KB)            :        1        1   1084964
	   Memory (MB)          :       32        1     12107
...
000 (1673169.006.000) 12/23 21:09:13 Job submitted from host: <172.16.2.141:36601>
...
001 (1673169.006.000) 12/23 21:09:24 Job executing on host: <172.16.2.151:35010>
...
006 (1673169.006.000) 12/23 21:09:33 Image size of job updated: 256016
	28  -  MemoryUsage of job (MB)
	28116  -  ResidentSetSize of job (KB)
...
006 (1673169.006.000) 12/23 21:14:34 Image size of job updated: 256016
	30  -  MemoryUsage of job (MB)
	30496  -  ResidentSetSize of job (KB)
...
006 (1673169.006.000) 12/23 21:29:36 Image size of job updated: 256844
	30  -  MemoryUsage of job (MB)
	30520  -  ResidentSetSize of job (KB)
...
005 (1673169.006.000) 12/23 22:07:05 Job terminated.
	(1) Normal termination (return value 0)
		Usr 0 00:57:11, Sys 0 00:00:00  -  Run Remote Usage
		Usr 0 00:00:00, Sys 0 00:00:00  -  Run Local Usage
		Usr 0 00:57:11, Sys 0 00:00:00  -  Total Remote Usage
		Usr 0 00:00:00, Sys 0 00:00:00  -  Total Local Usage
	0  -  Run Bytes Sent By Job
	0  -  Run Bytes Received By Job
	0  -  Total Bytes Sent By Job
	0  -  Total Bytes Received By Job
	Partitionable Resources :    Usage  Request Allocated
	   Cpus                 :                 1         1
	   Disk (KB)            :        1        1   1084978
	   Memory (MB)          :       30        1     12107
...
000 (1673171.006.000) 12/23 23:27:09 Job submitted from host: <172.16.2.141:36601>
...
001 (1673171.006.000) 12/23 23:27:24 Job executing on host: <172.16.2.151:35010>
...
006 (1673171.006.000) 12/23 23:27:32 Image size of job updated: 256016
	28  -  MemoryUsage of job (MB)
	28268  -  ResidentSetSize of job (KB)
...
006 (1673171.006.000) 12/23 23:32:32 Image size of job updated: 256016
	28  -  MemoryUsage of job (MB)
	28524  -  ResidentSetSize of job (KB)
...
006 (1673171.006.000) 12/23 23:47:34 Image size of job updated: 256844
	28  -  MemoryUsage of job (MB)
	28548  -  ResidentSetSize of job (KB)
...
006 (1673171.006.000) 12/24 00:27:39 Image size of job updated: 256844
	28  -  MemoryUsage of job (MB)
	28568  -  ResidentSetSize of job (KB)
...
005 (1673171.006.000) 12/24 03:08:30 Job terminated.
	(1) Normal termination (return value 0)
		Usr 0 03:33:55, Sys 0 00:00:00  -  Run Remote Usage
		Usr 0 00:00:00, Sys 0 00:00:00  -  Run Local Usage
		Usr 0 03:33:55, Sys 0 00:00:00  -  Total Remote Usage
		Usr 0 00:00:00, Sys 0 00:00:00  -  Total Local Usage
	0  -  Run Bytes Sent By Job
	0  -  Run Bytes Received By Job
	0  -  Total Bytes Sent By Job
	0  -  Total Bytes Received By Job
	Partitionable Resources :    Usage  Request Allocated
	   Cpus                 :                 1         1
	   Disk (KB)            :        1        1   1084975
	   Memory (MB)          :       28        1     12107
...
000 (1673183.006.000) 12/24 22:48:09 Job submitted from host: <172.16.2.141:36601>
...
001 (1673183.006.000) 12/24 22:48:27 Job executing on host: <172.16.2.141:56348>
...
006 (1673183.006.000) 12/24 22:48:36 Image size of job updated: 242148
	28  -  MemoryUsage of job (MB)
	28536  -  ResidentSetSize of job (KB)
...
006 (1673183.006.000) 12/24 22:53:37 Image size of job updated: 242148
	28  -  MemoryUsage of job (MB)
	28568  -  ResidentSetSize of job (KB)
...
006 (1673183.006.000) 12/24 23:08:39 Image size of job updated: 242980
	28  -  MemoryUsage of job (MB)
	28608  -  ResidentSetSize of job (KB)
...
006 (1673183.006.000) 12/24 23:13:39 Image size of job updated: 242980
	29  -  MemoryUsage of job (MB)
	29372  -  ResidentSetSize of job (KB)
...
006 (1673183.006.000) 12/24 23:28:40 Image size of job updated: 242980
	29  -  MemoryUsage of job (MB)
	29376  -  ResidentSetSize of job (KB)
...
006 (1673183.006.000) 12/24 23:43:42 Image size of job updated: 242980
	29  -  MemoryUsage of job (MB)
	29408  -  ResidentSetSize of job (KB)
...
005 (1673183.006.000) 12/25 02:17:32 Job terminated.
	(1) Normal termination (return value 0)
		Usr 0 03:28:19, Sys 0 00:00:00  -  Run Remote Usage
		Usr 0 00:00:00, Sys 0 00:00:00  -  Run Local Usage
		Usr 0 03:28:19, Sys 0 00:00:00  -  Total Remote Usage
		Usr 0 00:00:00, Sys 0 00:00:00  -  Total Local Usage
	0  -  Run Bytes Sent By Job
	0  -  Run Bytes Received By Job
	0  -  Total Bytes Sent By Job
	0  -  Total Bytes Received By Job
	Partitionable Resources :    Usage  Request Allocated
	   Cpus                 :                 1         1
	   Disk (KB)            :        1        1  18595965
	   Memory (MB)          :       29        1      2676
...
000 (1673184.006.000) 12/25 08:28:15 Job submitted from host: <172.16.2.141:36601>
...
001 (1673184.006.000) 12/25 08:28:18 Job executing on host: <172.16.2.141:56348>
...
006 (1673184.006.000) 12/25 08:28:26 Image size of job updated: 239416
	25  -  MemoryUsage of job (MB)
	25216  -  ResidentSetSize of job (KB)
...
006 (1673184.006.000) 12/25 08:33:26 Image size of job updated: 239416
	25  -  MemoryUsage of job (MB)
	25248  -  ResidentSetSize of job (KB)
...
006 (1673184.006.000) 12/25 08:48:27 Image size of job updated: 240248
	25  -  MemoryUsage of job (MB)
	25292  -  ResidentSetSize of job (KB)
...
006 (1673184.006.000) 12/25 09:08:30 Image size of job updated: 240248
	25  -  MemoryUsage of job (MB)
	25304  -  ResidentSetSize of job (KB)
...
006 (1673184.006.000) 12/25 09:25:01 Image size of job updated: 909232
	25  -  MemoryUsage of job (MB)
	25304  -  ResidentSetSize of job (KB)
...
005 (1673184.006.000) 12/25 09:25:01 Job terminated.
	(1) Normal termination (return value 139)
		Usr 0 00:56:01, Sys 0 00:00:00  -  Run Remote Usage
		Usr 0 00:00:00, Sys 0 00:00:00  -  Run Local Usage
		Usr 0 00:56:01, Sys 0 00:00:00  -  Total Remote Usage
		Usr 0 00:00:00, Sys 0 00:00:00  -  Total Local Usage
	0  -  Run Bytes Sent By Job
	0  -  Run Bytes Received By Job
	0  -  Total Bytes Sent By Job
	0  -  Total Bytes Received By Job
	Partitionable Resources :    Usage  Request Allocated
	   Cpus                 :                 1         1
	   Disk (KB)            :        1        1  18595860
	   Memory (MB)          :       25        1      2676
...
000 (1673186.006.000) 12/25 09:26:50 Job submitted from host: <172.16.2.141:36601>
...
001 (1673186.006.000) 12/25 09:27:01 Job executing on host: <172.16.2.151:35010>
...
006 (1673186.006.000) 12/25 09:27:10 Image size of job updated: 95680
	3  -  MemoryUsage of job (MB)
	2104  -  ResidentSetSize of job (KB)
...
006 (1673186.006.000) 12/25 09:32:10 Image size of job updated: 252808
	27  -  MemoryUsage of job (MB)
	27288  -  ResidentSetSize of job (KB)
...
006 (1673186.006.000) 12/25 09:47:12 Image size of job updated: 253720
	27  -  MemoryUsage of job (MB)
	27320  -  ResidentSetSize of job (KB)
...
006 (1673186.006.000) 12/25 10:07:13 Image size of job updated: 253720
	27  -  MemoryUsage of job (MB)
	27332  -  ResidentSetSize of job (KB)
...
005 (1673186.006.000) 12/25 10:25:12 Job terminated.
	(1) Normal termination (return value 139)
		Usr 0 00:58:07, Sys 0 00:00:00  -  Run Remote Usage
		Usr 0 00:00:00, Sys 0 00:00:00  -  Run Local Usage
		Usr 0 00:58:07, Sys 0 00:00:00  -  Total Remote Usage
		Usr 0 00:00:00, Sys 0 00:00:00  -  Total Local Usage
	0  -  Run Bytes Sent By Job
	0  -  Run Bytes Received By Job
	0  -  Total Bytes Sent By Job
	0  -  Total Bytes Received By Job
	Partitionable Resources :    Usage  Request Allocated
	   Cpus                 :                 1         1
	   Disk (KB)            :        1        1   1084933
	   Memory (MB)          :       27        1     12107
...
000 (1673187.006.000) 12/25 10:36:20 Job submitted from host: <172.16.2.141:36601>
...
001 (1673187.006.000) 12/25 10:36:22 Job executing on host: <172.16.2.141:56348>
...
006 (1673187.006.000) 12/25 10:36:31 Image size of job updated: 95656
	3  -  MemoryUsage of job (MB)
	2108  -  ResidentSetSize of job (KB)
...
006 (1673187.006.000) 12/25 10:41:31 Image size of job updated: 239412
	25  -  MemoryUsage of job (MB)
	25296  -  ResidentSetSize of job (KB)
...
006 (1673187.006.000) 12/25 10:56:33 Image size of job updated: 240244
	25  -  MemoryUsage of job (MB)
	25340  -  ResidentSetSize of job (KB)
...
006 (1673187.006.000) 12/25 11:16:34 Image size of job updated: 240244
	25  -  MemoryUsage of job (MB)
	25352  -  ResidentSetSize of job (KB)
...
005 (1673187.006.000) 12/25 11:32:59 Job terminated.
	(1) Normal termination (return value 139)
		Usr 0 00:56:10, Sys 0 00:00:00  -  Run Remote Usage
		Usr 0 00:00:00, Sys 0 00:00:00  -  Run Local Usage
		Usr 0 00:56:10, Sys 0 00:00:00  -  Total Remote Usage
		Usr 0 00:00:00, Sys 0 00:00:00  -  Total Local Usage
	0  -  Run Bytes Sent By Job
	0  -  Run Bytes Received By Job
	0  -  Total Bytes Sent By Job
	0  -  Total Bytes Received By Job
	Partitionable Resources :    Usage  Request Allocated
	   Cpus                 :                 1         1
	   Disk (KB)            :        1        1  18595807
	   Memory (MB)          :       25        1      2676
...
000 (1673188.006.000) 12/25 11:42:39 Job submitted from host: <172.16.2.141:36601>
...
001 (1673188.006.000) 12/25 11:42:44 Job executing on host: <172.16.2.141:56348>
...
006 (1673188.006.000) 12/25 11:42:46 Image size of job updated: 242156
	0  -  MemoryUsage of job (MB)
	0  -  ResidentSetSize of job (KB)
...
004 (1673188.006.000) 12/25 11:42:47 Job was evicted.
	(0) Job was not checkpointed.
		Usr 0 00:00:01, Sys 0 00:00:00  -  Run Remote Usage
		Usr 0 00:00:00, Sys 0 00:00:00  -  Run Local Usage
	0  -  Run Bytes Sent By Job
	0  -  Run Bytes Received By Job
	Partitionable Resources :    Usage  Request Allocated
	   Cpus                 :                 1         1
	   Disk (KB)            :        1        1  18595856
	   Memory (MB)          :        0        1      2676
...
009 (1673188.006.000) 12/25 11:42:47 Job was aborted by the user.
	via condor_rm (by user zhangliang)
...
000 (1673189.006.000) 12/25 11:44:21 Job submitted from host: <172.16.2.141:36601>
...
001 (1673189.006.000) 12/25 11:44:24 Job executing on host: <172.16.2.141:56348>
...
006 (1673189.006.000) 12/25 11:44:33 Image size of job updated: 95656
	3  -  MemoryUsage of job (MB)
	2104  -  ResidentSetSize of job (KB)
...
006 (1673189.006.000) 12/25 11:49:34 Image size of job updated: 242148
	30  -  MemoryUsage of job (MB)
	29896  -  ResidentSetSize of job (KB)
...
006 (1673189.006.000) 12/25 12:04:35 Image size of job updated: 242980
	30  -  MemoryUsage of job (MB)
	29932  -  ResidentSetSize of job (KB)
...
006 (1673189.006.000) 12/25 12:09:35 Image size of job updated: 242980
	30  -  MemoryUsage of job (MB)
	30388  -  ResidentSetSize of job (KB)
...
006 (1673189.006.000) 12/25 12:24:37 Image size of job updated: 242980
	30  -  MemoryUsage of job (MB)
	30392  -  ResidentSetSize of job (KB)
...
006 (1673189.006.000) 12/25 12:44:39 Image size of job updated: 242980
	30  -  MemoryUsage of job (MB)
	30448  -  ResidentSetSize of job (KB)
...
006 (1673189.006.000) 12/25 13:29:44 Image size of job updated: 242980
	30  -  MemoryUsage of job (MB)
	30452  -  ResidentSetSize of job (KB)
...
005 (1673189.006.000) 12/25 15:16:31 Job terminated.
	(1) Normal termination (return value 0)
		Usr 0 03:31:35, Sys 0 00:00:00  -  Run Remote Usage
		Usr 0 00:00:00, Sys 0 00:00:00  -  Run Local Usage
		Usr 0 03:31:35, Sys 0 00:00:00  -  Total Remote Usage
		Usr 0 00:00:00, Sys 0 00:00:00  -  Total Local Usage
	0  -  Run Bytes Sent By Job
	0  -  Run Bytes Received By Job
	0  -  Total Bytes Sent By Job
	0  -  Total Bytes Received By Job
	Partitionable Resources :    Usage  Request Allocated
	   Cpus                 :                 1         1
	   Disk (KB)            :        1        1  18595865
	   Memory (MB)          :       30        1      2676
...
000 (1673192.006.000) 12/26 00:07:14 Job submitted from host: <172.16.2.141:36601>
...
001 (1673192.006.000) 12/26 00:07:28 Job executing on host: <172.16.2.141:56348>
...
006 (1673192.006.000) 12/26 00:07:30 Image size of job updated: 242536
	0  -  MemoryUsage of job (MB)
	0  -  ResidentSetSize of job (KB)
...
004 (1673192.006.000) 12/26 00:07:31 Job was evicted.
	(0) Job was not checkpointed.
		Usr 0 00:00:02, Sys 0 00:00:00  -  Run Remote Usage
		Usr 0 00:00:00, Sys 0 00:00:00  -  Run Local Usage
	0  -  Run Bytes Sent By Job
	0  -  Run Bytes Received By Job
	Partitionable Resources :    Usage  Request Allocated
	   Cpus                 :                 1         1
	   Disk (KB)            :        1        1  18595732
	   Memory (MB)          :        0        1      2676
...
009 (1673192.006.000) 12/26 00:07:33 Job was aborted by the user.
	via condor_rm (by user zhangliang)
...
000 (1673193.006.000) 12/26 00:07:59 Job submitted from host: <172.16.2.141:36601>
...
001 (1673193.006.000) 12/26 00:08:02 Job executing on host: <172.16.2.141:56348>
...
006 (1673193.006.000) 12/26 00:08:10 Image size of job updated: 242156
	28  -  MemoryUsage of job (MB)
	28564  -  ResidentSetSize of job (KB)
...
006 (1673193.006.000) 12/26 00:13:10 Image size of job updated: 242156
	29  -  MemoryUsage of job (MB)
	28916  -  ResidentSetSize of job (KB)
...
006 (1673193.006.000) 12/26 00:28:11 Image size of job updated: 243024
	29  -  MemoryUsage of job (MB)
	28952  -  ResidentSetSize of job (KB)
...
006 (1673193.006.000) 12/26 00:48:13 Image size of job updated: 243024
	29  -  MemoryUsage of job (MB)
	28968  -  ResidentSetSize of job (KB)
...
006 (1673193.006.000) 12/26 01:03:15 Image size of job updated: 243024
	29  -  MemoryUsage of job (MB)
	29036  -  ResidentSetSize of job (KB)
...
