000 (1673162.035.000) 12/23 13:43:08 Job submitted from host: <172.16.2.141:36601>
...
001 (1673162.035.000) 12/23 13:43:10 Job executing on host: <172.16.2.141:56348>
...
006 (1673162.035.000) 12/23 13:43:19 Image size of job updated: 241600
	28  -  MemoryUsage of job (MB)
	27988  -  ResidentSetSize of job (KB)
...
006 (1673162.035.000) 12/23 13:48:20 Image size of job updated: 241600
	28  -  MemoryUsage of job (MB)
	28004  -  ResidentSetSize of job (KB)
...
006 (1673162.035.000) 12/23 14:03:21 Image size of job updated: 242380
	28  -  MemoryUsage of job (MB)
	28028  -  ResidentSetSize of job (KB)
...
006 (1673162.035.000) 12/23 14:38:25 Image size of job updated: 242380
	28  -  MemoryUsage of job (MB)
	28040  -  ResidentSetSize of job (KB)
...
005 (1673162.035.000) 12/23 14:42:38 Job terminated.
	(1) Normal termination (return value 0)
		Usr 0 00:59:16, Sys 0 00:00:00  -  Run Remote Usage
		Usr 0 00:00:00, Sys 0 00:00:00  -  Run Local Usage
		Usr 0 00:59:16, Sys 0 00:00:00  -  Total Remote Usage
		Usr 0 00:00:00, Sys 0 00:00:00  -  Total Local Usage
	0  -  Run Bytes Sent By Job
	0  -  Run Bytes Received By Job
	0  -  Total Bytes Sent By Job
	0  -  Total Bytes Received By Job
	Partitionable Resources :    Usage  Request Allocated
	   Cpus                 :                 1         1
	   Disk (KB)            :        1        1  18596145
	   Memory (MB)          :       28        1      2676
...
000 (1673169.035.000) 12/23 21:09:13 Job submitted from host: <172.16.2.141:36601>
...
001 (1673169.035.000) 12/23 21:09:22 Job executing on host: <172.16.2.141:56348>
...
006 (1673169.035.000) 12/23 21:09:31 Image size of job updated: 241552
	27  -  MemoryUsage of job (MB)
	26932  -  ResidentSetSize of job (KB)
...
006 (1673169.035.000) 12/23 21:14:32 Image size of job updated: 241552
	27  -  MemoryUsage of job (MB)
	26960  -  ResidentSetSize of job (KB)
...
006 (1673169.035.000) 12/23 21:29:33 Image size of job updated: 242380
	27  -  MemoryUsage of job (MB)
	26984  -  ResidentSetSize of job (KB)
...
005 (1673169.035.000) 12/23 22:01:33 Job terminated.
	(1) Normal termination (return value 0)
		Usr 0 00:52:09, Sys 0 00:00:00  -  Run Remote Usage
		Usr 0 00:00:00, Sys 0 00:00:00  -  Run Local Usage
		Usr 0 00:52:09, Sys 0 00:00:00  -  Total Remote Usage
		Usr 0 00:00:00, Sys 0 00:00:00  -  Total Local Usage
	0  -  Run Bytes Sent By Job
	0  -  Run Bytes Received By Job
	0  -  Total Bytes Sent By Job
	0  -  Total Bytes Received By Job
	Partitionable Resources :    Usage  Request Allocated
	   Cpus                 :                 1         1
	   Disk (KB)            :        1        1  18596152
	   Memory (MB)          :       27        1      2676
...
000 (1673171.035.000) 12/23 23:27:09 Job submitted from host: <172.16.2.141:36601>
...
001 (1673171.035.000) 12/23 23:27:23 Job executing on host: <172.16.2.141:56348>
...
006 (1673171.035.000) 12/23 23:27:32 Image size of job updated: 241556
	28  -  MemoryUsage of job (MB)
	28148  -  ResidentSetSize of job (KB)
...
006 (1673171.035.000) 12/23 23:32:33 Image size of job updated: 241556
	28  -  MemoryUsage of job (MB)
	28152  -  ResidentSetSize of job (KB)
...
006 (1673171.035.000) 12/23 23:37:34 Image size of job updated: 241556
	28  -  MemoryUsage of job (MB)
	28456  -  ResidentSetSize of job (KB)
...
006 (1673171.035.000) 12/23 23:47:34 Image size of job updated: 242384
	28  -  MemoryUsage of job (MB)
	28480  -  ResidentSetSize of job (KB)
...
006 (1673171.035.000) 12/24 00:17:37 Image size of job updated: 242384
	28  -  MemoryUsage of job (MB)
	28500  -  ResidentSetSize of job (KB)
...
005 (1673171.035.000) 12/24 02:25:26 Job terminated.
	(1) Normal termination (return value 0)
		Usr 0 02:57:47, Sys 0 00:00:04  -  Run Remote Usage
		Usr 0 00:00:00, Sys 0 00:00:00  -  Run Local Usage
		Usr 0 02:57:47, Sys 0 00:00:04  -  Total Remote Usage
		Usr 0 00:00:00, Sys 0 00:00:00  -  Total Local Usage
	0  -  Run Bytes Sent By Job
	0  -  Run Bytes Received By Job
	0  -  Total Bytes Sent By Job
	0  -  Total Bytes Received By Job
	Partitionable Resources :    Usage  Request Allocated
	   Cpus                 :                 1         1
	   Disk (KB)            :        1        1  18596092
	   Memory (MB)          :       28        1      2676
...
000 (1673183.035.000) 12/24 22:48:09 Job submitted from host: <172.16.2.141:36601>
...
001 (1673183.035.000) 12/24 22:48:27 Job executing on host: <172.16.2.151:35010>
...
006 (1673183.035.000) 12/24 22:48:35 Image size of job updated: 256568
	28  -  MemoryUsage of job (MB)
	28660  -  ResidentSetSize of job (KB)
...
006 (1673183.035.000) 12/24 22:53:36 Image size of job updated: 256568
	31  -  MemoryUsage of job (MB)
	31072  -  ResidentSetSize of job (KB)
...
006 (1673183.035.000) 12/24 23:08:37 Image size of job updated: 257440
	31  -  MemoryUsage of job (MB)
	31112  -  ResidentSetSize of job (KB)
...
006 (1673183.035.000) 12/24 23:28:40 Image size of job updated: 257440
	31  -  MemoryUsage of job (MB)
	31124  -  ResidentSetSize of job (KB)
...
006 (1673183.035.000) 12/24 23:43:41 Image size of job updated: 257440
	31  -  MemoryUsage of job (MB)
	31164  -  ResidentSetSize of job (KB)
...
005 (1673183.035.000) 12/25 02:05:55 Job terminated.
	(1) Normal termination (return value 0)
		Usr 0 03:17:12, Sys 0 00:00:00  -  Run Remote Usage
		Usr 0 00:00:00, Sys 0 00:00:00  -  Run Local Usage
		Usr 0 03:17:12, Sys 0 00:00:00  -  Total Remote Usage
		Usr 0 00:00:00, Sys 0 00:00:00  -  Total Local Usage
	0  -  Run Bytes Sent By Job
	0  -  Run Bytes Received By Job
	0  -  Total Bytes Sent By Job
	0  -  Total Bytes Received By Job
	Partitionable Resources :    Usage  Request Allocated
	   Cpus                 :                 1         1
	   Disk (KB)            :        1        1   1084986
	   Memory (MB)          :       31        1     12107
...
000 (1673184.035.000) 12/25 08:28:15 Job submitted from host: <172.16.2.141:36601>
...
001 (1673184.035.000) 12/25 08:28:26 Job executing on host: <172.16.2.151:35010>
...
006 (1673184.035.000) 12/25 08:28:35 Image size of job updated: 252808
	27  -  MemoryUsage of job (MB)
	27264  -  ResidentSetSize of job (KB)
...
006 (1673184.035.000) 12/25 08:33:36 Image size of job updated: 252808
	27  -  MemoryUsage of job (MB)
	27268  -  ResidentSetSize of job (KB)
...
006 (1673184.035.000) 12/25 08:48:37 Image size of job updated: 253720
	27  -  MemoryUsage of job (MB)
	27300  -  ResidentSetSize of job (KB)
...
006 (1673184.035.000) 12/25 09:08:39 Image size of job updated: 253720
	27  -  MemoryUsage of job (MB)
	27312  -  ResidentSetSize of job (KB)
...
005 (1673184.035.000) 12/25 09:21:53 Job terminated.
	(1) Normal termination (return value 139)
		Usr 0 00:53:22, Sys 0 00:00:00  -  Run Remote Usage
		Usr 0 00:00:00, Sys 0 00:00:00  -  Run Local Usage
		Usr 0 00:53:22, Sys 0 00:00:00  -  Total Remote Usage
		Usr 0 00:00:00, Sys 0 00:00:00  -  Total Local Usage
	0  -  Run Bytes Sent By Job
	0  -  Run Bytes Received By Job
	0  -  Total Bytes Sent By Job
	0  -  Total Bytes Received By Job
	Partitionable Resources :    Usage  Request Allocated
	   Cpus                 :                 1         1
	   Disk (KB)            :        1        1   1084951
	   Memory (MB)          :       27        1     12107
...
000 (1673186.035.000) 12/25 09:26:50 Job submitted from host: <172.16.2.141:36601>
...
001 (1673186.035.000) 12/25 09:27:02 Job executing on host: <172.16.2.141:56348>
...
006 (1673186.035.000) 12/25 09:27:11 Image size of job updated: 1
	2  -  MemoryUsage of job (MB)
	2032  -  ResidentSetSize of job (KB)
...
006 (1673186.035.000) 12/25 09:32:12 Image size of job updated: 239416
	25  -  MemoryUsage of job (MB)
	25320  -  ResidentSetSize of job (KB)
...
006 (1673186.035.000) 12/25 09:47:13 Image size of job updated: 240248
	25  -  MemoryUsage of job (MB)
	25364  -  ResidentSetSize of job (KB)
...
006 (1673186.035.000) 12/25 10:07:15 Image size of job updated: 240248
	25  -  MemoryUsage of job (MB)
	25376  -  ResidentSetSize of job (KB)
...
005 (1673186.035.000) 12/25 10:23:38 Job terminated.
	(1) Normal termination (return value 139)
		Usr 0 00:56:22, Sys 0 00:00:00  -  Run Remote Usage
		Usr 0 00:00:00, Sys 0 00:00:00  -  Run Local Usage
		Usr 0 00:56:22, Sys 0 00:00:00  -  Total Remote Usage
		Usr 0 00:00:00, Sys 0 00:00:00  -  Total Local Usage
	0  -  Run Bytes Sent By Job
	0  -  Run Bytes Received By Job
	0  -  Total Bytes Sent By Job
	0  -  Total Bytes Received By Job
	Partitionable Resources :    Usage  Request Allocated
	   Cpus                 :                 1         1
	   Disk (KB)            :        1        1  18595807
	   Memory (MB)          :       25        1      2676
...
000 (1673187.035.000) 12/25 10:36:20 Job submitted from host: <172.16.2.141:36601>
...
001 (1673187.035.000) 12/25 10:37:20 Job executing on host: <172.16.2.141:56348>
...
006 (1673187.035.000) 12/25 10:37:29 Image size of job updated: 239416
	25  -  MemoryUsage of job (MB)
	25232  -  ResidentSetSize of job (KB)
...
006 (1673187.035.000) 12/25 10:42:29 Image size of job updated: 239416
	25  -  MemoryUsage of job (MB)
	25260  -  ResidentSetSize of job (KB)
...
006 (1673187.035.000) 12/25 10:57:30 Image size of job updated: 240248
	25  -  MemoryUsage of job (MB)
	25304  -  ResidentSetSize of job (KB)
...
006 (1673187.035.000) 12/25 11:17:31 Image size of job updated: 240248
	25  -  MemoryUsage of job (MB)
	25316  -  ResidentSetSize of job (KB)
...
005 (1673187.035.000) 12/25 11:33:48 Job terminated.
	(1) Normal termination (return value 139)
		Usr 0 00:56:13, Sys 0 00:00:00  -  Run Remote Usage
		Usr 0 00:00:00, Sys 0 00:00:00  -  Run Local Usage
		Usr 0 00:56:13, Sys 0 00:00:00  -  Total Remote Usage
		Usr 0 00:00:00, Sys 0 00:00:00  -  Total Local Usage
	0  -  Run Bytes Sent By Job
	0  -  Run Bytes Received By Job
	0  -  Total Bytes Sent By Job
	0  -  Total Bytes Received By Job
	Partitionable Resources :    Usage  Request Allocated
	   Cpus                 :                 1         1
	   Disk (KB)            :        1        1  18595833
	   Memory (MB)          :       25        1      2676
...
000 (1673188.035.000) 12/25 11:42:39 Job submitted from host: <172.16.2.141:36601>
...
009 (1673188.035.000) 12/25 11:42:46 Job was aborted by the user.
	via condor_rm (by user zhangliang)
...
000 (1673189.035.000) 12/25 11:44:21 Job submitted from host: <172.16.2.141:36601>
...
001 (1673189.035.000) 12/25 11:44:23 Job executing on host: <172.16.2.151:35010>
...
006 (1673189.035.000) 12/25 11:44:32 Image size of job updated: 256572
	30  -  MemoryUsage of job (MB)
	30356  -  ResidentSetSize of job (KB)
...
006 (1673189.035.000) 12/25 11:49:34 Image size of job updated: 256572
	30  -  MemoryUsage of job (MB)
	30388  -  ResidentSetSize of job (KB)
...
006 (1673189.035.000) 12/25 12:04:36 Image size of job updated: 257444
	31  -  MemoryUsage of job (MB)
	30756  -  ResidentSetSize of job (KB)
...
006 (1673189.035.000) 12/25 12:24:38 Image size of job updated: 257444
	31  -  MemoryUsage of job (MB)
	30768  -  ResidentSetSize of job (KB)
...
006 (1673189.035.000) 12/25 12:44:39 Image size of job updated: 257444
	31  -  MemoryUsage of job (MB)
	30832  -  ResidentSetSize of job (KB)
...
006 (1673189.035.000) 12/25 12:54:41 Image size of job updated: 257444
	31  -  MemoryUsage of job (MB)
	30836  -  ResidentSetSize of job (KB)
...
005 (1673189.035.000) 12/25 15:36:07 Job terminated.
	(1) Normal termination (return value 0)
		Usr 0 03:42:29, Sys 0 00:00:00  -  Run Remote Usage
		Usr 0 00:00:00, Sys 0 00:00:00  -  Run Local Usage
		Usr 0 03:42:29, Sys 0 00:00:00  -  Total Remote Usage
		Usr 0 00:00:00, Sys 0 00:00:00  -  Total Local Usage
	0  -  Run Bytes Sent By Job
	0  -  Run Bytes Received By Job
	0  -  Total Bytes Sent By Job
	0  -  Total Bytes Received By Job
	Partitionable Resources :    Usage  Request Allocated
	   Cpus                 :                 1         1
	   Disk (KB)            :        1        1   1084921
	   Memory (MB)          :       31        1     12107
...
000 (1673192.035.000) 12/26 00:07:14 Job submitted from host: <172.16.2.141:36601>
...
001 (1673192.035.000) 12/26 00:07:28 Job executing on host: <172.16.2.151:35010>
...
006 (1673192.035.000) 12/26 00:07:30 Image size of job updated: 256568
	0  -  MemoryUsage of job (MB)
	0  -  ResidentSetSize of job (KB)
...
004 (1673192.035.000) 12/26 00:07:31 Job was evicted.
	(0) Job was not checkpointed.
		Usr 0 00:00:01, Sys 0 00:00:00  -  Run Remote Usage
		Usr 0 00:00:00, Sys 0 00:00:00  -  Run Local Usage
	0  -  Run Bytes Sent By Job
	0  -  Run Bytes Received By Job
	Partitionable Resources :    Usage  Request Allocated
	   Cpus                 :                 1         1
	   Disk (KB)            :        1        1   1085019
	   Memory (MB)          :        0        1     12107
...
009 (1673192.035.000) 12/26 00:07:33 Job was aborted by the user.
	via condor_rm (by user zhangliang)
...
000 (1673193.035.000) 12/26 00:07:59 Job submitted from host: <172.16.2.141:36601>
...
001 (1673193.035.000) 12/26 00:08:02 Job executing on host: <172.16.2.151:35010>
...
006 (1673193.035.000) 12/26 00:08:11 Image size of job updated: 396532
	29  -  MemoryUsage of job (MB)
	28736  -  ResidentSetSize of job (KB)
...
006 (1673193.035.000) 12/26 00:13:13 Image size of job updated: 396532
	31  -  MemoryUsage of job (MB)
	31148  -  ResidentSetSize of job (KB)
...
006 (1673193.035.000) 12/26 00:28:13 Image size of job updated: 396532
	31  -  MemoryUsage of job (MB)
	31180  -  ResidentSetSize of job (KB)
...
006 (1673193.035.000) 12/26 00:48:16 Image size of job updated: 396532
	31  -  MemoryUsage of job (MB)
	31196  -  ResidentSetSize of job (KB)
...
006 (1673193.035.000) 12/26 01:08:18 Image size of job updated: 396532
	31  -  MemoryUsage of job (MB)
	31256  -  ResidentSetSize of job (KB)
...
006 (1673193.035.000) 12/26 01:18:18 Image size of job updated: 396532
	31  -  MemoryUsage of job (MB)
	31260  -  ResidentSetSize of job (KB)
...
