000 (1673152.000.000) 12/22 16:38:50 Job submitted from host: <172.16.2.141:36601>
...
001 (1673152.000.000) 12/22 16:39:04 Job executing on host: <172.16.2.141:56348>
...
006 (1673152.000.000) 12/22 16:39:12 Image size of job updated: 240864
	29  -  MemoryUsage of job (MB)
	28760  -  ResidentSetSize of job (KB)
...
006 (1673152.000.000) 12/22 16:44:12 Image size of job updated: 240864
	29  -  MemoryUsage of job (MB)
	28764  -  ResidentSetSize of job (KB)
...
006 (1673152.000.000) 12/22 16:54:13 Image size of job updated: 241672
	29  -  MemoryUsage of job (MB)
	28804  -  ResidentSetSize of job (KB)
...
006 (1673152.000.000) 12/22 16:59:13 Image size of job updated: 241672
	29  -  MemoryUsage of job (MB)
	29296  -  ResidentSetSize of job (KB)
...
006 (1673152.000.000) 12/22 17:04:13 Image size of job updated: 241672
	29  -  MemoryUsage of job (MB)
	29300  -  ResidentSetSize of job (KB)
...
005 (1673152.000.000) 12/22 17:16:41 Job terminated.
	(1) Normal termination (return value 139)
		Usr 0 00:37:35, Sys 0 00:00:00  -  Run Remote Usage
		Usr 0 00:00:00, Sys 0 00:00:00  -  Run Local Usage
		Usr 0 00:37:35, Sys 0 00:00:00  -  Total Remote Usage
		Usr 0 00:00:00, Sys 0 00:00:00  -  Total Local Usage
	0  -  Run Bytes Sent By Job
	0  -  Run Bytes Received By Job
	0  -  Total Bytes Sent By Job
	0  -  Total Bytes Received By Job
	Partitionable Resources :    Usage  Request Allocated
	   Cpus                 :                 1         1
	   Disk (KB)            :        1        1  18596195
	   Memory (MB)          :       29        1      2676
...
000 (1673157.000.000) 12/23 09:02:15 Job submitted from host: <172.16.2.141:36601>
...
001 (1673157.000.000) 12/23 09:02:16 Job executing on host: <172.16.2.141:56348>
...
006 (1673157.000.000) 12/23 09:02:24 Image size of job updated: 241600
	30  -  MemoryUsage of job (MB)
	29832  -  ResidentSetSize of job (KB)
...
006 (1673157.000.000) 12/23 09:07:24 Image size of job updated: 241600
	30  -  MemoryUsage of job (MB)
	29840  -  ResidentSetSize of job (KB)
...
004 (1673157.000.000) 12/23 09:13:05 Job was evicted.
	(0) Job was not checkpointed.
		Usr 0 00:10:49, Sys 0 00:00:00  -  Run Remote Usage
		Usr 0 00:00:00, Sys 0 00:00:00  -  Run Local Usage
	0  -  Run Bytes Sent By Job
	0  -  Run Bytes Received By Job
	Partitionable Resources :    Usage  Request Allocated
	   Cpus                 :                 1         1
	   Disk (KB)            :        1        1  18596148
	   Memory (MB)          :       30        1      2676
...
009 (1673157.000.000) 12/23 09:13:05 Job was aborted by the user.
	via condor_rm (by user zhangliang)
...
000 (1673158.000.000) 12/23 09:14:18 Job submitted from host: <172.16.2.141:36601>
...
001 (1673158.000.000) 12/23 09:14:35 Job executing on host: <172.16.2.141:56348>
...
006 (1673158.000.000) 12/23 09:14:44 Image size of job updated: 1
	2  -  MemoryUsage of job (MB)
	2032  -  ResidentSetSize of job (KB)
...
006 (1673158.000.000) 12/23 09:19:45 Image size of job updated: 241592
	28  -  MemoryUsage of job (MB)
	27968  -  ResidentSetSize of job (KB)
...
006 (1673158.000.000) 12/23 09:29:46 Image size of job updated: 242372
	28  -  MemoryUsage of job (MB)
	27992  -  ResidentSetSize of job (KB)
...
005 (1673158.000.000) 12/23 09:51:58 Job terminated.
	(1) Normal termination (return value 0)
		Usr 0 00:37:20, Sys 0 00:00:00  -  Run Remote Usage
		Usr 0 00:00:00, Sys 0 00:00:00  -  Run Local Usage
		Usr 0 00:37:20, Sys 0 00:00:00  -  Total Remote Usage
		Usr 0 00:00:00, Sys 0 00:00:00  -  Total Local Usage
	0  -  Run Bytes Sent By Job
	0  -  Run Bytes Received By Job
	0  -  Total Bytes Sent By Job
	0  -  Total Bytes Received By Job
	Partitionable Resources :    Usage  Request Allocated
	   Cpus                 :                 1         1
	   Disk (KB)            :        1        1  18596133
	   Memory (MB)          :       28        1      2676
...
000 (1673159.000.000) 12/23 10:36:39 Job submitted from host: <172.16.2.141:36601>
...
001 (1673159.000.000) 12/23 10:36:55 Job executing on host: <172.16.2.141:56348>
...
006 (1673159.000.000) 12/23 10:37:04 Image size of job updated: 1
	2  -  MemoryUsage of job (MB)
	2024  -  ResidentSetSize of job (KB)
...
006 (1673159.000.000) 12/23 10:42:05 Image size of job updated: 241600
	29  -  MemoryUsage of job (MB)
	29624  -  ResidentSetSize of job (KB)
...
006 (1673159.000.000) 12/23 10:52:06 Image size of job updated: 242380
	30  -  MemoryUsage of job (MB)
	30384  -  ResidentSetSize of job (KB)
...
004 (1673159.000.000) 12/23 11:13:34 Job was evicted.
	(0) Job was not checkpointed.
		Usr 0 00:36:39, Sys 0 00:00:00  -  Run Remote Usage
		Usr 0 00:00:00, Sys 0 00:00:00  -  Run Local Usage
	0  -  Run Bytes Sent By Job
	0  -  Run Bytes Received By Job
	Partitionable Resources :    Usage  Request Allocated
	   Cpus                 :                 1         1
	   Disk (KB)            :        1        1  18596170
	   Memory (MB)          :       30        1      2676
...
009 (1673159.000.000) 12/23 11:13:34 Job was aborted by the user.
	via condor_rm (by user zhangliang)
...
000 (1673160.000.000) 12/23 11:13:43 Job submitted from host: <172.16.2.141:36601>
...
001 (1673160.000.000) 12/23 11:13:43 Job executing on host: <172.16.2.141:56348>
...
006 (1673160.000.000) 12/23 11:13:51 Image size of job updated: 241596
	28  -  MemoryUsage of job (MB)
	28100  -  ResidentSetSize of job (KB)
...
006 (1673160.000.000) 12/23 11:18:51 Image size of job updated: 241596
	28  -  MemoryUsage of job (MB)
	28412  -  ResidentSetSize of job (KB)
...
006 (1673160.000.000) 12/23 11:28:52 Image size of job updated: 242376
	28  -  MemoryUsage of job (MB)
	28436  -  ResidentSetSize of job (KB)
...
005 (1673160.000.000) 12/23 11:52:49 Job terminated.
	(1) Normal termination (return value 0)
		Usr 0 00:38:57, Sys 0 00:00:00  -  Run Remote Usage
		Usr 0 00:00:00, Sys 0 00:00:00  -  Run Local Usage
		Usr 0 00:38:57, Sys 0 00:00:00  -  Total Remote Usage
		Usr 0 00:00:00, Sys 0 00:00:00  -  Total Local Usage
	0  -  Run Bytes Sent By Job
	0  -  Run Bytes Received By Job
	0  -  Total Bytes Sent By Job
	0  -  Total Bytes Received By Job
	Partitionable Resources :    Usage  Request Allocated
	   Cpus                 :                 1         1
	   Disk (KB)            :        1        1  18596168
	   Memory (MB)          :       28        1      2676
...
000 (1673162.000.000) 12/23 13:43:08 Job submitted from host: <172.16.2.141:36601>
...
001 (1673162.000.000) 12/23 13:43:09 Job executing on host: <172.16.2.151:35010>
...
006 (1673162.000.000) 12/23 13:43:17 Image size of job updated: 256052
	30  -  MemoryUsage of job (MB)
	29928  -  ResidentSetSize of job (KB)
...
006 (1673162.000.000) 12/23 13:48:17 Image size of job updated: 256052
	30  -  MemoryUsage of job (MB)
	29940  -  ResidentSetSize of job (KB)
...
006 (1673162.000.000) 12/23 14:03:19 Image size of job updated: 256836
	30  -  MemoryUsage of job (MB)
	29964  -  ResidentSetSize of job (KB)
...
006 (1673162.000.000) 12/23 14:13:20 Image size of job updated: 256836
	30  -  MemoryUsage of job (MB)
	30548  -  ResidentSetSize of job (KB)
...
006 (1673162.000.000) 12/23 14:43:22 Image size of job updated: 256836
	30  -  MemoryUsage of job (MB)
	30556  -  ResidentSetSize of job (KB)
...
005 (1673162.000.000) 12/23 14:49:38 Job terminated.
	(1) Normal termination (return value 0)
		Usr 0 01:06:17, Sys 0 00:00:00  -  Run Remote Usage
		Usr 0 00:00:00, Sys 0 00:00:00  -  Run Local Usage
		Usr 0 01:06:17, Sys 0 00:00:00  -  Total Remote Usage
		Usr 0 00:00:00, Sys 0 00:00:00  -  Total Local Usage
	0  -  Run Bytes Sent By Job
	0  -  Run Bytes Received By Job
	0  -  Total Bytes Sent By Job
	0  -  Total Bytes Received By Job
	Partitionable Resources :    Usage  Request Allocated
	   Cpus                 :                 1         1
	   Disk (KB)            :        1        1   1084964
	   Memory (MB)          :       30        1     12107
...
000 (1673163.000.000) 12/23 15:49:43 Job submitted from host: <172.16.2.141:36601>
...
001 (1673163.000.000) 12/23 15:49:43 Job executing on host: <172.16.2.141:56348>
...
006 (1673163.000.000) 12/23 15:49:52 Image size of job updated: 241592
	29  -  MemoryUsage of job (MB)
	29324  -  ResidentSetSize of job (KB)
...
006 (1673163.000.000) 12/23 15:54:53 Image size of job updated: 241592
	29  -  MemoryUsage of job (MB)
	29336  -  ResidentSetSize of job (KB)
...
006 (1673163.000.000) 12/23 16:04:54 Image size of job updated: 242372
	29  -  MemoryUsage of job (MB)
	29660  -  ResidentSetSize of job (KB)
...
005 (1673163.000.000) 12/23 16:28:20 Job terminated.
	(1) Normal termination (return value 0)
		Usr 0 00:38:28, Sys 0 00:00:00  -  Run Remote Usage
		Usr 0 00:00:00, Sys 0 00:00:00  -  Run Local Usage
		Usr 0 00:38:28, Sys 0 00:00:00  -  Total Remote Usage
		Usr 0 00:00:00, Sys 0 00:00:00  -  Total Local Usage
	0  -  Run Bytes Sent By Job
	0  -  Run Bytes Received By Job
	0  -  Total Bytes Sent By Job
	0  -  Total Bytes Received By Job
	Partitionable Resources :    Usage  Request Allocated
	   Cpus                 :                 1         1
	   Disk (KB)            :        1        1  18596133
	   Memory (MB)          :       29        1      2676
...
000 (1673168.000.000) 12/23 16:39:55 Job submitted from host: <172.16.2.141:36601>
...
001 (1673168.000.000) 12/23 16:39:56 Job executing on host: <172.16.2.141:56348>
...
006 (1673168.000.000) 12/23 16:40:04 Image size of job updated: 241588
	27  -  MemoryUsage of job (MB)
	26944  -  ResidentSetSize of job (KB)
...
006 (1673168.000.000) 12/23 16:45:04 Image size of job updated: 241588
	27  -  MemoryUsage of job (MB)
	26948  -  ResidentSetSize of job (KB)
...
005 (1673168.000.000) 12/23 16:51:58 Job terminated.
	(1) Normal termination (return value 0)
		Usr 0 00:11:51, Sys 0 00:00:00  -  Run Remote Usage
		Usr 0 00:00:00, Sys 0 00:00:00  -  Run Local Usage
		Usr 0 00:11:51, Sys 0 00:00:00  -  Total Remote Usage
		Usr 0 00:00:00, Sys 0 00:00:00  -  Total Local Usage
	0  -  Run Bytes Sent By Job
	0  -  Run Bytes Received By Job
	0  -  Total Bytes Sent By Job
	0  -  Total Bytes Received By Job
	Partitionable Resources :    Usage  Request Allocated
	   Cpus                 :                 1         1
	   Disk (KB)            :        1        1  18596158
	   Memory (MB)          :       27        1      2676
...
000 (1673169.000.000) 12/23 21:09:13 Job submitted from host: <172.16.2.141:36601>
...
001 (1673169.000.000) 12/23 21:09:22 Job executing on host: <172.16.2.151:35010>
...
006 (1673169.000.000) 12/23 21:09:31 Image size of job updated: 256020
	29  -  MemoryUsage of job (MB)
	29632  -  ResidentSetSize of job (KB)
...
006 (1673169.000.000) 12/23 21:14:31 Image size of job updated: 256020
	30  -  MemoryUsage of job (MB)
	29968  -  ResidentSetSize of job (KB)
...
006 (1673169.000.000) 12/23 21:29:33 Image size of job updated: 256848
	30  -  MemoryUsage of job (MB)
	29992  -  ResidentSetSize of job (KB)
...
005 (1673169.000.000) 12/23 22:06:38 Job terminated.
	(1) Normal termination (return value 0)
		Usr 0 00:57:11, Sys 0 00:00:00  -  Run Remote Usage
		Usr 0 00:00:00, Sys 0 00:00:00  -  Run Local Usage
		Usr 0 00:57:11, Sys 0 00:00:00  -  Total Remote Usage
		Usr 0 00:00:00, Sys 0 00:00:00  -  Total Local Usage
	0  -  Run Bytes Sent By Job
	0  -  Run Bytes Received By Job
	0  -  Total Bytes Sent By Job
	0  -  Total Bytes Received By Job
	Partitionable Resources :    Usage  Request Allocated
	   Cpus                 :                 1         1
	   Disk (KB)            :        1        1   1084978
	   Memory (MB)          :       30        1     12107
...
000 (1673171.000.000) 12/23 23:27:09 Job submitted from host: <172.16.2.141:36601>
...
001 (1673171.000.000) 12/23 23:27:23 Job executing on host: <172.16.2.151:35010>
...
006 (1673171.000.000) 12/23 23:27:32 Image size of job updated: 256016
	29  -  MemoryUsage of job (MB)
	29444  -  ResidentSetSize of job (KB)
...
006 (1673171.000.000) 12/23 23:32:32 Image size of job updated: 256016
	31  -  MemoryUsage of job (MB)
	31512  -  ResidentSetSize of job (KB)
...
006 (1673171.000.000) 12/23 23:47:34 Image size of job updated: 256844
	31  -  MemoryUsage of job (MB)
	31536  -  ResidentSetSize of job (KB)
...
006 (1673171.000.000) 12/24 00:27:37 Image size of job updated: 256844
	31  -  MemoryUsage of job (MB)
	31556  -  ResidentSetSize of job (KB)
...
005 (1673171.000.000) 12/24 03:05:00 Job terminated.
	(1) Normal termination (return value 0)
		Usr 0 03:32:15, Sys 0 00:00:00  -  Run Remote Usage
		Usr 0 00:00:00, Sys 0 00:00:00  -  Run Local Usage
		Usr 0 03:32:15, Sys 0 00:00:00  -  Total Remote Usage
		Usr 0 00:00:00, Sys 0 00:00:00  -  Total Local Usage
	0  -  Run Bytes Sent By Job
	0  -  Run Bytes Received By Job
	0  -  Total Bytes Sent By Job
	0  -  Total Bytes Received By Job
	Partitionable Resources :    Usage  Request Allocated
	   Cpus                 :                 1         1
	   Disk (KB)            :        1        1   1084975
	   Memory (MB)          :       31        1     12107
...
000 (1673183.000.000) 12/24 22:48:09 Job submitted from host: <172.16.2.141:36601>
...
001 (1673183.000.000) 12/24 22:48:25 Job executing on host: <172.16.2.141:56348>
...
006 (1673183.000.000) 12/24 22:48:35 Image size of job updated: 242148
	29  -  MemoryUsage of job (MB)
	28736  -  ResidentSetSize of job (KB)
...
006 (1673183.000.000) 12/24 22:53:35 Image size of job updated: 242148
	29  -  MemoryUsage of job (MB)
	28764  -  ResidentSetSize of job (KB)
...
006 (1673183.000.000) 12/24 23:08:37 Image size of job updated: 242980
	29  -  MemoryUsage of job (MB)
	28804  -  ResidentSetSize of job (KB)
...
006 (1673183.000.000) 12/24 23:13:37 Image size of job updated: 242980
	30  -  MemoryUsage of job (MB)
	29876  -  ResidentSetSize of job (KB)
...
006 (1673183.000.000) 12/24 23:48:40 Image size of job updated: 242980
	30  -  MemoryUsage of job (MB)
	29904  -  ResidentSetSize of job (KB)
...
005 (1673183.000.000) 12/25 02:18:35 Job terminated.
	(1) Normal termination (return value 0)
		Usr 0 03:29:01, Sys 0 00:00:02  -  Run Remote Usage
		Usr 0 00:00:00, Sys 0 00:00:00  -  Run Local Usage
		Usr 0 03:29:01, Sys 0 00:00:02  -  Total Remote Usage
		Usr 0 00:00:00, Sys 0 00:00:00  -  Total Local Usage
	0  -  Run Bytes Sent By Job
	0  -  Run Bytes Received By Job
	0  -  Total Bytes Sent By Job
	0  -  Total Bytes Received By Job
	Partitionable Resources :    Usage  Request Allocated
	   Cpus                 :                 1         1
	   Disk (KB)            :        1        1  18595965
	   Memory (MB)          :       30        1      2676
...
000 (1673184.000.000) 12/25 08:28:15 Job submitted from host: <172.16.2.141:36601>
...
001 (1673184.000.000) 12/25 08:28:16 Job executing on host: <172.16.2.141:56348>
...
006 (1673184.000.000) 12/25 08:28:25 Image size of job updated: 239416
	25  -  MemoryUsage of job (MB)
	25216  -  ResidentSetSize of job (KB)
...
006 (1673184.000.000) 12/25 08:33:26 Image size of job updated: 239416
	25  -  MemoryUsage of job (MB)
	25244  -  ResidentSetSize of job (KB)
...
006 (1673184.000.000) 12/25 08:48:28 Image size of job updated: 240248
	25  -  MemoryUsage of job (MB)
	25288  -  ResidentSetSize of job (KB)
...
006 (1673184.000.000) 12/25 09:08:29 Image size of job updated: 240248
	25  -  MemoryUsage of job (MB)
	25300  -  ResidentSetSize of job (KB)
...
005 (1673184.000.000) 12/25 09:25:01 Job terminated.
	(1) Normal termination (return value 139)
		Usr 0 00:56:10, Sys 0 00:00:00  -  Run Remote Usage
		Usr 0 00:00:00, Sys 0 00:00:00  -  Run Local Usage
		Usr 0 00:56:10, Sys 0 00:00:00  -  Total Remote Usage
		Usr 0 00:00:00, Sys 0 00:00:00  -  Total Local Usage
	0  -  Run Bytes Sent By Job
	0  -  Run Bytes Received By Job
	0  -  Total Bytes Sent By Job
	0  -  Total Bytes Received By Job
	Partitionable Resources :    Usage  Request Allocated
	   Cpus                 :                 1         1
	   Disk (KB)            :        1        1  18595860
	   Memory (MB)          :       25        1      2676
...
000 (1673186.000.000) 12/25 09:26:50 Job submitted from host: <172.16.2.141:36601>
...
001 (1673186.000.000) 12/25 09:26:59 Job executing on host: <172.16.2.151:35010>
...
006 (1673186.000.000) 12/25 09:27:07 Image size of job updated: 252808
	26  -  MemoryUsage of job (MB)
	25608  -  ResidentSetSize of job (KB)
...
006 (1673186.000.000) 12/25 09:32:08 Image size of job updated: 252808
	26  -  MemoryUsage of job (MB)
	25640  -  ResidentSetSize of job (KB)
...
006 (1673186.000.000) 12/25 09:47:10 Image size of job updated: 253720
	26  -  MemoryUsage of job (MB)
	25672  -  ResidentSetSize of job (KB)
...
006 (1673186.000.000) 12/25 10:07:13 Image size of job updated: 253720
	26  -  MemoryUsage of job (MB)
	25684  -  ResidentSetSize of job (KB)
...
005 (1673186.000.000) 12/25 10:25:52 Job terminated.
	(1) Normal termination (return value 139)
		Usr 0 00:58:04, Sys 0 00:00:00  -  Run Remote Usage
		Usr 0 00:00:00, Sys 0 00:00:00  -  Run Local Usage
		Usr 0 00:58:04, Sys 0 00:00:00  -  Total Remote Usage
		Usr 0 00:00:00, Sys 0 00:00:00  -  Total Local Usage
	0  -  Run Bytes Sent By Job
	0  -  Run Bytes Received By Job
	0  -  Total Bytes Sent By Job
	0  -  Total Bytes Received By Job
	Partitionable Resources :    Usage  Request Allocated
	   Cpus                 :                 1         1
	   Disk (KB)            :        1        1   1084936
	   Memory (MB)          :       26        1     12107
...
000 (1673187.000.000) 12/25 10:36:20 Job submitted from host: <172.16.2.141:36601>
...
001 (1673187.000.000) 12/25 10:36:20 Job executing on host: <172.16.2.141:56348>
...
006 (1673187.000.000) 12/25 10:36:29 Image size of job updated: 239412
	26  -  MemoryUsage of job (MB)
	26580  -  ResidentSetSize of job (KB)
...
006 (1673187.000.000) 12/25 10:41:29 Image size of job updated: 239412
	26  -  MemoryUsage of job (MB)
	26608  -  ResidentSetSize of job (KB)
...
006 (1673187.000.000) 12/25 10:56:30 Image size of job updated: 240244
	27  -  MemoryUsage of job (MB)
	26652  -  ResidentSetSize of job (KB)
...
006 (1673187.000.000) 12/25 11:16:31 Image size of job updated: 240244
	27  -  MemoryUsage of job (MB)
	26664  -  ResidentSetSize of job (KB)
...
006 (1673187.000.000) 12/25 11:32:53 Image size of job updated: 896608
	27  -  MemoryUsage of job (MB)
	26664  -  ResidentSetSize of job (KB)
...
005 (1673187.000.000) 12/25 11:32:53 Job terminated.
	(1) Normal termination (return value 139)
		Usr 0 00:56:22, Sys 0 00:00:00  -  Run Remote Usage
		Usr 0 00:00:00, Sys 0 00:00:00  -  Run Local Usage
		Usr 0 00:56:22, Sys 0 00:00:00  -  Total Remote Usage
		Usr 0 00:00:00, Sys 0 00:00:00  -  Total Local Usage
	0  -  Run Bytes Sent By Job
	0  -  Run Bytes Received By Job
	0  -  Total Bytes Sent By Job
	0  -  Total Bytes Received By Job
	Partitionable Resources :    Usage  Request Allocated
	   Cpus                 :                 1         1
	   Disk (KB)            :        1        1  18595807
	   Memory (MB)          :       27        1      2676
...
000 (1673188.000.000) 12/25 11:42:39 Job submitted from host: <172.16.2.141:36601>
...
001 (1673188.000.000) 12/25 11:42:42 Job executing on host: <172.16.2.141:56348>
...
006 (1673188.000.000) 12/25 11:42:46 Image size of job updated: 242148
	0  -  MemoryUsage of job (MB)
	0  -  ResidentSetSize of job (KB)
...
004 (1673188.000.000) 12/25 11:42:46 Job was evicted.
	(0) Job was not checkpointed.
		Usr 0 00:00:03, Sys 0 00:00:00  -  Run Remote Usage
		Usr 0 00:00:00, Sys 0 00:00:00  -  Run Local Usage
	0  -  Run Bytes Sent By Job
	0  -  Run Bytes Received By Job
	Partitionable Resources :    Usage  Request Allocated
	   Cpus                 :                 1         1
	   Disk (KB)            :        1        1  18595866
	   Memory (MB)          :        0        1      2676
...
009 (1673188.000.000) 12/25 11:42:46 Job was aborted by the user.
	via condor_rm (by user zhangliang)
...
000 (1673189.000.000) 12/25 11:44:21 Job submitted from host: <172.16.2.141:36601>
...
001 (1673189.000.000) 12/25 11:44:21 Job executing on host: <172.16.2.141:56348>
...
006 (1673189.000.000) 12/25 11:44:30 Image size of job updated: 242156
	29  -  MemoryUsage of job (MB)
	28740  -  ResidentSetSize of job (KB)
...
006 (1673189.000.000) 12/25 11:49:31 Image size of job updated: 242156
	29  -  MemoryUsage of job (MB)
	29072  -  ResidentSetSize of job (KB)
...
006 (1673189.000.000) 12/25 12:04:33 Image size of job updated: 242988
	29  -  MemoryUsage of job (MB)
	29108  -  ResidentSetSize of job (KB)
...
006 (1673189.000.000) 12/25 12:24:34 Image size of job updated: 242988
	29  -  MemoryUsage of job (MB)
	29124  -  ResidentSetSize of job (KB)
...
006 (1673189.000.000) 12/25 12:44:36 Image size of job updated: 242988
	29  -  MemoryUsage of job (MB)
	29184  -  ResidentSetSize of job (KB)
...
006 (1673189.000.000) 12/25 13:04:39 Image size of job updated: 242988
	29  -  MemoryUsage of job (MB)
	29188  -  ResidentSetSize of job (KB)
...
005 (1673189.000.000) 12/25 15:16:29 Job terminated.
	(1) Normal termination (return value 0)
		Usr 0 03:30:30, Sys 0 00:00:00  -  Run Remote Usage
		Usr 0 00:00:00, Sys 0 00:00:00  -  Run Local Usage
		Usr 0 03:30:30, Sys 0 00:00:00  -  Total Remote Usage
		Usr 0 00:00:00, Sys 0 00:00:00  -  Total Local Usage
	0  -  Run Bytes Sent By Job
	0  -  Run Bytes Received By Job
	0  -  Total Bytes Sent By Job
	0  -  Total Bytes Received By Job
	Partitionable Resources :    Usage  Request Allocated
	   Cpus                 :                 1         1
	   Disk (KB)            :        1        1  18595865
	   Memory (MB)          :       29        1      2676
...
000 (1673192.000.000) 12/26 00:07:14 Job submitted from host: <172.16.2.141:36601>
...
001 (1673192.000.000) 12/26 00:07:26 Job executing on host: <172.16.2.141:56348>
...
006 (1673192.000.000) 12/26 00:07:30 Image size of job updated: 242152
	0  -  MemoryUsage of job (MB)
	0  -  ResidentSetSize of job (KB)
...
004 (1673192.000.000) 12/26 00:07:30 Job was evicted.
	(0) Job was not checkpointed.
		Usr 0 00:00:03, Sys 0 00:00:00  -  Run Remote Usage
		Usr 0 00:00:00, Sys 0 00:00:00  -  Run Local Usage
	0  -  Run Bytes Sent By Job
	0  -  Run Bytes Received By Job
	Partitionable Resources :    Usage  Request Allocated
	   Cpus                 :                 1         1
	   Disk (KB)            :        1        1  18595732
	   Memory (MB)          :        0        1      2676
...
009 (1673192.000.000) 12/26 00:07:31 Job was aborted by the user.
	via condor_rm (by user zhangliang)
...
000 (1673193.000.000) 12/26 00:07:59 Job submitted from host: <172.16.2.141:36601>
...
001 (1673193.000.000) 12/26 00:08:00 Job executing on host: <172.16.2.141:56348>
...
006 (1673193.000.000) 12/26 00:08:09 Image size of job updated: 242156
	30  -  MemoryUsage of job (MB)
	30468  -  ResidentSetSize of job (KB)
...
006 (1673193.000.000) 12/26 00:13:10 Image size of job updated: 242156
	30  -  MemoryUsage of job (MB)
	30472  -  ResidentSetSize of job (KB)
...
006 (1673193.000.000) 12/26 00:28:11 Image size of job updated: 243024
	30  -  MemoryUsage of job (MB)
	30508  -  ResidentSetSize of job (KB)
...
006 (1673193.000.000) 12/26 00:33:12 Image size of job updated: 243024
	31  -  MemoryUsage of job (MB)
	31364  -  ResidentSetSize of job (KB)
...
006 (1673193.000.000) 12/26 00:48:13 Image size of job updated: 243024
	31  -  MemoryUsage of job (MB)
	31368  -  ResidentSetSize of job (KB)
...
006 (1673193.000.000) 12/26 01:03:15 Image size of job updated: 243024
	31  -  MemoryUsage of job (MB)
	31424  -  ResidentSetSize of job (KB)
...
006 (1673193.000.000) 12/26 01:13:16 Image size of job updated: 243024
	31  -  MemoryUsage of job (MB)
	31428  -  ResidentSetSize of job (KB)
...
