000 (28203.071.000) 12/31 10:12:06 Job submitted from host: <172.16.11.200:9618?addrs=172.16.11.200-9618&noUDP&sock=14877_46f2_4>
...
001 (28203.071.000) 12/31 10:12:16 Job executing on host: <172.16.11.231:9618?addrs=172.16.11.231-9618&noUDP&sock=startd_22895_f54e_4>
...
006 (28203.071.000) 12/31 10:12:25 Image size of job updated: 35388
	35  -  MemoryUsage of job (MB)
	35388  -  ResidentSetSize of job (KB)
...
006 (28203.071.000) 12/31 10:27:26 Image size of job updated: 35496
	35  -  MemoryUsage of job (MB)
	35496  -  ResidentSetSize of job (KB)
...
004 (28203.071.000) 12/31 13:14:29 Job was evicted.
	(0) CPU times
		Usr 0 03:02:03, Sys 0 00:00:07  -  Run Remote Usage
		Usr 0 00:00:00, Sys 0 00:00:00  -  Run Local Usage
	0  -  Run Bytes Sent By Job
	0  -  Run Bytes Received By Job
	Partitionable Resources :    Usage  Request Allocated 
	   Cpus                 :     1.00        1         1 
	   Disk (KB)            :     1           1    241059 
	   Memory (MB)          :    35           1      2008 
...
009 (28203.071.000) 12/31 13:14:29 Job was aborted by the user.
	via condor_rm (by user zhangliang)
...
000 (28206.071.000) 12/31 14:09:35 Job submitted from host: <172.16.11.200:9618?addrs=172.16.11.200-9618&noUDP&sock=14877_46f2_4>
...
001 (28206.071.000) 01/01 14:01:49 Job executing on host: <172.16.11.231:9618?addrs=172.16.11.231-9618&noUDP&sock=startd_22895_f54e_4>
...
006 (28206.071.000) 01/01 14:01:58 Image size of job updated: 35280
	35  -  MemoryUsage of job (MB)
	35280  -  ResidentSetSize of job (KB)
...
006 (28206.071.000) 01/01 15:07:05 Image size of job updated: 35360
	35  -  MemoryUsage of job (MB)
	35360  -  ResidentSetSize of job (KB)
...
005 (28206.071.000) 01/02 10:04:36 Job terminated.
	(1) Normal termination (return value 0)
		Usr 0 20:01:12, Sys 0 00:01:01  -  Run Remote Usage
		Usr 0 00:00:00, Sys 0 00:00:00  -  Run Local Usage
		Usr 0 20:01:12, Sys 0 00:01:01  -  Total Remote Usage
		Usr 0 00:00:00, Sys 0 00:00:00  -  Total Local Usage
	0  -  Run Bytes Sent By Job
	0  -  Run Bytes Received By Job
	0  -  Total Bytes Sent By Job
	0  -  Total Bytes Received By Job
	Partitionable Resources :    Usage  Request Allocated 
	   Cpus                 :     1.00        1         1 
	   Disk (KB)            :     1           1    241059 
	   Memory (MB)          :    35           1      2008 
...
000 (28248.071.000) 01/05 15:45:56 Job submitted from host: <172.16.11.200:9618?addrs=172.16.11.200-9618&noUDP&sock=14877_46f2_4>
...
001 (28248.071.000) 01/05 17:36:33 Job executing on host: <172.16.11.234:9618?addrs=172.16.11.234-9618&alias=pc-farm4&noUDP&sock=startd_5195_3aff>
...
006 (28248.071.000) 01/05 17:36:42 Image size of job updated: 34940
	35  -  MemoryUsage of job (MB)
	34940  -  ResidentSetSize of job (KB)
...
006 (28248.071.000) 01/05 17:41:43 Image size of job updated: 422640
	35  -  MemoryUsage of job (MB)
	34940  -  ResidentSetSize of job (KB)
...
006 (28248.071.000) 01/05 17:51:43 Image size of job updated: 423424
	35  -  MemoryUsage of job (MB)
	34948  -  ResidentSetSize of job (KB)
...
005 (28248.071.000) 01/06 02:44:45 Job terminated.
	(1) Normal termination (return value 0)
		Usr 0 08:42:30, Sys 0 00:00:03  -  Run Remote Usage
		Usr 0 00:00:00, Sys 0 00:00:00  -  Run Local Usage
		Usr 0 08:42:30, Sys 0 00:00:03  -  Total Remote Usage
		Usr 0 00:00:00, Sys 0 00:00:00  -  Total Local Usage
	0  -  Run Bytes Sent By Job
	0  -  Run Bytes Received By Job
	0  -  Total Bytes Sent By Job
	0  -  Total Bytes Received By Job
	Partitionable Resources :    Usage  Request Allocated 
	   Cpus                 :     0.96        1         1 
	   Disk (KB)            :     1           1    255907 
	   Memory (MB)          :    35           1       999 
...
000 (28271.071.000) 01/06 15:26:51 Job submitted from host: <172.16.11.200:9618?addrs=172.16.11.200-9618&noUDP&sock=14877_46f2_4>
...
009 (28271.071.000) 01/06 15:47:45 Job was aborted by the user.
	via condor_rm (by user zhangliang)
...
