000 (1673162.041.000) 12/23 13:43:08 Job submitted from host: <172.16.2.141:36601>
...
001 (1673162.041.000) 12/23 13:43:11 Job executing on host: <172.16.2.141:56348>
...
006 (1673162.041.000) 12/23 13:43:20 Image size of job updated: 241600
	27  -  MemoryUsage of job (MB)
	26924  -  ResidentSetSize of job (KB)
...
006 (1673162.041.000) 12/23 13:48:21 Image size of job updated: 241600
	27  -  MemoryUsage of job (MB)
	26964  -  ResidentSetSize of job (KB)
...
006 (1673162.041.000) 12/23 14:03:22 Image size of job updated: 242380
	27  -  MemoryUsage of job (MB)
	26988  -  ResidentSetSize of job (KB)
...
006 (1673162.041.000) 12/23 14:43:27 Image size of job updated: 242380
	27  -  MemoryUsage of job (MB)
	27000  -  ResidentSetSize of job (KB)
...
005 (1673162.041.000) 12/23 14:45:14 Job terminated.
	(1) Normal termination (return value 0)
		Usr 0 01:02:02, Sys 0 00:00:00  -  Run Remote Usage
		Usr 0 00:00:00, Sys 0 00:00:00  -  Run Local Usage
		Usr 0 01:02:02, Sys 0 00:00:00  -  Total Remote Usage
		Usr 0 00:00:00, Sys 0 00:00:00  -  Total Local Usage
	0  -  Run Bytes Sent By Job
	0  -  Run Bytes Received By Job
	0  -  Total Bytes Sent By Job
	0  -  Total Bytes Received By Job
	Partitionable Resources :    Usage  Request Allocated
	   Cpus                 :                 1         1
	   Disk (KB)            :        1        1  18596145
	   Memory (MB)          :       27        1      2676
...
000 (1673169.041.000) 12/23 21:09:13 Job submitted from host: <172.16.2.141:36601>
...
001 (1673169.041.000) 12/23 21:09:24 Job executing on host: <172.16.2.141:56348>
...
006 (1673169.041.000) 12/23 21:09:33 Image size of job updated: 95656
	3  -  MemoryUsage of job (MB)
	2108  -  ResidentSetSize of job (KB)
...
006 (1673169.041.000) 12/23 21:14:34 Image size of job updated: 241560
	27  -  MemoryUsage of job (MB)
	26976  -  ResidentSetSize of job (KB)
...
006 (1673169.041.000) 12/23 21:29:36 Image size of job updated: 242388
	27  -  MemoryUsage of job (MB)
	27000  -  ResidentSetSize of job (KB)
...
005 (1673169.041.000) 12/23 21:55:59 Job terminated.
	(1) Normal termination (return value 0)
		Usr 0 00:46:29, Sys 0 00:00:00  -  Run Remote Usage
		Usr 0 00:00:00, Sys 0 00:00:00  -  Run Local Usage
		Usr 0 00:46:29, Sys 0 00:00:00  -  Total Remote Usage
		Usr 0 00:00:00, Sys 0 00:00:00  -  Total Local Usage
	0  -  Run Bytes Sent By Job
	0  -  Run Bytes Received By Job
	0  -  Total Bytes Sent By Job
	0  -  Total Bytes Received By Job
	Partitionable Resources :    Usage  Request Allocated
	   Cpus                 :                 1         1
	   Disk (KB)            :        1        1  18596152
	   Memory (MB)          :       27        1      2676
...
000 (1673171.041.000) 12/23 23:27:09 Job submitted from host: <172.16.2.141:36601>
...
001 (1673171.041.000) 12/23 23:27:25 Job executing on host: <172.16.2.141:56348>
...
006 (1673171.041.000) 12/23 23:27:34 Image size of job updated: 241552
	28  -  MemoryUsage of job (MB)
	28120  -  ResidentSetSize of job (KB)
...
006 (1673171.041.000) 12/23 23:32:35 Image size of job updated: 241552
	28  -  MemoryUsage of job (MB)
	28124  -  ResidentSetSize of job (KB)
...
006 (1673171.041.000) 12/23 23:47:36 Image size of job updated: 242380
	28  -  MemoryUsage of job (MB)
	28148  -  ResidentSetSize of job (KB)
...
006 (1673171.041.000) 12/24 00:17:40 Image size of job updated: 242380
	28  -  MemoryUsage of job (MB)
	28168  -  ResidentSetSize of job (KB)
...
005 (1673171.041.000) 12/24 02:24:52 Job terminated.
	(1) Normal termination (return value 0)
		Usr 0 02:57:01, Sys 0 00:00:04  -  Run Remote Usage
		Usr 0 00:00:00, Sys 0 00:00:00  -  Run Local Usage
		Usr 0 02:57:01, Sys 0 00:00:04  -  Total Remote Usage
		Usr 0 00:00:00, Sys 0 00:00:00  -  Total Local Usage
	0  -  Run Bytes Sent By Job
	0  -  Run Bytes Received By Job
	0  -  Total Bytes Sent By Job
	0  -  Total Bytes Received By Job
	Partitionable Resources :    Usage  Request Allocated
	   Cpus                 :                 1         1
	   Disk (KB)            :        1        1  18596092
	   Memory (MB)          :       28        1      2676
...
000 (1673183.041.000) 12/24 22:48:09 Job submitted from host: <172.16.2.141:36601>
...
001 (1673183.041.000) 12/24 22:48:28 Job executing on host: <172.16.2.151:35010>
...
006 (1673183.041.000) 12/24 22:48:37 Image size of job updated: 256560
	30  -  MemoryUsage of job (MB)
	30540  -  ResidentSetSize of job (KB)
...
006 (1673183.041.000) 12/24 22:53:37 Image size of job updated: 256560
	31  -  MemoryUsage of job (MB)
	30912  -  ResidentSetSize of job (KB)
...
006 (1673183.041.000) 12/24 23:08:39 Image size of job updated: 257432
	31  -  MemoryUsage of job (MB)
	30952  -  ResidentSetSize of job (KB)
...
006 (1673183.041.000) 12/24 23:23:41 Image size of job updated: 257432
	31  -  MemoryUsage of job (MB)
	30964  -  ResidentSetSize of job (KB)
...
006 (1673183.041.000) 12/24 23:43:42 Image size of job updated: 257432
	31  -  MemoryUsage of job (MB)
	31004  -  ResidentSetSize of job (KB)
...
005 (1673183.041.000) 12/25 02:06:58 Job terminated.
	(1) Normal termination (return value 0)
		Usr 0 03:18:11, Sys 0 00:00:00  -  Run Remote Usage
		Usr 0 00:00:00, Sys 0 00:00:00  -  Run Local Usage
		Usr 0 03:18:11, Sys 0 00:00:00  -  Total Remote Usage
		Usr 0 00:00:00, Sys 0 00:00:00  -  Total Local Usage
	0  -  Run Bytes Sent By Job
	0  -  Run Bytes Received By Job
	0  -  Total Bytes Sent By Job
	0  -  Total Bytes Received By Job
	Partitionable Resources :    Usage  Request Allocated
	   Cpus                 :                 1         1
	   Disk (KB)            :        1        1   1084986
	   Memory (MB)          :       31        1     12107
...
000 (1673184.041.000) 12/25 08:28:15 Job submitted from host: <172.16.2.141:36601>
...
001 (1673184.041.000) 12/25 08:28:27 Job executing on host: <172.16.2.151:35010>
...
006 (1673184.041.000) 12/25 08:28:35 Image size of job updated: 252804
	27  -  MemoryUsage of job (MB)
	26772  -  ResidentSetSize of job (KB)
...
006 (1673184.041.000) 12/25 08:33:36 Image size of job updated: 252804
	27  -  MemoryUsage of job (MB)
	26776  -  ResidentSetSize of job (KB)
...
006 (1673184.041.000) 12/25 08:48:36 Image size of job updated: 253716
	27  -  MemoryUsage of job (MB)
	26808  -  ResidentSetSize of job (KB)
...
006 (1673184.041.000) 12/25 09:08:38 Image size of job updated: 253716
	27  -  MemoryUsage of job (MB)
	26820  -  ResidentSetSize of job (KB)
...
006 (1673184.041.000) 12/25 09:25:01 Image size of job updated: 466932
	27  -  MemoryUsage of job (MB)
	26820  -  ResidentSetSize of job (KB)
...
005 (1673184.041.000) 12/25 09:25:01 Job terminated.
	(1) Normal termination (return value 139)
		Usr 0 00:56:30, Sys 0 00:00:00  -  Run Remote Usage
		Usr 0 00:00:00, Sys 0 00:00:00  -  Run Local Usage
		Usr 0 00:56:30, Sys 0 00:00:00  -  Total Remote Usage
		Usr 0 00:00:00, Sys 0 00:00:00  -  Total Local Usage
	0  -  Run Bytes Sent By Job
	0  -  Run Bytes Received By Job
	0  -  Total Bytes Sent By Job
	0  -  Total Bytes Received By Job
	Partitionable Resources :    Usage  Request Allocated
	   Cpus                 :                 1         1
	   Disk (KB)            :        1        1   1084951
	   Memory (MB)          :       27        1     12107
...
000 (1673186.041.000) 12/25 09:26:50 Job submitted from host: <172.16.2.141:36601>
...
001 (1673186.041.000) 12/25 10:23:25 Job executing on host: <172.16.2.141:56348>
...
006 (1673186.041.000) 12/25 10:23:33 Image size of job updated: 239416
	25  -  MemoryUsage of job (MB)
	25232  -  ResidentSetSize of job (KB)
...
006 (1673186.041.000) 12/25 10:28:33 Image size of job updated: 239416
	25  -  MemoryUsage of job (MB)
	25236  -  ResidentSetSize of job (KB)
...
004 (1673186.041.000) 12/25 10:36:12 Job was evicted.
	(0) Job was not checkpointed.
		Usr 0 00:12:47, Sys 0 00:00:00  -  Run Remote Usage
		Usr 0 00:00:00, Sys 0 00:00:00  -  Run Local Usage
	0  -  Run Bytes Sent By Job
	0  -  Run Bytes Received By Job
	Partitionable Resources :    Usage  Request Allocated
	   Cpus                 :                 1         1
	   Disk (KB)            :        1        1  18595807
	   Memory (MB)          :       25        1      2676
...
009 (1673186.041.000) 12/25 10:36:13 Job was aborted by the user.
	via condor_rm (by user zhangliang)
...
000 (1673187.041.000) 12/25 10:36:20 Job submitted from host: <172.16.2.141:36601>
...
001 (1673187.041.000) 12/25 11:32:43 Job executing on host: <172.16.2.141:56348>
...
006 (1673187.041.000) 12/25 11:32:52 Image size of job updated: 239420
	25  -  MemoryUsage of job (MB)
	25452  -  ResidentSetSize of job (KB)
...
006 (1673187.041.000) 12/25 11:37:53 Image size of job updated: 239420
	25  -  MemoryUsage of job (MB)
	25456  -  ResidentSetSize of job (KB)
...
004 (1673187.041.000) 12/25 11:42:35 Job was evicted.
	(0) Job was not checkpointed.
		Usr 0 00:09:51, Sys 0 00:00:00  -  Run Remote Usage
		Usr 0 00:00:00, Sys 0 00:00:00  -  Run Local Usage
	0  -  Run Bytes Sent By Job
	0  -  Run Bytes Received By Job
	Partitionable Resources :    Usage  Request Allocated
	   Cpus                 :                 1         1
	   Disk (KB)            :        1        1  18595803
	   Memory (MB)          :       25        1      2676
...
009 (1673187.041.000) 12/25 11:42:35 Job was aborted by the user.
	via condor_rm (by user zhangliang)
...
000 (1673188.041.000) 12/25 11:42:39 Job submitted from host: <172.16.2.141:36601>
...
009 (1673188.041.000) 12/25 11:42:46 Job was aborted by the user.
	via condor_rm (by user zhangliang)
...
000 (1673189.041.000) 12/25 11:44:21 Job submitted from host: <172.16.2.141:36601>
...
001 (1673189.041.000) 12/25 15:14:21 Job executing on host: <172.16.2.141:56348>
...
006 (1673189.041.000) 12/25 15:14:30 Image size of job updated: 242152
	29  -  MemoryUsage of job (MB)
	28852  -  ResidentSetSize of job (KB)
...
006 (1673189.041.000) 12/25 15:19:31 Image size of job updated: 242152
	29  -  MemoryUsage of job (MB)
	28856  -  ResidentSetSize of job (KB)
...
006 (1673189.041.000) 12/25 15:34:33 Image size of job updated: 242984
	29  -  MemoryUsage of job (MB)
	28892  -  ResidentSetSize of job (KB)
...
006 (1673189.041.000) 12/25 15:49:34 Image size of job updated: 242984
	29  -  MemoryUsage of job (MB)
	28908  -  ResidentSetSize of job (KB)
...
006 (1673189.041.000) 12/25 16:04:35 Image size of job updated: 242984
	29  -  MemoryUsage of job (MB)
	28972  -  ResidentSetSize of job (KB)
...
006 (1673189.041.000) 12/25 16:09:36 Image size of job updated: 242984
	29  -  MemoryUsage of job (MB)
	29164  -  ResidentSetSize of job (KB)
...
005 (1673189.041.000) 12/25 17:43:59 Job terminated.
	(1) Normal termination (return value 0)
		Usr 0 02:29:29, Sys 0 00:00:00  -  Run Remote Usage
		Usr 0 00:00:00, Sys 0 00:00:00  -  Run Local Usage
		Usr 0 02:29:29, Sys 0 00:00:00  -  Total Remote Usage
		Usr 0 00:00:00, Sys 0 00:00:00  -  Total Local Usage
	0  -  Run Bytes Sent By Job
	0  -  Run Bytes Received By Job
	0  -  Total Bytes Sent By Job
	0  -  Total Bytes Received By Job
	Partitionable Resources :    Usage  Request Allocated
	   Cpus                 :                 1         1
	   Disk (KB)            :        1        1  18595862
	   Memory (MB)          :       29        1      2676
...
000 (1673192.041.000) 12/26 00:07:14 Job submitted from host: <172.16.2.141:36601>
...
001 (1673192.041.000) 12/26 00:07:29 Job executing on host: <172.16.2.151:35010>
...
006 (1673192.041.000) 12/26 00:07:30 Image size of job updated: 150476
	0  -  MemoryUsage of job (MB)
	0  -  ResidentSetSize of job (KB)
...
004 (1673192.041.000) 12/26 00:07:31 Job was evicted.
	(0) Job was not checkpointed.
		Usr 0 00:00:01, Sys 0 00:00:00  -  Run Remote Usage
		Usr 0 00:00:00, Sys 0 00:00:00  -  Run Local Usage
	0  -  Run Bytes Sent By Job
	0  -  Run Bytes Received By Job
	Partitionable Resources :    Usage  Request Allocated
	   Cpus                 :                 1         1
	   Disk (KB)            :        1        1   1085019
	   Memory (MB)          :        0        1     12107
...
009 (1673192.041.000) 12/26 00:07:33 Job was aborted by the user.
	via condor_rm (by user zhangliang)
...
000 (1673193.041.000) 12/26 00:07:59 Job submitted from host: <172.16.2.141:36601>
...
001 (1673193.041.000) 12/26 00:08:03 Job executing on host: <172.16.2.151:35010>
...
006 (1673193.041.000) 12/26 00:08:12 Image size of job updated: 396532
	30  -  MemoryUsage of job (MB)
	30472  -  ResidentSetSize of job (KB)
...
006 (1673193.041.000) 12/26 00:13:12 Image size of job updated: 396532
	30  -  MemoryUsage of job (MB)
	30504  -  ResidentSetSize of job (KB)
...
006 (1673193.041.000) 12/26 00:28:13 Image size of job updated: 396532
	30  -  MemoryUsage of job (MB)
	30536  -  ResidentSetSize of job (KB)
...
006 (1673193.041.000) 12/26 00:48:15 Image size of job updated: 396532
	30  -  MemoryUsage of job (MB)
	30552  -  ResidentSetSize of job (KB)
...
006 (1673193.041.000) 12/26 00:53:15 Image size of job updated: 396532
	31  -  MemoryUsage of job (MB)
	31068  -  ResidentSetSize of job (KB)
...
006 (1673193.041.000) 12/26 01:08:17 Image size of job updated: 396532
	31  -  MemoryUsage of job (MB)
	31128  -  ResidentSetSize of job (KB)
...
