000 (28203.065.000) 12/31 10:12:06 Job submitted from host: <172.16.11.200:9618?addrs=172.16.11.200-9618&noUDP&sock=14877_46f2_4>
...
001 (28203.065.000) 12/31 10:12:14 Job executing on host: <172.16.11.231:9618?addrs=172.16.11.231-9618&noUDP&sock=startd_22895_f54e_4>
...
006 (28203.065.000) 12/31 10:12:24 Image size of job updated: 35416
	35  -  MemoryUsage of job (MB)
	35416  -  ResidentSetSize of job (KB)
...
006 (28203.065.000) 12/31 10:22:25 Image size of job updated: 35472
	35  -  MemoryUsage of job (MB)
	35472  -  ResidentSetSize of job (KB)
...
006 (28203.065.000) 12/31 10:27:25 Image size of job updated: 35528
	35  -  MemoryUsage of job (MB)
	35528  -  ResidentSetSize of job (KB)
...
004 (28203.065.000) 12/31 13:14:29 Job was evicted.
	(0) CPU times
		Usr 0 03:02:11, Sys 0 00:00:00  -  Run Remote Usage
		Usr 0 00:00:00, Sys 0 00:00:00  -  Run Local Usage
	0  -  Run Bytes Sent By Job
	0  -  Run Bytes Received By Job
	Partitionable Resources :    Usage  Request Allocated 
	   Cpus                 :     1.00        1         1 
	   Disk (KB)            :     1           1    241059 
	   Memory (MB)          :    35           1      2008 
...
009 (28203.065.000) 12/31 13:14:29 Job was aborted by the user.
	via condor_rm (by user zhangliang)
...
000 (28206.065.000) 12/31 14:09:35 Job submitted from host: <172.16.11.200:9618?addrs=172.16.11.200-9618&noUDP&sock=14877_46f2_4>
...
001 (28206.065.000) 12/31 14:27:37 Job executing on host: <172.16.11.231:9618?addrs=172.16.11.231-9618&noUDP&sock=startd_22895_f54e_4>
...
006 (28206.065.000) 12/31 14:27:46 Image size of job updated: 35036
	35  -  MemoryUsage of job (MB)
	35036  -  ResidentSetSize of job (KB)
...
006 (28206.065.000) 01/01 01:38:57 Image size of job updated: 35152
	35  -  MemoryUsage of job (MB)
	35152  -  ResidentSetSize of job (KB)
...
005 (28206.065.000) 01/01 10:54:08 Job terminated.
	(1) Normal termination (return value 0)
		Usr 0 20:26:11, Sys 0 00:00:03  -  Run Remote Usage
		Usr 0 00:00:00, Sys 0 00:00:00  -  Run Local Usage
		Usr 0 20:26:11, Sys 0 00:00:03  -  Total Remote Usage
		Usr 0 00:00:00, Sys 0 00:00:00  -  Total Local Usage
	0  -  Run Bytes Sent By Job
	0  -  Run Bytes Received By Job
	0  -  Total Bytes Sent By Job
	0  -  Total Bytes Received By Job
	Partitionable Resources :    Usage  Request Allocated 
	   Cpus                 :     1.00        1         1 
	   Disk (KB)            :     1           1    241059 
	   Memory (MB)          :    35           1      2008 
...
000 (28248.065.000) 01/05 15:45:56 Job submitted from host: <172.16.11.200:9618?addrs=172.16.11.200-9618&noUDP&sock=14877_46f2_4>
...
001 (28248.065.000) 01/05 17:28:33 Job executing on host: <172.16.11.233:9618?addrs=172.16.11.233-9618&alias=pc-farm3&noUDP&sock=startd_4556_edfa>
...
006 (28248.065.000) 01/05 17:28:42 Image size of job updated: 40252
	40  -  MemoryUsage of job (MB)
	40252  -  ResidentSetSize of job (KB)
...
006 (28248.065.000) 01/05 18:58:50 Image size of job updated: 40336
	40  -  MemoryUsage of job (MB)
	40336  -  ResidentSetSize of job (KB)
...
006 (28248.065.000) 01/05 19:08:51 Image size of job updated: 40372
	40  -  MemoryUsage of job (MB)
	40372  -  ResidentSetSize of job (KB)
...
006 (28248.065.000) 01/05 19:13:51 Image size of job updated: 40388
	40  -  MemoryUsage of job (MB)
	40388  -  ResidentSetSize of job (KB)
...
006 (28248.065.000) 01/05 19:18:52 Image size of job updated: 40408
	40  -  MemoryUsage of job (MB)
	40408  -  ResidentSetSize of job (KB)
...
006 (28248.065.000) 01/05 19:23:52 Image size of job updated: 40428
	40  -  MemoryUsage of job (MB)
	40428  -  ResidentSetSize of job (KB)
...
006 (28248.065.000) 01/05 19:28:52 Image size of job updated: 40448
	40  -  MemoryUsage of job (MB)
	40448  -  ResidentSetSize of job (KB)
...
006 (28248.065.000) 01/05 20:03:56 Image size of job updated: 40492
	40  -  MemoryUsage of job (MB)
	40492  -  ResidentSetSize of job (KB)
...
006 (28248.065.000) 01/05 20:08:57 Image size of job updated: 40636
	40  -  MemoryUsage of job (MB)
	40636  -  ResidentSetSize of job (KB)
...
006 (28248.065.000) 01/05 20:18:57 Image size of job updated: 40676
	40  -  MemoryUsage of job (MB)
	40676  -  ResidentSetSize of job (KB)
...
006 (28248.065.000) 01/05 20:28:58 Image size of job updated: 40720
	40  -  MemoryUsage of job (MB)
	40720  -  ResidentSetSize of job (KB)
...
006 (28248.065.000) 01/05 20:33:58 Image size of job updated: 40740
	40  -  MemoryUsage of job (MB)
	40740  -  ResidentSetSize of job (KB)
...
006 (28248.065.000) 01/05 20:38:59 Image size of job updated: 40760
	40  -  MemoryUsage of job (MB)
	40760  -  ResidentSetSize of job (KB)
...
006 (28248.065.000) 01/05 21:04:00 Image size of job updated: 40776
	40  -  MemoryUsage of job (MB)
	40776  -  ResidentSetSize of job (KB)
...
006 (28248.065.000) 01/05 21:09:02 Image size of job updated: 40796
	40  -  MemoryUsage of job (MB)
	40796  -  ResidentSetSize of job (KB)
...
006 (28248.065.000) 01/05 21:14:02 Image size of job updated: 40820
	40  -  MemoryUsage of job (MB)
	40820  -  ResidentSetSize of job (KB)
...
006 (28248.065.000) 01/05 21:19:02 Image size of job updated: 40840
	40  -  MemoryUsage of job (MB)
	40840  -  ResidentSetSize of job (KB)
...
006 (28248.065.000) 01/05 21:24:03 Image size of job updated: 40984
	41  -  MemoryUsage of job (MB)
	40984  -  ResidentSetSize of job (KB)
...
006 (28248.065.000) 01/05 21:29:04 Image size of job updated: 41008
	41  -  MemoryUsage of job (MB)
	41008  -  ResidentSetSize of job (KB)
...
006 (28248.065.000) 01/05 21:34:04 Image size of job updated: 41024
	41  -  MemoryUsage of job (MB)
	41024  -  ResidentSetSize of job (KB)
...
006 (28248.065.000) 01/05 21:44:06 Image size of job updated: 41068
	41  -  MemoryUsage of job (MB)
	41068  -  ResidentSetSize of job (KB)
...
006 (28248.065.000) 01/05 21:49:06 Image size of job updated: 41100
	41  -  MemoryUsage of job (MB)
	41100  -  ResidentSetSize of job (KB)
...
006 (28248.065.000) 01/05 21:54:06 Image size of job updated: 41124
	41  -  MemoryUsage of job (MB)
	41124  -  ResidentSetSize of job (KB)
...
006 (28248.065.000) 01/05 21:59:07 Image size of job updated: 41144
	41  -  MemoryUsage of job (MB)
	41144  -  ResidentSetSize of job (KB)
...
006 (28248.065.000) 01/05 22:09:07 Image size of job updated: 41752
	41  -  MemoryUsage of job (MB)
	41752  -  ResidentSetSize of job (KB)
...
006 (28248.065.000) 01/05 22:14:09 Image size of job updated: 41768
	41  -  MemoryUsage of job (MB)
	41768  -  ResidentSetSize of job (KB)
...
006 (28248.065.000) 01/05 22:19:09 Image size of job updated: 41920
	41  -  MemoryUsage of job (MB)
	41920  -  ResidentSetSize of job (KB)
...
006 (28248.065.000) 01/05 22:44:12 Image size of job updated: 41936
	41  -  MemoryUsage of job (MB)
	41936  -  ResidentSetSize of job (KB)
...
006 (28248.065.000) 01/05 22:49:13 Image size of job updated: 42004
	42  -  MemoryUsage of job (MB)
	42004  -  ResidentSetSize of job (KB)
...
006 (28248.065.000) 01/05 22:54:13 Image size of job updated: 42044
	42  -  MemoryUsage of job (MB)
	42044  -  ResidentSetSize of job (KB)
...
006 (28248.065.000) 01/05 22:59:13 Image size of job updated: 42076
	42  -  MemoryUsage of job (MB)
	42076  -  ResidentSetSize of job (KB)
...
006 (28248.065.000) 01/05 23:04:14 Image size of job updated: 42112
	42  -  MemoryUsage of job (MB)
	42112  -  ResidentSetSize of job (KB)
...
006 (28248.065.000) 01/05 23:09:14 Image size of job updated: 42140
	42  -  MemoryUsage of job (MB)
	42140  -  ResidentSetSize of job (KB)
...
006 (28248.065.000) 01/05 23:14:14 Image size of job updated: 42168
	42  -  MemoryUsage of job (MB)
	42168  -  ResidentSetSize of job (KB)
...
006 (28248.065.000) 01/05 23:39:17 Image size of job updated: 42184
	42  -  MemoryUsage of job (MB)
	42184  -  ResidentSetSize of job (KB)
...
006 (28248.065.000) 01/05 23:44:17 Image size of job updated: 42208
	42  -  MemoryUsage of job (MB)
	42208  -  ResidentSetSize of job (KB)
...
006 (28248.065.000) 01/05 23:49:18 Image size of job updated: 42224
	42  -  MemoryUsage of job (MB)
	42224  -  ResidentSetSize of job (KB)
...
006 (28248.065.000) 01/05 23:54:18 Image size of job updated: 42364
	42  -  MemoryUsage of job (MB)
	42364  -  ResidentSetSize of job (KB)
...
006 (28248.065.000) 01/06 00:34:22 Image size of job updated: 42404
	42  -  MemoryUsage of job (MB)
	42404  -  ResidentSetSize of job (KB)
...
006 (28248.065.000) 01/06 00:39:22 Image size of job updated: 42424
	42  -  MemoryUsage of job (MB)
	42424  -  ResidentSetSize of job (KB)
...
006 (28248.065.000) 01/06 00:44:22 Image size of job updated: 42572
	42  -  MemoryUsage of job (MB)
	42572  -  ResidentSetSize of job (KB)
...
006 (28248.065.000) 01/06 00:54:24 Image size of job updated: 42616
	42  -  MemoryUsage of job (MB)
	42616  -  ResidentSetSize of job (KB)
...
006 (28248.065.000) 01/06 00:59:24 Image size of job updated: 42636
	42  -  MemoryUsage of job (MB)
	42636  -  ResidentSetSize of job (KB)
...
006 (28248.065.000) 01/06 01:09:26 Image size of job updated: 42680
	42  -  MemoryUsage of job (MB)
	42680  -  ResidentSetSize of job (KB)
...
006 (28248.065.000) 01/06 01:19:26 Image size of job updated: 42724
	42  -  MemoryUsage of job (MB)
	42724  -  ResidentSetSize of job (KB)
...
006 (28248.065.000) 01/06 01:44:29 Image size of job updated: 42736
	42  -  MemoryUsage of job (MB)
	42736  -  ResidentSetSize of job (KB)
...
006 (28248.065.000) 01/06 01:49:29 Image size of job updated: 42760
	42  -  MemoryUsage of job (MB)
	42760  -  ResidentSetSize of job (KB)
...
005 (28248.065.000) 01/06 01:50:31 Job terminated.
	(1) Normal termination (return value 0)
		Usr 0 08:01:56, Sys 0 00:00:05  -  Run Remote Usage
		Usr 0 00:00:00, Sys 0 00:00:00  -  Run Local Usage
		Usr 0 08:01:56, Sys 0 00:00:05  -  Total Remote Usage
		Usr 0 00:00:00, Sys 0 00:00:00  -  Total Local Usage
	0  -  Run Bytes Sent By Job
	0  -  Run Bytes Received By Job
	0  -  Total Bytes Sent By Job
	0  -  Total Bytes Received By Job
	Partitionable Resources :    Usage  Request Allocated 
	   Cpus                 :     0.94        1         1 
	   Disk (KB)            :     1           1    254050 
	   Memory (MB)          :    42           1      1005 
...
000 (28271.065.000) 01/06 15:26:51 Job submitted from host: <172.16.11.200:9618?addrs=172.16.11.200-9618&noUDP&sock=14877_46f2_4>
...
009 (28271.065.000) 01/06 15:47:45 Job was aborted by the user.
	via condor_rm (by user zhangliang)
...
