000 (1673162.026.000) 12/23 13:43:08 Job submitted from host: <172.16.2.141:36601>
...
001 (1673162.026.000) 12/23 13:43:12 Job executing on host: <172.16.2.151:35010>
...
006 (1673162.026.000) 12/23 13:43:20 Image size of job updated: 256056
	28  -  MemoryUsage of job (MB)
	28176  -  ResidentSetSize of job (KB)
...
006 (1673162.026.000) 12/23 13:48:21 Image size of job updated: 256056
	28  -  MemoryUsage of job (MB)
	28192  -  ResidentSetSize of job (KB)
...
006 (1673162.026.000) 12/23 13:53:22 Image size of job updated: 256056
	28  -  MemoryUsage of job (MB)
	28504  -  ResidentSetSize of job (KB)
...
006 (1673162.026.000) 12/23 14:08:23 Image size of job updated: 256840
	28  -  MemoryUsage of job (MB)
	28528  -  ResidentSetSize of job (KB)
...
006 (1673162.026.000) 12/23 14:48:27 Image size of job updated: 256840
	28  -  MemoryUsage of job (MB)
	28544  -  ResidentSetSize of job (KB)
...
005 (1673162.026.000) 12/23 14:53:48 Job terminated.
	(1) Normal termination (return value 0)
		Usr 0 01:06:10, Sys 0 00:00:00  -  Run Remote Usage
		Usr 0 00:00:00, Sys 0 00:00:00  -  Run Local Usage
		Usr 0 01:06:10, Sys 0 00:00:00  -  Total Remote Usage
		Usr 0 00:00:00, Sys 0 00:00:00  -  Total Local Usage
	0  -  Run Bytes Sent By Job
	0  -  Run Bytes Received By Job
	0  -  Total Bytes Sent By Job
	0  -  Total Bytes Received By Job
	Partitionable Resources :    Usage  Request Allocated
	   Cpus                 :                 1         1
	   Disk (KB)            :        1        1   1084964
	   Memory (MB)          :       28        1     12107
...
000 (1673169.026.000) 12/23 21:09:13 Job submitted from host: <172.16.2.141:36601>
...
001 (1673169.026.000) 12/23 21:09:25 Job executing on host: <172.16.2.151:35010>
...
006 (1673169.026.000) 12/23 21:09:33 Image size of job updated: 95680
	3  -  MemoryUsage of job (MB)
	2104  -  ResidentSetSize of job (KB)
...
006 (1673169.026.000) 12/23 21:14:33 Image size of job updated: 256012
	28  -  MemoryUsage of job (MB)
	28148  -  ResidentSetSize of job (KB)
...
006 (1673169.026.000) 12/23 21:29:35 Image size of job updated: 256840
	28  -  MemoryUsage of job (MB)
	28172  -  ResidentSetSize of job (KB)
...
005 (1673169.026.000) 12/23 22:06:50 Job terminated.
	(1) Normal termination (return value 0)
		Usr 0 00:57:07, Sys 0 00:00:00  -  Run Remote Usage
		Usr 0 00:00:00, Sys 0 00:00:00  -  Run Local Usage
		Usr 0 00:57:07, Sys 0 00:00:00  -  Total Remote Usage
		Usr 0 00:00:00, Sys 0 00:00:00  -  Total Local Usage
	0  -  Run Bytes Sent By Job
	0  -  Run Bytes Received By Job
	0  -  Total Bytes Sent By Job
	0  -  Total Bytes Received By Job
	Partitionable Resources :    Usage  Request Allocated
	   Cpus                 :                 1         1
	   Disk (KB)            :        1        1   1084978
	   Memory (MB)          :       28        1     12107
...
000 (1673171.026.000) 12/23 23:27:09 Job submitted from host: <172.16.2.141:36601>
...
001 (1673171.026.000) 12/23 23:27:25 Job executing on host: <172.16.2.151:35010>
...
006 (1673171.026.000) 12/23 23:27:34 Image size of job updated: 95680
	3  -  MemoryUsage of job (MB)
	2108  -  ResidentSetSize of job (KB)
...
006 (1673171.026.000) 12/23 23:32:34 Image size of job updated: 256020
	30  -  MemoryUsage of job (MB)
	29984  -  ResidentSetSize of job (KB)
...
006 (1673171.026.000) 12/23 23:37:35 Image size of job updated: 256020
	30  -  MemoryUsage of job (MB)
	30236  -  ResidentSetSize of job (KB)
...
006 (1673171.026.000) 12/23 23:47:36 Image size of job updated: 256848
	30  -  MemoryUsage of job (MB)
	30260  -  ResidentSetSize of job (KB)
...
006 (1673171.026.000) 12/24 00:27:40 Image size of job updated: 256848
	30  -  MemoryUsage of job (MB)
	30280  -  ResidentSetSize of job (KB)
...
005 (1673171.026.000) 12/24 03:09:12 Job terminated.
	(1) Normal termination (return value 0)
		Usr 0 03:34:39, Sys 0 00:00:00  -  Run Remote Usage
		Usr 0 00:00:00, Sys 0 00:00:00  -  Run Local Usage
		Usr 0 03:34:39, Sys 0 00:00:00  -  Total Remote Usage
		Usr 0 00:00:00, Sys 0 00:00:00  -  Total Local Usage
	0  -  Run Bytes Sent By Job
	0  -  Run Bytes Received By Job
	0  -  Total Bytes Sent By Job
	0  -  Total Bytes Received By Job
	Partitionable Resources :    Usage  Request Allocated
	   Cpus                 :                 1         1
	   Disk (KB)            :        1        1   1084975
	   Memory (MB)          :       30        1     12107
...
000 (1673183.026.000) 12/24 22:48:09 Job submitted from host: <172.16.2.141:36601>
...
001 (1673183.026.000) 12/24 22:48:26 Job executing on host: <172.16.2.151:35010>
...
006 (1673183.026.000) 12/24 22:48:34 Image size of job updated: 256564
	30  -  MemoryUsage of job (MB)
	30020  -  ResidentSetSize of job (KB)
...
006 (1673183.026.000) 12/24 22:53:34 Image size of job updated: 256564
	32  -  MemoryUsage of job (MB)
	32088  -  ResidentSetSize of job (KB)
...
006 (1673183.026.000) 12/24 23:08:36 Image size of job updated: 257436
	32  -  MemoryUsage of job (MB)
	32128  -  ResidentSetSize of job (KB)
...
006 (1673183.026.000) 12/24 23:28:38 Image size of job updated: 257436
	32  -  MemoryUsage of job (MB)
	32140  -  ResidentSetSize of job (KB)
...
006 (1673183.026.000) 12/24 23:33:39 Image size of job updated: 257436
	32  -  MemoryUsage of job (MB)
	32696  -  ResidentSetSize of job (KB)
...
006 (1673183.026.000) 12/24 23:43:39 Image size of job updated: 257436
	32  -  MemoryUsage of job (MB)
	32728  -  ResidentSetSize of job (KB)
...
005 (1673183.026.000) 12/25 01:58:40 Job terminated.
	(1) Normal termination (return value 0)
		Usr 0 03:09:59, Sys 0 00:00:00  -  Run Remote Usage
		Usr 0 00:00:00, Sys 0 00:00:00  -  Run Local Usage
		Usr 0 03:09:59, Sys 0 00:00:00  -  Total Remote Usage
		Usr 0 00:00:00, Sys 0 00:00:00  -  Total Local Usage
	0  -  Run Bytes Sent By Job
	0  -  Run Bytes Received By Job
	0  -  Total Bytes Sent By Job
	0  -  Total Bytes Received By Job
	Partitionable Resources :    Usage  Request Allocated
	   Cpus                 :                 1         1
	   Disk (KB)            :        1        1   1084986
	   Memory (MB)          :       32        1     12107
...
000 (1673184.026.000) 12/25 08:28:15 Job submitted from host: <172.16.2.141:36601>
...
001 (1673184.026.000) 12/25 08:28:26 Job executing on host: <172.16.2.151:35010>
...
006 (1673184.026.000) 12/25 08:28:35 Image size of job updated: 252812
	27  -  MemoryUsage of job (MB)
	26776  -  ResidentSetSize of job (KB)
...
006 (1673184.026.000) 12/25 08:33:36 Image size of job updated: 252812
	27  -  MemoryUsage of job (MB)
	26780  -  ResidentSetSize of job (KB)
...
006 (1673184.026.000) 12/25 08:48:37 Image size of job updated: 253724
	27  -  MemoryUsage of job (MB)
	26812  -  ResidentSetSize of job (KB)
...
006 (1673184.026.000) 12/25 09:08:39 Image size of job updated: 253724
	27  -  MemoryUsage of job (MB)
	26824  -  ResidentSetSize of job (KB)
...
006 (1673184.026.000) 12/25 09:24:10 Image size of job updated: 807444
	27  -  MemoryUsage of job (MB)
	26824  -  ResidentSetSize of job (KB)
...
005 (1673184.026.000) 12/25 09:24:10 Job terminated.
	(1) Normal termination (return value 139)
		Usr 0 00:55:37, Sys 0 00:00:00  -  Run Remote Usage
		Usr 0 00:00:00, Sys 0 00:00:00  -  Run Local Usage
		Usr 0 00:55:37, Sys 0 00:00:00  -  Total Remote Usage
		Usr 0 00:00:00, Sys 0 00:00:00  -  Total Local Usage
	0  -  Run Bytes Sent By Job
	0  -  Run Bytes Received By Job
	0  -  Total Bytes Sent By Job
	0  -  Total Bytes Received By Job
	Partitionable Resources :    Usage  Request Allocated
	   Cpus                 :                 1         1
	   Disk (KB)            :        1        1   1084951
	   Memory (MB)          :       27        1     12107
...
000 (1673186.026.000) 12/25 09:26:50 Job submitted from host: <172.16.2.141:36601>
...
001 (1673186.026.000) 12/25 09:27:01 Job executing on host: <172.16.2.141:56348>
...
006 (1673186.026.000) 12/25 09:27:10 Image size of job updated: 239416
	27  -  MemoryUsage of job (MB)
	26772  -  ResidentSetSize of job (KB)
...
006 (1673186.026.000) 12/25 09:32:11 Image size of job updated: 239416
	27  -  MemoryUsage of job (MB)
	26804  -  ResidentSetSize of job (KB)
...
006 (1673186.026.000) 12/25 09:47:13 Image size of job updated: 240248
	27  -  MemoryUsage of job (MB)
	26848  -  ResidentSetSize of job (KB)
...
006 (1673186.026.000) 12/25 10:07:14 Image size of job updated: 240248
	27  -  MemoryUsage of job (MB)
	26860  -  ResidentSetSize of job (KB)
...
006 (1673186.026.000) 12/25 10:23:25 Image size of job updated: 905672
	27  -  MemoryUsage of job (MB)
	26860  -  ResidentSetSize of job (KB)
...
005 (1673186.026.000) 12/25 10:23:25 Job terminated.
	(1) Normal termination (return value 139)
		Usr 0 00:56:23, Sys 0 00:00:00  -  Run Remote Usage
		Usr 0 00:00:00, Sys 0 00:00:00  -  Run Local Usage
		Usr 0 00:56:23, Sys 0 00:00:00  -  Total Remote Usage
		Usr 0 00:00:00, Sys 0 00:00:00  -  Total Local Usage
	0  -  Run Bytes Sent By Job
	0  -  Run Bytes Received By Job
	0  -  Total Bytes Sent By Job
	0  -  Total Bytes Received By Job
	Partitionable Resources :    Usage  Request Allocated
	   Cpus                 :                 1         1
	   Disk (KB)            :        1        1  18595807
	   Memory (MB)          :       27        1      2676
...
000 (1673187.026.000) 12/25 10:36:20 Job submitted from host: <172.16.2.141:36601>
...
001 (1673187.026.000) 12/25 10:36:22 Job executing on host: <172.16.2.151:35010>
...
006 (1673187.026.000) 12/25 10:36:30 Image size of job updated: 252808
	27  -  MemoryUsage of job (MB)
	27048  -  ResidentSetSize of job (KB)
...
006 (1673187.026.000) 12/25 10:41:31 Image size of job updated: 252808
	27  -  MemoryUsage of job (MB)
	27052  -  ResidentSetSize of job (KB)
...
006 (1673187.026.000) 12/25 10:56:32 Image size of job updated: 253720
	27  -  MemoryUsage of job (MB)
	27084  -  ResidentSetSize of job (KB)
...
006 (1673187.026.000) 12/25 11:16:35 Image size of job updated: 253720
	27  -  MemoryUsage of job (MB)
	27096  -  ResidentSetSize of job (KB)
...
006 (1673187.026.000) 12/25 11:35:16 Image size of job updated: 935992
	27  -  MemoryUsage of job (MB)
	27096  -  ResidentSetSize of job (KB)
...
005 (1673187.026.000) 12/25 11:35:17 Job terminated.
	(1) Normal termination (return value 139)
		Usr 0 00:58:24, Sys 0 00:00:00  -  Run Remote Usage
		Usr 0 00:00:00, Sys 0 00:00:00  -  Run Local Usage
		Usr 0 00:58:24, Sys 0 00:00:00  -  Total Remote Usage
		Usr 0 00:00:00, Sys 0 00:00:00  -  Total Local Usage
	0  -  Run Bytes Sent By Job
	0  -  Run Bytes Received By Job
	0  -  Total Bytes Sent By Job
	0  -  Total Bytes Received By Job
	Partitionable Resources :    Usage  Request Allocated
	   Cpus                 :                 1         1
	   Disk (KB)            :        1        1   1084931
	   Memory (MB)          :       27        1     12107
...
000 (1673188.026.000) 12/25 11:42:39 Job submitted from host: <172.16.2.141:36601>
...
001 (1673188.026.000) 12/25 11:42:44 Job executing on host: <172.16.2.151:35010>
...
006 (1673188.026.000) 12/25 11:42:47 Image size of job updated: 256572
	0  -  MemoryUsage of job (MB)
	0  -  ResidentSetSize of job (KB)
...
004 (1673188.026.000) 12/25 11:42:47 Job was evicted.
	(0) Job was not checkpointed.
		Usr 0 00:00:03, Sys 0 00:00:00  -  Run Remote Usage
		Usr 0 00:00:00, Sys 0 00:00:00  -  Run Local Usage
	0  -  Run Bytes Sent By Job
	0  -  Run Bytes Received By Job
	Partitionable Resources :    Usage  Request Allocated
	   Cpus                 :                 1         1
	   Disk (KB)            :        1        1   1084929
	   Memory (MB)          :        0        1     12107
...
009 (1673188.026.000) 12/25 11:42:48 Job was aborted by the user.
	via condor_rm (by user zhangliang)
...
000 (1673189.026.000) 12/25 11:44:21 Job submitted from host: <172.16.2.141:36601>
...
001 (1673189.026.000) 12/25 11:44:22 Job executing on host: <172.16.2.151:35010>
...
006 (1673189.026.000) 12/25 11:44:31 Image size of job updated: 256572
	29  -  MemoryUsage of job (MB)
	28808  -  ResidentSetSize of job (KB)
...
006 (1673189.026.000) 12/25 11:49:31 Image size of job updated: 256572
	29  -  MemoryUsage of job (MB)
	28836  -  ResidentSetSize of job (KB)
...
006 (1673189.026.000) 12/25 12:04:33 Image size of job updated: 257444
	29  -  MemoryUsage of job (MB)
	28872  -  ResidentSetSize of job (KB)
...
006 (1673189.026.000) 12/25 12:24:34 Image size of job updated: 257444
	29  -  MemoryUsage of job (MB)
	28884  -  ResidentSetSize of job (KB)
...
006 (1673189.026.000) 12/25 12:44:36 Image size of job updated: 257444
	29  -  MemoryUsage of job (MB)
	28948  -  ResidentSetSize of job (KB)
...
006 (1673189.026.000) 12/25 13:14:40 Image size of job updated: 257444
	29  -  MemoryUsage of job (MB)
	28952  -  ResidentSetSize of job (KB)
...
006 (1673189.026.000) 12/25 14:54:50 Image size of job updated: 257444
	29  -  MemoryUsage of job (MB)
	29568  -  ResidentSetSize of job (KB)
...
005 (1673189.026.000) 12/25 15:16:49 Job terminated.
	(1) Normal termination (return value 0)
		Usr 0 03:32:01, Sys 0 00:00:00  -  Run Remote Usage
		Usr 0 00:00:00, Sys 0 00:00:00  -  Run Local Usage
		Usr 0 03:32:01, Sys 0 00:00:00  -  Total Remote Usage
		Usr 0 00:00:00, Sys 0 00:00:00  -  Total Local Usage
	0  -  Run Bytes Sent By Job
	0  -  Run Bytes Received By Job
	0  -  Total Bytes Sent By Job
	0  -  Total Bytes Received By Job
	Partitionable Resources :    Usage  Request Allocated
	   Cpus                 :                 1         1
	   Disk (KB)            :        1        1   1084921
	   Memory (MB)          :       29        1     12107
...
000 (1673192.026.000) 12/26 00:07:14 Job submitted from host: <172.16.2.141:36601>
...
001 (1673192.026.000) 12/26 00:07:26 Job executing on host: <172.16.2.151:35010>
...
006 (1673192.026.000) 12/26 00:07:30 Image size of job updated: 256576
	0  -  MemoryUsage of job (MB)
	0  -  ResidentSetSize of job (KB)
...
004 (1673192.026.000) 12/26 00:07:30 Job was evicted.
	(0) Job was not checkpointed.
		Usr 0 00:00:03, Sys 0 00:00:00  -  Run Remote Usage
		Usr 0 00:00:00, Sys 0 00:00:00  -  Run Local Usage
	0  -  Run Bytes Sent By Job
	0  -  Run Bytes Received By Job
	Partitionable Resources :    Usage  Request Allocated
	   Cpus                 :                 1         1
	   Disk (KB)            :        1        1   1085019
	   Memory (MB)          :        0        1     12107
...
009 (1673192.026.000) 12/26 00:07:31 Job was aborted by the user.
	via condor_rm (by user zhangliang)
...
000 (1673193.026.000) 12/26 00:07:59 Job submitted from host: <172.16.2.141:36601>
...
001 (1673193.026.000) 12/26 00:08:00 Job executing on host: <172.16.2.151:35010>
...
006 (1673193.026.000) 12/26 00:08:09 Image size of job updated: 256568
	30  -  MemoryUsage of job (MB)
	30204  -  ResidentSetSize of job (KB)
...
006 (1673193.026.000) 12/26 00:13:11 Image size of job updated: 256568
	30  -  MemoryUsage of job (MB)
	30208  -  ResidentSetSize of job (KB)
...
006 (1673193.026.000) 12/26 00:28:13 Image size of job updated: 257480
	30  -  MemoryUsage of job (MB)
	30240  -  ResidentSetSize of job (KB)
...
006 (1673193.026.000) 12/26 00:48:14 Image size of job updated: 257480
	30  -  MemoryUsage of job (MB)
	30256  -  ResidentSetSize of job (KB)
...
006 (1673193.026.000) 12/26 01:08:16 Image size of job updated: 257480
	30  -  MemoryUsage of job (MB)
	30316  -  ResidentSetSize of job (KB)
...
006 (1673193.026.000) 12/26 01:13:16 Image size of job updated: 257480
	30  -  MemoryUsage of job (MB)
	30320  -  ResidentSetSize of job (KB)
...
