000 (1673162.023.000) 12/23 13:43:08 Job submitted from host: <172.16.2.141:36601>
...
001 (1673162.023.000) 12/23 13:43:12 Job executing on host: <172.16.2.151:35010>
...
006 (1673162.023.000) 12/23 13:43:20 Image size of job updated: 256048
	28  -  MemoryUsage of job (MB)
	28164  -  ResidentSetSize of job (KB)
...
006 (1673162.023.000) 12/23 13:48:21 Image size of job updated: 256048
	28  -  MemoryUsage of job (MB)
	28180  -  ResidentSetSize of job (KB)
...
006 (1673162.023.000) 12/23 14:03:22 Image size of job updated: 256832
	28  -  MemoryUsage of job (MB)
	28204  -  ResidentSetSize of job (KB)
...
006 (1673162.023.000) 12/23 14:43:27 Image size of job updated: 256832
	28  -  MemoryUsage of job (MB)
	28220  -  ResidentSetSize of job (KB)
...
005 (1673162.023.000) 12/23 14:49:47 Job terminated.
	(1) Normal termination (return value 0)
		Usr 0 01:06:27, Sys 0 00:00:00  -  Run Remote Usage
		Usr 0 00:00:00, Sys 0 00:00:00  -  Run Local Usage
		Usr 0 01:06:27, Sys 0 00:00:00  -  Total Remote Usage
		Usr 0 00:00:00, Sys 0 00:00:00  -  Total Local Usage
	0  -  Run Bytes Sent By Job
	0  -  Run Bytes Received By Job
	0  -  Total Bytes Sent By Job
	0  -  Total Bytes Received By Job
	Partitionable Resources :    Usage  Request Allocated
	   Cpus                 :                 1         1
	   Disk (KB)            :        1        1   1084964
	   Memory (MB)          :       28        1     12107
...
000 (1673169.023.000) 12/23 21:09:13 Job submitted from host: <172.16.2.141:36601>
...
001 (1673169.023.000) 12/23 21:09:25 Job executing on host: <172.16.2.151:35010>
...
006 (1673169.023.000) 12/23 21:09:33 Image size of job updated: 95680
	3  -  MemoryUsage of job (MB)
	2100  -  ResidentSetSize of job (KB)
...
006 (1673169.023.000) 12/23 21:14:33 Image size of job updated: 256016
	29  -  MemoryUsage of job (MB)
	29472  -  ResidentSetSize of job (KB)
...
006 (1673169.023.000) 12/23 21:19:34 Image size of job updated: 256016
	32  -  MemoryUsage of job (MB)
	31820  -  ResidentSetSize of job (KB)
...
006 (1673169.023.000) 12/23 21:29:35 Image size of job updated: 256844
	32  -  MemoryUsage of job (MB)
	31844  -  ResidentSetSize of job (KB)
...
005 (1673169.023.000) 12/23 22:06:59 Job terminated.
	(1) Normal termination (return value 0)
		Usr 0 00:57:11, Sys 0 00:00:00  -  Run Remote Usage
		Usr 0 00:00:00, Sys 0 00:00:00  -  Run Local Usage
		Usr 0 00:57:11, Sys 0 00:00:00  -  Total Remote Usage
		Usr 0 00:00:00, Sys 0 00:00:00  -  Total Local Usage
	0  -  Run Bytes Sent By Job
	0  -  Run Bytes Received By Job
	0  -  Total Bytes Sent By Job
	0  -  Total Bytes Received By Job
	Partitionable Resources :    Usage  Request Allocated
	   Cpus                 :                 1         1
	   Disk (KB)            :        1        1   1084978
	   Memory (MB)          :       32        1     12107
...
000 (1673171.023.000) 12/23 23:27:09 Job submitted from host: <172.16.2.141:36601>
...
001 (1673171.023.000) 12/23 23:27:25 Job executing on host: <172.16.2.151:35010>
...
006 (1673171.023.000) 12/23 23:27:34 Image size of job updated: 95680
	3  -  MemoryUsage of job (MB)
	2104  -  ResidentSetSize of job (KB)
...
006 (1673171.023.000) 12/23 23:32:34 Image size of job updated: 256016
	30  -  MemoryUsage of job (MB)
	29988  -  ResidentSetSize of job (KB)
...
006 (1673171.023.000) 12/23 23:47:36 Image size of job updated: 256844
	30  -  MemoryUsage of job (MB)
	30012  -  ResidentSetSize of job (KB)
...
006 (1673171.023.000) 12/24 00:32:40 Image size of job updated: 256844
	30  -  MemoryUsage of job (MB)
	30032  -  ResidentSetSize of job (KB)
...
006 (1673171.023.000) 12/24 00:37:40 Image size of job updated: 256844
	31  -  MemoryUsage of job (MB)
	30980  -  ResidentSetSize of job (KB)
...
005 (1673171.023.000) 12/24 03:10:06 Job terminated.
	(1) Normal termination (return value 0)
		Usr 0 03:35:09, Sys 0 00:00:00  -  Run Remote Usage
		Usr 0 00:00:00, Sys 0 00:00:00  -  Run Local Usage
		Usr 0 03:35:09, Sys 0 00:00:00  -  Total Remote Usage
		Usr 0 00:00:00, Sys 0 00:00:00  -  Total Local Usage
	0  -  Run Bytes Sent By Job
	0  -  Run Bytes Received By Job
	0  -  Total Bytes Sent By Job
	0  -  Total Bytes Received By Job
	Partitionable Resources :    Usage  Request Allocated
	   Cpus                 :                 1         1
	   Disk (KB)            :        1        1   1084975
	   Memory (MB)          :       31        1     12107
...
000 (1673183.023.000) 12/24 22:48:09 Job submitted from host: <172.16.2.141:36601>
...
001 (1673183.023.000) 12/24 22:48:28 Job executing on host: <172.16.2.141:56348>
...
006 (1673183.023.000) 12/24 22:48:37 Image size of job updated: 95656
	3  -  MemoryUsage of job (MB)
	2108  -  ResidentSetSize of job (KB)
...
006 (1673183.023.000) 12/24 22:53:38 Image size of job updated: 242148
	30  -  MemoryUsage of job (MB)
	30644  -  ResidentSetSize of job (KB)
...
006 (1673183.023.000) 12/24 23:08:40 Image size of job updated: 242980
	30  -  MemoryUsage of job (MB)
	30684  -  ResidentSetSize of job (KB)
...
006 (1673183.023.000) 12/24 23:28:42 Image size of job updated: 242980
	30  -  MemoryUsage of job (MB)
	30700  -  ResidentSetSize of job (KB)
...
006 (1673183.023.000) 12/24 23:43:43 Image size of job updated: 242980
	31  -  MemoryUsage of job (MB)
	30736  -  ResidentSetSize of job (KB)
...
005 (1673183.023.000) 12/25 02:17:43 Job terminated.
	(1) Normal termination (return value 0)
		Usr 0 03:27:48, Sys 0 00:00:04  -  Run Remote Usage
		Usr 0 00:00:00, Sys 0 00:00:00  -  Run Local Usage
		Usr 0 03:27:48, Sys 0 00:00:04  -  Total Remote Usage
		Usr 0 00:00:00, Sys 0 00:00:00  -  Total Local Usage
	0  -  Run Bytes Sent By Job
	0  -  Run Bytes Received By Job
	0  -  Total Bytes Sent By Job
	0  -  Total Bytes Received By Job
	Partitionable Resources :    Usage  Request Allocated
	   Cpus                 :                 1         1
	   Disk (KB)            :        1        1  18595965
	   Memory (MB)          :       31        1      2676
...
000 (1673184.023.000) 12/25 08:28:15 Job submitted from host: <172.16.2.141:36601>
...
001 (1673184.023.000) 12/25 08:28:19 Job executing on host: <172.16.2.141:56348>
...
006 (1673184.023.000) 12/25 08:28:28 Image size of job updated: 95656
	3  -  MemoryUsage of job (MB)
	2108  -  ResidentSetSize of job (KB)
...
006 (1673184.023.000) 12/25 08:33:29 Image size of job updated: 239412
	25  -  MemoryUsage of job (MB)
	25412  -  ResidentSetSize of job (KB)
...
006 (1673184.023.000) 12/25 08:48:30 Image size of job updated: 240244
	25  -  MemoryUsage of job (MB)
	25456  -  ResidentSetSize of job (KB)
...
006 (1673184.023.000) 12/25 09:08:31 Image size of job updated: 240244
	25  -  MemoryUsage of job (MB)
	25468  -  ResidentSetSize of job (KB)
...
006 (1673184.023.000) 12/25 09:25:09 Image size of job updated: 822460
	25  -  MemoryUsage of job (MB)
	25468  -  ResidentSetSize of job (KB)
...
005 (1673184.023.000) 12/25 09:25:09 Job terminated.
	(1) Normal termination (return value 139)
		Usr 0 00:56:23, Sys 0 00:00:00  -  Run Remote Usage
		Usr 0 00:00:00, Sys 0 00:00:00  -  Run Local Usage
		Usr 0 00:56:23, Sys 0 00:00:00  -  Total Remote Usage
		Usr 0 00:00:00, Sys 0 00:00:00  -  Total Local Usage
	0  -  Run Bytes Sent By Job
	0  -  Run Bytes Received By Job
	0  -  Total Bytes Sent By Job
	0  -  Total Bytes Received By Job
	Partitionable Resources :    Usage  Request Allocated
	   Cpus                 :                 1         1
	   Disk (KB)            :        1        1  18595860
	   Memory (MB)          :       25        1      2676
...
000 (1673186.023.000) 12/25 09:26:50 Job submitted from host: <172.16.2.141:36601>
...
001 (1673186.023.000) 12/25 09:27:01 Job executing on host: <172.16.2.141:56348>
...
006 (1673186.023.000) 12/25 09:27:10 Image size of job updated: 239412
	25  -  MemoryUsage of job (MB)
	25232  -  ResidentSetSize of job (KB)
...
006 (1673186.023.000) 12/25 09:32:10 Image size of job updated: 239412
	25  -  MemoryUsage of job (MB)
	25264  -  ResidentSetSize of job (KB)
...
006 (1673186.023.000) 12/25 09:47:12 Image size of job updated: 240244
	25  -  MemoryUsage of job (MB)
	25308  -  ResidentSetSize of job (KB)
...
006 (1673186.023.000) 12/25 10:07:14 Image size of job updated: 240244
	25  -  MemoryUsage of job (MB)
	25320  -  ResidentSetSize of job (KB)
...
005 (1673186.023.000) 12/25 10:23:17 Job terminated.
	(1) Normal termination (return value 139)
		Usr 0 00:56:11, Sys 0 00:00:00  -  Run Remote Usage
		Usr 0 00:00:00, Sys 0 00:00:00  -  Run Local Usage
		Usr 0 00:56:11, Sys 0 00:00:00  -  Total Remote Usage
		Usr 0 00:00:00, Sys 0 00:00:00  -  Total Local Usage
	0  -  Run Bytes Sent By Job
	0  -  Run Bytes Received By Job
	0  -  Total Bytes Sent By Job
	0  -  Total Bytes Received By Job
	Partitionable Resources :    Usage  Request Allocated
	   Cpus                 :                 1         1
	   Disk (KB)            :        1        1  18595807
	   Memory (MB)          :       25        1      2676
...
000 (1673187.023.000) 12/25 10:36:20 Job submitted from host: <172.16.2.141:36601>
...
001 (1673187.023.000) 12/25 10:36:21 Job executing on host: <172.16.2.151:35010>
...
006 (1673187.023.000) 12/25 10:36:29 Image size of job updated: 252812
	25  -  MemoryUsage of job (MB)
	25436  -  ResidentSetSize of job (KB)
...
006 (1673187.023.000) 12/25 10:41:29 Image size of job updated: 252812
	25  -  MemoryUsage of job (MB)
	25440  -  ResidentSetSize of job (KB)
...
006 (1673187.023.000) 12/25 10:56:31 Image size of job updated: 253724
	25  -  MemoryUsage of job (MB)
	25472  -  ResidentSetSize of job (KB)
...
006 (1673187.023.000) 12/25 11:16:34 Image size of job updated: 253724
	25  -  MemoryUsage of job (MB)
	25484  -  ResidentSetSize of job (KB)
...
005 (1673187.023.000) 12/25 11:35:19 Job terminated.
	(1) Normal termination (return value 139)
		Usr 0 00:58:39, Sys 0 00:00:00  -  Run Remote Usage
		Usr 0 00:00:00, Sys 0 00:00:00  -  Run Local Usage
		Usr 0 00:58:39, Sys 0 00:00:00  -  Total Remote Usage
		Usr 0 00:00:00, Sys 0 00:00:00  -  Total Local Usage
	0  -  Run Bytes Sent By Job
	0  -  Run Bytes Received By Job
	0  -  Total Bytes Sent By Job
	0  -  Total Bytes Received By Job
	Partitionable Resources :    Usage  Request Allocated
	   Cpus                 :                 1         1
	   Disk (KB)            :        1        1   1084931
	   Memory (MB)          :       25        1     12107
...
000 (1673188.023.000) 12/25 11:42:39 Job submitted from host: <172.16.2.141:36601>
...
001 (1673188.023.000) 12/25 11:42:44 Job executing on host: <172.16.2.151:35010>
...
006 (1673188.023.000) 12/25 11:42:47 Image size of job updated: 256572
	0  -  MemoryUsage of job (MB)
	0  -  ResidentSetSize of job (KB)
...
004 (1673188.023.000) 12/25 11:42:47 Job was evicted.
	(0) Job was not checkpointed.
		Usr 0 00:00:02, Sys 0 00:00:00  -  Run Remote Usage
		Usr 0 00:00:00, Sys 0 00:00:00  -  Run Local Usage
	0  -  Run Bytes Sent By Job
	0  -  Run Bytes Received By Job
	Partitionable Resources :    Usage  Request Allocated
	   Cpus                 :                 1         1
	   Disk (KB)            :        1        1   1084929
	   Memory (MB)          :        0        1     12107
...
009 (1673188.023.000) 12/25 11:42:47 Job was aborted by the user.
	via condor_rm (by user zhangliang)
...
000 (1673189.023.000) 12/25 11:44:21 Job submitted from host: <172.16.2.141:36601>
...
001 (1673189.023.000) 12/25 11:44:24 Job executing on host: <172.16.2.141:56348>
...
006 (1673189.023.000) 12/25 11:44:33 Image size of job updated: 95656
	3  -  MemoryUsage of job (MB)
	2104  -  ResidentSetSize of job (KB)
...
006 (1673189.023.000) 12/25 11:49:34 Image size of job updated: 242148
	29  -  MemoryUsage of job (MB)
	28816  -  ResidentSetSize of job (KB)
...
006 (1673189.023.000) 12/25 12:04:35 Image size of job updated: 242980
	29  -  MemoryUsage of job (MB)
	28852  -  ResidentSetSize of job (KB)
...
006 (1673189.023.000) 12/25 12:09:35 Image size of job updated: 242980
	29  -  MemoryUsage of job (MB)
	29592  -  ResidentSetSize of job (KB)
...
006 (1673189.023.000) 12/25 12:24:37 Image size of job updated: 242980
	29  -  MemoryUsage of job (MB)
	29596  -  ResidentSetSize of job (KB)
...
006 (1673189.023.000) 12/25 12:44:39 Image size of job updated: 242980
	29  -  MemoryUsage of job (MB)
	29652  -  ResidentSetSize of job (KB)
...
006 (1673189.023.000) 12/25 12:49:39 Image size of job updated: 242980
	29  -  MemoryUsage of job (MB)
	29656  -  ResidentSetSize of job (KB)
...
005 (1673189.023.000) 12/25 15:15:38 Job terminated.
	(1) Normal termination (return value 0)
		Usr 0 03:29:54, Sys 0 00:00:01  -  Run Remote Usage
		Usr 0 00:00:00, Sys 0 00:00:00  -  Run Local Usage
		Usr 0 03:29:54, Sys 0 00:00:01  -  Total Remote Usage
		Usr 0 00:00:00, Sys 0 00:00:00  -  Total Local Usage
	0  -  Run Bytes Sent By Job
	0  -  Run Bytes Received By Job
	0  -  Total Bytes Sent By Job
	0  -  Total Bytes Received By Job
	Partitionable Resources :    Usage  Request Allocated
	   Cpus                 :                 1         1
	   Disk (KB)            :        1        1  18595865
	   Memory (MB)          :       29        1      2676
...
000 (1673192.023.000) 12/26 00:07:14 Job submitted from host: <172.16.2.141:36601>
...
001 (1673192.023.000) 12/26 00:07:28 Job executing on host: <172.16.2.141:56348>
...
006 (1673192.023.000) 12/26 00:07:30 Image size of job updated: 136068
	0  -  MemoryUsage of job (MB)
	0  -  ResidentSetSize of job (KB)
...
004 (1673192.023.000) 12/26 00:07:31 Job was evicted.
	(0) Job was not checkpointed.
		Usr 0 00:00:00, Sys 0 00:00:00  -  Run Remote Usage
		Usr 0 00:00:00, Sys 0 00:00:00  -  Run Local Usage
	0  -  Run Bytes Sent By Job
	0  -  Run Bytes Received By Job
	Partitionable Resources :    Usage  Request Allocated
	   Cpus                 :                 1         1
	   Disk (KB)            :        1        1  18595732
	   Memory (MB)          :        0        1      2676
...
009 (1673192.023.000) 12/26 00:07:33 Job was aborted by the user.
	via condor_rm (by user zhangliang)
...
000 (1673193.023.000) 12/26 00:07:59 Job submitted from host: <172.16.2.141:36601>
...
001 (1673193.023.000) 12/26 00:08:02 Job executing on host: <172.16.2.141:56348>
...
006 (1673193.023.000) 12/26 00:08:11 Image size of job updated: 1
	2  -  MemoryUsage of job (MB)
	2024  -  ResidentSetSize of job (KB)
...
006 (1673193.023.000) 12/26 00:13:11 Image size of job updated: 242152
	30  -  MemoryUsage of job (MB)
	30496  -  ResidentSetSize of job (KB)
...
006 (1673193.023.000) 12/26 00:28:12 Image size of job updated: 243020
	30  -  MemoryUsage of job (MB)
	30532  -  ResidentSetSize of job (KB)
...
006 (1673193.023.000) 12/26 00:48:15 Image size of job updated: 243020
	30  -  MemoryUsage of job (MB)
	30548  -  ResidentSetSize of job (KB)
...
006 (1673193.023.000) 12/26 01:08:17 Image size of job updated: 243020
	30  -  MemoryUsage of job (MB)
	30616  -  ResidentSetSize of job (KB)
...
006 (1673193.023.000) 12/26 04:28:36 Image size of job updated: 243020
	31  -  MemoryUsage of job (MB)
	31348  -  ResidentSetSize of job (KB)
...
