000 (1673162.042.000) 12/23 13:43:08 Job submitted from host: <172.16.2.141:36601>
...
001 (1673162.042.000) 12/23 13:43:11 Job executing on host: <172.16.2.141:56348>
...
006 (1673162.042.000) 12/23 13:43:20 Image size of job updated: 95656
	3  -  MemoryUsage of job (MB)
	2108  -  ResidentSetSize of job (KB)
...
006 (1673162.042.000) 12/23 13:48:20 Image size of job updated: 241600
	27  -  MemoryUsage of job (MB)
	26968  -  ResidentSetSize of job (KB)
...
006 (1673162.042.000) 12/23 14:03:22 Image size of job updated: 242380
	27  -  MemoryUsage of job (MB)
	26992  -  ResidentSetSize of job (KB)
...
006 (1673162.042.000) 12/23 14:33:26 Image size of job updated: 242380
	27  -  MemoryUsage of job (MB)
	27004  -  ResidentSetSize of job (KB)
...
005 (1673162.042.000) 12/23 14:40:02 Job terminated.
	(1) Normal termination (return value 0)
		Usr 0 00:56:49, Sys 0 00:00:00  -  Run Remote Usage
		Usr 0 00:00:00, Sys 0 00:00:00  -  Run Local Usage
		Usr 0 00:56:49, Sys 0 00:00:00  -  Total Remote Usage
		Usr 0 00:00:00, Sys 0 00:00:00  -  Total Local Usage
	0  -  Run Bytes Sent By Job
	0  -  Run Bytes Received By Job
	0  -  Total Bytes Sent By Job
	0  -  Total Bytes Received By Job
	Partitionable Resources :    Usage  Request Allocated
	   Cpus                 :                 1         1
	   Disk (KB)            :        1        1  18596145
	   Memory (MB)          :       27        1      2676
...
000 (1673169.042.000) 12/23 21:09:13 Job submitted from host: <172.16.2.141:36601>
...
001 (1673169.042.000) 12/23 21:09:24 Job executing on host: <172.16.2.141:56348>
...
006 (1673169.042.000) 12/23 21:09:33 Image size of job updated: 95656
	3  -  MemoryUsage of job (MB)
	2108  -  ResidentSetSize of job (KB)
...
006 (1673169.042.000) 12/23 21:14:34 Image size of job updated: 241556
	27  -  MemoryUsage of job (MB)
	26964  -  ResidentSetSize of job (KB)
...
006 (1673169.042.000) 12/23 21:29:35 Image size of job updated: 242384
	27  -  MemoryUsage of job (MB)
	26988  -  ResidentSetSize of job (KB)
...
005 (1673169.042.000) 12/23 22:01:33 Job terminated.
	(1) Normal termination (return value 0)
		Usr 0 00:52:02, Sys 0 00:00:00  -  Run Remote Usage
		Usr 0 00:00:00, Sys 0 00:00:00  -  Run Local Usage
		Usr 0 00:52:02, Sys 0 00:00:00  -  Total Remote Usage
		Usr 0 00:00:00, Sys 0 00:00:00  -  Total Local Usage
	0  -  Run Bytes Sent By Job
	0  -  Run Bytes Received By Job
	0  -  Total Bytes Sent By Job
	0  -  Total Bytes Received By Job
	Partitionable Resources :    Usage  Request Allocated
	   Cpus                 :                 1         1
	   Disk (KB)            :        1        1  18596152
	   Memory (MB)          :       27        1      2676
...
000 (1673171.042.000) 12/23 23:27:09 Job submitted from host: <172.16.2.141:36601>
...
001 (1673171.042.000) 12/23 23:27:25 Job executing on host: <172.16.2.141:56348>
...
006 (1673171.042.000) 12/23 23:27:34 Image size of job updated: 241560
	30  -  MemoryUsage of job (MB)
	29860  -  ResidentSetSize of job (KB)
...
006 (1673171.042.000) 12/23 23:32:35 Image size of job updated: 241560
	30  -  MemoryUsage of job (MB)
	29864  -  ResidentSetSize of job (KB)
...
006 (1673171.042.000) 12/23 23:42:36 Image size of job updated: 241560
	30  -  MemoryUsage of job (MB)
	30164  -  ResidentSetSize of job (KB)
...
006 (1673171.042.000) 12/23 23:47:36 Image size of job updated: 242388
	30  -  MemoryUsage of job (MB)
	30188  -  ResidentSetSize of job (KB)
...
006 (1673171.042.000) 12/24 00:22:40 Image size of job updated: 242388
	30  -  MemoryUsage of job (MB)
	30208  -  ResidentSetSize of job (KB)
...
005 (1673171.042.000) 12/24 02:34:31 Job terminated.
	(1) Normal termination (return value 0)
		Usr 0 03:07:01, Sys 0 00:00:01  -  Run Remote Usage
		Usr 0 00:00:00, Sys 0 00:00:00  -  Run Local Usage
		Usr 0 03:07:01, Sys 0 00:00:01  -  Total Remote Usage
		Usr 0 00:00:00, Sys 0 00:00:00  -  Total Local Usage
	0  -  Run Bytes Sent By Job
	0  -  Run Bytes Received By Job
	0  -  Total Bytes Sent By Job
	0  -  Total Bytes Received By Job
	Partitionable Resources :    Usage  Request Allocated
	   Cpus                 :                 1         1
	   Disk (KB)            :        1        1  18596092
	   Memory (MB)          :       30        1      2676
...
000 (1673183.042.000) 12/24 22:48:09 Job submitted from host: <172.16.2.141:36601>
...
001 (1673183.042.000) 12/24 22:48:28 Job executing on host: <172.16.2.151:35010>
...
006 (1673183.042.000) 12/24 22:48:36 Image size of job updated: 95680
	3  -  MemoryUsage of job (MB)
	2104  -  ResidentSetSize of job (KB)
...
006 (1673183.042.000) 12/24 22:53:36 Image size of job updated: 256564
	31  -  MemoryUsage of job (MB)
	31060  -  ResidentSetSize of job (KB)
...
006 (1673183.042.000) 12/24 23:08:38 Image size of job updated: 257436
	31  -  MemoryUsage of job (MB)
	31100  -  ResidentSetSize of job (KB)
...
006 (1673183.042.000) 12/24 23:28:40 Image size of job updated: 257436
	31  -  MemoryUsage of job (MB)
	31112  -  ResidentSetSize of job (KB)
...
006 (1673183.042.000) 12/24 23:43:41 Image size of job updated: 257436
	31  -  MemoryUsage of job (MB)
	31152  -  ResidentSetSize of job (KB)
...
005 (1673183.042.000) 12/25 02:01:14 Job terminated.
	(1) Normal termination (return value 0)
		Usr 0 03:12:26, Sys 0 00:00:00  -  Run Remote Usage
		Usr 0 00:00:00, Sys 0 00:00:00  -  Run Local Usage
		Usr 0 03:12:26, Sys 0 00:00:00  -  Total Remote Usage
		Usr 0 00:00:00, Sys 0 00:00:00  -  Total Local Usage
	0  -  Run Bytes Sent By Job
	0  -  Run Bytes Received By Job
	0  -  Total Bytes Sent By Job
	0  -  Total Bytes Received By Job
	Partitionable Resources :    Usage  Request Allocated
	   Cpus                 :                 1         1
	   Disk (KB)            :        1        1   1084986
	   Memory (MB)          :       31        1     12107
...
000 (1673184.042.000) 12/25 08:28:15 Job submitted from host: <172.16.2.141:36601>
...
001 (1673184.042.000) 12/25 08:28:27 Job executing on host: <172.16.2.151:35010>
...
006 (1673184.042.000) 12/25 08:28:35 Image size of job updated: 252804
	27  -  MemoryUsage of job (MB)
	27280  -  ResidentSetSize of job (KB)
...
006 (1673184.042.000) 12/25 08:33:36 Image size of job updated: 252804
	27  -  MemoryUsage of job (MB)
	27284  -  ResidentSetSize of job (KB)
...
006 (1673184.042.000) 12/25 08:48:37 Image size of job updated: 253716
	27  -  MemoryUsage of job (MB)
	27316  -  ResidentSetSize of job (KB)
...
006 (1673184.042.000) 12/25 09:08:39 Image size of job updated: 253716
	27  -  MemoryUsage of job (MB)
	27328  -  ResidentSetSize of job (KB)
...
005 (1673184.042.000) 12/25 09:21:34 Job terminated.
	(1) Normal termination (return value 139)
		Usr 0 00:52:55, Sys 0 00:00:00  -  Run Remote Usage
		Usr 0 00:00:00, Sys 0 00:00:00  -  Run Local Usage
		Usr 0 00:52:55, Sys 0 00:00:00  -  Total Remote Usage
		Usr 0 00:00:00, Sys 0 00:00:00  -  Total Local Usage
	0  -  Run Bytes Sent By Job
	0  -  Run Bytes Received By Job
	0  -  Total Bytes Sent By Job
	0  -  Total Bytes Received By Job
	Partitionable Resources :    Usage  Request Allocated
	   Cpus                 :                 1         1
	   Disk (KB)            :        1        1   1084951
	   Memory (MB)          :       27        1     12107
...
000 (1673186.042.000) 12/25 09:26:50 Job submitted from host: <172.16.2.141:36601>
...
001 (1673186.042.000) 12/25 10:23:25 Job executing on host: <172.16.2.141:56348>
...
006 (1673186.042.000) 12/25 10:23:34 Image size of job updated: 239412
	25  -  MemoryUsage of job (MB)
	25236  -  ResidentSetSize of job (KB)
...
006 (1673186.042.000) 12/25 10:28:35 Image size of job updated: 239412
	25  -  MemoryUsage of job (MB)
	25240  -  ResidentSetSize of job (KB)
...
004 (1673186.042.000) 12/25 10:36:12 Job was evicted.
	(0) Job was not checkpointed.
		Usr 0 00:12:46, Sys 0 00:00:00  -  Run Remote Usage
		Usr 0 00:00:00, Sys 0 00:00:00  -  Run Local Usage
	0  -  Run Bytes Sent By Job
	0  -  Run Bytes Received By Job
	Partitionable Resources :    Usage  Request Allocated
	   Cpus                 :                 1         1
	   Disk (KB)            :        1        1  18595807
	   Memory (MB)          :       25        1      2676
...
009 (1673186.042.000) 12/25 10:36:13 Job was aborted by the user.
	via condor_rm (by user zhangliang)
...
000 (1673187.042.000) 12/25 10:36:20 Job submitted from host: <172.16.2.141:36601>
...
001 (1673187.042.000) 12/25 11:32:44 Job executing on host: <172.16.2.141:56348>
...
006 (1673187.042.000) 12/25 11:32:53 Image size of job updated: 239412
	25  -  MemoryUsage of job (MB)
	25344  -  ResidentSetSize of job (KB)
...
006 (1673187.042.000) 12/25 11:37:54 Image size of job updated: 239412
	25  -  MemoryUsage of job (MB)
	25348  -  ResidentSetSize of job (KB)
...
004 (1673187.042.000) 12/25 11:42:35 Job was evicted.
	(0) Job was not checkpointed.
		Usr 0 00:09:49, Sys 0 00:00:00  -  Run Remote Usage
		Usr 0 00:00:00, Sys 0 00:00:00  -  Run Local Usage
	0  -  Run Bytes Sent By Job
	0  -  Run Bytes Received By Job
	Partitionable Resources :    Usage  Request Allocated
	   Cpus                 :                 1         1
	   Disk (KB)            :        1        1  18595807
	   Memory (MB)          :       25        1      2676
...
009 (1673187.042.000) 12/25 11:42:35 Job was aborted by the user.
	via condor_rm (by user zhangliang)
...
000 (1673188.042.000) 12/25 11:42:39 Job submitted from host: <172.16.2.141:36601>
...
009 (1673188.042.000) 12/25 11:42:46 Job was aborted by the user.
	via condor_rm (by user zhangliang)
...
000 (1673189.042.000) 12/25 11:44:21 Job submitted from host: <172.16.2.141:36601>
...
001 (1673189.042.000) 12/25 15:14:33 Job executing on host: <172.16.2.141:56348>
...
006 (1673189.042.000) 12/25 15:14:42 Image size of job updated: 242156
	30  -  MemoryUsage of job (MB)
	29912  -  ResidentSetSize of job (KB)
...
006 (1673189.042.000) 12/25 15:19:43 Image size of job updated: 242156
	30  -  MemoryUsage of job (MB)
	29916  -  ResidentSetSize of job (KB)
...
006 (1673189.042.000) 12/25 15:29:44 Image size of job updated: 242988
	30  -  MemoryUsage of job (MB)
	29952  -  ResidentSetSize of job (KB)
...
006 (1673189.042.000) 12/25 15:44:45 Image size of job updated: 242988
	30  -  MemoryUsage of job (MB)
	29968  -  ResidentSetSize of job (KB)
...
006 (1673189.042.000) 12/25 16:04:46 Image size of job updated: 242988
	30  -  MemoryUsage of job (MB)
	30028  -  ResidentSetSize of job (KB)
...
006 (1673189.042.000) 12/25 16:14:48 Image size of job updated: 242988
	30  -  MemoryUsage of job (MB)
	30032  -  ResidentSetSize of job (KB)
...
005 (1673189.042.000) 12/25 17:48:11 Job terminated.
	(1) Normal termination (return value 0)
		Usr 0 02:33:32, Sys 0 00:00:00  -  Run Remote Usage
		Usr 0 00:00:00, Sys 0 00:00:00  -  Run Local Usage
		Usr 0 02:33:32, Sys 0 00:00:00  -  Total Remote Usage
		Usr 0 00:00:00, Sys 0 00:00:00  -  Total Local Usage
	0  -  Run Bytes Sent By Job
	0  -  Run Bytes Received By Job
	0  -  Total Bytes Sent By Job
	0  -  Total Bytes Received By Job
	Partitionable Resources :    Usage  Request Allocated
	   Cpus                 :                 1         1
	   Disk (KB)            :        1        1  18595899
	   Memory (MB)          :       30        1      2676
...
000 (1673192.042.000) 12/26 00:07:14 Job submitted from host: <172.16.2.141:36601>
...
001 (1673192.042.000) 12/26 00:07:29 Job executing on host: <172.16.2.151:35010>
...
006 (1673192.042.000) 12/26 00:07:30 Image size of job updated: 150480
	0  -  MemoryUsage of job (MB)
	0  -  ResidentSetSize of job (KB)
...
004 (1673192.042.000) 12/26 00:07:31 Job was evicted.
	(0) Job was not checkpointed.
		Usr 0 00:00:01, Sys 0 00:00:00  -  Run Remote Usage
		Usr 0 00:00:00, Sys 0 00:00:00  -  Run Local Usage
	0  -  Run Bytes Sent By Job
	0  -  Run Bytes Received By Job
	Partitionable Resources :    Usage  Request Allocated
	   Cpus                 :                 1         1
	   Disk (KB)            :        1        1   1085019
	   Memory (MB)          :        0        1     12107
...
009 (1673192.042.000) 12/26 00:07:33 Job was aborted by the user.
	via condor_rm (by user zhangliang)
...
000 (1673193.042.000) 12/26 00:07:59 Job submitted from host: <172.16.2.141:36601>
...
001 (1673193.042.000) 12/26 00:08:03 Job executing on host: <172.16.2.151:35010>
...
006 (1673193.042.000) 12/26 00:08:11 Image size of job updated: 256568
	30  -  MemoryUsage of job (MB)
	30068  -  ResidentSetSize of job (KB)
...
006 (1673193.042.000) 12/26 00:13:11 Image size of job updated: 256568
	32  -  MemoryUsage of job (MB)
	32140  -  ResidentSetSize of job (KB)
...
006 (1673193.042.000) 12/26 00:28:13 Image size of job updated: 257480
	32  -  MemoryUsage of job (MB)
	32172  -  ResidentSetSize of job (KB)
...
006 (1673193.042.000) 12/26 00:48:14 Image size of job updated: 257480
	32  -  MemoryUsage of job (MB)
	32188  -  ResidentSetSize of job (KB)
...
006 (1673193.042.000) 12/26 01:08:18 Image size of job updated: 257480
	32  -  MemoryUsage of job (MB)
	32252  -  ResidentSetSize of job (KB)
...
006 (1673193.042.000) 12/26 01:18:18 Image size of job updated: 257480
	33  -  MemoryUsage of job (MB)
	33012  -  ResidentSetSize of job (KB)
...
