000 (1673162.038.000) 12/23 13:43:08 Job submitted from host: <172.16.2.141:36601>
...
001 (1673162.038.000) 12/23 13:43:11 Job executing on host: <172.16.2.141:56348>
...
006 (1673162.038.000) 12/23 13:43:20 Image size of job updated: 241596
	27  -  MemoryUsage of job (MB)
	26924  -  ResidentSetSize of job (KB)
...
006 (1673162.038.000) 12/23 13:48:21 Image size of job updated: 241596
	27  -  MemoryUsage of job (MB)
	26964  -  ResidentSetSize of job (KB)
...
006 (1673162.038.000) 12/23 14:03:22 Image size of job updated: 242376
	27  -  MemoryUsage of job (MB)
	26988  -  ResidentSetSize of job (KB)
...
006 (1673162.038.000) 12/23 14:38:26 Image size of job updated: 242376
	27  -  MemoryUsage of job (MB)
	27000  -  ResidentSetSize of job (KB)
...
005 (1673162.038.000) 12/23 14:43:36 Job terminated.
	(1) Normal termination (return value 0)
		Usr 0 01:00:16, Sys 0 00:00:00  -  Run Remote Usage
		Usr 0 00:00:00, Sys 0 00:00:00  -  Run Local Usage
		Usr 0 01:00:16, Sys 0 00:00:00  -  Total Remote Usage
		Usr 0 00:00:00, Sys 0 00:00:00  -  Total Local Usage
	0  -  Run Bytes Sent By Job
	0  -  Run Bytes Received By Job
	0  -  Total Bytes Sent By Job
	0  -  Total Bytes Received By Job
	Partitionable Resources :    Usage  Request Allocated
	   Cpus                 :                 1         1
	   Disk (KB)            :        1        1  18596145
	   Memory (MB)          :       27        1      2676
...
000 (1673169.038.000) 12/23 21:09:13 Job submitted from host: <172.16.2.141:36601>
...
001 (1673169.038.000) 12/23 21:09:23 Job executing on host: <172.16.2.141:56348>
...
006 (1673169.038.000) 12/23 21:09:31 Image size of job updated: 241556
	27  -  MemoryUsage of job (MB)
	26944  -  ResidentSetSize of job (KB)
...
006 (1673169.038.000) 12/23 21:14:31 Image size of job updated: 241556
	27  -  MemoryUsage of job (MB)
	26972  -  ResidentSetSize of job (KB)
...
006 (1673169.038.000) 12/23 21:29:32 Image size of job updated: 242384
	27  -  MemoryUsage of job (MB)
	26996  -  ResidentSetSize of job (KB)
...
005 (1673169.038.000) 12/23 21:55:17 Job terminated.
	(1) Normal termination (return value 0)
		Usr 0 00:45:45, Sys 0 00:00:00  -  Run Remote Usage
		Usr 0 00:00:00, Sys 0 00:00:00  -  Run Local Usage
		Usr 0 00:45:45, Sys 0 00:00:00  -  Total Remote Usage
		Usr 0 00:00:00, Sys 0 00:00:00  -  Total Local Usage
	0  -  Run Bytes Sent By Job
	0  -  Run Bytes Received By Job
	0  -  Total Bytes Sent By Job
	0  -  Total Bytes Received By Job
	Partitionable Resources :    Usage  Request Allocated
	   Cpus                 :                 1         1
	   Disk (KB)            :        1        1  18596152
	   Memory (MB)          :       27        1      2676
...
000 (1673171.038.000) 12/23 23:27:09 Job submitted from host: <172.16.2.141:36601>
...
001 (1673171.038.000) 12/23 23:27:24 Job executing on host: <172.16.2.141:56348>
...
006 (1673171.038.000) 12/23 23:27:33 Image size of job updated: 241556
	29  -  MemoryUsage of job (MB)
	29344  -  ResidentSetSize of job (KB)
...
006 (1673171.038.000) 12/23 23:32:34 Image size of job updated: 241556
	29  -  MemoryUsage of job (MB)
	29348  -  ResidentSetSize of job (KB)
...
006 (1673171.038.000) 12/23 23:47:36 Image size of job updated: 242384
	29  -  MemoryUsage of job (MB)
	29372  -  ResidentSetSize of job (KB)
...
006 (1673171.038.000) 12/24 00:22:39 Image size of job updated: 242384
	29  -  MemoryUsage of job (MB)
	29392  -  ResidentSetSize of job (KB)
...
005 (1673171.038.000) 12/24 02:35:57 Job terminated.
	(1) Normal termination (return value 0)
		Usr 0 03:08:18, Sys 0 00:00:00  -  Run Remote Usage
		Usr 0 00:00:00, Sys 0 00:00:00  -  Run Local Usage
		Usr 0 03:08:18, Sys 0 00:00:00  -  Total Remote Usage
		Usr 0 00:00:00, Sys 0 00:00:00  -  Total Local Usage
	0  -  Run Bytes Sent By Job
	0  -  Run Bytes Received By Job
	0  -  Total Bytes Sent By Job
	0  -  Total Bytes Received By Job
	Partitionable Resources :    Usage  Request Allocated
	   Cpus                 :                 1         1
	   Disk (KB)            :        1        1  18596093
	   Memory (MB)          :       29        1      2676
...
000 (1673183.038.000) 12/24 22:48:09 Job submitted from host: <172.16.2.141:36601>
...
001 (1673183.038.000) 12/24 22:48:27 Job executing on host: <172.16.2.151:35010>
...
006 (1673183.038.000) 12/24 22:48:37 Image size of job updated: 256564
	30  -  MemoryUsage of job (MB)
	30508  -  ResidentSetSize of job (KB)
...
006 (1673183.038.000) 12/24 22:53:38 Image size of job updated: 256564
	31  -  MemoryUsage of job (MB)
	30812  -  ResidentSetSize of job (KB)
...
006 (1673183.038.000) 12/24 23:08:40 Image size of job updated: 257436
	31  -  MemoryUsage of job (MB)
	30852  -  ResidentSetSize of job (KB)
...
006 (1673183.038.000) 12/24 23:23:41 Image size of job updated: 257436
	31  -  MemoryUsage of job (MB)
	30864  -  ResidentSetSize of job (KB)
...
006 (1673183.038.000) 12/24 23:43:43 Image size of job updated: 257436
	31  -  MemoryUsage of job (MB)
	30904  -  ResidentSetSize of job (KB)
...
005 (1673183.038.000) 12/25 01:58:26 Job terminated.
	(1) Normal termination (return value 0)
		Usr 0 03:09:41, Sys 0 00:00:00  -  Run Remote Usage
		Usr 0 00:00:00, Sys 0 00:00:00  -  Run Local Usage
		Usr 0 03:09:41, Sys 0 00:00:00  -  Total Remote Usage
		Usr 0 00:00:00, Sys 0 00:00:00  -  Total Local Usage
	0  -  Run Bytes Sent By Job
	0  -  Run Bytes Received By Job
	0  -  Total Bytes Sent By Job
	0  -  Total Bytes Received By Job
	Partitionable Resources :    Usage  Request Allocated
	   Cpus                 :                 1         1
	   Disk (KB)            :        1        1   1084986
	   Memory (MB)          :       31        1     12107
...
000 (1673184.038.000) 12/25 08:28:15 Job submitted from host: <172.16.2.141:36601>
...
001 (1673184.038.000) 12/25 08:28:26 Job executing on host: <172.16.2.151:35010>
...
006 (1673184.038.000) 12/25 08:28:35 Image size of job updated: 252804
	27  -  MemoryUsage of job (MB)
	27128  -  ResidentSetSize of job (KB)
...
006 (1673184.038.000) 12/25 08:33:36 Image size of job updated: 252804
	27  -  MemoryUsage of job (MB)
	27132  -  ResidentSetSize of job (KB)
...
006 (1673184.038.000) 12/25 08:48:37 Image size of job updated: 253716
	27  -  MemoryUsage of job (MB)
	27164  -  ResidentSetSize of job (KB)
...
006 (1673184.038.000) 12/25 09:08:39 Image size of job updated: 253716
	27  -  MemoryUsage of job (MB)
	27176  -  ResidentSetSize of job (KB)
...
005 (1673184.038.000) 12/25 09:24:38 Job terminated.
	(1) Normal termination (return value 139)
		Usr 0 00:55:32, Sys 0 00:00:00  -  Run Remote Usage
		Usr 0 00:00:00, Sys 0 00:00:00  -  Run Local Usage
		Usr 0 00:55:32, Sys 0 00:00:00  -  Total Remote Usage
		Usr 0 00:00:00, Sys 0 00:00:00  -  Total Local Usage
	0  -  Run Bytes Sent By Job
	0  -  Run Bytes Received By Job
	0  -  Total Bytes Sent By Job
	0  -  Total Bytes Received By Job
	Partitionable Resources :    Usage  Request Allocated
	   Cpus                 :                 1         1
	   Disk (KB)            :        1        1   1084951
	   Memory (MB)          :       27        1     12107
...
000 (1673186.038.000) 12/25 09:26:50 Job submitted from host: <172.16.2.141:36601>
...
001 (1673186.038.000) 12/25 10:23:20 Job executing on host: <172.16.2.141:56348>
...
006 (1673186.038.000) 12/25 10:23:28 Image size of job updated: 239416
	25  -  MemoryUsage of job (MB)
	25456  -  ResidentSetSize of job (KB)
...
006 (1673186.038.000) 12/25 10:28:28 Image size of job updated: 239416
	25  -  MemoryUsage of job (MB)
	25460  -  ResidentSetSize of job (KB)
...
004 (1673186.038.000) 12/25 10:36:12 Job was evicted.
	(0) Job was not checkpointed.
		Usr 0 00:12:51, Sys 0 00:00:00  -  Run Remote Usage
		Usr 0 00:00:00, Sys 0 00:00:00  -  Run Local Usage
	0  -  Run Bytes Sent By Job
	0  -  Run Bytes Received By Job
	Partitionable Resources :    Usage  Request Allocated
	   Cpus                 :                 1         1
	   Disk (KB)            :        1        1  18595807
	   Memory (MB)          :       25        1      2676
...
009 (1673186.038.000) 12/25 10:36:13 Job was aborted by the user.
	via condor_rm (by user zhangliang)
...
000 (1673187.038.000) 12/25 10:36:20 Job submitted from host: <172.16.2.141:36601>
...
001 (1673187.038.000) 12/25 11:32:35 Job executing on host: <172.16.2.141:56348>
...
006 (1673187.038.000) 12/25 11:32:43 Image size of job updated: 239412
	27  -  MemoryUsage of job (MB)
	26812  -  ResidentSetSize of job (KB)
...
006 (1673187.038.000) 12/25 11:37:43 Image size of job updated: 239412
	27  -  MemoryUsage of job (MB)
	26816  -  ResidentSetSize of job (KB)
...
004 (1673187.038.000) 12/25 11:42:35 Job was evicted.
	(0) Job was not checkpointed.
		Usr 0 00:09:59, Sys 0 00:00:00  -  Run Remote Usage
		Usr 0 00:00:00, Sys 0 00:00:00  -  Run Local Usage
	0  -  Run Bytes Sent By Job
	0  -  Run Bytes Received By Job
	Partitionable Resources :    Usage  Request Allocated
	   Cpus                 :                 1         1
	   Disk (KB)            :        1        1  18595803
	   Memory (MB)          :       27        1      2676
...
009 (1673187.038.000) 12/25 11:42:35 Job was aborted by the user.
	via condor_rm (by user zhangliang)
...
000 (1673188.038.000) 12/25 11:42:39 Job submitted from host: <172.16.2.141:36601>
...
009 (1673188.038.000) 12/25 11:42:46 Job was aborted by the user.
	via condor_rm (by user zhangliang)
...
000 (1673189.038.000) 12/25 11:44:21 Job submitted from host: <172.16.2.141:36601>
...
001 (1673189.038.000) 12/25 15:13:23 Job executing on host: <172.16.2.141:56348>
...
006 (1673189.038.000) 12/25 15:13:31 Image size of job updated: 242152
	30  -  MemoryUsage of job (MB)
	30428  -  ResidentSetSize of job (KB)
...
006 (1673189.038.000) 12/25 15:18:31 Image size of job updated: 242152
	30  -  MemoryUsage of job (MB)
	30432  -  ResidentSetSize of job (KB)
...
006 (1673189.038.000) 12/25 15:33:32 Image size of job updated: 242984
	30  -  MemoryUsage of job (MB)
	30468  -  ResidentSetSize of job (KB)
...
006 (1673189.038.000) 12/25 15:53:34 Image size of job updated: 242984
	30  -  MemoryUsage of job (MB)
	30484  -  ResidentSetSize of job (KB)
...
006 (1673189.038.000) 12/25 16:08:36 Image size of job updated: 242984
	30  -  MemoryUsage of job (MB)
	30548  -  ResidentSetSize of job (KB)
...
005 (1673189.038.000) 12/25 17:50:02 Job terminated.
	(1) Normal termination (return value 0)
		Usr 0 02:36:28, Sys 0 00:00:00  -  Run Remote Usage
		Usr 0 00:00:00, Sys 0 00:00:00  -  Run Local Usage
		Usr 0 02:36:28, Sys 0 00:00:00  -  Total Remote Usage
		Usr 0 00:00:00, Sys 0 00:00:00  -  Total Local Usage
	0  -  Run Bytes Sent By Job
	0  -  Run Bytes Received By Job
	0  -  Total Bytes Sent By Job
	0  -  Total Bytes Received By Job
	Partitionable Resources :    Usage  Request Allocated
	   Cpus                 :                 1         1
	   Disk (KB)            :        1        1  18595865
	   Memory (MB)          :       30        1      2676
...
000 (1673192.038.000) 12/26 00:07:14 Job submitted from host: <172.16.2.141:36601>
...
001 (1673192.038.000) 12/26 00:07:28 Job executing on host: <172.16.2.151:35010>
...
006 (1673192.038.000) 12/26 00:07:30 Image size of job updated: 256576
	0  -  MemoryUsage of job (MB)
	0  -  ResidentSetSize of job (KB)
...
004 (1673192.038.000) 12/26 00:07:31 Job was evicted.
	(0) Job was not checkpointed.
		Usr 0 00:00:01, Sys 0 00:00:00  -  Run Remote Usage
		Usr 0 00:00:00, Sys 0 00:00:00  -  Run Local Usage
	0  -  Run Bytes Sent By Job
	0  -  Run Bytes Received By Job
	Partitionable Resources :    Usage  Request Allocated
	   Cpus                 :                 1         1
	   Disk (KB)            :        1        1   1085019
	   Memory (MB)          :        0        1     12107
...
009 (1673192.038.000) 12/26 00:07:32 Job was aborted by the user.
	via condor_rm (by user zhangliang)
...
000 (1673193.038.000) 12/26 00:07:59 Job submitted from host: <172.16.2.141:36601>
...
001 (1673193.038.000) 12/26 00:08:02 Job executing on host: <172.16.2.151:35010>
...
006 (1673193.038.000) 12/26 00:08:11 Image size of job updated: 256568
	30  -  MemoryUsage of job (MB)
	30316  -  ResidentSetSize of job (KB)
...
006 (1673193.038.000) 12/26 00:13:13 Image size of job updated: 256568
	30  -  MemoryUsage of job (MB)
	30348  -  ResidentSetSize of job (KB)
...
006 (1673193.038.000) 12/26 00:28:15 Image size of job updated: 257480
	30  -  MemoryUsage of job (MB)
	30380  -  ResidentSetSize of job (KB)
...
006 (1673193.038.000) 12/26 00:48:16 Image size of job updated: 257480
	30  -  MemoryUsage of job (MB)
	30396  -  ResidentSetSize of job (KB)
...
006 (1673193.038.000) 12/26 01:08:18 Image size of job updated: 257480
	30  -  MemoryUsage of job (MB)
	30456  -  ResidentSetSize of job (KB)
...
006 (1673193.038.000) 12/26 01:13:18 Image size of job updated: 257480
	30  -  MemoryUsage of job (MB)
	30460  -  ResidentSetSize of job (KB)
...
