000 (28203.089.000) 12/31 10:12:06 Job submitted from host: <172.16.11.200:9618?addrs=172.16.11.200-9618&noUDP&sock=14877_46f2_4>
...
001 (28203.089.000) 12/31 10:12:20 Job executing on host: <172.16.11.231:9618?addrs=172.16.11.231-9618&noUDP&sock=startd_22895_f54e_4>
...
006 (28203.089.000) 12/31 10:12:29 Image size of job updated: 35212
	35  -  MemoryUsage of job (MB)
	35212  -  ResidentSetSize of job (KB)
...
006 (28203.089.000) 12/31 10:32:31 Image size of job updated: 35336
	35  -  MemoryUsage of job (MB)
	35336  -  ResidentSetSize of job (KB)
...
006 (28203.089.000) 12/31 13:14:29 Image size of job updated: 310160
	35  -  MemoryUsage of job (MB)
	35336  -  ResidentSetSize of job (KB)
...
004 (28203.089.000) 12/31 13:14:29 Job was evicted.
	(0) CPU times
		Usr 0 03:02:07, Sys 0 00:00:00  -  Run Remote Usage
		Usr 0 00:00:00, Sys 0 00:00:00  -  Run Local Usage
	0  -  Run Bytes Sent By Job
	0  -  Run Bytes Received By Job
	Partitionable Resources :    Usage  Request Allocated 
	   Cpus                 :     1.00        1         1 
	   Disk (KB)            :     1           1    241059 
	   Memory (MB)          :    35           1      2008 
...
009 (28203.089.000) 12/31 13:14:29 Job was aborted by the user.
	via condor_rm (by user zhangliang)
...
000 (28206.089.000) 12/31 14:09:35 Job submitted from host: <172.16.11.200:9618?addrs=172.16.11.200-9618&noUDP&sock=14877_46f2_4>
...
001 (28206.089.000) 01/01 14:15:49 Job executing on host: <172.16.11.231:9618?addrs=172.16.11.231-9618&noUDP&sock=startd_22895_f54e_4>
...
006 (28206.089.000) 01/01 14:15:58 Image size of job updated: 34960
	35  -  MemoryUsage of job (MB)
	34960  -  ResidentSetSize of job (KB)
...
006 (28206.089.000) 01/01 15:11:03 Image size of job updated: 35072
	35  -  MemoryUsage of job (MB)
	35072  -  ResidentSetSize of job (KB)
...
005 (28206.089.000) 01/02 09:28:29 Job terminated.
	(1) Normal termination (return value 0)
		Usr 0 19:12:00, Sys 0 00:00:11  -  Run Remote Usage
		Usr 0 00:00:00, Sys 0 00:00:00  -  Run Local Usage
		Usr 0 19:12:00, Sys 0 00:00:11  -  Total Remote Usage
		Usr 0 00:00:00, Sys 0 00:00:00  -  Total Local Usage
	0  -  Run Bytes Sent By Job
	0  -  Run Bytes Received By Job
	0  -  Total Bytes Sent By Job
	0  -  Total Bytes Received By Job
	Partitionable Resources :    Usage  Request Allocated 
	   Cpus                 :     1.00        1         1 
	   Disk (KB)            :     1           1    241059 
	   Memory (MB)          :    35           1      2008 
...
000 (28248.089.000) 01/05 15:45:56 Job submitted from host: <172.16.11.200:9618?addrs=172.16.11.200-9618&noUDP&sock=14877_46f2_4>
...
001 (28248.089.000) 01/05 17:57:35 Job executing on host: <172.16.11.233:9618?addrs=172.16.11.233-9618&alias=pc-farm3&noUDP&sock=startd_4556_edfa>
...
006 (28248.089.000) 01/05 17:57:43 Image size of job updated: 38804
	38  -  MemoryUsage of job (MB)
	38804  -  ResidentSetSize of job (KB)
...
006 (28248.089.000) 01/05 18:27:46 Image size of job updated: 38808
	38  -  MemoryUsage of job (MB)
	38808  -  ResidentSetSize of job (KB)
...
006 (28248.089.000) 01/05 18:32:46 Image size of job updated: 38828
	38  -  MemoryUsage of job (MB)
	38828  -  ResidentSetSize of job (KB)
...
006 (28248.089.000) 01/05 18:37:47 Image size of job updated: 38848
	38  -  MemoryUsage of job (MB)
	38848  -  ResidentSetSize of job (KB)
...
006 (28248.089.000) 01/05 18:42:48 Image size of job updated: 38872
	38  -  MemoryUsage of job (MB)
	38872  -  ResidentSetSize of job (KB)
...
006 (28248.089.000) 01/05 18:47:48 Image size of job updated: 38892
	38  -  MemoryUsage of job (MB)
	38892  -  ResidentSetSize of job (KB)
...
006 (28248.089.000) 01/05 18:52:49 Image size of job updated: 38912
	38  -  MemoryUsage of job (MB)
	38912  -  ResidentSetSize of job (KB)
...
006 (28248.089.000) 01/05 18:57:50 Image size of job updated: 38936
	39  -  MemoryUsage of job (MB)
	38936  -  ResidentSetSize of job (KB)
...
006 (28248.089.000) 01/05 19:02:50 Image size of job updated: 39080
	39  -  MemoryUsage of job (MB)
	39080  -  ResidentSetSize of job (KB)
...
006 (28248.089.000) 01/05 19:07:50 Image size of job updated: 39100
	39  -  MemoryUsage of job (MB)
	39100  -  ResidentSetSize of job (KB)
...
006 (28248.089.000) 01/05 19:17:51 Image size of job updated: 39132
	39  -  MemoryUsage of job (MB)
	39132  -  ResidentSetSize of job (KB)
...
006 (28248.089.000) 01/05 19:42:54 Image size of job updated: 39136
	39  -  MemoryUsage of job (MB)
	39136  -  ResidentSetSize of job (KB)
...
006 (28248.089.000) 01/05 19:47:55 Image size of job updated: 39280
	39  -  MemoryUsage of job (MB)
	39280  -  ResidentSetSize of job (KB)
...
006 (28248.089.000) 01/05 19:52:55 Image size of job updated: 39300
	39  -  MemoryUsage of job (MB)
	39300  -  ResidentSetSize of job (KB)
...
006 (28248.089.000) 01/05 19:57:55 Image size of job updated: 39320
	39  -  MemoryUsage of job (MB)
	39320  -  ResidentSetSize of job (KB)
...
006 (28248.089.000) 01/05 20:02:56 Image size of job updated: 39340
	39  -  MemoryUsage of job (MB)
	39340  -  ResidentSetSize of job (KB)
...
006 (28248.089.000) 01/05 20:22:57 Image size of job updated: 39424
	39  -  MemoryUsage of job (MB)
	39424  -  ResidentSetSize of job (KB)
...
006 (28248.089.000) 01/05 20:32:58 Image size of job updated: 39496
	39  -  MemoryUsage of job (MB)
	39496  -  ResidentSetSize of job (KB)
...
006 (28248.089.000) 01/05 20:37:59 Image size of job updated: 39516
	39  -  MemoryUsage of job (MB)
	39516  -  ResidentSetSize of job (KB)
...
006 (28248.089.000) 01/05 20:48:00 Image size of job updated: 39556
	39  -  MemoryUsage of job (MB)
	39556  -  ResidentSetSize of job (KB)
...
006 (28248.089.000) 01/05 20:58:01 Image size of job updated: 39600
	39  -  MemoryUsage of job (MB)
	39600  -  ResidentSetSize of job (KB)
...
006 (28248.089.000) 01/05 21:18:02 Image size of job updated: 39684
	39  -  MemoryUsage of job (MB)
	39684  -  ResidentSetSize of job (KB)
...
006 (28248.089.000) 01/05 21:23:04 Image size of job updated: 39708
	39  -  MemoryUsage of job (MB)
	39708  -  ResidentSetSize of job (KB)
...
006 (28248.089.000) 01/05 21:28:04 Image size of job updated: 39764
	39  -  MemoryUsage of job (MB)
	39764  -  ResidentSetSize of job (KB)
...
006 (28248.089.000) 01/05 21:33:04 Image size of job updated: 39784
	39  -  MemoryUsage of job (MB)
	39784  -  ResidentSetSize of job (KB)
...
006 (28248.089.000) 01/05 21:38:05 Image size of job updated: 39808
	39  -  MemoryUsage of job (MB)
	39808  -  ResidentSetSize of job (KB)
...
006 (28248.089.000) 01/05 21:48:06 Image size of job updated: 39852
	39  -  MemoryUsage of job (MB)
	39852  -  ResidentSetSize of job (KB)
...
006 (28248.089.000) 01/05 21:53:07 Image size of job updated: 39868
	39  -  MemoryUsage of job (MB)
	39868  -  ResidentSetSize of job (KB)
...
006 (28248.089.000) 01/05 21:58:08 Image size of job updated: 39896
	39  -  MemoryUsage of job (MB)
	39896  -  ResidentSetSize of job (KB)
...
006 (28248.089.000) 01/05 22:03:08 Image size of job updated: 39920
	39  -  MemoryUsage of job (MB)
	39920  -  ResidentSetSize of job (KB)
...
006 (28248.089.000) 01/05 22:08:08 Image size of job updated: 39940
	40  -  MemoryUsage of job (MB)
	39940  -  ResidentSetSize of job (KB)
...
006 (28248.089.000) 01/05 22:13:09 Image size of job updated: 40428
	40  -  MemoryUsage of job (MB)
	40428  -  ResidentSetSize of job (KB)
...
006 (28248.089.000) 01/05 22:28:10 Image size of job updated: 40532
	40  -  MemoryUsage of job (MB)
	40532  -  ResidentSetSize of job (KB)
...
006 (28248.089.000) 01/05 22:33:11 Image size of job updated: 40552
	40  -  MemoryUsage of job (MB)
	40552  -  ResidentSetSize of job (KB)
...
006 (28248.089.000) 01/05 22:38:11 Image size of job updated: 40572
	40  -  MemoryUsage of job (MB)
	40572  -  ResidentSetSize of job (KB)
...
006 (28248.089.000) 01/05 22:43:12 Image size of job updated: 40596
	40  -  MemoryUsage of job (MB)
	40596  -  ResidentSetSize of job (KB)
...
006 (28248.089.000) 01/05 22:53:13 Image size of job updated: 40656
	40  -  MemoryUsage of job (MB)
	40656  -  ResidentSetSize of job (KB)
...
006 (28248.089.000) 01/05 22:58:13 Image size of job updated: 40684
	40  -  MemoryUsage of job (MB)
	40684  -  ResidentSetSize of job (KB)
...
006 (28248.089.000) 01/05 23:03:14 Image size of job updated: 40720
	40  -  MemoryUsage of job (MB)
	40720  -  ResidentSetSize of job (KB)
...
006 (28248.089.000) 01/05 23:08:14 Image size of job updated: 40732
	40  -  MemoryUsage of job (MB)
	40732  -  ResidentSetSize of job (KB)
...
006 (28248.089.000) 01/05 23:13:14 Image size of job updated: 40752
	40  -  MemoryUsage of job (MB)
	40752  -  ResidentSetSize of job (KB)
...
006 (28248.089.000) 01/05 23:18:16 Image size of job updated: 40828
	40  -  MemoryUsage of job (MB)
	40828  -  ResidentSetSize of job (KB)
...
006 (28248.089.000) 01/05 23:53:19 Image size of job updated: 40964
	41  -  MemoryUsage of job (MB)
	40964  -  ResidentSetSize of job (KB)
...
006 (28248.089.000) 01/06 00:23:23 Image size of job updated: 40984
	41  -  MemoryUsage of job (MB)
	40984  -  ResidentSetSize of job (KB)
...
006 (28248.089.000) 01/06 00:28:23 Image size of job updated: 41008
	41  -  MemoryUsage of job (MB)
	41008  -  ResidentSetSize of job (KB)
...
006 (28248.089.000) 01/06 00:33:23 Image size of job updated: 41028
	41  -  MemoryUsage of job (MB)
	41028  -  ResidentSetSize of job (KB)
...
006 (28248.089.000) 01/06 00:38:24 Image size of job updated: 41176
	41  -  MemoryUsage of job (MB)
	41176  -  ResidentSetSize of job (KB)
...
006 (28248.089.000) 01/06 00:48:24 Image size of job updated: 41220
	41  -  MemoryUsage of job (MB)
	41220  -  ResidentSetSize of job (KB)
...
006 (28248.089.000) 01/06 00:53:25 Image size of job updated: 41240
	41  -  MemoryUsage of job (MB)
	41240  -  ResidentSetSize of job (KB)
...
006 (28248.089.000) 01/06 00:58:25 Image size of job updated: 41264
	41  -  MemoryUsage of job (MB)
	41264  -  ResidentSetSize of job (KB)
...
006 (28248.089.000) 01/06 01:23:28 Image size of job updated: 41280
	41  -  MemoryUsage of job (MB)
	41280  -  ResidentSetSize of job (KB)
...
006 (28248.089.000) 01/06 01:28:29 Image size of job updated: 41300
	41  -  MemoryUsage of job (MB)
	41300  -  ResidentSetSize of job (KB)
...
006 (28248.089.000) 01/06 01:33:29 Image size of job updated: 41320
	41  -  MemoryUsage of job (MB)
	41320  -  ResidentSetSize of job (KB)
...
006 (28248.089.000) 01/06 01:38:30 Image size of job updated: 41340
	41  -  MemoryUsage of job (MB)
	41340  -  ResidentSetSize of job (KB)
...
006 (28248.089.000) 01/06 01:43:31 Image size of job updated: 41364
	41  -  MemoryUsage of job (MB)
	41364  -  ResidentSetSize of job (KB)
...
006 (28248.089.000) 01/06 01:48:31 Image size of job updated: 41384
	41  -  MemoryUsage of job (MB)
	41384  -  ResidentSetSize of job (KB)
...
006 (28248.089.000) 01/06 01:53:31 Image size of job updated: 41404
	41  -  MemoryUsage of job (MB)
	41404  -  ResidentSetSize of job (KB)
...
006 (28248.089.000) 01/06 01:58:32 Image size of job updated: 41428
	41  -  MemoryUsage of job (MB)
	41428  -  ResidentSetSize of job (KB)
...
006 (28248.089.000) 01/06 02:03:32 Image size of job updated: 41448
	41  -  MemoryUsage of job (MB)
	41448  -  ResidentSetSize of job (KB)
...
006 (28248.089.000) 01/06 02:08:32 Image size of job updated: 41468
	41  -  MemoryUsage of job (MB)
	41468  -  ResidentSetSize of job (KB)
...
006 (28248.089.000) 01/06 02:13:34 Image size of job updated: 41524
	41  -  MemoryUsage of job (MB)
	41524  -  ResidentSetSize of job (KB)
...
006 (28248.089.000) 01/06 02:18:34 Image size of job updated: 41544
	41  -  MemoryUsage of job (MB)
	41544  -  ResidentSetSize of job (KB)
...
006 (28248.089.000) 01/06 02:23:34 Image size of job updated: 41564
	41  -  MemoryUsage of job (MB)
	41564  -  ResidentSetSize of job (KB)
...
006 (28248.089.000) 01/06 02:28:35 Image size of job updated: 41712
	41  -  MemoryUsage of job (MB)
	41712  -  ResidentSetSize of job (KB)
...
005 (28248.089.000) 01/06 02:29:55 Job terminated.
	(1) Normal termination (return value 0)
		Usr 0 08:16:06, Sys 0 00:00:05  -  Run Remote Usage
		Usr 0 00:00:00, Sys 0 00:00:00  -  Run Local Usage
		Usr 0 08:16:06, Sys 0 00:00:05  -  Total Remote Usage
		Usr 0 00:00:00, Sys 0 00:00:00  -  Total Local Usage
	0  -  Run Bytes Sent By Job
	0  -  Run Bytes Received By Job
	0  -  Total Bytes Sent By Job
	0  -  Total Bytes Received By Job
	Partitionable Resources :    Usage  Request Allocated 
	   Cpus                 :     0.97        1         1 
	   Disk (KB)            :     1           1    254050 
	   Memory (MB)          :    41           1      1005 
...
000 (28271.089.000) 01/06 15:26:51 Job submitted from host: <172.16.11.200:9618?addrs=172.16.11.200-9618&noUDP&sock=14877_46f2_4>
...
009 (28271.089.000) 01/06 15:47:45 Job was aborted by the user.
	via condor_rm (by user zhangliang)
...
