000 (1673193.053.000) 12/26 00:07:59 Job submitted from host: <172.16.2.141:36601>
...
001 (1673193.053.000) 12/26 00:08:03 Job executing on host: <172.16.2.151:35010>
...
006 (1673193.053.000) 12/26 00:08:12 Image size of job updated: 95680
	3  -  MemoryUsage of job (MB)
	2104  -  ResidentSetSize of job (KB)
...
006 (1673193.053.000) 12/26 00:13:12 Image size of job updated: 256576
	30  -  MemoryUsage of job (MB)
	30112  -  ResidentSetSize of job (KB)
...
006 (1673193.053.000) 12/26 00:18:13 Image size of job updated: 256576
	32  -  MemoryUsage of job (MB)
	32152  -  ResidentSetSize of job (KB)
...
006 (1673193.053.000) 12/26 00:28:13 Image size of job updated: 257488
	32  -  MemoryUsage of job (MB)
	32184  -  ResidentSetSize of job (KB)
...
006 (1673193.053.000) 12/26 00:48:15 Image size of job updated: 257488
	32  -  MemoryUsage of job (MB)
	32200  -  ResidentSetSize of job (KB)
...
006 (1673193.053.000) 12/26 01:08:18 Image size of job updated: 257488
	32  -  MemoryUsage of job (MB)
	32264  -  ResidentSetSize of job (KB)
...
006 (1673193.053.000) 12/26 01:23:19 Image size of job updated: 257488
	33  -  MemoryUsage of job (MB)
	33292  -  ResidentSetSize of job (KB)
...
