000 (1673162.039.000) 12/23 13:43:08 Job submitted from host: <172.16.2.141:36601>
...
001 (1673162.039.000) 12/23 13:43:11 Job executing on host: <172.16.2.141:56348>
...
006 (1673162.039.000) 12/23 13:43:20 Image size of job updated: 241596
	27  -  MemoryUsage of job (MB)
	26932  -  ResidentSetSize of job (KB)
...
006 (1673162.039.000) 12/23 13:48:21 Image size of job updated: 241596
	27  -  MemoryUsage of job (MB)
	26972  -  ResidentSetSize of job (KB)
...
006 (1673162.039.000) 12/23 14:03:22 Image size of job updated: 242376
	27  -  MemoryUsage of job (MB)
	26996  -  ResidentSetSize of job (KB)
...
006 (1673162.039.000) 12/23 14:38:27 Image size of job updated: 242376
	27  -  MemoryUsage of job (MB)
	27008  -  ResidentSetSize of job (KB)
...
005 (1673162.039.000) 12/23 14:40:01 Job terminated.
	(1) Normal termination (return value 0)
		Usr 0 00:56:43, Sys 0 00:00:00  -  Run Remote Usage
		Usr 0 00:00:00, Sys 0 00:00:00  -  Run Local Usage
		Usr 0 00:56:43, Sys 0 00:00:00  -  Total Remote Usage
		Usr 0 00:00:00, Sys 0 00:00:00  -  Total Local Usage
	0  -  Run Bytes Sent By Job
	0  -  Run Bytes Received By Job
	0  -  Total Bytes Sent By Job
	0  -  Total Bytes Received By Job
	Partitionable Resources :    Usage  Request Allocated
	   Cpus                 :                 1         1
	   Disk (KB)            :        1        1  18596145
	   Memory (MB)          :       27        1      2676
...
000 (1673169.039.000) 12/23 21:09:13 Job submitted from host: <172.16.2.141:36601>
...
001 (1673169.039.000) 12/23 21:09:23 Job executing on host: <172.16.2.141:56348>
...
006 (1673169.039.000) 12/23 21:09:32 Image size of job updated: 241552
	28  -  MemoryUsage of job (MB)
	27908  -  ResidentSetSize of job (KB)
...
006 (1673169.039.000) 12/23 21:14:33 Image size of job updated: 241552
	28  -  MemoryUsage of job (MB)
	27940  -  ResidentSetSize of job (KB)
...
006 (1673169.039.000) 12/23 21:29:34 Image size of job updated: 242380
	28  -  MemoryUsage of job (MB)
	27964  -  ResidentSetSize of job (KB)
...
005 (1673169.039.000) 12/23 21:57:36 Job terminated.
	(1) Normal termination (return value 0)
		Usr 0 00:48:02, Sys 0 00:00:00  -  Run Remote Usage
		Usr 0 00:00:00, Sys 0 00:00:00  -  Run Local Usage
		Usr 0 00:48:02, Sys 0 00:00:00  -  Total Remote Usage
		Usr 0 00:00:00, Sys 0 00:00:00  -  Total Local Usage
	0  -  Run Bytes Sent By Job
	0  -  Run Bytes Received By Job
	0  -  Total Bytes Sent By Job
	0  -  Total Bytes Received By Job
	Partitionable Resources :    Usage  Request Allocated
	   Cpus                 :                 1         1
	   Disk (KB)            :        1        1  18596152
	   Memory (MB)          :       28        1      2676
...
000 (1673171.039.000) 12/23 23:27:09 Job submitted from host: <172.16.2.141:36601>
...
001 (1673171.039.000) 12/23 23:27:24 Job executing on host: <172.16.2.141:56348>
...
006 (1673171.039.000) 12/23 23:27:33 Image size of job updated: 241556
	30  -  MemoryUsage of job (MB)
	29712  -  ResidentSetSize of job (KB)
...
006 (1673171.039.000) 12/23 23:32:34 Image size of job updated: 241556
	30  -  MemoryUsage of job (MB)
	29716  -  ResidentSetSize of job (KB)
...
006 (1673171.039.000) 12/23 23:37:34 Image size of job updated: 241556
	30  -  MemoryUsage of job (MB)
	29932  -  ResidentSetSize of job (KB)
...
006 (1673171.039.000) 12/23 23:47:36 Image size of job updated: 242384
	30  -  MemoryUsage of job (MB)
	29956  -  ResidentSetSize of job (KB)
...
006 (1673171.039.000) 12/24 00:17:39 Image size of job updated: 242384
	30  -  MemoryUsage of job (MB)
	29976  -  ResidentSetSize of job (KB)
...
005 (1673171.039.000) 12/24 02:22:44 Job terminated.
	(1) Normal termination (return value 0)
		Usr 0 02:55:00, Sys 0 00:00:03  -  Run Remote Usage
		Usr 0 00:00:00, Sys 0 00:00:00  -  Run Local Usage
		Usr 0 02:55:00, Sys 0 00:00:03  -  Total Remote Usage
		Usr 0 00:00:00, Sys 0 00:00:00  -  Total Local Usage
	0  -  Run Bytes Sent By Job
	0  -  Run Bytes Received By Job
	0  -  Total Bytes Sent By Job
	0  -  Total Bytes Received By Job
	Partitionable Resources :    Usage  Request Allocated
	   Cpus                 :                 1         1
	   Disk (KB)            :        1        1  18596092
	   Memory (MB)          :       30        1      2676
...
000 (1673183.039.000) 12/24 22:48:09 Job submitted from host: <172.16.2.141:36601>
...
001 (1673183.039.000) 12/24 22:48:28 Job executing on host: <172.16.2.151:35010>
...
006 (1673183.039.000) 12/24 22:48:37 Image size of job updated: 256564
	29  -  MemoryUsage of job (MB)
	28792  -  ResidentSetSize of job (KB)
...
006 (1673183.039.000) 12/24 22:53:37 Image size of job updated: 256564
	29  -  MemoryUsage of job (MB)
	29052  -  ResidentSetSize of job (KB)
...
006 (1673183.039.000) 12/24 23:08:39 Image size of job updated: 257436
	29  -  MemoryUsage of job (MB)
	29092  -  ResidentSetSize of job (KB)
...
006 (1673183.039.000) 12/24 23:28:40 Image size of job updated: 257436
	29  -  MemoryUsage of job (MB)
	29104  -  ResidentSetSize of job (KB)
...
006 (1673183.039.000) 12/24 23:43:42 Image size of job updated: 257436
	29  -  MemoryUsage of job (MB)
	29144  -  ResidentSetSize of job (KB)
...
005 (1673183.039.000) 12/25 01:58:04 Job terminated.
	(1) Normal termination (return value 0)
		Usr 0 03:09:11, Sys 0 00:00:00  -  Run Remote Usage
		Usr 0 00:00:00, Sys 0 00:00:00  -  Run Local Usage
		Usr 0 03:09:11, Sys 0 00:00:00  -  Total Remote Usage
		Usr 0 00:00:00, Sys 0 00:00:00  -  Total Local Usage
	0  -  Run Bytes Sent By Job
	0  -  Run Bytes Received By Job
	0  -  Total Bytes Sent By Job
	0  -  Total Bytes Received By Job
	Partitionable Resources :    Usage  Request Allocated
	   Cpus                 :                 1         1
	   Disk (KB)            :        1        1   1084986
	   Memory (MB)          :       29        1     12107
...
000 (1673184.039.000) 12/25 08:28:15 Job submitted from host: <172.16.2.141:36601>
...
001 (1673184.039.000) 12/25 08:28:27 Job executing on host: <172.16.2.151:35010>
...
006 (1673184.039.000) 12/25 08:28:35 Image size of job updated: 252808
	27  -  MemoryUsage of job (MB)
	27168  -  ResidentSetSize of job (KB)
...
006 (1673184.039.000) 12/25 08:33:36 Image size of job updated: 252808
	27  -  MemoryUsage of job (MB)
	27172  -  ResidentSetSize of job (KB)
...
006 (1673184.039.000) 12/25 08:48:37 Image size of job updated: 253720
	27  -  MemoryUsage of job (MB)
	27204  -  ResidentSetSize of job (KB)
...
006 (1673184.039.000) 12/25 09:08:39 Image size of job updated: 253720
	27  -  MemoryUsage of job (MB)
	27216  -  ResidentSetSize of job (KB)
...
005 (1673184.039.000) 12/25 09:24:14 Job terminated.
	(1) Normal termination (return value 139)
		Usr 0 00:55:07, Sys 0 00:00:00  -  Run Remote Usage
		Usr 0 00:00:00, Sys 0 00:00:00  -  Run Local Usage
		Usr 0 00:55:07, Sys 0 00:00:00  -  Total Remote Usage
		Usr 0 00:00:00, Sys 0 00:00:00  -  Total Local Usage
	0  -  Run Bytes Sent By Job
	0  -  Run Bytes Received By Job
	0  -  Total Bytes Sent By Job
	0  -  Total Bytes Received By Job
	Partitionable Resources :    Usage  Request Allocated
	   Cpus                 :                 1         1
	   Disk (KB)            :        1        1   1084951
	   Memory (MB)          :       27        1     12107
...
000 (1673186.039.000) 12/25 09:26:50 Job submitted from host: <172.16.2.141:36601>
...
001 (1673186.039.000) 12/25 10:23:21 Job executing on host: <172.16.2.141:56348>
...
006 (1673186.039.000) 12/25 10:23:30 Image size of job updated: 239412
	26  -  MemoryUsage of job (MB)
	26592  -  ResidentSetSize of job (KB)
...
006 (1673186.039.000) 12/25 10:28:30 Image size of job updated: 239412
	26  -  MemoryUsage of job (MB)
	26596  -  ResidentSetSize of job (KB)
...
004 (1673186.039.000) 12/25 10:36:12 Job was evicted.
	(0) Job was not checkpointed.
		Usr 0 00:12:50, Sys 0 00:00:00  -  Run Remote Usage
		Usr 0 00:00:00, Sys 0 00:00:00  -  Run Local Usage
	0  -  Run Bytes Sent By Job
	0  -  Run Bytes Received By Job
	Partitionable Resources :    Usage  Request Allocated
	   Cpus                 :                 1         1
	   Disk (KB)            :        1        1  18595807
	   Memory (MB)          :       26        1      2676
...
009 (1673186.039.000) 12/25 10:36:13 Job was aborted by the user.
	via condor_rm (by user zhangliang)
...
000 (1673187.039.000) 12/25 10:36:20 Job submitted from host: <172.16.2.141:36601>
...
001 (1673187.039.000) 12/25 11:32:39 Job executing on host: <172.16.2.141:56348>
...
006 (1673187.039.000) 12/25 11:32:48 Image size of job updated: 239416
	25  -  MemoryUsage of job (MB)
	25256  -  ResidentSetSize of job (KB)
...
006 (1673187.039.000) 12/25 11:37:49 Image size of job updated: 239416
	25  -  MemoryUsage of job (MB)
	25260  -  ResidentSetSize of job (KB)
...
004 (1673187.039.000) 12/25 11:42:35 Job was evicted.
	(0) Job was not checkpointed.
		Usr 0 00:09:55, Sys 0 00:00:00  -  Run Remote Usage
		Usr 0 00:00:00, Sys 0 00:00:00  -  Run Local Usage
	0  -  Run Bytes Sent By Job
	0  -  Run Bytes Received By Job
	Partitionable Resources :    Usage  Request Allocated
	   Cpus                 :                 1         1
	   Disk (KB)            :        1        1  18595807
	   Memory (MB)          :       25        1      2676
...
009 (1673187.039.000) 12/25 11:42:35 Job was aborted by the user.
	via condor_rm (by user zhangliang)
...
000 (1673188.039.000) 12/25 11:42:39 Job submitted from host: <172.16.2.141:36601>
...
009 (1673188.039.000) 12/25 11:42:46 Job was aborted by the user.
	via condor_rm (by user zhangliang)
...
000 (1673189.039.000) 12/25 11:44:21 Job submitted from host: <172.16.2.141:36601>
...
001 (1673189.039.000) 12/25 15:13:28 Job executing on host: <172.16.2.141:56348>
...
006 (1673189.039.000) 12/25 15:13:37 Image size of job updated: 1
	2  -  MemoryUsage of job (MB)
	2028  -  ResidentSetSize of job (KB)
...
006 (1673189.039.000) 12/25 15:18:37 Image size of job updated: 242152
	30  -  MemoryUsage of job (MB)
	29900  -  ResidentSetSize of job (KB)
...
006 (1673189.039.000) 12/25 15:28:38 Image size of job updated: 242984
	30  -  MemoryUsage of job (MB)
	29936  -  ResidentSetSize of job (KB)
...
006 (1673189.039.000) 12/25 15:43:39 Image size of job updated: 242984
	30  -  MemoryUsage of job (MB)
	29952  -  ResidentSetSize of job (KB)
...
006 (1673189.039.000) 12/25 15:58:40 Image size of job updated: 242984
	30  -  MemoryUsage of job (MB)
	30012  -  ResidentSetSize of job (KB)
...
006 (1673189.039.000) 12/25 17:03:48 Image size of job updated: 242984
	30  -  MemoryUsage of job (MB)
	30016  -  ResidentSetSize of job (KB)
...
005 (1673189.039.000) 12/25 17:44:19 Job terminated.
	(1) Normal termination (return value 0)
		Usr 0 02:30:46, Sys 0 00:00:00  -  Run Remote Usage
		Usr 0 00:00:00, Sys 0 00:00:00  -  Run Local Usage
		Usr 0 02:30:46, Sys 0 00:00:00  -  Total Remote Usage
		Usr 0 00:00:00, Sys 0 00:00:00  -  Total Local Usage
	0  -  Run Bytes Sent By Job
	0  -  Run Bytes Received By Job
	0  -  Total Bytes Sent By Job
	0  -  Total Bytes Received By Job
	Partitionable Resources :    Usage  Request Allocated
	   Cpus                 :                 1         1
	   Disk (KB)            :        1        1  18595865
	   Memory (MB)          :       30        1      2676
...
000 (1673192.039.000) 12/26 00:07:14 Job submitted from host: <172.16.2.141:36601>
...
001 (1673192.039.000) 12/26 00:07:29 Job executing on host: <172.16.2.151:35010>
...
006 (1673192.039.000) 12/26 00:07:30 Image size of job updated: 256572
	0  -  MemoryUsage of job (MB)
	0  -  ResidentSetSize of job (KB)
...
004 (1673192.039.000) 12/26 00:07:31 Job was evicted.
	(0) Job was not checkpointed.
		Usr 0 00:00:01, Sys 0 00:00:00  -  Run Remote Usage
		Usr 0 00:00:00, Sys 0 00:00:00  -  Run Local Usage
	0  -  Run Bytes Sent By Job
	0  -  Run Bytes Received By Job
	Partitionable Resources :    Usage  Request Allocated
	   Cpus                 :                 1         1
	   Disk (KB)            :        1        1   1085019
	   Memory (MB)          :        0        1     12107
...
009 (1673192.039.000) 12/26 00:07:33 Job was aborted by the user.
	via condor_rm (by user zhangliang)
...
000 (1673193.039.000) 12/26 00:07:59 Job submitted from host: <172.16.2.141:36601>
...
001 (1673193.039.000) 12/26 00:08:02 Job executing on host: <172.16.2.151:35010>
...
006 (1673193.039.000) 12/26 00:08:12 Image size of job updated: 396532
	30  -  MemoryUsage of job (MB)
	30136  -  ResidentSetSize of job (KB)
...
006 (1673193.039.000) 12/26 00:13:12 Image size of job updated: 396532
	32  -  MemoryUsage of job (MB)
	32208  -  ResidentSetSize of job (KB)
...
006 (1673193.039.000) 12/26 00:28:14 Image size of job updated: 396532
	32  -  MemoryUsage of job (MB)
	32240  -  ResidentSetSize of job (KB)
...
006 (1673193.039.000) 12/26 00:38:14 Image size of job updated: 396532
	32  -  MemoryUsage of job (MB)
	32688  -  ResidentSetSize of job (KB)
...
006 (1673193.039.000) 12/26 00:48:16 Image size of job updated: 396532
	32  -  MemoryUsage of job (MB)
	32692  -  ResidentSetSize of job (KB)
...
006 (1673193.039.000) 12/26 01:08:17 Image size of job updated: 396532
	32  -  MemoryUsage of job (MB)
	32752  -  ResidentSetSize of job (KB)
...
