000 (28203.051.000) 12/31 10:12:06 Job submitted from host: <172.16.11.200:9618?addrs=172.16.11.200-9618&noUDP&sock=14877_46f2_4>
...
001 (28203.051.000) 12/31 10:12:11 Job executing on host: <172.16.11.231:9618?addrs=172.16.11.231-9618&noUDP&sock=startd_22895_f54e_4>
...
006 (28203.051.000) 12/31 10:12:20 Image size of job updated: 35208
	35  -  MemoryUsage of job (MB)
	35208  -  ResidentSetSize of job (KB)
...
006 (28203.051.000) 12/31 10:22:21 Image size of job updated: 35340
	35  -  MemoryUsage of job (MB)
	35340  -  ResidentSetSize of job (KB)
...
005 (28203.051.000) 12/31 13:06:58 Job terminated.
	(1) Normal termination (return value 0)
		Usr 0 02:54:45, Sys 0 00:00:00  -  Run Remote Usage
		Usr 0 00:00:00, Sys 0 00:00:00  -  Run Local Usage
		Usr 0 02:54:45, Sys 0 00:00:00  -  Total Remote Usage
		Usr 0 00:00:00, Sys 0 00:00:00  -  Total Local Usage
	0  -  Run Bytes Sent By Job
	0  -  Run Bytes Received By Job
	0  -  Total Bytes Sent By Job
	0  -  Total Bytes Received By Job
	Partitionable Resources :    Usage  Request Allocated 
	   Cpus                 :     1.00        1         1 
	   Disk (KB)            :     1           1    241059 
	   Memory (MB)          :    35           1      2008 
...
000 (28206.051.000) 12/31 14:09:35 Job submitted from host: <172.16.11.200:9618?addrs=172.16.11.200-9618&noUDP&sock=14877_46f2_4>
...
001 (28206.051.000) 12/31 14:21:39 Job executing on host: <172.16.11.231:9618?addrs=172.16.11.231-9618&noUDP&sock=startd_22895_f54e_4>
...
006 (28206.051.000) 12/31 14:21:47 Image size of job updated: 35068
	35  -  MemoryUsage of job (MB)
	35068  -  ResidentSetSize of job (KB)
...
006 (28206.051.000) 01/01 01:37:57 Image size of job updated: 35176
	35  -  MemoryUsage of job (MB)
	35176  -  ResidentSetSize of job (KB)
...
005 (28206.051.000) 01/01 11:39:09 Job terminated.
	(1) Normal termination (return value 0)
		Usr 0 21:17:11, Sys 0 00:00:02  -  Run Remote Usage
		Usr 0 00:00:00, Sys 0 00:00:00  -  Run Local Usage
		Usr 0 21:17:11, Sys 0 00:00:02  -  Total Remote Usage
		Usr 0 00:00:00, Sys 0 00:00:00  -  Total Local Usage
	0  -  Run Bytes Sent By Job
	0  -  Run Bytes Received By Job
	0  -  Total Bytes Sent By Job
	0  -  Total Bytes Received By Job
	Partitionable Resources :    Usage  Request Allocated 
	   Cpus                 :     1.00        1         1 
	   Disk (KB)            :     1           1    241059 
	   Memory (MB)          :    35           1      2008 
...
000 (28248.051.000) 01/05 15:45:56 Job submitted from host: <172.16.11.200:9618?addrs=172.16.11.200-9618&noUDP&sock=14877_46f2_4>
...
001 (28248.051.000) 01/05 17:16:33 Job executing on host: <172.16.11.233:9618?addrs=172.16.11.233-9618&alias=pc-farm3&noUDP&sock=startd_4556_edfa>
...
006 (28248.051.000) 01/05 17:16:42 Image size of job updated: 40540
	40  -  MemoryUsage of job (MB)
	40540  -  ResidentSetSize of job (KB)
...
006 (28248.051.000) 01/05 18:46:50 Image size of job updated: 40548
	40  -  MemoryUsage of job (MB)
	40548  -  ResidentSetSize of job (KB)
...
006 (28248.051.000) 01/05 18:51:50 Image size of job updated: 40564
	40  -  MemoryUsage of job (MB)
	40564  -  ResidentSetSize of job (KB)
...
006 (28248.051.000) 01/05 18:56:51 Image size of job updated: 40580
	40  -  MemoryUsage of job (MB)
	40580  -  ResidentSetSize of job (KB)
...
006 (28248.051.000) 01/05 19:01:51 Image size of job updated: 40600
	40  -  MemoryUsage of job (MB)
	40600  -  ResidentSetSize of job (KB)
...
006 (28248.051.000) 01/05 19:06:51 Image size of job updated: 40648
	40  -  MemoryUsage of job (MB)
	40648  -  ResidentSetSize of job (KB)
...
006 (28248.051.000) 01/05 19:11:52 Image size of job updated: 40668
	40  -  MemoryUsage of job (MB)
	40668  -  ResidentSetSize of job (KB)
...
006 (28248.051.000) 01/05 19:16:53 Image size of job updated: 40812
	40  -  MemoryUsage of job (MB)
	40812  -  ResidentSetSize of job (KB)
...
006 (28248.051.000) 01/05 19:36:55 Image size of job updated: 40888
	40  -  MemoryUsage of job (MB)
	40888  -  ResidentSetSize of job (KB)
...
006 (28248.051.000) 01/05 19:41:56 Image size of job updated: 40908
	40  -  MemoryUsage of job (MB)
	40908  -  ResidentSetSize of job (KB)
...
006 (28248.051.000) 01/05 19:46:57 Image size of job updated: 40928
	40  -  MemoryUsage of job (MB)
	40928  -  ResidentSetSize of job (KB)
...
006 (28248.051.000) 01/05 19:56:57 Image size of job updated: 40968
	41  -  MemoryUsage of job (MB)
	40968  -  ResidentSetSize of job (KB)
...
006 (28248.051.000) 01/05 20:06:58 Image size of job updated: 40996
	41  -  MemoryUsage of job (MB)
	40996  -  ResidentSetSize of job (KB)
...
006 (28248.051.000) 01/05 20:32:00 Image size of job updated: 41016
	41  -  MemoryUsage of job (MB)
	41016  -  ResidentSetSize of job (KB)
...
006 (28248.051.000) 01/05 20:37:00 Image size of job updated: 41164
	41  -  MemoryUsage of job (MB)
	41164  -  ResidentSetSize of job (KB)
...
006 (28248.051.000) 01/05 20:52:02 Image size of job updated: 41228
	41  -  MemoryUsage of job (MB)
	41228  -  ResidentSetSize of job (KB)
...
006 (28248.051.000) 01/05 20:57:02 Image size of job updated: 41248
	41  -  MemoryUsage of job (MB)
	41248  -  ResidentSetSize of job (KB)
...
006 (28248.051.000) 01/05 21:22:05 Image size of job updated: 41384
	41  -  MemoryUsage of job (MB)
	41384  -  ResidentSetSize of job (KB)
...
006 (28248.051.000) 01/05 21:32:05 Image size of job updated: 41432
	41  -  MemoryUsage of job (MB)
	41432  -  ResidentSetSize of job (KB)
...
006 (28248.051.000) 01/05 21:37:06 Image size of job updated: 41580
	41  -  MemoryUsage of job (MB)
	41580  -  ResidentSetSize of job (KB)
...
006 (28248.051.000) 01/05 22:07:09 Image size of job updated: 41680
	41  -  MemoryUsage of job (MB)
	41680  -  ResidentSetSize of job (KB)
...
006 (28248.051.000) 01/05 22:12:10 Image size of job updated: 41752
	41  -  MemoryUsage of job (MB)
	41752  -  ResidentSetSize of job (KB)
...
006 (28248.051.000) 01/05 22:17:10 Image size of job updated: 41772
	41  -  MemoryUsage of job (MB)
	41772  -  ResidentSetSize of job (KB)
...
006 (28248.051.000) 01/05 22:22:10 Image size of job updated: 41796
	41  -  MemoryUsage of job (MB)
	41796  -  ResidentSetSize of job (KB)
...
006 (28248.051.000) 01/05 22:27:11 Image size of job updated: 41816
	41  -  MemoryUsage of job (MB)
	41816  -  ResidentSetSize of job (KB)
...
006 (28248.051.000) 01/05 22:37:11 Image size of job updated: 41992
	42  -  MemoryUsage of job (MB)
	41992  -  ResidentSetSize of job (KB)
...
006 (28248.051.000) 01/05 23:17:16 Image size of job updated: 42092
	42  -  MemoryUsage of job (MB)
	42092  -  ResidentSetSize of job (KB)
...
006 (28248.051.000) 01/05 23:47:19 Image size of job updated: 42232
	42  -  MemoryUsage of job (MB)
	42232  -  ResidentSetSize of job (KB)
...
006 (28248.051.000) 01/06 00:02:21 Image size of job updated: 42284
	42  -  MemoryUsage of job (MB)
	42284  -  ResidentSetSize of job (KB)
...
006 (28248.051.000) 01/06 00:22:23 Image size of job updated: 42356
	42  -  MemoryUsage of job (MB)
	42356  -  ResidentSetSize of job (KB)
...
006 (28248.051.000) 01/06 00:57:27 Image size of job updated: 42408
	42  -  MemoryUsage of job (MB)
	42408  -  ResidentSetSize of job (KB)
...
006 (28248.051.000) 01/06 01:02:27 Image size of job updated: 42428
	42  -  MemoryUsage of job (MB)
	42428  -  ResidentSetSize of job (KB)
...
006 (28248.051.000) 01/06 01:07:27 Image size of job updated: 42576
	42  -  MemoryUsage of job (MB)
	42576  -  ResidentSetSize of job (KB)
...
006 (28248.051.000) 01/06 01:42:32 Image size of job updated: 42592
	42  -  MemoryUsage of job (MB)
	42592  -  ResidentSetSize of job (KB)
...
006 (28248.051.000) 01/06 01:47:33 Image size of job updated: 42612
	42  -  MemoryUsage of job (MB)
	42612  -  ResidentSetSize of job (KB)
...
006 (28248.051.000) 01/06 01:52:33 Image size of job updated: 42636
	42  -  MemoryUsage of job (MB)
	42636  -  ResidentSetSize of job (KB)
...
006 (28248.051.000) 01/06 01:57:33 Image size of job updated: 42656
	42  -  MemoryUsage of job (MB)
	42656  -  ResidentSetSize of job (KB)
...
006 (28248.051.000) 01/06 02:02:34 Image size of job updated: 42800
	42  -  MemoryUsage of job (MB)
	42800  -  ResidentSetSize of job (KB)
...
005 (28248.051.000) 01/06 02:20:21 Job terminated.
	(1) Normal termination (return value 0)
		Usr 0 08:19:13, Sys 0 00:00:04  -  Run Remote Usage
		Usr 0 00:00:00, Sys 0 00:00:00  -  Run Local Usage
		Usr 0 08:19:13, Sys 0 00:00:04  -  Total Remote Usage
		Usr 0 00:00:00, Sys 0 00:00:00  -  Total Local Usage
	0  -  Run Bytes Sent By Job
	0  -  Run Bytes Received By Job
	0  -  Total Bytes Sent By Job
	0  -  Total Bytes Received By Job
	Partitionable Resources :    Usage  Request Allocated 
	   Cpus                 :     1.00        1         1 
	   Disk (KB)            :     1           1    254050 
	   Memory (MB)          :    42           1      1005 
...
000 (28271.051.000) 01/06 15:26:51 Job submitted from host: <172.16.11.200:9618?addrs=172.16.11.200-9618&noUDP&sock=14877_46f2_4>
...
009 (28271.051.000) 01/06 15:47:45 Job was aborted by the user.
	via condor_rm (by user zhangliang)
...
