000 (28203.093.000) 12/31 10:12:06 Job submitted from host: <172.16.11.200:9618?addrs=172.16.11.200-9618&noUDP&sock=14877_46f2_4>
...
001 (28203.093.000) 12/31 10:12:21 Job executing on host: <172.16.11.231:9618?addrs=172.16.11.231-9618&noUDP&sock=startd_22895_f54e_4>
...
006 (28203.093.000) 12/31 10:12:30 Image size of job updated: 35244
	35  -  MemoryUsage of job (MB)
	35244  -  ResidentSetSize of job (KB)
...
006 (28203.093.000) 12/31 10:32:32 Image size of job updated: 35360
	35  -  MemoryUsage of job (MB)
	35360  -  ResidentSetSize of job (KB)
...
004 (28203.093.000) 12/31 13:14:29 Job was evicted.
	(0) CPU times
		Usr 0 03:01:50, Sys 0 00:00:16  -  Run Remote Usage
		Usr 0 00:00:00, Sys 0 00:00:00  -  Run Local Usage
	0  -  Run Bytes Sent By Job
	0  -  Run Bytes Received By Job
	Partitionable Resources :    Usage  Request Allocated 
	   Cpus                 :     1.00        1         1 
	   Disk (KB)            :     1           1    241059 
	   Memory (MB)          :    35           1      2008 
...
009 (28203.093.000) 12/31 13:14:29 Job was aborted by the user.
	via condor_rm (by user zhangliang)
...
000 (28206.093.000) 12/31 14:09:35 Job submitted from host: <172.16.11.200:9618?addrs=172.16.11.200-9618&noUDP&sock=14877_46f2_4>
...
001 (28206.093.000) 01/01 14:19:49 Job executing on host: <172.16.11.231:9618?addrs=172.16.11.231-9618&noUDP&sock=startd_22895_f54e_4>
...
006 (28206.093.000) 01/01 14:19:58 Image size of job updated: 34968
	35  -  MemoryUsage of job (MB)
	34968  -  ResidentSetSize of job (KB)
...
006 (28206.093.000) 01/01 15:10:03 Image size of job updated: 35936
	36  -  MemoryUsage of job (MB)
	35936  -  ResidentSetSize of job (KB)
...
006 (28206.093.000) 01/02 09:46:54 Image size of job updated: 423324
	36  -  MemoryUsage of job (MB)
	35936  -  ResidentSetSize of job (KB)
...
005 (28206.093.000) 01/02 09:46:54 Job terminated.
	(1) Normal termination (return value 0)
		Usr 0 19:26:34, Sys 0 00:00:02  -  Run Remote Usage
		Usr 0 00:00:00, Sys 0 00:00:00  -  Run Local Usage
		Usr 0 19:26:34, Sys 0 00:00:02  -  Total Remote Usage
		Usr 0 00:00:00, Sys 0 00:00:00  -  Total Local Usage
	0  -  Run Bytes Sent By Job
	0  -  Run Bytes Received By Job
	0  -  Total Bytes Sent By Job
	0  -  Total Bytes Received By Job
	Partitionable Resources :    Usage  Request Allocated 
	   Cpus                 :     1.00        1         1 
	   Disk (KB)            :     1           1    241059 
	   Memory (MB)          :    36           1      2008 
...
000 (28248.093.000) 01/05 15:45:56 Job submitted from host: <172.16.11.200:9618?addrs=172.16.11.200-9618&noUDP&sock=14877_46f2_4>
...
001 (28248.093.000) 01/05 17:58:35 Job executing on host: <172.16.11.231:9618?addrs=172.16.11.231-9618&noUDP&sock=startd_22895_f54e_4>
...
006 (28248.093.000) 01/05 17:58:43 Image size of job updated: 35096
	35  -  MemoryUsage of job (MB)
	35096  -  ResidentSetSize of job (KB)
...
006 (28248.093.000) 01/05 23:29:17 Image size of job updated: 35228
	35  -  MemoryUsage of job (MB)
	35096  -  ResidentSetSize of job (KB)
...
006 (28248.093.000) 01/05 23:34:17 Image size of job updated: 35360
	35  -  MemoryUsage of job (MB)
	35096  -  ResidentSetSize of job (KB)
...
006 (28248.093.000) 01/05 23:39:19 Image size of job updated: 35624
	35  -  MemoryUsage of job (MB)
	35096  -  ResidentSetSize of job (KB)
...
006 (28248.093.000) 01/05 23:44:19 Image size of job updated: 35888
	35  -  MemoryUsage of job (MB)
	35096  -  ResidentSetSize of job (KB)
...
006 (28248.093.000) 01/05 23:49:19 Image size of job updated: 36152
	35  -  MemoryUsage of job (MB)
	35096  -  ResidentSetSize of job (KB)
...
006 (28248.093.000) 01/05 23:54:20 Image size of job updated: 36416
	35  -  MemoryUsage of job (MB)
	35096  -  ResidentSetSize of job (KB)
...
006 (28248.093.000) 01/05 23:59:21 Image size of job updated: 36680
	35  -  MemoryUsage of job (MB)
	35096  -  ResidentSetSize of job (KB)
...
006 (28248.093.000) 01/06 00:09:22 Image size of job updated: 37208
	35  -  MemoryUsage of job (MB)
	35096  -  ResidentSetSize of job (KB)
...
006 (28248.093.000) 01/06 00:59:28 Image size of job updated: 37340
	35  -  MemoryUsage of job (MB)
	35096  -  ResidentSetSize of job (KB)
...
006 (28248.093.000) 01/06 01:49:33 Image size of job updated: 37604
	35  -  MemoryUsage of job (MB)
	35096  -  ResidentSetSize of job (KB)
...
006 (28248.093.000) 01/06 01:54:33 Image size of job updated: 37736
	35  -  MemoryUsage of job (MB)
	35096  -  ResidentSetSize of job (KB)
...
006 (28248.093.000) 01/06 02:19:37 Image size of job updated: 37868
	35  -  MemoryUsage of job (MB)
	35096  -  ResidentSetSize of job (KB)
...
006 (28248.093.000) 01/06 02:39:38 Image size of job updated: 38132
	35  -  MemoryUsage of job (MB)
	35096  -  ResidentSetSize of job (KB)
...
006 (28248.093.000) 01/06 02:44:38 Image size of job updated: 38264
	35  -  MemoryUsage of job (MB)
	35096  -  ResidentSetSize of job (KB)
...
005 (28248.093.000) 01/06 02:58:09 Job terminated.
	(1) Normal termination (return value 0)
		Usr 0 08:58:31, Sys 0 00:00:02  -  Run Remote Usage
		Usr 0 00:00:00, Sys 0 00:00:00  -  Run Local Usage
		Usr 0 08:58:31, Sys 0 00:00:02  -  Total Remote Usage
		Usr 0 00:00:00, Sys 0 00:00:00  -  Total Local Usage
	0  -  Run Bytes Sent By Job
	0  -  Run Bytes Received By Job
	0  -  Total Bytes Sent By Job
	0  -  Total Bytes Received By Job
	Partitionable Resources :    Usage  Request Allocated 
	   Cpus                 :     1.00        1         1 
	   Disk (KB)            :     1           1    241059 
	   Memory (MB)          :    35           1      2008 
...
000 (28271.093.000) 01/06 15:26:51 Job submitted from host: <172.16.11.200:9618?addrs=172.16.11.200-9618&noUDP&sock=14877_46f2_4>
...
009 (28271.093.000) 01/06 15:47:45 Job was aborted by the user.
	via condor_rm (by user zhangliang)
...
