000 (28203.083.000) 12/31 10:12:06 Job submitted from host: <172.16.11.200:9618?addrs=172.16.11.200-9618&noUDP&sock=14877_46f2_4>
...
001 (28203.083.000) 12/31 10:12:18 Job executing on host: <172.16.11.231:9618?addrs=172.16.11.231-9618&noUDP&sock=startd_22895_f54e_4>
...
006 (28203.083.000) 12/31 10:12:26 Image size of job updated: 35272
	35  -  MemoryUsage of job (MB)
	35272  -  ResidentSetSize of job (KB)
...
006 (28203.083.000) 12/31 10:27:28 Image size of job updated: 35384
	35  -  MemoryUsage of job (MB)
	35384  -  ResidentSetSize of job (KB)
...
004 (28203.083.000) 12/31 13:14:29 Job was evicted.
	(0) CPU times
		Usr 0 03:02:02, Sys 0 00:00:07  -  Run Remote Usage
		Usr 0 00:00:00, Sys 0 00:00:00  -  Run Local Usage
	0  -  Run Bytes Sent By Job
	0  -  Run Bytes Received By Job
	Partitionable Resources :    Usage  Request Allocated 
	   Cpus                 :     1.00        1         1 
	   Disk (KB)            :     1           1    241059 
	   Memory (MB)          :    35           1      2008 
...
009 (28203.083.000) 12/31 13:14:29 Job was aborted by the user.
	via condor_rm (by user zhangliang)
...
000 (28206.083.000) 12/31 14:09:35 Job submitted from host: <172.16.11.200:9618?addrs=172.16.11.200-9618&noUDP&sock=14877_46f2_4>
...
001 (28206.083.000) 01/01 14:12:49 Job executing on host: <172.16.11.231:9618?addrs=172.16.11.231-9618&noUDP&sock=startd_22895_f54e_4>
...
006 (28206.083.000) 01/01 14:12:58 Image size of job updated: 35760
	35  -  MemoryUsage of job (MB)
	35760  -  ResidentSetSize of job (KB)
...
006 (28206.083.000) 01/01 15:08:03 Image size of job updated: 36188
	36  -  MemoryUsage of job (MB)
	36188  -  ResidentSetSize of job (KB)
...
005 (28206.083.000) 01/02 10:56:32 Job terminated.
	(1) Normal termination (return value 0)
		Usr 0 20:43:17, Sys 0 00:00:05  -  Run Remote Usage
		Usr 0 00:00:00, Sys 0 00:00:00  -  Run Local Usage
		Usr 0 20:43:17, Sys 0 00:00:05  -  Total Remote Usage
		Usr 0 00:00:00, Sys 0 00:00:00  -  Total Local Usage
	0  -  Run Bytes Sent By Job
	0  -  Run Bytes Received By Job
	0  -  Total Bytes Sent By Job
	0  -  Total Bytes Received By Job
	Partitionable Resources :    Usage  Request Allocated 
	   Cpus                 :     1.00        1         1 
	   Disk (KB)            :     1           1    241059 
	   Memory (MB)          :    36           1      2008 
...
000 (28248.083.000) 01/05 15:45:56 Job submitted from host: <172.16.11.200:9618?addrs=172.16.11.200-9618&noUDP&sock=14877_46f2_4>
...
001 (28248.083.000) 01/05 17:53:34 Job executing on host: <172.16.11.231:9618?addrs=172.16.11.231-9618&noUDP&sock=startd_22895_f54e_4>
...
006 (28248.083.000) 01/05 17:53:42 Image size of job updated: 34772
	34  -  MemoryUsage of job (MB)
	34772  -  ResidentSetSize of job (KB)
...
005 (28248.083.000) 01/06 03:17:07 Job terminated.
	(1) Normal termination (return value 0)
		Usr 0 09:21:48, Sys 0 00:00:01  -  Run Remote Usage
		Usr 0 00:00:00, Sys 0 00:00:00  -  Run Local Usage
		Usr 0 09:21:48, Sys 0 00:00:01  -  Total Remote Usage
		Usr 0 00:00:00, Sys 0 00:00:00  -  Total Local Usage
	0  -  Run Bytes Sent By Job
	0  -  Run Bytes Received By Job
	0  -  Total Bytes Sent By Job
	0  -  Total Bytes Received By Job
	Partitionable Resources :    Usage  Request Allocated 
	   Cpus                 :     1.00        1         1 
	   Disk (KB)            :     1           1    241059 
	   Memory (MB)          :    34           1      2008 
...
000 (28271.083.000) 01/06 15:26:51 Job submitted from host: <172.16.11.200:9618?addrs=172.16.11.200-9618&noUDP&sock=14877_46f2_4>
...
009 (28271.083.000) 01/06 15:47:45 Job was aborted by the user.
	via condor_rm (by user zhangliang)
...
