000 (28203.025.000) 12/31 10:12:06 Job submitted from host: <172.16.11.200:9618?addrs=172.16.11.200-9618&noUDP&sock=14877_46f2_4>
...
001 (28203.025.000) 12/31 10:12:14 Job executing on host: <172.16.11.233:9618?addrs=172.16.11.233-9618&alias=pc-farm3&noUDP&sock=startd_4556_edfa>
...
006 (28203.025.000) 12/31 10:12:23 Image size of job updated: 38812
	38  -  MemoryUsage of job (MB)
	38812  -  ResidentSetSize of job (KB)
...
006 (28203.025.000) 12/31 10:42:26 Image size of job updated: 38944
	39  -  MemoryUsage of job (MB)
	38944  -  ResidentSetSize of job (KB)
...
006 (28203.025.000) 12/31 10:47:26 Image size of job updated: 39152
	39  -  MemoryUsage of job (MB)
	39152  -  ResidentSetSize of job (KB)
...
006 (28203.025.000) 12/31 10:57:27 Image size of job updated: 39244
	39  -  MemoryUsage of job (MB)
	39244  -  ResidentSetSize of job (KB)
...
006 (28203.025.000) 12/31 11:02:28 Image size of job updated: 39332
	39  -  MemoryUsage of job (MB)
	39332  -  ResidentSetSize of job (KB)
...
006 (28203.025.000) 12/31 11:07:28 Image size of job updated: 39416
	39  -  MemoryUsage of job (MB)
	39416  -  ResidentSetSize of job (KB)
...
006 (28203.025.000) 12/31 11:12:29 Image size of job updated: 39536
	39  -  MemoryUsage of job (MB)
	39536  -  ResidentSetSize of job (KB)
...
006 (28203.025.000) 12/31 11:17:30 Image size of job updated: 39616
	39  -  MemoryUsage of job (MB)
	39616  -  ResidentSetSize of job (KB)
...
006 (28203.025.000) 12/31 11:22:30 Image size of job updated: 39820
	39  -  MemoryUsage of job (MB)
	39820  -  ResidentSetSize of job (KB)
...
006 (28203.025.000) 12/31 11:32:31 Image size of job updated: 39888
	39  -  MemoryUsage of job (MB)
	39888  -  ResidentSetSize of job (KB)
...
006 (28203.025.000) 12/31 11:37:31 Image size of job updated: 40092
	40  -  MemoryUsage of job (MB)
	40092  -  ResidentSetSize of job (KB)
...
006 (28203.025.000) 12/31 11:52:33 Image size of job updated: 40240
	40  -  MemoryUsage of job (MB)
	40240  -  ResidentSetSize of job (KB)
...
006 (28203.025.000) 12/31 11:57:33 Image size of job updated: 40444
	40  -  MemoryUsage of job (MB)
	40444  -  ResidentSetSize of job (KB)
...
006 (28203.025.000) 12/31 12:07:35 Image size of job updated: 40512
	40  -  MemoryUsage of job (MB)
	40512  -  ResidentSetSize of job (KB)
...
006 (28203.025.000) 12/31 12:12:35 Image size of job updated: 40592
	40  -  MemoryUsage of job (MB)
	40592  -  ResidentSetSize of job (KB)
...
006 (28203.025.000) 12/31 12:17:35 Image size of job updated: 40828
	40  -  MemoryUsage of job (MB)
	40828  -  ResidentSetSize of job (KB)
...
006 (28203.025.000) 12/31 12:32:37 Image size of job updated: 40976
	41  -  MemoryUsage of job (MB)
	40976  -  ResidentSetSize of job (KB)
...
005 (28203.025.000) 12/31 12:35:37 Job terminated.
	(1) Normal termination (return value 0)
		Usr 0 02:19:34, Sys 0 00:00:04  -  Run Remote Usage
		Usr 0 00:00:00, Sys 0 00:00:00  -  Run Local Usage
		Usr 0 02:19:34, Sys 0 00:00:04  -  Total Remote Usage
		Usr 0 00:00:00, Sys 0 00:00:00  -  Total Local Usage
	0  -  Run Bytes Sent By Job
	0  -  Run Bytes Received By Job
	0  -  Total Bytes Sent By Job
	0  -  Total Bytes Received By Job
	Partitionable Resources :    Usage  Request Allocated 
	   Cpus                 :     0.97        1         1 
	   Disk (KB)            :     1           1    254050 
	   Memory (MB)          :    41           1      1005 
...
000 (28206.025.000) 12/31 14:09:35 Job submitted from host: <172.16.11.200:9618?addrs=172.16.11.200-9618&noUDP&sock=14877_46f2_4>
...
001 (28206.025.000) 12/31 14:17:37 Job executing on host: <172.16.11.231:9618?addrs=172.16.11.231-9618&noUDP&sock=startd_22895_f54e_4>
...
006 (28206.025.000) 12/31 14:17:46 Image size of job updated: 35104
	35  -  MemoryUsage of job (MB)
	35104  -  ResidentSetSize of job (KB)
...
006 (28206.025.000) 01/01 01:28:53 Image size of job updated: 35216
	35  -  MemoryUsage of job (MB)
	35216  -  ResidentSetSize of job (KB)
...
005 (28206.025.000) 01/01 11:30:28 Job terminated.
	(1) Normal termination (return value 0)
		Usr 0 21:12:25, Sys 0 00:00:01  -  Run Remote Usage
		Usr 0 00:00:00, Sys 0 00:00:00  -  Run Local Usage
		Usr 0 21:12:25, Sys 0 00:00:01  -  Total Remote Usage
		Usr 0 00:00:00, Sys 0 00:00:00  -  Total Local Usage
	0  -  Run Bytes Sent By Job
	0  -  Run Bytes Received By Job
	0  -  Total Bytes Sent By Job
	0  -  Total Bytes Received By Job
	Partitionable Resources :    Usage  Request Allocated 
	   Cpus                 :     1.00        1         1 
	   Disk (KB)            :     1           1    241059 
	   Memory (MB)          :    35           1      2008 
...
000 (28248.025.000) 01/05 15:45:56 Job submitted from host: <172.16.11.200:9618?addrs=172.16.11.200-9618&noUDP&sock=14877_46f2_4>
...
001 (28248.025.000) 01/05 16:35:39 Job executing on host: <172.16.11.233:9618?addrs=172.16.11.233-9618&alias=pc-farm3&noUDP&sock=startd_4556_edfa>
...
006 (28248.025.000) 01/05 16:35:48 Image size of job updated: 40472
	40  -  MemoryUsage of job (MB)
	40472  -  ResidentSetSize of job (KB)
...
006 (28248.025.000) 01/05 18:41:01 Image size of job updated: 40568
	40  -  MemoryUsage of job (MB)
	40568  -  ResidentSetSize of job (KB)
...
006 (28248.025.000) 01/05 19:16:05 Image size of job updated: 40728
	40  -  MemoryUsage of job (MB)
	40728  -  ResidentSetSize of job (KB)
...
006 (28248.025.000) 01/05 19:21:05 Image size of job updated: 40748
	40  -  MemoryUsage of job (MB)
	40748  -  ResidentSetSize of job (KB)
...
006 (28248.025.000) 01/05 19:36:07 Image size of job updated: 40804
	40  -  MemoryUsage of job (MB)
	40804  -  ResidentSetSize of job (KB)
...
006 (28248.025.000) 01/05 19:41:08 Image size of job updated: 40824
	40  -  MemoryUsage of job (MB)
	40824  -  ResidentSetSize of job (KB)
...
006 (28248.025.000) 01/05 20:06:10 Image size of job updated: 40920
	40  -  MemoryUsage of job (MB)
	40920  -  ResidentSetSize of job (KB)
...
006 (28248.025.000) 01/05 20:21:11 Image size of job updated: 41012
	41  -  MemoryUsage of job (MB)
	41012  -  ResidentSetSize of job (KB)
...
006 (28248.025.000) 01/05 20:46:14 Image size of job updated: 41116
	41  -  MemoryUsage of job (MB)
	41116  -  ResidentSetSize of job (KB)
...
006 (28248.025.000) 01/05 21:06:17 Image size of job updated: 41324
	41  -  MemoryUsage of job (MB)
	41324  -  ResidentSetSize of job (KB)
...
006 (28248.025.000) 01/05 21:41:20 Image size of job updated: 41380
	41  -  MemoryUsage of job (MB)
	41380  -  ResidentSetSize of job (KB)
...
006 (28248.025.000) 01/05 21:51:21 Image size of job updated: 41556
	41  -  MemoryUsage of job (MB)
	41556  -  ResidentSetSize of job (KB)
...
006 (28248.025.000) 01/05 22:06:23 Image size of job updated: 41588
	41  -  MemoryUsage of job (MB)
	41588  -  ResidentSetSize of job (KB)
...
006 (28248.025.000) 01/05 22:16:24 Image size of job updated: 41640
	41  -  MemoryUsage of job (MB)
	41640  -  ResidentSetSize of job (KB)
...
006 (28248.025.000) 01/05 22:21:24 Image size of job updated: 41688
	41  -  MemoryUsage of job (MB)
	41688  -  ResidentSetSize of job (KB)
...
006 (28248.025.000) 01/05 22:26:25 Image size of job updated: 41712
	41  -  MemoryUsage of job (MB)
	41712  -  ResidentSetSize of job (KB)
...
006 (28248.025.000) 01/05 22:41:26 Image size of job updated: 41772
	41  -  MemoryUsage of job (MB)
	41772  -  ResidentSetSize of job (KB)
...
006 (28248.025.000) 01/05 22:51:26 Image size of job updated: 41824
	41  -  MemoryUsage of job (MB)
	41824  -  ResidentSetSize of job (KB)
...
006 (28248.025.000) 01/05 22:56:27 Image size of job updated: 41856
	41  -  MemoryUsage of job (MB)
	41856  -  ResidentSetSize of job (KB)
...
006 (28248.025.000) 01/05 23:06:28 Image size of job updated: 41900
	41  -  MemoryUsage of job (MB)
	41900  -  ResidentSetSize of job (KB)
...
006 (28248.025.000) 01/05 23:11:29 Image size of job updated: 41928
	41  -  MemoryUsage of job (MB)
	41928  -  ResidentSetSize of job (KB)
...
006 (28248.025.000) 01/05 23:36:32 Image size of job updated: 41940
	41  -  MemoryUsage of job (MB)
	41940  -  ResidentSetSize of job (KB)
...
006 (28248.025.000) 01/05 23:41:33 Image size of job updated: 42088
	42  -  MemoryUsage of job (MB)
	42088  -  ResidentSetSize of job (KB)
...
006 (28248.025.000) 01/06 00:01:35 Image size of job updated: 42124
	42  -  MemoryUsage of job (MB)
	42124  -  ResidentSetSize of job (KB)
...
006 (28248.025.000) 01/06 00:16:37 Image size of job updated: 42176
	42  -  MemoryUsage of job (MB)
	42176  -  ResidentSetSize of job (KB)
...
006 (28248.025.000) 01/06 00:31:39 Image size of job updated: 42240
	42  -  MemoryUsage of job (MB)
	42240  -  ResidentSetSize of job (KB)
...
006 (28248.025.000) 01/06 00:56:41 Image size of job updated: 42344
	42  -  MemoryUsage of job (MB)
	42344  -  ResidentSetSize of job (KB)
...
006 (28248.025.000) 01/06 01:21:42 Image size of job updated: 42356
	42  -  MemoryUsage of job (MB)
	42356  -  ResidentSetSize of job (KB)
...
006 (28248.025.000) 01/06 01:26:44 Image size of job updated: 42376
	42  -  MemoryUsage of job (MB)
	42376  -  ResidentSetSize of job (KB)
...
006 (28248.025.000) 01/06 01:31:44 Image size of job updated: 42396
	42  -  MemoryUsage of job (MB)
	42396  -  ResidentSetSize of job (KB)
...
005 (28248.025.000) 01/06 01:34:50 Job terminated.
	(1) Normal termination (return value 0)
		Usr 0 08:25:54, Sys 0 00:00:06  -  Run Remote Usage
		Usr 0 00:00:00, Sys 0 00:00:00  -  Run Local Usage
		Usr 0 08:25:54, Sys 0 00:00:06  -  Total Remote Usage
		Usr 0 00:00:00, Sys 0 00:00:00  -  Total Local Usage
	0  -  Run Bytes Sent By Job
	0  -  Run Bytes Received By Job
	0  -  Total Bytes Sent By Job
	0  -  Total Bytes Received By Job
	Partitionable Resources :    Usage  Request Allocated 
	   Cpus                 :     0.88        1         1 
	   Disk (KB)            :     1           1    254050 
	   Memory (MB)          :    42           1      1005 
...
000 (28271.025.000) 01/06 15:26:51 Job submitted from host: <172.16.11.200:9618?addrs=172.16.11.200-9618&noUDP&sock=14877_46f2_4>
...
009 (28271.025.000) 01/06 15:47:44 Job was aborted by the user.
	via condor_rm (by user zhangliang)
...
