000 (1673162.022.000) 12/23 13:43:08 Job submitted from host: <172.16.2.141:36601>
...
001 (1673162.022.000) 12/23 13:43:12 Job executing on host: <172.16.2.151:35010>
...
006 (1673162.022.000) 12/23 13:43:20 Image size of job updated: 256052
	28  -  MemoryUsage of job (MB)
	28092  -  ResidentSetSize of job (KB)
...
006 (1673162.022.000) 12/23 13:48:21 Image size of job updated: 256052
	28  -  MemoryUsage of job (MB)
	28132  -  ResidentSetSize of job (KB)
...
006 (1673162.022.000) 12/23 14:08:24 Image size of job updated: 256836
	28  -  MemoryUsage of job (MB)
	28156  -  ResidentSetSize of job (KB)
...
006 (1673162.022.000) 12/23 14:48:27 Image size of job updated: 256836
	28  -  MemoryUsage of job (MB)
	28172  -  ResidentSetSize of job (KB)
...
005 (1673162.022.000) 12/23 14:52:57 Job terminated.
	(1) Normal termination (return value 0)
		Usr 0 01:06:38, Sys 0 00:00:00  -  Run Remote Usage
		Usr 0 00:00:00, Sys 0 00:00:00  -  Run Local Usage
		Usr 0 01:06:38, Sys 0 00:00:00  -  Total Remote Usage
		Usr 0 00:00:00, Sys 0 00:00:00  -  Total Local Usage
	0  -  Run Bytes Sent By Job
	0  -  Run Bytes Received By Job
	0  -  Total Bytes Sent By Job
	0  -  Total Bytes Received By Job
	Partitionable Resources :    Usage  Request Allocated
	   Cpus                 :                 1         1
	   Disk (KB)            :        1        1   1084964
	   Memory (MB)          :       28        1     12107
...
000 (1673169.022.000) 12/23 21:09:13 Job submitted from host: <172.16.2.141:36601>
...
001 (1673169.022.000) 12/23 21:09:25 Job executing on host: <172.16.2.151:35010>
...
006 (1673169.022.000) 12/23 21:09:33 Image size of job updated: 95680
	3  -  MemoryUsage of job (MB)
	2104  -  ResidentSetSize of job (KB)
...
006 (1673169.022.000) 12/23 21:14:33 Image size of job updated: 256012
	28  -  MemoryUsage of job (MB)
	28108  -  ResidentSetSize of job (KB)
...
006 (1673169.022.000) 12/23 21:19:34 Image size of job updated: 256012
	30  -  MemoryUsage of job (MB)
	30148  -  ResidentSetSize of job (KB)
...
006 (1673169.022.000) 12/23 21:29:35 Image size of job updated: 256840
	30  -  MemoryUsage of job (MB)
	30172  -  ResidentSetSize of job (KB)
...
006 (1673169.022.000) 12/23 21:34:36 Image size of job updated: 256840
	31  -  MemoryUsage of job (MB)
	30996  -  ResidentSetSize of job (KB)
...
005 (1673169.022.000) 12/23 22:06:51 Job terminated.
	(1) Normal termination (return value 0)
		Usr 0 00:57:22, Sys 0 00:00:00  -  Run Remote Usage
		Usr 0 00:00:00, Sys 0 00:00:00  -  Run Local Usage
		Usr 0 00:57:22, Sys 0 00:00:00  -  Total Remote Usage
		Usr 0 00:00:00, Sys 0 00:00:00  -  Total Local Usage
	0  -  Run Bytes Sent By Job
	0  -  Run Bytes Received By Job
	0  -  Total Bytes Sent By Job
	0  -  Total Bytes Received By Job
	Partitionable Resources :    Usage  Request Allocated
	   Cpus                 :                 1         1
	   Disk (KB)            :        1        1   1084978
	   Memory (MB)          :       31        1     12107
...
000 (1673171.022.000) 12/23 23:27:09 Job submitted from host: <172.16.2.141:36601>
...
001 (1673171.022.000) 12/23 23:27:25 Job executing on host: <172.16.2.151:35010>
...
006 (1673171.022.000) 12/23 23:27:34 Image size of job updated: 95680
	3  -  MemoryUsage of job (MB)
	2104  -  ResidentSetSize of job (KB)
...
006 (1673171.022.000) 12/23 23:32:34 Image size of job updated: 256016
	30  -  MemoryUsage of job (MB)
	29728  -  ResidentSetSize of job (KB)
...
006 (1673171.022.000) 12/23 23:47:36 Image size of job updated: 256844
	30  -  MemoryUsage of job (MB)
	29752  -  ResidentSetSize of job (KB)
...
006 (1673171.022.000) 12/23 23:52:36 Image size of job updated: 256844
	30  -  MemoryUsage of job (MB)
	30684  -  ResidentSetSize of job (KB)
...
006 (1673171.022.000) 12/24 00:32:40 Image size of job updated: 256844
	30  -  MemoryUsage of job (MB)
	30704  -  ResidentSetSize of job (KB)
...
005 (1673171.022.000) 12/24 03:07:08 Job terminated.
	(1) Normal termination (return value 0)
		Usr 0 03:31:25, Sys 0 00:00:00  -  Run Remote Usage
		Usr 0 00:00:00, Sys 0 00:00:00  -  Run Local Usage
		Usr 0 03:31:25, Sys 0 00:00:00  -  Total Remote Usage
		Usr 0 00:00:00, Sys 0 00:00:00  -  Total Local Usage
	0  -  Run Bytes Sent By Job
	0  -  Run Bytes Received By Job
	0  -  Total Bytes Sent By Job
	0  -  Total Bytes Received By Job
	Partitionable Resources :    Usage  Request Allocated
	   Cpus                 :                 1         1
	   Disk (KB)            :        1        1   1084975
	   Memory (MB)          :       30        1     12107
...
000 (1673183.022.000) 12/24 22:48:09 Job submitted from host: <172.16.2.141:36601>
...
001 (1673183.022.000) 12/24 22:48:28 Job executing on host: <172.16.2.141:56348>
...
006 (1673183.022.000) 12/24 22:48:37 Image size of job updated: 95656
	3  -  MemoryUsage of job (MB)
	2104  -  ResidentSetSize of job (KB)
...
006 (1673183.022.000) 12/24 22:53:38 Image size of job updated: 242152
	28  -  MemoryUsage of job (MB)
	28556  -  ResidentSetSize of job (KB)
...
006 (1673183.022.000) 12/24 23:08:40 Image size of job updated: 242984
	28  -  MemoryUsage of job (MB)
	28596  -  ResidentSetSize of job (KB)
...
006 (1673183.022.000) 12/24 23:28:42 Image size of job updated: 242984
	28  -  MemoryUsage of job (MB)
	28612  -  ResidentSetSize of job (KB)
...
006 (1673183.022.000) 12/24 23:43:44 Image size of job updated: 242984
	28  -  MemoryUsage of job (MB)
	28648  -  ResidentSetSize of job (KB)
...
005 (1673183.022.000) 12/25 02:18:17 Job terminated.
	(1) Normal termination (return value 0)
		Usr 0 03:28:42, Sys 0 00:00:04  -  Run Remote Usage
		Usr 0 00:00:00, Sys 0 00:00:00  -  Run Local Usage
		Usr 0 03:28:42, Sys 0 00:00:04  -  Total Remote Usage
		Usr 0 00:00:00, Sys 0 00:00:00  -  Total Local Usage
	0  -  Run Bytes Sent By Job
	0  -  Run Bytes Received By Job
	0  -  Total Bytes Sent By Job
	0  -  Total Bytes Received By Job
	Partitionable Resources :    Usage  Request Allocated
	   Cpus                 :                 1         1
	   Disk (KB)            :        1        1  18595965
	   Memory (MB)          :       28        1      2676
...
000 (1673184.022.000) 12/25 08:28:15 Job submitted from host: <172.16.2.141:36601>
...
001 (1673184.022.000) 12/25 08:28:19 Job executing on host: <172.16.2.141:56348>
...
006 (1673184.022.000) 12/25 08:28:28 Image size of job updated: 95656
	3  -  MemoryUsage of job (MB)
	2108  -  ResidentSetSize of job (KB)
...
006 (1673184.022.000) 12/25 08:33:29 Image size of job updated: 239412
	26  -  MemoryUsage of job (MB)
	26596  -  ResidentSetSize of job (KB)
...
006 (1673184.022.000) 12/25 08:48:30 Image size of job updated: 240244
	27  -  MemoryUsage of job (MB)
	26640  -  ResidentSetSize of job (KB)
...
006 (1673184.022.000) 12/25 09:08:31 Image size of job updated: 240244
	27  -  MemoryUsage of job (MB)
	26652  -  ResidentSetSize of job (KB)
...
005 (1673184.022.000) 12/25 09:24:46 Job terminated.
	(1) Normal termination (return value 139)
		Usr 0 00:56:01, Sys 0 00:00:02  -  Run Remote Usage
		Usr 0 00:00:00, Sys 0 00:00:00  -  Run Local Usage
		Usr 0 00:56:01, Sys 0 00:00:02  -  Total Remote Usage
		Usr 0 00:00:00, Sys 0 00:00:00  -  Total Local Usage
	0  -  Run Bytes Sent By Job
	0  -  Run Bytes Received By Job
	0  -  Total Bytes Sent By Job
	0  -  Total Bytes Received By Job
	Partitionable Resources :    Usage  Request Allocated
	   Cpus                 :                 1         1
	   Disk (KB)            :        1        1  18595860
	   Memory (MB)          :       27        1      2676
...
000 (1673186.022.000) 12/25 09:26:50 Job submitted from host: <172.16.2.141:36601>
...
001 (1673186.022.000) 12/25 09:27:01 Job executing on host: <172.16.2.141:56348>
...
006 (1673186.022.000) 12/25 09:27:10 Image size of job updated: 239412
	25  -  MemoryUsage of job (MB)
	25212  -  ResidentSetSize of job (KB)
...
006 (1673186.022.000) 12/25 09:32:11 Image size of job updated: 239412
	25  -  MemoryUsage of job (MB)
	25244  -  ResidentSetSize of job (KB)
...
006 (1673186.022.000) 12/25 09:47:12 Image size of job updated: 240244
	25  -  MemoryUsage of job (MB)
	25288  -  ResidentSetSize of job (KB)
...
006 (1673186.022.000) 12/25 10:07:15 Image size of job updated: 240244
	25  -  MemoryUsage of job (MB)
	25300  -  ResidentSetSize of job (KB)
...
005 (1673186.022.000) 12/25 10:23:20 Job terminated.
	(1) Normal termination (return value 139)
		Usr 0 00:56:13, Sys 0 00:00:00  -  Run Remote Usage
		Usr 0 00:00:00, Sys 0 00:00:00  -  Run Local Usage
		Usr 0 00:56:13, Sys 0 00:00:00  -  Total Remote Usage
		Usr 0 00:00:00, Sys 0 00:00:00  -  Total Local Usage
	0  -  Run Bytes Sent By Job
	0  -  Run Bytes Received By Job
	0  -  Total Bytes Sent By Job
	0  -  Total Bytes Received By Job
	Partitionable Resources :    Usage  Request Allocated
	   Cpus                 :                 1         1
	   Disk (KB)            :        1        1  18595807
	   Memory (MB)          :       25        1      2676
...
000 (1673187.022.000) 12/25 10:36:20 Job submitted from host: <172.16.2.141:36601>
...
001 (1673187.022.000) 12/25 10:36:22 Job executing on host: <172.16.2.151:35010>
...
006 (1673187.022.000) 12/25 10:36:30 Image size of job updated: 252804
	25  -  MemoryUsage of job (MB)
	25552  -  ResidentSetSize of job (KB)
...
006 (1673187.022.000) 12/25 10:41:31 Image size of job updated: 252804
	25  -  MemoryUsage of job (MB)
	25556  -  ResidentSetSize of job (KB)
...
006 (1673187.022.000) 12/25 10:56:32 Image size of job updated: 253716
	25  -  MemoryUsage of job (MB)
	25588  -  ResidentSetSize of job (KB)
...
006 (1673187.022.000) 12/25 11:16:35 Image size of job updated: 253716
	25  -  MemoryUsage of job (MB)
	25600  -  ResidentSetSize of job (KB)
...
006 (1673187.022.000) 12/25 11:35:04 Image size of job updated: 840856
	25  -  MemoryUsage of job (MB)
	25600  -  ResidentSetSize of job (KB)
...
005 (1673187.022.000) 12/25 11:35:04 Job terminated.
	(1) Normal termination (return value 139)
		Usr 0 00:58:15, Sys 0 00:00:00  -  Run Remote Usage
		Usr 0 00:00:00, Sys 0 00:00:00  -  Run Local Usage
		Usr 0 00:58:15, Sys 0 00:00:00  -  Total Remote Usage
		Usr 0 00:00:00, Sys 0 00:00:00  -  Total Local Usage
	0  -  Run Bytes Sent By Job
	0  -  Run Bytes Received By Job
	0  -  Total Bytes Sent By Job
	0  -  Total Bytes Received By Job
	Partitionable Resources :    Usage  Request Allocated
	   Cpus                 :                 1         1
	   Disk (KB)            :        1        1   1084931
	   Memory (MB)          :       25        1     12107
...
000 (1673188.022.000) 12/25 11:42:39 Job submitted from host: <172.16.2.141:36601>
...
001 (1673188.022.000) 12/25 11:42:44 Job executing on host: <172.16.2.151:35010>
...
006 (1673188.022.000) 12/25 11:42:47 Image size of job updated: 256568
	0  -  MemoryUsage of job (MB)
	0  -  ResidentSetSize of job (KB)
...
004 (1673188.022.000) 12/25 11:42:47 Job was evicted.
	(0) Job was not checkpointed.
		Usr 0 00:00:02, Sys 0 00:00:00  -  Run Remote Usage
		Usr 0 00:00:00, Sys 0 00:00:00  -  Run Local Usage
	0  -  Run Bytes Sent By Job
	0  -  Run Bytes Received By Job
	Partitionable Resources :    Usage  Request Allocated
	   Cpus                 :                 1         1
	   Disk (KB)            :        1        1   1084929
	   Memory (MB)          :        0        1     12107
...
009 (1673188.022.000) 12/25 11:42:47 Job was aborted by the user.
	via condor_rm (by user zhangliang)
...
000 (1673189.022.000) 12/25 11:44:21 Job submitted from host: <172.16.2.141:36601>
...
001 (1673189.022.000) 12/25 11:44:24 Job executing on host: <172.16.2.141:56348>
...
006 (1673189.022.000) 12/25 11:44:33 Image size of job updated: 95656
	3  -  MemoryUsage of job (MB)
	2108  -  ResidentSetSize of job (KB)
...
006 (1673189.022.000) 12/25 11:49:34 Image size of job updated: 242152
	28  -  MemoryUsage of job (MB)
	28548  -  ResidentSetSize of job (KB)
...
006 (1673189.022.000) 12/25 12:04:35 Image size of job updated: 242984
	28  -  MemoryUsage of job (MB)
	28584  -  ResidentSetSize of job (KB)
...
006 (1673189.022.000) 12/25 12:24:37 Image size of job updated: 242984
	28  -  MemoryUsage of job (MB)
	28600  -  ResidentSetSize of job (KB)
...
006 (1673189.022.000) 12/25 12:39:39 Image size of job updated: 242984
	29  -  MemoryUsage of job (MB)
	29316  -  ResidentSetSize of job (KB)
...
006 (1673189.022.000) 12/25 12:44:39 Image size of job updated: 242984
	29  -  MemoryUsage of job (MB)
	29372  -  ResidentSetSize of job (KB)
...
006 (1673189.022.000) 12/25 13:34:44 Image size of job updated: 242984
	29  -  MemoryUsage of job (MB)
	29376  -  ResidentSetSize of job (KB)
...
005 (1673189.022.000) 12/25 15:15:13 Job terminated.
	(1) Normal termination (return value 0)
		Usr 0 03:29:31, Sys 0 00:00:01  -  Run Remote Usage
		Usr 0 00:00:00, Sys 0 00:00:00  -  Run Local Usage
		Usr 0 03:29:31, Sys 0 00:00:01  -  Total Remote Usage
		Usr 0 00:00:00, Sys 0 00:00:00  -  Total Local Usage
	0  -  Run Bytes Sent By Job
	0  -  Run Bytes Received By Job
	0  -  Total Bytes Sent By Job
	0  -  Total Bytes Received By Job
	Partitionable Resources :    Usage  Request Allocated
	   Cpus                 :                 1         1
	   Disk (KB)            :        1        1  18595862
	   Memory (MB)          :       29        1      2676
...
000 (1673192.022.000) 12/26 00:07:14 Job submitted from host: <172.16.2.141:36601>
...
001 (1673192.022.000) 12/26 00:07:28 Job executing on host: <172.16.2.141:56348>
...
006 (1673192.022.000) 12/26 00:07:30 Image size of job updated: 136064
	0  -  MemoryUsage of job (MB)
	0  -  ResidentSetSize of job (KB)
...
004 (1673192.022.000) 12/26 00:07:30 Job was evicted.
	(0) Job was not checkpointed.
		Usr 0 00:00:00, Sys 0 00:00:00  -  Run Remote Usage
		Usr 0 00:00:00, Sys 0 00:00:00  -  Run Local Usage
	0  -  Run Bytes Sent By Job
	0  -  Run Bytes Received By Job
	Partitionable Resources :    Usage  Request Allocated
	   Cpus                 :                 1         1
	   Disk (KB)            :        1        1  18595732
	   Memory (MB)          :        0        1      2676
...
009 (1673192.022.000) 12/26 00:07:32 Job was aborted by the user.
	via condor_rm (by user zhangliang)
...
000 (1673193.022.000) 12/26 00:07:59 Job submitted from host: <172.16.2.141:36601>
...
001 (1673193.022.000) 12/26 00:08:02 Job executing on host: <172.16.2.141:56348>
...
006 (1673193.022.000) 12/26 00:08:11 Image size of job updated: 95656
	3  -  MemoryUsage of job (MB)
	2104  -  ResidentSetSize of job (KB)
...
006 (1673193.022.000) 12/26 00:13:11 Image size of job updated: 242160
	28  -  MemoryUsage of job (MB)
	28616  -  ResidentSetSize of job (KB)
...
006 (1673193.022.000) 12/26 00:28:12 Image size of job updated: 243028
	28  -  MemoryUsage of job (MB)
	28652  -  ResidentSetSize of job (KB)
...
006 (1673193.022.000) 12/26 00:48:15 Image size of job updated: 243028
	28  -  MemoryUsage of job (MB)
	28668  -  ResidentSetSize of job (KB)
...
006 (1673193.022.000) 12/26 00:53:16 Image size of job updated: 243028
	29  -  MemoryUsage of job (MB)
	29596  -  ResidentSetSize of job (KB)
...
006 (1673193.022.000) 12/26 01:08:17 Image size of job updated: 243028
	29  -  MemoryUsage of job (MB)
	29656  -  ResidentSetSize of job (KB)
...
