000 (1673162.003.000) 12/23 13:43:08 Job submitted from host: <172.16.2.141:36601>
...
001 (1673162.003.000) 12/23 13:43:09 Job executing on host: <172.16.2.151:35010>
...
006 (1673162.003.000) 12/23 13:43:19 Image size of job updated: 256052
	30  -  MemoryUsage of job (MB)
	29964  -  ResidentSetSize of job (KB)
...
006 (1673162.003.000) 12/23 13:48:19 Image size of job updated: 256052
	30  -  MemoryUsage of job (MB)
	29976  -  ResidentSetSize of job (KB)
...
006 (1673162.003.000) 12/23 14:08:20 Image size of job updated: 256836
	30  -  MemoryUsage of job (MB)
	30000  -  ResidentSetSize of job (KB)
...
006 (1673162.003.000) 12/23 14:48:24 Image size of job updated: 256836
	30  -  MemoryUsage of job (MB)
	30016  -  ResidentSetSize of job (KB)
...
005 (1673162.003.000) 12/23 14:53:20 Job terminated.
	(1) Normal termination (return value 0)
		Usr 0 01:06:09, Sys 0 00:00:00  -  Run Remote Usage
		Usr 0 00:00:00, Sys 0 00:00:00  -  Run Local Usage
		Usr 0 01:06:09, Sys 0 00:00:00  -  Total Remote Usage
		Usr 0 00:00:00, Sys 0 00:00:00  -  Total Local Usage
	0  -  Run Bytes Sent By Job
	0  -  Run Bytes Received By Job
	0  -  Total Bytes Sent By Job
	0  -  Total Bytes Received By Job
	Partitionable Resources :    Usage  Request Allocated
	   Cpus                 :                 1         1
	   Disk (KB)            :        1        1   1084964
	   Memory (MB)          :       30        1     12107
...
000 (1673169.003.000) 12/23 21:09:13 Job submitted from host: <172.16.2.141:36601>
...
001 (1673169.003.000) 12/23 21:09:22 Job executing on host: <172.16.2.151:35010>
...
006 (1673169.003.000) 12/23 21:09:30 Image size of job updated: 256020
	29  -  MemoryUsage of job (MB)
	29452  -  ResidentSetSize of job (KB)
...
006 (1673169.003.000) 12/23 21:14:31 Image size of job updated: 256020
	31  -  MemoryUsage of job (MB)
	31520  -  ResidentSetSize of job (KB)
...
006 (1673169.003.000) 12/23 21:29:33 Image size of job updated: 256848
	31  -  MemoryUsage of job (MB)
	31544  -  ResidentSetSize of job (KB)
...
005 (1673169.003.000) 12/23 22:07:06 Job terminated.
	(1) Normal termination (return value 0)
		Usr 0 00:57:08, Sys 0 00:00:00  -  Run Remote Usage
		Usr 0 00:00:00, Sys 0 00:00:00  -  Run Local Usage
		Usr 0 00:57:08, Sys 0 00:00:00  -  Total Remote Usage
		Usr 0 00:00:00, Sys 0 00:00:00  -  Total Local Usage
	0  -  Run Bytes Sent By Job
	0  -  Run Bytes Received By Job
	0  -  Total Bytes Sent By Job
	0  -  Total Bytes Received By Job
	Partitionable Resources :    Usage  Request Allocated
	   Cpus                 :                 1         1
	   Disk (KB)            :        1        1   1084978
	   Memory (MB)          :       31        1     12107
...
000 (1673171.003.000) 12/23 23:27:09 Job submitted from host: <172.16.2.141:36601>
...
001 (1673171.003.000) 12/23 23:27:23 Job executing on host: <172.16.2.151:35010>
...
006 (1673171.003.000) 12/23 23:27:32 Image size of job updated: 256016
	28  -  MemoryUsage of job (MB)
	28264  -  ResidentSetSize of job (KB)
...
006 (1673171.003.000) 12/23 23:32:32 Image size of job updated: 256016
	28  -  MemoryUsage of job (MB)
	28268  -  ResidentSetSize of job (KB)
...
006 (1673171.003.000) 12/23 23:52:34 Image size of job updated: 256844
	28  -  MemoryUsage of job (MB)
	28292  -  ResidentSetSize of job (KB)
...
006 (1673171.003.000) 12/24 00:32:40 Image size of job updated: 256844
	28  -  MemoryUsage of job (MB)
	28312  -  ResidentSetSize of job (KB)
...
005 (1673171.003.000) 12/24 03:08:17 Job terminated.
	(1) Normal termination (return value 0)
		Usr 0 03:36:02, Sys 0 00:00:00  -  Run Remote Usage
		Usr 0 00:00:00, Sys 0 00:00:00  -  Run Local Usage
		Usr 0 03:36:02, Sys 0 00:00:00  -  Total Remote Usage
		Usr 0 00:00:00, Sys 0 00:00:00  -  Total Local Usage
	0  -  Run Bytes Sent By Job
	0  -  Run Bytes Received By Job
	0  -  Total Bytes Sent By Job
	0  -  Total Bytes Received By Job
	Partitionable Resources :    Usage  Request Allocated
	   Cpus                 :                 1         1
	   Disk (KB)            :        1        1   1084975
	   Memory (MB)          :       28        1     12107
...
000 (1673183.003.000) 12/24 22:48:09 Job submitted from host: <172.16.2.141:36601>
...
001 (1673183.003.000) 12/24 22:48:27 Job executing on host: <172.16.2.141:56348>
...
006 (1673183.003.000) 12/24 22:48:36 Image size of job updated: 242148
	28  -  MemoryUsage of job (MB)
	28508  -  ResidentSetSize of job (KB)
...
006 (1673183.003.000) 12/24 22:53:37 Image size of job updated: 242148
	29  -  MemoryUsage of job (MB)
	28760  -  ResidentSetSize of job (KB)
...
006 (1673183.003.000) 12/24 23:08:39 Image size of job updated: 242980
	29  -  MemoryUsage of job (MB)
	28800  -  ResidentSetSize of job (KB)
...
006 (1673183.003.000) 12/24 23:28:41 Image size of job updated: 242980
	29  -  MemoryUsage of job (MB)
	28816  -  ResidentSetSize of job (KB)
...
006 (1673183.003.000) 12/24 23:43:42 Image size of job updated: 242980
	29  -  MemoryUsage of job (MB)
	28852  -  ResidentSetSize of job (KB)
...
005 (1673183.003.000) 12/25 02:17:26 Job terminated.
	(1) Normal termination (return value 0)
		Usr 0 03:28:18, Sys 0 00:00:00  -  Run Remote Usage
		Usr 0 00:00:00, Sys 0 00:00:00  -  Run Local Usage
		Usr 0 03:28:18, Sys 0 00:00:00  -  Total Remote Usage
		Usr 0 00:00:00, Sys 0 00:00:00  -  Total Local Usage
	0  -  Run Bytes Sent By Job
	0  -  Run Bytes Received By Job
	0  -  Total Bytes Sent By Job
	0  -  Total Bytes Received By Job
	Partitionable Resources :    Usage  Request Allocated
	   Cpus                 :                 1         1
	   Disk (KB)            :        1        1  18595965
	   Memory (MB)          :       29        1      2676
...
000 (1673184.003.000) 12/25 08:28:15 Job submitted from host: <172.16.2.141:36601>
...
001 (1673184.003.000) 12/25 08:28:17 Job executing on host: <172.16.2.141:56348>
...
006 (1673184.003.000) 12/25 08:28:25 Image size of job updated: 239420
	25  -  MemoryUsage of job (MB)
	25208  -  ResidentSetSize of job (KB)
...
006 (1673184.003.000) 12/25 08:33:25 Image size of job updated: 239420
	25  -  MemoryUsage of job (MB)
	25236  -  ResidentSetSize of job (KB)
...
006 (1673184.003.000) 12/25 08:48:27 Image size of job updated: 240252
	25  -  MemoryUsage of job (MB)
	25280  -  ResidentSetSize of job (KB)
...
006 (1673184.003.000) 12/25 09:08:29 Image size of job updated: 240252
	25  -  MemoryUsage of job (MB)
	25292  -  ResidentSetSize of job (KB)
...
005 (1673184.003.000) 12/25 09:24:31 Job terminated.
	(1) Normal termination (return value 139)
		Usr 0 00:55:58, Sys 0 00:00:01  -  Run Remote Usage
		Usr 0 00:00:00, Sys 0 00:00:00  -  Run Local Usage
		Usr 0 00:55:58, Sys 0 00:00:01  -  Total Remote Usage
		Usr 0 00:00:00, Sys 0 00:00:00  -  Total Local Usage
	0  -  Run Bytes Sent By Job
	0  -  Run Bytes Received By Job
	0  -  Total Bytes Sent By Job
	0  -  Total Bytes Received By Job
	Partitionable Resources :    Usage  Request Allocated
	   Cpus                 :                 1         1
	   Disk (KB)            :        1        1  18595860
	   Memory (MB)          :       25        1      2676
...
000 (1673186.003.000) 12/25 09:26:50 Job submitted from host: <172.16.2.141:36601>
...
001 (1673186.003.000) 12/25 09:27:01 Job executing on host: <172.16.2.151:35010>
...
006 (1673186.003.000) 12/25 09:27:10 Image size of job updated: 95680
	3  -  MemoryUsage of job (MB)
	2108  -  ResidentSetSize of job (KB)
...
006 (1673186.003.000) 12/25 09:32:10 Image size of job updated: 252808
	25  -  MemoryUsage of job (MB)
	25412  -  ResidentSetSize of job (KB)
...
006 (1673186.003.000) 12/25 09:47:12 Image size of job updated: 253720
	25  -  MemoryUsage of job (MB)
	25444  -  ResidentSetSize of job (KB)
...
006 (1673186.003.000) 12/25 10:07:13 Image size of job updated: 253720
	25  -  MemoryUsage of job (MB)
	25456  -  ResidentSetSize of job (KB)
...
006 (1673186.003.000) 12/25 10:25:40 Image size of job updated: 913500
	25  -  MemoryUsage of job (MB)
	25456  -  ResidentSetSize of job (KB)
...
005 (1673186.003.000) 12/25 10:25:40 Job terminated.
	(1) Normal termination (return value 139)
		Usr 0 00:58:11, Sys 0 00:00:00  -  Run Remote Usage
		Usr 0 00:00:00, Sys 0 00:00:00  -  Run Local Usage
		Usr 0 00:58:11, Sys 0 00:00:00  -  Total Remote Usage
		Usr 0 00:00:00, Sys 0 00:00:00  -  Total Local Usage
	0  -  Run Bytes Sent By Job
	0  -  Run Bytes Received By Job
	0  -  Total Bytes Sent By Job
	0  -  Total Bytes Received By Job
	Partitionable Resources :    Usage  Request Allocated
	   Cpus                 :                 1         1
	   Disk (KB)            :        1        1   1084930
	   Memory (MB)          :       25        1     12107
...
000 (1673187.003.000) 12/25 10:36:20 Job submitted from host: <172.16.2.141:36601>
...
001 (1673187.003.000) 12/25 10:36:22 Job executing on host: <172.16.2.141:56348>
...
006 (1673187.003.000) 12/25 10:36:31 Image size of job updated: 95656
	3  -  MemoryUsage of job (MB)
	2108  -  ResidentSetSize of job (KB)
...
006 (1673187.003.000) 12/25 10:41:31 Image size of job updated: 239412
	27  -  MemoryUsage of job (MB)
	26924  -  ResidentSetSize of job (KB)
...
006 (1673187.003.000) 12/25 10:56:33 Image size of job updated: 240244
	27  -  MemoryUsage of job (MB)
	26968  -  ResidentSetSize of job (KB)
...
006 (1673187.003.000) 12/25 11:16:34 Image size of job updated: 240244
	27  -  MemoryUsage of job (MB)
	26980  -  ResidentSetSize of job (KB)
...
005 (1673187.003.000) 12/25 11:32:34 Job terminated.
	(1) Normal termination (return value 139)
		Usr 0 00:56:05, Sys 0 00:00:00  -  Run Remote Usage
		Usr 0 00:00:00, Sys 0 00:00:00  -  Run Local Usage
		Usr 0 00:56:05, Sys 0 00:00:00  -  Total Remote Usage
		Usr 0 00:00:00, Sys 0 00:00:00  -  Total Local Usage
	0  -  Run Bytes Sent By Job
	0  -  Run Bytes Received By Job
	0  -  Total Bytes Sent By Job
	0  -  Total Bytes Received By Job
	Partitionable Resources :    Usage  Request Allocated
	   Cpus                 :                 1         1
	   Disk (KB)            :        1        1  18595803
	   Memory (MB)          :       27        1      2676
...
000 (1673188.003.000) 12/25 11:42:39 Job submitted from host: <172.16.2.141:36601>
...
001 (1673188.003.000) 12/25 11:42:44 Job executing on host: <172.16.2.141:56348>
...
006 (1673188.003.000) 12/25 11:42:46 Image size of job updated: 242156
	0  -  MemoryUsage of job (MB)
	0  -  ResidentSetSize of job (KB)
...
004 (1673188.003.000) 12/25 11:42:47 Job was evicted.
	(0) Job was not checkpointed.
		Usr 0 00:00:02, Sys 0 00:00:00  -  Run Remote Usage
		Usr 0 00:00:00, Sys 0 00:00:00  -  Run Local Usage
	0  -  Run Bytes Sent By Job
	0  -  Run Bytes Received By Job
	Partitionable Resources :    Usage  Request Allocated
	   Cpus                 :                 1         1
	   Disk (KB)            :        1        1  18595856
	   Memory (MB)          :        0        1      2676
...
009 (1673188.003.000) 12/25 11:42:47 Job was aborted by the user.
	via condor_rm (by user zhangliang)
...
000 (1673189.003.000) 12/25 11:44:21 Job submitted from host: <172.16.2.141:36601>
...
001 (1673189.003.000) 12/25 11:44:23 Job executing on host: <172.16.2.141:56348>
...
006 (1673189.003.000) 12/25 11:44:31 Image size of job updated: 242156
	29  -  MemoryUsage of job (MB)
	28800  -  ResidentSetSize of job (KB)
...
006 (1673189.003.000) 12/25 11:49:31 Image size of job updated: 242156
	29  -  MemoryUsage of job (MB)
	28832  -  ResidentSetSize of job (KB)
...
006 (1673189.003.000) 12/25 12:04:32 Image size of job updated: 242988
	29  -  MemoryUsage of job (MB)
	28868  -  ResidentSetSize of job (KB)
...
006 (1673189.003.000) 12/25 12:09:33 Image size of job updated: 242988
	29  -  MemoryUsage of job (MB)
	29512  -  ResidentSetSize of job (KB)
...
006 (1673189.003.000) 12/25 12:24:35 Image size of job updated: 242988
	29  -  MemoryUsage of job (MB)
	29516  -  ResidentSetSize of job (KB)
...
006 (1673189.003.000) 12/25 12:44:37 Image size of job updated: 242988
	29  -  MemoryUsage of job (MB)
	29572  -  ResidentSetSize of job (KB)
...
006 (1673189.003.000) 12/25 13:54:44 Image size of job updated: 242988
	29  -  MemoryUsage of job (MB)
	29576  -  ResidentSetSize of job (KB)
...
005 (1673189.003.000) 12/25 15:17:20 Job terminated.
	(1) Normal termination (return value 0)
		Usr 0 03:31:23, Sys 0 00:00:01  -  Run Remote Usage
		Usr 0 00:00:00, Sys 0 00:00:00  -  Run Local Usage
		Usr 0 03:31:23, Sys 0 00:00:01  -  Total Remote Usage
		Usr 0 00:00:00, Sys 0 00:00:00  -  Total Local Usage
	0  -  Run Bytes Sent By Job
	0  -  Run Bytes Received By Job
	0  -  Total Bytes Sent By Job
	0  -  Total Bytes Received By Job
	Partitionable Resources :    Usage  Request Allocated
	   Cpus                 :                 1         1
	   Disk (KB)            :        1        1  18595899
	   Memory (MB)          :       29        1      2676
...
000 (1673192.003.000) 12/26 00:07:14 Job submitted from host: <172.16.2.141:36601>
...
001 (1673192.003.000) 12/26 00:07:27 Job executing on host: <172.16.2.141:56348>
...
006 (1673192.003.000) 12/26 00:07:30 Image size of job updated: 242404
	0  -  MemoryUsage of job (MB)
	0  -  ResidentSetSize of job (KB)
...
004 (1673192.003.000) 12/26 00:07:31 Job was evicted.
	(0) Job was not checkpointed.
		Usr 0 00:00:03, Sys 0 00:00:00  -  Run Remote Usage
		Usr 0 00:00:00, Sys 0 00:00:00  -  Run Local Usage
	0  -  Run Bytes Sent By Job
	0  -  Run Bytes Received By Job
	Partitionable Resources :    Usage  Request Allocated
	   Cpus                 :                 1         1
	   Disk (KB)            :        1        1  18595732
	   Memory (MB)          :        0        1      2676
...
009 (1673192.003.000) 12/26 00:07:32 Job was aborted by the user.
	via condor_rm (by user zhangliang)
...
000 (1673193.003.000) 12/26 00:07:59 Job submitted from host: <172.16.2.141:36601>
...
001 (1673193.003.000) 12/26 00:08:01 Job executing on host: <172.16.2.141:56348>
...
006 (1673193.003.000) 12/26 00:08:10 Image size of job updated: 242160
	30  -  MemoryUsage of job (MB)
	29972  -  ResidentSetSize of job (KB)
...
006 (1673193.003.000) 12/26 00:13:11 Image size of job updated: 242160
	30  -  MemoryUsage of job (MB)
	30208  -  ResidentSetSize of job (KB)
...
006 (1673193.003.000) 12/26 00:28:13 Image size of job updated: 243028
	30  -  MemoryUsage of job (MB)
	30244  -  ResidentSetSize of job (KB)
...
006 (1673193.003.000) 12/26 00:48:16 Image size of job updated: 243028
	30  -  MemoryUsage of job (MB)
	30260  -  ResidentSetSize of job (KB)
...
006 (1673193.003.000) 12/26 01:03:17 Image size of job updated: 243028
	30  -  MemoryUsage of job (MB)
	30324  -  ResidentSetSize of job (KB)
...
006 (1673193.003.000) 12/26 01:08:17 Image size of job updated: 243028
	30  -  MemoryUsage of job (MB)
	30328  -  ResidentSetSize of job (KB)
...
