000 (28203.063.000) 12/31 10:12:06 Job submitted from host: <172.16.11.200:9618?addrs=172.16.11.200-9618&noUDP&sock=14877_46f2_4>
...
001 (28203.063.000) 12/31 10:12:14 Job executing on host: <172.16.11.231:9618?addrs=172.16.11.231-9618&noUDP&sock=startd_22895_f54e_4>
...
006 (28203.063.000) 12/31 10:12:22 Image size of job updated: 35512
	35  -  MemoryUsage of job (MB)
	35512  -  ResidentSetSize of job (KB)
...
006 (28203.063.000) 12/31 10:22:23 Image size of job updated: 35624
	35  -  MemoryUsage of job (MB)
	35624  -  ResidentSetSize of job (KB)
...
004 (28203.063.000) 12/31 13:14:29 Job was evicted.
	(0) CPU times
		Usr 0 03:02:03, Sys 0 00:00:09  -  Run Remote Usage
		Usr 0 00:00:00, Sys 0 00:00:00  -  Run Local Usage
	0  -  Run Bytes Sent By Job
	0  -  Run Bytes Received By Job
	Partitionable Resources :    Usage  Request Allocated 
	   Cpus                 :     1.00        1         1 
	   Disk (KB)            :     1           1    241059 
	   Memory (MB)          :    35           1      2008 
...
009 (28203.063.000) 12/31 13:14:29 Job was aborted by the user.
	via condor_rm (by user zhangliang)
...
000 (28206.063.000) 12/31 14:09:35 Job submitted from host: <172.16.11.200:9618?addrs=172.16.11.200-9618&noUDP&sock=14877_46f2_4>
...
001 (28206.063.000) 12/31 14:25:37 Job executing on host: <172.16.11.231:9618?addrs=172.16.11.231-9618&noUDP&sock=startd_22895_f54e_4>
...
006 (28206.063.000) 12/31 14:25:46 Image size of job updated: 34936
	35  -  MemoryUsage of job (MB)
	34936  -  ResidentSetSize of job (KB)
...
006 (28206.063.000) 01/01 01:36:56 Image size of job updated: 35044
	35  -  MemoryUsage of job (MB)
	35044  -  ResidentSetSize of job (KB)
...
005 (28206.063.000) 01/01 10:50:34 Job terminated.
	(1) Normal termination (return value 0)
		Usr 0 20:24:43, Sys 0 00:00:01  -  Run Remote Usage
		Usr 0 00:00:00, Sys 0 00:00:00  -  Run Local Usage
		Usr 0 20:24:43, Sys 0 00:00:01  -  Total Remote Usage
		Usr 0 00:00:00, Sys 0 00:00:00  -  Total Local Usage
	0  -  Run Bytes Sent By Job
	0  -  Run Bytes Received By Job
	0  -  Total Bytes Sent By Job
	0  -  Total Bytes Received By Job
	Partitionable Resources :    Usage  Request Allocated 
	   Cpus                 :     1.00        1         1 
	   Disk (KB)            :     1           1    241059 
	   Memory (MB)          :    35           1      2008 
...
000 (28248.063.000) 01/05 15:45:56 Job submitted from host: <172.16.11.200:9618?addrs=172.16.11.200-9618&noUDP&sock=14877_46f2_4>
...
001 (28248.063.000) 01/05 17:27:33 Job executing on host: <172.16.11.233:9618?addrs=172.16.11.233-9618&alias=pc-farm3&noUDP&sock=startd_4556_edfa>
...
006 (28248.063.000) 01/05 17:27:41 Image size of job updated: 41020
	41  -  MemoryUsage of job (MB)
	41020  -  ResidentSetSize of job (KB)
...
006 (28248.063.000) 01/05 19:47:56 Image size of job updated: 41032
	41  -  MemoryUsage of job (MB)
	41032  -  ResidentSetSize of job (KB)
...
006 (28248.063.000) 01/05 19:52:56 Image size of job updated: 41176
	41  -  MemoryUsage of job (MB)
	41176  -  ResidentSetSize of job (KB)
...
006 (28248.063.000) 01/05 19:57:56 Image size of job updated: 41196
	41  -  MemoryUsage of job (MB)
	41196  -  ResidentSetSize of job (KB)
...
006 (28248.063.000) 01/05 20:02:58 Image size of job updated: 41216
	41  -  MemoryUsage of job (MB)
	41216  -  ResidentSetSize of job (KB)
...
006 (28248.063.000) 01/05 20:07:58 Image size of job updated: 41268
	41  -  MemoryUsage of job (MB)
	41268  -  ResidentSetSize of job (KB)
...
006 (28248.063.000) 01/05 20:43:02 Image size of job updated: 41284
	41  -  MemoryUsage of job (MB)
	41284  -  ResidentSetSize of job (KB)
...
006 (28248.063.000) 01/05 20:48:02 Image size of job updated: 41432
	41  -  MemoryUsage of job (MB)
	41432  -  ResidentSetSize of job (KB)
...
006 (28248.063.000) 01/05 20:53:03 Image size of job updated: 41452
	41  -  MemoryUsage of job (MB)
	41452  -  ResidentSetSize of job (KB)
...
006 (28248.063.000) 01/05 21:03:03 Image size of job updated: 41496
	41  -  MemoryUsage of job (MB)
	41496  -  ResidentSetSize of job (KB)
...
006 (28248.063.000) 01/05 21:28:07 Image size of job updated: 41636
	41  -  MemoryUsage of job (MB)
	41636  -  ResidentSetSize of job (KB)
...
006 (28248.063.000) 01/05 21:33:07 Image size of job updated: 41664
	41  -  MemoryUsage of job (MB)
	41664  -  ResidentSetSize of job (KB)
...
006 (28248.063.000) 01/05 21:48:08 Image size of job updated: 41732
	41  -  MemoryUsage of job (MB)
	41732  -  ResidentSetSize of job (KB)
...
006 (28248.063.000) 01/05 21:53:08 Image size of job updated: 41760
	41  -  MemoryUsage of job (MB)
	41760  -  ResidentSetSize of job (KB)
...
006 (28248.063.000) 01/05 21:58:10 Image size of job updated: 41904
	41  -  MemoryUsage of job (MB)
	41904  -  ResidentSetSize of job (KB)
...
006 (28248.063.000) 01/05 22:08:10 Image size of job updated: 42812
	42  -  MemoryUsage of job (MB)
	42812  -  ResidentSetSize of job (KB)
...
006 (28248.063.000) 01/05 22:13:11 Image size of job updated: 42824
	42  -  MemoryUsage of job (MB)
	42824  -  ResidentSetSize of job (KB)
...
006 (28248.063.000) 01/05 22:18:11 Image size of job updated: 42848
	42  -  MemoryUsage of job (MB)
	42848  -  ResidentSetSize of job (KB)
...
006 (28248.063.000) 01/05 22:23:11 Image size of job updated: 42872
	42  -  MemoryUsage of job (MB)
	42872  -  ResidentSetSize of job (KB)
...
006 (28248.063.000) 01/05 22:28:12 Image size of job updated: 42904
	42  -  MemoryUsage of job (MB)
	42904  -  ResidentSetSize of job (KB)
...
006 (28248.063.000) 01/05 22:33:13 Image size of job updated: 42928
	42  -  MemoryUsage of job (MB)
	42928  -  ResidentSetSize of job (KB)
...
006 (28248.063.000) 01/05 22:38:13 Image size of job updated: 42952
	42  -  MemoryUsage of job (MB)
	42952  -  ResidentSetSize of job (KB)
...
006 (28248.063.000) 01/05 22:48:15 Image size of job updated: 43000
	42  -  MemoryUsage of job (MB)
	43000  -  ResidentSetSize of job (KB)
...
006 (28248.063.000) 01/05 22:53:15 Image size of job updated: 43156
	43  -  MemoryUsage of job (MB)
	43156  -  ResidentSetSize of job (KB)
...
006 (28248.063.000) 01/05 23:23:18 Image size of job updated: 43208
	43  -  MemoryUsage of job (MB)
	43208  -  ResidentSetSize of job (KB)
...
006 (28248.063.000) 01/05 23:48:21 Image size of job updated: 43320
	43  -  MemoryUsage of job (MB)
	43320  -  ResidentSetSize of job (KB)
...
006 (28248.063.000) 01/06 00:08:23 Image size of job updated: 43444
	43  -  MemoryUsage of job (MB)
	43444  -  ResidentSetSize of job (KB)
...
006 (28248.063.000) 01/06 00:23:25 Image size of job updated: 43508
	43  -  MemoryUsage of job (MB)
	43508  -  ResidentSetSize of job (KB)
...
006 (28248.063.000) 01/06 00:48:27 Image size of job updated: 43524
	43  -  MemoryUsage of job (MB)
	43524  -  ResidentSetSize of job (KB)
...
006 (28248.063.000) 01/06 00:53:27 Image size of job updated: 43672
	43  -  MemoryUsage of job (MB)
	43672  -  ResidentSetSize of job (KB)
...
006 (28248.063.000) 01/06 01:23:31 Image size of job updated: 43676
	43  -  MemoryUsage of job (MB)
	43676  -  ResidentSetSize of job (KB)
...
006 (28248.063.000) 01/06 01:28:32 Image size of job updated: 43696
	43  -  MemoryUsage of job (MB)
	43696  -  ResidentSetSize of job (KB)
...
006 (28248.063.000) 01/06 01:33:33 Image size of job updated: 43716
	43  -  MemoryUsage of job (MB)
	43716  -  ResidentSetSize of job (KB)
...
006 (28248.063.000) 01/06 01:38:33 Image size of job updated: 43864
	43  -  MemoryUsage of job (MB)
	43864  -  ResidentSetSize of job (KB)
...
006 (28248.063.000) 01/06 02:03:36 Image size of job updated: 43876
	43  -  MemoryUsage of job (MB)
	43876  -  ResidentSetSize of job (KB)
...
005 (28248.063.000) 01/06 02:07:55 Job terminated.
	(1) Normal termination (return value 0)
		Usr 0 08:13:23, Sys 0 00:00:05  -  Run Remote Usage
		Usr 0 00:00:00, Sys 0 00:00:00  -  Run Local Usage
		Usr 0 08:13:23, Sys 0 00:00:05  -  Total Remote Usage
		Usr 0 00:00:00, Sys 0 00:00:00  -  Total Local Usage
	0  -  Run Bytes Sent By Job
	0  -  Run Bytes Received By Job
	0  -  Total Bytes Sent By Job
	0  -  Total Bytes Received By Job
	Partitionable Resources :    Usage  Request Allocated 
	   Cpus                 :     0.97        1         1 
	   Disk (KB)            :     1           1    254050 
	   Memory (MB)          :    43           1      1005 
...
000 (28271.063.000) 01/06 15:26:51 Job submitted from host: <172.16.11.200:9618?addrs=172.16.11.200-9618&noUDP&sock=14877_46f2_4>
...
009 (28271.063.000) 01/06 15:47:45 Job was aborted by the user.
	via condor_rm (by user zhangliang)
...
