000 (28203.056.000) 12/31 10:12:06 Job submitted from host: <172.16.11.200:9618?addrs=172.16.11.200-9618&noUDP&sock=14877_46f2_4>
...
001 (28203.056.000) 12/31 10:12:12 Job executing on host: <172.16.11.231:9618?addrs=172.16.11.231-9618&noUDP&sock=startd_22895_f54e_4>
...
006 (28203.056.000) 12/31 10:12:20 Image size of job updated: 35128
	35  -  MemoryUsage of job (MB)
	35128  -  ResidentSetSize of job (KB)
...
006 (28203.056.000) 12/31 10:22:22 Image size of job updated: 35236
	35  -  MemoryUsage of job (MB)
	35236  -  ResidentSetSize of job (KB)
...
006 (28203.056.000) 12/31 13:14:29 Image size of job updated: 310160
	35  -  MemoryUsage of job (MB)
	35236  -  ResidentSetSize of job (KB)
...
004 (28203.056.000) 12/31 13:14:29 Job was evicted.
	(0) CPU times
		Usr 0 03:02:07, Sys 0 00:00:06  -  Run Remote Usage
		Usr 0 00:00:00, Sys 0 00:00:00  -  Run Local Usage
	0  -  Run Bytes Sent By Job
	0  -  Run Bytes Received By Job
	Partitionable Resources :    Usage  Request Allocated 
	   Cpus                 :     1.00        1         1 
	   Disk (KB)            :     1           1    241059 
	   Memory (MB)          :    35           1      2008 
...
009 (28203.056.000) 12/31 13:14:29 Job was aborted by the user.
	via condor_rm (by user zhangliang)
...
000 (28206.056.000) 12/31 14:09:35 Job submitted from host: <172.16.11.200:9618?addrs=172.16.11.200-9618&noUDP&sock=14877_46f2_4>
...
001 (28206.056.000) 12/31 14:22:38 Job executing on host: <172.16.11.231:9618?addrs=172.16.11.231-9618&noUDP&sock=startd_22895_f54e_4>
...
006 (28206.056.000) 12/31 14:22:47 Image size of job updated: 35108
	35  -  MemoryUsage of job (MB)
	35108  -  ResidentSetSize of job (KB)
...
006 (28206.056.000) 01/01 01:38:57 Image size of job updated: 35908
	36  -  MemoryUsage of job (MB)
	35908  -  ResidentSetSize of job (KB)
...
005 (28206.056.000) 01/01 11:21:49 Job terminated.
	(1) Normal termination (return value 0)
		Usr 0 20:26:30, Sys 0 00:00:55  -  Run Remote Usage
		Usr 0 00:00:00, Sys 0 00:00:00  -  Run Local Usage
		Usr 0 20:26:30, Sys 0 00:00:55  -  Total Remote Usage
		Usr 0 00:00:00, Sys 0 00:00:00  -  Total Local Usage
	0  -  Run Bytes Sent By Job
	0  -  Run Bytes Received By Job
	0  -  Total Bytes Sent By Job
	0  -  Total Bytes Received By Job
	Partitionable Resources :    Usage  Request Allocated 
	   Cpus                 :     0.94        1         1 
	   Disk (KB)            :     1           1    241059 
	   Memory (MB)          :    36           1      2008 
...
000 (28248.056.000) 01/05 15:45:56 Job submitted from host: <172.16.11.200:9618?addrs=172.16.11.200-9618&noUDP&sock=14877_46f2_4>
...
001 (28248.056.000) 01/05 17:23:33 Job executing on host: <172.16.11.234:9618?addrs=172.16.11.234-9618&alias=pc-farm4&noUDP&sock=startd_5195_3aff>
...
006 (28248.056.000) 01/05 17:23:41 Image size of job updated: 34944
	35  -  MemoryUsage of job (MB)
	34944  -  ResidentSetSize of job (KB)
...
006 (28248.056.000) 01/05 17:28:41 Image size of job updated: 422640
	35  -  MemoryUsage of job (MB)
	34944  -  ResidentSetSize of job (KB)
...
006 (28248.056.000) 01/05 17:38:43 Image size of job updated: 423424
	35  -  MemoryUsage of job (MB)
	34948  -  ResidentSetSize of job (KB)
...
005 (28248.056.000) 01/06 02:19:57 Job terminated.
	(1) Normal termination (return value 0)
		Usr 0 08:29:19, Sys 0 00:00:33  -  Run Remote Usage
		Usr 0 00:00:00, Sys 0 00:00:00  -  Run Local Usage
		Usr 0 08:29:19, Sys 0 00:00:33  -  Total Remote Usage
		Usr 0 00:00:00, Sys 0 00:00:00  -  Total Local Usage
	0  -  Run Bytes Sent By Job
	0  -  Run Bytes Received By Job
	0  -  Total Bytes Sent By Job
	0  -  Total Bytes Received By Job
	Partitionable Resources :    Usage  Request Allocated 
	   Cpus                 :     0.90        1         1 
	   Disk (KB)            :     1           1    255907 
	   Memory (MB)          :    35           1       999 
...
000 (28271.056.000) 01/06 15:26:51 Job submitted from host: <172.16.11.200:9618?addrs=172.16.11.200-9618&noUDP&sock=14877_46f2_4>
...
009 (28271.056.000) 01/06 15:47:45 Job was aborted by the user.
	via condor_rm (by user zhangliang)
...
