000 (1673162.044.000) 12/23 13:43:08 Job submitted from host: <172.16.2.141:36601>
...
001 (1673162.044.000) 12/23 13:43:11 Job executing on host: <172.16.2.141:56348>
...
006 (1673162.044.000) 12/23 13:43:20 Image size of job updated: 95656
	3  -  MemoryUsage of job (MB)
	2104  -  ResidentSetSize of job (KB)
...
006 (1673162.044.000) 12/23 13:48:20 Image size of job updated: 241600
	27  -  MemoryUsage of job (MB)
	26964  -  ResidentSetSize of job (KB)
...
006 (1673162.044.000) 12/23 14:03:21 Image size of job updated: 242380
	27  -  MemoryUsage of job (MB)
	26988  -  ResidentSetSize of job (KB)
...
006 (1673162.044.000) 12/23 14:43:25 Image size of job updated: 242380
	27  -  MemoryUsage of job (MB)
	27000  -  ResidentSetSize of job (KB)
...
005 (1673162.044.000) 12/23 14:43:47 Job terminated.
	(1) Normal termination (return value 0)
		Usr 0 01:00:30, Sys 0 00:00:00  -  Run Remote Usage
		Usr 0 00:00:00, Sys 0 00:00:00  -  Run Local Usage
		Usr 0 01:00:30, Sys 0 00:00:00  -  Total Remote Usage
		Usr 0 00:00:00, Sys 0 00:00:00  -  Total Local Usage
	0  -  Run Bytes Sent By Job
	0  -  Run Bytes Received By Job
	0  -  Total Bytes Sent By Job
	0  -  Total Bytes Received By Job
	Partitionable Resources :    Usage  Request Allocated
	   Cpus                 :                 1         1
	   Disk (KB)            :        1        1  18596145
	   Memory (MB)          :       27        1      2676
...
000 (1673169.044.000) 12/23 21:09:13 Job submitted from host: <172.16.2.141:36601>
...
001 (1673169.044.000) 12/23 21:09:24 Job executing on host: <172.16.2.141:56348>
...
006 (1673169.044.000) 12/23 21:09:33 Image size of job updated: 95656
	3  -  MemoryUsage of job (MB)
	2104  -  ResidentSetSize of job (KB)
...
006 (1673169.044.000) 12/23 21:14:34 Image size of job updated: 241556
	27  -  MemoryUsage of job (MB)
	26964  -  ResidentSetSize of job (KB)
...
006 (1673169.044.000) 12/23 21:29:35 Image size of job updated: 242384
	27  -  MemoryUsage of job (MB)
	26988  -  ResidentSetSize of job (KB)
...
005 (1673169.044.000) 12/23 21:56:49 Job terminated.
	(1) Normal termination (return value 0)
		Usr 0 00:47:15, Sys 0 00:00:00  -  Run Remote Usage
		Usr 0 00:00:00, Sys 0 00:00:00  -  Run Local Usage
		Usr 0 00:47:15, Sys 0 00:00:00  -  Total Remote Usage
		Usr 0 00:00:00, Sys 0 00:00:00  -  Total Local Usage
	0  -  Run Bytes Sent By Job
	0  -  Run Bytes Received By Job
	0  -  Total Bytes Sent By Job
	0  -  Total Bytes Received By Job
	Partitionable Resources :    Usage  Request Allocated
	   Cpus                 :                 1         1
	   Disk (KB)            :        1        1  18596152
	   Memory (MB)          :       27        1      2676
...
000 (1673171.044.000) 12/23 23:27:09 Job submitted from host: <172.16.2.141:36601>
...
001 (1673171.044.000) 12/23 23:27:25 Job executing on host: <172.16.2.141:56348>
...
006 (1673171.044.000) 12/23 23:27:34 Image size of job updated: 241560
	29  -  MemoryUsage of job (MB)
	29640  -  ResidentSetSize of job (KB)
...
006 (1673171.044.000) 12/23 23:32:35 Image size of job updated: 241560
	29  -  MemoryUsage of job (MB)
	29668  -  ResidentSetSize of job (KB)
...
006 (1673171.044.000) 12/23 23:47:36 Image size of job updated: 242388
	29  -  MemoryUsage of job (MB)
	29692  -  ResidentSetSize of job (KB)
...
006 (1673171.044.000) 12/24 00:17:39 Image size of job updated: 242388
	30  -  MemoryUsage of job (MB)
	29712  -  ResidentSetSize of job (KB)
...
005 (1673171.044.000) 12/24 02:31:57 Job terminated.
	(1) Normal termination (return value 0)
		Usr 0 03:04:14, Sys 0 00:00:01  -  Run Remote Usage
		Usr 0 00:00:00, Sys 0 00:00:00  -  Run Local Usage
		Usr 0 03:04:14, Sys 0 00:00:01  -  Total Remote Usage
		Usr 0 00:00:00, Sys 0 00:00:00  -  Total Local Usage
	0  -  Run Bytes Sent By Job
	0  -  Run Bytes Received By Job
	0  -  Total Bytes Sent By Job
	0  -  Total Bytes Received By Job
	Partitionable Resources :    Usage  Request Allocated
	   Cpus                 :                 1         1
	   Disk (KB)            :        1        1  18596092
	   Memory (MB)          :       30        1      2676
...
000 (1673183.044.000) 12/24 22:48:09 Job submitted from host: <172.16.2.141:36601>
...
001 (1673183.044.000) 12/24 22:48:28 Job executing on host: <172.16.2.151:35010>
...
006 (1673183.044.000) 12/24 22:48:36 Image size of job updated: 106096
	2  -  MemoryUsage of job (MB)
	1152  -  ResidentSetSize of job (KB)
...
006 (1673183.044.000) 12/24 22:53:36 Image size of job updated: 256568
	30  -  MemoryUsage of job (MB)
	30448  -  ResidentSetSize of job (KB)
...
006 (1673183.044.000) 12/24 23:08:38 Image size of job updated: 257440
	30  -  MemoryUsage of job (MB)
	30488  -  ResidentSetSize of job (KB)
...
006 (1673183.044.000) 12/24 23:23:40 Image size of job updated: 257440
	31  -  MemoryUsage of job (MB)
	31132  -  ResidentSetSize of job (KB)
...
006 (1673183.044.000) 12/24 23:43:42 Image size of job updated: 257440
	31  -  MemoryUsage of job (MB)
	31164  -  ResidentSetSize of job (KB)
...
005 (1673183.044.000) 12/25 01:59:42 Job terminated.
	(1) Normal termination (return value 0)
		Usr 0 03:10:54, Sys 0 00:00:00  -  Run Remote Usage
		Usr 0 00:00:00, Sys 0 00:00:00  -  Run Local Usage
		Usr 0 03:10:54, Sys 0 00:00:00  -  Total Remote Usage
		Usr 0 00:00:00, Sys 0 00:00:00  -  Total Local Usage
	0  -  Run Bytes Sent By Job
	0  -  Run Bytes Received By Job
	0  -  Total Bytes Sent By Job
	0  -  Total Bytes Received By Job
	Partitionable Resources :    Usage  Request Allocated
	   Cpus                 :                 1         1
	   Disk (KB)            :        1        1   1084986
	   Memory (MB)          :       31        1     12107
...
000 (1673184.044.000) 12/25 08:28:15 Job submitted from host: <172.16.2.141:36601>
...
001 (1673184.044.000) 12/25 08:28:27 Job executing on host: <172.16.2.151:35010>
...
006 (1673184.044.000) 12/25 08:28:35 Image size of job updated: 252808
	25  -  MemoryUsage of job (MB)
	25436  -  ResidentSetSize of job (KB)
...
006 (1673184.044.000) 12/25 08:33:36 Image size of job updated: 252808
	25  -  MemoryUsage of job (MB)
	25440  -  ResidentSetSize of job (KB)
...
006 (1673184.044.000) 12/25 08:48:37 Image size of job updated: 253720
	25  -  MemoryUsage of job (MB)
	25472  -  ResidentSetSize of job (KB)
...
006 (1673184.044.000) 12/25 09:08:40 Image size of job updated: 253720
	25  -  MemoryUsage of job (MB)
	25484  -  ResidentSetSize of job (KB)
...
005 (1673184.044.000) 12/25 09:23:00 Job terminated.
	(1) Normal termination (return value 139)
		Usr 0 00:53:51, Sys 0 00:00:00  -  Run Remote Usage
		Usr 0 00:00:00, Sys 0 00:00:00  -  Run Local Usage
		Usr 0 00:53:51, Sys 0 00:00:00  -  Total Remote Usage
		Usr 0 00:00:00, Sys 0 00:00:00  -  Total Local Usage
	0  -  Run Bytes Sent By Job
	0  -  Run Bytes Received By Job
	0  -  Total Bytes Sent By Job
	0  -  Total Bytes Received By Job
	Partitionable Resources :    Usage  Request Allocated
	   Cpus                 :                 1         1
	   Disk (KB)            :        1        1   1084951
	   Memory (MB)          :       25        1     12107
...
000 (1673186.044.000) 12/25 09:26:50 Job submitted from host: <172.16.2.141:36601>
...
001 (1673186.044.000) 12/25 10:23:28 Job executing on host: <172.16.2.141:56348>
...
006 (1673186.044.000) 12/25 10:23:36 Image size of job updated: 239412
	26  -  MemoryUsage of job (MB)
	26592  -  ResidentSetSize of job (KB)
...
006 (1673186.044.000) 12/25 10:28:36 Image size of job updated: 239412
	26  -  MemoryUsage of job (MB)
	26596  -  ResidentSetSize of job (KB)
...
004 (1673186.044.000) 12/25 10:36:12 Job was evicted.
	(0) Job was not checkpointed.
		Usr 0 00:12:44, Sys 0 00:00:00  -  Run Remote Usage
		Usr 0 00:00:00, Sys 0 00:00:00  -  Run Local Usage
	0  -  Run Bytes Sent By Job
	0  -  Run Bytes Received By Job
	Partitionable Resources :    Usage  Request Allocated
	   Cpus                 :                 1         1
	   Disk (KB)            :        1        1  18595807
	   Memory (MB)          :       26        1      2676
...
009 (1673186.044.000) 12/25 10:36:13 Job was aborted by the user.
	via condor_rm (by user zhangliang)
...
000 (1673187.044.000) 12/25 10:36:20 Job submitted from host: <172.16.2.141:36601>
...
001 (1673187.044.000) 12/25 11:32:51 Job executing on host: <172.16.2.141:56348>
...
006 (1673187.044.000) 12/25 11:33:00 Image size of job updated: 239416
	25  -  MemoryUsage of job (MB)
	25380  -  ResidentSetSize of job (KB)
...
006 (1673187.044.000) 12/25 11:38:01 Image size of job updated: 239416
	25  -  MemoryUsage of job (MB)
	25384  -  ResidentSetSize of job (KB)
...
004 (1673187.044.000) 12/25 11:42:35 Job was evicted.
	(0) Job was not checkpointed.
		Usr 0 00:09:43, Sys 0 00:00:00  -  Run Remote Usage
		Usr 0 00:00:00, Sys 0 00:00:00  -  Run Local Usage
	0  -  Run Bytes Sent By Job
	0  -  Run Bytes Received By Job
	Partitionable Resources :    Usage  Request Allocated
	   Cpus                 :                 1         1
	   Disk (KB)            :        1        1  18595803
	   Memory (MB)          :       25        1      2676
...
009 (1673187.044.000) 12/25 11:42:35 Job was aborted by the user.
	via condor_rm (by user zhangliang)
...
000 (1673188.044.000) 12/25 11:42:39 Job submitted from host: <172.16.2.141:36601>
...
009 (1673188.044.000) 12/25 11:42:46 Job was aborted by the user.
	via condor_rm (by user zhangliang)
...
000 (1673189.044.000) 12/25 11:44:21 Job submitted from host: <172.16.2.141:36601>
...
001 (1673189.044.000) 12/25 15:14:47 Job executing on host: <172.16.2.141:56348>
...
006 (1673189.044.000) 12/25 15:14:55 Image size of job updated: 242148
	28  -  MemoryUsage of job (MB)
	28564  -  ResidentSetSize of job (KB)
...
006 (1673189.044.000) 12/25 15:19:55 Image size of job updated: 242148
	28  -  MemoryUsage of job (MB)
	28568  -  ResidentSetSize of job (KB)
...
006 (1673189.044.000) 12/25 15:34:57 Image size of job updated: 242980
	29  -  MemoryUsage of job (MB)
	29076  -  ResidentSetSize of job (KB)
...
006 (1673189.044.000) 12/25 15:49:59 Image size of job updated: 242980
	29  -  MemoryUsage of job (MB)
	29080  -  ResidentSetSize of job (KB)
...
006 (1673189.044.000) 12/25 16:05:00 Image size of job updated: 242980
	29  -  MemoryUsage of job (MB)
	29136  -  ResidentSetSize of job (KB)
...
006 (1673189.044.000) 12/25 16:15:01 Image size of job updated: 242980
	29  -  MemoryUsage of job (MB)
	29140  -  ResidentSetSize of job (KB)
...
005 (1673189.044.000) 12/25 17:48:35 Job terminated.
	(1) Normal termination (return value 0)
		Usr 0 02:33:34, Sys 0 00:00:00  -  Run Remote Usage
		Usr 0 00:00:00, Sys 0 00:00:00  -  Run Local Usage
		Usr 0 02:33:34, Sys 0 00:00:00  -  Total Remote Usage
		Usr 0 00:00:00, Sys 0 00:00:00  -  Total Local Usage
	0  -  Run Bytes Sent By Job
	0  -  Run Bytes Received By Job
	0  -  Total Bytes Sent By Job
	0  -  Total Bytes Received By Job
	Partitionable Resources :    Usage  Request Allocated
	   Cpus                 :                 1         1
	   Disk (KB)            :        1        1  18595865
	   Memory (MB)          :       29        1      2676
...
000 (1673192.044.000) 12/26 00:07:14 Job submitted from host: <172.16.2.141:36601>
...
001 (1673192.044.000) 12/26 00:07:29 Job executing on host: <172.16.2.151:35010>
...
006 (1673192.044.000) 12/26 00:07:30 Image size of job updated: 150472
	0  -  MemoryUsage of job (MB)
	0  -  ResidentSetSize of job (KB)
...
004 (1673192.044.000) 12/26 00:07:31 Job was evicted.
	(0) Job was not checkpointed.
		Usr 0 00:00:01, Sys 0 00:00:00  -  Run Remote Usage
		Usr 0 00:00:00, Sys 0 00:00:00  -  Run Local Usage
	0  -  Run Bytes Sent By Job
	0  -  Run Bytes Received By Job
	Partitionable Resources :    Usage  Request Allocated
	   Cpus                 :                 1         1
	   Disk (KB)            :        1        1   1085019
	   Memory (MB)          :        0        1     12107
...
009 (1673192.044.000) 12/26 00:07:33 Job was aborted by the user.
	via condor_rm (by user zhangliang)
...
000 (1673193.044.000) 12/26 00:07:59 Job submitted from host: <172.16.2.141:36601>
...
001 (1673193.044.000) 12/26 00:08:03 Job executing on host: <172.16.2.151:35010>
...
006 (1673193.044.000) 12/26 00:08:12 Image size of job updated: 106096
	2  -  MemoryUsage of job (MB)
	1156  -  ResidentSetSize of job (KB)
...
006 (1673193.044.000) 12/26 00:13:12 Image size of job updated: 256572
	30  -  MemoryUsage of job (MB)
	30332  -  ResidentSetSize of job (KB)
...
006 (1673193.044.000) 12/26 00:28:13 Image size of job updated: 257484
	31  -  MemoryUsage of job (MB)
	30764  -  ResidentSetSize of job (KB)
...
006 (1673193.044.000) 12/26 00:48:15 Image size of job updated: 257484
	31  -  MemoryUsage of job (MB)
	30768  -  ResidentSetSize of job (KB)
...
006 (1673193.044.000) 12/26 01:08:17 Image size of job updated: 257484
	31  -  MemoryUsage of job (MB)
	30828  -  ResidentSetSize of job (KB)
...
