000 (1673162.031.000) 12/23 13:43:08 Job submitted from host: <172.16.2.141:36601>
...
001 (1673162.031.000) 12/23 13:43:09 Job executing on host: <172.16.2.141:56348>
...
006 (1673162.031.000) 12/23 13:43:18 Image size of job updated: 241596
	29  -  MemoryUsage of job (MB)
	29352  -  ResidentSetSize of job (KB)
...
006 (1673162.031.000) 12/23 13:48:19 Image size of job updated: 241596
	29  -  MemoryUsage of job (MB)
	29364  -  ResidentSetSize of job (KB)
...
006 (1673162.031.000) 12/23 14:03:20 Image size of job updated: 242376
	29  -  MemoryUsage of job (MB)
	29388  -  ResidentSetSize of job (KB)
...
006 (1673162.031.000) 12/23 14:43:25 Image size of job updated: 242376
	29  -  MemoryUsage of job (MB)
	29400  -  ResidentSetSize of job (KB)
...
005 (1673162.031.000) 12/23 14:45:48 Job terminated.
	(1) Normal termination (return value 0)
		Usr 0 01:02:33, Sys 0 00:00:00  -  Run Remote Usage
		Usr 0 00:00:00, Sys 0 00:00:00  -  Run Local Usage
		Usr 0 01:02:33, Sys 0 00:00:00  -  Total Remote Usage
		Usr 0 00:00:00, Sys 0 00:00:00  -  Total Local Usage
	0  -  Run Bytes Sent By Job
	0  -  Run Bytes Received By Job
	0  -  Total Bytes Sent By Job
	0  -  Total Bytes Received By Job
	Partitionable Resources :    Usage  Request Allocated
	   Cpus                 :                 1         1
	   Disk (KB)            :        1        1  18596145
	   Memory (MB)          :       29        1      2676
...
000 (1673169.031.000) 12/23 21:09:13 Job submitted from host: <172.16.2.141:36601>
...
001 (1673169.031.000) 12/23 21:09:25 Job executing on host: <172.16.2.151:35010>
...
006 (1673169.031.000) 12/23 21:09:33 Image size of job updated: 95680
	3  -  MemoryUsage of job (MB)
	2104  -  ResidentSetSize of job (KB)
...
006 (1673169.031.000) 12/23 21:14:33 Image size of job updated: 256016
	30  -  MemoryUsage of job (MB)
	30008  -  ResidentSetSize of job (KB)
...
006 (1673169.031.000) 12/23 21:29:35 Image size of job updated: 256844
	30  -  MemoryUsage of job (MB)
	30032  -  ResidentSetSize of job (KB)
...
005 (1673169.031.000) 12/23 22:07:02 Job terminated.
	(1) Normal termination (return value 0)
		Usr 0 00:57:31, Sys 0 00:00:00  -  Run Remote Usage
		Usr 0 00:00:00, Sys 0 00:00:00  -  Run Local Usage
		Usr 0 00:57:31, Sys 0 00:00:00  -  Total Remote Usage
		Usr 0 00:00:00, Sys 0 00:00:00  -  Total Local Usage
	0  -  Run Bytes Sent By Job
	0  -  Run Bytes Received By Job
	0  -  Total Bytes Sent By Job
	0  -  Total Bytes Received By Job
	Partitionable Resources :    Usage  Request Allocated
	   Cpus                 :                 1         1
	   Disk (KB)            :        1        1   1084978
	   Memory (MB)          :       30        1     12107
...
000 (1673171.031.000) 12/23 23:27:09 Job submitted from host: <172.16.2.141:36601>
...
001 (1673171.031.000) 12/23 23:27:25 Job executing on host: <172.16.2.151:35010>
...
006 (1673171.031.000) 12/23 23:27:34 Image size of job updated: 95680
	3  -  MemoryUsage of job (MB)
	2108  -  ResidentSetSize of job (KB)
...
006 (1673171.031.000) 12/23 23:32:34 Image size of job updated: 256012
	28  -  MemoryUsage of job (MB)
	28128  -  ResidentSetSize of job (KB)
...
006 (1673171.031.000) 12/23 23:52:36 Image size of job updated: 256840
	29  -  MemoryUsage of job (MB)
	29088  -  ResidentSetSize of job (KB)
...
006 (1673171.031.000) 12/24 00:32:40 Image size of job updated: 256840
	29  -  MemoryUsage of job (MB)
	29108  -  ResidentSetSize of job (KB)
...
005 (1673171.031.000) 12/24 03:08:26 Job terminated.
	(1) Normal termination (return value 0)
		Usr 0 03:32:46, Sys 0 00:00:00  -  Run Remote Usage
		Usr 0 00:00:00, Sys 0 00:00:00  -  Run Local Usage
		Usr 0 03:32:46, Sys 0 00:00:00  -  Total Remote Usage
		Usr 0 00:00:00, Sys 0 00:00:00  -  Total Local Usage
	0  -  Run Bytes Sent By Job
	0  -  Run Bytes Received By Job
	0  -  Total Bytes Sent By Job
	0  -  Total Bytes Received By Job
	Partitionable Resources :    Usage  Request Allocated
	   Cpus                 :                 1         1
	   Disk (KB)            :        1        1   1084975
	   Memory (MB)          :       29        1     12107
...
000 (1673183.031.000) 12/24 22:48:09 Job submitted from host: <172.16.2.141:36601>
...
001 (1673183.031.000) 12/24 22:48:26 Job executing on host: <172.16.2.151:35010>
...
006 (1673183.031.000) 12/24 22:48:34 Image size of job updated: 256564
	30  -  MemoryUsage of job (MB)
	30004  -  ResidentSetSize of job (KB)
...
006 (1673183.031.000) 12/24 22:53:34 Image size of job updated: 256564
	32  -  MemoryUsage of job (MB)
	32072  -  ResidentSetSize of job (KB)
...
006 (1673183.031.000) 12/24 23:08:36 Image size of job updated: 257436
	32  -  MemoryUsage of job (MB)
	32112  -  ResidentSetSize of job (KB)
...
006 (1673183.031.000) 12/24 23:23:38 Image size of job updated: 257436
	32  -  MemoryUsage of job (MB)
	32124  -  ResidentSetSize of job (KB)
...
006 (1673183.031.000) 12/24 23:43:40 Image size of job updated: 257436
	32  -  MemoryUsage of job (MB)
	32164  -  ResidentSetSize of job (KB)
...
006 (1673183.031.000) 12/25 00:18:43 Image size of job updated: 257436
	33  -  MemoryUsage of job (MB)
	33292  -  ResidentSetSize of job (KB)
...
005 (1673183.031.000) 12/25 02:01:58 Job terminated.
	(1) Normal termination (return value 0)
		Usr 0 03:13:18, Sys 0 00:00:00  -  Run Remote Usage
		Usr 0 00:00:00, Sys 0 00:00:00  -  Run Local Usage
		Usr 0 03:13:18, Sys 0 00:00:00  -  Total Remote Usage
		Usr 0 00:00:00, Sys 0 00:00:00  -  Total Local Usage
	0  -  Run Bytes Sent By Job
	0  -  Run Bytes Received By Job
	0  -  Total Bytes Sent By Job
	0  -  Total Bytes Received By Job
	Partitionable Resources :    Usage  Request Allocated
	   Cpus                 :                 1         1
	   Disk (KB)            :        1        1   1084986
	   Memory (MB)          :       33        1     12107
...
000 (1673184.031.000) 12/25 08:28:15 Job submitted from host: <172.16.2.141:36601>
...
001 (1673184.031.000) 12/25 08:28:27 Job executing on host: <172.16.2.151:35010>
...
006 (1673184.031.000) 12/25 08:28:35 Image size of job updated: 252804
	25  -  MemoryUsage of job (MB)
	25424  -  ResidentSetSize of job (KB)
...
006 (1673184.031.000) 12/25 08:33:36 Image size of job updated: 252804
	25  -  MemoryUsage of job (MB)
	25428  -  ResidentSetSize of job (KB)
...
006 (1673184.031.000) 12/25 08:48:37 Image size of job updated: 253716
	25  -  MemoryUsage of job (MB)
	25460  -  ResidentSetSize of job (KB)
...
006 (1673184.031.000) 12/25 09:08:39 Image size of job updated: 253716
	25  -  MemoryUsage of job (MB)
	25472  -  ResidentSetSize of job (KB)
...
005 (1673184.031.000) 12/25 09:22:27 Job terminated.
	(1) Normal termination (return value 139)
		Usr 0 00:53:52, Sys 0 00:00:00  -  Run Remote Usage
		Usr 0 00:00:00, Sys 0 00:00:00  -  Run Local Usage
		Usr 0 00:53:52, Sys 0 00:00:00  -  Total Remote Usage
		Usr 0 00:00:00, Sys 0 00:00:00  -  Total Local Usage
	0  -  Run Bytes Sent By Job
	0  -  Run Bytes Received By Job
	0  -  Total Bytes Sent By Job
	0  -  Total Bytes Received By Job
	Partitionable Resources :    Usage  Request Allocated
	   Cpus                 :                 1         1
	   Disk (KB)            :        1        1   1084951
	   Memory (MB)          :       25        1     12107
...
000 (1673186.031.000) 12/25 09:26:50 Job submitted from host: <172.16.2.141:36601>
...
001 (1673186.031.000) 12/25 09:27:02 Job executing on host: <172.16.2.141:56348>
...
006 (1673186.031.000) 12/25 09:27:11 Image size of job updated: 95656
	3  -  MemoryUsage of job (MB)
	2108  -  ResidentSetSize of job (KB)
...
006 (1673186.031.000) 12/25 09:32:12 Image size of job updated: 239416
	25  -  MemoryUsage of job (MB)
	25436  -  ResidentSetSize of job (KB)
...
006 (1673186.031.000) 12/25 09:47:13 Image size of job updated: 240248
	25  -  MemoryUsage of job (MB)
	25480  -  ResidentSetSize of job (KB)
...
006 (1673186.031.000) 12/25 10:07:15 Image size of job updated: 240248
	25  -  MemoryUsage of job (MB)
	25492  -  ResidentSetSize of job (KB)
...
005 (1673186.031.000) 12/25 10:23:35 Job terminated.
	(1) Normal termination (return value 139)
		Usr 0 00:56:12, Sys 0 00:00:00  -  Run Remote Usage
		Usr 0 00:00:00, Sys 0 00:00:00  -  Run Local Usage
		Usr 0 00:56:12, Sys 0 00:00:00  -  Total Remote Usage
		Usr 0 00:00:00, Sys 0 00:00:00  -  Total Local Usage
	0  -  Run Bytes Sent By Job
	0  -  Run Bytes Received By Job
	0  -  Total Bytes Sent By Job
	0  -  Total Bytes Received By Job
	Partitionable Resources :    Usage  Request Allocated
	   Cpus                 :                 1         1
	   Disk (KB)            :        1        1  18595807
	   Memory (MB)          :       25        1      2676
...
000 (1673187.031.000) 12/25 10:36:20 Job submitted from host: <172.16.2.141:36601>
...
001 (1673187.031.000) 12/25 10:37:20 Job executing on host: <172.16.2.141:56348>
...
006 (1673187.031.000) 12/25 10:37:29 Image size of job updated: 239416
	26  -  MemoryUsage of job (MB)
	26572  -  ResidentSetSize of job (KB)
...
006 (1673187.031.000) 12/25 10:42:30 Image size of job updated: 239416
	26  -  MemoryUsage of job (MB)
	26600  -  ResidentSetSize of job (KB)
...
006 (1673187.031.000) 12/25 10:57:32 Image size of job updated: 240248
	27  -  MemoryUsage of job (MB)
	26644  -  ResidentSetSize of job (KB)
...
006 (1673187.031.000) 12/25 11:17:33 Image size of job updated: 240248
	27  -  MemoryUsage of job (MB)
	26656  -  ResidentSetSize of job (KB)
...
005 (1673187.031.000) 12/25 11:33:46 Job terminated.
	(1) Normal termination (return value 139)
		Usr 0 00:56:11, Sys 0 00:00:00  -  Run Remote Usage
		Usr 0 00:00:00, Sys 0 00:00:00  -  Run Local Usage
		Usr 0 00:56:11, Sys 0 00:00:00  -  Total Remote Usage
		Usr 0 00:00:00, Sys 0 00:00:00  -  Total Local Usage
	0  -  Run Bytes Sent By Job
	0  -  Run Bytes Received By Job
	0  -  Total Bytes Sent By Job
	0  -  Total Bytes Received By Job
	Partitionable Resources :    Usage  Request Allocated
	   Cpus                 :                 1         1
	   Disk (KB)            :        1        1  18595833
	   Memory (MB)          :       27        1      2676
...
000 (1673188.031.000) 12/25 11:42:39 Job submitted from host: <172.16.2.141:36601>
...
009 (1673188.031.000) 12/25 11:42:46 Job was aborted by the user.
	via condor_rm (by user zhangliang)
...
000 (1673189.031.000) 12/25 11:44:21 Job submitted from host: <172.16.2.141:36601>
...
001 (1673189.031.000) 12/25 11:44:23 Job executing on host: <172.16.2.151:35010>
...
006 (1673189.031.000) 12/25 11:44:32 Image size of job updated: 256572
	30  -  MemoryUsage of job (MB)
	30120  -  ResidentSetSize of job (KB)
...
006 (1673189.031.000) 12/25 11:49:34 Image size of job updated: 256572
	30  -  MemoryUsage of job (MB)
	30152  -  ResidentSetSize of job (KB)
...
006 (1673189.031.000) 12/25 12:04:36 Image size of job updated: 257444
	30  -  MemoryUsage of job (MB)
	30528  -  ResidentSetSize of job (KB)
...
006 (1673189.031.000) 12/25 12:24:37 Image size of job updated: 257444
	30  -  MemoryUsage of job (MB)
	30540  -  ResidentSetSize of job (KB)
...
006 (1673189.031.000) 12/25 12:44:39 Image size of job updated: 257444
	30  -  MemoryUsage of job (MB)
	30604  -  ResidentSetSize of job (KB)
...
006 (1673189.031.000) 12/25 14:09:47 Image size of job updated: 257444
	30  -  MemoryUsage of job (MB)
	30608  -  ResidentSetSize of job (KB)
...
005 (1673189.031.000) 12/25 15:34:27 Job terminated.
	(1) Normal termination (return value 0)
		Usr 0 03:40:32, Sys 0 00:00:00  -  Run Remote Usage
		Usr 0 00:00:00, Sys 0 00:00:00  -  Run Local Usage
		Usr 0 03:40:32, Sys 0 00:00:00  -  Total Remote Usage
		Usr 0 00:00:00, Sys 0 00:00:00  -  Total Local Usage
	0  -  Run Bytes Sent By Job
	0  -  Run Bytes Received By Job
	0  -  Total Bytes Sent By Job
	0  -  Total Bytes Received By Job
	Partitionable Resources :    Usage  Request Allocated
	   Cpus                 :                 1         1
	   Disk (KB)            :        1        1   1084921
	   Memory (MB)          :       30        1     12107
...
000 (1673192.031.000) 12/26 00:07:14 Job submitted from host: <172.16.2.141:36601>
...
001 (1673192.031.000) 12/26 00:07:27 Job executing on host: <172.16.2.151:35010>
...
006 (1673192.031.000) 12/26 00:07:30 Image size of job updated: 256572
	0  -  MemoryUsage of job (MB)
	0  -  ResidentSetSize of job (KB)
...
004 (1673192.031.000) 12/26 00:07:30 Job was evicted.
	(0) Job was not checkpointed.
		Usr 0 00:00:02, Sys 0 00:00:00  -  Run Remote Usage
		Usr 0 00:00:00, Sys 0 00:00:00  -  Run Local Usage
	0  -  Run Bytes Sent By Job
	0  -  Run Bytes Received By Job
	Partitionable Resources :    Usage  Request Allocated
	   Cpus                 :                 1         1
	   Disk (KB)            :        1        1   1085019
	   Memory (MB)          :        0        1     12107
...
009 (1673192.031.000) 12/26 00:07:30 Job was aborted by the user.
	via condor_rm (by user zhangliang)
...
000 (1673193.031.000) 12/26 00:07:59 Job submitted from host: <172.16.2.141:36601>
...
001 (1673193.031.000) 12/26 00:08:02 Job executing on host: <172.16.2.151:35010>
...
006 (1673193.031.000) 12/26 00:08:10 Image size of job updated: 256568
	30  -  MemoryUsage of job (MB)
	30208  -  ResidentSetSize of job (KB)
...
006 (1673193.031.000) 12/26 00:13:10 Image size of job updated: 256568
	30  -  MemoryUsage of job (MB)
	30468  -  ResidentSetSize of job (KB)
...
006 (1673193.031.000) 12/26 00:28:12 Image size of job updated: 257480
	30  -  MemoryUsage of job (MB)
	30500  -  ResidentSetSize of job (KB)
...
006 (1673193.031.000) 12/26 00:48:13 Image size of job updated: 257480
	30  -  MemoryUsage of job (MB)
	30516  -  ResidentSetSize of job (KB)
...
006 (1673193.031.000) 12/26 01:08:16 Image size of job updated: 257480
	30  -  MemoryUsage of job (MB)
	30576  -  ResidentSetSize of job (KB)
...
006 (1673193.031.000) 12/26 01:28:18 Image size of job updated: 257480
	30  -  MemoryUsage of job (MB)
	30580  -  ResidentSetSize of job (KB)
...
