000 (1673162.012.000) 12/23 13:43:08 Job submitted from host: <172.16.2.141:36601>
...
001 (1673162.012.000) 12/23 13:43:12 Job executing on host: <172.16.2.151:35010>
...
006 (1673162.012.000) 12/23 13:43:21 Image size of job updated: 256056
	28  -  MemoryUsage of job (MB)
	28120  -  ResidentSetSize of job (KB)
...
006 (1673162.012.000) 12/23 13:48:21 Image size of job updated: 256056
	30  -  MemoryUsage of job (MB)
	30176  -  ResidentSetSize of job (KB)
...
006 (1673162.012.000) 12/23 14:03:23 Image size of job updated: 256840
	30  -  MemoryUsage of job (MB)
	30200  -  ResidentSetSize of job (KB)
...
006 (1673162.012.000) 12/23 14:13:24 Image size of job updated: 256840
	31  -  MemoryUsage of job (MB)
	30948  -  ResidentSetSize of job (KB)
...
006 (1673162.012.000) 12/23 14:43:26 Image size of job updated: 256840
	31  -  MemoryUsage of job (MB)
	30956  -  ResidentSetSize of job (KB)
...
005 (1673162.012.000) 12/23 14:50:09 Job terminated.
	(1) Normal termination (return value 0)
		Usr 0 01:06:41, Sys 0 00:00:00  -  Run Remote Usage
		Usr 0 00:00:00, Sys 0 00:00:00  -  Run Local Usage
		Usr 0 01:06:41, Sys 0 00:00:00  -  Total Remote Usage
		Usr 0 00:00:00, Sys 0 00:00:00  -  Total Local Usage
	0  -  Run Bytes Sent By Job
	0  -  Run Bytes Received By Job
	0  -  Total Bytes Sent By Job
	0  -  Total Bytes Received By Job
	Partitionable Resources :    Usage  Request Allocated
	   Cpus                 :                 1         1
	   Disk (KB)            :        1        1   1084964
	   Memory (MB)          :       31        1     12107
...
000 (1673169.012.000) 12/23 21:09:13 Job submitted from host: <172.16.2.141:36601>
...
001 (1673169.012.000) 12/23 21:09:24 Job executing on host: <172.16.2.151:35010>
...
006 (1673169.012.000) 12/23 21:09:34 Image size of job updated: 256016
	28  -  MemoryUsage of job (MB)
	28212  -  ResidentSetSize of job (KB)
...
006 (1673169.012.000) 12/23 21:14:35 Image size of job updated: 256016
	28  -  MemoryUsage of job (MB)
	28552  -  ResidentSetSize of job (KB)
...
006 (1673169.012.000) 12/23 21:29:37 Image size of job updated: 256844
	28  -  MemoryUsage of job (MB)
	28576  -  ResidentSetSize of job (KB)
...
005 (1673169.012.000) 12/23 22:07:14 Job terminated.
	(1) Normal termination (return value 0)
		Usr 0 00:57:21, Sys 0 00:00:00  -  Run Remote Usage
		Usr 0 00:00:00, Sys 0 00:00:00  -  Run Local Usage
		Usr 0 00:57:21, Sys 0 00:00:00  -  Total Remote Usage
		Usr 0 00:00:00, Sys 0 00:00:00  -  Total Local Usage
	0  -  Run Bytes Sent By Job
	0  -  Run Bytes Received By Job
	0  -  Total Bytes Sent By Job
	0  -  Total Bytes Received By Job
	Partitionable Resources :    Usage  Request Allocated
	   Cpus                 :                 1         1
	   Disk (KB)            :        1        1   1084978
	   Memory (MB)          :       28        1     12107
...
000 (1673171.012.000) 12/23 23:27:09 Job submitted from host: <172.16.2.141:36601>
...
001 (1673171.012.000) 12/23 23:27:25 Job executing on host: <172.16.2.151:35010>
...
006 (1673171.012.000) 12/23 23:27:34 Image size of job updated: 95680
	3  -  MemoryUsage of job (MB)
	2108  -  ResidentSetSize of job (KB)
...
006 (1673171.012.000) 12/23 23:32:34 Image size of job updated: 256012
	30  -  MemoryUsage of job (MB)
	30204  -  ResidentSetSize of job (KB)
...
006 (1673171.012.000) 12/23 23:52:36 Image size of job updated: 256840
	30  -  MemoryUsage of job (MB)
	30228  -  ResidentSetSize of job (KB)
...
006 (1673171.012.000) 12/24 00:32:41 Image size of job updated: 256840
	30  -  MemoryUsage of job (MB)
	30248  -  ResidentSetSize of job (KB)
...
005 (1673171.012.000) 12/24 03:06:37 Job terminated.
	(1) Normal termination (return value 0)
		Usr 0 03:33:44, Sys 0 00:00:00  -  Run Remote Usage
		Usr 0 00:00:00, Sys 0 00:00:00  -  Run Local Usage
		Usr 0 03:33:44, Sys 0 00:00:00  -  Total Remote Usage
		Usr 0 00:00:00, Sys 0 00:00:00  -  Total Local Usage
	0  -  Run Bytes Sent By Job
	0  -  Run Bytes Received By Job
	0  -  Total Bytes Sent By Job
	0  -  Total Bytes Received By Job
	Partitionable Resources :    Usage  Request Allocated
	   Cpus                 :                 1         1
	   Disk (KB)            :        1        1   1084975
	   Memory (MB)          :       30        1     12107
...
000 (1673183.012.000) 12/24 22:48:09 Job submitted from host: <172.16.2.141:36601>
...
001 (1673183.012.000) 12/24 22:48:28 Job executing on host: <172.16.2.141:56348>
...
006 (1673183.012.000) 12/24 22:48:37 Image size of job updated: 95656
	3  -  MemoryUsage of job (MB)
	2108  -  ResidentSetSize of job (KB)
...
006 (1673183.012.000) 12/24 22:53:38 Image size of job updated: 242148
	30  -  MemoryUsage of job (MB)
	30240  -  ResidentSetSize of job (KB)
...
006 (1673183.012.000) 12/24 23:08:40 Image size of job updated: 242980
	30  -  MemoryUsage of job (MB)
	30280  -  ResidentSetSize of job (KB)
...
006 (1673183.012.000) 12/24 23:28:42 Image size of job updated: 242980
	30  -  MemoryUsage of job (MB)
	30296  -  ResidentSetSize of job (KB)
...
006 (1673183.012.000) 12/24 23:43:43 Image size of job updated: 242980
	30  -  MemoryUsage of job (MB)
	30332  -  ResidentSetSize of job (KB)
...
005 (1673183.012.000) 12/25 02:18:25 Job terminated.
	(1) Normal termination (return value 0)
		Usr 0 03:28:51, Sys 0 00:00:04  -  Run Remote Usage
		Usr 0 00:00:00, Sys 0 00:00:00  -  Run Local Usage
		Usr 0 03:28:51, Sys 0 00:00:04  -  Total Remote Usage
		Usr 0 00:00:00, Sys 0 00:00:00  -  Total Local Usage
	0  -  Run Bytes Sent By Job
	0  -  Run Bytes Received By Job
	0  -  Total Bytes Sent By Job
	0  -  Total Bytes Received By Job
	Partitionable Resources :    Usage  Request Allocated
	   Cpus                 :                 1         1
	   Disk (KB)            :        1        1  18595965
	   Memory (MB)          :       30        1      2676
...
000 (1673184.012.000) 12/25 08:28:15 Job submitted from host: <172.16.2.141:36601>
...
001 (1673184.012.000) 12/25 08:28:19 Job executing on host: <172.16.2.141:56348>
...
006 (1673184.012.000) 12/25 08:28:28 Image size of job updated: 95656
	3  -  MemoryUsage of job (MB)
	2108  -  ResidentSetSize of job (KB)
...
006 (1673184.012.000) 12/25 08:33:29 Image size of job updated: 239416
	24  -  MemoryUsage of job (MB)
	24228  -  ResidentSetSize of job (KB)
...
006 (1673184.012.000) 12/25 08:48:30 Image size of job updated: 240248
	24  -  MemoryUsage of job (MB)
	24272  -  ResidentSetSize of job (KB)
...
006 (1673184.012.000) 12/25 09:08:31 Image size of job updated: 240248
	24  -  MemoryUsage of job (MB)
	24284  -  ResidentSetSize of job (KB)
...
006 (1673184.012.000) 12/25 09:24:42 Image size of job updated: 919112
	24  -  MemoryUsage of job (MB)
	24284  -  ResidentSetSize of job (KB)
...
005 (1673184.012.000) 12/25 09:24:42 Job terminated.
	(1) Normal termination (return value 139)
		Usr 0 00:56:02, Sys 0 00:00:02  -  Run Remote Usage
		Usr 0 00:00:00, Sys 0 00:00:00  -  Run Local Usage
		Usr 0 00:56:02, Sys 0 00:00:02  -  Total Remote Usage
		Usr 0 00:00:00, Sys 0 00:00:00  -  Total Local Usage
	0  -  Run Bytes Sent By Job
	0  -  Run Bytes Received By Job
	0  -  Total Bytes Sent By Job
	0  -  Total Bytes Received By Job
	Partitionable Resources :    Usage  Request Allocated
	   Cpus                 :                 1         1
	   Disk (KB)            :        1        1  18595860
	   Memory (MB)          :       24        1      2676
...
000 (1673186.012.000) 12/25 09:26:50 Job submitted from host: <172.16.2.141:36601>
...
001 (1673186.012.000) 12/25 09:26:59 Job executing on host: <172.16.2.141:56348>
...
006 (1673186.012.000) 12/25 09:27:08 Image size of job updated: 239420
	25  -  MemoryUsage of job (MB)
	25304  -  ResidentSetSize of job (KB)
...
006 (1673186.012.000) 12/25 09:32:09 Image size of job updated: 239420
	25  -  MemoryUsage of job (MB)
	25332  -  ResidentSetSize of job (KB)
...
006 (1673186.012.000) 12/25 09:47:11 Image size of job updated: 240252
	25  -  MemoryUsage of job (MB)
	25376  -  ResidentSetSize of job (KB)
...
006 (1673186.012.000) 12/25 10:07:13 Image size of job updated: 240252
	25  -  MemoryUsage of job (MB)
	25388  -  ResidentSetSize of job (KB)
...
005 (1673186.012.000) 12/25 10:23:15 Job terminated.
	(1) Normal termination (return value 139)
		Usr 0 00:56:01, Sys 0 00:00:00  -  Run Remote Usage
		Usr 0 00:00:00, Sys 0 00:00:00  -  Run Local Usage
		Usr 0 00:56:01, Sys 0 00:00:00  -  Total Remote Usage
		Usr 0 00:00:00, Sys 0 00:00:00  -  Total Local Usage
	0  -  Run Bytes Sent By Job
	0  -  Run Bytes Received By Job
	0  -  Total Bytes Sent By Job
	0  -  Total Bytes Received By Job
	Partitionable Resources :    Usage  Request Allocated
	   Cpus                 :                 1         1
	   Disk (KB)            :        1        1  18595807
	   Memory (MB)          :       25        1      2676
...
000 (1673187.012.000) 12/25 10:36:20 Job submitted from host: <172.16.2.141:36601>
...
001 (1673187.012.000) 12/25 10:36:22 Job executing on host: <172.16.2.141:56348>
...
006 (1673187.012.000) 12/25 10:36:31 Image size of job updated: 95656
	3  -  MemoryUsage of job (MB)
	2108  -  ResidentSetSize of job (KB)
...
006 (1673187.012.000) 12/25 10:41:31 Image size of job updated: 239416
	25  -  MemoryUsage of job (MB)
	25272  -  ResidentSetSize of job (KB)
...
006 (1673187.012.000) 12/25 10:56:33 Image size of job updated: 240248
	25  -  MemoryUsage of job (MB)
	25316  -  ResidentSetSize of job (KB)
...
006 (1673187.012.000) 12/25 11:16:34 Image size of job updated: 240248
	25  -  MemoryUsage of job (MB)
	25328  -  ResidentSetSize of job (KB)
...
005 (1673187.012.000) 12/25 11:32:31 Job terminated.
	(1) Normal termination (return value 139)
		Usr 0 00:55:53, Sys 0 00:00:00  -  Run Remote Usage
		Usr 0 00:00:00, Sys 0 00:00:00  -  Run Local Usage
		Usr 0 00:55:53, Sys 0 00:00:00  -  Total Remote Usage
		Usr 0 00:00:00, Sys 0 00:00:00  -  Total Local Usage
	0  -  Run Bytes Sent By Job
	0  -  Run Bytes Received By Job
	0  -  Total Bytes Sent By Job
	0  -  Total Bytes Received By Job
	Partitionable Resources :    Usage  Request Allocated
	   Cpus                 :                 1         1
	   Disk (KB)            :        1        1  18595803
	   Memory (MB)          :       25        1      2676
...
000 (1673188.012.000) 12/25 11:42:39 Job submitted from host: <172.16.2.141:36601>
...
001 (1673188.012.000) 12/25 11:42:44 Job executing on host: <172.16.2.141:56348>
...
006 (1673188.012.000) 12/25 11:42:47 Image size of job updated: 242148
	0  -  MemoryUsage of job (MB)
	0  -  ResidentSetSize of job (KB)
...
004 (1673188.012.000) 12/25 11:42:47 Job was evicted.
	(0) Job was not checkpointed.
		Usr 0 00:00:02, Sys 0 00:00:00  -  Run Remote Usage
		Usr 0 00:00:00, Sys 0 00:00:00  -  Run Local Usage
	0  -  Run Bytes Sent By Job
	0  -  Run Bytes Received By Job
	Partitionable Resources :    Usage  Request Allocated
	   Cpus                 :                 1         1
	   Disk (KB)            :        1        1  18595866
	   Memory (MB)          :        0        1      2676
...
009 (1673188.012.000) 12/25 11:42:48 Job was aborted by the user.
	via condor_rm (by user zhangliang)
...
000 (1673189.012.000) 12/25 11:44:21 Job submitted from host: <172.16.2.141:36601>
...
001 (1673189.012.000) 12/25 11:44:24 Job executing on host: <172.16.2.141:56348>
...
006 (1673189.012.000) 12/25 11:44:33 Image size of job updated: 95656
	3  -  MemoryUsage of job (MB)
	2108  -  ResidentSetSize of job (KB)
...
006 (1673189.012.000) 12/25 11:49:34 Image size of job updated: 242152
	28  -  MemoryUsage of job (MB)
	28572  -  ResidentSetSize of job (KB)
...
006 (1673189.012.000) 12/25 12:04:35 Image size of job updated: 242984
	28  -  MemoryUsage of job (MB)
	28608  -  ResidentSetSize of job (KB)
...
006 (1673189.012.000) 12/25 12:24:37 Image size of job updated: 242984
	28  -  MemoryUsage of job (MB)
	28624  -  ResidentSetSize of job (KB)
...
006 (1673189.012.000) 12/25 12:44:39 Image size of job updated: 242984
	29  -  MemoryUsage of job (MB)
	28684  -  ResidentSetSize of job (KB)
...
006 (1673189.012.000) 12/25 12:54:40 Image size of job updated: 242984
	29  -  MemoryUsage of job (MB)
	28688  -  ResidentSetSize of job (KB)
...
005 (1673189.012.000) 12/25 15:14:09 Job terminated.
	(1) Normal termination (return value 0)
		Usr 0 03:29:15, Sys 0 00:00:00  -  Run Remote Usage
		Usr 0 00:00:00, Sys 0 00:00:00  -  Run Local Usage
		Usr 0 03:29:15, Sys 0 00:00:00  -  Total Remote Usage
		Usr 0 00:00:00, Sys 0 00:00:00  -  Total Local Usage
	0  -  Run Bytes Sent By Job
	0  -  Run Bytes Received By Job
	0  -  Total Bytes Sent By Job
	0  -  Total Bytes Received By Job
	Partitionable Resources :    Usage  Request Allocated
	   Cpus                 :                 1         1
	   Disk (KB)            :        1        1  18595857
	   Memory (MB)          :       29        1      2676
...
000 (1673192.012.000) 12/26 00:07:14 Job submitted from host: <172.16.2.141:36601>
...
001 (1673192.012.000) 12/26 00:07:28 Job executing on host: <172.16.2.141:56348>
...
006 (1673192.012.000) 12/26 00:07:30 Image size of job updated: 136072
	0  -  MemoryUsage of job (MB)
	0  -  ResidentSetSize of job (KB)
...
004 (1673192.012.000) 12/26 00:07:30 Job was evicted.
	(0) Job was not checkpointed.
		Usr 0 00:00:00, Sys 0 00:00:00  -  Run Remote Usage
		Usr 0 00:00:00, Sys 0 00:00:00  -  Run Local Usage
	0  -  Run Bytes Sent By Job
	0  -  Run Bytes Received By Job
	Partitionable Resources :    Usage  Request Allocated
	   Cpus                 :                 1         1
	   Disk (KB)            :        1        1  18595732
	   Memory (MB)          :        0        1      2676
...
009 (1673192.012.000) 12/26 00:07:32 Job was aborted by the user.
	via condor_rm (by user zhangliang)
...
000 (1673193.012.000) 12/26 00:07:59 Job submitted from host: <172.16.2.141:36601>
...
001 (1673193.012.000) 12/26 00:08:02 Job executing on host: <172.16.2.141:56348>
...
006 (1673193.012.000) 12/26 00:08:11 Image size of job updated: 95656
	3  -  MemoryUsage of job (MB)
	2108  -  ResidentSetSize of job (KB)
...
006 (1673193.012.000) 12/26 00:13:11 Image size of job updated: 242156
	29  -  MemoryUsage of job (MB)
	28892  -  ResidentSetSize of job (KB)
...
006 (1673193.012.000) 12/26 00:28:12 Image size of job updated: 243024
	29  -  MemoryUsage of job (MB)
	28928  -  ResidentSetSize of job (KB)
...
006 (1673193.012.000) 12/26 00:48:15 Image size of job updated: 243024
	29  -  MemoryUsage of job (MB)
	28944  -  ResidentSetSize of job (KB)
...
006 (1673193.012.000) 12/26 01:08:17 Image size of job updated: 243024
	29  -  MemoryUsage of job (MB)
	29008  -  ResidentSetSize of job (KB)
...
006 (1673193.012.000) 12/26 01:13:17 Image size of job updated: 243024
	29  -  MemoryUsage of job (MB)
	29012  -  ResidentSetSize of job (KB)
...
