000 (1673162.018.000) 12/23 13:43:08 Job submitted from host: <172.16.2.141:36601>
...
001 (1673162.018.000) 12/23 13:43:12 Job executing on host: <172.16.2.151:35010>
...
006 (1673162.018.000) 12/23 13:43:20 Image size of job updated: 256048
	29  -  MemoryUsage of job (MB)
	29492  -  ResidentSetSize of job (KB)
...
006 (1673162.018.000) 12/23 13:48:21 Image size of job updated: 256048
	32  -  MemoryUsage of job (MB)
	31860  -  ResidentSetSize of job (KB)
...
006 (1673162.018.000) 12/23 14:08:23 Image size of job updated: 256832
	32  -  MemoryUsage of job (MB)
	31884  -  ResidentSetSize of job (KB)
...
006 (1673162.018.000) 12/23 14:48:27 Image size of job updated: 256832
	32  -  MemoryUsage of job (MB)
	31900  -  ResidentSetSize of job (KB)
...
005 (1673162.018.000) 12/23 14:54:04 Job terminated.
	(1) Normal termination (return value 0)
		Usr 0 01:06:09, Sys 0 00:00:00  -  Run Remote Usage
		Usr 0 00:00:00, Sys 0 00:00:00  -  Run Local Usage
		Usr 0 01:06:09, Sys 0 00:00:00  -  Total Remote Usage
		Usr 0 00:00:00, Sys 0 00:00:00  -  Total Local Usage
	0  -  Run Bytes Sent By Job
	0  -  Run Bytes Received By Job
	0  -  Total Bytes Sent By Job
	0  -  Total Bytes Received By Job
	Partitionable Resources :    Usage  Request Allocated
	   Cpus                 :                 1         1
	   Disk (KB)            :        1        1   1084964
	   Memory (MB)          :       32        1     12107
...
000 (1673169.018.000) 12/23 21:09:13 Job submitted from host: <172.16.2.141:36601>
...
001 (1673169.018.000) 12/23 21:09:25 Job executing on host: <172.16.2.151:35010>
...
006 (1673169.018.000) 12/23 21:09:33 Image size of job updated: 95680
	3  -  MemoryUsage of job (MB)
	2104  -  ResidentSetSize of job (KB)
...
006 (1673169.018.000) 12/23 21:14:33 Image size of job updated: 256020
	30  -  MemoryUsage of job (MB)
	30280  -  ResidentSetSize of job (KB)
...
006 (1673169.018.000) 12/23 21:29:35 Image size of job updated: 256848
	30  -  MemoryUsage of job (MB)
	30304  -  ResidentSetSize of job (KB)
...
005 (1673169.018.000) 12/23 22:07:00 Job terminated.
	(1) Normal termination (return value 0)
		Usr 0 00:57:31, Sys 0 00:00:00  -  Run Remote Usage
		Usr 0 00:00:00, Sys 0 00:00:00  -  Run Local Usage
		Usr 0 00:57:31, Sys 0 00:00:00  -  Total Remote Usage
		Usr 0 00:00:00, Sys 0 00:00:00  -  Total Local Usage
	0  -  Run Bytes Sent By Job
	0  -  Run Bytes Received By Job
	0  -  Total Bytes Sent By Job
	0  -  Total Bytes Received By Job
	Partitionable Resources :    Usage  Request Allocated
	   Cpus                 :                 1         1
	   Disk (KB)            :        1        1   1084978
	   Memory (MB)          :       30        1     12107
...
000 (1673171.018.000) 12/23 23:27:09 Job submitted from host: <172.16.2.141:36601>
...
001 (1673171.018.000) 12/23 23:27:25 Job executing on host: <172.16.2.151:35010>
...
006 (1673171.018.000) 12/23 23:27:34 Image size of job updated: 95680
	3  -  MemoryUsage of job (MB)
	2108  -  ResidentSetSize of job (KB)
...
006 (1673171.018.000) 12/23 23:32:34 Image size of job updated: 256012
	29  -  MemoryUsage of job (MB)
	29500  -  ResidentSetSize of job (KB)
...
006 (1673171.018.000) 12/23 23:37:34 Image size of job updated: 256012
	31  -  MemoryUsage of job (MB)
	31540  -  ResidentSetSize of job (KB)
...
006 (1673171.018.000) 12/23 23:47:36 Image size of job updated: 256840
	31  -  MemoryUsage of job (MB)
	31564  -  ResidentSetSize of job (KB)
...
006 (1673171.018.000) 12/23 23:52:36 Image size of job updated: 256840
	32  -  MemoryUsage of job (MB)
	32024  -  ResidentSetSize of job (KB)
...
006 (1673171.018.000) 12/24 00:27:40 Image size of job updated: 256840
	32  -  MemoryUsage of job (MB)
	32044  -  ResidentSetSize of job (KB)
...
005 (1673171.018.000) 12/24 03:02:04 Job terminated.
	(1) Normal termination (return value 0)
		Usr 0 03:32:34, Sys 0 00:00:00  -  Run Remote Usage
		Usr 0 00:00:00, Sys 0 00:00:00  -  Run Local Usage
		Usr 0 03:32:34, Sys 0 00:00:00  -  Total Remote Usage
		Usr 0 00:00:00, Sys 0 00:00:00  -  Total Local Usage
	0  -  Run Bytes Sent By Job
	0  -  Run Bytes Received By Job
	0  -  Total Bytes Sent By Job
	0  -  Total Bytes Received By Job
	Partitionable Resources :    Usage  Request Allocated
	   Cpus                 :                 1         1
	   Disk (KB)            :        1        1   1084975
	   Memory (MB)          :       32        1     12107
...
000 (1673183.018.000) 12/24 22:48:09 Job submitted from host: <172.16.2.141:36601>
...
001 (1673183.018.000) 12/24 22:48:28 Job executing on host: <172.16.2.141:56348>
...
006 (1673183.018.000) 12/24 22:48:37 Image size of job updated: 95656
	3  -  MemoryUsage of job (MB)
	2104  -  ResidentSetSize of job (KB)
...
006 (1673183.018.000) 12/24 22:53:38 Image size of job updated: 242148
	30  -  MemoryUsage of job (MB)
	30112  -  ResidentSetSize of job (KB)
...
006 (1673183.018.000) 12/24 23:08:40 Image size of job updated: 242980
	30  -  MemoryUsage of job (MB)
	30152  -  ResidentSetSize of job (KB)
...
006 (1673183.018.000) 12/24 23:28:42 Image size of job updated: 242980
	30  -  MemoryUsage of job (MB)
	30168  -  ResidentSetSize of job (KB)
...
006 (1673183.018.000) 12/24 23:43:43 Image size of job updated: 242980
	30  -  MemoryUsage of job (MB)
	30204  -  ResidentSetSize of job (KB)
...
005 (1673183.018.000) 12/25 02:20:49 Job terminated.
	(1) Normal termination (return value 0)
		Usr 0 03:31:04, Sys 0 00:00:04  -  Run Remote Usage
		Usr 0 00:00:00, Sys 0 00:00:00  -  Run Local Usage
		Usr 0 03:31:04, Sys 0 00:00:04  -  Total Remote Usage
		Usr 0 00:00:00, Sys 0 00:00:00  -  Total Local Usage
	0  -  Run Bytes Sent By Job
	0  -  Run Bytes Received By Job
	0  -  Total Bytes Sent By Job
	0  -  Total Bytes Received By Job
	Partitionable Resources :    Usage  Request Allocated
	   Cpus                 :                 1         1
	   Disk (KB)            :        1        1  18595965
	   Memory (MB)          :       30        1      2676
...
000 (1673184.018.000) 12/25 08:28:15 Job submitted from host: <172.16.2.141:36601>
...
001 (1673184.018.000) 12/25 08:28:19 Job executing on host: <172.16.2.141:56348>
...
006 (1673184.018.000) 12/25 08:28:28 Image size of job updated: 95656
	3  -  MemoryUsage of job (MB)
	2104  -  ResidentSetSize of job (KB)
...
006 (1673184.018.000) 12/25 08:33:29 Image size of job updated: 239412
	25  -  MemoryUsage of job (MB)
	25212  -  ResidentSetSize of job (KB)
...
006 (1673184.018.000) 12/25 08:48:30 Image size of job updated: 240244
	25  -  MemoryUsage of job (MB)
	25256  -  ResidentSetSize of job (KB)
...
006 (1673184.018.000) 12/25 09:08:32 Image size of job updated: 240244
	25  -  MemoryUsage of job (MB)
	25268  -  ResidentSetSize of job (KB)
...
006 (1673184.018.000) 12/25 09:24:36 Image size of job updated: 913340
	25  -  MemoryUsage of job (MB)
	25268  -  ResidentSetSize of job (KB)
...
005 (1673184.018.000) 12/25 09:24:36 Job terminated.
	(1) Normal termination (return value 139)
		Usr 0 00:56:05, Sys 0 00:00:01  -  Run Remote Usage
		Usr 0 00:00:00, Sys 0 00:00:00  -  Run Local Usage
		Usr 0 00:56:05, Sys 0 00:00:01  -  Total Remote Usage
		Usr 0 00:00:00, Sys 0 00:00:00  -  Total Local Usage
	0  -  Run Bytes Sent By Job
	0  -  Run Bytes Received By Job
	0  -  Total Bytes Sent By Job
	0  -  Total Bytes Received By Job
	Partitionable Resources :    Usage  Request Allocated
	   Cpus                 :                 1         1
	   Disk (KB)            :        1        1  18595860
	   Memory (MB)          :       25        1      2676
...
000 (1673186.018.000) 12/25 09:26:50 Job submitted from host: <172.16.2.141:36601>
...
001 (1673186.018.000) 12/25 09:27:01 Job executing on host: <172.16.2.141:56348>
...
006 (1673186.018.000) 12/25 09:27:10 Image size of job updated: 239412
	25  -  MemoryUsage of job (MB)
	25296  -  ResidentSetSize of job (KB)
...
006 (1673186.018.000) 12/25 09:32:11 Image size of job updated: 239412
	25  -  MemoryUsage of job (MB)
	25328  -  ResidentSetSize of job (KB)
...
006 (1673186.018.000) 12/25 09:47:13 Image size of job updated: 240244
	25  -  MemoryUsage of job (MB)
	25372  -  ResidentSetSize of job (KB)
...
006 (1673186.018.000) 12/25 10:07:15 Image size of job updated: 240244
	25  -  MemoryUsage of job (MB)
	25384  -  ResidentSetSize of job (KB)
...
006 (1673186.018.000) 12/25 10:23:36 Image size of job updated: 907964
	25  -  MemoryUsage of job (MB)
	25384  -  ResidentSetSize of job (KB)
...
005 (1673186.018.000) 12/25 10:23:36 Job terminated.
	(1) Normal termination (return value 139)
		Usr 0 00:56:16, Sys 0 00:00:00  -  Run Remote Usage
		Usr 0 00:00:00, Sys 0 00:00:00  -  Run Local Usage
		Usr 0 00:56:16, Sys 0 00:00:00  -  Total Remote Usage
		Usr 0 00:00:00, Sys 0 00:00:00  -  Total Local Usage
	0  -  Run Bytes Sent By Job
	0  -  Run Bytes Received By Job
	0  -  Total Bytes Sent By Job
	0  -  Total Bytes Received By Job
	Partitionable Resources :    Usage  Request Allocated
	   Cpus                 :                 1         1
	   Disk (KB)            :        1        1  18595807
	   Memory (MB)          :       25        1      2676
...
000 (1673187.018.000) 12/25 10:36:20 Job submitted from host: <172.16.2.141:36601>
...
001 (1673187.018.000) 12/25 10:36:22 Job executing on host: <172.16.2.141:56348>
...
006 (1673187.018.000) 12/25 10:36:31 Image size of job updated: 95656
	3  -  MemoryUsage of job (MB)
	2104  -  ResidentSetSize of job (KB)
...
006 (1673187.018.000) 12/25 10:41:31 Image size of job updated: 239420
	25  -  MemoryUsage of job (MB)
	25268  -  ResidentSetSize of job (KB)
...
006 (1673187.018.000) 12/25 10:56:33 Image size of job updated: 240252
	25  -  MemoryUsage of job (MB)
	25312  -  ResidentSetSize of job (KB)
...
006 (1673187.018.000) 12/25 11:16:34 Image size of job updated: 240252
	25  -  MemoryUsage of job (MB)
	25324  -  ResidentSetSize of job (KB)
...
006 (1673187.018.000) 12/25 11:32:51 Image size of job updated: 903224
	25  -  MemoryUsage of job (MB)
	25324  -  ResidentSetSize of job (KB)
...
005 (1673187.018.000) 12/25 11:32:51 Job terminated.
	(1) Normal termination (return value 139)
		Usr 0 00:56:24, Sys 0 00:00:00  -  Run Remote Usage
		Usr 0 00:00:00, Sys 0 00:00:00  -  Run Local Usage
		Usr 0 00:56:24, Sys 0 00:00:00  -  Total Remote Usage
		Usr 0 00:00:00, Sys 0 00:00:00  -  Total Local Usage
	0  -  Run Bytes Sent By Job
	0  -  Run Bytes Received By Job
	0  -  Total Bytes Sent By Job
	0  -  Total Bytes Received By Job
	Partitionable Resources :    Usage  Request Allocated
	   Cpus                 :                 1         1
	   Disk (KB)            :        1        1  18595803
	   Memory (MB)          :       25        1      2676
...
000 (1673188.018.000) 12/25 11:42:39 Job submitted from host: <172.16.2.141:36601>
...
001 (1673188.018.000) 12/25 11:42:43 Job executing on host: <172.16.2.151:35010>
...
006 (1673188.018.000) 12/25 11:42:47 Image size of job updated: 256568
	0  -  MemoryUsage of job (MB)
	0  -  ResidentSetSize of job (KB)
...
004 (1673188.018.000) 12/25 11:42:47 Job was evicted.
	(0) Job was not checkpointed.
		Usr 0 00:00:03, Sys 0 00:00:00  -  Run Remote Usage
		Usr 0 00:00:00, Sys 0 00:00:00  -  Run Local Usage
	0  -  Run Bytes Sent By Job
	0  -  Run Bytes Received By Job
	Partitionable Resources :    Usage  Request Allocated
	   Cpus                 :                 1         1
	   Disk (KB)            :        1        1   1084929
	   Memory (MB)          :        0        1     12107
...
009 (1673188.018.000) 12/25 11:42:47 Job was aborted by the user.
	via condor_rm (by user zhangliang)
...
000 (1673189.018.000) 12/25 11:44:21 Job submitted from host: <172.16.2.141:36601>
...
001 (1673189.018.000) 12/25 11:44:24 Job executing on host: <172.16.2.141:56348>
...
006 (1673189.018.000) 12/25 11:44:33 Image size of job updated: 95656
	3  -  MemoryUsage of job (MB)
	2108  -  ResidentSetSize of job (KB)
...
006 (1673189.018.000) 12/25 11:49:34 Image size of job updated: 242156
	30  -  MemoryUsage of job (MB)
	29920  -  ResidentSetSize of job (KB)
...
006 (1673189.018.000) 12/25 12:04:35 Image size of job updated: 242988
	30  -  MemoryUsage of job (MB)
	29956  -  ResidentSetSize of job (KB)
...
006 (1673189.018.000) 12/25 12:19:36 Image size of job updated: 242988
	30  -  MemoryUsage of job (MB)
	30520  -  ResidentSetSize of job (KB)
...
006 (1673189.018.000) 12/25 12:24:37 Image size of job updated: 242988
	30  -  MemoryUsage of job (MB)
	30524  -  ResidentSetSize of job (KB)
...
006 (1673189.018.000) 12/25 12:44:39 Image size of job updated: 242988
	30  -  MemoryUsage of job (MB)
	30580  -  ResidentSetSize of job (KB)
...
006 (1673189.018.000) 12/25 13:44:46 Image size of job updated: 242988
	30  -  MemoryUsage of job (MB)
	30584  -  ResidentSetSize of job (KB)
...
005 (1673189.018.000) 12/25 15:16:35 Job terminated.
	(1) Normal termination (return value 0)
		Usr 0 03:30:38, Sys 0 00:00:01  -  Run Remote Usage
		Usr 0 00:00:00, Sys 0 00:00:00  -  Run Local Usage
		Usr 0 03:30:38, Sys 0 00:00:01  -  Total Remote Usage
		Usr 0 00:00:00, Sys 0 00:00:00  -  Total Local Usage
	0  -  Run Bytes Sent By Job
	0  -  Run Bytes Received By Job
	0  -  Total Bytes Sent By Job
	0  -  Total Bytes Received By Job
	Partitionable Resources :    Usage  Request Allocated
	   Cpus                 :                 1         1
	   Disk (KB)            :        1        1  18595865
	   Memory (MB)          :       30        1      2676
...
000 (1673192.018.000) 12/26 00:07:14 Job submitted from host: <172.16.2.141:36601>
...
001 (1673192.018.000) 12/26 00:07:28 Job executing on host: <172.16.2.141:56348>
...
006 (1673192.018.000) 12/26 00:07:30 Image size of job updated: 136064
	0  -  MemoryUsage of job (MB)
	0  -  ResidentSetSize of job (KB)
...
004 (1673192.018.000) 12/26 00:07:30 Job was evicted.
	(0) Job was not checkpointed.
		Usr 0 00:00:00, Sys 0 00:00:00  -  Run Remote Usage
		Usr 0 00:00:00, Sys 0 00:00:00  -  Run Local Usage
	0  -  Run Bytes Sent By Job
	0  -  Run Bytes Received By Job
	Partitionable Resources :    Usage  Request Allocated
	   Cpus                 :                 1         1
	   Disk (KB)            :        1        1  18595732
	   Memory (MB)          :        0        1      2676
...
009 (1673192.018.000) 12/26 00:07:32 Job was aborted by the user.
	via condor_rm (by user zhangliang)
...
000 (1673193.018.000) 12/26 00:07:59 Job submitted from host: <172.16.2.141:36601>
...
001 (1673193.018.000) 12/26 00:08:02 Job executing on host: <172.16.2.141:56348>
...
006 (1673193.018.000) 12/26 00:08:11 Image size of job updated: 95656
	3  -  MemoryUsage of job (MB)
	2104  -  ResidentSetSize of job (KB)
...
006 (1673193.018.000) 12/26 00:13:11 Image size of job updated: 242156
	30  -  MemoryUsage of job (MB)
	29964  -  ResidentSetSize of job (KB)
...
006 (1673193.018.000) 12/26 00:18:12 Image size of job updated: 242156
	30  -  MemoryUsage of job (MB)
	30312  -  ResidentSetSize of job (KB)
...
006 (1673193.018.000) 12/26 00:28:12 Image size of job updated: 243024
	30  -  MemoryUsage of job (MB)
	30336  -  ResidentSetSize of job (KB)
...
006 (1673193.018.000) 12/26 00:48:15 Image size of job updated: 243024
	30  -  MemoryUsage of job (MB)
	30352  -  ResidentSetSize of job (KB)
...
006 (1673193.018.000) 12/26 01:08:17 Image size of job updated: 243024
	30  -  MemoryUsage of job (MB)
	30416  -  ResidentSetSize of job (KB)
...
006 (1673193.018.000) 12/26 01:13:17 Image size of job updated: 243024
	30  -  MemoryUsage of job (MB)
	30420  -  ResidentSetSize of job (KB)
...
