000 (28203.020.000) 12/31 10:12:06 Job submitted from host: <172.16.11.200:9618?addrs=172.16.11.200-9618&noUDP&sock=14877_46f2_4>
...
001 (28203.020.000) 12/31 10:12:14 Job executing on host: <172.16.11.233:9618?addrs=172.16.11.233-9618&alias=pc-farm3&noUDP&sock=startd_4556_edfa>
...
006 (28203.020.000) 12/31 10:12:23 Image size of job updated: 40180
	40  -  MemoryUsage of job (MB)
	40180  -  ResidentSetSize of job (KB)
...
006 (28203.020.000) 12/31 10:32:25 Image size of job updated: 40300
	40  -  MemoryUsage of job (MB)
	40300  -  ResidentSetSize of job (KB)
...
006 (28203.020.000) 12/31 10:42:26 Image size of job updated: 40380
	40  -  MemoryUsage of job (MB)
	40380  -  ResidentSetSize of job (KB)
...
006 (28203.020.000) 12/31 10:47:26 Image size of job updated: 40468
	40  -  MemoryUsage of job (MB)
	40468  -  ResidentSetSize of job (KB)
...
006 (28203.020.000) 12/31 10:57:28 Image size of job updated: 40556
	40  -  MemoryUsage of job (MB)
	40556  -  ResidentSetSize of job (KB)
...
006 (28203.020.000) 12/31 11:02:28 Image size of job updated: 40644
	40  -  MemoryUsage of job (MB)
	40644  -  ResidentSetSize of job (KB)
...
006 (28203.020.000) 12/31 11:07:29 Image size of job updated: 40732
	40  -  MemoryUsage of job (MB)
	40732  -  ResidentSetSize of job (KB)
...
006 (28203.020.000) 12/31 11:12:30 Image size of job updated: 40848
	40  -  MemoryUsage of job (MB)
	40848  -  ResidentSetSize of job (KB)
...
006 (28203.020.000) 12/31 11:22:30 Image size of job updated: 40884
	40  -  MemoryUsage of job (MB)
	40884  -  ResidentSetSize of job (KB)
...
006 (28203.020.000) 12/31 11:27:31 Image size of job updated: 41116
	41  -  MemoryUsage of job (MB)
	41116  -  ResidentSetSize of job (KB)
...
006 (28203.020.000) 12/31 11:32:31 Image size of job updated: 41200
	41  -  MemoryUsage of job (MB)
	41200  -  ResidentSetSize of job (KB)
...
006 (28203.020.000) 12/31 11:42:32 Image size of job updated: 41484
	41  -  MemoryUsage of job (MB)
	41484  -  ResidentSetSize of job (KB)
...
006 (28203.020.000) 12/31 11:52:33 Image size of job updated: 41676
	41  -  MemoryUsage of job (MB)
	41676  -  ResidentSetSize of job (KB)
...
006 (28203.020.000) 12/31 12:07:34 Image size of job updated: 41700
	41  -  MemoryUsage of job (MB)
	41700  -  ResidentSetSize of job (KB)
...
006 (28203.020.000) 12/31 12:17:35 Image size of job updated: 42012
	42  -  MemoryUsage of job (MB)
	42012  -  ResidentSetSize of job (KB)
...
006 (28203.020.000) 12/31 12:32:37 Image size of job updated: 42288
	42  -  MemoryUsage of job (MB)
	42288  -  ResidentSetSize of job (KB)
...
005 (28203.020.000) 12/31 12:36:23 Job terminated.
	(1) Normal termination (return value 0)
		Usr 0 02:20:11, Sys 0 00:00:04  -  Run Remote Usage
		Usr 0 00:00:00, Sys 0 00:00:00  -  Run Local Usage
		Usr 0 02:20:11, Sys 0 00:00:04  -  Total Remote Usage
		Usr 0 00:00:00, Sys 0 00:00:00  -  Total Local Usage
	0  -  Run Bytes Sent By Job
	0  -  Run Bytes Received By Job
	0  -  Total Bytes Sent By Job
	0  -  Total Bytes Received By Job
	Partitionable Resources :    Usage  Request Allocated 
	   Cpus                 :     0.97        1         1 
	   Disk (KB)            :     1           1    254050 
	   Memory (MB)          :    42           1      1005 
...
000 (28206.020.000) 12/31 14:09:35 Job submitted from host: <172.16.11.200:9618?addrs=172.16.11.200-9618&noUDP&sock=14877_46f2_4>
...
001 (28206.020.000) 12/31 14:16:36 Job executing on host: <172.16.11.231:9618?addrs=172.16.11.231-9618&noUDP&sock=startd_22895_f54e_4>
...
006 (28206.020.000) 12/31 14:16:44 Image size of job updated: 35044
	35  -  MemoryUsage of job (MB)
	35044  -  ResidentSetSize of job (KB)
...
006 (28206.020.000) 01/01 01:27:50 Image size of job updated: 35148
	35  -  MemoryUsage of job (MB)
	35148  -  ResidentSetSize of job (KB)
...
005 (28206.020.000) 01/01 12:37:13 Job terminated.
	(1) Normal termination (return value 0)
		Usr 0 22:20:22, Sys 0 00:00:01  -  Run Remote Usage
		Usr 0 00:00:00, Sys 0 00:00:00  -  Run Local Usage
		Usr 0 22:20:22, Sys 0 00:00:01  -  Total Remote Usage
		Usr 0 00:00:00, Sys 0 00:00:00  -  Total Local Usage
	0  -  Run Bytes Sent By Job
	0  -  Run Bytes Received By Job
	0  -  Total Bytes Sent By Job
	0  -  Total Bytes Received By Job
	Partitionable Resources :    Usage  Request Allocated 
	   Cpus                 :     1.00        1         1 
	   Disk (KB)            :     1           1    241059 
	   Memory (MB)          :    35           1      2008 
...
000 (28248.020.000) 01/05 15:45:55 Job submitted from host: <172.16.11.200:9618?addrs=172.16.11.200-9618&noUDP&sock=14877_46f2_4>
...
001 (28248.020.000) 01/05 16:30:39 Job executing on host: <172.16.11.233:9618?addrs=172.16.11.233-9618&alias=pc-farm3&noUDP&sock=startd_4556_edfa>
...
006 (28248.020.000) 01/05 16:30:48 Image size of job updated: 40224
	40  -  MemoryUsage of job (MB)
	40224  -  ResidentSetSize of job (KB)
...
006 (28248.020.000) 01/05 17:10:52 Image size of job updated: 40240
	40  -  MemoryUsage of job (MB)
	40240  -  ResidentSetSize of job (KB)
...
006 (28248.020.000) 01/05 17:15:52 Image size of job updated: 40260
	40  -  MemoryUsage of job (MB)
	40260  -  ResidentSetSize of job (KB)
...
006 (28248.020.000) 01/05 17:20:53 Image size of job updated: 40280
	40  -  MemoryUsage of job (MB)
	40280  -  ResidentSetSize of job (KB)
...
006 (28248.020.000) 01/05 17:25:54 Image size of job updated: 40296
	40  -  MemoryUsage of job (MB)
	40296  -  ResidentSetSize of job (KB)
...
006 (28248.020.000) 01/05 17:30:54 Image size of job updated: 40312
	40  -  MemoryUsage of job (MB)
	40312  -  ResidentSetSize of job (KB)
...
006 (28248.020.000) 01/05 17:35:54 Image size of job updated: 40324
	40  -  MemoryUsage of job (MB)
	40324  -  ResidentSetSize of job (KB)
...
006 (28248.020.000) 01/05 17:40:55 Image size of job updated: 40340
	40  -  MemoryUsage of job (MB)
	40340  -  ResidentSetSize of job (KB)
...
006 (28248.020.000) 01/05 17:45:55 Image size of job updated: 40356
	40  -  MemoryUsage of job (MB)
	40356  -  ResidentSetSize of job (KB)
...
006 (28248.020.000) 01/05 17:50:55 Image size of job updated: 40372
	40  -  MemoryUsage of job (MB)
	40372  -  ResidentSetSize of job (KB)
...
006 (28248.020.000) 01/05 17:55:56 Image size of job updated: 40392
	40  -  MemoryUsage of job (MB)
	40392  -  ResidentSetSize of job (KB)
...
006 (28248.020.000) 01/05 18:00:56 Image size of job updated: 40408
	40  -  MemoryUsage of job (MB)
	40408  -  ResidentSetSize of job (KB)
...
006 (28248.020.000) 01/05 18:05:56 Image size of job updated: 40456
	40  -  MemoryUsage of job (MB)
	40456  -  ResidentSetSize of job (KB)
...
006 (28248.020.000) 01/05 18:10:57 Image size of job updated: 40472
	40  -  MemoryUsage of job (MB)
	40472  -  ResidentSetSize of job (KB)
...
006 (28248.020.000) 01/05 18:15:58 Image size of job updated: 40492
	40  -  MemoryUsage of job (MB)
	40492  -  ResidentSetSize of job (KB)
...
006 (28248.020.000) 01/05 18:20:58 Image size of job updated: 40512
	40  -  MemoryUsage of job (MB)
	40512  -  ResidentSetSize of job (KB)
...
006 (28248.020.000) 01/05 18:25:59 Image size of job updated: 40528
	40  -  MemoryUsage of job (MB)
	40528  -  ResidentSetSize of job (KB)
...
006 (28248.020.000) 01/05 18:31:00 Image size of job updated: 40544
	40  -  MemoryUsage of job (MB)
	40544  -  ResidentSetSize of job (KB)
...
006 (28248.020.000) 01/05 18:36:00 Image size of job updated: 40560
	40  -  MemoryUsage of job (MB)
	40560  -  ResidentSetSize of job (KB)
...
006 (28248.020.000) 01/05 18:41:01 Image size of job updated: 40580
	40  -  MemoryUsage of job (MB)
	40580  -  ResidentSetSize of job (KB)
...
006 (28248.020.000) 01/05 18:46:02 Image size of job updated: 40596
	40  -  MemoryUsage of job (MB)
	40596  -  ResidentSetSize of job (KB)
...
006 (28248.020.000) 01/05 18:51:02 Image size of job updated: 40740
	40  -  MemoryUsage of job (MB)
	40740  -  ResidentSetSize of job (KB)
...
006 (28248.020.000) 01/05 19:06:03 Image size of job updated: 40796
	40  -  MemoryUsage of job (MB)
	40796  -  ResidentSetSize of job (KB)
...
006 (28248.020.000) 01/05 19:11:03 Image size of job updated: 40816
	40  -  MemoryUsage of job (MB)
	40816  -  ResidentSetSize of job (KB)
...
006 (28248.020.000) 01/05 19:41:07 Image size of job updated: 40832
	40  -  MemoryUsage of job (MB)
	40832  -  ResidentSetSize of job (KB)
...
006 (28248.020.000) 01/05 19:46:08 Image size of job updated: 40852
	40  -  MemoryUsage of job (MB)
	40852  -  ResidentSetSize of job (KB)
...
006 (28248.020.000) 01/05 19:51:09 Image size of job updated: 40872
	40  -  MemoryUsage of job (MB)
	40872  -  ResidentSetSize of job (KB)
...
006 (28248.020.000) 01/05 19:56:09 Image size of job updated: 40892
	40  -  MemoryUsage of job (MB)
	40892  -  ResidentSetSize of job (KB)
...
006 (28248.020.000) 01/05 20:01:09 Image size of job updated: 40912
	40  -  MemoryUsage of job (MB)
	40912  -  ResidentSetSize of job (KB)
...
006 (28248.020.000) 01/05 20:06:10 Image size of job updated: 40932
	40  -  MemoryUsage of job (MB)
	40932  -  ResidentSetSize of job (KB)
...
006 (28248.020.000) 01/05 20:11:10 Image size of job updated: 41076
	41  -  MemoryUsage of job (MB)
	41076  -  ResidentSetSize of job (KB)
...
006 (28248.020.000) 01/05 20:16:10 Image size of job updated: 41096
	41  -  MemoryUsage of job (MB)
	41096  -  ResidentSetSize of job (KB)
...
006 (28248.020.000) 01/05 20:31:12 Image size of job updated: 41188
	41  -  MemoryUsage of job (MB)
	41188  -  ResidentSetSize of job (KB)
...
006 (28248.020.000) 01/05 20:56:16 Image size of job updated: 41292
	41  -  MemoryUsage of job (MB)
	41292  -  ResidentSetSize of job (KB)
...
006 (28248.020.000) 01/05 21:26:20 Image size of job updated: 41332
	41  -  MemoryUsage of job (MB)
	41332  -  ResidentSetSize of job (KB)
...
006 (28248.020.000) 01/05 21:31:20 Image size of job updated: 41476
	41  -  MemoryUsage of job (MB)
	41476  -  ResidentSetSize of job (KB)
...
006 (28248.020.000) 01/05 21:46:21 Image size of job updated: 41544
	41  -  MemoryUsage of job (MB)
	41544  -  ResidentSetSize of job (KB)
...
006 (28248.020.000) 01/05 21:51:21 Image size of job updated: 41552
	41  -  MemoryUsage of job (MB)
	41552  -  ResidentSetSize of job (KB)
...
006 (28248.020.000) 01/05 22:01:23 Image size of job updated: 41712
	41  -  MemoryUsage of job (MB)
	41712  -  ResidentSetSize of job (KB)
...
006 (28248.020.000) 01/05 22:06:23 Image size of job updated: 41864
	41  -  MemoryUsage of job (MB)
	41864  -  ResidentSetSize of job (KB)
...
006 (28248.020.000) 01/05 22:11:24 Image size of job updated: 41892
	41  -  MemoryUsage of job (MB)
	41892  -  ResidentSetSize of job (KB)
...
006 (28248.020.000) 01/05 22:16:25 Image size of job updated: 41952
	41  -  MemoryUsage of job (MB)
	41952  -  ResidentSetSize of job (KB)
...
006 (28248.020.000) 01/05 22:26:26 Image size of job updated: 42008
	42  -  MemoryUsage of job (MB)
	42008  -  ResidentSetSize of job (KB)
...
006 (28248.020.000) 01/05 22:46:28 Image size of job updated: 42012
	42  -  MemoryUsage of job (MB)
	42012  -  ResidentSetSize of job (KB)
...
006 (28248.020.000) 01/05 22:51:28 Image size of job updated: 42172
	42  -  MemoryUsage of job (MB)
	42172  -  ResidentSetSize of job (KB)
...
006 (28248.020.000) 01/05 23:06:30 Image size of job updated: 42184
	42  -  MemoryUsage of job (MB)
	42184  -  ResidentSetSize of job (KB)
...
006 (28248.020.000) 01/05 23:36:33 Image size of job updated: 42200
	42  -  MemoryUsage of job (MB)
	42200  -  ResidentSetSize of job (KB)
...
006 (28248.020.000) 01/05 23:41:33 Image size of job updated: 42224
	42  -  MemoryUsage of job (MB)
	42224  -  ResidentSetSize of job (KB)
...
006 (28248.020.000) 01/05 23:46:35 Image size of job updated: 42276
	42  -  MemoryUsage of job (MB)
	42276  -  ResidentSetSize of job (KB)
...
006 (28248.020.000) 01/05 23:51:35 Image size of job updated: 42296
	42  -  MemoryUsage of job (MB)
	42296  -  ResidentSetSize of job (KB)
...
006 (28248.020.000) 01/05 23:56:35 Image size of job updated: 42444
	42  -  MemoryUsage of job (MB)
	42444  -  ResidentSetSize of job (KB)
...
006 (28248.020.000) 01/06 00:16:37 Image size of job updated: 42528
	42  -  MemoryUsage of job (MB)
	42528  -  ResidentSetSize of job (KB)
...
006 (28248.020.000) 01/06 00:41:39 Image size of job updated: 42632
	42  -  MemoryUsage of job (MB)
	42632  -  ResidentSetSize of job (KB)
...
006 (28248.020.000) 01/06 01:06:43 Image size of job updated: 42768
	42  -  MemoryUsage of job (MB)
	42768  -  ResidentSetSize of job (KB)
...
005 (28248.020.000) 01/06 01:08:09 Job terminated.
	(1) Normal termination (return value 0)
		Usr 0 07:56:29, Sys 0 00:00:05  -  Run Remote Usage
		Usr 0 00:00:00, Sys 0 00:00:00  -  Run Local Usage
		Usr 0 07:56:29, Sys 0 00:00:05  -  Total Remote Usage
		Usr 0 00:00:00, Sys 0 00:00:00  -  Total Local Usage
	0  -  Run Bytes Sent By Job
	0  -  Run Bytes Received By Job
	0  -  Total Bytes Sent By Job
	0  -  Total Bytes Received By Job
	Partitionable Resources :    Usage  Request Allocated 
	   Cpus                 :     0.97        1         1 
	   Disk (KB)            :     1           1    254050 
	   Memory (MB)          :    42           1      1005 
...
000 (28271.020.000) 01/06 15:26:51 Job submitted from host: <172.16.11.200:9618?addrs=172.16.11.200-9618&noUDP&sock=14877_46f2_4>
...
009 (28271.020.000) 01/06 15:47:44 Job was aborted by the user.
	via condor_rm (by user zhangliang)
...
