000 (28203.024.000) 12/31 10:12:06 Job submitted from host: <172.16.11.200:9618?addrs=172.16.11.200-9618&noUDP&sock=14877_46f2_4>
...
001 (28203.024.000) 12/31 10:12:17 Job executing on host: <172.16.11.233:9618?addrs=172.16.11.233-9618&alias=pc-farm3&noUDP&sock=startd_4556_edfa>
...
006 (28203.024.000) 12/31 10:12:25 Image size of job updated: 38512
	38  -  MemoryUsage of job (MB)
	38512  -  ResidentSetSize of job (KB)
...
006 (28203.024.000) 12/31 10:32:27 Image size of job updated: 38584
	38  -  MemoryUsage of job (MB)
	38584  -  ResidentSetSize of job (KB)
...
006 (28203.024.000) 12/31 10:37:28 Image size of job updated: 38668
	38  -  MemoryUsage of job (MB)
	38668  -  ResidentSetSize of job (KB)
...
006 (28203.024.000) 12/31 10:42:29 Image size of job updated: 38788
	38  -  MemoryUsage of job (MB)
	38788  -  ResidentSetSize of job (KB)
...
006 (28203.024.000) 12/31 10:47:29 Image size of job updated: 38876
	38  -  MemoryUsage of job (MB)
	38876  -  ResidentSetSize of job (KB)
...
006 (28203.024.000) 12/31 10:52:29 Image size of job updated: 38964
	39  -  MemoryUsage of job (MB)
	38964  -  ResidentSetSize of job (KB)
...
006 (28203.024.000) 12/31 11:02:30 Image size of job updated: 39052
	39  -  MemoryUsage of job (MB)
	39052  -  ResidentSetSize of job (KB)
...
006 (28203.024.000) 12/31 11:07:30 Image size of job updated: 39140
	39  -  MemoryUsage of job (MB)
	39140  -  ResidentSetSize of job (KB)
...
006 (28203.024.000) 12/31 11:12:31 Image size of job updated: 39252
	39  -  MemoryUsage of job (MB)
	39252  -  ResidentSetSize of job (KB)
...
006 (28203.024.000) 12/31 11:22:32 Image size of job updated: 39412
	39  -  MemoryUsage of job (MB)
	39412  -  ResidentSetSize of job (KB)
...
006 (28203.024.000) 12/31 11:32:34 Image size of job updated: 39728
	39  -  MemoryUsage of job (MB)
	39728  -  ResidentSetSize of job (KB)
...
006 (28203.024.000) 12/31 11:37:34 Image size of job updated: 39804
	39  -  MemoryUsage of job (MB)
	39804  -  ResidentSetSize of job (KB)
...
006 (28203.024.000) 12/31 11:47:36 Image size of job updated: 39872
	39  -  MemoryUsage of job (MB)
	39872  -  ResidentSetSize of job (KB)
...
006 (28203.024.000) 12/31 11:52:36 Image size of job updated: 39948
	40  -  MemoryUsage of job (MB)
	39948  -  ResidentSetSize of job (KB)
...
006 (28203.024.000) 12/31 11:57:36 Image size of job updated: 40028
	40  -  MemoryUsage of job (MB)
	40028  -  ResidentSetSize of job (KB)
...
006 (28203.024.000) 12/31 12:07:38 Image size of job updated: 40096
	40  -  MemoryUsage of job (MB)
	40096  -  ResidentSetSize of job (KB)
...
006 (28203.024.000) 12/31 12:12:38 Image size of job updated: 40296
	40  -  MemoryUsage of job (MB)
	40296  -  ResidentSetSize of job (KB)
...
006 (28203.024.000) 12/31 12:22:40 Image size of job updated: 40488
	40  -  MemoryUsage of job (MB)
	40488  -  ResidentSetSize of job (KB)
...
006 (28203.024.000) 12/31 12:32:40 Image size of job updated: 40800
	40  -  MemoryUsage of job (MB)
	40800  -  ResidentSetSize of job (KB)
...
005 (28203.024.000) 12/31 12:36:58 Job terminated.
	(1) Normal termination (return value 0)
		Usr 0 02:20:55, Sys 0 00:00:04  -  Run Remote Usage
		Usr 0 00:00:00, Sys 0 00:00:00  -  Run Local Usage
		Usr 0 02:20:55, Sys 0 00:00:04  -  Total Remote Usage
		Usr 0 00:00:00, Sys 0 00:00:00  -  Total Local Usage
	0  -  Run Bytes Sent By Job
	0  -  Run Bytes Received By Job
	0  -  Total Bytes Sent By Job
	0  -  Total Bytes Received By Job
	Partitionable Resources :    Usage  Request Allocated 
	   Cpus                 :     0.96        1         1 
	   Disk (KB)            :     1           1    254050 
	   Memory (MB)          :    40           1      1005 
...
000 (28206.024.000) 12/31 14:09:35 Job submitted from host: <172.16.11.200:9618?addrs=172.16.11.200-9618&noUDP&sock=14877_46f2_4>
...
001 (28206.024.000) 12/31 14:17:37 Job executing on host: <172.16.11.231:9618?addrs=172.16.11.231-9618&noUDP&sock=startd_22895_f54e_4>
...
006 (28206.024.000) 12/31 14:17:46 Image size of job updated: 35140
	35  -  MemoryUsage of job (MB)
	35140  -  ResidentSetSize of job (KB)
...
006 (28206.024.000) 01/01 01:28:54 Image size of job updated: 35248
	35  -  MemoryUsage of job (MB)
	35248  -  ResidentSetSize of job (KB)
...
005 (28206.024.000) 01/01 11:05:17 Job terminated.
	(1) Normal termination (return value 0)
		Usr 0 20:46:29, Sys 0 00:00:02  -  Run Remote Usage
		Usr 0 00:00:00, Sys 0 00:00:00  -  Run Local Usage
		Usr 0 20:46:29, Sys 0 00:00:02  -  Total Remote Usage
		Usr 0 00:00:00, Sys 0 00:00:00  -  Total Local Usage
	0  -  Run Bytes Sent By Job
	0  -  Run Bytes Received By Job
	0  -  Total Bytes Sent By Job
	0  -  Total Bytes Received By Job
	Partitionable Resources :    Usage  Request Allocated 
	   Cpus                 :     1.00        1         1 
	   Disk (KB)            :     1           1    241059 
	   Memory (MB)          :    35           1      2008 
...
000 (28248.024.000) 01/05 15:45:56 Job submitted from host: <172.16.11.200:9618?addrs=172.16.11.200-9618&noUDP&sock=14877_46f2_4>
...
001 (28248.024.000) 01/05 16:34:40 Job executing on host: <172.16.11.233:9618?addrs=172.16.11.233-9618&alias=pc-farm3&noUDP&sock=startd_4556_edfa>
...
006 (28248.024.000) 01/05 16:34:48 Image size of job updated: 40484
	40  -  MemoryUsage of job (MB)
	40484  -  ResidentSetSize of job (KB)
...
006 (28248.024.000) 01/05 19:00:02 Image size of job updated: 40492
	40  -  MemoryUsage of job (MB)
	40492  -  ResidentSetSize of job (KB)
...
006 (28248.024.000) 01/05 19:05:03 Image size of job updated: 40512
	40  -  MemoryUsage of job (MB)
	40512  -  ResidentSetSize of job (KB)
...
006 (28248.024.000) 01/05 19:10:04 Image size of job updated: 40528
	40  -  MemoryUsage of job (MB)
	40528  -  ResidentSetSize of job (KB)
...
006 (28248.024.000) 01/05 19:15:04 Image size of job updated: 40548
	40  -  MemoryUsage of job (MB)
	40548  -  ResidentSetSize of job (KB)
...
006 (28248.024.000) 01/05 19:20:05 Image size of job updated: 40564
	40  -  MemoryUsage of job (MB)
	40564  -  ResidentSetSize of job (KB)
...
006 (28248.024.000) 01/05 19:25:06 Image size of job updated: 40584
	40  -  MemoryUsage of job (MB)
	40584  -  ResidentSetSize of job (KB)
...
006 (28248.024.000) 01/05 19:30:06 Image size of job updated: 40600
	40  -  MemoryUsage of job (MB)
	40600  -  ResidentSetSize of job (KB)
...
006 (28248.024.000) 01/05 19:35:07 Image size of job updated: 40620
	40  -  MemoryUsage of job (MB)
	40620  -  ResidentSetSize of job (KB)
...
006 (28248.024.000) 01/05 19:40:08 Image size of job updated: 40764
	40  -  MemoryUsage of job (MB)
	40764  -  ResidentSetSize of job (KB)
...
006 (28248.024.000) 01/05 20:05:09 Image size of job updated: 40768
	40  -  MemoryUsage of job (MB)
	40768  -  ResidentSetSize of job (KB)
...
006 (28248.024.000) 01/05 20:10:11 Image size of job updated: 40916
	40  -  MemoryUsage of job (MB)
	40916  -  ResidentSetSize of job (KB)
...
006 (28248.024.000) 01/05 20:20:11 Image size of job updated: 40956
	40  -  MemoryUsage of job (MB)
	40956  -  ResidentSetSize of job (KB)
...
006 (28248.024.000) 01/05 20:35:13 Image size of job updated: 41016
	41  -  MemoryUsage of job (MB)
	41016  -  ResidentSetSize of job (KB)
...
006 (28248.024.000) 01/05 20:45:15 Image size of job updated: 41056
	41  -  MemoryUsage of job (MB)
	41056  -  ResidentSetSize of job (KB)
...
006 (28248.024.000) 01/05 20:55:15 Image size of job updated: 41132
	41  -  MemoryUsage of job (MB)
	41132  -  ResidentSetSize of job (KB)
...
006 (28248.024.000) 01/05 21:00:16 Image size of job updated: 41152
	41  -  MemoryUsage of job (MB)
	41152  -  ResidentSetSize of job (KB)
...
006 (28248.024.000) 01/05 21:05:16 Image size of job updated: 41172
	41  -  MemoryUsage of job (MB)
	41172  -  ResidentSetSize of job (KB)
...
006 (28248.024.000) 01/05 21:10:16 Image size of job updated: 41320
	41  -  MemoryUsage of job (MB)
	41320  -  ResidentSetSize of job (KB)
...
006 (28248.024.000) 01/05 21:50:21 Image size of job updated: 41368
	41  -  MemoryUsage of job (MB)
	41368  -  ResidentSetSize of job (KB)
...
006 (28248.024.000) 01/05 21:55:21 Image size of job updated: 41392
	41  -  MemoryUsage of job (MB)
	41392  -  ResidentSetSize of job (KB)
...
006 (28248.024.000) 01/05 22:00:21 Image size of job updated: 41488
	41  -  MemoryUsage of job (MB)
	41488  -  ResidentSetSize of job (KB)
...
006 (28248.024.000) 01/05 22:10:23 Image size of job updated: 41552
	41  -  MemoryUsage of job (MB)
	41552  -  ResidentSetSize of job (KB)
...
006 (28248.024.000) 01/05 22:15:23 Image size of job updated: 41576
	41  -  MemoryUsage of job (MB)
	41576  -  ResidentSetSize of job (KB)
...
006 (28248.024.000) 01/05 22:20:24 Image size of job updated: 41604
	41  -  MemoryUsage of job (MB)
	41604  -  ResidentSetSize of job (KB)
...
006 (28248.024.000) 01/05 22:35:26 Image size of job updated: 41780
	41  -  MemoryUsage of job (MB)
	41780  -  ResidentSetSize of job (KB)
...
006 (28248.024.000) 01/05 23:00:28 Image size of job updated: 41792
	41  -  MemoryUsage of job (MB)
	41792  -  ResidentSetSize of job (KB)
...
006 (28248.024.000) 01/05 23:15:30 Image size of job updated: 41856
	41  -  MemoryUsage of job (MB)
	41856  -  ResidentSetSize of job (KB)
...
006 (28248.024.000) 01/05 23:20:30 Image size of job updated: 41892
	41  -  MemoryUsage of job (MB)
	41892  -  ResidentSetSize of job (KB)
...
006 (28248.024.000) 01/05 23:40:33 Image size of job updated: 41980
	41  -  MemoryUsage of job (MB)
	41980  -  ResidentSetSize of job (KB)
...
006 (28248.024.000) 01/05 23:55:34 Image size of job updated: 42040
	42  -  MemoryUsage of job (MB)
	42040  -  ResidentSetSize of job (KB)
...
006 (28248.024.000) 01/06 00:35:37 Image size of job updated: 42056
	42  -  MemoryUsage of job (MB)
	42056  -  ResidentSetSize of job (KB)
...
006 (28248.024.000) 01/06 00:40:38 Image size of job updated: 42076
	42  -  MemoryUsage of job (MB)
	42076  -  ResidentSetSize of job (KB)
...
006 (28248.024.000) 01/06 00:45:38 Image size of job updated: 42128
	42  -  MemoryUsage of job (MB)
	42128  -  ResidentSetSize of job (KB)
...
006 (28248.024.000) 01/06 00:50:39 Image size of job updated: 42148
	42  -  MemoryUsage of job (MB)
	42148  -  ResidentSetSize of job (KB)
...
006 (28248.024.000) 01/06 00:55:40 Image size of job updated: 42172
	42  -  MemoryUsage of job (MB)
	42172  -  ResidentSetSize of job (KB)
...
006 (28248.024.000) 01/06 01:00:40 Image size of job updated: 42192
	42  -  MemoryUsage of job (MB)
	42192  -  ResidentSetSize of job (KB)
...
006 (28248.024.000) 01/06 01:05:40 Image size of job updated: 42212
	42  -  MemoryUsage of job (MB)
	42212  -  ResidentSetSize of job (KB)
...
006 (28248.024.000) 01/06 01:10:41 Image size of job updated: 42232
	42  -  MemoryUsage of job (MB)
	42232  -  ResidentSetSize of job (KB)
...
006 (28248.024.000) 01/06 01:15:41 Image size of job updated: 42252
	42  -  MemoryUsage of job (MB)
	42252  -  ResidentSetSize of job (KB)
...
006 (28248.024.000) 01/06 01:20:41 Image size of job updated: 42272
	42  -  MemoryUsage of job (MB)
	42272  -  ResidentSetSize of job (KB)
...
006 (28248.024.000) 01/06 01:25:43 Image size of job updated: 42292
	42  -  MemoryUsage of job (MB)
	42292  -  ResidentSetSize of job (KB)
...
006 (28248.024.000) 01/06 01:30:43 Image size of job updated: 42312
	42  -  MemoryUsage of job (MB)
	42312  -  ResidentSetSize of job (KB)
...
006 (28248.024.000) 01/06 01:35:43 Image size of job updated: 42336
	42  -  MemoryUsage of job (MB)
	42336  -  ResidentSetSize of job (KB)
...
006 (28248.024.000) 01/06 01:40:44 Image size of job updated: 42356
	42  -  MemoryUsage of job (MB)
	42356  -  ResidentSetSize of job (KB)
...
006 (28248.024.000) 01/06 01:45:44 Image size of job updated: 42408
	42  -  MemoryUsage of job (MB)
	42408  -  ResidentSetSize of job (KB)
...
006 (28248.024.000) 01/06 01:50:44 Image size of job updated: 42428
	42  -  MemoryUsage of job (MB)
	42428  -  ResidentSetSize of job (KB)
...
006 (28248.024.000) 01/06 01:55:45 Image size of job updated: 42448
	42  -  MemoryUsage of job (MB)
	42448  -  ResidentSetSize of job (KB)
...
006 (28248.024.000) 01/06 02:00:46 Image size of job updated: 42468
	42  -  MemoryUsage of job (MB)
	42468  -  ResidentSetSize of job (KB)
...
006 (28248.024.000) 01/06 02:05:46 Image size of job updated: 42488
	42  -  MemoryUsage of job (MB)
	42488  -  ResidentSetSize of job (KB)
...
005 (28248.024.000) 01/06 02:06:43 Job terminated.
	(1) Normal termination (return value 0)
		Usr 0 08:32:19, Sys 0 00:00:04  -  Run Remote Usage
		Usr 0 00:00:00, Sys 0 00:00:00  -  Run Local Usage
		Usr 0 08:32:19, Sys 0 00:00:04  -  Total Remote Usage
		Usr 0 00:00:00, Sys 0 00:00:00  -  Total Local Usage
	0  -  Run Bytes Sent By Job
	0  -  Run Bytes Received By Job
	0  -  Total Bytes Sent By Job
	0  -  Total Bytes Received By Job
	Partitionable Resources :    Usage  Request Allocated 
	   Cpus                 :     0.90        1         1 
	   Disk (KB)            :     1           1    254050 
	   Memory (MB)          :    42           1      1005 
...
000 (28271.024.000) 01/06 15:26:51 Job submitted from host: <172.16.11.200:9618?addrs=172.16.11.200-9618&noUDP&sock=14877_46f2_4>
...
009 (28271.024.000) 01/06 15:47:44 Job was aborted by the user.
	via condor_rm (by user zhangliang)
...
