000 (7995.479.000) 06/06 17:40:55 Job submitted from host: <172.16.11.200:9618?addrs=172.16.11.200-9618&noUDP&sock=15237_350b_4>
...
001 (7995.479.000) 06/06 19:48:45 Job executing on host: <172.16.11.233:9618?addrs=172.16.11.233-9618&alias=pc-farm3&noUDP&sock=startd_6840_904a>
...
006 (7995.479.000) 06/06 19:48:54 Image size of job updated: 56852
	56  -  MemoryUsage of job (MB)
	56852  -  ResidentSetSize of job (KB)
...
006 (7995.479.000) 06/06 21:19:04 Image size of job updated: 57500
	57  -  MemoryUsage of job (MB)
	57500  -  ResidentSetSize of job (KB)
...
006 (7995.479.000) 06/06 21:24:04 Image size of job updated: 57524
	57  -  MemoryUsage of job (MB)
	57524  -  ResidentSetSize of job (KB)
...
005 (7995.479.000) 06/06 21:29:53 Job terminated.
	(1) Normal termination (return value 0)
		Usr 0 01:40:10, Sys 0 00:00:01  -  Run Remote Usage
		Usr 0 00:00:00, Sys 0 00:00:00  -  Run Local Usage
		Usr 0 01:40:10, Sys 0 00:00:01  -  Total Remote Usage
		Usr 0 00:00:00, Sys 0 00:00:00  -  Total Local Usage
	0  -  Run Bytes Sent By Job
	0  -  Run Bytes Received By Job
	0  -  Total Bytes Sent By Job
	0  -  Total Bytes Received By Job
	Partitionable Resources :    Usage  Request Allocated 
	   Cpus                 :     0.99        1         1 
	   Disk (KB)            :     1           1    257754 
	   Memory (MB)          :    57           1      1005 
...
