000 (7995.383.000) 06/06 17:40:55 Job submitted from host: <172.16.11.200:9618?addrs=172.16.11.200-9618&noUDP&sock=15237_350b_4>
...
001 (7995.383.000) 06/06 19:40:45 Job executing on host: <172.16.11.233:9618?addrs=172.16.11.233-9618&alias=pc-farm3&noUDP&sock=startd_6840_904a>
...
006 (7995.383.000) 06/06 19:40:54 Image size of job updated: 57016
	56  -  MemoryUsage of job (MB)
	57016  -  ResidentSetSize of job (KB)
...
006 (7995.383.000) 06/06 20:56:01 Image size of job updated: 57052
	56  -  MemoryUsage of job (MB)
	57052  -  ResidentSetSize of job (KB)
...
006 (7995.383.000) 06/06 21:01:01 Image size of job updated: 57076
	56  -  MemoryUsage of job (MB)
	57076  -  ResidentSetSize of job (KB)
...
006 (7995.383.000) 06/06 21:11:02 Image size of job updated: 57232
	56  -  MemoryUsage of job (MB)
	57232  -  ResidentSetSize of job (KB)
...
006 (7995.383.000) 06/06 21:16:02 Image size of job updated: 57260
	56  -  MemoryUsage of job (MB)
	57260  -  ResidentSetSize of job (KB)
...
005 (7995.383.000) 06/06 21:23:24 Job terminated.
	(1) Normal termination (return value 0)
		Usr 0 01:40:51, Sys 0 00:00:01  -  Run Remote Usage
		Usr 0 00:00:00, Sys 0 00:00:00  -  Run Local Usage
		Usr 0 01:40:51, Sys 0 00:00:01  -  Total Remote Usage
		Usr 0 00:00:00, Sys 0 00:00:00  -  Total Local Usage
	0  -  Run Bytes Sent By Job
	0  -  Run Bytes Received By Job
	0  -  Total Bytes Sent By Job
	0  -  Total Bytes Received By Job
	Partitionable Resources :    Usage  Request Allocated 
	   Cpus                 :     0.98        1         1 
	   Disk (KB)            :     1           1    257754 
	   Memory (MB)          :    56           1      1005 
...
