000 (7995.133.000) 06/06 17:40:55 Job submitted from host: <172.16.11.200:9618?addrs=172.16.11.200-9618&noUDP&sock=15237_350b_4>
...
001 (7995.133.000) 06/06 19:18:44 Job executing on host: <172.16.11.233:9618?addrs=172.16.11.233-9618&alias=pc-farm3&noUDP&sock=startd_6840_904a>
...
006 (7995.133.000) 06/06 19:18:53 Image size of job updated: 56688
	56  -  MemoryUsage of job (MB)
	56688  -  ResidentSetSize of job (KB)
...
006 (7995.133.000) 06/06 19:53:57 Image size of job updated: 56768
	56  -  MemoryUsage of job (MB)
	56768  -  ResidentSetSize of job (KB)
...
006 (7995.133.000) 06/06 20:03:58 Image size of job updated: 56916
	56  -  MemoryUsage of job (MB)
	56916  -  ResidentSetSize of job (KB)
...
006 (7995.133.000) 06/06 20:39:01 Image size of job updated: 57008
	56  -  MemoryUsage of job (MB)
	57008  -  ResidentSetSize of job (KB)
...
006 (7995.133.000) 06/06 20:44:02 Image size of job updated: 57032
	56  -  MemoryUsage of job (MB)
	57032  -  ResidentSetSize of job (KB)
...
006 (7995.133.000) 06/06 20:49:03 Image size of job updated: 57184
	56  -  MemoryUsage of job (MB)
	57184  -  ResidentSetSize of job (KB)
...
006 (7995.133.000) 06/06 20:54:03 Image size of job updated: 57212
	56  -  MemoryUsage of job (MB)
	57212  -  ResidentSetSize of job (KB)
...
005 (7995.133.000) 06/06 20:59:10 Job terminated.
	(1) Normal termination (return value 0)
		Usr 0 01:38:30, Sys 0 00:00:01  -  Run Remote Usage
		Usr 0 00:00:00, Sys 0 00:00:00  -  Run Local Usage
		Usr 0 01:38:30, Sys 0 00:00:01  -  Total Remote Usage
		Usr 0 00:00:00, Sys 0 00:00:00  -  Total Local Usage
	0  -  Run Bytes Sent By Job
	0  -  Run Bytes Received By Job
	0  -  Total Bytes Sent By Job
	0  -  Total Bytes Received By Job
	Partitionable Resources :    Usage  Request Allocated 
	   Cpus                 :     0.99        1         1 
	   Disk (KB)            :     1           1    257754 
	   Memory (MB)          :    56           1      1005 
...
