000 (7995.201.000) 06/06 17:40:55 Job submitted from host: <172.16.11.200:9618?addrs=172.16.11.200-9618&noUDP&sock=15237_350b_4>
...
001 (7995.201.000) 06/06 19:25:43 Job executing on host: <172.16.11.233:9618?addrs=172.16.11.233-9618&alias=pc-farm3&noUDP&sock=startd_6840_904a>
...
006 (7995.201.000) 06/06 19:25:52 Image size of job updated: 56704
	56  -  MemoryUsage of job (MB)
	56704  -  ResidentSetSize of job (KB)
...
006 (7995.201.000) 06/06 20:30:58 Image size of job updated: 56736
	56  -  MemoryUsage of job (MB)
	56736  -  ResidentSetSize of job (KB)
...
006 (7995.201.000) 06/06 20:35:58 Image size of job updated: 56884
	56  -  MemoryUsage of job (MB)
	56884  -  ResidentSetSize of job (KB)
...
006 (7995.201.000) 06/06 20:46:00 Image size of job updated: 57440
	57  -  MemoryUsage of job (MB)
	57440  -  ResidentSetSize of job (KB)
...
006 (7995.201.000) 06/06 20:51:00 Image size of job updated: 57716
	57  -  MemoryUsage of job (MB)
	57716  -  ResidentSetSize of job (KB)
...
005 (7995.201.000) 06/06 21:05:46 Job terminated.
	(1) Normal termination (return value 0)
		Usr 0 01:38:19, Sys 0 00:00:02  -  Run Remote Usage
		Usr 0 00:00:00, Sys 0 00:00:00  -  Run Local Usage
		Usr 0 01:38:19, Sys 0 00:00:02  -  Total Remote Usage
		Usr 0 00:00:00, Sys 0 00:00:00  -  Total Local Usage
	0  -  Run Bytes Sent By Job
	0  -  Run Bytes Received By Job
	0  -  Total Bytes Sent By Job
	0  -  Total Bytes Received By Job
	Partitionable Resources :    Usage  Request Allocated 
	   Cpus                 :     0.95        1         1 
	   Disk (KB)            :     1           1    257754 
	   Memory (MB)          :    57           1      1005 
...
