000 (7995.182.000) 06/06 17:40:55 Job submitted from host: <172.16.11.200:9618?addrs=172.16.11.200-9618&noUDP&sock=15237_350b_4>
...
001 (7995.182.000) 06/06 19:23:45 Job executing on host: <172.16.11.233:9618?addrs=172.16.11.233-9618&alias=pc-farm3&noUDP&sock=startd_6840_904a>
...
006 (7995.182.000) 06/06 19:23:53 Image size of job updated: 57188
	56  -  MemoryUsage of job (MB)
	57188  -  ResidentSetSize of job (KB)
...
006 (7995.182.000) 06/06 20:18:59 Image size of job updated: 57268
	56  -  MemoryUsage of job (MB)
	57268  -  ResidentSetSize of job (KB)
...
006 (7995.182.000) 06/06 20:29:00 Image size of job updated: 57320
	56  -  MemoryUsage of job (MB)
	57320  -  ResidentSetSize of job (KB)
...
006 (7995.182.000) 06/06 20:39:01 Image size of job updated: 57404
	57  -  MemoryUsage of job (MB)
	57404  -  ResidentSetSize of job (KB)
...
006 (7995.182.000) 06/06 20:49:01 Image size of job updated: 57436
	57  -  MemoryUsage of job (MB)
	57436  -  ResidentSetSize of job (KB)
...
006 (7995.182.000) 06/06 20:54:03 Image size of job updated: 57460
	57  -  MemoryUsage of job (MB)
	57460  -  ResidentSetSize of job (KB)
...
006 (7995.182.000) 06/06 20:59:03 Image size of job updated: 57488
	57  -  MemoryUsage of job (MB)
	57488  -  ResidentSetSize of job (KB)
...
005 (7995.182.000) 06/06 21:03:48 Job terminated.
	(1) Normal termination (return value 0)
		Usr 0 01:37:58, Sys 0 00:00:02  -  Run Remote Usage
		Usr 0 00:00:00, Sys 0 00:00:00  -  Run Local Usage
		Usr 0 01:37:58, Sys 0 00:00:02  -  Total Remote Usage
		Usr 0 00:00:00, Sys 0 00:00:00  -  Total Local Usage
	0  -  Run Bytes Sent By Job
	0  -  Run Bytes Received By Job
	0  -  Total Bytes Sent By Job
	0  -  Total Bytes Received By Job
	Partitionable Resources :    Usage  Request Allocated 
	   Cpus                 :     0.81        1         1 
	   Disk (KB)            :     1           1    257754 
	   Memory (MB)          :    57           1      1005 
...
