000 (7995.277.000) 06/06 17:40:55 Job submitted from host: <172.16.11.200:9618?addrs=172.16.11.200-9618&noUDP&sock=15237_350b_4>
...
001 (7995.277.000) 06/06 19:30:44 Job executing on host: <172.16.11.233:9618?addrs=172.16.11.233-9618&alias=pc-farm3&noUDP&sock=startd_6840_904a>
...
006 (7995.277.000) 06/06 19:30:53 Image size of job updated: 57004
	56  -  MemoryUsage of job (MB)
	57004  -  ResidentSetSize of job (KB)
...
006 (7995.277.000) 06/06 20:56:00 Image size of job updated: 57008
	56  -  MemoryUsage of job (MB)
	57008  -  ResidentSetSize of job (KB)
...
006 (7995.277.000) 06/06 21:01:00 Image size of job updated: 57156
	56  -  MemoryUsage of job (MB)
	57156  -  ResidentSetSize of job (KB)
...
006 (7995.277.000) 06/06 21:06:01 Image size of job updated: 57184
	56  -  MemoryUsage of job (MB)
	57184  -  ResidentSetSize of job (KB)
...
006 (7995.277.000) 06/06 21:11:02 Image size of job updated: 57208
	56  -  MemoryUsage of job (MB)
	57208  -  ResidentSetSize of job (KB)
...
005 (7995.277.000) 06/06 21:12:46 Job terminated.
	(1) Normal termination (return value 0)
		Usr 0 01:39:03, Sys 0 00:00:02  -  Run Remote Usage
		Usr 0 00:00:00, Sys 0 00:00:00  -  Run Local Usage
		Usr 0 01:39:03, Sys 0 00:00:02  -  Total Remote Usage
		Usr 0 00:00:00, Sys 0 00:00:00  -  Total Local Usage
	0  -  Run Bytes Sent By Job
	0  -  Run Bytes Received By Job
	0  -  Total Bytes Sent By Job
	0  -  Total Bytes Received By Job
	Partitionable Resources :    Usage  Request Allocated 
	   Cpus                 :     0.97        1         1 
	   Disk (KB)            :     1           1    257754 
	   Memory (MB)          :    56           1      1005 
...
