000 (7995.193.000) 06/06 17:40:55 Job submitted from host: <172.16.11.200:9618?addrs=172.16.11.200-9618&noUDP&sock=15237_350b_4>
...
001 (7995.193.000) 06/06 19:24:44 Job executing on host: <172.16.11.203:9618?addrs=172.16.11.203-9618&noUDP&sock=23121_f9b6_4>
...
006 (7995.193.000) 06/06 19:24:52 Image size of job updated: 49800
	49  -  MemoryUsage of job (MB)
	49668  -  ResidentSetSize of job (KB)
...
006 (7995.193.000) 06/06 19:29:52 Image size of job updated: 50064
	49  -  MemoryUsage of job (MB)
	49668  -  ResidentSetSize of job (KB)
...
006 (7995.193.000) 06/06 19:34:53 Image size of job updated: 50328
	49  -  MemoryUsage of job (MB)
	49668  -  ResidentSetSize of job (KB)
...
006 (7995.193.000) 06/06 19:44:54 Image size of job updated: 50412
	49  -  MemoryUsage of job (MB)
	49752  -  ResidentSetSize of job (KB)
...
005 (7995.193.000) 06/06 21:00:38 Job terminated.
	(1) Normal termination (return value 0)
		Usr 0 01:35:38, Sys 0 00:00:15  -  Run Remote Usage
		Usr 0 00:00:00, Sys 0 00:00:00  -  Run Local Usage
		Usr 0 01:35:38, Sys 0 00:00:15  -  Total Remote Usage
		Usr 0 00:00:00, Sys 0 00:00:00  -  Total Local Usage
	0  -  Run Bytes Sent By Job
	0  -  Run Bytes Received By Job
	0  -  Total Bytes Sent By Job
	0  -  Total Bytes Received By Job
	Partitionable Resources :    Usage  Request Allocated 
	   Cpus                 :     1.00        1         1 
	   Disk (KB)            :     1           1   1507229 
	   Memory (MB)          :    49           1      1997 
...
