000 (7995.092.000) 06/06 17:40:55 Job submitted from host: <172.16.11.200:9618?addrs=172.16.11.200-9618&noUDP&sock=15237_350b_4>
...
001 (7995.092.000) 06/06 19:16:43 Job executing on host: <172.16.11.233:9618?addrs=172.16.11.233-9618&alias=pc-farm3&noUDP&sock=startd_6840_904a>
...
006 (7995.092.000) 06/06 19:16:52 Image size of job updated: 56332
	56  -  MemoryUsage of job (MB)
	56332  -  ResidentSetSize of job (KB)
...
006 (7995.092.000) 06/06 19:31:53 Image size of job updated: 56460
	56  -  MemoryUsage of job (MB)
	56460  -  ResidentSetSize of job (KB)
...
006 (7995.092.000) 06/06 19:41:54 Image size of job updated: 56600
	56  -  MemoryUsage of job (MB)
	56600  -  ResidentSetSize of job (KB)
...
006 (7995.092.000) 06/06 19:51:55 Image size of job updated: 56656
	56  -  MemoryUsage of job (MB)
	56656  -  ResidentSetSize of job (KB)
...
006 (7995.092.000) 06/06 19:56:56 Image size of job updated: 56660
	56  -  MemoryUsage of job (MB)
	56660  -  ResidentSetSize of job (KB)
...
006 (7995.092.000) 06/06 20:01:56 Image size of job updated: 56808
	56  -  MemoryUsage of job (MB)
	56808  -  ResidentSetSize of job (KB)
...
006 (7995.092.000) 06/06 20:31:59 Image size of job updated: 56872
	56  -  MemoryUsage of job (MB)
	56872  -  ResidentSetSize of job (KB)
...
006 (7995.092.000) 06/06 20:47:01 Image size of job updated: 56952
	56  -  MemoryUsage of job (MB)
	56952  -  ResidentSetSize of job (KB)
...
006 (7995.092.000) 06/06 20:52:01 Image size of job updated: 56976
	56  -  MemoryUsage of job (MB)
	56976  -  ResidentSetSize of job (KB)
...
006 (7995.092.000) 06/06 20:57:02 Image size of job updated: 57004
	56  -  MemoryUsage of job (MB)
	57004  -  ResidentSetSize of job (KB)
...
005 (7995.092.000) 06/06 20:59:00 Job terminated.
	(1) Normal termination (return value 0)
		Usr 0 01:41:16, Sys 0 00:00:01  -  Run Remote Usage
		Usr 0 00:00:00, Sys 0 00:00:00  -  Run Local Usage
		Usr 0 01:41:16, Sys 0 00:00:01  -  Total Remote Usage
		Usr 0 00:00:00, Sys 0 00:00:00  -  Total Local Usage
	0  -  Run Bytes Sent By Job
	0  -  Run Bytes Received By Job
	0  -  Total Bytes Sent By Job
	0  -  Total Bytes Received By Job
	Partitionable Resources :    Usage  Request Allocated 
	   Cpus                 :     0.99        1         1 
	   Disk (KB)            :     1           1    257754 
	   Memory (MB)          :    56           1      1005 
...
