000 (7995.310.000) 06/06 17:40:55 Job submitted from host: <172.16.11.200:9618?addrs=172.16.11.200-9618&noUDP&sock=15237_350b_4>
...
001 (7995.310.000) 06/06 19:33:44 Job executing on host: <172.16.11.233:9618?addrs=172.16.11.233-9618&alias=pc-farm3&noUDP&sock=startd_6840_904a>
...
006 (7995.310.000) 06/06 19:33:53 Image size of job updated: 55984
	55  -  MemoryUsage of job (MB)
	55984  -  ResidentSetSize of job (KB)
...
006 (7995.310.000) 06/06 20:08:57 Image size of job updated: 56160
	55  -  MemoryUsage of job (MB)
	56160  -  ResidentSetSize of job (KB)
...
006 (7995.310.000) 06/06 21:04:03 Image size of job updated: 56328
	56  -  MemoryUsage of job (MB)
	56328  -  ResidentSetSize of job (KB)
...
006 (7995.310.000) 06/06 21:09:03 Image size of job updated: 56356
	56  -  MemoryUsage of job (MB)
	56356  -  ResidentSetSize of job (KB)
...
006 (7995.310.000) 06/06 21:14:04 Image size of job updated: 56380
	56  -  MemoryUsage of job (MB)
	56380  -  ResidentSetSize of job (KB)
...
005 (7995.310.000) 06/06 21:16:18 Job terminated.
	(1) Normal termination (return value 0)
		Usr 0 01:41:41, Sys 0 00:00:01  -  Run Remote Usage
		Usr 0 00:00:00, Sys 0 00:00:00  -  Run Local Usage
		Usr 0 01:41:41, Sys 0 00:00:01  -  Total Remote Usage
		Usr 0 00:00:00, Sys 0 00:00:00  -  Total Local Usage
	0  -  Run Bytes Sent By Job
	0  -  Run Bytes Received By Job
	0  -  Total Bytes Sent By Job
	0  -  Total Bytes Received By Job
	Partitionable Resources :    Usage  Request Allocated 
	   Cpus                 :     0.99        1         1 
	   Disk (KB)            :     1           1    257754 
	   Memory (MB)          :    56           1      1005 
...
