000 (7995.172.000) 06/06 17:40:55 Job submitted from host: <172.16.11.200:9618?addrs=172.16.11.200-9618&noUDP&sock=15237_350b_4>
...
001 (7995.172.000) 06/06 19:22:45 Job executing on host: <172.16.11.233:9618?addrs=172.16.11.233-9618&alias=pc-farm3&noUDP&sock=startd_6840_904a>
...
006 (7995.172.000) 06/06 19:22:54 Image size of job updated: 55740
	55  -  MemoryUsage of job (MB)
	55740  -  ResidentSetSize of job (KB)
...
006 (7995.172.000) 06/06 19:57:58 Image size of job updated: 55764
	55  -  MemoryUsage of job (MB)
	55764  -  ResidentSetSize of job (KB)
...
006 (7995.172.000) 06/06 20:02:58 Image size of job updated: 55792
	55  -  MemoryUsage of job (MB)
	55792  -  ResidentSetSize of job (KB)
...
006 (7995.172.000) 06/06 20:12:59 Image size of job updated: 55844
	55  -  MemoryUsage of job (MB)
	55844  -  ResidentSetSize of job (KB)
...
006 (7995.172.000) 06/06 20:18:00 Image size of job updated: 55996
	55  -  MemoryUsage of job (MB)
	55996  -  ResidentSetSize of job (KB)
...
006 (7995.172.000) 06/06 20:43:02 Image size of job updated: 56496
	56  -  MemoryUsage of job (MB)
	56496  -  ResidentSetSize of job (KB)
...
006 (7995.172.000) 06/06 20:48:03 Image size of job updated: 56524
	56  -  MemoryUsage of job (MB)
	56524  -  ResidentSetSize of job (KB)
...
006 (7995.172.000) 06/06 20:53:03 Image size of job updated: 56676
	56  -  MemoryUsage of job (MB)
	56676  -  ResidentSetSize of job (KB)
...
005 (7995.172.000) 06/06 20:59:26 Job terminated.
	(1) Normal termination (return value 0)
		Usr 0 01:35:51, Sys 0 00:00:02  -  Run Remote Usage
		Usr 0 00:00:00, Sys 0 00:00:00  -  Run Local Usage
		Usr 0 01:35:51, Sys 0 00:00:02  -  Total Remote Usage
		Usr 0 00:00:00, Sys 0 00:00:00  -  Total Local Usage
	0  -  Run Bytes Sent By Job
	0  -  Run Bytes Received By Job
	0  -  Total Bytes Sent By Job
	0  -  Total Bytes Received By Job
	Partitionable Resources :    Usage  Request Allocated 
	   Cpus                 :     0.99        1         1 
	   Disk (KB)            :     1           1    257754 
	   Memory (MB)          :    56           1      1005 
...
