000 (7995.183.000) 06/06 17:40:55 Job submitted from host: <172.16.11.200:9618?addrs=172.16.11.200-9618&noUDP&sock=15237_350b_4>
...
001 (7995.183.000) 06/06 19:23:45 Job executing on host: <172.16.11.233:9618?addrs=172.16.11.233-9618&alias=pc-farm3&noUDP&sock=startd_6840_904a>
...
006 (7995.183.000) 06/06 19:23:54 Image size of job updated: 55888
	55  -  MemoryUsage of job (MB)
	55888  -  ResidentSetSize of job (KB)
...
006 (7995.183.000) 06/06 19:53:58 Image size of job updated: 55944
	55  -  MemoryUsage of job (MB)
	55944  -  ResidentSetSize of job (KB)
...
006 (7995.183.000) 06/06 19:58:59 Image size of job updated: 56092
	55  -  MemoryUsage of job (MB)
	56092  -  ResidentSetSize of job (KB)
...
006 (7995.183.000) 06/06 20:49:05 Image size of job updated: 56784
	56  -  MemoryUsage of job (MB)
	56784  -  ResidentSetSize of job (KB)
...
006 (7995.183.000) 06/06 20:54:06 Image size of job updated: 56936
	56  -  MemoryUsage of job (MB)
	56936  -  ResidentSetSize of job (KB)
...
005 (7995.183.000) 06/06 21:02:46 Job terminated.
	(1) Normal termination (return value 0)
		Usr 0 01:37:53, Sys 0 00:00:02  -  Run Remote Usage
		Usr 0 00:00:00, Sys 0 00:00:00  -  Run Local Usage
		Usr 0 01:37:53, Sys 0 00:00:02  -  Total Remote Usage
		Usr 0 00:00:00, Sys 0 00:00:00  -  Total Local Usage
	0  -  Run Bytes Sent By Job
	0  -  Run Bytes Received By Job
	0  -  Total Bytes Sent By Job
	0  -  Total Bytes Received By Job
	Partitionable Resources :    Usage  Request Allocated 
	   Cpus                 :     0.99        1         1 
	   Disk (KB)            :     1           1    257754 
	   Memory (MB)          :    56           1      1005 
...
