000 (7995.336.000) 06/06 17:40:55 Job submitted from host: <172.16.11.200:9618?addrs=172.16.11.200-9618&noUDP&sock=15237_350b_4>
...
001 (7995.336.000) 06/06 19:35:44 Job executing on host: <172.16.11.233:9618?addrs=172.16.11.233-9618&alias=pc-farm3&noUDP&sock=startd_6840_904a>
...
006 (7995.336.000) 06/06 19:35:52 Image size of job updated: 55864
	55  -  MemoryUsage of job (MB)
	55864  -  ResidentSetSize of job (KB)
...
006 (7995.336.000) 06/06 20:30:57 Image size of job updated: 55876
	55  -  MemoryUsage of job (MB)
	55876  -  ResidentSetSize of job (KB)
...
006 (7995.336.000) 06/06 20:45:59 Image size of job updated: 55984
	55  -  MemoryUsage of job (MB)
	55984  -  ResidentSetSize of job (KB)
...
006 (7995.336.000) 06/06 20:56:01 Image size of job updated: 56036
	55  -  MemoryUsage of job (MB)
	56036  -  ResidentSetSize of job (KB)
...
006 (7995.336.000) 06/06 21:06:01 Image size of job updated: 56064
	55  -  MemoryUsage of job (MB)
	56064  -  ResidentSetSize of job (KB)
...
006 (7995.336.000) 06/06 21:11:02 Image size of job updated: 56092
	55  -  MemoryUsage of job (MB)
	56092  -  ResidentSetSize of job (KB)
...
005 (7995.336.000) 06/06 21:15:09 Job terminated.
	(1) Normal termination (return value 0)
		Usr 0 01:37:17, Sys 0 00:00:01  -  Run Remote Usage
		Usr 0 00:00:00, Sys 0 00:00:00  -  Run Local Usage
		Usr 0 01:37:17, Sys 0 00:00:01  -  Total Remote Usage
		Usr 0 00:00:00, Sys 0 00:00:00  -  Total Local Usage
	0  -  Run Bytes Sent By Job
	0  -  Run Bytes Received By Job
	0  -  Total Bytes Sent By Job
	0  -  Total Bytes Received By Job
	Partitionable Resources :    Usage  Request Allocated 
	   Cpus                 :     0.98        1         1 
	   Disk (KB)            :     1           1    257754 
	   Memory (MB)          :    55           1      1005 
...
