000 (7995.414.000) 06/06 17:40:55 Job submitted from host: <172.16.11.200:9618?addrs=172.16.11.200-9618&noUDP&sock=15237_350b_4>
...
001 (7995.414.000) 06/06 19:43:45 Job executing on host: <172.16.11.233:9618?addrs=172.16.11.233-9618&alias=pc-farm3&noUDP&sock=startd_6840_904a>
...
006 (7995.414.000) 06/06 19:43:54 Image size of job updated: 55044
	54  -  MemoryUsage of job (MB)
	55044  -  ResidentSetSize of job (KB)
...
006 (7995.414.000) 06/06 19:58:56 Image size of job updated: 55092
	54  -  MemoryUsage of job (MB)
	55092  -  ResidentSetSize of job (KB)
...
006 (7995.414.000) 06/06 20:13:57 Image size of job updated: 55140
	54  -  MemoryUsage of job (MB)
	55140  -  ResidentSetSize of job (KB)
...
006 (7995.414.000) 06/06 20:23:57 Image size of job updated: 55192
	54  -  MemoryUsage of job (MB)
	55192  -  ResidentSetSize of job (KB)
...
006 (7995.414.000) 06/06 20:49:01 Image size of job updated: 55204
	54  -  MemoryUsage of job (MB)
	55204  -  ResidentSetSize of job (KB)
...
006 (7995.414.000) 06/06 20:54:01 Image size of job updated: 55264
	54  -  MemoryUsage of job (MB)
	55264  -  ResidentSetSize of job (KB)
...
006 (7995.414.000) 06/06 20:59:02 Image size of job updated: 55292
	54  -  MemoryUsage of job (MB)
	55292  -  ResidentSetSize of job (KB)
...
006 (7995.414.000) 06/06 21:04:03 Image size of job updated: 55444
	55  -  MemoryUsage of job (MB)
	55444  -  ResidentSetSize of job (KB)
...
006 (7995.414.000) 06/06 21:09:03 Image size of job updated: 55472
	55  -  MemoryUsage of job (MB)
	55472  -  ResidentSetSize of job (KB)
...
006 (7995.414.000) 06/06 21:19:04 Image size of job updated: 55500
	55  -  MemoryUsage of job (MB)
	55500  -  ResidentSetSize of job (KB)
...
005 (7995.414.000) 06/06 21:22:11 Job terminated.
	(1) Normal termination (return value 0)
		Usr 0 01:37:15, Sys 0 00:00:03  -  Run Remote Usage
		Usr 0 00:00:00, Sys 0 00:00:00  -  Run Local Usage
		Usr 0 01:37:15, Sys 0 00:00:03  -  Total Remote Usage
		Usr 0 00:00:00, Sys 0 00:00:00  -  Total Local Usage
	0  -  Run Bytes Sent By Job
	0  -  Run Bytes Received By Job
	0  -  Total Bytes Sent By Job
	0  -  Total Bytes Received By Job
	Partitionable Resources :    Usage  Request Allocated 
	   Cpus                 :     0.99        1         1 
	   Disk (KB)            :     1           1    257754 
	   Memory (MB)          :    55           1      1005 
...
