000 (7995.435.000) 06/06 17:40:55 Job submitted from host: <172.16.11.200:9618?addrs=172.16.11.200-9618&noUDP&sock=15237_350b_4>
...
001 (7995.435.000) 06/06 19:44:46 Job executing on host: <172.16.11.231:9618?addrs=172.16.11.231-9618&noUDP&sock=startd_22555_bf1b_4>
...
006 (7995.435.000) 06/06 19:44:54 Image size of job updated: 50016
	49  -  MemoryUsage of job (MB)
	50016  -  ResidentSetSize of job (KB)
...
006 (7995.435.000) 06/06 20:45:01 Image size of job updated: 50932
	50  -  MemoryUsage of job (MB)
	50932  -  ResidentSetSize of job (KB)
...
005 (7995.435.000) 06/06 21:30:13 Job terminated.
	(1) Normal termination (return value 0)
		Usr 0 01:45:04, Sys 0 00:00:20  -  Run Remote Usage
		Usr 0 00:00:00, Sys 0 00:00:00  -  Run Local Usage
		Usr 0 01:45:04, Sys 0 00:00:20  -  Total Remote Usage
		Usr 0 00:00:00, Sys 0 00:00:00  -  Total Local Usage
	0  -  Run Bytes Sent By Job
	0  -  Run Bytes Received By Job
	0  -  Total Bytes Sent By Job
	0  -  Total Bytes Received By Job
	Partitionable Resources :    Usage  Request Allocated 
	   Cpus                 :     1.00        1         1 
	   Disk (KB)            :     1           1    245633 
	   Memory (MB)          :    50           1      2008 
...
