000 (7995.497.000) 06/06 17:40:55 Job submitted from host: <172.16.11.200:9618?addrs=172.16.11.200-9618&noUDP&sock=15237_350b_4>
...
001 (7995.497.000) 06/06 20:49:20 Job executing on host: <172.16.11.233:9618?addrs=172.16.11.233-9618&alias=pc-farm3&noUDP&sock=startd_6840_904a>
...
006 (7995.497.000) 06/06 20:49:29 Image size of job updated: 56424
	56  -  MemoryUsage of job (MB)
	56424  -  ResidentSetSize of job (KB)
...
006 (7995.497.000) 06/06 22:04:38 Image size of job updated: 56440
	56  -  MemoryUsage of job (MB)
	56440  -  ResidentSetSize of job (KB)
...
006 (7995.497.000) 06/06 22:09:38 Image size of job updated: 56592
	56  -  MemoryUsage of job (MB)
	56592  -  ResidentSetSize of job (KB)
...
006 (7995.497.000) 06/06 22:19:40 Image size of job updated: 56652
	56  -  MemoryUsage of job (MB)
	56652  -  ResidentSetSize of job (KB)
...
006 (7995.497.000) 06/06 22:24:40 Image size of job updated: 56680
	56  -  MemoryUsage of job (MB)
	56680  -  ResidentSetSize of job (KB)
...
005 (7995.497.000) 06/06 22:25:49 Job terminated.
	(1) Normal termination (return value 0)
		Usr 0 01:35:36, Sys 0 00:00:02  -  Run Remote Usage
		Usr 0 00:00:00, Sys 0 00:00:00  -  Run Local Usage
		Usr 0 01:35:36, Sys 0 00:00:02  -  Total Remote Usage
		Usr 0 00:00:00, Sys 0 00:00:00  -  Total Local Usage
	0  -  Run Bytes Sent By Job
	0  -  Run Bytes Received By Job
	0  -  Total Bytes Sent By Job
	0  -  Total Bytes Received By Job
	Partitionable Resources :    Usage  Request Allocated 
	   Cpus                 :     0.99        1         1 
	   Disk (KB)            :     1           1    257754 
	   Memory (MB)          :    56           1      1005 
...
