000 (7995.096.000) 06/06 17:40:55 Job submitted from host: <172.16.11.200:9618?addrs=172.16.11.200-9618&noUDP&sock=15237_350b_4>
...
001 (7995.096.000) 06/06 19:16:44 Job executing on host: <172.16.11.233:9618?addrs=172.16.11.233-9618&alias=pc-farm3&noUDP&sock=startd_6840_904a>
...
006 (7995.096.000) 06/06 19:16:53 Image size of job updated: 56672
	56  -  MemoryUsage of job (MB)
	56672  -  ResidentSetSize of job (KB)
...
006 (7995.096.000) 06/06 19:26:54 Image size of job updated: 56684
	56  -  MemoryUsage of job (MB)
	56684  -  ResidentSetSize of job (KB)
...
006 (7995.096.000) 06/06 19:46:56 Image size of job updated: 56860
	56  -  MemoryUsage of job (MB)
	56860  -  ResidentSetSize of job (KB)
...
006 (7995.096.000) 06/06 19:56:58 Image size of job updated: 56912
	56  -  MemoryUsage of job (MB)
	56912  -  ResidentSetSize of job (KB)
...
006 (7995.096.000) 06/06 20:11:59 Image size of job updated: 56992
	56  -  MemoryUsage of job (MB)
	56992  -  ResidentSetSize of job (KB)
...
006 (7995.096.000) 06/06 20:16:59 Image size of job updated: 57020
	56  -  MemoryUsage of job (MB)
	57020  -  ResidentSetSize of job (KB)
...
006 (7995.096.000) 06/06 20:21:59 Image size of job updated: 57168
	56  -  MemoryUsage of job (MB)
	57168  -  ResidentSetSize of job (KB)
...
006 (7995.096.000) 06/06 20:42:02 Image size of job updated: 57188
	56  -  MemoryUsage of job (MB)
	57188  -  ResidentSetSize of job (KB)
...
006 (7995.096.000) 06/06 20:47:02 Image size of job updated: 57216
	56  -  MemoryUsage of job (MB)
	57216  -  ResidentSetSize of job (KB)
...
005 (7995.096.000) 06/06 20:53:36 Job terminated.
	(1) Normal termination (return value 0)
		Usr 0 01:36:05, Sys 0 00:00:02  -  Run Remote Usage
		Usr 0 00:00:00, Sys 0 00:00:00  -  Run Local Usage
		Usr 0 01:36:05, Sys 0 00:00:02  -  Total Remote Usage
		Usr 0 00:00:00, Sys 0 00:00:00  -  Total Local Usage
	0  -  Run Bytes Sent By Job
	0  -  Run Bytes Received By Job
	0  -  Total Bytes Sent By Job
	0  -  Total Bytes Received By Job
	Partitionable Resources :    Usage  Request Allocated 
	   Cpus                 :     0.99        1         1 
	   Disk (KB)            :     1           1    257754 
	   Memory (MB)          :    56           1      1005 
...
