000 (7995.250.000) 06/06 17:40:55 Job submitted from host: <172.16.11.200:9618?addrs=172.16.11.200-9618&noUDP&sock=15237_350b_4>
...
001 (7995.250.000) 06/06 19:28:43 Job executing on host: <172.16.11.203:9618?addrs=172.16.11.203-9618&noUDP&sock=23121_f9b6_4>
...
006 (7995.250.000) 06/06 19:28:52 Image size of job updated: 49512
	49  -  MemoryUsage of job (MB)
	49512  -  ResidentSetSize of job (KB)
...
006 (7995.250.000) 06/06 19:38:53 Image size of job updated: 50832
	49  -  MemoryUsage of job (MB)
	49512  -  ResidentSetSize of job (KB)
...
006 (7995.250.000) 06/06 21:04:02 Image size of job updated: 51492
	49  -  MemoryUsage of job (MB)
	49512  -  ResidentSetSize of job (KB)
...
005 (7995.250.000) 06/06 21:06:25 Job terminated.
	(1) Normal termination (return value 0)
		Usr 0 01:37:23, Sys 0 00:00:18  -  Run Remote Usage
		Usr 0 00:00:00, Sys 0 00:00:00  -  Run Local Usage
		Usr 0 01:37:23, Sys 0 00:00:18  -  Total Remote Usage
		Usr 0 00:00:00, Sys 0 00:00:00  -  Total Local Usage
	0  -  Run Bytes Sent By Job
	0  -  Run Bytes Received By Job
	0  -  Total Bytes Sent By Job
	0  -  Total Bytes Received By Job
	Partitionable Resources :    Usage  Request Allocated 
	   Cpus                 :     1.00        1         1 
	   Disk (KB)            :     1           1   1507229 
	   Memory (MB)          :    49           1      1997 
...
