000 (7995.304.000) 06/06 17:40:55 Job submitted from host: <172.16.11.200:9618?addrs=172.16.11.200-9618&noUDP&sock=15237_350b_4>
...
001 (7995.304.000) 06/06 19:32:44 Job executing on host: <172.16.11.233:9618?addrs=172.16.11.233-9618&alias=pc-farm3&noUDP&sock=startd_6840_904a>
...
006 (7995.304.000) 06/06 19:32:53 Image size of job updated: 56840
	56  -  MemoryUsage of job (MB)
	56840  -  ResidentSetSize of job (KB)
...
006 (7995.304.000) 06/06 20:53:01 Image size of job updated: 56964
	56  -  MemoryUsage of job (MB)
	56964  -  ResidentSetSize of job (KB)
...
006 (7995.304.000) 06/06 21:03:02 Image size of job updated: 57468
	57  -  MemoryUsage of job (MB)
	57468  -  ResidentSetSize of job (KB)
...
006 (7995.304.000) 06/06 21:08:02 Image size of job updated: 57620
	57  -  MemoryUsage of job (MB)
	57620  -  ResidentSetSize of job (KB)
...
006 (7995.304.000) 06/06 21:13:03 Image size of job updated: 57648
	57  -  MemoryUsage of job (MB)
	57648  -  ResidentSetSize of job (KB)
...
005 (7995.304.000) 06/06 21:16:27 Job terminated.
	(1) Normal termination (return value 0)
		Usr 0 01:40:32, Sys 0 00:00:01  -  Run Remote Usage
		Usr 0 00:00:00, Sys 0 00:00:00  -  Run Local Usage
		Usr 0 01:40:32, Sys 0 00:00:01  -  Total Remote Usage
		Usr 0 00:00:00, Sys 0 00:00:00  -  Total Local Usage
	0  -  Run Bytes Sent By Job
	0  -  Run Bytes Received By Job
	0  -  Total Bytes Sent By Job
	0  -  Total Bytes Received By Job
	Partitionable Resources :    Usage  Request Allocated 
	   Cpus                 :     0.97        1         1 
	   Disk (KB)            :     1           1    257754 
	   Memory (MB)          :    57           1      1005 
...
