000 (7995.417.000) 06/06 17:40:55 Job submitted from host: <172.16.11.200:9618?addrs=172.16.11.200-9618&noUDP&sock=15237_350b_4>
...
001 (7995.417.000) 06/06 19:43:46 Job executing on host: <172.16.11.233:9618?addrs=172.16.11.233-9618&alias=pc-farm3&noUDP&sock=startd_6840_904a>
...
006 (7995.417.000) 06/06 19:43:55 Image size of job updated: 55040
	54  -  MemoryUsage of job (MB)
	55040  -  ResidentSetSize of job (KB)
...
006 (7995.417.000) 06/06 21:09:03 Image size of job updated: 55056
	54  -  MemoryUsage of job (MB)
	55056  -  ResidentSetSize of job (KB)
...
006 (7995.417.000) 06/06 21:14:04 Image size of job updated: 55260
	54  -  MemoryUsage of job (MB)
	55260  -  ResidentSetSize of job (KB)
...
006 (7995.417.000) 06/06 21:19:04 Image size of job updated: 55288
	54  -  MemoryUsage of job (MB)
	55288  -  ResidentSetSize of job (KB)
...
005 (7995.417.000) 06/06 21:27:18 Job terminated.
	(1) Normal termination (return value 0)
		Usr 0 01:40:48, Sys 0 00:00:01  -  Run Remote Usage
		Usr 0 00:00:00, Sys 0 00:00:00  -  Run Local Usage
		Usr 0 01:40:48, Sys 0 00:00:01  -  Total Remote Usage
		Usr 0 00:00:00, Sys 0 00:00:00  -  Total Local Usage
	0  -  Run Bytes Sent By Job
	0  -  Run Bytes Received By Job
	0  -  Total Bytes Sent By Job
	0  -  Total Bytes Received By Job
	Partitionable Resources :    Usage  Request Allocated 
	   Cpus                 :     0.98        1         1 
	   Disk (KB)            :     1           1    257754 
	   Memory (MB)          :    54           1      1005 
...
