000 (7995.499.000) 06/06 17:40:55 Job submitted from host: <172.16.11.200:9618?addrs=172.16.11.200-9618&noUDP&sock=15237_350b_4>
...
001 (7995.499.000) 06/06 20:49:20 Job executing on host: <172.16.11.233:9618?addrs=172.16.11.233-9618&alias=pc-farm3&noUDP&sock=startd_6840_904a>
...
006 (7995.499.000) 06/06 20:49:29 Image size of job updated: 55248
	54  -  MemoryUsage of job (MB)
	55248  -  ResidentSetSize of job (KB)
...
006 (7995.499.000) 06/06 21:54:36 Image size of job updated: 55268
	54  -  MemoryUsage of job (MB)
	55268  -  ResidentSetSize of job (KB)
...
006 (7995.499.000) 06/06 22:14:37 Image size of job updated: 55280
	54  -  MemoryUsage of job (MB)
	55280  -  ResidentSetSize of job (KB)
...
006 (7995.499.000) 06/06 22:19:37 Image size of job updated: 55308
	55  -  MemoryUsage of job (MB)
	55308  -  ResidentSetSize of job (KB)
...
006 (7995.499.000) 06/06 22:24:38 Image size of job updated: 55336
	55  -  MemoryUsage of job (MB)
	55336  -  ResidentSetSize of job (KB)
...
006 (7995.499.000) 06/06 22:29:39 Image size of job updated: 55360
	55  -  MemoryUsage of job (MB)
	55360  -  ResidentSetSize of job (KB)
...
005 (7995.499.000) 06/06 22:30:15 Job terminated.
	(1) Normal termination (return value 0)
		Usr 0 01:38:19, Sys 0 00:00:02  -  Run Remote Usage
		Usr 0 00:00:00, Sys 0 00:00:00  -  Run Local Usage
		Usr 0 01:38:19, Sys 0 00:00:02  -  Total Remote Usage
		Usr 0 00:00:00, Sys 0 00:00:00  -  Total Local Usage
	0  -  Run Bytes Sent By Job
	0  -  Run Bytes Received By Job
	0  -  Total Bytes Sent By Job
	0  -  Total Bytes Received By Job
	Partitionable Resources :    Usage  Request Allocated 
	   Cpus                 :     0.97        1         1 
	   Disk (KB)            :     1           1    257754 
	   Memory (MB)          :    55           1      1005 
...
