000 (7995.167.000) 06/06 17:40:55 Job submitted from host: <172.16.11.200:9618?addrs=172.16.11.200-9618&noUDP&sock=15237_350b_4>
...
001 (7995.167.000) 06/06 19:22:44 Job executing on host: <172.16.11.233:9618?addrs=172.16.11.233-9618&alias=pc-farm3&noUDP&sock=startd_6840_904a>
...
006 (7995.167.000) 06/06 19:22:53 Image size of job updated: 57116
	56  -  MemoryUsage of job (MB)
	57116  -  ResidentSetSize of job (KB)
...
006 (7995.167.000) 06/06 20:17:59 Image size of job updated: 57140
	56  -  MemoryUsage of job (MB)
	57140  -  ResidentSetSize of job (KB)
...
006 (7995.167.000) 06/06 20:23:00 Image size of job updated: 57168
	56  -  MemoryUsage of job (MB)
	57168  -  ResidentSetSize of job (KB)
...
006 (7995.167.000) 06/06 20:33:00 Image size of job updated: 57256
	56  -  MemoryUsage of job (MB)
	57256  -  ResidentSetSize of job (KB)
...
006 (7995.167.000) 06/06 20:38:01 Image size of job updated: 57280
	56  -  MemoryUsage of job (MB)
	57280  -  ResidentSetSize of job (KB)
...
006 (7995.167.000) 06/06 20:43:01 Image size of job updated: 57660
	57  -  MemoryUsage of job (MB)
	57660  -  ResidentSetSize of job (KB)
...
005 (7995.167.000) 06/06 20:59:16 Job terminated.
	(1) Normal termination (return value 0)
		Usr 0 01:35:26, Sys 0 00:00:02  -  Run Remote Usage
		Usr 0 00:00:00, Sys 0 00:00:00  -  Run Local Usage
		Usr 0 01:35:26, Sys 0 00:00:02  -  Total Remote Usage
		Usr 0 00:00:00, Sys 0 00:00:00  -  Total Local Usage
	0  -  Run Bytes Sent By Job
	0  -  Run Bytes Received By Job
	0  -  Total Bytes Sent By Job
	0  -  Total Bytes Received By Job
	Partitionable Resources :    Usage  Request Allocated 
	   Cpus                 :     0.99        1         1 
	   Disk (KB)            :     1           1    257754 
	   Memory (MB)          :    57           1      1005 
...
