000 (7995.112.000) 06/06 17:40:55 Job submitted from host: <172.16.11.200:9618?addrs=172.16.11.200-9618&noUDP&sock=15237_350b_4>
...
001 (7995.112.000) 06/06 19:17:43 Job executing on host: <172.16.11.233:9618?addrs=172.16.11.233-9618&alias=pc-farm3&noUDP&sock=startd_6840_904a>
...
006 (7995.112.000) 06/06 19:17:51 Image size of job updated: 59148
	58  -  MemoryUsage of job (MB)
	59148  -  ResidentSetSize of job (KB)
...
006 (7995.112.000) 06/06 19:57:55 Image size of job updated: 59888
	59  -  MemoryUsage of job (MB)
	59888  -  ResidentSetSize of job (KB)
...
006 (7995.112.000) 06/06 20:02:56 Image size of job updated: 60036
	59  -  MemoryUsage of job (MB)
	60036  -  ResidentSetSize of job (KB)
...
006 (7995.112.000) 06/06 20:07:56 Image size of job updated: 60188
	59  -  MemoryUsage of job (MB)
	60188  -  ResidentSetSize of job (KB)
...
006 (7995.112.000) 06/06 20:32:59 Image size of job updated: 60228
	59  -  MemoryUsage of job (MB)
	60228  -  ResidentSetSize of job (KB)
...
006 (7995.112.000) 06/06 20:53:01 Image size of job updated: 60336
	59  -  MemoryUsage of job (MB)
	60336  -  ResidentSetSize of job (KB)
...
005 (7995.112.000) 06/06 20:57:56 Job terminated.
	(1) Normal termination (return value 0)
		Usr 0 01:39:29, Sys 0 00:00:02  -  Run Remote Usage
		Usr 0 00:00:00, Sys 0 00:00:00  -  Run Local Usage
		Usr 0 01:39:29, Sys 0 00:00:02  -  Total Remote Usage
		Usr 0 00:00:00, Sys 0 00:00:00  -  Total Local Usage
	0  -  Run Bytes Sent By Job
	0  -  Run Bytes Received By Job
	0  -  Total Bytes Sent By Job
	0  -  Total Bytes Received By Job
	Partitionable Resources :    Usage  Request Allocated 
	   Cpus                 :     0.99        1         1 
	   Disk (KB)            :     1           1    257754 
	   Memory (MB)          :    59           1      1005 
...
