000 (7995.498.000) 06/06 17:40:55 Job submitted from host: <172.16.11.200:9618?addrs=172.16.11.200-9618&noUDP&sock=15237_350b_4>
...
001 (7995.498.000) 06/06 20:49:20 Job executing on host: <172.16.11.233:9618?addrs=172.16.11.233-9618&alias=pc-farm3&noUDP&sock=startd_6840_904a>
...
006 (7995.498.000) 06/06 20:49:30 Image size of job updated: 54604
	54  -  MemoryUsage of job (MB)
	54604  -  ResidentSetSize of job (KB)
...
006 (7995.498.000) 06/06 21:29:33 Image size of job updated: 54764
	54  -  MemoryUsage of job (MB)
	54764  -  ResidentSetSize of job (KB)
...
006 (7995.498.000) 06/06 21:34:33 Image size of job updated: 54916
	54  -  MemoryUsage of job (MB)
	54916  -  ResidentSetSize of job (KB)
...
006 (7995.498.000) 06/06 21:44:35 Image size of job updated: 54964
	54  -  MemoryUsage of job (MB)
	54964  -  ResidentSetSize of job (KB)
...
006 (7995.498.000) 06/06 21:49:35 Image size of job updated: 54992
	54  -  MemoryUsage of job (MB)
	54992  -  ResidentSetSize of job (KB)
...
006 (7995.498.000) 06/06 21:59:37 Image size of job updated: 55044
	54  -  MemoryUsage of job (MB)
	55044  -  ResidentSetSize of job (KB)
...
006 (7995.498.000) 06/06 22:19:38 Image size of job updated: 55048
	54  -  MemoryUsage of job (MB)
	55048  -  ResidentSetSize of job (KB)
...
006 (7995.498.000) 06/06 22:24:38 Image size of job updated: 55200
	54  -  MemoryUsage of job (MB)
	55200  -  ResidentSetSize of job (KB)
...
005 (7995.498.000) 06/06 22:33:11 Job terminated.
	(1) Normal termination (return value 0)
		Usr 0 01:39:10, Sys 0 00:00:02  -  Run Remote Usage
		Usr 0 00:00:00, Sys 0 00:00:00  -  Run Local Usage
		Usr 0 01:39:10, Sys 0 00:00:02  -  Total Remote Usage
		Usr 0 00:00:00, Sys 0 00:00:00  -  Total Local Usage
	0  -  Run Bytes Sent By Job
	0  -  Run Bytes Received By Job
	0  -  Total Bytes Sent By Job
	0  -  Total Bytes Received By Job
	Partitionable Resources :    Usage  Request Allocated 
	   Cpus                 :     0.96        1         1 
	   Disk (KB)            :     1           1    257754 
	   Memory (MB)          :    54           1      1005 
...
