000 (7995.323.000) 06/06 17:40:55 Job submitted from host: <172.16.11.200:9618?addrs=172.16.11.200-9618&noUDP&sock=15237_350b_4>
...
001 (7995.323.000) 06/06 19:34:44 Job executing on host: <172.16.11.233:9618?addrs=172.16.11.233-9618&alias=pc-farm3&noUDP&sock=startd_6840_904a>
...
006 (7995.323.000) 06/06 19:34:53 Image size of job updated: 56368
	56  -  MemoryUsage of job (MB)
	56368  -  ResidentSetSize of job (KB)
...
006 (7995.323.000) 06/06 20:19:58 Image size of job updated: 56488
	56  -  MemoryUsage of job (MB)
	56488  -  ResidentSetSize of job (KB)
...
006 (7995.323.000) 06/06 20:45:01 Image size of job updated: 56528
	56  -  MemoryUsage of job (MB)
	56528  -  ResidentSetSize of job (KB)
...
006 (7995.323.000) 06/06 20:50:01 Image size of job updated: 56552
	56  -  MemoryUsage of job (MB)
	56552  -  ResidentSetSize of job (KB)
...
006 (7995.323.000) 06/06 21:05:03 Image size of job updated: 56696
	56  -  MemoryUsage of job (MB)
	56696  -  ResidentSetSize of job (KB)
...
006 (7995.323.000) 06/06 21:10:03 Image size of job updated: 56724
	56  -  MemoryUsage of job (MB)
	56724  -  ResidentSetSize of job (KB)
...
005 (7995.323.000) 06/06 21:13:53 Job terminated.
	(1) Normal termination (return value 0)
		Usr 0 01:38:19, Sys 0 00:00:02  -  Run Remote Usage
		Usr 0 00:00:00, Sys 0 00:00:00  -  Run Local Usage
		Usr 0 01:38:19, Sys 0 00:00:02  -  Total Remote Usage
		Usr 0 00:00:00, Sys 0 00:00:00  -  Total Local Usage
	0  -  Run Bytes Sent By Job
	0  -  Run Bytes Received By Job
	0  -  Total Bytes Sent By Job
	0  -  Total Bytes Received By Job
	Partitionable Resources :    Usage  Request Allocated 
	   Cpus                 :     0.93        1         1 
	   Disk (KB)            :     1           1    257754 
	   Memory (MB)          :    56           1      1005 
...
