000 (7995.158.000) 06/06 17:40:55 Job submitted from host: <172.16.11.200:9618?addrs=172.16.11.200-9618&noUDP&sock=15237_350b_4>
...
001 (7995.158.000) 06/06 19:21:44 Job executing on host: <172.16.11.233:9618?addrs=172.16.11.233-9618&alias=pc-farm3&noUDP&sock=startd_6840_904a>
...
006 (7995.158.000) 06/06 19:21:53 Image size of job updated: 57340
	56  -  MemoryUsage of job (MB)
	57340  -  ResidentSetSize of job (KB)
...
006 (7995.158.000) 06/06 19:56:57 Image size of job updated: 57448
	57  -  MemoryUsage of job (MB)
	57448  -  ResidentSetSize of job (KB)
...
006 (7995.158.000) 06/06 20:26:59 Image size of job updated: 57480
	57  -  MemoryUsage of job (MB)
	57480  -  ResidentSetSize of job (KB)
...
006 (7995.158.000) 06/06 20:42:00 Image size of job updated: 57568
	57  -  MemoryUsage of job (MB)
	57568  -  ResidentSetSize of job (KB)
...
006 (7995.158.000) 06/06 20:47:01 Image size of job updated: 57596
	57  -  MemoryUsage of job (MB)
	57596  -  ResidentSetSize of job (KB)
...
006 (7995.158.000) 06/06 20:52:02 Image size of job updated: 57620
	57  -  MemoryUsage of job (MB)
	57620  -  ResidentSetSize of job (KB)
...
006 (7995.158.000) 06/06 21:02:03 Image size of job updated: 57676
	57  -  MemoryUsage of job (MB)
	57676  -  ResidentSetSize of job (KB)
...
005 (7995.158.000) 06/06 21:02:23 Job terminated.
	(1) Normal termination (return value 0)
		Usr 0 01:39:35, Sys 0 00:00:01  -  Run Remote Usage
		Usr 0 00:00:00, Sys 0 00:00:00  -  Run Local Usage
		Usr 0 01:39:35, Sys 0 00:00:01  -  Total Remote Usage
		Usr 0 00:00:00, Sys 0 00:00:00  -  Total Local Usage
	0  -  Run Bytes Sent By Job
	0  -  Run Bytes Received By Job
	0  -  Total Bytes Sent By Job
	0  -  Total Bytes Received By Job
	Partitionable Resources :    Usage  Request Allocated 
	   Cpus                 :     0.99        1         1 
	   Disk (KB)            :     1           1    257754 
	   Memory (MB)          :    57           1      1005 
...
