000 (7995.082.000) 06/06 17:40:55 Job submitted from host: <172.16.11.200:9618?addrs=172.16.11.200-9618&noUDP&sock=15237_350b_4>
...
001 (7995.082.000) 06/06 19:15:44 Job executing on host: <172.16.11.233:9618?addrs=172.16.11.233-9618&alias=pc-farm3&noUDP&sock=startd_6840_904a>
...
006 (7995.082.000) 06/06 19:15:53 Image size of job updated: 56412
	56  -  MemoryUsage of job (MB)
	56412  -  ResidentSetSize of job (KB)
...
006 (7995.082.000) 06/06 19:55:57 Image size of job updated: 56460
	56  -  MemoryUsage of job (MB)
	56460  -  ResidentSetSize of job (KB)
...
006 (7995.082.000) 06/06 20:00:57 Image size of job updated: 56492
	56  -  MemoryUsage of job (MB)
	56492  -  ResidentSetSize of job (KB)
...
006 (7995.082.000) 06/06 20:05:58 Image size of job updated: 56640
	56  -  MemoryUsage of job (MB)
	56640  -  ResidentSetSize of job (KB)
...
006 (7995.082.000) 06/06 20:10:59 Image size of job updated: 56664
	56  -  MemoryUsage of job (MB)
	56664  -  ResidentSetSize of job (KB)
...
006 (7995.082.000) 06/06 20:26:00 Image size of job updated: 56744
	56  -  MemoryUsage of job (MB)
	56744  -  ResidentSetSize of job (KB)
...
006 (7995.082.000) 06/06 20:41:02 Image size of job updated: 56852
	56  -  MemoryUsage of job (MB)
	56852  -  ResidentSetSize of job (KB)
...
005 (7995.082.000) 06/06 20:56:26 Job terminated.
	(1) Normal termination (return value 0)
		Usr 0 01:39:37, Sys 0 00:00:01  -  Run Remote Usage
		Usr 0 00:00:00, Sys 0 00:00:00  -  Run Local Usage
		Usr 0 01:39:37, Sys 0 00:00:01  -  Total Remote Usage
		Usr 0 00:00:00, Sys 0 00:00:00  -  Total Local Usage
	0  -  Run Bytes Sent By Job
	0  -  Run Bytes Received By Job
	0  -  Total Bytes Sent By Job
	0  -  Total Bytes Received By Job
	Partitionable Resources :    Usage  Request Allocated 
	   Cpus                 :     0.99        1         1 
	   Disk (KB)            :     1           1    257754 
	   Memory (MB)          :    56           1      1005 
...
