000 (7995.173.000) 06/06 17:40:55 Job submitted from host: <172.16.11.200:9618?addrs=172.16.11.200-9618&noUDP&sock=15237_350b_4>
...
001 (7995.173.000) 06/06 19:22:45 Job executing on host: <172.16.11.233:9618?addrs=172.16.11.233-9618&alias=pc-farm3&noUDP&sock=startd_6840_904a>
...
006 (7995.173.000) 06/06 19:22:54 Image size of job updated: 55332
	55  -  MemoryUsage of job (MB)
	55332  -  ResidentSetSize of job (KB)
...
006 (7995.173.000) 06/06 19:32:54 Image size of job updated: 55432
	55  -  MemoryUsage of job (MB)
	55432  -  ResidentSetSize of job (KB)
...
006 (7995.173.000) 06/06 19:47:55 Image size of job updated: 55456
	55  -  MemoryUsage of job (MB)
	55456  -  ResidentSetSize of job (KB)
...
006 (7995.173.000) 06/06 19:52:56 Image size of job updated: 55604
	55  -  MemoryUsage of job (MB)
	55604  -  ResidentSetSize of job (KB)
...
006 (7995.173.000) 06/06 20:02:56 Image size of job updated: 55660
	55  -  MemoryUsage of job (MB)
	55660  -  ResidentSetSize of job (KB)
...
006 (7995.173.000) 06/06 20:28:00 Image size of job updated: 55672
	55  -  MemoryUsage of job (MB)
	55672  -  ResidentSetSize of job (KB)
...
006 (7995.173.000) 06/06 20:33:00 Image size of job updated: 55732
	55  -  MemoryUsage of job (MB)
	55732  -  ResidentSetSize of job (KB)
...
006 (7995.173.000) 06/06 20:43:01 Image size of job updated: 55788
	55  -  MemoryUsage of job (MB)
	55788  -  ResidentSetSize of job (KB)
...
006 (7995.173.000) 06/06 20:48:01 Image size of job updated: 55988
	55  -  MemoryUsage of job (MB)
	55988  -  ResidentSetSize of job (KB)
...
006 (7995.173.000) 06/06 20:53:01 Image size of job updated: 56012
	55  -  MemoryUsage of job (MB)
	56012  -  ResidentSetSize of job (KB)
...
006 (7995.173.000) 06/06 20:58:02 Image size of job updated: 56044
	55  -  MemoryUsage of job (MB)
	56044  -  ResidentSetSize of job (KB)
...
005 (7995.173.000) 06/06 21:00:36 Job terminated.
	(1) Normal termination (return value 0)
		Usr 0 01:37:07, Sys 0 00:00:01  -  Run Remote Usage
		Usr 0 00:00:00, Sys 0 00:00:00  -  Run Local Usage
		Usr 0 01:37:07, Sys 0 00:00:01  -  Total Remote Usage
		Usr 0 00:00:00, Sys 0 00:00:00  -  Total Local Usage
	0  -  Run Bytes Sent By Job
	0  -  Run Bytes Received By Job
	0  -  Total Bytes Sent By Job
	0  -  Total Bytes Received By Job
	Partitionable Resources :    Usage  Request Allocated 
	   Cpus                 :     0.99        1         1 
	   Disk (KB)            :     1           1    257754 
	   Memory (MB)          :    55           1      1005 
...
