000 (7995.406.000) 06/06 17:40:55 Job submitted from host: <172.16.11.200:9618?addrs=172.16.11.200-9618&noUDP&sock=15237_350b_4>
...
001 (7995.406.000) 06/06 19:42:45 Job executing on host: <172.16.11.233:9618?addrs=172.16.11.233-9618&alias=pc-farm3&noUDP&sock=startd_6840_904a>
...
006 (7995.406.000) 06/06 19:42:54 Image size of job updated: 54848
	54  -  MemoryUsage of job (MB)
	54848  -  ResidentSetSize of job (KB)
...
006 (7995.406.000) 06/06 20:07:55 Image size of job updated: 54872
	54  -  MemoryUsage of job (MB)
	54872  -  ResidentSetSize of job (KB)
...
006 (7995.406.000) 06/06 20:37:59 Image size of job updated: 54896
	54  -  MemoryUsage of job (MB)
	54896  -  ResidentSetSize of job (KB)
...
006 (7995.406.000) 06/06 20:42:59 Image size of job updated: 54920
	54  -  MemoryUsage of job (MB)
	54920  -  ResidentSetSize of job (KB)
...
006 (7995.406.000) 06/06 21:03:01 Image size of job updated: 55060
	54  -  MemoryUsage of job (MB)
	55060  -  ResidentSetSize of job (KB)
...
006 (7995.406.000) 06/06 21:13:02 Image size of job updated: 55112
	54  -  MemoryUsage of job (MB)
	55112  -  ResidentSetSize of job (KB)
...
006 (7995.406.000) 06/06 21:18:03 Image size of job updated: 55264
	54  -  MemoryUsage of job (MB)
	55264  -  ResidentSetSize of job (KB)
...
005 (7995.406.000) 06/06 21:21:43 Job terminated.
	(1) Normal termination (return value 0)
		Usr 0 01:36:50, Sys 0 00:00:01  -  Run Remote Usage
		Usr 0 00:00:00, Sys 0 00:00:00  -  Run Local Usage
		Usr 0 01:36:50, Sys 0 00:00:01  -  Total Remote Usage
		Usr 0 00:00:00, Sys 0 00:00:00  -  Total Local Usage
	0  -  Run Bytes Sent By Job
	0  -  Run Bytes Received By Job
	0  -  Total Bytes Sent By Job
	0  -  Total Bytes Received By Job
	Partitionable Resources :    Usage  Request Allocated 
	   Cpus                 :     0.99        1         1 
	   Disk (KB)            :     1           1    257754 
	   Memory (MB)          :    54           1      1005 
...
