000 (7995.150.000) 06/06 17:40:55 Job submitted from host: <172.16.11.200:9618?addrs=172.16.11.200-9618&noUDP&sock=15237_350b_4>
...
001 (7995.150.000) 06/06 19:20:44 Job executing on host: <172.16.11.233:9618?addrs=172.16.11.233-9618&alias=pc-farm3&noUDP&sock=startd_6840_904a>
...
006 (7995.150.000) 06/06 19:20:53 Image size of job updated: 55472
	55  -  MemoryUsage of job (MB)
	55472  -  ResidentSetSize of job (KB)
...
006 (7995.150.000) 06/06 19:50:56 Image size of job updated: 55740
	55  -  MemoryUsage of job (MB)
	55740  -  ResidentSetSize of job (KB)
...
006 (7995.150.000) 06/06 20:31:00 Image size of job updated: 56248
	55  -  MemoryUsage of job (MB)
	56248  -  ResidentSetSize of job (KB)
...
006 (7995.150.000) 06/06 20:36:00 Image size of job updated: 56276
	55  -  MemoryUsage of job (MB)
	56276  -  ResidentSetSize of job (KB)
...
006 (7995.150.000) 06/06 20:41:01 Image size of job updated: 56304
	55  -  MemoryUsage of job (MB)
	56304  -  ResidentSetSize of job (KB)
...
006 (7995.150.000) 06/06 20:51:02 Image size of job updated: 56360
	56  -  MemoryUsage of job (MB)
	56360  -  ResidentSetSize of job (KB)
...
005 (7995.150.000) 06/06 20:55:31 Job terminated.
	(1) Normal termination (return value 0)
		Usr 0 01:34:00, Sys 0 00:00:02  -  Run Remote Usage
		Usr 0 00:00:00, Sys 0 00:00:00  -  Run Local Usage
		Usr 0 01:34:00, Sys 0 00:00:02  -  Total Remote Usage
		Usr 0 00:00:00, Sys 0 00:00:00  -  Total Local Usage
	0  -  Run Bytes Sent By Job
	0  -  Run Bytes Received By Job
	0  -  Total Bytes Sent By Job
	0  -  Total Bytes Received By Job
	Partitionable Resources :    Usage  Request Allocated 
	   Cpus                 :     0.99        1         1 
	   Disk (KB)            :     1           1    257754 
	   Memory (MB)          :    56           1      1005 
...
