000 (7995.161.000) 06/06 17:40:55 Job submitted from host: <172.16.11.200:9618?addrs=172.16.11.200-9618&noUDP&sock=15237_350b_4>
...
001 (7995.161.000) 06/06 19:21:45 Job executing on host: <172.16.11.231:9618?addrs=172.16.11.231-9618&noUDP&sock=startd_22555_bf1b_4>
...
006 (7995.161.000) 06/06 19:21:53 Image size of job updated: 49584
	49  -  MemoryUsage of job (MB)
	49584  -  ResidentSetSize of job (KB)
...
006 (7995.161.000) 06/06 20:11:58 Image size of job updated: 49736
	49  -  MemoryUsage of job (MB)
	49736  -  ResidentSetSize of job (KB)
...
006 (7995.161.000) 06/06 21:08:45 Image size of job updated: 345868
	49  -  MemoryUsage of job (MB)
	49736  -  ResidentSetSize of job (KB)
...
005 (7995.161.000) 06/06 21:08:46 Job terminated.
	(1) Normal termination (return value 0)
		Usr 0 01:46:59, Sys 0 00:00:00  -  Run Remote Usage
		Usr 0 00:00:00, Sys 0 00:00:00  -  Run Local Usage
		Usr 0 01:46:59, Sys 0 00:00:00  -  Total Remote Usage
		Usr 0 00:00:00, Sys 0 00:00:00  -  Total Local Usage
	0  -  Run Bytes Sent By Job
	0  -  Run Bytes Received By Job
	0  -  Total Bytes Sent By Job
	0  -  Total Bytes Received By Job
	Partitionable Resources :    Usage  Request Allocated 
	   Cpus                 :     1.00        1         1 
	   Disk (KB)            :     1           1    245633 
	   Memory (MB)          :    49           1      2008 
...
