000 (7995.262.000) 06/06 17:40:55 Job submitted from host: <172.16.11.200:9618?addrs=172.16.11.200-9618&noUDP&sock=15237_350b_4>
...
001 (7995.262.000) 06/06 19:29:44 Job executing on host: <172.16.11.249:9618?addrs=172.16.11.249-9618&alias=gpu-farm1&noUDP&sock=startd_30984_56e4_4>
...
006 (7995.262.000) 06/06 19:29:53 Image size of job updated: 49796
	49  -  MemoryUsage of job (MB)
	49796  -  ResidentSetSize of job (KB)
...
006 (7995.262.000) 06/06 19:39:54 Image size of job updated: 49800
	49  -  MemoryUsage of job (MB)
	49800  -  ResidentSetSize of job (KB)
...
005 (7995.262.000) 06/06 21:08:16 Job terminated.
	(1) Normal termination (return value 0)
		Usr 0 01:38:30, Sys 0 00:00:00  -  Run Remote Usage
		Usr 0 00:00:00, Sys 0 00:00:00  -  Run Local Usage
		Usr 0 01:38:30, Sys 0 00:00:00  -  Total Remote Usage
		Usr 0 00:00:00, Sys 0 00:00:00  -  Total Local Usage
	0  -  Run Bytes Sent By Job
	0  -  Run Bytes Received By Job
	0  -  Total Bytes Sent By Job
	0  -  Total Bytes Received By Job
	Partitionable Resources :    Usage  Request Allocated 
	   Cpus                 :     1.00        1         1 
	   Disk (KB)            :     1           1    253750 
	   Memory (MB)          :    49           1      4014 
...
