000 (7995.318.000) 06/06 17:40:55 Job submitted from host: <172.16.11.200:9618?addrs=172.16.11.200-9618&noUDP&sock=15237_350b_4>
...
001 (7995.318.000) 06/06 19:34:45 Job executing on host: <172.16.11.232:9618?addrs=172.16.11.232-9618&alias=pc-farm2&noUDP&sock=startd_5675_7874_4>
...
006 (7995.318.000) 06/06 19:34:53 Image size of job updated: 49800
	49  -  MemoryUsage of job (MB)
	49800  -  ResidentSetSize of job (KB)
...
006 (7995.318.000) 06/06 21:13:24 Image size of job updated: 345908
	49  -  MemoryUsage of job (MB)
	49800  -  ResidentSetSize of job (KB)
...
005 (7995.318.000) 06/06 21:13:24 Job terminated.
	(1) Normal termination (return value 0)
		Usr 0 01:37:42, Sys 0 00:00:02  -  Run Remote Usage
		Usr 0 00:00:00, Sys 0 00:00:00  -  Run Local Usage
		Usr 0 01:37:42, Sys 0 00:00:02  -  Total Remote Usage
		Usr 0 00:00:00, Sys 0 00:00:00  -  Total Local Usage
	0  -  Run Bytes Sent By Job
	0  -  Run Bytes Received By Job
	0  -  Total Bytes Sent By Job
	0  -  Total Bytes Received By Job
	Partitionable Resources :    Usage  Request Allocated 
	   Cpus                 :     0.99        1         1 
	   Disk (KB)            :     1           1    235335 
	   Memory (MB)          :    49           1      1005 
...
