000 (7995.058.000) 06/06 17:40:55 Job submitted from host: <172.16.11.200:9618?addrs=172.16.11.200-9618&noUDP&sock=15237_350b_4>
...
001 (7995.058.000) 06/06 19:13:43 Job executing on host: <172.16.11.233:9618?addrs=172.16.11.233-9618&alias=pc-farm3&noUDP&sock=startd_6840_904a>
...
006 (7995.058.000) 06/06 19:13:52 Image size of job updated: 58476
	58  -  MemoryUsage of job (MB)
	58476  -  ResidentSetSize of job (KB)
...
006 (7995.058.000) 06/06 20:13:57 Image size of job updated: 58488
	58  -  MemoryUsage of job (MB)
	58488  -  ResidentSetSize of job (KB)
...
006 (7995.058.000) 06/06 20:18:58 Image size of job updated: 58516
	58  -  MemoryUsage of job (MB)
	58516  -  ResidentSetSize of job (KB)
...
006 (7995.058.000) 06/06 20:23:59 Image size of job updated: 58540
	58  -  MemoryUsage of job (MB)
	58540  -  ResidentSetSize of job (KB)
...
006 (7995.058.000) 06/06 20:28:59 Image size of job updated: 58724
	58  -  MemoryUsage of job (MB)
	58724  -  ResidentSetSize of job (KB)
...
005 (7995.058.000) 06/06 20:53:36 Job terminated.
	(1) Normal termination (return value 0)
		Usr 0 01:38:58, Sys 0 00:00:01  -  Run Remote Usage
		Usr 0 00:00:00, Sys 0 00:00:00  -  Run Local Usage
		Usr 0 01:38:58, Sys 0 00:00:01  -  Total Remote Usage
		Usr 0 00:00:00, Sys 0 00:00:00  -  Total Local Usage
	0  -  Run Bytes Sent By Job
	0  -  Run Bytes Received By Job
	0  -  Total Bytes Sent By Job
	0  -  Total Bytes Received By Job
	Partitionable Resources :    Usage  Request Allocated 
	   Cpus                 :     0.99        1         1 
	   Disk (KB)            :     1           1    257754 
	   Memory (MB)          :    58           1      1005 
...
