000 (7995.095.000) 06/06 17:40:55 Job submitted from host: <172.16.11.200:9618?addrs=172.16.11.200-9618&noUDP&sock=15237_350b_4>
...
001 (7995.095.000) 06/06 19:16:44 Job executing on host: <172.16.11.233:9618?addrs=172.16.11.233-9618&alias=pc-farm3&noUDP&sock=startd_6840_904a>
...
006 (7995.095.000) 06/06 19:16:53 Image size of job updated: 57304
	56  -  MemoryUsage of job (MB)
	57304  -  ResidentSetSize of job (KB)
...
006 (7995.095.000) 06/06 19:56:58 Image size of job updated: 57380
	57  -  MemoryUsage of job (MB)
	57380  -  ResidentSetSize of job (KB)
...
006 (7995.095.000) 06/06 20:06:58 Image size of job updated: 57432
	57  -  MemoryUsage of job (MB)
	57432  -  ResidentSetSize of job (KB)
...
006 (7995.095.000) 06/06 20:11:59 Image size of job updated: 57580
	57  -  MemoryUsage of job (MB)
	57580  -  ResidentSetSize of job (KB)
...
006 (7995.095.000) 06/06 20:22:00 Image size of job updated: 57632
	57  -  MemoryUsage of job (MB)
	57632  -  ResidentSetSize of job (KB)
...
006 (7995.095.000) 06/06 20:32:01 Image size of job updated: 57720
	57  -  MemoryUsage of job (MB)
	57720  -  ResidentSetSize of job (KB)
...
006 (7995.095.000) 06/06 20:42:01 Image size of job updated: 57772
	57  -  MemoryUsage of job (MB)
	57772  -  ResidentSetSize of job (KB)
...
005 (7995.095.000) 06/06 20:55:34 Job terminated.
	(1) Normal termination (return value 0)
		Usr 0 01:37:56, Sys 0 00:00:02  -  Run Remote Usage
		Usr 0 00:00:00, Sys 0 00:00:00  -  Run Local Usage
		Usr 0 01:37:56, Sys 0 00:00:02  -  Total Remote Usage
		Usr 0 00:00:00, Sys 0 00:00:00  -  Total Local Usage
	0  -  Run Bytes Sent By Job
	0  -  Run Bytes Received By Job
	0  -  Total Bytes Sent By Job
	0  -  Total Bytes Received By Job
	Partitionable Resources :    Usage  Request Allocated 
	   Cpus                 :     0.99        1         1 
	   Disk (KB)            :     1           1    257754 
	   Memory (MB)          :    57           1      1005 
...
