000 (7995.029.000) 06/06 17:40:55 Job submitted from host: <172.16.11.200:9618?addrs=172.16.11.200-9618&noUDP&sock=15237_350b_4>
...
001 (7995.029.000) 06/06 19:10:43 Job executing on host: <172.16.11.233:9618?addrs=172.16.11.233-9618&alias=pc-farm3&noUDP&sock=startd_6840_904a>
...
006 (7995.029.000) 06/06 19:10:52 Image size of job updated: 55936
	55  -  MemoryUsage of job (MB)
	55936  -  ResidentSetSize of job (KB)
...
006 (7995.029.000) 06/06 19:50:56 Image size of job updated: 56400
	56  -  MemoryUsage of job (MB)
	56400  -  ResidentSetSize of job (KB)
...
006 (7995.029.000) 06/06 19:55:56 Image size of job updated: 56424
	56  -  MemoryUsage of job (MB)
	56424  -  ResidentSetSize of job (KB)
...
006 (7995.029.000) 06/06 20:05:57 Image size of job updated: 56480
	56  -  MemoryUsage of job (MB)
	56480  -  ResidentSetSize of job (KB)
...
006 (7995.029.000) 06/06 20:10:57 Image size of job updated: 56508
	56  -  MemoryUsage of job (MB)
	56508  -  ResidentSetSize of job (KB)
...
006 (7995.029.000) 06/06 20:15:59 Image size of job updated: 56536
	56  -  MemoryUsage of job (MB)
	56536  -  ResidentSetSize of job (KB)
...
006 (7995.029.000) 06/06 20:20:59 Image size of job updated: 56596
	56  -  MemoryUsage of job (MB)
	56596  -  ResidentSetSize of job (KB)
...
006 (7995.029.000) 06/06 20:31:00 Image size of job updated: 56656
	56  -  MemoryUsage of job (MB)
	56656  -  ResidentSetSize of job (KB)
...
006 (7995.029.000) 06/06 20:36:01 Image size of job updated: 56684
	56  -  MemoryUsage of job (MB)
	56684  -  ResidentSetSize of job (KB)
...
006 (7995.029.000) 06/06 20:41:01 Image size of job updated: 56712
	56  -  MemoryUsage of job (MB)
	56712  -  ResidentSetSize of job (KB)
...
006 (7995.029.000) 06/06 20:46:01 Image size of job updated: 56740
	56  -  MemoryUsage of job (MB)
	56740  -  ResidentSetSize of job (KB)
...
005 (7995.029.000) 06/06 20:46:15 Job terminated.
	(1) Normal termination (return value 0)
		Usr 0 01:34:40, Sys 0 00:00:02  -  Run Remote Usage
		Usr 0 00:00:00, Sys 0 00:00:00  -  Run Local Usage
		Usr 0 01:34:40, Sys 0 00:00:02  -  Total Remote Usage
		Usr 0 00:00:00, Sys 0 00:00:00  -  Total Local Usage
	0  -  Run Bytes Sent By Job
	0  -  Run Bytes Received By Job
	0  -  Total Bytes Sent By Job
	0  -  Total Bytes Received By Job
	Partitionable Resources :    Usage  Request Allocated 
	   Cpus                 :     0.99        1         1 
	   Disk (KB)            :     1           1    257754 
	   Memory (MB)          :    56           1      1005 
...
