000 (7995.094.000) 06/06 17:40:55 Job submitted from host: <172.16.11.200:9618?addrs=172.16.11.200-9618&noUDP&sock=15237_350b_4>
...
001 (7995.094.000) 06/06 19:16:44 Job executing on host: <172.16.11.233:9618?addrs=172.16.11.233-9618&alias=pc-farm3&noUDP&sock=startd_6840_904a>
...
006 (7995.094.000) 06/06 19:16:52 Image size of job updated: 55860
	55  -  MemoryUsage of job (MB)
	55860  -  ResidentSetSize of job (KB)
...
006 (7995.094.000) 06/06 19:51:56 Image size of job updated: 55956
	55  -  MemoryUsage of job (MB)
	55956  -  ResidentSetSize of job (KB)
...
006 (7995.094.000) 06/06 19:56:56 Image size of job updated: 56500
	56  -  MemoryUsage of job (MB)
	56500  -  ResidentSetSize of job (KB)
...
006 (7995.094.000) 06/06 20:01:57 Image size of job updated: 56524
	56  -  MemoryUsage of job (MB)
	56524  -  ResidentSetSize of job (KB)
...
006 (7995.094.000) 06/06 20:06:57 Image size of job updated: 56676
	56  -  MemoryUsage of job (MB)
	56676  -  ResidentSetSize of job (KB)
...
006 (7995.094.000) 06/06 20:11:57 Image size of job updated: 56700
	56  -  MemoryUsage of job (MB)
	56700  -  ResidentSetSize of job (KB)
...
006 (7995.094.000) 06/06 20:21:59 Image size of job updated: 56876
	56  -  MemoryUsage of job (MB)
	56876  -  ResidentSetSize of job (KB)
...
006 (7995.094.000) 06/06 20:47:01 Image size of job updated: 56916
	56  -  MemoryUsage of job (MB)
	56916  -  ResidentSetSize of job (KB)
...
005 (7995.094.000) 06/06 20:58:20 Job terminated.
	(1) Normal termination (return value 0)
		Usr 0 01:40:47, Sys 0 00:00:01  -  Run Remote Usage
		Usr 0 00:00:00, Sys 0 00:00:00  -  Run Local Usage
		Usr 0 01:40:47, Sys 0 00:00:01  -  Total Remote Usage
		Usr 0 00:00:00, Sys 0 00:00:00  -  Total Local Usage
	0  -  Run Bytes Sent By Job
	0  -  Run Bytes Received By Job
	0  -  Total Bytes Sent By Job
	0  -  Total Bytes Received By Job
	Partitionable Resources :    Usage  Request Allocated 
	   Cpus                 :     0.99        1         1 
	   Disk (KB)            :     1           1    257754 
	   Memory (MB)          :    56           1      1005 
...
