000 (7995.415.000) 06/06 17:40:55 Job submitted from host: <172.16.11.200:9618?addrs=172.16.11.200-9618&noUDP&sock=15237_350b_4>
...
001 (7995.415.000) 06/06 19:43:45 Job executing on host: <172.16.11.233:9618?addrs=172.16.11.233-9618&alias=pc-farm3&noUDP&sock=startd_6840_904a>
...
006 (7995.415.000) 06/06 19:43:55 Image size of job updated: 55540
	55  -  MemoryUsage of job (MB)
	55540  -  ResidentSetSize of job (KB)
...
006 (7995.415.000) 06/06 20:39:00 Image size of job updated: 55580
	55  -  MemoryUsage of job (MB)
	55580  -  ResidentSetSize of job (KB)
...
006 (7995.415.000) 06/06 20:54:02 Image size of job updated: 55692
	55  -  MemoryUsage of job (MB)
	55692  -  ResidentSetSize of job (KB)
...
006 (7995.415.000) 06/06 21:09:04 Image size of job updated: 55900
	55  -  MemoryUsage of job (MB)
	55900  -  ResidentSetSize of job (KB)
...
006 (7995.415.000) 06/06 21:14:04 Image size of job updated: 56348
	56  -  MemoryUsage of job (MB)
	56348  -  ResidentSetSize of job (KB)
...
006 (7995.415.000) 06/06 21:19:04 Image size of job updated: 56500
	56  -  MemoryUsage of job (MB)
	56500  -  ResidentSetSize of job (KB)
...
005 (7995.415.000) 06/06 21:23:22 Job terminated.
	(1) Normal termination (return value 0)
		Usr 0 01:38:45, Sys 0 00:00:02  -  Run Remote Usage
		Usr 0 00:00:00, Sys 0 00:00:00  -  Run Local Usage
		Usr 0 01:38:45, Sys 0 00:00:02  -  Total Remote Usage
		Usr 0 00:00:00, Sys 0 00:00:00  -  Total Local Usage
	0  -  Run Bytes Sent By Job
	0  -  Run Bytes Received By Job
	0  -  Total Bytes Sent By Job
	0  -  Total Bytes Received By Job
	Partitionable Resources :    Usage  Request Allocated 
	   Cpus                 :     0.99        1         1 
	   Disk (KB)            :     1           1    257754 
	   Memory (MB)          :    56           1      1005 
...
