000 (7995.003.000) 06/06 17:40:55 Job submitted from host: <172.16.11.200:9618?addrs=172.16.11.200-9618&noUDP&sock=15237_350b_4>
...
001 (7995.003.000) 06/06 19:08:44 Job executing on host: <172.16.11.233:9618?addrs=172.16.11.233-9618&alias=pc-farm3&noUDP&sock=startd_6840_904a>
...
006 (7995.003.000) 06/06 19:08:53 Image size of job updated: 56964
	56  -  MemoryUsage of job (MB)
	56964  -  ResidentSetSize of job (KB)
...
006 (7995.003.000) 06/06 19:53:57 Image size of job updated: 57012
	56  -  MemoryUsage of job (MB)
	57012  -  ResidentSetSize of job (KB)
...
006 (7995.003.000) 06/06 19:58:58 Image size of job updated: 57164
	56  -  MemoryUsage of job (MB)
	57164  -  ResidentSetSize of job (KB)
...
006 (7995.003.000) 06/06 20:24:01 Image size of job updated: 57204
	56  -  MemoryUsage of job (MB)
	57204  -  ResidentSetSize of job (KB)
...
006 (7995.003.000) 06/06 20:29:01 Image size of job updated: 57228
	56  -  MemoryUsage of job (MB)
	57228  -  ResidentSetSize of job (KB)
...
006 (7995.003.000) 06/06 20:34:02 Image size of job updated: 57256
	56  -  MemoryUsage of job (MB)
	57256  -  ResidentSetSize of job (KB)
...
006 (7995.003.000) 06/06 20:44:02 Image size of job updated: 57432
	57  -  MemoryUsage of job (MB)
	57432  -  ResidentSetSize of job (KB)
...
005 (7995.003.000) 06/06 20:48:23 Job terminated.
	(1) Normal termination (return value 0)
		Usr 0 01:37:41, Sys 0 00:00:02  -  Run Remote Usage
		Usr 0 00:00:00, Sys 0 00:00:00  -  Run Local Usage
		Usr 0 01:37:41, Sys 0 00:00:02  -  Total Remote Usage
		Usr 0 00:00:00, Sys 0 00:00:00  -  Total Local Usage
	0  -  Run Bytes Sent By Job
	0  -  Run Bytes Received By Job
	0  -  Total Bytes Sent By Job
	0  -  Total Bytes Received By Job
	Partitionable Resources :    Usage  Request Allocated 
	   Cpus                 :     0.97        1         1 
	   Disk (KB)            :     1           1    257754 
	   Memory (MB)          :    57           1      1005 
...
