000 (7995.375.000) 06/06 17:40:55 Job submitted from host: <172.16.11.200:9618?addrs=172.16.11.200-9618&noUDP&sock=15237_350b_4>
...
001 (7995.375.000) 06/06 19:39:45 Job executing on host: <172.16.11.233:9618?addrs=172.16.11.233-9618&alias=pc-farm3&noUDP&sock=startd_6840_904a>
...
006 (7995.375.000) 06/06 19:39:54 Image size of job updated: 55108
	54  -  MemoryUsage of job (MB)
	55108  -  ResidentSetSize of job (KB)
...
006 (7995.375.000) 06/06 20:29:59 Image size of job updated: 55140
	54  -  MemoryUsage of job (MB)
	55140  -  ResidentSetSize of job (KB)
...
006 (7995.375.000) 06/06 20:50:01 Image size of job updated: 55280
	54  -  MemoryUsage of job (MB)
	55280  -  ResidentSetSize of job (KB)
...
006 (7995.375.000) 06/06 21:10:03 Image size of job updated: 55368
	55  -  MemoryUsage of job (MB)
	55368  -  ResidentSetSize of job (KB)
...
006 (7995.375.000) 06/06 21:15:04 Image size of job updated: 55396
	55  -  MemoryUsage of job (MB)
	55396  -  ResidentSetSize of job (KB)
...
005 (7995.375.000) 06/06 21:16:56 Job terminated.
	(1) Normal termination (return value 0)
		Usr 0 01:34:00, Sys 0 00:00:02  -  Run Remote Usage
		Usr 0 00:00:00, Sys 0 00:00:00  -  Run Local Usage
		Usr 0 01:34:00, Sys 0 00:00:02  -  Total Remote Usage
		Usr 0 00:00:00, Sys 0 00:00:00  -  Total Local Usage
	0  -  Run Bytes Sent By Job
	0  -  Run Bytes Received By Job
	0  -  Total Bytes Sent By Job
	0  -  Total Bytes Received By Job
	Partitionable Resources :    Usage  Request Allocated 
	   Cpus                 :     0.98        1         1 
	   Disk (KB)            :     1           1    257754 
	   Memory (MB)          :    55           1      1005 
...
