000 (7995.050.000) 06/06 17:40:55 Job submitted from host: <172.16.11.200:9618?addrs=172.16.11.200-9618&noUDP&sock=15237_350b_4>
...
001 (7995.050.000) 06/06 19:12:43 Job executing on host: <172.16.11.233:9618?addrs=172.16.11.233-9618&alias=pc-farm3&noUDP&sock=startd_6840_904a>
...
006 (7995.050.000) 06/06 19:12:52 Image size of job updated: 55604
	55  -  MemoryUsage of job (MB)
	55604  -  ResidentSetSize of job (KB)
...
006 (7995.050.000) 06/06 19:22:54 Image size of job updated: 55636
	55  -  MemoryUsage of job (MB)
	55636  -  ResidentSetSize of job (KB)
...
006 (7995.050.000) 06/06 19:37:55 Image size of job updated: 55656
	55  -  MemoryUsage of job (MB)
	55656  -  ResidentSetSize of job (KB)
...
006 (7995.050.000) 06/06 19:47:55 Image size of job updated: 55708
	55  -  MemoryUsage of job (MB)
	55708  -  ResidentSetSize of job (KB)
...
006 (7995.050.000) 06/06 19:52:57 Image size of job updated: 55836
	55  -  MemoryUsage of job (MB)
	55836  -  ResidentSetSize of job (KB)
...
006 (7995.050.000) 06/06 19:57:57 Image size of job updated: 55856
	55  -  MemoryUsage of job (MB)
	55856  -  ResidentSetSize of job (KB)
...
006 (7995.050.000) 06/06 20:02:57 Image size of job updated: 55884
	55  -  MemoryUsage of job (MB)
	55884  -  ResidentSetSize of job (KB)
...
006 (7995.050.000) 06/06 20:07:58 Image size of job updated: 55908
	55  -  MemoryUsage of job (MB)
	55908  -  ResidentSetSize of job (KB)
...
006 (7995.050.000) 06/06 20:17:59 Image size of job updated: 55960
	55  -  MemoryUsage of job (MB)
	55960  -  ResidentSetSize of job (KB)
...
006 (7995.050.000) 06/06 20:23:00 Image size of job updated: 56112
	55  -  MemoryUsage of job (MB)
	56112  -  ResidentSetSize of job (KB)
...
006 (7995.050.000) 06/06 20:43:02 Image size of job updated: 56252
	55  -  MemoryUsage of job (MB)
	56252  -  ResidentSetSize of job (KB)
...
005 (7995.050.000) 06/06 20:53:58 Job terminated.
	(1) Normal termination (return value 0)
		Usr 0 01:40:28, Sys 0 00:00:02  -  Run Remote Usage
		Usr 0 00:00:00, Sys 0 00:00:00  -  Run Local Usage
		Usr 0 01:40:28, Sys 0 00:00:02  -  Total Remote Usage
		Usr 0 00:00:00, Sys 0 00:00:00  -  Total Local Usage
	0  -  Run Bytes Sent By Job
	0  -  Run Bytes Received By Job
	0  -  Total Bytes Sent By Job
	0  -  Total Bytes Received By Job
	Partitionable Resources :    Usage  Request Allocated 
	   Cpus                 :     0.99        1         1 
	   Disk (KB)            :     1           1    257754 
	   Memory (MB)          :    55           1      1005 
...
