000 (7995.215.000) 06/06 17:40:55 Job submitted from host: <172.16.11.200:9618?addrs=172.16.11.200-9618&noUDP&sock=15237_350b_4>
...
001 (7995.215.000) 06/06 19:26:44 Job executing on host: <172.16.11.233:9618?addrs=172.16.11.233-9618&alias=pc-farm3&noUDP&sock=startd_6840_904a>
...
006 (7995.215.000) 06/06 19:26:53 Image size of job updated: 55036
	54  -  MemoryUsage of job (MB)
	55036  -  ResidentSetSize of job (KB)
...
006 (7995.215.000) 06/06 19:51:55 Image size of job updated: 55072
	54  -  MemoryUsage of job (MB)
	55072  -  ResidentSetSize of job (KB)
...
006 (7995.215.000) 06/06 19:56:55 Image size of job updated: 55100
	54  -  MemoryUsage of job (MB)
	55100  -  ResidentSetSize of job (KB)
...
006 (7995.215.000) 06/06 20:06:57 Image size of job updated: 55152
	54  -  MemoryUsage of job (MB)
	55152  -  ResidentSetSize of job (KB)
...
006 (7995.215.000) 06/06 20:31:59 Image size of job updated: 55168
	54  -  MemoryUsage of job (MB)
	55168  -  ResidentSetSize of job (KB)
...
006 (7995.215.000) 06/06 20:47:00 Image size of job updated: 55280
	54  -  MemoryUsage of job (MB)
	55280  -  ResidentSetSize of job (KB)
...
006 (7995.215.000) 06/06 20:52:01 Image size of job updated: 55428
	55  -  MemoryUsage of job (MB)
	55428  -  ResidentSetSize of job (KB)
...
006 (7995.215.000) 06/06 20:57:02 Image size of job updated: 55456
	55  -  MemoryUsage of job (MB)
	55456  -  ResidentSetSize of job (KB)
...
006 (7995.215.000) 06/06 21:02:02 Image size of job updated: 55480
	55  -  MemoryUsage of job (MB)
	55480  -  ResidentSetSize of job (KB)
...
005 (7995.215.000) 06/06 21:04:54 Job terminated.
	(1) Normal termination (return value 0)
		Usr 0 01:37:16, Sys 0 00:00:02  -  Run Remote Usage
		Usr 0 00:00:00, Sys 0 00:00:00  -  Run Local Usage
		Usr 0 01:37:16, Sys 0 00:00:02  -  Total Remote Usage
		Usr 0 00:00:00, Sys 0 00:00:00  -  Total Local Usage
	0  -  Run Bytes Sent By Job
	0  -  Run Bytes Received By Job
	0  -  Total Bytes Sent By Job
	0  -  Total Bytes Received By Job
	Partitionable Resources :    Usage  Request Allocated 
	   Cpus                 :     0.99        1         1 
	   Disk (KB)            :     1           1    257754 
	   Memory (MB)          :    55           1      1005 
...
