000 (7995.324.000) 06/06 17:40:55 Job submitted from host: <172.16.11.200:9618?addrs=172.16.11.200-9618&noUDP&sock=15237_350b_4>
...
001 (7995.324.000) 06/06 19:34:44 Job executing on host: <172.16.11.233:9618?addrs=172.16.11.233-9618&alias=pc-farm3&noUDP&sock=startd_6840_904a>
...
006 (7995.324.000) 06/06 19:34:53 Image size of job updated: 54776
	54  -  MemoryUsage of job (MB)
	54776  -  ResidentSetSize of job (KB)
...
006 (7995.324.000) 06/06 19:59:54 Image size of job updated: 54788
	54  -  MemoryUsage of job (MB)
	54788  -  ResidentSetSize of job (KB)
...
006 (7995.324.000) 06/06 20:04:56 Image size of job updated: 54812
	54  -  MemoryUsage of job (MB)
	54812  -  ResidentSetSize of job (KB)
...
006 (7995.324.000) 06/06 20:29:58 Image size of job updated: 54940
	54  -  MemoryUsage of job (MB)
	54940  -  ResidentSetSize of job (KB)
...
006 (7995.324.000) 06/06 20:40:00 Image size of job updated: 54992
	54  -  MemoryUsage of job (MB)
	54992  -  ResidentSetSize of job (KB)
...
006 (7995.324.000) 06/06 20:45:00 Image size of job updated: 55144
	54  -  MemoryUsage of job (MB)
	55144  -  ResidentSetSize of job (KB)
...
006 (7995.324.000) 06/06 20:55:02 Image size of job updated: 55228
	54  -  MemoryUsage of job (MB)
	55228  -  ResidentSetSize of job (KB)
...
006 (7995.324.000) 06/06 21:00:02 Image size of job updated: 55380
	55  -  MemoryUsage of job (MB)
	55380  -  ResidentSetSize of job (KB)
...
005 (7995.324.000) 06/06 21:15:25 Job terminated.
	(1) Normal termination (return value 0)
		Usr 0 01:39:45, Sys 0 00:00:01  -  Run Remote Usage
		Usr 0 00:00:00, Sys 0 00:00:00  -  Run Local Usage
		Usr 0 01:39:45, Sys 0 00:00:01  -  Total Remote Usage
		Usr 0 00:00:00, Sys 0 00:00:00  -  Total Local Usage
	0  -  Run Bytes Sent By Job
	0  -  Run Bytes Received By Job
	0  -  Total Bytes Sent By Job
	0  -  Total Bytes Received By Job
	Partitionable Resources :    Usage  Request Allocated 
	   Cpus                 :     0.99        1         1 
	   Disk (KB)            :     1           1    257754 
	   Memory (MB)          :    55           1      1005 
...
