000 (7995.132.000) 06/06 17:40:55 Job submitted from host: <172.16.11.200:9618?addrs=172.16.11.200-9618&noUDP&sock=15237_350b_4>
...
001 (7995.132.000) 06/06 19:18:44 Job executing on host: <172.16.11.233:9618?addrs=172.16.11.233-9618&alias=pc-farm3&noUDP&sock=startd_6840_904a>
...
006 (7995.132.000) 06/06 19:18:53 Image size of job updated: 55808
	55  -  MemoryUsage of job (MB)
	55808  -  ResidentSetSize of job (KB)
...
006 (7995.132.000) 06/06 19:43:57 Image size of job updated: 55880
	55  -  MemoryUsage of job (MB)
	55880  -  ResidentSetSize of job (KB)
...
006 (7995.132.000) 06/06 20:14:00 Image size of job updated: 56012
	55  -  MemoryUsage of job (MB)
	56012  -  ResidentSetSize of job (KB)
...
006 (7995.132.000) 06/06 20:34:02 Image size of job updated: 56024
	55  -  MemoryUsage of job (MB)
	56024  -  ResidentSetSize of job (KB)
...
006 (7995.132.000) 06/06 20:39:02 Image size of job updated: 56052
	55  -  MemoryUsage of job (MB)
	56052  -  ResidentSetSize of job (KB)
...
006 (7995.132.000) 06/06 20:54:04 Image size of job updated: 56132
	55  -  MemoryUsage of job (MB)
	56132  -  ResidentSetSize of job (KB)
...
005 (7995.132.000) 06/06 20:59:54 Job terminated.
	(1) Normal termination (return value 0)
		Usr 0 01:40:15, Sys 0 00:00:01  -  Run Remote Usage
		Usr 0 00:00:00, Sys 0 00:00:00  -  Run Local Usage
		Usr 0 01:40:15, Sys 0 00:00:01  -  Total Remote Usage
		Usr 0 00:00:00, Sys 0 00:00:00  -  Total Local Usage
	0  -  Run Bytes Sent By Job
	0  -  Run Bytes Received By Job
	0  -  Total Bytes Sent By Job
	0  -  Total Bytes Received By Job
	Partitionable Resources :    Usage  Request Allocated 
	   Cpus                 :     0.99        1         1 
	   Disk (KB)            :     1           1    257754 
	   Memory (MB)          :    55           1      1005 
...
