000 (7995.143.000) 06/06 17:40:55 Job submitted from host: <172.16.11.200:9618?addrs=172.16.11.200-9618&noUDP&sock=15237_350b_4>
...
001 (7995.143.000) 06/06 19:19:44 Job executing on host: <172.16.11.231:9618?addrs=172.16.11.231-9618&noUDP&sock=startd_22555_bf1b_4>
...
006 (7995.143.000) 06/06 19:19:52 Image size of job updated: 50508
	50  -  MemoryUsage of job (MB)
	50508  -  ResidentSetSize of job (KB)
...
006 (7995.143.000) 06/06 20:09:56 Image size of job updated: 50628
	50  -  MemoryUsage of job (MB)
	50628  -  ResidentSetSize of job (KB)
...
005 (7995.143.000) 06/06 21:09:41 Job terminated.
	(1) Normal termination (return value 0)
		Usr 0 01:49:47, Sys 0 00:00:09  -  Run Remote Usage
		Usr 0 00:00:00, Sys 0 00:00:00  -  Run Local Usage
		Usr 0 01:49:47, Sys 0 00:00:09  -  Total Remote Usage
		Usr 0 00:00:00, Sys 0 00:00:00  -  Total Local Usage
	0  -  Run Bytes Sent By Job
	0  -  Run Bytes Received By Job
	0  -  Total Bytes Sent By Job
	0  -  Total Bytes Received By Job
	Partitionable Resources :    Usage  Request Allocated 
	   Cpus                 :     1.00        1         1 
	   Disk (KB)            :     1           1    245633 
	   Memory (MB)          :    50           1      2008 
...
