000 (7995.391.000) 06/06 17:40:55 Job submitted from host: <172.16.11.200:9618?addrs=172.16.11.200-9618&noUDP&sock=15237_350b_4>
...
001 (7995.391.000) 06/06 19:40:47 Job executing on host: <172.16.11.231:9618?addrs=172.16.11.231-9618&noUDP&sock=startd_22555_bf1b_4>
...
006 (7995.391.000) 06/06 19:40:55 Image size of job updated: 50024
	49  -  MemoryUsage of job (MB)
	50024  -  ResidentSetSize of job (KB)
...
006 (7995.391.000) 06/06 20:05:57 Image size of job updated: 50028
	49  -  MemoryUsage of job (MB)
	50028  -  ResidentSetSize of job (KB)
...
006 (7995.391.000) 06/06 20:31:00 Image size of job updated: 50132
	49  -  MemoryUsage of job (MB)
	50132  -  ResidentSetSize of job (KB)
...
006 (7995.391.000) 06/06 20:36:01 Image size of job updated: 50136
	49  -  MemoryUsage of job (MB)
	50136  -  ResidentSetSize of job (KB)
...
005 (7995.391.000) 06/06 21:18:22 Job terminated.
	(1) Normal termination (return value 0)
		Usr 0 01:37:33, Sys 0 00:00:01  -  Run Remote Usage
		Usr 0 00:00:00, Sys 0 00:00:00  -  Run Local Usage
		Usr 0 01:37:33, Sys 0 00:00:01  -  Total Remote Usage
		Usr 0 00:00:00, Sys 0 00:00:00  -  Total Local Usage
	0  -  Run Bytes Sent By Job
	0  -  Run Bytes Received By Job
	0  -  Total Bytes Sent By Job
	0  -  Total Bytes Received By Job
	Partitionable Resources :    Usage  Request Allocated 
	   Cpus                 :     1.00        1         1 
	   Disk (KB)            :     1           1    245633 
	   Memory (MB)          :    49           1      2008 
...
