000 (7995.093.000) 06/06 17:40:55 Job submitted from host: <172.16.11.200:9618?addrs=172.16.11.200-9618&noUDP&sock=15237_350b_4>
...
001 (7995.093.000) 06/06 19:16:43 Job executing on host: <172.16.11.233:9618?addrs=172.16.11.233-9618&alias=pc-farm3&noUDP&sock=startd_6840_904a>
...
006 (7995.093.000) 06/06 19:16:52 Image size of job updated: 58692
	58  -  MemoryUsage of job (MB)
	58692  -  ResidentSetSize of job (KB)
...
006 (7995.093.000) 06/06 20:21:59 Image size of job updated: 58820
	58  -  MemoryUsage of job (MB)
	58820  -  ResidentSetSize of job (KB)
...
006 (7995.093.000) 06/06 20:27:00 Image size of job updated: 58880
	58  -  MemoryUsage of job (MB)
	58880  -  ResidentSetSize of job (KB)
...
006 (7995.093.000) 06/06 20:37:00 Image size of job updated: 58936
	58  -  MemoryUsage of job (MB)
	58936  -  ResidentSetSize of job (KB)
...
006 (7995.093.000) 06/06 20:47:01 Image size of job updated: 58988
	58  -  MemoryUsage of job (MB)
	58988  -  ResidentSetSize of job (KB)
...
005 (7995.093.000) 06/06 20:54:28 Job terminated.
	(1) Normal termination (return value 0)
		Usr 0 01:36:51, Sys 0 00:00:02  -  Run Remote Usage
		Usr 0 00:00:00, Sys 0 00:00:00  -  Run Local Usage
		Usr 0 01:36:51, Sys 0 00:00:02  -  Total Remote Usage
		Usr 0 00:00:00, Sys 0 00:00:00  -  Total Local Usage
	0  -  Run Bytes Sent By Job
	0  -  Run Bytes Received By Job
	0  -  Total Bytes Sent By Job
	0  -  Total Bytes Received By Job
	Partitionable Resources :    Usage  Request Allocated 
	   Cpus                 :     0.99        1         1 
	   Disk (KB)            :     1           1    257754 
	   Memory (MB)          :    58           1      1005 
...
