000 (7995.116.000) 06/06 17:40:55 Job submitted from host: <172.16.11.200:9618?addrs=172.16.11.200-9618&noUDP&sock=15237_350b_4>
...
001 (7995.116.000) 06/06 19:17:44 Job executing on host: <172.16.11.233:9618?addrs=172.16.11.233-9618&alias=pc-farm3&noUDP&sock=startd_6840_904a>
...
006 (7995.116.000) 06/06 19:17:52 Image size of job updated: 56320
	55  -  MemoryUsage of job (MB)
	56320  -  ResidentSetSize of job (KB)
...
006 (7995.116.000) 06/06 19:42:54 Image size of job updated: 56376
	56  -  MemoryUsage of job (MB)
	56376  -  ResidentSetSize of job (KB)
...
006 (7995.116.000) 06/06 19:47:55 Image size of job updated: 56528
	56  -  MemoryUsage of job (MB)
	56528  -  ResidentSetSize of job (KB)
...
006 (7995.116.000) 06/06 19:52:55 Image size of job updated: 56556
	56  -  MemoryUsage of job (MB)
	56556  -  ResidentSetSize of job (KB)
...
006 (7995.116.000) 06/06 20:02:56 Image size of job updated: 56668
	56  -  MemoryUsage of job (MB)
	56668  -  ResidentSetSize of job (KB)
...
006 (7995.116.000) 06/06 20:07:56 Image size of job updated: 56816
	56  -  MemoryUsage of job (MB)
	56816  -  ResidentSetSize of job (KB)
...
006 (7995.116.000) 06/06 20:22:58 Image size of job updated: 56892
	56  -  MemoryUsage of job (MB)
	56892  -  ResidentSetSize of job (KB)
...
006 (7995.116.000) 06/06 20:32:59 Image size of job updated: 56972
	56  -  MemoryUsage of job (MB)
	56972  -  ResidentSetSize of job (KB)
...
006 (7995.116.000) 06/06 20:38:00 Image size of job updated: 57000
	56  -  MemoryUsage of job (MB)
	57000  -  ResidentSetSize of job (KB)
...
006 (7995.116.000) 06/06 20:53:02 Image size of job updated: 57076
	56  -  MemoryUsage of job (MB)
	57076  -  ResidentSetSize of job (KB)
...
006 (7995.116.000) 06/06 20:58:02 Image size of job updated: 57100
	56  -  MemoryUsage of job (MB)
	57100  -  ResidentSetSize of job (KB)
...
005 (7995.116.000) 06/06 21:02:11 Job terminated.
	(1) Normal termination (return value 0)
		Usr 0 01:42:12, Sys 0 00:00:01  -  Run Remote Usage
		Usr 0 00:00:00, Sys 0 00:00:00  -  Run Local Usage
		Usr 0 01:42:12, Sys 0 00:00:01  -  Total Remote Usage
		Usr 0 00:00:00, Sys 0 00:00:00  -  Total Local Usage
	0  -  Run Bytes Sent By Job
	0  -  Run Bytes Received By Job
	0  -  Total Bytes Sent By Job
	0  -  Total Bytes Received By Job
	Partitionable Resources :    Usage  Request Allocated 
	   Cpus                 :     0.98        1         1 
	   Disk (KB)            :     1           1    257754 
	   Memory (MB)          :    56           1      1005 
...
