000 (7995.448.000) 06/06 17:40:55 Job submitted from host: <172.16.11.200:9618?addrs=172.16.11.200-9618&noUDP&sock=15237_350b_4>
...
001 (7995.448.000) 06/06 19:45:45 Job executing on host: <172.16.11.233:9618?addrs=172.16.11.233-9618&alias=pc-farm3&noUDP&sock=startd_6840_904a>
...
006 (7995.448.000) 06/06 19:45:54 Image size of job updated: 55504
	55  -  MemoryUsage of job (MB)
	55504  -  ResidentSetSize of job (KB)
...
006 (7995.448.000) 06/06 20:25:59 Image size of job updated: 55544
	55  -  MemoryUsage of job (MB)
	55544  -  ResidentSetSize of job (KB)
...
006 (7995.448.000) 06/06 21:01:03 Image size of job updated: 55632
	55  -  MemoryUsage of job (MB)
	55632  -  ResidentSetSize of job (KB)
...
006 (7995.448.000) 06/06 21:06:03 Image size of job updated: 55660
	55  -  MemoryUsage of job (MB)
	55660  -  ResidentSetSize of job (KB)
...
006 (7995.448.000) 06/06 21:11:03 Image size of job updated: 55688
	55  -  MemoryUsage of job (MB)
	55688  -  ResidentSetSize of job (KB)
...
006 (7995.448.000) 06/06 21:16:04 Image size of job updated: 55820
	55  -  MemoryUsage of job (MB)
	55820  -  ResidentSetSize of job (KB)
...
006 (7995.448.000) 06/06 21:21:04 Image size of job updated: 55848
	55  -  MemoryUsage of job (MB)
	55848  -  ResidentSetSize of job (KB)
...
005 (7995.448.000) 06/06 21:27:26 Job terminated.
	(1) Normal termination (return value 0)
		Usr 0 01:40:51, Sys 0 00:00:01  -  Run Remote Usage
		Usr 0 00:00:00, Sys 0 00:00:00  -  Run Local Usage
		Usr 0 01:40:51, Sys 0 00:00:01  -  Total Remote Usage
		Usr 0 00:00:00, Sys 0 00:00:00  -  Total Local Usage
	0  -  Run Bytes Sent By Job
	0  -  Run Bytes Received By Job
	0  -  Total Bytes Sent By Job
	0  -  Total Bytes Received By Job
	Partitionable Resources :    Usage  Request Allocated 
	   Cpus                 :     0.99        1         1 
	   Disk (KB)            :     1           1    257754 
	   Memory (MB)          :    55           1      1005 
...
