000 (7995.279.000) 06/06 17:40:55 Job submitted from host: <172.16.11.200:9618?addrs=172.16.11.200-9618&noUDP&sock=15237_350b_4>
...
001 (7995.279.000) 06/06 19:30:44 Job executing on host: <172.16.11.203:9618?addrs=172.16.11.203-9618&noUDP&sock=23121_f9b6_4>
...
006 (7995.279.000) 06/06 19:30:52 Image size of job updated: 51632
	49  -  MemoryUsage of job (MB)
	49784  -  ResidentSetSize of job (KB)
...
006 (7995.279.000) 06/06 19:35:52 Image size of job updated: 51764
	49  -  MemoryUsage of job (MB)
	49784  -  ResidentSetSize of job (KB)
...
005 (7995.279.000) 06/06 21:12:42 Job terminated.
	(1) Normal termination (return value 0)
		Usr 0 01:41:41, Sys 0 00:00:16  -  Run Remote Usage
		Usr 0 00:00:00, Sys 0 00:00:00  -  Run Local Usage
		Usr 0 01:41:41, Sys 0 00:00:16  -  Total Remote Usage
		Usr 0 00:00:00, Sys 0 00:00:00  -  Total Local Usage
	0  -  Run Bytes Sent By Job
	0  -  Run Bytes Received By Job
	0  -  Total Bytes Sent By Job
	0  -  Total Bytes Received By Job
	Partitionable Resources :    Usage  Request Allocated 
	   Cpus                 :     1.00        1         1 
	   Disk (KB)            :     1           1   1507229 
	   Memory (MB)          :    49           1      1997 
...
