000 (7995.139.000) 06/06 17:40:55 Job submitted from host: <172.16.11.200:9618?addrs=172.16.11.200-9618&noUDP&sock=15237_350b_4>
...
001 (7995.139.000) 06/06 19:19:43 Job executing on host: <172.16.11.233:9618?addrs=172.16.11.233-9618&alias=pc-farm3&noUDP&sock=startd_6840_904a>
...
006 (7995.139.000) 06/06 19:19:52 Image size of job updated: 56668
	56  -  MemoryUsage of job (MB)
	56668  -  ResidentSetSize of job (KB)
...
006 (7995.139.000) 06/06 20:04:57 Image size of job updated: 56800
	56  -  MemoryUsage of job (MB)
	56800  -  ResidentSetSize of job (KB)
...
006 (7995.139.000) 06/06 20:24:59 Image size of job updated: 56904
	56  -  MemoryUsage of job (MB)
	56904  -  ResidentSetSize of job (KB)
...
006 (7995.139.000) 06/06 20:35:00 Image size of job updated: 56988
	56  -  MemoryUsage of job (MB)
	56988  -  ResidentSetSize of job (KB)
...
006 (7995.139.000) 06/06 21:00:01 Image size of job updated: 56996
	56  -  MemoryUsage of job (MB)
	56996  -  ResidentSetSize of job (KB)
...
005 (7995.139.000) 06/06 21:00:44 Job terminated.
	(1) Normal termination (return value 0)
		Usr 0 01:40:10, Sys 0 00:00:02  -  Run Remote Usage
		Usr 0 00:00:00, Sys 0 00:00:00  -  Run Local Usage
		Usr 0 01:40:10, Sys 0 00:00:02  -  Total Remote Usage
		Usr 0 00:00:00, Sys 0 00:00:00  -  Total Local Usage
	0  -  Run Bytes Sent By Job
	0  -  Run Bytes Received By Job
	0  -  Total Bytes Sent By Job
	0  -  Total Bytes Received By Job
	Partitionable Resources :    Usage  Request Allocated 
	   Cpus                 :     0.99        1         1 
	   Disk (KB)            :     1           1    257754 
	   Memory (MB)          :    56           1      1005 
...
