000 (7995.171.000) 06/06 17:40:55 Job submitted from host: <172.16.11.200:9618?addrs=172.16.11.200-9618&noUDP&sock=15237_350b_4>
...
001 (7995.171.000) 06/06 19:22:45 Job executing on host: <172.16.11.233:9618?addrs=172.16.11.233-9618&alias=pc-farm3&noUDP&sock=startd_6840_904a>
...
006 (7995.171.000) 06/06 19:22:54 Image size of job updated: 55436
	55  -  MemoryUsage of job (MB)
	55436  -  ResidentSetSize of job (KB)
...
006 (7995.171.000) 06/06 19:47:58 Image size of job updated: 55528
	55  -  MemoryUsage of job (MB)
	55528  -  ResidentSetSize of job (KB)
...
006 (7995.171.000) 06/06 19:52:58 Image size of job updated: 55556
	55  -  MemoryUsage of job (MB)
	55556  -  ResidentSetSize of job (KB)
...
006 (7995.171.000) 06/06 20:38:03 Image size of job updated: 55584
	55  -  MemoryUsage of job (MB)
	55584  -  ResidentSetSize of job (KB)
...
006 (7995.171.000) 06/06 20:43:03 Image size of job updated: 55732
	55  -  MemoryUsage of job (MB)
	55732  -  ResidentSetSize of job (KB)
...
006 (7995.171.000) 06/06 20:48:03 Image size of job updated: 55760
	55  -  MemoryUsage of job (MB)
	55760  -  ResidentSetSize of job (KB)
...
006 (7995.171.000) 06/06 20:53:04 Image size of job updated: 55784
	55  -  MemoryUsage of job (MB)
	55784  -  ResidentSetSize of job (KB)
...
005 (7995.171.000) 06/06 21:00:30 Job terminated.
	(1) Normal termination (return value 0)
		Usr 0 01:36:59, Sys 0 00:00:03  -  Run Remote Usage
		Usr 0 00:00:00, Sys 0 00:00:00  -  Run Local Usage
		Usr 0 01:36:59, Sys 0 00:00:03  -  Total Remote Usage
		Usr 0 00:00:00, Sys 0 00:00:00  -  Total Local Usage
	0  -  Run Bytes Sent By Job
	0  -  Run Bytes Received By Job
	0  -  Total Bytes Sent By Job
	0  -  Total Bytes Received By Job
	Partitionable Resources :    Usage  Request Allocated 
	   Cpus                 :     0.99        1         1 
	   Disk (KB)            :     1           1    257754 
	   Memory (MB)          :    55           1      1005 
...
