000 (7995.069.000) 06/06 17:40:55 Job submitted from host: <172.16.11.200:9618?addrs=172.16.11.200-9618&noUDP&sock=15237_350b_4>
...
001 (7995.069.000) 06/06 19:14:43 Job executing on host: <172.16.11.233:9618?addrs=172.16.11.233-9618&alias=pc-farm3&noUDP&sock=startd_6840_904a>
...
006 (7995.069.000) 06/06 19:14:51 Image size of job updated: 55464
	55  -  MemoryUsage of job (MB)
	55464  -  ResidentSetSize of job (KB)
...
006 (7995.069.000) 06/06 19:24:52 Image size of job updated: 55504
	55  -  MemoryUsage of job (MB)
	55504  -  ResidentSetSize of job (KB)
...
006 (7995.069.000) 06/06 19:39:54 Image size of job updated: 55656
	55  -  MemoryUsage of job (MB)
	55656  -  ResidentSetSize of job (KB)
...
006 (7995.069.000) 06/06 19:44:55 Image size of job updated: 55684
	55  -  MemoryUsage of job (MB)
	55684  -  ResidentSetSize of job (KB)
...
006 (7995.069.000) 06/06 19:54:55 Image size of job updated: 55900
	55  -  MemoryUsage of job (MB)
	55900  -  ResidentSetSize of job (KB)
...
006 (7995.069.000) 06/06 20:24:58 Image size of job updated: 55960
	55  -  MemoryUsage of job (MB)
	55960  -  ResidentSetSize of job (KB)
...
006 (7995.069.000) 06/06 20:40:00 Image size of job updated: 56040
	55  -  MemoryUsage of job (MB)
	56040  -  ResidentSetSize of job (KB)
...
006 (7995.069.000) 06/06 20:45:00 Image size of job updated: 56064
	55  -  MemoryUsage of job (MB)
	56064  -  ResidentSetSize of job (KB)
...
006 (7995.069.000) 06/06 20:50:01 Image size of job updated: 56216
	55  -  MemoryUsage of job (MB)
	56216  -  ResidentSetSize of job (KB)
...
005 (7995.069.000) 06/06 20:55:43 Job terminated.
	(1) Normal termination (return value 0)
		Usr 0 01:38:45, Sys 0 00:00:02  -  Run Remote Usage
		Usr 0 00:00:00, Sys 0 00:00:00  -  Run Local Usage
		Usr 0 01:38:45, Sys 0 00:00:02  -  Total Remote Usage
		Usr 0 00:00:00, Sys 0 00:00:00  -  Total Local Usage
	0  -  Run Bytes Sent By Job
	0  -  Run Bytes Received By Job
	0  -  Total Bytes Sent By Job
	0  -  Total Bytes Received By Job
	Partitionable Resources :    Usage  Request Allocated 
	   Cpus                 :     0.98        1         1 
	   Disk (KB)            :     1           1    257754 
	   Memory (MB)          :    55           1      1005 
...
