000 (7995.033.000) 06/06 17:40:55 Job submitted from host: <172.16.11.200:9618?addrs=172.16.11.200-9618&noUDP&sock=15237_350b_4>
...
001 (7995.033.000) 06/06 19:10:44 Job executing on host: <172.16.11.231:9618?addrs=172.16.11.231-9618&noUDP&sock=startd_22555_bf1b_4>
...
006 (7995.033.000) 06/06 19:10:53 Image size of job updated: 49840
	49  -  MemoryUsage of job (MB)
	49840  -  ResidentSetSize of job (KB)
...
006 (7995.033.000) 06/06 19:35:56 Image size of job updated: 49844
	49  -  MemoryUsage of job (MB)
	49844  -  ResidentSetSize of job (KB)
...
006 (7995.033.000) 06/06 19:55:58 Image size of job updated: 50700
	50  -  MemoryUsage of job (MB)
	50700  -  ResidentSetSize of job (KB)
...
005 (7995.033.000) 06/06 20:51:20 Job terminated.
	(1) Normal termination (return value 0)
		Usr 0 01:40:35, Sys 0 00:00:00  -  Run Remote Usage
		Usr 0 00:00:00, Sys 0 00:00:00  -  Run Local Usage
		Usr 0 01:40:35, Sys 0 00:00:00  -  Total Remote Usage
		Usr 0 00:00:00, Sys 0 00:00:00  -  Total Local Usage
	0  -  Run Bytes Sent By Job
	0  -  Run Bytes Received By Job
	0  -  Total Bytes Sent By Job
	0  -  Total Bytes Received By Job
	Partitionable Resources :    Usage  Request Allocated 
	   Cpus                 :     1.00        1         1 
	   Disk (KB)            :     1           1    245633 
	   Memory (MB)          :    50           1      2008 
...
