000 (7995.357.000) 06/06 17:40:55 Job submitted from host: <172.16.11.200:9618?addrs=172.16.11.200-9618&noUDP&sock=15237_350b_4>
...
001 (7995.357.000) 06/06 19:37:44 Job executing on host: <172.16.11.233:9618?addrs=172.16.11.233-9618&alias=pc-farm3&noUDP&sock=startd_6840_904a>
...
006 (7995.357.000) 06/06 19:37:52 Image size of job updated: 56224
	55  -  MemoryUsage of job (MB)
	56224  -  ResidentSetSize of job (KB)
...
006 (7995.357.000) 06/06 20:47:58 Image size of job updated: 56276
	55  -  MemoryUsage of job (MB)
	56276  -  ResidentSetSize of job (KB)
...
006 (7995.357.000) 06/06 21:08:00 Image size of job updated: 57168
	56  -  MemoryUsage of job (MB)
	57168  -  ResidentSetSize of job (KB)
...
005 (7995.357.000) 06/06 21:18:06 Job terminated.
	(1) Normal termination (return value 0)
		Usr 0 01:39:09, Sys 0 00:00:01  -  Run Remote Usage
		Usr 0 00:00:00, Sys 0 00:00:00  -  Run Local Usage
		Usr 0 01:39:09, Sys 0 00:00:01  -  Total Remote Usage
		Usr 0 00:00:00, Sys 0 00:00:00  -  Total Local Usage
	0  -  Run Bytes Sent By Job
	0  -  Run Bytes Received By Job
	0  -  Total Bytes Sent By Job
	0  -  Total Bytes Received By Job
	Partitionable Resources :    Usage  Request Allocated 
	   Cpus                 :     0.99        1         1 
	   Disk (KB)            :     1           1    257754 
	   Memory (MB)          :    56           1      1005 
...
