000 (7995.325.000) 06/06 17:40:55 Job submitted from host: <172.16.11.200:9618?addrs=172.16.11.200-9618&noUDP&sock=15237_350b_4>
...
001 (7995.325.000) 06/06 19:34:45 Job executing on host: <172.16.11.233:9618?addrs=172.16.11.233-9618&alias=pc-farm3&noUDP&sock=startd_6840_904a>
...
006 (7995.325.000) 06/06 19:34:53 Image size of job updated: 55188
	54  -  MemoryUsage of job (MB)
	55188  -  ResidentSetSize of job (KB)
...
006 (7995.325.000) 06/06 19:59:55 Image size of job updated: 55312
	55  -  MemoryUsage of job (MB)
	55312  -  ResidentSetSize of job (KB)
...
006 (7995.325.000) 06/06 20:29:58 Image size of job updated: 55340
	55  -  MemoryUsage of job (MB)
	55340  -  ResidentSetSize of job (KB)
...
006 (7995.325.000) 06/06 20:44:59 Image size of job updated: 55420
	55  -  MemoryUsage of job (MB)
	55420  -  ResidentSetSize of job (KB)
...
006 (7995.325.000) 06/06 20:50:00 Image size of job updated: 55476
	55  -  MemoryUsage of job (MB)
	55476  -  ResidentSetSize of job (KB)
...
006 (7995.325.000) 06/06 20:55:00 Image size of job updated: 55504
	55  -  MemoryUsage of job (MB)
	55504  -  ResidentSetSize of job (KB)
...
006 (7995.325.000) 06/06 21:00:00 Image size of job updated: 55532
	55  -  MemoryUsage of job (MB)
	55532  -  ResidentSetSize of job (KB)
...
006 (7995.325.000) 06/06 21:05:01 Image size of job updated: 55660
	55  -  MemoryUsage of job (MB)
	55660  -  ResidentSetSize of job (KB)
...
005 (7995.325.000) 06/06 21:15:05 Job terminated.
	(1) Normal termination (return value 0)
		Usr 0 01:39:24, Sys 0 00:00:02  -  Run Remote Usage
		Usr 0 00:00:00, Sys 0 00:00:00  -  Run Local Usage
		Usr 0 01:39:24, Sys 0 00:00:02  -  Total Remote Usage
		Usr 0 00:00:00, Sys 0 00:00:00  -  Total Local Usage
	0  -  Run Bytes Sent By Job
	0  -  Run Bytes Received By Job
	0  -  Total Bytes Sent By Job
	0  -  Total Bytes Received By Job
	Partitionable Resources :    Usage  Request Allocated 
	   Cpus                 :     0.99        1         1 
	   Disk (KB)            :     1           1    257754 
	   Memory (MB)          :    55           1      1005 
...
