000 (7995.016.000) 06/06 17:40:55 Job submitted from host: <172.16.11.200:9618?addrs=172.16.11.200-9618&noUDP&sock=15237_350b_4>
...
001 (7995.016.000) 06/06 19:09:43 Job executing on host: <172.16.11.231:9618?addrs=172.16.11.231-9618&noUDP&sock=startd_22555_bf1b_4>
...
006 (7995.016.000) 06/06 19:09:52 Image size of job updated: 50336
	50  -  MemoryUsage of job (MB)
	50336  -  ResidentSetSize of job (KB)
...
006 (7995.016.000) 06/06 19:49:57 Image size of job updated: 50448
	50  -  MemoryUsage of job (MB)
	50448  -  ResidentSetSize of job (KB)
...
005 (7995.016.000) 06/06 20:55:39 Job terminated.
	(1) Normal termination (return value 0)
		Usr 0 01:45:55, Sys 0 00:00:00  -  Run Remote Usage
		Usr 0 00:00:00, Sys 0 00:00:00  -  Run Local Usage
		Usr 0 01:45:55, Sys 0 00:00:00  -  Total Remote Usage
		Usr 0 00:00:00, Sys 0 00:00:00  -  Total Local Usage
	0  -  Run Bytes Sent By Job
	0  -  Run Bytes Received By Job
	0  -  Total Bytes Sent By Job
	0  -  Total Bytes Received By Job
	Partitionable Resources :    Usage  Request Allocated 
	   Cpus                 :     1.00        1         1 
	   Disk (KB)            :     1           1    245633 
	   Memory (MB)          :    50           1      2008 
...
