000 (7995.461.000) 06/06 17:40:55 Job submitted from host: <172.16.11.200:9618?addrs=172.16.11.200-9618&noUDP&sock=15237_350b_4>
...
001 (7995.461.000) 06/06 19:46:45 Job executing on host: <172.16.11.233:9618?addrs=172.16.11.233-9618&alias=pc-farm3&noUDP&sock=startd_6840_904a>
...
006 (7995.461.000) 06/06 19:46:54 Image size of job updated: 54860
	54  -  MemoryUsage of job (MB)
	54860  -  ResidentSetSize of job (KB)
...
006 (7995.461.000) 06/06 20:26:58 Image size of job updated: 54880
	54  -  MemoryUsage of job (MB)
	54880  -  ResidentSetSize of job (KB)
...
006 (7995.461.000) 06/06 20:46:59 Image size of job updated: 54988
	54  -  MemoryUsage of job (MB)
	54988  -  ResidentSetSize of job (KB)
...
006 (7995.461.000) 06/06 21:07:00 Image size of job updated: 55004
	54  -  MemoryUsage of job (MB)
	55004  -  ResidentSetSize of job (KB)
...
006 (7995.461.000) 06/06 21:12:02 Image size of job updated: 55032
	54  -  MemoryUsage of job (MB)
	55032  -  ResidentSetSize of job (KB)
...
006 (7995.461.000) 06/06 21:22:02 Image size of job updated: 55184
	54  -  MemoryUsage of job (MB)
	55184  -  ResidentSetSize of job (KB)
...
005 (7995.461.000) 06/06 21:25:09 Job terminated.
	(1) Normal termination (return value 0)
		Usr 0 01:37:24, Sys 0 00:00:02  -  Run Remote Usage
		Usr 0 00:00:00, Sys 0 00:00:00  -  Run Local Usage
		Usr 0 01:37:24, Sys 0 00:00:02  -  Total Remote Usage
		Usr 0 00:00:00, Sys 0 00:00:00  -  Total Local Usage
	0  -  Run Bytes Sent By Job
	0  -  Run Bytes Received By Job
	0  -  Total Bytes Sent By Job
	0  -  Total Bytes Received By Job
	Partitionable Resources :    Usage  Request Allocated 
	   Cpus                 :     0.99        1         1 
	   Disk (KB)            :     1           1    257754 
	   Memory (MB)          :    54           1      1005 
...
