000 (7995.128.000) 06/06 17:40:55 Job submitted from host: <172.16.11.200:9618?addrs=172.16.11.200-9618&noUDP&sock=15237_350b_4>
...
001 (7995.128.000) 06/06 19:18:43 Job executing on host: <172.16.11.233:9618?addrs=172.16.11.233-9618&alias=pc-farm3&noUDP&sock=startd_6840_904a>
...
006 (7995.128.000) 06/06 19:18:52 Image size of job updated: 57836
	57  -  MemoryUsage of job (MB)
	57836  -  ResidentSetSize of job (KB)
...
006 (7995.128.000) 06/06 19:58:57 Image size of job updated: 58432
	58  -  MemoryUsage of job (MB)
	58432  -  ResidentSetSize of job (KB)
...
006 (7995.128.000) 06/06 20:03:57 Image size of job updated: 58460
	58  -  MemoryUsage of job (MB)
	58460  -  ResidentSetSize of job (KB)
...
006 (7995.128.000) 06/06 20:08:57 Image size of job updated: 58484
	58  -  MemoryUsage of job (MB)
	58484  -  ResidentSetSize of job (KB)
...
006 (7995.128.000) 06/06 20:18:58 Image size of job updated: 58532
	58  -  MemoryUsage of job (MB)
	58532  -  ResidentSetSize of job (KB)
...
006 (7995.128.000) 06/06 20:23:58 Image size of job updated: 58560
	58  -  MemoryUsage of job (MB)
	58560  -  ResidentSetSize of job (KB)
...
006 (7995.128.000) 06/06 20:33:59 Image size of job updated: 58644
	58  -  MemoryUsage of job (MB)
	58644  -  ResidentSetSize of job (KB)
...
006 (7995.128.000) 06/06 20:44:01 Image size of job updated: 58696
	58  -  MemoryUsage of job (MB)
	58696  -  ResidentSetSize of job (KB)
...
005 (7995.128.000) 06/06 20:59:11 Job terminated.
	(1) Normal termination (return value 0)
		Usr 0 01:38:21, Sys 0 00:00:01  -  Run Remote Usage
		Usr 0 00:00:00, Sys 0 00:00:00  -  Run Local Usage
		Usr 0 01:38:21, Sys 0 00:00:01  -  Total Remote Usage
		Usr 0 00:00:00, Sys 0 00:00:00  -  Total Local Usage
	0  -  Run Bytes Sent By Job
	0  -  Run Bytes Received By Job
	0  -  Total Bytes Sent By Job
	0  -  Total Bytes Received By Job
	Partitionable Resources :    Usage  Request Allocated 
	   Cpus                 :     0.96        1         1 
	   Disk (KB)            :     1           1    257754 
	   Memory (MB)          :    58           1      1005 
...
