000 (7995.079.000) 06/06 17:40:55 Job submitted from host: <172.16.11.200:9618?addrs=172.16.11.200-9618&noUDP&sock=15237_350b_4>
...
001 (7995.079.000) 06/06 19:15:43 Job executing on host: <172.16.11.233:9618?addrs=172.16.11.233-9618&alias=pc-farm3&noUDP&sock=startd_6840_904a>
...
006 (7995.079.000) 06/06 19:15:52 Image size of job updated: 55344
	55  -  MemoryUsage of job (MB)
	55344  -  ResidentSetSize of job (KB)
...
006 (7995.079.000) 06/06 19:45:55 Image size of job updated: 55472
	55  -  MemoryUsage of job (MB)
	55472  -  ResidentSetSize of job (KB)
...
006 (7995.079.000) 06/06 19:55:56 Image size of job updated: 55500
	55  -  MemoryUsage of job (MB)
	55500  -  ResidentSetSize of job (KB)
...
006 (7995.079.000) 06/06 20:00:56 Image size of job updated: 55524
	55  -  MemoryUsage of job (MB)
	55524  -  ResidentSetSize of job (KB)
...
006 (7995.079.000) 06/06 20:05:57 Image size of job updated: 55548
	55  -  MemoryUsage of job (MB)
	55548  -  ResidentSetSize of job (KB)
...
006 (7995.079.000) 06/06 20:10:58 Image size of job updated: 55576
	55  -  MemoryUsage of job (MB)
	55576  -  ResidentSetSize of job (KB)
...
006 (7995.079.000) 06/06 20:20:59 Image size of job updated: 55628
	55  -  MemoryUsage of job (MB)
	55628  -  ResidentSetSize of job (KB)
...
006 (7995.079.000) 06/06 20:26:00 Image size of job updated: 55688
	55  -  MemoryUsage of job (MB)
	55688  -  ResidentSetSize of job (KB)
...
006 (7995.079.000) 06/06 20:31:00 Image size of job updated: 55716
	55  -  MemoryUsage of job (MB)
	55716  -  ResidentSetSize of job (KB)
...
006 (7995.079.000) 06/06 20:41:01 Image size of job updated: 55768
	55  -  MemoryUsage of job (MB)
	55768  -  ResidentSetSize of job (KB)
...
006 (7995.079.000) 06/06 20:46:01 Image size of job updated: 55796
	55  -  MemoryUsage of job (MB)
	55796  -  ResidentSetSize of job (KB)
...
006 (7995.079.000) 06/06 20:51:01 Image size of job updated: 55948
	55  -  MemoryUsage of job (MB)
	55948  -  ResidentSetSize of job (KB)
...
005 (7995.079.000) 06/06 20:54:26 Job terminated.
	(1) Normal termination (return value 0)
		Usr 0 01:37:59, Sys 0 00:00:02  -  Run Remote Usage
		Usr 0 00:00:00, Sys 0 00:00:00  -  Run Local Usage
		Usr 0 01:37:59, Sys 0 00:00:02  -  Total Remote Usage
		Usr 0 00:00:00, Sys 0 00:00:00  -  Total Local Usage
	0  -  Run Bytes Sent By Job
	0  -  Run Bytes Received By Job
	0  -  Total Bytes Sent By Job
	0  -  Total Bytes Received By Job
	Partitionable Resources :    Usage  Request Allocated 
	   Cpus                 :     0.99        1         1 
	   Disk (KB)            :     1           1    257754 
	   Memory (MB)          :    55           1      1005 
...
