000 (7995.060.000) 06/06 17:40:55 Job submitted from host: <172.16.11.200:9618?addrs=172.16.11.200-9618&noUDP&sock=15237_350b_4>
...
001 (7995.060.000) 06/06 19:13:44 Job executing on host: <172.16.11.233:9618?addrs=172.16.11.233-9618&alias=pc-farm3&noUDP&sock=startd_6840_904a>
...
006 (7995.060.000) 06/06 19:13:53 Image size of job updated: 55912
	55  -  MemoryUsage of job (MB)
	55912  -  ResidentSetSize of job (KB)
...
006 (7995.060.000) 06/06 19:48:56 Image size of job updated: 56032
	55  -  MemoryUsage of job (MB)
	56032  -  ResidentSetSize of job (KB)
...
006 (7995.060.000) 06/06 19:53:57 Image size of job updated: 56124
	55  -  MemoryUsage of job (MB)
	56124  -  ResidentSetSize of job (KB)
...
006 (7995.060.000) 06/06 19:58:58 Image size of job updated: 56272
	55  -  MemoryUsage of job (MB)
	56272  -  ResidentSetSize of job (KB)
...
006 (7995.060.000) 06/06 20:03:58 Image size of job updated: 56424
	56  -  MemoryUsage of job (MB)
	56424  -  ResidentSetSize of job (KB)
...
006 (7995.060.000) 06/06 20:29:01 Image size of job updated: 56464
	56  -  MemoryUsage of job (MB)
	56464  -  ResidentSetSize of job (KB)
...
006 (7995.060.000) 06/06 20:34:01 Image size of job updated: 56492
	56  -  MemoryUsage of job (MB)
	56492  -  ResidentSetSize of job (KB)
...
006 (7995.060.000) 06/06 20:39:01 Image size of job updated: 56516
	56  -  MemoryUsage of job (MB)
	56516  -  ResidentSetSize of job (KB)
...
006 (7995.060.000) 06/06 20:44:02 Image size of job updated: 56544
	56  -  MemoryUsage of job (MB)
	56544  -  ResidentSetSize of job (KB)
...
006 (7995.060.000) 06/06 20:49:03 Image size of job updated: 56696
	56  -  MemoryUsage of job (MB)
	56696  -  ResidentSetSize of job (KB)
...
005 (7995.060.000) 06/06 20:53:05 Job terminated.
	(1) Normal termination (return value 0)
		Usr 0 01:38:26, Sys 0 00:00:01  -  Run Remote Usage
		Usr 0 00:00:00, Sys 0 00:00:00  -  Run Local Usage
		Usr 0 01:38:26, Sys 0 00:00:01  -  Total Remote Usage
		Usr 0 00:00:00, Sys 0 00:00:00  -  Total Local Usage
	0  -  Run Bytes Sent By Job
	0  -  Run Bytes Received By Job
	0  -  Total Bytes Sent By Job
	0  -  Total Bytes Received By Job
	Partitionable Resources :    Usage  Request Allocated 
	   Cpus                 :     0.99        1         1 
	   Disk (KB)            :     1           1    257754 
	   Memory (MB)          :    56           1      1005 
...
