000 (7995.303.000) 06/06 17:40:55 Job submitted from host: <172.16.11.200:9618?addrs=172.16.11.200-9618&noUDP&sock=15237_350b_4>
...
001 (7995.303.000) 06/06 19:32:44 Job executing on host: <172.16.11.233:9618?addrs=172.16.11.233-9618&alias=pc-farm3&noUDP&sock=startd_6840_904a>
...
006 (7995.303.000) 06/06 19:32:53 Image size of job updated: 56012
	55  -  MemoryUsage of job (MB)
	56012  -  ResidentSetSize of job (KB)
...
006 (7995.303.000) 06/06 19:47:55 Image size of job updated: 56084
	55  -  MemoryUsage of job (MB)
	56084  -  ResidentSetSize of job (KB)
...
006 (7995.303.000) 06/06 19:57:56 Image size of job updated: 56100
	55  -  MemoryUsage of job (MB)
	56100  -  ResidentSetSize of job (KB)
...
006 (7995.303.000) 06/06 20:02:56 Image size of job updated: 56124
	55  -  MemoryUsage of job (MB)
	56124  -  ResidentSetSize of job (KB)
...
006 (7995.303.000) 06/06 20:07:56 Image size of job updated: 56148
	55  -  MemoryUsage of job (MB)
	56148  -  ResidentSetSize of job (KB)
...
006 (7995.303.000) 06/06 20:27:59 Image size of job updated: 56252
	55  -  MemoryUsage of job (MB)
	56252  -  ResidentSetSize of job (KB)
...
006 (7995.303.000) 06/06 20:38:00 Image size of job updated: 56304
	55  -  MemoryUsage of job (MB)
	56304  -  ResidentSetSize of job (KB)
...
006 (7995.303.000) 06/06 20:58:01 Image size of job updated: 56544
	56  -  MemoryUsage of job (MB)
	56544  -  ResidentSetSize of job (KB)
...
006 (7995.303.000) 06/06 21:03:02 Image size of job updated: 56572
	56  -  MemoryUsage of job (MB)
	56572  -  ResidentSetSize of job (KB)
...
006 (7995.303.000) 06/06 21:08:02 Image size of job updated: 56600
	56  -  MemoryUsage of job (MB)
	56600  -  ResidentSetSize of job (KB)
...
005 (7995.303.000) 06/06 21:15:03 Job terminated.
	(1) Normal termination (return value 0)
		Usr 0 01:41:28, Sys 0 00:00:01  -  Run Remote Usage
		Usr 0 00:00:00, Sys 0 00:00:00  -  Run Local Usage
		Usr 0 01:41:28, Sys 0 00:00:01  -  Total Remote Usage
		Usr 0 00:00:00, Sys 0 00:00:00  -  Total Local Usage
	0  -  Run Bytes Sent By Job
	0  -  Run Bytes Received By Job
	0  -  Total Bytes Sent By Job
	0  -  Total Bytes Received By Job
	Partitionable Resources :    Usage  Request Allocated 
	   Cpus                 :     0.99        1         1 
	   Disk (KB)            :     1           1    257754 
	   Memory (MB)          :    56           1      1005 
...
