000 (7995.431.000) 06/06 17:40:55 Job submitted from host: <172.16.11.200:9618?addrs=172.16.11.200-9618&noUDP&sock=15237_350b_4>
...
001 (7995.431.000) 06/06 19:44:45 Job executing on host: <172.16.11.233:9618?addrs=172.16.11.233-9618&alias=pc-farm3&noUDP&sock=startd_6840_904a>
...
006 (7995.431.000) 06/06 19:44:54 Image size of job updated: 55980
	55  -  MemoryUsage of job (MB)
	55980  -  ResidentSetSize of job (KB)
...
006 (7995.431.000) 06/06 21:15:03 Image size of job updated: 56344
	56  -  MemoryUsage of job (MB)
	56344  -  ResidentSetSize of job (KB)
...
006 (7995.431.000) 06/06 21:20:03 Image size of job updated: 56496
	56  -  MemoryUsage of job (MB)
	56496  -  ResidentSetSize of job (KB)
...
006 (7995.431.000) 06/06 21:25:03 Image size of job updated: 56524
	56  -  MemoryUsage of job (MB)
	56524  -  ResidentSetSize of job (KB)
...
005 (7995.431.000) 06/06 21:27:48 Job terminated.
	(1) Normal termination (return value 0)
		Usr 0 01:40:30, Sys 0 00:00:02  -  Run Remote Usage
		Usr 0 00:00:00, Sys 0 00:00:00  -  Run Local Usage
		Usr 0 01:40:30, Sys 0 00:00:02  -  Total Remote Usage
		Usr 0 00:00:00, Sys 0 00:00:00  -  Total Local Usage
	0  -  Run Bytes Sent By Job
	0  -  Run Bytes Received By Job
	0  -  Total Bytes Sent By Job
	0  -  Total Bytes Received By Job
	Partitionable Resources :    Usage  Request Allocated 
	   Cpus                 :     0.94        1         1 
	   Disk (KB)            :     1           1    257754 
	   Memory (MB)          :    56           1      1005 
...
