000 (7995.247.000) 06/06 17:40:55 Job submitted from host: <172.16.11.200:9618?addrs=172.16.11.200-9618&noUDP&sock=15237_350b_4>
...
001 (7995.247.000) 06/06 19:28:44 Job executing on host: <172.16.11.233:9618?addrs=172.16.11.233-9618&alias=pc-farm3&noUDP&sock=startd_6840_904a>
...
006 (7995.247.000) 06/06 19:28:53 Image size of job updated: 56452
	56  -  MemoryUsage of job (MB)
	56452  -  ResidentSetSize of job (KB)
...
006 (7995.247.000) 06/06 20:54:01 Image size of job updated: 56548
	56  -  MemoryUsage of job (MB)
	56548  -  ResidentSetSize of job (KB)
...
006 (7995.247.000) 06/06 20:59:01 Image size of job updated: 56572
	56  -  MemoryUsage of job (MB)
	56572  -  ResidentSetSize of job (KB)
...
006 (7995.247.000) 06/06 21:04:02 Image size of job updated: 56724
	56  -  MemoryUsage of job (MB)
	56724  -  ResidentSetSize of job (KB)
...
005 (7995.247.000) 06/06 21:09:31 Job terminated.
	(1) Normal termination (return value 0)
		Usr 0 01:38:42, Sys 0 00:00:02  -  Run Remote Usage
		Usr 0 00:00:00, Sys 0 00:00:00  -  Run Local Usage
		Usr 0 01:38:42, Sys 0 00:00:02  -  Total Remote Usage
		Usr 0 00:00:00, Sys 0 00:00:00  -  Total Local Usage
	0  -  Run Bytes Sent By Job
	0  -  Run Bytes Received By Job
	0  -  Total Bytes Sent By Job
	0  -  Total Bytes Received By Job
	Partitionable Resources :    Usage  Request Allocated 
	   Cpus                 :     0.98        1         1 
	   Disk (KB)            :     1           1    257754 
	   Memory (MB)          :    56           1      1005 
...
