000 (7995.049.000) 06/06 17:40:55 Job submitted from host: <172.16.11.200:9618?addrs=172.16.11.200-9618&noUDP&sock=15237_350b_4>
...
001 (7995.049.000) 06/06 19:12:43 Job executing on host: <172.16.11.233:9618?addrs=172.16.11.233-9618&alias=pc-farm3&noUDP&sock=startd_6840_904a>
...
006 (7995.049.000) 06/06 19:12:51 Image size of job updated: 56924
	56  -  MemoryUsage of job (MB)
	56924  -  ResidentSetSize of job (KB)
...
006 (7995.049.000) 06/06 19:52:54 Image size of job updated: 57216
	56  -  MemoryUsage of job (MB)
	57216  -  ResidentSetSize of job (KB)
...
006 (7995.049.000) 06/06 20:07:55 Image size of job updated: 57292
	56  -  MemoryUsage of job (MB)
	57292  -  ResidentSetSize of job (KB)
...
006 (7995.049.000) 06/06 20:22:57 Image size of job updated: 57372
	57  -  MemoryUsage of job (MB)
	57372  -  ResidentSetSize of job (KB)
...
006 (7995.049.000) 06/06 20:37:59 Image size of job updated: 57484
	57  -  MemoryUsage of job (MB)
	57484  -  ResidentSetSize of job (KB)
...
006 (7995.049.000) 06/06 20:48:01 Image size of job updated: 57536
	57  -  MemoryUsage of job (MB)
	57536  -  ResidentSetSize of job (KB)
...
005 (7995.049.000) 06/06 20:52:37 Job terminated.
	(1) Normal termination (return value 0)
		Usr 0 01:38:54, Sys 0 00:00:01  -  Run Remote Usage
		Usr 0 00:00:00, Sys 0 00:00:00  -  Run Local Usage
		Usr 0 01:38:54, Sys 0 00:00:01  -  Total Remote Usage
		Usr 0 00:00:00, Sys 0 00:00:00  -  Total Local Usage
	0  -  Run Bytes Sent By Job
	0  -  Run Bytes Received By Job
	0  -  Total Bytes Sent By Job
	0  -  Total Bytes Received By Job
	Partitionable Resources :    Usage  Request Allocated 
	   Cpus                 :     0.99        1         1 
	   Disk (KB)            :     1           1    257754 
	   Memory (MB)          :    57           1      1005 
...
