000 (7995.244.000) 06/06 17:40:55 Job submitted from host: <172.16.11.200:9618?addrs=172.16.11.200-9618&noUDP&sock=15237_350b_4>
...
001 (7995.244.000) 06/06 19:28:44 Job executing on host: <172.16.11.233:9618?addrs=172.16.11.233-9618&alias=pc-farm3&noUDP&sock=startd_6840_904a>
...
006 (7995.244.000) 06/06 19:28:52 Image size of job updated: 56052
	55  -  MemoryUsage of job (MB)
	56052  -  ResidentSetSize of job (KB)
...
006 (7995.244.000) 06/06 19:53:55 Image size of job updated: 56144
	55  -  MemoryUsage of job (MB)
	56144  -  ResidentSetSize of job (KB)
...
006 (7995.244.000) 06/06 20:23:57 Image size of job updated: 56176
	55  -  MemoryUsage of job (MB)
	56176  -  ResidentSetSize of job (KB)
...
006 (7995.244.000) 06/06 20:28:58 Image size of job updated: 56204
	55  -  MemoryUsage of job (MB)
	56204  -  ResidentSetSize of job (KB)
...
006 (7995.244.000) 06/06 20:38:59 Image size of job updated: 56292
	55  -  MemoryUsage of job (MB)
	56292  -  ResidentSetSize of job (KB)
...
006 (7995.244.000) 06/06 20:49:01 Image size of job updated: 56348
	56  -  MemoryUsage of job (MB)
	56348  -  ResidentSetSize of job (KB)
...
006 (7995.244.000) 06/06 20:54:01 Image size of job updated: 56476
	56  -  MemoryUsage of job (MB)
	56476  -  ResidentSetSize of job (KB)
...
005 (7995.244.000) 06/06 21:06:36 Job terminated.
	(1) Normal termination (return value 0)
		Usr 0 01:35:55, Sys 0 00:00:03  -  Run Remote Usage
		Usr 0 00:00:00, Sys 0 00:00:00  -  Run Local Usage
		Usr 0 01:35:55, Sys 0 00:00:03  -  Total Remote Usage
		Usr 0 00:00:00, Sys 0 00:00:00  -  Total Local Usage
	0  -  Run Bytes Sent By Job
	0  -  Run Bytes Received By Job
	0  -  Total Bytes Sent By Job
	0  -  Total Bytes Received By Job
	Partitionable Resources :    Usage  Request Allocated 
	   Cpus                 :     0.98        1         1 
	   Disk (KB)            :     1           1    257754 
	   Memory (MB)          :    56           1      1005 
...
