000 (7995.285.000) 06/06 17:40:55 Job submitted from host: <172.16.11.200:9618?addrs=172.16.11.200-9618&noUDP&sock=15237_350b_4>
...
001 (7995.285.000) 06/06 19:31:44 Job executing on host: <172.16.11.233:9618?addrs=172.16.11.233-9618&alias=pc-farm3&noUDP&sock=startd_6840_904a>
...
006 (7995.285.000) 06/06 19:31:53 Image size of job updated: 56860
	56  -  MemoryUsage of job (MB)
	56860  -  ResidentSetSize of job (KB)
...
006 (7995.285.000) 06/06 20:01:56 Image size of job updated: 56912
	56  -  MemoryUsage of job (MB)
	56912  -  ResidentSetSize of job (KB)
...
006 (7995.285.000) 06/06 20:16:58 Image size of job updated: 56992
	56  -  MemoryUsage of job (MB)
	56992  -  ResidentSetSize of job (KB)
...
006 (7995.285.000) 06/06 20:47:01 Image size of job updated: 57056
	56  -  MemoryUsage of job (MB)
	57056  -  ResidentSetSize of job (KB)
...
006 (7995.285.000) 06/06 20:52:01 Image size of job updated: 57084
	56  -  MemoryUsage of job (MB)
	57084  -  ResidentSetSize of job (KB)
...
006 (7995.285.000) 06/06 20:57:02 Image size of job updated: 57208
	56  -  MemoryUsage of job (MB)
	57208  -  ResidentSetSize of job (KB)
...
006 (7995.285.000) 06/06 21:02:02 Image size of job updated: 57236
	56  -  MemoryUsage of job (MB)
	57236  -  ResidentSetSize of job (KB)
...
005 (7995.285.000) 06/06 21:11:48 Job terminated.
	(1) Normal termination (return value 0)
		Usr 0 01:39:17, Sys 0 00:00:02  -  Run Remote Usage
		Usr 0 00:00:00, Sys 0 00:00:00  -  Run Local Usage
		Usr 0 01:39:17, Sys 0 00:00:02  -  Total Remote Usage
		Usr 0 00:00:00, Sys 0 00:00:00  -  Total Local Usage
	0  -  Run Bytes Sent By Job
	0  -  Run Bytes Received By Job
	0  -  Total Bytes Sent By Job
	0  -  Total Bytes Received By Job
	Partitionable Resources :    Usage  Request Allocated 
	   Cpus                 :     0.99        1         1 
	   Disk (KB)            :     1           1    257754 
	   Memory (MB)          :    56           1      1005 
...
