000 (7995.166.000) 06/06 17:40:55 Job submitted from host: <172.16.11.200:9618?addrs=172.16.11.200-9618&noUDP&sock=15237_350b_4>
...
001 (7995.166.000) 06/06 19:22:44 Job executing on host: <172.16.11.233:9618?addrs=172.16.11.233-9618&alias=pc-farm3&noUDP&sock=startd_6840_904a>
...
006 (7995.166.000) 06/06 19:22:52 Image size of job updated: 55628
	55  -  MemoryUsage of job (MB)
	55628  -  ResidentSetSize of job (KB)
...
006 (7995.166.000) 06/06 19:37:53 Image size of job updated: 55664
	55  -  MemoryUsage of job (MB)
	55664  -  ResidentSetSize of job (KB)
...
006 (7995.166.000) 06/06 19:47:54 Image size of job updated: 55804
	55  -  MemoryUsage of job (MB)
	55804  -  ResidentSetSize of job (KB)
...
006 (7995.166.000) 06/06 19:52:55 Image size of job updated: 55832
	55  -  MemoryUsage of job (MB)
	55832  -  ResidentSetSize of job (KB)
...
006 (7995.166.000) 06/06 20:17:58 Image size of job updated: 55844
	55  -  MemoryUsage of job (MB)
	55844  -  ResidentSetSize of job (KB)
...
006 (7995.166.000) 06/06 20:38:01 Image size of job updated: 55860
	55  -  MemoryUsage of job (MB)
	55860  -  ResidentSetSize of job (KB)
...
006 (7995.166.000) 06/06 20:43:01 Image size of job updated: 55988
	55  -  MemoryUsage of job (MB)
	55988  -  ResidentSetSize of job (KB)
...
006 (7995.166.000) 06/06 20:48:01 Image size of job updated: 56140
	55  -  MemoryUsage of job (MB)
	56140  -  ResidentSetSize of job (KB)
...
006 (7995.166.000) 06/06 20:53:02 Image size of job updated: 56292
	55  -  MemoryUsage of job (MB)
	56292  -  ResidentSetSize of job (KB)
...
005 (7995.166.000) 06/06 21:01:43 Job terminated.
	(1) Normal termination (return value 0)
		Usr 0 01:38:08, Sys 0 00:00:02  -  Run Remote Usage
		Usr 0 00:00:00, Sys 0 00:00:00  -  Run Local Usage
		Usr 0 01:38:08, Sys 0 00:00:02  -  Total Remote Usage
		Usr 0 00:00:00, Sys 0 00:00:00  -  Total Local Usage
	0  -  Run Bytes Sent By Job
	0  -  Run Bytes Received By Job
	0  -  Total Bytes Sent By Job
	0  -  Total Bytes Received By Job
	Partitionable Resources :    Usage  Request Allocated 
	   Cpus                 :     0.99        1         1 
	   Disk (KB)            :     1           1    257754 
	   Memory (MB)          :    55           1      1005 
...
