000 (29298.007.000) 01/21 12:26:05 Job submitted from host: <172.16.11.200:9618?addrs=172.16.11.200-9618&noUDP&sock=14877_46f2_4>
...
001 (29298.007.000) 01/21 13:20:48 Job executing on host: <172.16.11.233:9618?addrs=172.16.11.233-9618&alias=pc-farm3&noUDP&sock=startd_4556_edfa>
...
006 (29298.007.000) 01/21 13:20:58 Image size of job updated: 36084
	36  -  MemoryUsage of job (MB)
	36084  -  ResidentSetSize of job (KB)
...
005 (29298.007.000) 01/21 13:27:31 Job terminated.
	(1) Normal termination (return value 0)
		Usr 0 00:06:40, Sys 0 00:00:00  -  Run Remote Usage
		Usr 0 00:00:00, Sys 0 00:00:00  -  Run Local Usage
		Usr 0 00:06:40, Sys 0 00:00:00  -  Total Remote Usage
		Usr 0 00:00:00, Sys 0 00:00:00  -  Total Local Usage
	0  -  Run Bytes Sent By Job
	0  -  Run Bytes Received By Job
	0  -  Total Bytes Sent By Job
	0  -  Total Bytes Received By Job
	Partitionable Resources :    Usage  Request Allocated 
	   Cpus                 :     1.00        1         1 
	   Disk (KB)            :     1           1    254050 
	   Memory (MB)          :    36           1      1005 
...
000 (29352.007.000) 01/24 09:27:14 Job submitted from host: <172.16.11.200:9618?addrs=172.16.11.200-9618&noUDP&sock=14877_46f2_4>
...
001 (29352.007.000) 01/24 09:27:30 Job executing on host: <172.16.11.234:9618?addrs=172.16.11.234-9618&alias=pc-farm4&noUDP&sock=startd_5195_3aff>
...
006 (29352.007.000) 01/24 09:27:39 Image size of job updated: 419772
	31  -  MemoryUsage of job (MB)
	31476  -  ResidentSetSize of job (KB)
...
006 (29352.007.000) 01/24 09:52:42 Image size of job updated: 419780
	31  -  MemoryUsage of job (MB)
	31480  -  ResidentSetSize of job (KB)
...
006 (29352.007.000) 01/24 12:12:56 Image size of job updated: 419780
	31  -  MemoryUsage of job (MB)
	31484  -  ResidentSetSize of job (KB)
...
005 (29352.007.000) 01/24 14:08:38 Job terminated.
	(1) Normal termination (return value 0)
		Usr 0 04:41:04, Sys 0 00:00:00  -  Run Remote Usage
		Usr 0 00:00:00, Sys 0 00:00:00  -  Run Local Usage
		Usr 0 04:41:04, Sys 0 00:00:00  -  Total Remote Usage
		Usr 0 00:00:00, Sys 0 00:00:00  -  Total Local Usage
	0  -  Run Bytes Sent By Job
	0  -  Run Bytes Received By Job
	0  -  Total Bytes Sent By Job
	0  -  Total Bytes Received By Job
	Partitionable Resources :    Usage  Request Allocated 
	   Cpus                 :     1.00        1         1 
	   Disk (KB)            :     1           1    255907 
	   Memory (MB)          :    31           1       999 
...
000 (29408.007.000) 01/25 14:11:39 Job submitted from host: <172.16.11.200:9618?addrs=172.16.11.200-9618&noUDP&sock=14877_46f2_4>
...
001 (29408.007.000) 01/25 14:53:15 Job executing on host: <172.16.11.233:9618?addrs=172.16.11.233-9618&alias=pc-farm3&noUDP&sock=startd_4556_edfa>
...
006 (29408.007.000) 01/25 14:53:24 Image size of job updated: 35912
	36  -  MemoryUsage of job (MB)
	35912  -  ResidentSetSize of job (KB)
...
006 (29408.007.000) 01/25 15:08:25 Image size of job updated: 35916
	36  -  MemoryUsage of job (MB)
	35916  -  ResidentSetSize of job (KB)
...
006 (29408.007.000) 01/25 15:23:27 Image size of job updated: 35984
	36  -  MemoryUsage of job (MB)
	35984  -  ResidentSetSize of job (KB)
...
006 (29408.007.000) 01/25 16:43:35 Image size of job updated: 36072
	36  -  MemoryUsage of job (MB)
	36072  -  ResidentSetSize of job (KB)
...
006 (29408.007.000) 01/25 16:53:36 Image size of job updated: 36084
	36  -  MemoryUsage of job (MB)
	36084  -  ResidentSetSize of job (KB)
...
006 (29408.007.000) 01/25 17:03:38 Image size of job updated: 36096
	36  -  MemoryUsage of job (MB)
	36096  -  ResidentSetSize of job (KB)
...
006 (29408.007.000) 01/25 18:03:45 Image size of job updated: 36168
	36  -  MemoryUsage of job (MB)
	36168  -  ResidentSetSize of job (KB)
...
005 (29408.007.000) 01/25 18:44:46 Job terminated.
	(1) Normal termination (return value 0)
		Usr 0 03:51:28, Sys 0 00:00:00  -  Run Remote Usage
		Usr 0 00:00:00, Sys 0 00:00:00  -  Run Local Usage
		Usr 0 03:51:28, Sys 0 00:00:00  -  Total Remote Usage
		Usr 0 00:00:00, Sys 0 00:00:00  -  Total Local Usage
	0  -  Run Bytes Sent By Job
	0  -  Run Bytes Received By Job
	0  -  Total Bytes Sent By Job
	0  -  Total Bytes Received By Job
	Partitionable Resources :    Usage  Request Allocated 
	   Cpus                 :     1.00        1         1 
	   Disk (KB)            :     1           1    254050 
	   Memory (MB)          :    36           1      1005 
...
000 (29674.007.000) 01/30 10:58:29 Job submitted from host: <172.16.11.200:9618?addrs=172.16.11.200-9618&noUDP&sock=14877_46f2_4>
...
001 (29674.007.000) 01/30 11:49:05 Job executing on host: <172.16.11.234:9618?addrs=172.16.11.234-9618&alias=pc-farm4&noUDP&sock=startd_5195_3aff>
...
006 (29674.007.000) 01/30 11:49:14 Image size of job updated: 31476
	31  -  MemoryUsage of job (MB)
	31476  -  ResidentSetSize of job (KB)
...
006 (29674.007.000) 01/30 11:54:15 Image size of job updated: 419772
	31  -  MemoryUsage of job (MB)
	31476  -  ResidentSetSize of job (KB)
...
006 (29674.007.000) 01/30 12:09:16 Image size of job updated: 419780
	31  -  MemoryUsage of job (MB)
	31480  -  ResidentSetSize of job (KB)
...
005 (29674.007.000) 01/30 15:11:07 Job terminated.
	(1) Normal termination (return value 0)
		Usr 0 03:22:01, Sys 0 00:00:00  -  Run Remote Usage
		Usr 0 00:00:00, Sys 0 00:00:00  -  Run Local Usage
		Usr 0 03:22:01, Sys 0 00:00:00  -  Total Remote Usage
		Usr 0 00:00:00, Sys 0 00:00:00  -  Total Local Usage
	0  -  Run Bytes Sent By Job
	0  -  Run Bytes Received By Job
	0  -  Total Bytes Sent By Job
	0  -  Total Bytes Received By Job
	Partitionable Resources :    Usage  Request Allocated 
	   Cpus                 :     1.00        1         1 
	   Disk (KB)            :     1           1    255907 
	   Memory (MB)          :    31           1       999 
...
