000 (29321.000.000) 01/22 08:35:00 Job submitted from host: <172.16.11.200:9618?addrs=172.16.11.200-9618&noUDP&sock=14877_46f2_4>
...
001 (29321.000.000) 01/22 09:13:04 Job executing on host: <172.16.11.231:9618?addrs=172.16.11.231-9618&noUDP&sock=startd_22895_f54e_4>
...
006 (29321.000.000) 01/22 09:13:14 Image size of job updated: 31488
	31  -  MemoryUsage of job (MB)
	31488  -  ResidentSetSize of job (KB)
...
006 (29321.000.000) 01/22 10:38:22 Image size of job updated: 31652
	31  -  MemoryUsage of job (MB)
	31652  -  ResidentSetSize of job (KB)
...
006 (29321.000.000) 01/22 15:40:41 Image size of job updated: 419680
	31  -  MemoryUsage of job (MB)
	31652  -  ResidentSetSize of job (KB)
...
005 (29321.000.000) 01/22 15:40:41 Job terminated.
	(1) Normal termination (return value 0)
		Usr 0 06:27:23, Sys 0 00:00:00  -  Run Remote Usage
		Usr 0 00:00:00, Sys 0 00:00:00  -  Run Local Usage
		Usr 0 06:27:23, Sys 0 00:00:00  -  Total Remote Usage
		Usr 0 00:00:00, Sys 0 00:00:00  -  Total Local Usage
	0  -  Run Bytes Sent By Job
	0  -  Run Bytes Received By Job
	0  -  Total Bytes Sent By Job
	0  -  Total Bytes Received By Job
	Partitionable Resources :    Usage  Request Allocated 
	   Cpus                 :     1.00        1         1 
	   Disk (KB)            :     1           1    241059 
	   Memory (MB)          :    31           1      2008 
...
000 (29341.000.000) 01/23 20:29:25 Job submitted from host: <172.16.11.200:9618?addrs=172.16.11.200-9618&noUDP&sock=14877_46f2_4>
...
001 (29341.000.000) 01/23 20:29:43 Job executing on host: <172.16.11.234:9618?addrs=172.16.11.234-9618&alias=pc-farm4&noUDP&sock=startd_5195_3aff>
...
006 (29341.000.000) 01/23 20:29:50 Image size of job updated: 419772
	0  -  MemoryUsage of job (MB)
	0  -  ResidentSetSize of job (KB)
...
005 (29341.000.000) 01/23 20:29:50 Job terminated.
	(1) Normal termination (return value 0)
		Usr 0 00:00:06, Sys 0 00:00:00  -  Run Remote Usage
		Usr 0 00:00:00, Sys 0 00:00:00  -  Run Local Usage
		Usr 0 00:00:06, Sys 0 00:00:00  -  Total Remote Usage
		Usr 0 00:00:00, Sys 0 00:00:00  -  Total Local Usage
	0  -  Run Bytes Sent By Job
	0  -  Run Bytes Received By Job
	0  -  Total Bytes Sent By Job
	0  -  Total Bytes Received By Job
	Partitionable Resources :    Usage  Request Allocated 
	   Cpus                 :                 1         1 
	   Disk (KB)            :        1        1    255907 
	   Memory (MB)          :        0        1       999 
...
000 (29342.000.000) 01/23 20:30:33 Job submitted from host: <172.16.11.200:9618?addrs=172.16.11.200-9618&noUDP&sock=14877_46f2_4>
...
001 (29342.000.000) 01/23 20:30:34 Job executing on host: <172.16.11.234:9618?addrs=172.16.11.234-9618&alias=pc-farm4&noUDP&sock=startd_5195_3aff>
...
006 (29342.000.000) 01/23 20:30:43 Image size of job updated: 419772
	31  -  MemoryUsage of job (MB)
	31476  -  ResidentSetSize of job (KB)
...
006 (29342.000.000) 01/23 21:00:46 Image size of job updated: 419780
	31  -  MemoryUsage of job (MB)
	31480  -  ResidentSetSize of job (KB)
...
005 (29342.000.000) 01/24 02:01:59 Job terminated.
	(1) Normal termination (return value 0)
		Usr 0 04:59:22, Sys 0 00:00:01  -  Run Remote Usage
		Usr 0 00:00:00, Sys 0 00:00:00  -  Run Local Usage
		Usr 0 04:59:22, Sys 0 00:00:01  -  Total Remote Usage
		Usr 0 00:00:00, Sys 0 00:00:00  -  Total Local Usage
	0  -  Run Bytes Sent By Job
	0  -  Run Bytes Received By Job
	0  -  Total Bytes Sent By Job
	0  -  Total Bytes Received By Job
	Partitionable Resources :    Usage  Request Allocated 
	   Cpus                 :     0.86        1         1 
	   Disk (KB)            :     1           1    255907 
	   Memory (MB)          :    31           1       999 
...
000 (29356.000.000) 01/24 09:27:36 Job submitted from host: <172.16.11.200:9618?addrs=172.16.11.200-9618&noUDP&sock=14877_46f2_4>
...
001 (29356.000.000) 01/24 09:27:55 Job executing on host: <172.16.11.232:9618?addrs=172.16.11.232-9618&alias=pc-farm2&noUDP&sock=startd_4986_dfb4_4>
...
006 (29356.000.000) 01/24 09:28:03 Image size of job updated: 31880
	32  -  MemoryUsage of job (MB)
	31880  -  ResidentSetSize of job (KB)
...
006 (29356.000.000) 01/24 10:28:10 Image size of job updated: 32320
	32  -  MemoryUsage of job (MB)
	32320  -  ResidentSetSize of job (KB)
...
005 (29356.000.000) 01/24 12:38:04 Job terminated.
	(1) Normal termination (return value 0)
		Usr 0 03:10:08, Sys 0 00:00:00  -  Run Remote Usage
		Usr 0 00:00:00, Sys 0 00:00:00  -  Run Local Usage
		Usr 0 03:10:08, Sys 0 00:00:00  -  Total Remote Usage
		Usr 0 00:00:00, Sys 0 00:00:00  -  Total Local Usage
	0  -  Run Bytes Sent By Job
	0  -  Run Bytes Received By Job
	0  -  Total Bytes Sent By Job
	0  -  Total Bytes Received By Job
	Partitionable Resources :    Usage  Request Allocated 
	   Cpus                 :     1.00        1         1 
	   Disk (KB)            :     1           1    245927 
	   Memory (MB)          :    32           1      1005 
...
000 (29412.000.000) 01/25 14:11:53 Job submitted from host: <172.16.11.200:9618?addrs=172.16.11.200-9618&noUDP&sock=14877_46f2_4>
...
001 (29412.000.000) 01/25 15:30:14 Job executing on host: <172.16.11.233:9618?addrs=172.16.11.233-9618&alias=pc-farm3&noUDP&sock=startd_4556_edfa>
...
006 (29412.000.000) 01/25 15:30:23 Image size of job updated: 36600
	36  -  MemoryUsage of job (MB)
	36600  -  ResidentSetSize of job (KB)
...
005 (29412.000.000) 01/25 19:55:35 Job terminated.
	(1) Normal termination (return value 0)
		Usr 0 04:25:18, Sys 0 00:00:00  -  Run Remote Usage
		Usr 0 00:00:00, Sys 0 00:00:00  -  Run Local Usage
		Usr 0 04:25:18, Sys 0 00:00:00  -  Total Remote Usage
		Usr 0 00:00:00, Sys 0 00:00:00  -  Total Local Usage
	0  -  Run Bytes Sent By Job
	0  -  Run Bytes Received By Job
	0  -  Total Bytes Sent By Job
	0  -  Total Bytes Received By Job
	Partitionable Resources :    Usage  Request Allocated 
	   Cpus                 :     0.99        1         1 
	   Disk (KB)            :     1           1    254050 
	   Memory (MB)          :    36           1      1005 
...
000 (29625.000.000) 01/28 22:25:51 Job submitted from host: <172.16.11.200:9618?addrs=172.16.11.200-9618&noUDP&sock=14877_46f2_4>
...
009 (29625.000.000) 01/28 23:02:09 Job was aborted by the user.
	via condor_rm (by user zhangliang)
...
000 (29626.000.000) 01/28 23:02:36 Job submitted from host: <172.16.11.200:9618?addrs=172.16.11.200-9618&noUDP&sock=14877_46f2_4>
...
001 (29626.000.000) 01/28 23:04:38 Job executing on host: <172.16.11.233:9618?addrs=172.16.11.233-9618&alias=pc-farm3&noUDP&sock=startd_4556_edfa>
...
006 (29626.000.000) 01/28 23:04:46 Image size of job updated: 36600
	36  -  MemoryUsage of job (MB)
	36600  -  ResidentSetSize of job (KB)
...
004 (29626.000.000) 01/28 23:15:20 Job was evicted.
	(0) CPU times
		Usr 0 00:10:41, Sys 0 00:00:00  -  Run Remote Usage
		Usr 0 00:00:00, Sys 0 00:00:00  -  Run Local Usage
	0  -  Run Bytes Sent By Job
	0  -  Run Bytes Received By Job
	Partitionable Resources :    Usage  Request Allocated 
	   Cpus                 :     1.00        1         1 
	   Disk (KB)            :     1           1    254050 
	   Memory (MB)          :    36           1      1005 
...
009 (29626.000.000) 01/28 23:15:20 Job was aborted by the user.
	via condor_rm (by user zhangliang)
...
000 (29627.000.000) 01/28 23:15:28 Job submitted from host: <172.16.11.200:9618?addrs=172.16.11.200-9618&noUDP&sock=14877_46f2_4>
...
001 (29627.000.000) 01/28 23:15:29 Job executing on host: <172.16.11.233:9618?addrs=172.16.11.233-9618&alias=pc-farm3&noUDP&sock=startd_4556_edfa>
...
006 (29627.000.000) 01/28 23:15:38 Image size of job updated: 35088
	35  -  MemoryUsage of job (MB)
	35088  -  ResidentSetSize of job (KB)
...
006 (29627.000.000) 01/29 00:25:45 Image size of job updated: 35216
	35  -  MemoryUsage of job (MB)
	35216  -  ResidentSetSize of job (KB)
...
006 (29627.000.000) 01/29 00:45:47 Image size of job updated: 35236
	35  -  MemoryUsage of job (MB)
	35236  -  ResidentSetSize of job (KB)
...
006 (29627.000.000) 01/29 00:55:48 Image size of job updated: 35244
	35  -  MemoryUsage of job (MB)
	35244  -  ResidentSetSize of job (KB)
...
006 (29627.000.000) 01/29 01:15:49 Image size of job updated: 35264
	35  -  MemoryUsage of job (MB)
	35264  -  ResidentSetSize of job (KB)
...
006 (29627.000.000) 01/29 02:00:54 Image size of job updated: 35308
	35  -  MemoryUsage of job (MB)
	35308  -  ResidentSetSize of job (KB)
...
006 (29627.000.000) 01/29 02:05:54 Image size of job updated: 35312
	35  -  MemoryUsage of job (MB)
	35312  -  ResidentSetSize of job (KB)
...
005 (29627.000.000) 01/29 03:40:00 Job terminated.
	(1) Normal termination (return value 0)
		Usr 0 04:24:26, Sys 0 00:00:00  -  Run Remote Usage
		Usr 0 00:00:00, Sys 0 00:00:00  -  Run Local Usage
		Usr 0 04:24:26, Sys 0 00:00:00  -  Total Remote Usage
		Usr 0 00:00:00, Sys 0 00:00:00  -  Total Local Usage
	0  -  Run Bytes Sent By Job
	0  -  Run Bytes Received By Job
	0  -  Total Bytes Sent By Job
	0  -  Total Bytes Received By Job
	Partitionable Resources :    Usage  Request Allocated 
	   Cpus                 :     1.00        1         1 
	   Disk (KB)            :     1           1    254050 
	   Memory (MB)          :    35           1      1005 
...
000 (29631.000.000) 01/29 11:01:51 Job submitted from host: <172.16.11.200:9618?addrs=172.16.11.200-9618&noUDP&sock=14877_46f2_4>
...
001 (29631.000.000) 01/29 11:02:05 Job executing on host: <172.16.11.231:9618?addrs=172.16.11.231-9618&noUDP&sock=startd_22895_f54e_4>
...
006 (29631.000.000) 01/29 11:02:15 Image size of job updated: 31500
	31  -  MemoryUsage of job (MB)
	31500  -  ResidentSetSize of job (KB)
...
006 (29631.000.000) 01/29 12:27:21 Image size of job updated: 31612
	31  -  MemoryUsage of job (MB)
	31612  -  ResidentSetSize of job (KB)
...
006 (29631.000.000) 01/29 14:38:36 Image size of job updated: 306516
	31  -  MemoryUsage of job (MB)
	31612  -  ResidentSetSize of job (KB)
...
004 (29631.000.000) 01/29 14:38:36 Job was evicted.
	(0) CPU times
		Usr 0 03:36:02, Sys 0 00:00:25  -  Run Remote Usage
		Usr 0 00:00:00, Sys 0 00:00:00  -  Run Local Usage
	0  -  Run Bytes Sent By Job
	0  -  Run Bytes Received By Job
	Partitionable Resources :    Usage  Request Allocated 
	   Cpus                 :     1.00        1         1 
	   Disk (KB)            :     1           1    241059 
	   Memory (MB)          :    31           1      2008 
...
009 (29631.000.000) 01/29 14:38:36 Job was aborted by the user.
	via condor_rm (by user zhangliang)
...
000 (29643.000.000) 01/29 14:45:40 Job submitted from host: <172.16.11.200:9618?addrs=172.16.11.200-9618&noUDP&sock=14877_46f2_4>
...
001 (29643.000.000) 01/29 14:45:43 Job executing on host: <172.16.11.232:9618?addrs=172.16.11.232-9618&alias=pc-farm2&noUDP&sock=startd_4986_dfb4_4>
...
006 (29643.000.000) 01/29 14:45:52 Image size of job updated: 31516
	31  -  MemoryUsage of job (MB)
	31516  -  ResidentSetSize of job (KB)
...
005 (29643.000.000) 01/29 14:48:55 Job terminated.
	(1) Normal termination (return value 0)
		Usr 0 00:03:10, Sys 0 00:00:00  -  Run Remote Usage
		Usr 0 00:00:00, Sys 0 00:00:00  -  Run Local Usage
		Usr 0 00:03:10, Sys 0 00:00:00  -  Total Remote Usage
		Usr 0 00:00:00, Sys 0 00:00:00  -  Total Local Usage
	0  -  Run Bytes Sent By Job
	0  -  Run Bytes Received By Job
	0  -  Total Bytes Sent By Job
	0  -  Total Bytes Received By Job
	Partitionable Resources :    Usage  Request Allocated 
	   Cpus                 :     1.00        1         1 
	   Disk (KB)            :     1           1    245927 
	   Memory (MB)          :    31           1      1005 
...
000 (29652.000.000) 01/29 16:52:15 Job submitted from host: <172.16.11.200:9618?addrs=172.16.11.200-9618&noUDP&sock=14877_46f2_4>
...
001 (29652.000.000) 01/29 18:30:37 Job executing on host: <172.16.11.233:9618?addrs=172.16.11.233-9618&alias=pc-farm3&noUDP&sock=startd_4556_edfa>
...
006 (29652.000.000) 01/29 18:30:48 Image size of job updated: 38664
	38  -  MemoryUsage of job (MB)
	38664  -  ResidentSetSize of job (KB)
...
006 (29652.000.000) 01/29 18:35:49 Image size of job updated: 38732
	38  -  MemoryUsage of job (MB)
	38732  -  ResidentSetSize of job (KB)
...
006 (29652.000.000) 01/29 18:40:49 Image size of job updated: 38764
	38  -  MemoryUsage of job (MB)
	38764  -  ResidentSetSize of job (KB)
...
006 (29652.000.000) 01/29 18:45:49 Image size of job updated: 38792
	38  -  MemoryUsage of job (MB)
	38792  -  ResidentSetSize of job (KB)
...
006 (29652.000.000) 01/29 18:50:50 Image size of job updated: 38824
	38  -  MemoryUsage of job (MB)
	38824  -  ResidentSetSize of job (KB)
...
006 (29652.000.000) 01/29 18:55:50 Image size of job updated: 38852
	38  -  MemoryUsage of job (MB)
	38852  -  ResidentSetSize of job (KB)
...
006 (29652.000.000) 01/29 19:00:50 Image size of job updated: 39008
	39  -  MemoryUsage of job (MB)
	39008  -  ResidentSetSize of job (KB)
...
005 (29652.000.000) 01/29 19:14:54 Job terminated.
	(1) Normal termination (return value 0)
		Usr 0 00:44:00, Sys 0 00:00:03  -  Run Remote Usage
		Usr 0 00:00:00, Sys 0 00:00:00  -  Run Local Usage
		Usr 0 00:44:00, Sys 0 00:00:03  -  Total Remote Usage
		Usr 0 00:00:00, Sys 0 00:00:00  -  Total Local Usage
	0  -  Run Bytes Sent By Job
	0  -  Run Bytes Received By Job
	0  -  Total Bytes Sent By Job
	0  -  Total Bytes Received By Job
	Partitionable Resources :    Usage  Request Allocated 
	   Cpus                 :     1.00        1         1 
	   Disk (KB)            :     1           1    254050 
	   Memory (MB)          :    39           1      1005 
...
000 (29693.000.000) 01/30 17:50:49 Job submitted from host: <172.16.11.200:9618?addrs=172.16.11.200-9618&noUDP&sock=14877_46f2_4>
...
001 (29693.000.000) 01/30 20:03:50 Job executing on host: <172.16.11.231:9618?addrs=172.16.11.231-9618&noUDP&sock=startd_22895_f54e_4>
...
006 (29693.000.000) 01/30 20:03:59 Image size of job updated: 31548
	31  -  MemoryUsage of job (MB)
	31548  -  ResidentSetSize of job (KB)
...
005 (29693.000.000) 01/30 23:34:14 Job terminated.
	(1) Normal termination (return value 0)
		Usr 0 03:30:23, Sys 0 00:00:00  -  Run Remote Usage
		Usr 0 00:00:00, Sys 0 00:00:00  -  Run Local Usage
		Usr 0 03:30:23, Sys 0 00:00:00  -  Total Remote Usage
		Usr 0 00:00:00, Sys 0 00:00:00  -  Total Local Usage
	0  -  Run Bytes Sent By Job
	0  -  Run Bytes Received By Job
	0  -  Total Bytes Sent By Job
	0  -  Total Bytes Received By Job
	Partitionable Resources :    Usage  Request Allocated 
	   Cpus                 :     1.00        1         1 
	   Disk (KB)            :     1           1    241059 
	   Memory (MB)          :    31           1      2008 
...
