000 (29299.004.000) 01/21 12:26:09 Job submitted from host: <172.16.11.200:9618?addrs=172.16.11.200-9618&noUDP&sock=14877_46f2_4>
...
001 (29299.004.000) 01/21 13:28:28 Job executing on host: <172.16.11.233:9618?addrs=172.16.11.233-9618&alias=pc-farm3&noUDP&sock=startd_4556_edfa>
...
006 (29299.004.000) 01/21 13:28:32 Image size of job updated: 4640
	5  -  MemoryUsage of job (MB)
	4640  -  ResidentSetSize of job (KB)
...
005 (29299.004.000) 01/21 13:28:32 Job terminated.
	(1) Normal termination (return value 0)
		Usr 0 00:00:03, Sys 0 00:00:00  -  Run Remote Usage
		Usr 0 00:00:00, Sys 0 00:00:00  -  Run Local Usage
		Usr 0 00:00:03, Sys 0 00:00:00  -  Total Remote Usage
		Usr 0 00:00:00, Sys 0 00:00:00  -  Total Local Usage
	0  -  Run Bytes Sent By Job
	0  -  Run Bytes Received By Job
	0  -  Total Bytes Sent By Job
	0  -  Total Bytes Received By Job
	Partitionable Resources :    Usage  Request Allocated 
	   Cpus                 :     0.12        1         1 
	   Disk (KB)            :     1           1    254050 
	   Memory (MB)          :     5           1      1005 
...
000 (29353.004.000) 01/24 09:27:18 Job submitted from host: <172.16.11.200:9618?addrs=172.16.11.200-9618&noUDP&sock=14877_46f2_4>
...
001 (29353.004.000) 01/24 09:27:35 Job executing on host: <172.16.11.234:9618?addrs=172.16.11.234-9618&alias=pc-farm4&noUDP&sock=startd_5195_3aff>
...
006 (29353.004.000) 01/24 09:27:44 Image size of job updated: 419772
	31  -  MemoryUsage of job (MB)
	31476  -  ResidentSetSize of job (KB)
...
006 (29353.004.000) 01/24 09:57:48 Image size of job updated: 419780
	31  -  MemoryUsage of job (MB)
	31480  -  ResidentSetSize of job (KB)
...
006 (29353.004.000) 01/24 12:58:05 Image size of job updated: 419780
	31  -  MemoryUsage of job (MB)
	31484  -  ResidentSetSize of job (KB)
...
005 (29353.004.000) 01/24 14:08:12 Job terminated.
	(1) Normal termination (return value 0)
		Usr 0 04:40:32, Sys 0 00:00:00  -  Run Remote Usage
		Usr 0 00:00:00, Sys 0 00:00:00  -  Run Local Usage
		Usr 0 04:40:32, Sys 0 00:00:00  -  Total Remote Usage
		Usr 0 00:00:00, Sys 0 00:00:00  -  Total Local Usage
	0  -  Run Bytes Sent By Job
	0  -  Run Bytes Received By Job
	0  -  Total Bytes Sent By Job
	0  -  Total Bytes Received By Job
	Partitionable Resources :    Usage  Request Allocated 
	   Cpus                 :     1.00        1         1 
	   Disk (KB)            :     1           1    255907 
	   Memory (MB)          :    31           1       999 
...
000 (29409.004.000) 01/25 14:11:44 Job submitted from host: <172.16.11.200:9618?addrs=172.16.11.200-9618&noUDP&sock=14877_46f2_4>
...
001 (29409.004.000) 01/25 15:01:15 Job executing on host: <172.16.11.233:9618?addrs=172.16.11.233-9618&alias=pc-farm3&noUDP&sock=startd_4556_edfa>
...
006 (29409.004.000) 01/25 15:01:24 Image size of job updated: 35728
	35  -  MemoryUsage of job (MB)
	35728  -  ResidentSetSize of job (KB)
...
006 (29409.004.000) 01/25 15:21:26 Image size of job updated: 35956
	36  -  MemoryUsage of job (MB)
	35956  -  ResidentSetSize of job (KB)
...
006 (29409.004.000) 01/25 15:26:26 Image size of job updated: 35968
	36  -  MemoryUsage of job (MB)
	35968  -  ResidentSetSize of job (KB)
...
006 (29409.004.000) 01/25 15:31:27 Image size of job updated: 36096
	36  -  MemoryUsage of job (MB)
	36096  -  ResidentSetSize of job (KB)
...
006 (29409.004.000) 01/25 16:46:34 Image size of job updated: 36176
	36  -  MemoryUsage of job (MB)
	36176  -  ResidentSetSize of job (KB)
...
006 (29409.004.000) 01/25 16:51:34 Image size of job updated: 36184
	36  -  MemoryUsage of job (MB)
	36184  -  ResidentSetSize of job (KB)
...
006 (29409.004.000) 01/25 17:01:36 Image size of job updated: 36196
	36  -  MemoryUsage of job (MB)
	36196  -  ResidentSetSize of job (KB)
...
006 (29409.004.000) 01/25 17:06:36 Image size of job updated: 36204
	36  -  MemoryUsage of job (MB)
	36204  -  ResidentSetSize of job (KB)
...
006 (29409.004.000) 01/25 17:16:38 Image size of job updated: 36216
	36  -  MemoryUsage of job (MB)
	36216  -  ResidentSetSize of job (KB)
...
006 (29409.004.000) 01/25 17:21:38 Image size of job updated: 36224
	36  -  MemoryUsage of job (MB)
	36224  -  ResidentSetSize of job (KB)
...
006 (29409.004.000) 01/25 17:26:39 Image size of job updated: 36232
	36  -  MemoryUsage of job (MB)
	36232  -  ResidentSetSize of job (KB)
...
006 (29409.004.000) 01/25 17:31:40 Image size of job updated: 36236
	36  -  MemoryUsage of job (MB)
	36236  -  ResidentSetSize of job (KB)
...
006 (29409.004.000) 01/25 17:36:40 Image size of job updated: 36244
	36  -  MemoryUsage of job (MB)
	36244  -  ResidentSetSize of job (KB)
...
006 (29409.004.000) 01/25 17:41:40 Image size of job updated: 36376
	36  -  MemoryUsage of job (MB)
	36376  -  ResidentSetSize of job (KB)
...
005 (29409.004.000) 01/25 18:40:33 Job terminated.
	(1) Normal termination (return value 0)
		Usr 0 03:39:16, Sys 0 00:00:00  -  Run Remote Usage
		Usr 0 00:00:00, Sys 0 00:00:00  -  Run Local Usage
		Usr 0 03:39:16, Sys 0 00:00:00  -  Total Remote Usage
		Usr 0 00:00:00, Sys 0 00:00:00  -  Total Local Usage
	0  -  Run Bytes Sent By Job
	0  -  Run Bytes Received By Job
	0  -  Total Bytes Sent By Job
	0  -  Total Bytes Received By Job
	Partitionable Resources :    Usage  Request Allocated 
	   Cpus                 :     1.00        1         1 
	   Disk (KB)            :     1           1    254050 
	   Memory (MB)          :    36           1      1005 
...
000 (29675.004.000) 01/30 10:58:35 Job submitted from host: <172.16.11.200:9618?addrs=172.16.11.200-9618&noUDP&sock=14877_46f2_4>
...
001 (29675.004.000) 01/30 12:07:43 Job executing on host: <172.16.11.231:9618?addrs=172.16.11.231-9618&noUDP&sock=startd_22895_f54e_4>
...
006 (29675.004.000) 01/30 12:07:51 Image size of job updated: 31392
	31  -  MemoryUsage of job (MB)
	31392  -  ResidentSetSize of job (KB)
...
006 (29675.004.000) 01/30 13:33:01 Image size of job updated: 31448
	31  -  MemoryUsage of job (MB)
	31448  -  ResidentSetSize of job (KB)
...
005 (29675.004.000) 01/30 15:04:20 Job terminated.
	(1) Normal termination (return value 0)
		Usr 0 02:56:35, Sys 0 00:00:00  -  Run Remote Usage
		Usr 0 00:00:00, Sys 0 00:00:00  -  Run Local Usage
		Usr 0 02:56:35, Sys 0 00:00:00  -  Total Remote Usage
		Usr 0 00:00:00, Sys 0 00:00:00  -  Total Local Usage
	0  -  Run Bytes Sent By Job
	0  -  Run Bytes Received By Job
	0  -  Total Bytes Sent By Job
	0  -  Total Bytes Received By Job
	Partitionable Resources :    Usage  Request Allocated 
	   Cpus                 :     1.00        1         1 
	   Disk (KB)            :     1           1    241059 
	   Memory (MB)          :    31           1      2008 
...
