000 (29296.010.000) 01/21 12:25:55 Job submitted from host: <172.16.11.200:9618?addrs=172.16.11.200-9618&noUDP&sock=14877_46f2_4>
...
001 (29296.010.000) 01/21 13:19:23 Job executing on host: <172.16.11.231:9618?addrs=172.16.11.231-9618&noUDP&sock=startd_22895_f54e_4>
...
006 (29296.010.000) 01/21 13:19:29 Image size of job updated: 172
	1  -  MemoryUsage of job (MB)
	172  -  ResidentSetSize of job (KB)
...
005 (29296.010.000) 01/21 13:19:29 Job terminated.
	(1) Normal termination (return value 0)
		Usr 0 00:00:04, Sys 0 00:00:00  -  Run Remote Usage
		Usr 0 00:00:00, Sys 0 00:00:00  -  Run Local Usage
		Usr 0 00:00:04, Sys 0 00:00:00  -  Total Remote Usage
		Usr 0 00:00:00, Sys 0 00:00:00  -  Total Local Usage
	0  -  Run Bytes Sent By Job
	0  -  Run Bytes Received By Job
	0  -  Total Bytes Sent By Job
	0  -  Total Bytes Received By Job
	Partitionable Resources :    Usage  Request Allocated 
	   Cpus                 :     0.09        1         1 
	   Disk (KB)            :     1           1    241059 
	   Memory (MB)          :     1           1      2008 
...
000 (29349.010.000) 01/24 09:27:00 Job submitted from host: <172.16.11.200:9618?addrs=172.16.11.200-9618&noUDP&sock=14877_46f2_4>
...
001 (29349.010.000) 01/24 09:27:02 Job executing on host: <172.16.11.234:9618?addrs=172.16.11.234-9618&alias=pc-farm4&noUDP&sock=startd_5195_3aff>
...
006 (29349.010.000) 01/24 09:27:10 Image size of job updated: 419772
	31  -  MemoryUsage of job (MB)
	31472  -  ResidentSetSize of job (KB)
...
006 (29349.010.000) 01/24 09:52:12 Image size of job updated: 419780
	31  -  MemoryUsage of job (MB)
	31476  -  ResidentSetSize of job (KB)
...
005 (29349.010.000) 01/24 13:59:50 Job terminated.
	(1) Normal termination (return value 0)
		Usr 0 04:32:45, Sys 0 00:00:00  -  Run Remote Usage
		Usr 0 00:00:00, Sys 0 00:00:00  -  Run Local Usage
		Usr 0 04:32:45, Sys 0 00:00:00  -  Total Remote Usage
		Usr 0 00:00:00, Sys 0 00:00:00  -  Total Local Usage
	0  -  Run Bytes Sent By Job
	0  -  Run Bytes Received By Job
	0  -  Total Bytes Sent By Job
	0  -  Total Bytes Received By Job
	Partitionable Resources :    Usage  Request Allocated 
	   Cpus                 :     1.00        1         1 
	   Disk (KB)            :     1           1    255907 
	   Memory (MB)          :    31           1       999 
...
000 (29405.010.000) 01/25 14:11:27 Job submitted from host: <172.16.11.200:9618?addrs=172.16.11.200-9618&noUDP&sock=14877_46f2_4>
...
001 (29405.010.000) 01/25 14:14:14 Job executing on host: <172.16.11.233:9618?addrs=172.16.11.233-9618&alias=pc-farm3&noUDP&sock=startd_4556_edfa>
...
006 (29405.010.000) 01/25 14:14:24 Image size of job updated: 35868
	36  -  MemoryUsage of job (MB)
	35868  -  ResidentSetSize of job (KB)
...
006 (29405.010.000) 01/25 15:19:31 Image size of job updated: 36000
	36  -  MemoryUsage of job (MB)
	36000  -  ResidentSetSize of job (KB)
...
006 (29405.010.000) 01/25 16:39:40 Image size of job updated: 36096
	36  -  MemoryUsage of job (MB)
	36096  -  ResidentSetSize of job (KB)
...
006 (29405.010.000) 01/25 16:59:42 Image size of job updated: 36128
	36  -  MemoryUsage of job (MB)
	36128  -  ResidentSetSize of job (KB)
...
006 (29405.010.000) 01/25 17:09:44 Image size of job updated: 36140
	36  -  MemoryUsage of job (MB)
	36140  -  ResidentSetSize of job (KB)
...
006 (29405.010.000) 01/25 17:14:44 Image size of job updated: 36144
	36  -  MemoryUsage of job (MB)
	36144  -  ResidentSetSize of job (KB)
...
006 (29405.010.000) 01/25 17:19:44 Image size of job updated: 36152
	36  -  MemoryUsage of job (MB)
	36152  -  ResidentSetSize of job (KB)
...
006 (29405.010.000) 01/25 17:24:46 Image size of job updated: 36160
	36  -  MemoryUsage of job (MB)
	36160  -  ResidentSetSize of job (KB)
...
005 (29405.010.000) 01/25 17:52:11 Job terminated.
	(1) Normal termination (return value 0)
		Usr 0 03:37:51, Sys 0 00:00:00  -  Run Remote Usage
		Usr 0 00:00:00, Sys 0 00:00:00  -  Run Local Usage
		Usr 0 03:37:51, Sys 0 00:00:00  -  Total Remote Usage
		Usr 0 00:00:00, Sys 0 00:00:00  -  Total Local Usage
	0  -  Run Bytes Sent By Job
	0  -  Run Bytes Received By Job
	0  -  Total Bytes Sent By Job
	0  -  Total Bytes Received By Job
	Partitionable Resources :    Usage  Request Allocated 
	   Cpus                 :     1.00        1         1 
	   Disk (KB)            :     1           1    254050 
	   Memory (MB)          :    36           1      1005 
...
000 (29671.010.000) 01/30 10:56:39 Job submitted from host: <172.16.11.200:9618?addrs=172.16.11.200-9618&noUDP&sock=14877_46f2_4>
...
001 (29671.010.000) 01/30 11:05:05 Job executing on host: <172.16.11.234:9618?addrs=172.16.11.234-9618&alias=pc-farm4&noUDP&sock=startd_5195_3aff>
...
006 (29671.010.000) 01/30 11:05:14 Image size of job updated: 31476
	31  -  MemoryUsage of job (MB)
	31476  -  ResidentSetSize of job (KB)
...
006 (29671.010.000) 01/30 11:10:14 Image size of job updated: 419772
	31  -  MemoryUsage of job (MB)
	31476  -  ResidentSetSize of job (KB)
...
006 (29671.010.000) 01/30 11:25:15 Image size of job updated: 419780
	31  -  MemoryUsage of job (MB)
	31480  -  ResidentSetSize of job (KB)
...
005 (29671.010.000) 01/30 14:12:16 Job terminated.
	(1) Normal termination (return value 0)
		Usr 0 03:07:09, Sys 0 00:00:00  -  Run Remote Usage
		Usr 0 00:00:00, Sys 0 00:00:00  -  Run Local Usage
		Usr 0 03:07:09, Sys 0 00:00:00  -  Total Remote Usage
		Usr 0 00:00:00, Sys 0 00:00:00  -  Total Local Usage
	0  -  Run Bytes Sent By Job
	0  -  Run Bytes Received By Job
	0  -  Total Bytes Sent By Job
	0  -  Total Bytes Received By Job
	Partitionable Resources :    Usage  Request Allocated 
	   Cpus                 :     1.00        1         1 
	   Disk (KB)            :     1           1    255907 
	   Memory (MB)          :    31           1       999 
...
