000 (29299.006.000) 01/21 12:26:09 Job submitted from host: <172.16.11.200:9618?addrs=172.16.11.200-9618&noUDP&sock=14877_46f2_4>
...
001 (29299.006.000) 01/21 13:28:32 Job executing on host: <172.16.11.233:9618?addrs=172.16.11.233-9618&alias=pc-farm3&noUDP&sock=startd_4556_edfa>
...
006 (29299.006.000) 01/21 13:28:37 Image size of job updated: 3820
	4  -  MemoryUsage of job (MB)
	3820  -  ResidentSetSize of job (KB)
...
005 (29299.006.000) 01/21 13:28:37 Job terminated.
	(1) Normal termination (return value 0)
		Usr 0 00:00:03, Sys 0 00:00:00  -  Run Remote Usage
		Usr 0 00:00:00, Sys 0 00:00:00  -  Run Local Usage
		Usr 0 00:00:03, Sys 0 00:00:00  -  Total Remote Usage
		Usr 0 00:00:00, Sys 0 00:00:00  -  Total Local Usage
	0  -  Run Bytes Sent By Job
	0  -  Run Bytes Received By Job
	0  -  Total Bytes Sent By Job
	0  -  Total Bytes Received By Job
	Partitionable Resources :    Usage  Request Allocated 
	   Cpus                 :        0        1         1 
	   Disk (KB)            :        1        1    254050 
	   Memory (MB)          :        4        1      1005 
...
000 (29353.006.000) 01/24 09:27:18 Job submitted from host: <172.16.11.200:9618?addrs=172.16.11.200-9618&noUDP&sock=14877_46f2_4>
...
001 (29353.006.000) 01/24 09:27:36 Job executing on host: <172.16.11.234:9618?addrs=172.16.11.234-9618&alias=pc-farm4&noUDP&sock=startd_5195_3aff>
...
006 (29353.006.000) 01/24 09:27:44 Image size of job updated: 419772
	31  -  MemoryUsage of job (MB)
	31468  -  ResidentSetSize of job (KB)
...
006 (29353.006.000) 01/24 09:57:48 Image size of job updated: 419780
	31  -  MemoryUsage of job (MB)
	31472  -  ResidentSetSize of job (KB)
...
005 (29353.006.000) 01/24 14:08:48 Job terminated.
	(1) Normal termination (return value 0)
		Usr 0 04:41:07, Sys 0 00:00:00  -  Run Remote Usage
		Usr 0 00:00:00, Sys 0 00:00:00  -  Run Local Usage
		Usr 0 04:41:07, Sys 0 00:00:00  -  Total Remote Usage
		Usr 0 00:00:00, Sys 0 00:00:00  -  Total Local Usage
	0  -  Run Bytes Sent By Job
	0  -  Run Bytes Received By Job
	0  -  Total Bytes Sent By Job
	0  -  Total Bytes Received By Job
	Partitionable Resources :    Usage  Request Allocated 
	   Cpus                 :     1.00        1         1 
	   Disk (KB)            :     1           1    255907 
	   Memory (MB)          :    31           1       999 
...
000 (29409.006.000) 01/25 14:11:44 Job submitted from host: <172.16.11.200:9618?addrs=172.16.11.200-9618&noUDP&sock=14877_46f2_4>
...
001 (29409.006.000) 01/25 15:02:14 Job executing on host: <172.16.11.232:9618?addrs=172.16.11.232-9618&alias=pc-farm2&noUDP&sock=startd_4986_dfb4_4>
...
006 (29409.006.000) 01/25 15:02:23 Image size of job updated: 31076
	31  -  MemoryUsage of job (MB)
	31076  -  ResidentSetSize of job (KB)
...
006 (29409.006.000) 01/25 15:47:27 Image size of job updated: 31192
	31  -  MemoryUsage of job (MB)
	31192  -  ResidentSetSize of job (KB)
...
005 (29409.006.000) 01/25 19:56:48 Job terminated.
	(1) Normal termination (return value 0)
		Usr 0 04:54:21, Sys 0 00:00:00  -  Run Remote Usage
		Usr 0 00:00:00, Sys 0 00:00:00  -  Run Local Usage
		Usr 0 04:54:21, Sys 0 00:00:00  -  Total Remote Usage
		Usr 0 00:00:00, Sys 0 00:00:00  -  Total Local Usage
	0  -  Run Bytes Sent By Job
	0  -  Run Bytes Received By Job
	0  -  Total Bytes Sent By Job
	0  -  Total Bytes Received By Job
	Partitionable Resources :    Usage  Request Allocated 
	   Cpus                 :     0.99        1         1 
	   Disk (KB)            :     1           1    245927 
	   Memory (MB)          :    31           1      1005 
...
000 (29675.006.000) 01/30 10:58:35 Job submitted from host: <172.16.11.200:9618?addrs=172.16.11.200-9618&noUDP&sock=14877_46f2_4>
...
001 (29675.006.000) 01/30 12:08:44 Job executing on host: <172.16.11.231:9618?addrs=172.16.11.231-9618&noUDP&sock=startd_22895_f54e_4>
...
006 (29675.006.000) 01/30 12:08:53 Image size of job updated: 31640
	31  -  MemoryUsage of job (MB)
	31640  -  ResidentSetSize of job (KB)
...
006 (29675.006.000) 01/30 13:34:01 Image size of job updated: 31696
	31  -  MemoryUsage of job (MB)
	31696  -  ResidentSetSize of job (KB)
...
005 (29675.006.000) 01/30 15:14:38 Job terminated.
	(1) Normal termination (return value 0)
		Usr 0 03:05:38, Sys 0 00:00:14  -  Run Remote Usage
		Usr 0 00:00:00, Sys 0 00:00:00  -  Run Local Usage
		Usr 0 03:05:38, Sys 0 00:00:14  -  Total Remote Usage
		Usr 0 00:00:00, Sys 0 00:00:00  -  Total Local Usage
	0  -  Run Bytes Sent By Job
	0  -  Run Bytes Received By Job
	0  -  Total Bytes Sent By Job
	0  -  Total Bytes Received By Job
	Partitionable Resources :    Usage  Request Allocated 
	   Cpus                 :     1.00        1         1 
	   Disk (KB)            :     1           1    241059 
	   Memory (MB)          :    31           1      2008 
...
