000 (29320.001.000) 01/22 08:34:52 Job submitted from host: <172.16.11.200:9618?addrs=172.16.11.200-9618&noUDP&sock=14877_46f2_4>
...
001 (29320.001.000) 01/22 09:06:06 Job executing on host: <172.16.11.231:9618?addrs=172.16.11.231-9618&noUDP&sock=startd_22895_f54e_4>
...
006 (29320.001.000) 01/22 09:06:14 Image size of job updated: 31456
	31  -  MemoryUsage of job (MB)
	31456  -  ResidentSetSize of job (KB)
...
006 (29320.001.000) 01/22 09:11:14 Image size of job updated: 31600
	31  -  MemoryUsage of job (MB)
	31600  -  ResidentSetSize of job (KB)
...
006 (29320.001.000) 01/22 10:16:22 Image size of job updated: 32044
	32  -  MemoryUsage of job (MB)
	32044  -  ResidentSetSize of job (KB)
...
005 (29320.001.000) 01/22 16:42:53 Job terminated.
	(1) Normal termination (return value 0)
		Usr 0 07:11:11, Sys 0 00:00:40  -  Run Remote Usage
		Usr 0 00:00:00, Sys 0 00:00:00  -  Run Local Usage
		Usr 0 07:11:11, Sys 0 00:00:40  -  Total Remote Usage
		Usr 0 00:00:00, Sys 0 00:00:00  -  Total Local Usage
	0  -  Run Bytes Sent By Job
	0  -  Run Bytes Received By Job
	0  -  Total Bytes Sent By Job
	0  -  Total Bytes Received By Job
	Partitionable Resources :    Usage  Request Allocated 
	   Cpus                 :     0.81        1         1 
	   Disk (KB)            :     1           1    241059 
	   Memory (MB)          :    32           1      2008 
...
000 (29355.001.000) 01/24 09:27:33 Job submitted from host: <172.16.11.200:9618?addrs=172.16.11.200-9618&noUDP&sock=14877_46f2_4>
...
001 (29355.001.000) 01/24 09:27:44 Job executing on host: <172.16.11.232:9618?addrs=172.16.11.232-9618&alias=pc-farm2&noUDP&sock=startd_4986_dfb4_4>
...
006 (29355.001.000) 01/24 09:27:54 Image size of job updated: 31520
	31  -  MemoryUsage of job (MB)
	31520  -  ResidentSetSize of job (KB)
...
006 (29355.001.000) 01/24 10:22:59 Image size of job updated: 32020
	32  -  MemoryUsage of job (MB)
	32020  -  ResidentSetSize of job (KB)
...
005 (29355.001.000) 01/24 13:18:01 Job terminated.
	(1) Normal termination (return value 0)
		Usr 0 03:50:15, Sys 0 00:00:00  -  Run Remote Usage
		Usr 0 00:00:00, Sys 0 00:00:00  -  Run Local Usage
		Usr 0 03:50:15, Sys 0 00:00:00  -  Total Remote Usage
		Usr 0 00:00:00, Sys 0 00:00:00  -  Total Local Usage
	0  -  Run Bytes Sent By Job
	0  -  Run Bytes Received By Job
	0  -  Total Bytes Sent By Job
	0  -  Total Bytes Received By Job
	Partitionable Resources :    Usage  Request Allocated 
	   Cpus                 :     1.00        1         1 
	   Disk (KB)            :     1           1    245927 
	   Memory (MB)          :    32           1      1005 
...
000 (29411.001.000) 01/25 14:11:50 Job submitted from host: <172.16.11.200:9618?addrs=172.16.11.200-9618&noUDP&sock=14877_46f2_4>
...
001 (29411.001.000) 01/25 15:21:14 Job executing on host: <172.16.11.232:9618?addrs=172.16.11.232-9618&alias=pc-farm2&noUDP&sock=startd_4986_dfb4_4>
...
006 (29411.001.000) 01/25 15:21:23 Image size of job updated: 31768
	32  -  MemoryUsage of job (MB)
	31768  -  ResidentSetSize of job (KB)
...
006 (29411.001.000) 01/25 15:51:26 Image size of job updated: 32340
	32  -  MemoryUsage of job (MB)
	32340  -  ResidentSetSize of job (KB)
...
005 (29411.001.000) 01/25 19:09:50 Job terminated.
	(1) Normal termination (return value 0)
		Usr 0 03:48:33, Sys 0 00:00:00  -  Run Remote Usage
		Usr 0 00:00:00, Sys 0 00:00:00  -  Run Local Usage
		Usr 0 03:48:33, Sys 0 00:00:00  -  Total Remote Usage
		Usr 0 00:00:00, Sys 0 00:00:00  -  Total Local Usage
	0  -  Run Bytes Sent By Job
	0  -  Run Bytes Received By Job
	0  -  Total Bytes Sent By Job
	0  -  Total Bytes Received By Job
	Partitionable Resources :    Usage  Request Allocated 
	   Cpus                 :     1.00        1         1 
	   Disk (KB)            :     1           1    245927 
	   Memory (MB)          :    32           1      1005 
...
000 (29653.001.000) 01/29 16:52:19 Job submitted from host: <172.16.11.200:9618?addrs=172.16.11.200-9618&noUDP&sock=14877_46f2_4>
...
001 (29653.001.000) 01/29 18:36:39 Job executing on host: <172.16.11.231:9618?addrs=172.16.11.231-9618&noUDP&sock=startd_22895_f54e_4>
...
006 (29653.001.000) 01/29 18:36:48 Image size of job updated: 31468
	31  -  MemoryUsage of job (MB)
	31468  -  ResidentSetSize of job (KB)
...
006 (29653.001.000) 01/29 19:21:55 Image size of job updated: 32028
	32  -  MemoryUsage of job (MB)
	32028  -  ResidentSetSize of job (KB)
...
005 (29653.001.000) 01/29 19:27:55 Job terminated.
	(1) Normal termination (return value 0)
		Usr 0 00:51:11, Sys 0 00:00:02  -  Run Remote Usage
		Usr 0 00:00:00, Sys 0 00:00:00  -  Run Local Usage
		Usr 0 00:51:11, Sys 0 00:00:02  -  Total Remote Usage
		Usr 0 00:00:00, Sys 0 00:00:00  -  Total Local Usage
	0  -  Run Bytes Sent By Job
	0  -  Run Bytes Received By Job
	0  -  Total Bytes Sent By Job
	0  -  Total Bytes Received By Job
	Partitionable Resources :    Usage  Request Allocated 
	   Cpus                 :     0.99        1         1 
	   Disk (KB)            :     1           1    241059 
	   Memory (MB)          :    32           1      2008 
...
000 (29677.001.000) 01/30 10:58:42 Job submitted from host: <172.16.11.200:9618?addrs=172.16.11.200-9618&noUDP&sock=14877_46f2_4>
...
001 (29677.001.000) 01/30 12:40:44 Job executing on host: <172.16.11.231:9618?addrs=172.16.11.231-9618&noUDP&sock=startd_22895_f54e_4>
...
006 (29677.001.000) 01/30 12:40:53 Image size of job updated: 31628
	31  -  MemoryUsage of job (MB)
	31628  -  ResidentSetSize of job (KB)
...
005 (29677.001.000) 01/30 13:33:06 Job terminated.
	(1) Normal termination (return value 0)
		Usr 0 00:52:21, Sys 0 00:00:00  -  Run Remote Usage
		Usr 0 00:00:00, Sys 0 00:00:00  -  Run Local Usage
		Usr 0 00:52:21, Sys 0 00:00:00  -  Total Remote Usage
		Usr 0 00:00:00, Sys 0 00:00:00  -  Total Local Usage
	0  -  Run Bytes Sent By Job
	0  -  Run Bytes Received By Job
	0  -  Total Bytes Sent By Job
	0  -  Total Bytes Received By Job
	Partitionable Resources :    Usage  Request Allocated 
	   Cpus                 :     1.00        1         1 
	   Disk (KB)            :     1           1    241059 
	   Memory (MB)          :    31           1      2008 
...
000 (29692.001.000) 01/30 17:50:45 Job submitted from host: <172.16.11.200:9618?addrs=172.16.11.200-9618&noUDP&sock=14877_46f2_4>
...
001 (29692.001.000) 01/30 17:55:08 Job executing on host: <172.16.11.233:9618?addrs=172.16.11.233-9618&alias=pc-farm3&noUDP&sock=startd_4556_edfa>
...
006 (29692.001.000) 01/30 17:55:18 Image size of job updated: 34932
	35  -  MemoryUsage of job (MB)
	34932  -  ResidentSetSize of job (KB)
...
006 (29692.001.000) 01/30 18:30:22 Image size of job updated: 34936
	35  -  MemoryUsage of job (MB)
	34936  -  ResidentSetSize of job (KB)
...
006 (29692.001.000) 01/30 18:35:22 Image size of job updated: 35068
	35  -  MemoryUsage of job (MB)
	35068  -  ResidentSetSize of job (KB)
...
006 (29692.001.000) 01/30 18:55:25 Image size of job updated: 35100
	35  -  MemoryUsage of job (MB)
	35100  -  ResidentSetSize of job (KB)
...
006 (29692.001.000) 01/30 20:25:34 Image size of job updated: 35108
	35  -  MemoryUsage of job (MB)
	35108  -  ResidentSetSize of job (KB)
...
006 (29692.001.000) 01/30 20:30:35 Image size of job updated: 35112
	35  -  MemoryUsage of job (MB)
	35112  -  ResidentSetSize of job (KB)
...
006 (29692.001.000) 01/30 20:35:35 Image size of job updated: 35120
	35  -  MemoryUsage of job (MB)
	35120  -  ResidentSetSize of job (KB)
...
006 (29692.001.000) 01/30 20:40:36 Image size of job updated: 35124
	35  -  MemoryUsage of job (MB)
	35124  -  ResidentSetSize of job (KB)
...
006 (29692.001.000) 01/30 20:45:37 Image size of job updated: 35132
	35  -  MemoryUsage of job (MB)
	35132  -  ResidentSetSize of job (KB)
...
006 (29692.001.000) 01/30 20:50:37 Image size of job updated: 35136
	35  -  MemoryUsage of job (MB)
	35136  -  ResidentSetSize of job (KB)
...
005 (29692.001.000) 01/30 20:55:21 Job terminated.
	(1) Normal termination (return value 0)
		Usr 0 02:59:49, Sys 0 00:00:08  -  Run Remote Usage
		Usr 0 00:00:00, Sys 0 00:00:00  -  Run Local Usage
		Usr 0 02:59:49, Sys 0 00:00:08  -  Total Remote Usage
		Usr 0 00:00:00, Sys 0 00:00:00  -  Total Local Usage
	0  -  Run Bytes Sent By Job
	0  -  Run Bytes Received By Job
	0  -  Total Bytes Sent By Job
	0  -  Total Bytes Received By Job
	Partitionable Resources :    Usage  Request Allocated 
	   Cpus                 :     1.00        1         1 
	   Disk (KB)            :     1           1    254050 
	   Memory (MB)          :    35           1      1005 
...
