000 (29320.018.000) 01/22 08:34:52 Job submitted from host: <172.16.11.200:9618?addrs=172.16.11.200-9618&noUDP&sock=14877_46f2_4>
...
001 (29320.018.000) 01/22 09:11:01 Job executing on host: <172.16.11.231:9618?addrs=172.16.11.231-9618&noUDP&sock=startd_22895_f54e_4>
...
006 (29320.018.000) 01/22 09:11:10 Image size of job updated: 31332
	31  -  MemoryUsage of job (MB)
	31332  -  ResidentSetSize of job (KB)
...
006 (29320.018.000) 01/22 09:16:10 Image size of job updated: 31408
	31  -  MemoryUsage of job (MB)
	31408  -  ResidentSetSize of job (KB)
...
006 (29320.018.000) 01/22 10:36:18 Image size of job updated: 31464
	31  -  MemoryUsage of job (MB)
	31464  -  ResidentSetSize of job (KB)
...
006 (29320.018.000) 01/22 16:24:17 Image size of job updated: 419680
	31  -  MemoryUsage of job (MB)
	31464  -  ResidentSetSize of job (KB)
...
005 (29320.018.000) 01/22 16:24:17 Job terminated.
	(1) Normal termination (return value 0)
		Usr 0 07:12:39, Sys 0 00:00:00  -  Run Remote Usage
		Usr 0 00:00:00, Sys 0 00:00:00  -  Run Local Usage
		Usr 0 07:12:39, Sys 0 00:00:00  -  Total Remote Usage
		Usr 0 00:00:00, Sys 0 00:00:00  -  Total Local Usage
	0  -  Run Bytes Sent By Job
	0  -  Run Bytes Received By Job
	0  -  Total Bytes Sent By Job
	0  -  Total Bytes Received By Job
	Partitionable Resources :    Usage  Request Allocated 
	   Cpus                 :     1.00        1         1 
	   Disk (KB)            :     1           1    241059 
	   Memory (MB)          :    31           1      2008 
...
000 (29355.018.000) 01/24 09:27:33 Job submitted from host: <172.16.11.200:9618?addrs=172.16.11.200-9618&noUDP&sock=14877_46f2_4>
...
001 (29355.018.000) 01/24 09:27:52 Job executing on host: <172.16.11.232:9618?addrs=172.16.11.232-9618&alias=pc-farm2&noUDP&sock=startd_4986_dfb4_4>
...
006 (29355.018.000) 01/24 09:28:00 Image size of job updated: 31512
	31  -  MemoryUsage of job (MB)
	31512  -  ResidentSetSize of job (KB)
...
006 (29355.018.000) 01/24 10:23:05 Image size of job updated: 31632
	31  -  MemoryUsage of job (MB)
	31632  -  ResidentSetSize of job (KB)
...
006 (29355.018.000) 01/24 13:05:20 Image size of job updated: 419816
	31  -  MemoryUsage of job (MB)
	31632  -  ResidentSetSize of job (KB)
...
005 (29355.018.000) 01/24 13:05:20 Job terminated.
	(1) Normal termination (return value 0)
		Usr 0 03:37:27, Sys 0 00:00:00  -  Run Remote Usage
		Usr 0 00:00:00, Sys 0 00:00:00  -  Run Local Usage
		Usr 0 03:37:27, Sys 0 00:00:00  -  Total Remote Usage
		Usr 0 00:00:00, Sys 0 00:00:00  -  Total Local Usage
	0  -  Run Bytes Sent By Job
	0  -  Run Bytes Received By Job
	0  -  Total Bytes Sent By Job
	0  -  Total Bytes Received By Job
	Partitionable Resources :    Usage  Request Allocated 
	   Cpus                 :     1.00        1         1 
	   Disk (KB)            :     1           1    245927 
	   Memory (MB)          :    31           1      1005 
...
000 (29411.018.000) 01/25 14:11:50 Job submitted from host: <172.16.11.200:9618?addrs=172.16.11.200-9618&noUDP&sock=14877_46f2_4>
...
001 (29411.018.000) 01/25 15:27:14 Job executing on host: <172.16.11.233:9618?addrs=172.16.11.233-9618&alias=pc-farm3&noUDP&sock=startd_4556_edfa>
...
006 (29411.018.000) 01/25 15:27:23 Image size of job updated: 36224
	36  -  MemoryUsage of job (MB)
	36224  -  ResidentSetSize of job (KB)
...
005 (29411.018.000) 01/25 19:47:16 Job terminated.
	(1) Normal termination (return value 0)
		Usr 0 04:19:56, Sys 0 00:00:00  -  Run Remote Usage
		Usr 0 00:00:00, Sys 0 00:00:00  -  Run Local Usage
		Usr 0 04:19:56, Sys 0 00:00:00  -  Total Remote Usage
		Usr 0 00:00:00, Sys 0 00:00:00  -  Total Local Usage
	0  -  Run Bytes Sent By Job
	0  -  Run Bytes Received By Job
	0  -  Total Bytes Sent By Job
	0  -  Total Bytes Received By Job
	Partitionable Resources :    Usage  Request Allocated 
	   Cpus                 :     1.00        1         1 
	   Disk (KB)            :     1           1    254050 
	   Memory (MB)          :    36           1      1005 
...
000 (29653.018.000) 01/29 16:52:19 Job submitted from host: <172.16.11.200:9618?addrs=172.16.11.200-9618&noUDP&sock=14877_46f2_4>
...
001 (29653.018.000) 01/29 18:39:38 Job executing on host: <172.16.11.231:9618?addrs=172.16.11.231-9618&noUDP&sock=startd_22895_f54e_4>
...
006 (29653.018.000) 01/29 18:39:48 Image size of job updated: 31808
	32  -  MemoryUsage of job (MB)
	31808  -  ResidentSetSize of job (KB)
...
006 (29653.018.000) 01/29 19:24:52 Image size of job updated: 31864
	32  -  MemoryUsage of job (MB)
	31864  -  ResidentSetSize of job (KB)
...
005 (29653.018.000) 01/29 19:32:20 Job terminated.
	(1) Normal termination (return value 0)
		Usr 0 00:52:40, Sys 0 00:00:00  -  Run Remote Usage
		Usr 0 00:00:00, Sys 0 00:00:00  -  Run Local Usage
		Usr 0 00:52:40, Sys 0 00:00:00  -  Total Remote Usage
		Usr 0 00:00:00, Sys 0 00:00:00  -  Total Local Usage
	0  -  Run Bytes Sent By Job
	0  -  Run Bytes Received By Job
	0  -  Total Bytes Sent By Job
	0  -  Total Bytes Received By Job
	Partitionable Resources :    Usage  Request Allocated 
	   Cpus                 :     1.00        1         1 
	   Disk (KB)            :     1           1    241059 
	   Memory (MB)          :    32           1      2008 
...
000 (29677.018.000) 01/30 10:58:42 Job submitted from host: <172.16.11.200:9618?addrs=172.16.11.200-9618&noUDP&sock=14877_46f2_4>
...
001 (29677.018.000) 01/30 12:48:44 Job executing on host: <172.16.11.233:9618?addrs=172.16.11.233-9618&alias=pc-farm3&noUDP&sock=startd_4556_edfa>
...
006 (29677.018.000) 01/30 12:48:53 Image size of job updated: 35416
	35  -  MemoryUsage of job (MB)
	35416  -  ResidentSetSize of job (KB)
...
006 (29677.018.000) 01/30 12:53:54 Image size of job updated: 35452
	35  -  MemoryUsage of job (MB)
	35452  -  ResidentSetSize of job (KB)
...
006 (29677.018.000) 01/30 12:58:54 Image size of job updated: 35604
	35  -  MemoryUsage of job (MB)
	35604  -  ResidentSetSize of job (KB)
...
006 (29677.018.000) 01/30 13:23:57 Image size of job updated: 35624
	35  -  MemoryUsage of job (MB)
	35624  -  ResidentSetSize of job (KB)
...
006 (29677.018.000) 01/30 13:28:58 Image size of job updated: 35652
	35  -  MemoryUsage of job (MB)
	35652  -  ResidentSetSize of job (KB)
...
005 (29677.018.000) 01/30 13:33:43 Job terminated.
	(1) Normal termination (return value 0)
		Usr 0 00:44:48, Sys 0 00:00:02  -  Run Remote Usage
		Usr 0 00:00:00, Sys 0 00:00:00  -  Run Local Usage
		Usr 0 00:44:48, Sys 0 00:00:02  -  Total Remote Usage
		Usr 0 00:00:00, Sys 0 00:00:00  -  Total Local Usage
	0  -  Run Bytes Sent By Job
	0  -  Run Bytes Received By Job
	0  -  Total Bytes Sent By Job
	0  -  Total Bytes Received By Job
	Partitionable Resources :    Usage  Request Allocated 
	   Cpus                 :     1.00        1         1 
	   Disk (KB)            :     1           1    254050 
	   Memory (MB)          :    35           1      1005 
...
000 (29692.018.000) 01/30 17:50:45 Job submitted from host: <172.16.11.200:9618?addrs=172.16.11.200-9618&noUDP&sock=14877_46f2_4>
...
001 (29692.018.000) 01/30 19:48:09 Job executing on host: <172.16.11.233:9618?addrs=172.16.11.233-9618&alias=pc-farm3&noUDP&sock=startd_4556_edfa>
...
006 (29692.018.000) 01/30 19:48:18 Image size of job updated: 36220
	36  -  MemoryUsage of job (MB)
	36220  -  ResidentSetSize of job (KB)
...
005 (29692.018.000) 01/30 22:45:25 Job terminated.
	(1) Normal termination (return value 0)
		Usr 0 02:56:52, Sys 0 00:00:05  -  Run Remote Usage
		Usr 0 00:00:00, Sys 0 00:00:00  -  Run Local Usage
		Usr 0 02:56:52, Sys 0 00:00:05  -  Total Remote Usage
		Usr 0 00:00:00, Sys 0 00:00:00  -  Total Local Usage
	0  -  Run Bytes Sent By Job
	0  -  Run Bytes Received By Job
	0  -  Total Bytes Sent By Job
	0  -  Total Bytes Received By Job
	Partitionable Resources :    Usage  Request Allocated 
	   Cpus                 :     1.00        1         1 
	   Disk (KB)            :     1           1    254050 
	   Memory (MB)          :    36           1      1005 
...
