000 (29298.011.000) 01/21 12:26:05 Job submitted from host: <172.16.11.200:9618?addrs=172.16.11.200-9618&noUDP&sock=14877_46f2_4>
...
001 (29298.011.000) 01/21 13:22:49 Job executing on host: <172.16.11.233:9618?addrs=172.16.11.233-9618&alias=pc-farm3&noUDP&sock=startd_4556_edfa>
...
006 (29298.011.000) 01/21 13:22:58 Image size of job updated: 35004
	35  -  MemoryUsage of job (MB)
	35004  -  ResidentSetSize of job (KB)
...
005 (29298.011.000) 01/21 13:29:32 Job terminated.
	(1) Normal termination (return value 0)
		Usr 0 00:06:42, Sys 0 00:00:00  -  Run Remote Usage
		Usr 0 00:00:00, Sys 0 00:00:00  -  Run Local Usage
		Usr 0 00:06:42, Sys 0 00:00:00  -  Total Remote Usage
		Usr 0 00:00:00, Sys 0 00:00:00  -  Total Local Usage
	0  -  Run Bytes Sent By Job
	0  -  Run Bytes Received By Job
	0  -  Total Bytes Sent By Job
	0  -  Total Bytes Received By Job
	Partitionable Resources :    Usage  Request Allocated 
	   Cpus                 :     1.00        1         1 
	   Disk (KB)            :     1           1    254050 
	   Memory (MB)          :    35           1      1005 
...
000 (29352.011.000) 01/24 09:27:14 Job submitted from host: <172.16.11.200:9618?addrs=172.16.11.200-9618&noUDP&sock=14877_46f2_4>
...
001 (29352.011.000) 01/24 09:27:31 Job executing on host: <172.16.11.234:9618?addrs=172.16.11.234-9618&alias=pc-farm4&noUDP&sock=startd_5195_3aff>
...
006 (29352.011.000) 01/24 09:27:40 Image size of job updated: 419772
	31  -  MemoryUsage of job (MB)
	31476  -  ResidentSetSize of job (KB)
...
006 (29352.011.000) 01/24 09:57:44 Image size of job updated: 419780
	31  -  MemoryUsage of job (MB)
	31480  -  ResidentSetSize of job (KB)
...
006 (29352.011.000) 01/24 12:12:57 Image size of job updated: 419780
	32  -  MemoryUsage of job (MB)
	32160  -  ResidentSetSize of job (KB)
...
005 (29352.011.000) 01/24 14:18:07 Job terminated.
	(1) Normal termination (return value 0)
		Usr 0 04:50:31, Sys 0 00:00:00  -  Run Remote Usage
		Usr 0 00:00:00, Sys 0 00:00:00  -  Run Local Usage
		Usr 0 04:50:31, Sys 0 00:00:00  -  Total Remote Usage
		Usr 0 00:00:00, Sys 0 00:00:00  -  Total Local Usage
	0  -  Run Bytes Sent By Job
	0  -  Run Bytes Received By Job
	0  -  Total Bytes Sent By Job
	0  -  Total Bytes Received By Job
	Partitionable Resources :    Usage  Request Allocated 
	   Cpus                 :     1.00        1         1 
	   Disk (KB)            :     1           1    255907 
	   Memory (MB)          :    32           1       999 
...
000 (29408.011.000) 01/25 14:11:39 Job submitted from host: <172.16.11.200:9618?addrs=172.16.11.200-9618&noUDP&sock=14877_46f2_4>
...
001 (29408.011.000) 01/25 14:55:15 Job executing on host: <172.16.11.233:9618?addrs=172.16.11.233-9618&alias=pc-farm3&noUDP&sock=startd_4556_edfa>
...
006 (29408.011.000) 01/25 14:55:24 Image size of job updated: 35740
	35  -  MemoryUsage of job (MB)
	35740  -  ResidentSetSize of job (KB)
...
006 (29408.011.000) 01/25 15:20:25 Image size of job updated: 36132
	36  -  MemoryUsage of job (MB)
	36132  -  ResidentSetSize of job (KB)
...
006 (29408.011.000) 01/25 15:25:26 Image size of job updated: 36136
	36  -  MemoryUsage of job (MB)
	36136  -  ResidentSetSize of job (KB)
...
006 (29408.011.000) 01/25 15:35:26 Image size of job updated: 36152
	36  -  MemoryUsage of job (MB)
	36152  -  ResidentSetSize of job (KB)
...
006 (29408.011.000) 01/25 15:45:28 Image size of job updated: 36164
	36  -  MemoryUsage of job (MB)
	36164  -  ResidentSetSize of job (KB)
...
006 (29408.011.000) 01/25 15:55:29 Image size of job updated: 36300
	36  -  MemoryUsage of job (MB)
	36300  -  ResidentSetSize of job (KB)
...
006 (29408.011.000) 01/25 16:55:35 Image size of job updated: 36360
	36  -  MemoryUsage of job (MB)
	36360  -  ResidentSetSize of job (KB)
...
006 (29408.011.000) 01/25 17:25:38 Image size of job updated: 36396
	36  -  MemoryUsage of job (MB)
	36396  -  ResidentSetSize of job (KB)
...
006 (29408.011.000) 01/25 17:30:38 Image size of job updated: 36404
	36  -  MemoryUsage of job (MB)
	36404  -  ResidentSetSize of job (KB)
...
006 (29408.011.000) 01/25 17:40:40 Image size of job updated: 36416
	36  -  MemoryUsage of job (MB)
	36416  -  ResidentSetSize of job (KB)
...
006 (29408.011.000) 01/25 17:45:40 Image size of job updated: 36420
	36  -  MemoryUsage of job (MB)
	36420  -  ResidentSetSize of job (KB)
...
006 (29408.011.000) 01/25 17:50:41 Image size of job updated: 36424
	36  -  MemoryUsage of job (MB)
	36424  -  ResidentSetSize of job (KB)
...
005 (29408.011.000) 01/25 19:02:49 Job terminated.
	(1) Normal termination (return value 0)
		Usr 0 04:07:30, Sys 0 00:00:00  -  Run Remote Usage
		Usr 0 00:00:00, Sys 0 00:00:00  -  Run Local Usage
		Usr 0 04:07:30, Sys 0 00:00:00  -  Total Remote Usage
		Usr 0 00:00:00, Sys 0 00:00:00  -  Total Local Usage
	0  -  Run Bytes Sent By Job
	0  -  Run Bytes Received By Job
	0  -  Total Bytes Sent By Job
	0  -  Total Bytes Received By Job
	Partitionable Resources :    Usage  Request Allocated 
	   Cpus                 :     1.00        1         1 
	   Disk (KB)            :     1           1    254050 
	   Memory (MB)          :    36           1      1005 
...
000 (29674.011.000) 01/30 10:58:29 Job submitted from host: <172.16.11.200:9618?addrs=172.16.11.200-9618&noUDP&sock=14877_46f2_4>
...
001 (29674.011.000) 01/30 11:51:36 Job executing on host: <172.16.11.231:9618?addrs=172.16.11.231-9618&noUDP&sock=startd_22895_f54e_4>
...
006 (29674.011.000) 01/30 11:51:44 Image size of job updated: 31564
	31  -  MemoryUsage of job (MB)
	31564  -  ResidentSetSize of job (KB)
...
006 (29674.011.000) 01/30 13:31:55 Image size of job updated: 31664
	31  -  MemoryUsage of job (MB)
	31664  -  ResidentSetSize of job (KB)
...
005 (29674.011.000) 01/30 15:06:55 Job terminated.
	(1) Normal termination (return value 0)
		Usr 0 03:15:18, Sys 0 00:00:00  -  Run Remote Usage
		Usr 0 00:00:00, Sys 0 00:00:00  -  Run Local Usage
		Usr 0 03:15:18, Sys 0 00:00:00  -  Total Remote Usage
		Usr 0 00:00:00, Sys 0 00:00:00  -  Total Local Usage
	0  -  Run Bytes Sent By Job
	0  -  Run Bytes Received By Job
	0  -  Total Bytes Sent By Job
	0  -  Total Bytes Received By Job
	Partitionable Resources :    Usage  Request Allocated 
	   Cpus                 :     1.00        1         1 
	   Disk (KB)            :     1           1    241059 
	   Memory (MB)          :    31           1      2008 
...
