000 (29298.004.000) 01/21 12:26:05 Job submitted from host: <172.16.11.200:9618?addrs=172.16.11.200-9618&noUDP&sock=14877_46f2_4>
...
001 (29298.004.000) 01/21 13:20:27 Job executing on host: <172.16.11.231:9618?addrs=172.16.11.231-9618&noUDP&sock=startd_22895_f54e_4>
...
006 (29298.004.000) 01/21 13:20:35 Image size of job updated: 30944
	31  -  MemoryUsage of job (MB)
	30944  -  ResidentSetSize of job (KB)
...
006 (29298.004.000) 01/21 13:25:36 Image size of job updated: 31076
	31  -  MemoryUsage of job (MB)
	31076  -  ResidentSetSize of job (KB)
...
005 (29298.004.000) 01/21 13:31:22 Job terminated.
	(1) Normal termination (return value 0)
		Usr 0 00:09:07, Sys 0 00:00:01  -  Run Remote Usage
		Usr 0 00:00:00, Sys 0 00:00:00  -  Run Local Usage
		Usr 0 00:09:07, Sys 0 00:00:01  -  Total Remote Usage
		Usr 0 00:00:00, Sys 0 00:00:00  -  Total Local Usage
	0  -  Run Bytes Sent By Job
	0  -  Run Bytes Received By Job
	0  -  Total Bytes Sent By Job
	0  -  Total Bytes Received By Job
	Partitionable Resources :    Usage  Request Allocated 
	   Cpus                 :     0.81        1         1 
	   Disk (KB)            :     1           1    241059 
	   Memory (MB)          :    31           1      2008 
...
000 (29352.004.000) 01/24 09:27:14 Job submitted from host: <172.16.11.200:9618?addrs=172.16.11.200-9618&noUDP&sock=14877_46f2_4>
...
001 (29352.004.000) 01/24 09:27:30 Job executing on host: <172.16.11.234:9618?addrs=172.16.11.234-9618&alias=pc-farm4&noUDP&sock=startd_5195_3aff>
...
006 (29352.004.000) 01/24 09:27:38 Image size of job updated: 419772
	31  -  MemoryUsage of job (MB)
	31476  -  ResidentSetSize of job (KB)
...
006 (29352.004.000) 01/24 09:52:40 Image size of job updated: 419780
	31  -  MemoryUsage of job (MB)
	31480  -  ResidentSetSize of job (KB)
...
005 (29352.004.000) 01/24 13:58:13 Job terminated.
	(1) Normal termination (return value 0)
		Usr 0 04:30:41, Sys 0 00:00:00  -  Run Remote Usage
		Usr 0 00:00:00, Sys 0 00:00:00  -  Run Local Usage
		Usr 0 04:30:41, Sys 0 00:00:00  -  Total Remote Usage
		Usr 0 00:00:00, Sys 0 00:00:00  -  Total Local Usage
	0  -  Run Bytes Sent By Job
	0  -  Run Bytes Received By Job
	0  -  Total Bytes Sent By Job
	0  -  Total Bytes Received By Job
	Partitionable Resources :    Usage  Request Allocated 
	   Cpus                 :     1.00        1         1 
	   Disk (KB)            :     1           1    255907 
	   Memory (MB)          :    31           1       999 
...
000 (29408.004.000) 01/25 14:11:39 Job submitted from host: <172.16.11.200:9618?addrs=172.16.11.200-9618&noUDP&sock=14877_46f2_4>
...
001 (29408.004.000) 01/25 14:52:15 Job executing on host: <172.16.11.233:9618?addrs=172.16.11.233-9618&alias=pc-farm3&noUDP&sock=startd_4556_edfa>
...
006 (29408.004.000) 01/25 14:52:24 Image size of job updated: 35896
	36  -  MemoryUsage of job (MB)
	35896  -  ResidentSetSize of job (KB)
...
006 (29408.004.000) 01/25 15:12:27 Image size of job updated: 35948
	36  -  MemoryUsage of job (MB)
	35948  -  ResidentSetSize of job (KB)
...
006 (29408.004.000) 01/25 15:22:27 Image size of job updated: 36556
	36  -  MemoryUsage of job (MB)
	36556  -  ResidentSetSize of job (KB)
...
006 (29408.004.000) 01/25 15:27:28 Image size of job updated: 36684
	36  -  MemoryUsage of job (MB)
	36684  -  ResidentSetSize of job (KB)
...
006 (29408.004.000) 01/25 15:32:28 Image size of job updated: 36692
	36  -  MemoryUsage of job (MB)
	36692  -  ResidentSetSize of job (KB)
...
006 (29408.004.000) 01/25 15:42:29 Image size of job updated: 36704
	36  -  MemoryUsage of job (MB)
	36704  -  ResidentSetSize of job (KB)
...
006 (29408.004.000) 01/25 15:47:29 Image size of job updated: 36836
	36  -  MemoryUsage of job (MB)
	36836  -  ResidentSetSize of job (KB)
...
006 (29408.004.000) 01/25 16:32:34 Image size of job updated: 36900
	37  -  MemoryUsage of job (MB)
	36900  -  ResidentSetSize of job (KB)
...
006 (29408.004.000) 01/25 16:57:36 Image size of job updated: 36936
	37  -  MemoryUsage of job (MB)
	36936  -  ResidentSetSize of job (KB)
...
006 (29408.004.000) 01/25 17:02:37 Image size of job updated: 36940
	37  -  MemoryUsage of job (MB)
	36940  -  ResidentSetSize of job (KB)
...
006 (29408.004.000) 01/25 17:32:40 Image size of job updated: 36984
	37  -  MemoryUsage of job (MB)
	36984  -  ResidentSetSize of job (KB)
...
006 (29408.004.000) 01/25 17:37:41 Image size of job updated: 36988
	37  -  MemoryUsage of job (MB)
	36988  -  ResidentSetSize of job (KB)
...
005 (29408.004.000) 01/25 18:09:42 Job terminated.
	(1) Normal termination (return value 0)
		Usr 0 03:17:26, Sys 0 00:00:00  -  Run Remote Usage
		Usr 0 00:00:00, Sys 0 00:00:00  -  Run Local Usage
		Usr 0 03:17:26, Sys 0 00:00:00  -  Total Remote Usage
		Usr 0 00:00:00, Sys 0 00:00:00  -  Total Local Usage
	0  -  Run Bytes Sent By Job
	0  -  Run Bytes Received By Job
	0  -  Total Bytes Sent By Job
	0  -  Total Bytes Received By Job
	Partitionable Resources :    Usage  Request Allocated 
	   Cpus                 :     1.00        1         1 
	   Disk (KB)            :     1           1    254050 
	   Memory (MB)          :    37           1      1005 
...
000 (29674.004.000) 01/30 10:58:29 Job submitted from host: <172.16.11.200:9618?addrs=172.16.11.200-9618&noUDP&sock=14877_46f2_4>
...
001 (29674.004.000) 01/30 11:47:06 Job executing on host: <172.16.11.233:9618?addrs=172.16.11.233-9618&alias=pc-farm3&noUDP&sock=startd_4556_edfa>
...
006 (29674.004.000) 01/30 11:47:15 Image size of job updated: 35760
	35  -  MemoryUsage of job (MB)
	35760  -  ResidentSetSize of job (KB)
...
006 (29674.004.000) 01/30 13:17:23 Image size of job updated: 35768
	35  -  MemoryUsage of job (MB)
	35768  -  ResidentSetSize of job (KB)
...
006 (29674.004.000) 01/30 13:22:24 Image size of job updated: 35776
	35  -  MemoryUsage of job (MB)
	35776  -  ResidentSetSize of job (KB)
...
006 (29674.004.000) 01/30 13:27:24 Image size of job updated: 35780
	35  -  MemoryUsage of job (MB)
	35780  -  ResidentSetSize of job (KB)
...
006 (29674.004.000) 01/30 13:32:25 Image size of job updated: 35788
	35  -  MemoryUsage of job (MB)
	35788  -  ResidentSetSize of job (KB)
...
006 (29674.004.000) 01/30 13:37:26 Image size of job updated: 35796
	35  -  MemoryUsage of job (MB)
	35796  -  ResidentSetSize of job (KB)
...
006 (29674.004.000) 01/30 13:42:26 Image size of job updated: 35928
	36  -  MemoryUsage of job (MB)
	35928  -  ResidentSetSize of job (KB)
...
006 (29674.004.000) 01/30 14:17:28 Image size of job updated: 35972
	36  -  MemoryUsage of job (MB)
	35972  -  ResidentSetSize of job (KB)
...
006 (29674.004.000) 01/30 14:27:30 Image size of job updated: 35984
	36  -  MemoryUsage of job (MB)
	35984  -  ResidentSetSize of job (KB)
...
006 (29674.004.000) 01/30 14:37:31 Image size of job updated: 35996
	36  -  MemoryUsage of job (MB)
	35996  -  ResidentSetSize of job (KB)
...
005 (29674.004.000) 01/30 14:46:29 Job terminated.
	(1) Normal termination (return value 0)
		Usr 0 02:59:09, Sys 0 00:00:05  -  Run Remote Usage
		Usr 0 00:00:00, Sys 0 00:00:00  -  Run Local Usage
		Usr 0 02:59:09, Sys 0 00:00:05  -  Total Remote Usage
		Usr 0 00:00:00, Sys 0 00:00:00  -  Total Local Usage
	0  -  Run Bytes Sent By Job
	0  -  Run Bytes Received By Job
	0  -  Total Bytes Sent By Job
	0  -  Total Bytes Received By Job
	Partitionable Resources :    Usage  Request Allocated 
	   Cpus                 :     1.00        1         1 
	   Disk (KB)            :     1           1    254050 
	   Memory (MB)          :    36           1      1005 
...
