000 (29319.008.000) 01/22 08:34:44 Job submitted from host: <172.16.11.200:9618?addrs=172.16.11.200-9618&noUDP&sock=14877_46f2_4>
...
001 (29319.008.000) 01/22 08:57:05 Job executing on host: <172.16.11.231:9618?addrs=172.16.11.231-9618&noUDP&sock=startd_22895_f54e_4>
...
006 (29319.008.000) 01/22 08:57:14 Image size of job updated: 31272
	31  -  MemoryUsage of job (MB)
	31272  -  ResidentSetSize of job (KB)
...
006 (29319.008.000) 01/22 09:06:32 Image size of job updated: 419680
	31  -  MemoryUsage of job (MB)
	31272  -  ResidentSetSize of job (KB)
...
005 (29319.008.000) 01/22 09:06:32 Job terminated.
	(1) Normal termination (return value 0)
		Usr 0 00:09:27, Sys 0 00:00:00  -  Run Remote Usage
		Usr 0 00:00:00, Sys 0 00:00:00  -  Run Local Usage
		Usr 0 00:09:27, Sys 0 00:00:00  -  Total Remote Usage
		Usr 0 00:00:00, Sys 0 00:00:00  -  Total Local Usage
	0  -  Run Bytes Sent By Job
	0  -  Run Bytes Received By Job
	0  -  Total Bytes Sent By Job
	0  -  Total Bytes Received By Job
	Partitionable Resources :    Usage  Request Allocated 
	   Cpus                 :     1.00        1         1 
	   Disk (KB)            :     1           1    241059 
	   Memory (MB)          :    31           1      2008 
...
000 (29357.008.000) 01/24 09:27:43 Job submitted from host: <172.16.11.200:9618?addrs=172.16.11.200-9618&noUDP&sock=14877_46f2_4>
...
001 (29357.008.000) 01/24 09:28:09 Job executing on host: <172.16.11.232:9618?addrs=172.16.11.232-9618&alias=pc-farm2&noUDP&sock=startd_4986_dfb4_4>
...
006 (29357.008.000) 01/24 09:28:17 Image size of job updated: 31452
	31  -  MemoryUsage of job (MB)
	31452  -  ResidentSetSize of job (KB)
...
006 (29357.008.000) 01/24 10:33:25 Image size of job updated: 31516
	31  -  MemoryUsage of job (MB)
	31516  -  ResidentSetSize of job (KB)
...
005 (29357.008.000) 01/24 12:57:05 Job terminated.
	(1) Normal termination (return value 0)
		Usr 0 03:28:56, Sys 0 00:00:00  -  Run Remote Usage
		Usr 0 00:00:00, Sys 0 00:00:00  -  Run Local Usage
		Usr 0 03:28:56, Sys 0 00:00:00  -  Total Remote Usage
		Usr 0 00:00:00, Sys 0 00:00:00  -  Total Local Usage
	0  -  Run Bytes Sent By Job
	0  -  Run Bytes Received By Job
	0  -  Total Bytes Sent By Job
	0  -  Total Bytes Received By Job
	Partitionable Resources :    Usage  Request Allocated 
	   Cpus                 :     1.00        1         1 
	   Disk (KB)            :     1           1    245927 
	   Memory (MB)          :    31           1      1005 
...
000 (29413.008.000) 01/25 14:12:10 Job submitted from host: <172.16.11.200:9618?addrs=172.16.11.200-9618&noUDP&sock=14877_46f2_4>
...
001 (29413.008.000) 01/25 15:53:16 Job executing on host: <172.16.11.231:9618?addrs=172.16.11.231-9618&noUDP&sock=startd_22895_f54e_4>
...
006 (29413.008.000) 01/25 15:53:24 Image size of job updated: 31240
	31  -  MemoryUsage of job (MB)
	31240  -  ResidentSetSize of job (KB)
...
006 (29413.008.000) 01/25 15:58:24 Image size of job updated: 31332
	31  -  MemoryUsage of job (MB)
	31332  -  ResidentSetSize of job (KB)
...
005 (29413.008.000) 01/25 21:38:28 Job terminated.
	(1) Normal termination (return value 0)
		Usr 0 05:43:43, Sys 0 00:00:00  -  Run Remote Usage
		Usr 0 00:00:00, Sys 0 00:00:00  -  Run Local Usage
		Usr 0 05:43:43, Sys 0 00:00:00  -  Total Remote Usage
		Usr 0 00:00:00, Sys 0 00:00:00  -  Total Local Usage
	0  -  Run Bytes Sent By Job
	0  -  Run Bytes Received By Job
	0  -  Total Bytes Sent By Job
	0  -  Total Bytes Received By Job
	Partitionable Resources :    Usage  Request Allocated 
	   Cpus                 :     1.00        1         1 
	   Disk (KB)            :     1           1    241059 
	   Memory (MB)          :    31           1      2008 
...
000 (29678.008.000) 01/30 10:58:48 Job submitted from host: <172.16.11.200:9618?addrs=172.16.11.200-9618&noUDP&sock=14877_46f2_4>
...
001 (29678.008.000) 01/30 12:56:44 Job executing on host: <172.16.11.231:9618?addrs=172.16.11.231-9618&noUDP&sock=startd_22895_f54e_4>
...
006 (29678.008.000) 01/30 12:56:52 Image size of job updated: 31636
	31  -  MemoryUsage of job (MB)
	31636  -  ResidentSetSize of job (KB)
...
006 (29678.008.000) 01/30 13:41:57 Image size of job updated: 31692
	31  -  MemoryUsage of job (MB)
	31692  -  ResidentSetSize of job (KB)
...
005 (29678.008.000) 01/30 16:18:53 Job terminated.
	(1) Normal termination (return value 0)
		Usr 0 03:22:07, Sys 0 00:00:00  -  Run Remote Usage
		Usr 0 00:00:00, Sys 0 00:00:00  -  Run Local Usage
		Usr 0 03:22:07, Sys 0 00:00:00  -  Total Remote Usage
		Usr 0 00:00:00, Sys 0 00:00:00  -  Total Local Usage
	0  -  Run Bytes Sent By Job
	0  -  Run Bytes Received By Job
	0  -  Total Bytes Sent By Job
	0  -  Total Bytes Received By Job
	Partitionable Resources :    Usage  Request Allocated 
	   Cpus                 :     1.00        1         1 
	   Disk (KB)            :     1           1    241059 
	   Memory (MB)          :    31           1      2008 
...
