000 (29296.003.000) 01/21 12:25:55 Job submitted from host: <172.16.11.200:9618?addrs=172.16.11.200-9618&noUDP&sock=14877_46f2_4>
...
001 (29296.003.000) 01/21 13:18:55 Job executing on host: <172.16.11.231:9618?addrs=172.16.11.231-9618&noUDP&sock=startd_22895_f54e_4>
...
006 (29296.003.000) 01/21 13:19:02 Image size of job updated: 419680
	1  -  MemoryUsage of job (MB)
	228  -  ResidentSetSize of job (KB)
...
005 (29296.003.000) 01/21 13:19:02 Job terminated.
	(1) Normal termination (return value 0)
		Usr 0 00:00:04, Sys 0 00:00:00  -  Run Remote Usage
		Usr 0 00:00:00, Sys 0 00:00:00  -  Run Local Usage
		Usr 0 00:00:04, Sys 0 00:00:00  -  Total Remote Usage
		Usr 0 00:00:00, Sys 0 00:00:00  -  Total Local Usage
	0  -  Run Bytes Sent By Job
	0  -  Run Bytes Received By Job
	0  -  Total Bytes Sent By Job
	0  -  Total Bytes Received By Job
	Partitionable Resources :    Usage  Request Allocated 
	   Cpus                 :     0.79        1         1 
	   Disk (KB)            :     1           1    241059 
	   Memory (MB)          :     1           1      2008 
...
000 (29349.003.000) 01/24 09:27:00 Job submitted from host: <172.16.11.200:9618?addrs=172.16.11.200-9618&noUDP&sock=14877_46f2_4>
...
001 (29349.003.000) 01/24 09:27:03 Job executing on host: <172.16.11.234:9618?addrs=172.16.11.234-9618&alias=pc-farm4&noUDP&sock=startd_5195_3aff>
...
006 (29349.003.000) 01/24 09:27:11 Image size of job updated: 419772
	31  -  MemoryUsage of job (MB)
	31468  -  ResidentSetSize of job (KB)
...
006 (29349.003.000) 01/24 09:52:13 Image size of job updated: 419780
	31  -  MemoryUsage of job (MB)
	31472  -  ResidentSetSize of job (KB)
...
005 (29349.003.000) 01/24 13:59:16 Job terminated.
	(1) Normal termination (return value 0)
		Usr 0 04:32:10, Sys 0 00:00:00  -  Run Remote Usage
		Usr 0 00:00:00, Sys 0 00:00:00  -  Run Local Usage
		Usr 0 04:32:10, Sys 0 00:00:00  -  Total Remote Usage
		Usr 0 00:00:00, Sys 0 00:00:00  -  Total Local Usage
	0  -  Run Bytes Sent By Job
	0  -  Run Bytes Received By Job
	0  -  Total Bytes Sent By Job
	0  -  Total Bytes Received By Job
	Partitionable Resources :    Usage  Request Allocated 
	   Cpus                 :     1.00        1         1 
	   Disk (KB)            :     1           1    255907 
	   Memory (MB)          :    31           1       999 
...
000 (29405.003.000) 01/25 14:11:27 Job submitted from host: <172.16.11.200:9618?addrs=172.16.11.200-9618&noUDP&sock=14877_46f2_4>
...
001 (29405.003.000) 01/25 14:12:15 Job executing on host: <172.16.11.233:9618?addrs=172.16.11.233-9618&alias=pc-farm3&noUDP&sock=startd_4556_edfa>
...
006 (29405.003.000) 01/25 14:12:24 Image size of job updated: 36520
	36  -  MemoryUsage of job (MB)
	36520  -  ResidentSetSize of job (KB)
...
006 (29405.003.000) 01/25 14:17:25 Image size of job updated: 36552
	36  -  MemoryUsage of job (MB)
	36552  -  ResidentSetSize of job (KB)
...
006 (29405.003.000) 01/25 14:37:27 Image size of job updated: 36568
	36  -  MemoryUsage of job (MB)
	36568  -  ResidentSetSize of job (KB)
...
006 (29405.003.000) 01/25 15:02:29 Image size of job updated: 36596
	36  -  MemoryUsage of job (MB)
	36596  -  ResidentSetSize of job (KB)
...
006 (29405.003.000) 01/25 15:07:30 Image size of job updated: 36600
	36  -  MemoryUsage of job (MB)
	36600  -  ResidentSetSize of job (KB)
...
006 (29405.003.000) 01/25 15:17:30 Image size of job updated: 36848
	36  -  MemoryUsage of job (MB)
	36848  -  ResidentSetSize of job (KB)
...
006 (29405.003.000) 01/25 17:12:41 Image size of job updated: 36976
	37  -  MemoryUsage of job (MB)
	36976  -  ResidentSetSize of job (KB)
...
006 (29405.003.000) 01/25 17:42:44 Image size of job updated: 37012
	37  -  MemoryUsage of job (MB)
	37012  -  ResidentSetSize of job (KB)
...
006 (29405.003.000) 01/25 17:57:46 Image size of job updated: 37028
	37  -  MemoryUsage of job (MB)
	37028  -  ResidentSetSize of job (KB)
...
005 (29405.003.000) 01/25 18:17:39 Job terminated.
	(1) Normal termination (return value 0)
		Usr 0 04:05:05, Sys 0 00:00:00  -  Run Remote Usage
		Usr 0 00:00:00, Sys 0 00:00:00  -  Run Local Usage
		Usr 0 04:05:05, Sys 0 00:00:00  -  Total Remote Usage
		Usr 0 00:00:00, Sys 0 00:00:00  -  Total Local Usage
	0  -  Run Bytes Sent By Job
	0  -  Run Bytes Received By Job
	0  -  Total Bytes Sent By Job
	0  -  Total Bytes Received By Job
	Partitionable Resources :    Usage  Request Allocated 
	   Cpus                 :     1.00        1         1 
	   Disk (KB)            :     1           1    254050 
	   Memory (MB)          :    37           1      1005 
...
000 (29671.003.000) 01/30 10:56:39 Job submitted from host: <172.16.11.200:9618?addrs=172.16.11.200-9618&noUDP&sock=14877_46f2_4>
...
001 (29671.003.000) 01/30 11:00:05 Job executing on host: <172.16.11.231:9618?addrs=172.16.11.231-9618&noUDP&sock=startd_22895_f54e_4>
...
006 (29671.003.000) 01/30 11:00:15 Image size of job updated: 31540
	31  -  MemoryUsage of job (MB)
	31540  -  ResidentSetSize of job (KB)
...
006 (29671.003.000) 01/30 13:20:29 Image size of job updated: 31884
	32  -  MemoryUsage of job (MB)
	31884  -  ResidentSetSize of job (KB)
...
005 (29671.003.000) 01/30 14:14:38 Job terminated.
	(1) Normal termination (return value 0)
		Usr 0 03:14:32, Sys 0 00:00:00  -  Run Remote Usage
		Usr 0 00:00:00, Sys 0 00:00:00  -  Run Local Usage
		Usr 0 03:14:32, Sys 0 00:00:00  -  Total Remote Usage
		Usr 0 00:00:00, Sys 0 00:00:00  -  Total Local Usage
	0  -  Run Bytes Sent By Job
	0  -  Run Bytes Received By Job
	0  -  Total Bytes Sent By Job
	0  -  Total Bytes Received By Job
	Partitionable Resources :    Usage  Request Allocated 
	   Cpus                 :     1.00        1         1 
	   Disk (KB)            :     1           1    241059 
	   Memory (MB)          :    32           1      2008 
...
