000 (29321.004.000) 01/22 08:35:00 Job submitted from host: <172.16.11.200:9618?addrs=172.16.11.200-9618&noUDP&sock=14877_46f2_4>
...
001 (29321.004.000) 01/22 09:14:04 Job executing on host: <172.16.11.231:9618?addrs=172.16.11.231-9618&noUDP&sock=startd_22895_f54e_4>
...
006 (29321.004.000) 01/22 09:14:13 Image size of job updated: 31836
	32  -  MemoryUsage of job (MB)
	31836  -  ResidentSetSize of job (KB)
...
006 (29321.004.000) 01/22 10:39:22 Image size of job updated: 31892
	32  -  MemoryUsage of job (MB)
	31892  -  ResidentSetSize of job (KB)
...
005 (29321.004.000) 01/22 16:59:33 Job terminated.
	(1) Normal termination (return value 0)
		Usr 0 07:17:41, Sys 0 00:00:42  -  Run Remote Usage
		Usr 0 00:00:00, Sys 0 00:00:00  -  Run Local Usage
		Usr 0 07:17:41, Sys 0 00:00:42  -  Total Remote Usage
		Usr 0 00:00:00, Sys 0 00:00:00  -  Total Local Usage
	0  -  Run Bytes Sent By Job
	0  -  Run Bytes Received By Job
	0  -  Total Bytes Sent By Job
	0  -  Total Bytes Received By Job
	Partitionable Resources :    Usage  Request Allocated 
	   Cpus                 :     0.76        1         1 
	   Disk (KB)            :     1           1    241059 
	   Memory (MB)          :    32           1      2008 
...
000 (29341.004.000) 01/23 20:29:25 Job submitted from host: <172.16.11.200:9618?addrs=172.16.11.200-9618&noUDP&sock=14877_46f2_4>
...
001 (29341.004.000) 01/23 20:29:44 Job executing on host: <172.16.11.233:9618?addrs=172.16.11.233-9618&alias=pc-farm3&noUDP&sock=startd_4556_edfa>
...
006 (29341.004.000) 01/23 20:29:52 Image size of job updated: 3424
	4  -  MemoryUsage of job (MB)
	3424  -  ResidentSetSize of job (KB)
...
005 (29341.004.000) 01/23 20:29:52 Job terminated.
	(1) Normal termination (return value 0)
		Usr 0 00:00:06, Sys 0 00:00:00  -  Run Remote Usage
		Usr 0 00:00:00, Sys 0 00:00:00  -  Run Local Usage
		Usr 0 00:00:06, Sys 0 00:00:00  -  Total Remote Usage
		Usr 0 00:00:00, Sys 0 00:00:00  -  Total Local Usage
	0  -  Run Bytes Sent By Job
	0  -  Run Bytes Received By Job
	0  -  Total Bytes Sent By Job
	0  -  Total Bytes Received By Job
	Partitionable Resources :    Usage  Request Allocated 
	   Cpus                 :        0        1         1 
	   Disk (KB)            :        1        1    254050 
	   Memory (MB)          :        4        1      1005 
...
000 (29342.004.000) 01/23 20:30:33 Job submitted from host: <172.16.11.200:9618?addrs=172.16.11.200-9618&noUDP&sock=14877_46f2_4>
...
001 (29342.004.000) 01/23 20:30:35 Job executing on host: <172.16.11.232:9618?addrs=172.16.11.232-9618&alias=pc-farm2&noUDP&sock=startd_4986_dfb4_4>
...
006 (29342.004.000) 01/23 20:30:44 Image size of job updated: 31644
	31  -  MemoryUsage of job (MB)
	31644  -  ResidentSetSize of job (KB)
...
006 (29342.004.000) 01/23 21:55:52 Image size of job updated: 32380
	32  -  MemoryUsage of job (MB)
	32380  -  ResidentSetSize of job (KB)
...
005 (29342.004.000) 01/24 01:40:49 Job terminated.
	(1) Normal termination (return value 0)
		Usr 0 04:50:26, Sys 0 00:00:00  -  Run Remote Usage
		Usr 0 00:00:00, Sys 0 00:00:00  -  Run Local Usage
		Usr 0 04:50:26, Sys 0 00:00:00  -  Total Remote Usage
		Usr 0 00:00:00, Sys 0 00:00:00  -  Total Local Usage
	0  -  Run Bytes Sent By Job
	0  -  Run Bytes Received By Job
	0  -  Total Bytes Sent By Job
	0  -  Total Bytes Received By Job
	Partitionable Resources :    Usage  Request Allocated 
	   Cpus                 :     1.00        1         1 
	   Disk (KB)            :     1           1    245927 
	   Memory (MB)          :    32           1      1005 
...
000 (29356.004.000) 01/24 09:27:36 Job submitted from host: <172.16.11.200:9618?addrs=172.16.11.200-9618&noUDP&sock=14877_46f2_4>
...
001 (29356.004.000) 01/24 09:27:56 Job executing on host: <172.16.11.232:9618?addrs=172.16.11.232-9618&alias=pc-farm2&noUDP&sock=startd_4986_dfb4_4>
...
006 (29356.004.000) 01/24 09:28:05 Image size of job updated: 31616
	31  -  MemoryUsage of job (MB)
	31616  -  ResidentSetSize of job (KB)
...
006 (29356.004.000) 01/24 10:28:11 Image size of job updated: 32432
	32  -  MemoryUsage of job (MB)
	32432  -  ResidentSetSize of job (KB)
...
006 (29356.004.000) 01/24 12:58:56 Image size of job updated: 419816
	32  -  MemoryUsage of job (MB)
	32432  -  ResidentSetSize of job (KB)
...
005 (29356.004.000) 01/24 12:58:56 Job terminated.
	(1) Normal termination (return value 0)
		Usr 0 03:30:58, Sys 0 00:00:00  -  Run Remote Usage
		Usr 0 00:00:00, Sys 0 00:00:00  -  Run Local Usage
		Usr 0 03:30:58, Sys 0 00:00:00  -  Total Remote Usage
		Usr 0 00:00:00, Sys 0 00:00:00  -  Total Local Usage
	0  -  Run Bytes Sent By Job
	0  -  Run Bytes Received By Job
	0  -  Total Bytes Sent By Job
	0  -  Total Bytes Received By Job
	Partitionable Resources :    Usage  Request Allocated 
	   Cpus                 :     1.00        1         1 
	   Disk (KB)            :     1           1    245927 
	   Memory (MB)          :    32           1      1005 
...
000 (29412.004.000) 01/25 14:11:53 Job submitted from host: <172.16.11.200:9618?addrs=172.16.11.200-9618&noUDP&sock=14877_46f2_4>
...
001 (29412.004.000) 01/25 15:33:14 Job executing on host: <172.16.11.232:9618?addrs=172.16.11.232-9618&alias=pc-farm2&noUDP&sock=startd_4986_dfb4_4>
...
006 (29412.004.000) 01/25 15:33:23 Image size of job updated: 31384
	31  -  MemoryUsage of job (MB)
	31384  -  ResidentSetSize of job (KB)
...
006 (29412.004.000) 01/25 15:53:25 Image size of job updated: 31460
	31  -  MemoryUsage of job (MB)
	31460  -  ResidentSetSize of job (KB)
...
005 (29412.004.000) 01/25 20:07:04 Job terminated.
	(1) Normal termination (return value 0)
		Usr 0 04:33:19, Sys 0 00:00:00  -  Run Remote Usage
		Usr 0 00:00:00, Sys 0 00:00:00  -  Run Local Usage
		Usr 0 04:33:19, Sys 0 00:00:00  -  Total Remote Usage
		Usr 0 00:00:00, Sys 0 00:00:00  -  Total Local Usage
	0  -  Run Bytes Sent By Job
	0  -  Run Bytes Received By Job
	0  -  Total Bytes Sent By Job
	0  -  Total Bytes Received By Job
	Partitionable Resources :    Usage  Request Allocated 
	   Cpus                 :     0.97        1         1 
	   Disk (KB)            :     1           1    245927 
	   Memory (MB)          :    31           1      1005 
...
000 (29625.004.000) 01/28 22:25:51 Job submitted from host: <172.16.11.200:9618?addrs=172.16.11.200-9618&noUDP&sock=14877_46f2_4>
...
009 (29625.004.000) 01/28 23:02:09 Job was aborted by the user.
	via condor_rm (by user zhangliang)
...
000 (29626.004.000) 01/28 23:02:36 Job submitted from host: <172.16.11.200:9618?addrs=172.16.11.200-9618&noUDP&sock=14877_46f2_4>
...
001 (29626.004.000) 01/28 23:05:38 Job executing on host: <172.16.11.233:9618?addrs=172.16.11.233-9618&alias=pc-farm3&noUDP&sock=startd_4556_edfa>
...
006 (29626.004.000) 01/28 23:05:47 Image size of job updated: 35180
	35  -  MemoryUsage of job (MB)
	35180  -  ResidentSetSize of job (KB)
...
004 (29626.004.000) 01/28 23:15:20 Job was evicted.
	(0) CPU times
		Usr 0 00:09:40, Sys 0 00:00:00  -  Run Remote Usage
		Usr 0 00:00:00, Sys 0 00:00:00  -  Run Local Usage
	0  -  Run Bytes Sent By Job
	0  -  Run Bytes Received By Job
	Partitionable Resources :    Usage  Request Allocated 
	   Cpus                 :     1.00        1         1 
	   Disk (KB)            :     1           1    254050 
	   Memory (MB)          :    35           1      1005 
...
009 (29626.004.000) 01/28 23:15:20 Job was aborted by the user.
	via condor_rm (by user zhangliang)
...
000 (29627.004.000) 01/28 23:15:28 Job submitted from host: <172.16.11.200:9618?addrs=172.16.11.200-9618&noUDP&sock=14877_46f2_4>
...
001 (29627.004.000) 01/28 23:15:32 Job executing on host: <172.16.11.233:9618?addrs=172.16.11.233-9618&alias=pc-farm3&noUDP&sock=startd_4556_edfa>
...
006 (29627.004.000) 01/28 23:15:40 Image size of job updated: 36008
	36  -  MemoryUsage of job (MB)
	36008  -  ResidentSetSize of job (KB)
...
006 (29627.004.000) 01/29 00:35:47 Image size of job updated: 36012
	36  -  MemoryUsage of job (MB)
	36012  -  ResidentSetSize of job (KB)
...
006 (29627.004.000) 01/29 00:55:49 Image size of job updated: 36032
	36  -  MemoryUsage of job (MB)
	36032  -  ResidentSetSize of job (KB)
...
006 (29627.004.000) 01/29 01:00:50 Image size of job updated: 36036
	36  -  MemoryUsage of job (MB)
	36036  -  ResidentSetSize of job (KB)
...
006 (29627.004.000) 01/29 01:25:52 Image size of job updated: 36060
	36  -  MemoryUsage of job (MB)
	36060  -  ResidentSetSize of job (KB)
...
006 (29627.004.000) 01/29 01:30:53 Image size of job updated: 36064
	36  -  MemoryUsage of job (MB)
	36064  -  ResidentSetSize of job (KB)
...
006 (29627.004.000) 01/29 01:35:54 Image size of job updated: 36068
	36  -  MemoryUsage of job (MB)
	36068  -  ResidentSetSize of job (KB)
...
006 (29627.004.000) 01/29 02:10:57 Image size of job updated: 36100
	36  -  MemoryUsage of job (MB)
	36100  -  ResidentSetSize of job (KB)
...
006 (29627.004.000) 01/29 02:15:57 Image size of job updated: 36104
	36  -  MemoryUsage of job (MB)
	36104  -  ResidentSetSize of job (KB)
...
006 (29627.004.000) 01/29 02:30:59 Image size of job updated: 36116
	36  -  MemoryUsage of job (MB)
	36116  -  ResidentSetSize of job (KB)
...
006 (29627.004.000) 01/29 02:41:01 Image size of job updated: 36124
	36  -  MemoryUsage of job (MB)
	36124  -  ResidentSetSize of job (KB)
...
005 (29627.004.000) 01/29 03:04:18 Job terminated.
	(1) Normal termination (return value 0)
		Usr 0 03:48:43, Sys 0 00:00:00  -  Run Remote Usage
		Usr 0 00:00:00, Sys 0 00:00:00  -  Run Local Usage
		Usr 0 03:48:43, Sys 0 00:00:00  -  Total Remote Usage
		Usr 0 00:00:00, Sys 0 00:00:00  -  Total Local Usage
	0  -  Run Bytes Sent By Job
	0  -  Run Bytes Received By Job
	0  -  Total Bytes Sent By Job
	0  -  Total Bytes Received By Job
	Partitionable Resources :    Usage  Request Allocated 
	   Cpus                 :     1.00        1         1 
	   Disk (KB)            :     1           1    254050 
	   Memory (MB)          :    36           1      1005 
...
000 (29631.004.000) 01/29 11:01:51 Job submitted from host: <172.16.11.200:9618?addrs=172.16.11.200-9618&noUDP&sock=14877_46f2_4>
...
001 (29631.004.000) 01/29 11:03:08 Job executing on host: <172.16.11.232:9618?addrs=172.16.11.232-9618&alias=pc-farm2&noUDP&sock=startd_4986_dfb4_4>
...
006 (29631.004.000) 01/29 11:03:17 Image size of job updated: 31336
	31  -  MemoryUsage of job (MB)
	31336  -  ResidentSetSize of job (KB)
...
004 (29631.004.000) 01/29 14:38:36 Job was evicted.
	(0) CPU times
		Usr 0 03:34:50, Sys 0 00:00:16  -  Run Remote Usage
		Usr 0 00:00:00, Sys 0 00:00:00  -  Run Local Usage
	0  -  Run Bytes Sent By Job
	0  -  Run Bytes Received By Job
	Partitionable Resources :    Usage  Request Allocated 
	   Cpus                 :     1.00        1         1 
	   Disk (KB)            :     1           1    245927 
	   Memory (MB)          :    31           1      1005 
...
009 (29631.004.000) 01/29 14:38:36 Job was aborted by the user.
	via condor_rm (by user zhangliang)
...
000 (29643.004.000) 01/29 14:45:40 Job submitted from host: <172.16.11.200:9618?addrs=172.16.11.200-9618&noUDP&sock=14877_46f2_4>
...
001 (29643.004.000) 01/29 14:48:56 Job executing on host: <172.16.11.232:9618?addrs=172.16.11.232-9618&alias=pc-farm2&noUDP&sock=startd_4986_dfb4_4>
...
006 (29643.004.000) 01/29 14:49:05 Image size of job updated: 31816
	32  -  MemoryUsage of job (MB)
	31816  -  ResidentSetSize of job (KB)
...
005 (29643.004.000) 01/29 14:52:18 Job terminated.
	(1) Normal termination (return value 0)
		Usr 0 00:03:20, Sys 0 00:00:00  -  Run Remote Usage
		Usr 0 00:00:00, Sys 0 00:00:00  -  Run Local Usage
		Usr 0 00:03:20, Sys 0 00:00:00  -  Total Remote Usage
		Usr 0 00:00:00, Sys 0 00:00:00  -  Total Local Usage
	0  -  Run Bytes Sent By Job
	0  -  Run Bytes Received By Job
	0  -  Total Bytes Sent By Job
	0  -  Total Bytes Received By Job
	Partitionable Resources :    Usage  Request Allocated 
	   Cpus                 :     1.00        1         1 
	   Disk (KB)            :     1           1    245927 
	   Memory (MB)          :    32           1      1005 
...
000 (29652.004.000) 01/29 16:52:15 Job submitted from host: <172.16.11.200:9618?addrs=172.16.11.200-9618&noUDP&sock=14877_46f2_4>
...
001 (29652.004.000) 01/29 18:32:37 Job executing on host: <172.16.11.231:9618?addrs=172.16.11.231-9618&noUDP&sock=startd_22895_f54e_4>
...
006 (29652.004.000) 01/29 18:32:45 Image size of job updated: 31068
	31  -  MemoryUsage of job (MB)
	31068  -  ResidentSetSize of job (KB)
...
006 (29652.004.000) 01/29 19:17:49 Image size of job updated: 31124
	31  -  MemoryUsage of job (MB)
	31124  -  ResidentSetSize of job (KB)
...
005 (29652.004.000) 01/29 19:25:49 Job terminated.
	(1) Normal termination (return value 0)
		Usr 0 00:53:05, Sys 0 00:00:05  -  Run Remote Usage
		Usr 0 00:00:00, Sys 0 00:00:00  -  Run Local Usage
		Usr 0 00:53:05, Sys 0 00:00:05  -  Total Remote Usage
		Usr 0 00:00:00, Sys 0 00:00:00  -  Total Local Usage
	0  -  Run Bytes Sent By Job
	0  -  Run Bytes Received By Job
	0  -  Total Bytes Sent By Job
	0  -  Total Bytes Received By Job
	Partitionable Resources :    Usage  Request Allocated 
	   Cpus                 :     1.00        1         1 
	   Disk (KB)            :     1           1    241059 
	   Memory (MB)          :    31           1      2008 
...
000 (29693.004.000) 01/30 17:50:49 Job submitted from host: <172.16.11.200:9618?addrs=172.16.11.200-9618&noUDP&sock=14877_46f2_4>
...
001 (29693.004.000) 01/30 20:12:50 Job executing on host: <172.16.11.233:9618?addrs=172.16.11.233-9618&alias=pc-farm3&noUDP&sock=startd_4556_edfa>
...
006 (29693.004.000) 01/30 20:12:59 Image size of job updated: 35756
	35  -  MemoryUsage of job (MB)
	35756  -  ResidentSetSize of job (KB)
...
006 (29693.004.000) 01/30 23:03:17 Image size of job updated: 35780
	35  -  MemoryUsage of job (MB)
	35780  -  ResidentSetSize of job (KB)
...
005 (29693.004.000) 01/30 23:07:42 Job terminated.
	(1) Normal termination (return value 0)
		Usr 0 02:54:30, Sys 0 00:00:04  -  Run Remote Usage
		Usr 0 00:00:00, Sys 0 00:00:00  -  Run Local Usage
		Usr 0 02:54:30, Sys 0 00:00:04  -  Total Remote Usage
		Usr 0 00:00:00, Sys 0 00:00:00  -  Total Local Usage
	0  -  Run Bytes Sent By Job
	0  -  Run Bytes Received By Job
	0  -  Total Bytes Sent By Job
	0  -  Total Bytes Received By Job
	Partitionable Resources :    Usage  Request Allocated 
	   Cpus                 :     1.00        1         1 
	   Disk (KB)            :     1           1    254050 
	   Memory (MB)          :    35           1      1005 
...
