000 (29321.010.000) 01/22 08:35:00 Job submitted from host: <172.16.11.200:9618?addrs=172.16.11.200-9618&noUDP&sock=14877_46f2_4>
...
001 (29321.010.000) 01/22 09:16:05 Job executing on host: <172.16.11.231:9618?addrs=172.16.11.231-9618&noUDP&sock=startd_22895_f54e_4>
...
006 (29321.010.000) 01/22 09:16:13 Image size of job updated: 31104
	31  -  MemoryUsage of job (MB)
	31104  -  ResidentSetSize of job (KB)
...
006 (29321.010.000) 01/22 09:21:13 Image size of job updated: 31236
	31  -  MemoryUsage of job (MB)
	31236  -  ResidentSetSize of job (KB)
...
006 (29321.010.000) 01/22 10:41:22 Image size of job updated: 31292
	31  -  MemoryUsage of job (MB)
	31292  -  ResidentSetSize of job (KB)
...
006 (29321.010.000) 01/22 11:16:25 Image size of job updated: 31296
	31  -  MemoryUsage of job (MB)
	31296  -  ResidentSetSize of job (KB)
...
006 (29321.010.000) 01/22 16:29:06 Image size of job updated: 419680
	31  -  MemoryUsage of job (MB)
	31296  -  ResidentSetSize of job (KB)
...
005 (29321.010.000) 01/22 16:29:06 Job terminated.
	(1) Normal termination (return value 0)
		Usr 0 07:12:27, Sys 0 00:00:00  -  Run Remote Usage
		Usr 0 00:00:00, Sys 0 00:00:00  -  Run Local Usage
		Usr 0 07:12:27, Sys 0 00:00:00  -  Total Remote Usage
		Usr 0 00:00:00, Sys 0 00:00:00  -  Total Local Usage
	0  -  Run Bytes Sent By Job
	0  -  Run Bytes Received By Job
	0  -  Total Bytes Sent By Job
	0  -  Total Bytes Received By Job
	Partitionable Resources :    Usage  Request Allocated 
	   Cpus                 :     1.00        1         1 
	   Disk (KB)            :     1           1    241059 
	   Memory (MB)          :    31           1      2008 
...
000 (29341.010.000) 01/23 20:29:25 Job submitted from host: <172.16.11.200:9618?addrs=172.16.11.200-9618&noUDP&sock=14877_46f2_4>
...
001 (29341.010.000) 01/23 20:29:58 Job executing on host: <172.16.11.234:9618?addrs=172.16.11.234-9618&alias=pc-farm4&noUDP&sock=startd_5195_3aff>
...
006 (29341.010.000) 01/23 20:30:03 Image size of job updated: 306512
	0  -  MemoryUsage of job (MB)
	0  -  ResidentSetSize of job (KB)
...
004 (29341.010.000) 01/23 20:30:03 Job was evicted.
	(0) CPU times
		Usr 0 00:00:05, Sys 0 00:00:00  -  Run Remote Usage
		Usr 0 00:00:00, Sys 0 00:00:00  -  Run Local Usage
	0  -  Run Bytes Sent By Job
	0  -  Run Bytes Received By Job
	Partitionable Resources :    Usage  Request Allocated 
	   Cpus                 :                 1         1 
	   Disk (KB)            :        1        1    255907 
	   Memory (MB)          :        0        1       999 
...
009 (29341.010.000) 01/23 20:30:03 Job was aborted by the user.
	via condor_rm (by user zhangliang)
...
000 (29342.010.000) 01/23 20:30:33 Job submitted from host: <172.16.11.200:9618?addrs=172.16.11.200-9618&noUDP&sock=14877_46f2_4>
...
001 (29342.010.000) 01/23 20:30:36 Job executing on host: <172.16.11.233:9618?addrs=172.16.11.233-9618&alias=pc-farm3&noUDP&sock=startd_4556_edfa>
...
006 (29342.010.000) 01/23 20:30:46 Image size of job updated: 36528
	36  -  MemoryUsage of job (MB)
	36528  -  ResidentSetSize of job (KB)
...
006 (29342.010.000) 01/23 22:36:00 Image size of job updated: 36652
	36  -  MemoryUsage of job (MB)
	36652  -  ResidentSetSize of job (KB)
...
006 (29342.010.000) 01/24 01:26:17 Image size of job updated: 36656
	36  -  MemoryUsage of job (MB)
	36656  -  ResidentSetSize of job (KB)
...
006 (29342.010.000) 01/24 01:31:18 Image size of job updated: 36660
	36  -  MemoryUsage of job (MB)
	36660  -  ResidentSetSize of job (KB)
...
006 (29342.010.000) 01/24 01:36:18 Image size of job updated: 36664
	36  -  MemoryUsage of job (MB)
	36664  -  ResidentSetSize of job (KB)
...
006 (29342.010.000) 01/24 01:41:18 Image size of job updated: 36668
	36  -  MemoryUsage of job (MB)
	36668  -  ResidentSetSize of job (KB)
...
006 (29342.010.000) 01/24 01:46:20 Image size of job updated: 36672
	36  -  MemoryUsage of job (MB)
	36672  -  ResidentSetSize of job (KB)
...
006 (29342.010.000) 01/24 01:51:20 Image size of job updated: 36676
	36  -  MemoryUsage of job (MB)
	36676  -  ResidentSetSize of job (KB)
...
005 (29342.010.000) 01/24 01:55:39 Job terminated.
	(1) Normal termination (return value 0)
		Usr 0 04:57:52, Sys 0 00:00:01  -  Run Remote Usage
		Usr 0 00:00:00, Sys 0 00:00:00  -  Run Local Usage
		Usr 0 04:57:52, Sys 0 00:00:01  -  Total Remote Usage
		Usr 0 00:00:00, Sys 0 00:00:00  -  Total Local Usage
	0  -  Run Bytes Sent By Job
	0  -  Run Bytes Received By Job
	0  -  Total Bytes Sent By Job
	0  -  Total Bytes Received By Job
	Partitionable Resources :    Usage  Request Allocated 
	   Cpus                 :     0.91        1         1 
	   Disk (KB)            :     1           1    254050 
	   Memory (MB)          :    36           1      1005 
...
000 (29356.010.000) 01/24 09:27:36 Job submitted from host: <172.16.11.200:9618?addrs=172.16.11.200-9618&noUDP&sock=14877_46f2_4>
...
001 (29356.010.000) 01/24 09:29:04 Job executing on host: <172.16.11.232:9618?addrs=172.16.11.232-9618&alias=pc-farm2&noUDP&sock=startd_4986_dfb4_4>
...
006 (29356.010.000) 01/24 09:29:12 Image size of job updated: 31516
	31  -  MemoryUsage of job (MB)
	31516  -  ResidentSetSize of job (KB)
...
006 (29356.010.000) 01/24 10:34:18 Image size of job updated: 31632
	31  -  MemoryUsage of job (MB)
	31632  -  ResidentSetSize of job (KB)
...
005 (29356.010.000) 01/24 12:53:26 Job terminated.
	(1) Normal termination (return value 0)
		Usr 0 03:24:22, Sys 0 00:00:00  -  Run Remote Usage
		Usr 0 00:00:00, Sys 0 00:00:00  -  Run Local Usage
		Usr 0 03:24:22, Sys 0 00:00:00  -  Total Remote Usage
		Usr 0 00:00:00, Sys 0 00:00:00  -  Total Local Usage
	0  -  Run Bytes Sent By Job
	0  -  Run Bytes Received By Job
	0  -  Total Bytes Sent By Job
	0  -  Total Bytes Received By Job
	Partitionable Resources :    Usage  Request Allocated 
	   Cpus                 :     1.00        1         1 
	   Disk (KB)            :     1           1    245927 
	   Memory (MB)          :    31           1      1005 
...
000 (29412.010.000) 01/25 14:11:53 Job submitted from host: <172.16.11.200:9618?addrs=172.16.11.200-9618&noUDP&sock=14877_46f2_4>
...
001 (29412.010.000) 01/25 15:38:14 Job executing on host: <172.16.11.234:9618?addrs=172.16.11.234-9618&alias=pc-farm4&noUDP&sock=startd_5195_3aff>
...
006 (29412.010.000) 01/25 15:38:23 Image size of job updated: 31476
	31  -  MemoryUsage of job (MB)
	31476  -  ResidentSetSize of job (KB)
...
006 (29412.010.000) 01/25 15:43:24 Image size of job updated: 419772
	31  -  MemoryUsage of job (MB)
	31476  -  ResidentSetSize of job (KB)
...
006 (29412.010.000) 01/25 16:08:26 Image size of job updated: 419780
	31  -  MemoryUsage of job (MB)
	31480  -  ResidentSetSize of job (KB)
...
005 (29412.010.000) 01/25 21:01:27 Job terminated.
	(1) Normal termination (return value 0)
		Usr 0 04:52:23, Sys 0 00:00:01  -  Run Remote Usage
		Usr 0 00:00:00, Sys 0 00:00:00  -  Run Local Usage
		Usr 0 04:52:23, Sys 0 00:00:01  -  Total Remote Usage
		Usr 0 00:00:00, Sys 0 00:00:00  -  Total Local Usage
	0  -  Run Bytes Sent By Job
	0  -  Run Bytes Received By Job
	0  -  Total Bytes Sent By Job
	0  -  Total Bytes Received By Job
	Partitionable Resources :    Usage  Request Allocated 
	   Cpus                 :     0.87        1         1 
	   Disk (KB)            :     1           1    255907 
	   Memory (MB)          :    31           1       999 
...
000 (29625.010.000) 01/28 22:25:51 Job submitted from host: <172.16.11.200:9618?addrs=172.16.11.200-9618&noUDP&sock=14877_46f2_4>
...
009 (29625.010.000) 01/28 23:02:09 Job was aborted by the user.
	via condor_rm (by user zhangliang)
...
000 (29626.010.000) 01/28 23:02:36 Job submitted from host: <172.16.11.200:9618?addrs=172.16.11.200-9618&noUDP&sock=14877_46f2_4>
...
001 (29626.010.000) 01/28 23:06:37 Job executing on host: <172.16.11.231:9618?addrs=172.16.11.231-9618&noUDP&sock=startd_22895_f54e_4>
...
006 (29626.010.000) 01/28 23:06:45 Image size of job updated: 31776
	32  -  MemoryUsage of job (MB)
	31776  -  ResidentSetSize of job (KB)
...
004 (29626.010.000) 01/28 23:15:19 Job was evicted.
	(0) CPU times
		Usr 0 00:08:41, Sys 0 00:00:00  -  Run Remote Usage
		Usr 0 00:00:00, Sys 0 00:00:00  -  Run Local Usage
	0  -  Run Bytes Sent By Job
	0  -  Run Bytes Received By Job
	Partitionable Resources :    Usage  Request Allocated 
	   Cpus                 :     1.00        1         1 
	   Disk (KB)            :     1           1    241059 
	   Memory (MB)          :    32           1      2008 
...
009 (29626.010.000) 01/28 23:15:19 Job was aborted by the user.
	via condor_rm (by user zhangliang)
...
000 (29627.010.000) 01/28 23:15:28 Job submitted from host: <172.16.11.200:9618?addrs=172.16.11.200-9618&noUDP&sock=14877_46f2_4>
...
001 (29627.010.000) 01/28 23:15:35 Job executing on host: <172.16.11.233:9618?addrs=172.16.11.233-9618&alias=pc-farm3&noUDP&sock=startd_4556_edfa>
...
006 (29627.010.000) 01/28 23:15:44 Image size of job updated: 36160
	36  -  MemoryUsage of job (MB)
	36160  -  ResidentSetSize of job (KB)
...
006 (29627.010.000) 01/29 02:26:02 Image size of job updated: 36172
	36  -  MemoryUsage of job (MB)
	36172  -  ResidentSetSize of job (KB)
...
005 (29627.010.000) 01/29 03:03:10 Job terminated.
	(1) Normal termination (return value 0)
		Usr 0 03:47:31, Sys 0 00:00:00  -  Run Remote Usage
		Usr 0 00:00:00, Sys 0 00:00:00  -  Run Local Usage
		Usr 0 03:47:31, Sys 0 00:00:00  -  Total Remote Usage
		Usr 0 00:00:00, Sys 0 00:00:00  -  Total Local Usage
	0  -  Run Bytes Sent By Job
	0  -  Run Bytes Received By Job
	0  -  Total Bytes Sent By Job
	0  -  Total Bytes Received By Job
	Partitionable Resources :    Usage  Request Allocated 
	   Cpus                 :     1.00        1         1 
	   Disk (KB)            :     1           1    254050 
	   Memory (MB)          :    36           1      1005 
...
000 (29631.010.000) 01/29 11:01:51 Job submitted from host: <172.16.11.200:9618?addrs=172.16.11.200-9618&noUDP&sock=14877_46f2_4>
...
001 (29631.010.000) 01/29 11:04:05 Job executing on host: <172.16.11.234:9618?addrs=172.16.11.234-9618&alias=pc-farm4&noUDP&sock=startd_5195_3aff>
...
006 (29631.010.000) 01/29 11:04:14 Image size of job updated: 419772
	31  -  MemoryUsage of job (MB)
	31476  -  ResidentSetSize of job (KB)
...
006 (29631.010.000) 01/29 11:29:17 Image size of job updated: 419780
	31  -  MemoryUsage of job (MB)
	31480  -  ResidentSetSize of job (KB)
...
004 (29631.010.000) 01/29 14:38:36 Job was evicted.
	(0) CPU times
		Usr 0 03:34:29, Sys 0 00:00:00  -  Run Remote Usage
		Usr 0 00:00:00, Sys 0 00:00:00  -  Run Local Usage
	0  -  Run Bytes Sent By Job
	0  -  Run Bytes Received By Job
	Partitionable Resources :    Usage  Request Allocated 
	   Cpus                 :     1.00        1         1 
	   Disk (KB)            :     1           1    255907 
	   Memory (MB)          :    31           1       999 
...
009 (29631.010.000) 01/29 14:38:36 Job was aborted by the user.
	via condor_rm (by user zhangliang)
...
000 (29643.010.000) 01/29 14:45:40 Job submitted from host: <172.16.11.200:9618?addrs=172.16.11.200-9618&noUDP&sock=14877_46f2_4>
...
001 (29643.010.000) 01/29 14:51:42 Job executing on host: <172.16.11.232:9618?addrs=172.16.11.232-9618&alias=pc-farm2&noUDP&sock=startd_4986_dfb4_4>
...
006 (29643.010.000) 01/29 14:51:51 Image size of job updated: 31628
	31  -  MemoryUsage of job (MB)
	31628  -  ResidentSetSize of job (KB)
...
006 (29643.010.000) 01/29 14:55:06 Image size of job updated: 419816
	31  -  MemoryUsage of job (MB)
	31628  -  ResidentSetSize of job (KB)
...
005 (29643.010.000) 01/29 14:55:06 Job terminated.
	(1) Normal termination (return value 0)
		Usr 0 00:03:22, Sys 0 00:00:00  -  Run Remote Usage
		Usr 0 00:00:00, Sys 0 00:00:00  -  Run Local Usage
		Usr 0 00:03:22, Sys 0 00:00:00  -  Total Remote Usage
		Usr 0 00:00:00, Sys 0 00:00:00  -  Total Local Usage
	0  -  Run Bytes Sent By Job
	0  -  Run Bytes Received By Job
	0  -  Total Bytes Sent By Job
	0  -  Total Bytes Received By Job
	Partitionable Resources :    Usage  Request Allocated 
	   Cpus                 :     1.00        1         1 
	   Disk (KB)            :     1           1    245927 
	   Memory (MB)          :    31           1      1005 
...
000 (29652.010.000) 01/29 16:52:15 Job submitted from host: <172.16.11.200:9618?addrs=172.16.11.200-9618&noUDP&sock=14877_46f2_4>
...
001 (29652.010.000) 01/29 18:34:39 Job executing on host: <172.16.11.231:9618?addrs=172.16.11.231-9618&noUDP&sock=startd_22895_f54e_4>
...
006 (29652.010.000) 01/29 18:34:47 Image size of job updated: 31448
	31  -  MemoryUsage of job (MB)
	31448  -  ResidentSetSize of job (KB)
...
006 (29652.010.000) 01/29 19:14:50 Image size of job updated: 31460
	31  -  MemoryUsage of job (MB)
	31460  -  ResidentSetSize of job (KB)
...
006 (29652.010.000) 01/29 19:19:50 Image size of job updated: 31504
	31  -  MemoryUsage of job (MB)
	31504  -  ResidentSetSize of job (KB)
...
005 (29652.010.000) 01/29 19:22:12 Job terminated.
	(1) Normal termination (return value 0)
		Usr 0 00:47:32, Sys 0 00:00:00  -  Run Remote Usage
		Usr 0 00:00:00, Sys 0 00:00:00  -  Run Local Usage
		Usr 0 00:47:32, Sys 0 00:00:00  -  Total Remote Usage
		Usr 0 00:00:00, Sys 0 00:00:00  -  Total Local Usage
	0  -  Run Bytes Sent By Job
	0  -  Run Bytes Received By Job
	0  -  Total Bytes Sent By Job
	0  -  Total Bytes Received By Job
	Partitionable Resources :    Usage  Request Allocated 
	   Cpus                 :     1.00        1         1 
	   Disk (KB)            :     1           1    241059 
	   Memory (MB)          :    31           1      2008 
...
000 (29693.010.000) 01/30 17:50:49 Job submitted from host: <172.16.11.200:9618?addrs=172.16.11.200-9618&noUDP&sock=14877_46f2_4>
...
001 (29693.010.000) 01/30 20:17:18 Job executing on host: <172.16.11.231:9618?addrs=172.16.11.231-9618&noUDP&sock=startd_22895_f54e_4>
...
006 (29693.010.000) 01/30 20:17:26 Image size of job updated: 31064
	31  -  MemoryUsage of job (MB)
	31064  -  ResidentSetSize of job (KB)
...
005 (29693.010.000) 01/30 23:49:13 Job terminated.
	(1) Normal termination (return value 0)
		Usr 0 03:31:54, Sys 0 00:00:00  -  Run Remote Usage
		Usr 0 00:00:00, Sys 0 00:00:00  -  Run Local Usage
		Usr 0 03:31:54, Sys 0 00:00:00  -  Total Remote Usage
		Usr 0 00:00:00, Sys 0 00:00:00  -  Total Local Usage
	0  -  Run Bytes Sent By Job
	0  -  Run Bytes Received By Job
	0  -  Total Bytes Sent By Job
	0  -  Total Bytes Received By Job
	Partitionable Resources :    Usage  Request Allocated 
	   Cpus                 :     1.00        1         1 
	   Disk (KB)            :     1           1    241059 
	   Memory (MB)          :    31           1      2008 
...
