000 (29298.016.000) 01/21 12:26:05 Job submitted from host: <172.16.11.200:9618?addrs=172.16.11.200-9618&noUDP&sock=14877_46f2_4>
...
001 (29298.016.000) 01/21 13:25:48 Job executing on host: <172.16.11.233:9618?addrs=172.16.11.233-9618&alias=pc-farm3&noUDP&sock=startd_4556_edfa>
...
006 (29298.016.000) 01/21 13:25:57 Image size of job updated: 35888
	36  -  MemoryUsage of job (MB)
	35888  -  ResidentSetSize of job (KB)
...
005 (29298.016.000) 01/21 13:31:58 Job terminated.
	(1) Normal termination (return value 0)
		Usr 0 00:06:09, Sys 0 00:00:00  -  Run Remote Usage
		Usr 0 00:00:00, Sys 0 00:00:00  -  Run Local Usage
		Usr 0 00:06:09, Sys 0 00:00:00  -  Total Remote Usage
		Usr 0 00:00:00, Sys 0 00:00:00  -  Total Local Usage
	0  -  Run Bytes Sent By Job
	0  -  Run Bytes Received By Job
	0  -  Total Bytes Sent By Job
	0  -  Total Bytes Received By Job
	Partitionable Resources :    Usage  Request Allocated 
	   Cpus                 :     1.00        1         1 
	   Disk (KB)            :     1           1    254050 
	   Memory (MB)          :    36           1      1005 
...
000 (29352.016.000) 01/24 09:27:15 Job submitted from host: <172.16.11.200:9618?addrs=172.16.11.200-9618&noUDP&sock=14877_46f2_4>
...
001 (29352.016.000) 01/24 09:27:33 Job executing on host: <172.16.11.234:9618?addrs=172.16.11.234-9618&alias=pc-farm4&noUDP&sock=startd_5195_3aff>
...
006 (29352.016.000) 01/24 09:27:43 Image size of job updated: 419772
	31  -  MemoryUsage of job (MB)
	31476  -  ResidentSetSize of job (KB)
...
006 (29352.016.000) 01/24 09:52:45 Image size of job updated: 419780
	31  -  MemoryUsage of job (MB)
	31480  -  ResidentSetSize of job (KB)
...
005 (29352.016.000) 01/24 13:58:22 Job terminated.
	(1) Normal termination (return value 0)
		Usr 0 04:30:46, Sys 0 00:00:00  -  Run Remote Usage
		Usr 0 00:00:00, Sys 0 00:00:00  -  Run Local Usage
		Usr 0 04:30:46, Sys 0 00:00:00  -  Total Remote Usage
		Usr 0 00:00:00, Sys 0 00:00:00  -  Total Local Usage
	0  -  Run Bytes Sent By Job
	0  -  Run Bytes Received By Job
	0  -  Total Bytes Sent By Job
	0  -  Total Bytes Received By Job
	Partitionable Resources :    Usage  Request Allocated 
	   Cpus                 :     1.00        1         1 
	   Disk (KB)            :     1           1    255907 
	   Memory (MB)          :    31           1       999 
...
000 (29408.016.000) 01/25 14:11:39 Job submitted from host: <172.16.11.200:9618?addrs=172.16.11.200-9618&noUDP&sock=14877_46f2_4>
...
001 (29408.016.000) 01/25 14:56:14 Job executing on host: <172.16.11.233:9618?addrs=172.16.11.233-9618&alias=pc-farm3&noUDP&sock=startd_4556_edfa>
...
006 (29408.016.000) 01/25 14:56:23 Image size of job updated: 34924
	35  -  MemoryUsage of job (MB)
	34924  -  ResidentSetSize of job (KB)
...
006 (29408.016.000) 01/25 15:01:23 Image size of job updated: 34928
	35  -  MemoryUsage of job (MB)
	34928  -  ResidentSetSize of job (KB)
...
006 (29408.016.000) 01/25 15:06:24 Image size of job updated: 34932
	35  -  MemoryUsage of job (MB)
	34932  -  ResidentSetSize of job (KB)
...
006 (29408.016.000) 01/25 15:11:24 Image size of job updated: 34936
	35  -  MemoryUsage of job (MB)
	34936  -  ResidentSetSize of job (KB)
...
006 (29408.016.000) 01/25 15:16:24 Image size of job updated: 34940
	35  -  MemoryUsage of job (MB)
	34940  -  ResidentSetSize of job (KB)
...
006 (29408.016.000) 01/25 15:21:25 Image size of job updated: 35064
	35  -  MemoryUsage of job (MB)
	35064  -  ResidentSetSize of job (KB)
...
006 (29408.016.000) 01/25 15:26:26 Image size of job updated: 35196
	35  -  MemoryUsage of job (MB)
	35196  -  ResidentSetSize of job (KB)
...
006 (29408.016.000) 01/25 15:31:26 Image size of job updated: 35200
	35  -  MemoryUsage of job (MB)
	35200  -  ResidentSetSize of job (KB)
...
006 (29408.016.000) 01/25 15:36:27 Image size of job updated: 35204
	35  -  MemoryUsage of job (MB)
	35204  -  ResidentSetSize of job (KB)
...
006 (29408.016.000) 01/25 15:51:28 Image size of job updated: 35216
	35  -  MemoryUsage of job (MB)
	35216  -  ResidentSetSize of job (KB)
...
006 (29408.016.000) 01/25 16:01:29 Image size of job updated: 35228
	35  -  MemoryUsage of job (MB)
	35228  -  ResidentSetSize of job (KB)
...
006 (29408.016.000) 01/25 16:06:29 Image size of job updated: 35236
	35  -  MemoryUsage of job (MB)
	35236  -  ResidentSetSize of job (KB)
...
006 (29408.016.000) 01/25 16:16:30 Image size of job updated: 35248
	35  -  MemoryUsage of job (MB)
	35248  -  ResidentSetSize of job (KB)
...
006 (29408.016.000) 01/25 16:26:31 Image size of job updated: 35260
	35  -  MemoryUsage of job (MB)
	35260  -  ResidentSetSize of job (KB)
...
006 (29408.016.000) 01/25 16:31:32 Image size of job updated: 35264
	35  -  MemoryUsage of job (MB)
	35264  -  ResidentSetSize of job (KB)
...
006 (29408.016.000) 01/25 19:01:48 Image size of job updated: 35392
	35  -  MemoryUsage of job (MB)
	35392  -  ResidentSetSize of job (KB)
...
006 (29408.016.000) 01/25 19:16:50 Image size of job updated: 35408
	35  -  MemoryUsage of job (MB)
	35408  -  ResidentSetSize of job (KB)
...
006 (29408.016.000) 01/25 19:21:50 Image size of job updated: 35412
	35  -  MemoryUsage of job (MB)
	35412  -  ResidentSetSize of job (KB)
...
006 (29408.016.000) 01/25 19:26:51 Image size of job updated: 35416
	35  -  MemoryUsage of job (MB)
	35416  -  ResidentSetSize of job (KB)
...
006 (29408.016.000) 01/25 19:31:52 Image size of job updated: 35420
	35  -  MemoryUsage of job (MB)
	35420  -  ResidentSetSize of job (KB)
...
006 (29408.016.000) 01/25 19:36:52 Image size of job updated: 35424
	35  -  MemoryUsage of job (MB)
	35424  -  ResidentSetSize of job (KB)
...
005 (29408.016.000) 01/25 19:39:13 Job terminated.
	(1) Normal termination (return value 0)
		Usr 0 04:42:54, Sys 0 00:00:00  -  Run Remote Usage
		Usr 0 00:00:00, Sys 0 00:00:00  -  Run Local Usage
		Usr 0 04:42:54, Sys 0 00:00:00  -  Total Remote Usage
		Usr 0 00:00:00, Sys 0 00:00:00  -  Total Local Usage
	0  -  Run Bytes Sent By Job
	0  -  Run Bytes Received By Job
	0  -  Total Bytes Sent By Job
	0  -  Total Bytes Received By Job
	Partitionable Resources :    Usage  Request Allocated 
	   Cpus                 :     1.00        1         1 
	   Disk (KB)            :     1           1    254050 
	   Memory (MB)          :    35           1      1005 
...
000 (29674.016.000) 01/30 10:58:29 Job submitted from host: <172.16.11.200:9618?addrs=172.16.11.200-9618&noUDP&sock=14877_46f2_4>
...
001 (29674.016.000) 01/30 11:57:58 Job executing on host: <172.16.11.231:9618?addrs=172.16.11.231-9618&noUDP&sock=startd_22895_f54e_4>
...
006 (29674.016.000) 01/30 11:58:06 Image size of job updated: 31604
	31  -  MemoryUsage of job (MB)
	31604  -  ResidentSetSize of job (KB)
...
006 (29674.016.000) 01/30 13:33:16 Image size of job updated: 31660
	31  -  MemoryUsage of job (MB)
	31660  -  ResidentSetSize of job (KB)
...
006 (29674.016.000) 01/30 15:20:39 Image size of job updated: 419680
	31  -  MemoryUsage of job (MB)
	31660  -  ResidentSetSize of job (KB)
...
005 (29674.016.000) 01/30 15:20:39 Job terminated.
	(1) Normal termination (return value 0)
		Usr 0 03:22:39, Sys 0 00:00:00  -  Run Remote Usage
		Usr 0 00:00:00, Sys 0 00:00:00  -  Run Local Usage
		Usr 0 03:22:39, Sys 0 00:00:00  -  Total Remote Usage
		Usr 0 00:00:00, Sys 0 00:00:00  -  Total Local Usage
	0  -  Run Bytes Sent By Job
	0  -  Run Bytes Received By Job
	0  -  Total Bytes Sent By Job
	0  -  Total Bytes Received By Job
	Partitionable Resources :    Usage  Request Allocated 
	   Cpus                 :     1.00        1         1 
	   Disk (KB)            :     1           1    241059 
	   Memory (MB)          :    31           1      2008 
...
