000 (29320.013.000) 01/22 08:34:52 Job submitted from host: <172.16.11.200:9618?addrs=172.16.11.200-9618&noUDP&sock=14877_46f2_4>
...
001 (29320.013.000) 01/22 09:09:19 Job executing on host: <172.16.11.233:9618?addrs=172.16.11.233-9618&alias=pc-farm3&noUDP&sock=startd_4556_edfa>
...
006 (29320.013.000) 01/22 09:09:28 Image size of job updated: 34792
	34  -  MemoryUsage of job (MB)
	34792  -  ResidentSetSize of job (KB)
...
006 (29320.013.000) 01/22 10:39:34 Image size of job updated: 34856
	35  -  MemoryUsage of job (MB)
	34856  -  ResidentSetSize of job (KB)
...
006 (29320.013.000) 01/22 10:44:35 Image size of job updated: 34860
	35  -  MemoryUsage of job (MB)
	34860  -  ResidentSetSize of job (KB)
...
006 (29320.013.000) 01/22 10:54:36 Image size of job updated: 34868
	35  -  MemoryUsage of job (MB)
	34868  -  ResidentSetSize of job (KB)
...
006 (29320.013.000) 01/22 10:59:37 Image size of job updated: 34872
	35  -  MemoryUsage of job (MB)
	34872  -  ResidentSetSize of job (KB)
...
006 (29320.013.000) 01/22 11:04:38 Image size of job updated: 34876
	35  -  MemoryUsage of job (MB)
	34876  -  ResidentSetSize of job (KB)
...
006 (29320.013.000) 01/22 12:49:47 Image size of job updated: 34944
	35  -  MemoryUsage of job (MB)
	34944  -  ResidentSetSize of job (KB)
...
006 (29320.013.000) 01/22 15:10:03 Image size of job updated: 35028
	35  -  MemoryUsage of job (MB)
	35028  -  ResidentSetSize of job (KB)
...
005 (29320.013.000) 01/22 15:20:40 Job terminated.
	(1) Normal termination (return value 0)
		Usr 0 05:52:15, Sys 0 00:00:01  -  Run Remote Usage
		Usr 0 00:00:00, Sys 0 00:00:00  -  Run Local Usage
		Usr 0 05:52:15, Sys 0 00:00:01  -  Total Remote Usage
		Usr 0 00:00:00, Sys 0 00:00:00  -  Total Local Usage
	0  -  Run Bytes Sent By Job
	0  -  Run Bytes Received By Job
	0  -  Total Bytes Sent By Job
	0  -  Total Bytes Received By Job
	Partitionable Resources :    Usage  Request Allocated 
	   Cpus                 :     0.96        1         1 
	   Disk (KB)            :     1           1    254050 
	   Memory (MB)          :    35           1      1005 
...
000 (29355.013.000) 01/24 09:27:33 Job submitted from host: <172.16.11.200:9618?addrs=172.16.11.200-9618&noUDP&sock=14877_46f2_4>
...
001 (29355.013.000) 01/24 09:27:50 Job executing on host: <172.16.11.232:9618?addrs=172.16.11.232-9618&alias=pc-farm2&noUDP&sock=startd_4986_dfb4_4>
...
006 (29355.013.000) 01/24 09:27:58 Image size of job updated: 31560
	31  -  MemoryUsage of job (MB)
	31560  -  ResidentSetSize of job (KB)
...
006 (29355.013.000) 01/24 10:23:03 Image size of job updated: 32396
	32  -  MemoryUsage of job (MB)
	32396  -  ResidentSetSize of job (KB)
...
006 (29355.013.000) 01/24 12:37:12 Image size of job updated: 419816
	32  -  MemoryUsage of job (MB)
	32396  -  ResidentSetSize of job (KB)
...
005 (29355.013.000) 01/24 12:37:12 Job terminated.
	(1) Normal termination (return value 0)
		Usr 0 03:09:21, Sys 0 00:00:00  -  Run Remote Usage
		Usr 0 00:00:00, Sys 0 00:00:00  -  Run Local Usage
		Usr 0 03:09:21, Sys 0 00:00:00  -  Total Remote Usage
		Usr 0 00:00:00, Sys 0 00:00:00  -  Total Local Usage
	0  -  Run Bytes Sent By Job
	0  -  Run Bytes Received By Job
	0  -  Total Bytes Sent By Job
	0  -  Total Bytes Received By Job
	Partitionable Resources :    Usage  Request Allocated 
	   Cpus                 :     1.00        1         1 
	   Disk (KB)            :     1           1    245927 
	   Memory (MB)          :    32           1      1005 
...
000 (29411.013.000) 01/25 14:11:50 Job submitted from host: <172.16.11.200:9618?addrs=172.16.11.200-9618&noUDP&sock=14877_46f2_4>
...
001 (29411.013.000) 01/25 15:25:15 Job executing on host: <172.16.11.232:9618?addrs=172.16.11.232-9618&alias=pc-farm2&noUDP&sock=startd_4986_dfb4_4>
...
006 (29411.013.000) 01/25 15:25:24 Image size of job updated: 31652
	31  -  MemoryUsage of job (MB)
	31652  -  ResidentSetSize of job (KB)
...
006 (29411.013.000) 01/25 15:50:26 Image size of job updated: 31768
	32  -  MemoryUsage of job (MB)
	31768  -  ResidentSetSize of job (KB)
...
005 (29411.013.000) 01/25 19:32:35 Job terminated.
	(1) Normal termination (return value 0)
		Usr 0 04:07:18, Sys 0 00:00:00  -  Run Remote Usage
		Usr 0 00:00:00, Sys 0 00:00:00  -  Run Local Usage
		Usr 0 04:07:18, Sys 0 00:00:00  -  Total Remote Usage
		Usr 0 00:00:00, Sys 0 00:00:00  -  Total Local Usage
	0  -  Run Bytes Sent By Job
	0  -  Run Bytes Received By Job
	0  -  Total Bytes Sent By Job
	0  -  Total Bytes Received By Job
	Partitionable Resources :    Usage  Request Allocated 
	   Cpus                 :     1.00        1         1 
	   Disk (KB)            :     1           1    245927 
	   Memory (MB)          :    32           1      1005 
...
000 (29653.013.000) 01/29 16:52:19 Job submitted from host: <172.16.11.200:9618?addrs=172.16.11.200-9618&noUDP&sock=14877_46f2_4>
...
001 (29653.013.000) 01/29 18:38:37 Job executing on host: <172.16.11.231:9618?addrs=172.16.11.231-9618&noUDP&sock=startd_22895_f54e_4>
...
006 (29653.013.000) 01/29 18:38:46 Image size of job updated: 31268
	31  -  MemoryUsage of job (MB)
	31268  -  ResidentSetSize of job (KB)
...
006 (29653.013.000) 01/29 19:23:51 Image size of job updated: 31380
	31  -  MemoryUsage of job (MB)
	31380  -  ResidentSetSize of job (KB)
...
005 (29653.013.000) 01/29 19:26:03 Job terminated.
	(1) Normal termination (return value 0)
		Usr 0 00:47:25, Sys 0 00:00:00  -  Run Remote Usage
		Usr 0 00:00:00, Sys 0 00:00:00  -  Run Local Usage
		Usr 0 00:47:25, Sys 0 00:00:00  -  Total Remote Usage
		Usr 0 00:00:00, Sys 0 00:00:00  -  Total Local Usage
	0  -  Run Bytes Sent By Job
	0  -  Run Bytes Received By Job
	0  -  Total Bytes Sent By Job
	0  -  Total Bytes Received By Job
	Partitionable Resources :    Usage  Request Allocated 
	   Cpus                 :     1.00        1         1 
	   Disk (KB)            :     1           1    241059 
	   Memory (MB)          :    31           1      2008 
...
000 (29677.013.000) 01/30 10:58:42 Job submitted from host: <172.16.11.200:9618?addrs=172.16.11.200-9618&noUDP&sock=14877_46f2_4>
...
001 (29677.013.000) 01/30 12:46:43 Job executing on host: <172.16.11.232:9618?addrs=172.16.11.232-9618&alias=pc-farm2&noUDP&sock=startd_4986_dfb4_4>
...
006 (29677.013.000) 01/30 12:46:52 Image size of job updated: 31520
	31  -  MemoryUsage of job (MB)
	31520  -  ResidentSetSize of job (KB)
...
005 (29677.013.000) 01/30 13:32:52 Job terminated.
	(1) Normal termination (return value 0)
		Usr 0 00:46:00, Sys 0 00:00:00  -  Run Remote Usage
		Usr 0 00:00:00, Sys 0 00:00:00  -  Run Local Usage
		Usr 0 00:46:00, Sys 0 00:00:00  -  Total Remote Usage
		Usr 0 00:00:00, Sys 0 00:00:00  -  Total Local Usage
	0  -  Run Bytes Sent By Job
	0  -  Run Bytes Received By Job
	0  -  Total Bytes Sent By Job
	0  -  Total Bytes Received By Job
	Partitionable Resources :    Usage  Request Allocated 
	   Cpus                 :     1.00        1         1 
	   Disk (KB)            :     1           1    245927 
	   Memory (MB)          :    31           1      1005 
...
000 (29692.013.000) 01/30 17:50:45 Job submitted from host: <172.16.11.200:9618?addrs=172.16.11.200-9618&noUDP&sock=14877_46f2_4>
...
001 (29692.013.000) 01/30 19:25:09 Job executing on host: <172.16.11.233:9618?addrs=172.16.11.233-9618&alias=pc-farm3&noUDP&sock=startd_4556_edfa>
...
006 (29692.013.000) 01/30 19:25:19 Image size of job updated: 35624
	35  -  MemoryUsage of job (MB)
	35624  -  ResidentSetSize of job (KB)
...
006 (29692.013.000) 01/30 21:10:30 Image size of job updated: 35628
	35  -  MemoryUsage of job (MB)
	35628  -  ResidentSetSize of job (KB)
...
006 (29692.013.000) 01/30 21:15:31 Image size of job updated: 35636
	35  -  MemoryUsage of job (MB)
	35636  -  ResidentSetSize of job (KB)
...
006 (29692.013.000) 01/30 21:20:31 Image size of job updated: 35640
	35  -  MemoryUsage of job (MB)
	35640  -  ResidentSetSize of job (KB)
...
006 (29692.013.000) 01/30 21:25:33 Image size of job updated: 35648
	35  -  MemoryUsage of job (MB)
	35648  -  ResidentSetSize of job (KB)
...
006 (29692.013.000) 01/30 21:30:33 Image size of job updated: 35656
	35  -  MemoryUsage of job (MB)
	35656  -  ResidentSetSize of job (KB)
...
006 (29692.013.000) 01/30 21:35:33 Image size of job updated: 35660
	35  -  MemoryUsage of job (MB)
	35660  -  ResidentSetSize of job (KB)
...
006 (29692.013.000) 01/30 21:40:34 Image size of job updated: 35668
	35  -  MemoryUsage of job (MB)
	35668  -  ResidentSetSize of job (KB)
...
006 (29692.013.000) 01/30 21:45:34 Image size of job updated: 35676
	35  -  MemoryUsage of job (MB)
	35676  -  ResidentSetSize of job (KB)
...
006 (29692.013.000) 01/30 21:50:34 Image size of job updated: 35684
	35  -  MemoryUsage of job (MB)
	35684  -  ResidentSetSize of job (KB)
...
006 (29692.013.000) 01/30 21:55:35 Image size of job updated: 35816
	35  -  MemoryUsage of job (MB)
	35816  -  ResidentSetSize of job (KB)
...
006 (29692.013.000) 01/30 22:15:36 Image size of job updated: 35844
	36  -  MemoryUsage of job (MB)
	35844  -  ResidentSetSize of job (KB)
...
005 (29692.013.000) 01/30 22:27:27 Job terminated.
	(1) Normal termination (return value 0)
		Usr 0 03:01:46, Sys 0 00:00:06  -  Run Remote Usage
		Usr 0 00:00:00, Sys 0 00:00:00  -  Run Local Usage
		Usr 0 03:01:46, Sys 0 00:00:06  -  Total Remote Usage
		Usr 0 00:00:00, Sys 0 00:00:00  -  Total Local Usage
	0  -  Run Bytes Sent By Job
	0  -  Run Bytes Received By Job
	0  -  Total Bytes Sent By Job
	0  -  Total Bytes Received By Job
	Partitionable Resources :    Usage  Request Allocated 
	   Cpus                 :     1.00        1         1 
	   Disk (KB)            :     1           1    254050 
	   Memory (MB)          :    36           1      1005 
...
