000 (29297.001.000) 01/21 12:25:59 Job submitted from host: <172.16.11.200:9618?addrs=172.16.11.200-9618&noUDP&sock=14877_46f2_4>
...
001 (29297.001.000) 01/21 13:19:54 Job executing on host: <172.16.11.231:9618?addrs=172.16.11.231-9618&noUDP&sock=startd_22895_f54e_4>
...
006 (29297.001.000) 01/21 13:19:59 Image size of job updated: 419680
	1  -  MemoryUsage of job (MB)
	40  -  ResidentSetSize of job (KB)
...
005 (29297.001.000) 01/21 13:19:59 Job terminated.
	(1) Normal termination (return value 0)
		Usr 0 00:00:04, Sys 0 00:00:00  -  Run Remote Usage
		Usr 0 00:00:00, Sys 0 00:00:00  -  Run Local Usage
		Usr 0 00:00:04, Sys 0 00:00:00  -  Total Remote Usage
		Usr 0 00:00:00, Sys 0 00:00:00  -  Total Local Usage
	0  -  Run Bytes Sent By Job
	0  -  Run Bytes Received By Job
	0  -  Total Bytes Sent By Job
	0  -  Total Bytes Received By Job
	Partitionable Resources :    Usage  Request Allocated 
	   Cpus                 :     1.01        1         1 
	   Disk (KB)            :     1           1    241059 
	   Memory (MB)          :     1           1      2008 
...
000 (29350.001.000) 01/24 09:27:05 Job submitted from host: <172.16.11.200:9618?addrs=172.16.11.200-9618&noUDP&sock=14877_46f2_4>
...
001 (29350.001.000) 01/24 09:27:22 Job executing on host: <172.16.11.234:9618?addrs=172.16.11.234-9618&alias=pc-farm4&noUDP&sock=startd_5195_3aff>
...
006 (29350.001.000) 01/24 09:27:30 Image size of job updated: 419772
	31  -  MemoryUsage of job (MB)
	31476  -  ResidentSetSize of job (KB)
...
006 (29350.001.000) 01/24 09:52:31 Image size of job updated: 419780
	31  -  MemoryUsage of job (MB)
	31480  -  ResidentSetSize of job (KB)
...
005 (29350.001.000) 01/24 13:53:08 Job terminated.
	(1) Normal termination (return value 0)
		Usr 0 04:25:44, Sys 0 00:00:00  -  Run Remote Usage
		Usr 0 00:00:00, Sys 0 00:00:00  -  Run Local Usage
		Usr 0 04:25:44, Sys 0 00:00:00  -  Total Remote Usage
		Usr 0 00:00:00, Sys 0 00:00:00  -  Total Local Usage
	0  -  Run Bytes Sent By Job
	0  -  Run Bytes Received By Job
	0  -  Total Bytes Sent By Job
	0  -  Total Bytes Received By Job
	Partitionable Resources :    Usage  Request Allocated 
	   Cpus                 :     1.00        1         1 
	   Disk (KB)            :     1           1    255907 
	   Memory (MB)          :    31           1       999 
...
000 (29406.001.000) 01/25 14:11:30 Job submitted from host: <172.16.11.200:9618?addrs=172.16.11.200-9618&noUDP&sock=14877_46f2_4>
...
001 (29406.001.000) 01/25 14:26:15 Job executing on host: <172.16.11.233:9618?addrs=172.16.11.233-9618&alias=pc-farm3&noUDP&sock=startd_4556_edfa>
...
006 (29406.001.000) 01/25 14:26:24 Image size of job updated: 35992
	36  -  MemoryUsage of job (MB)
	35992  -  ResidentSetSize of job (KB)
...
006 (29406.001.000) 01/25 14:51:27 Image size of job updated: 36100
	36  -  MemoryUsage of job (MB)
	36100  -  ResidentSetSize of job (KB)
...
006 (29406.001.000) 01/25 14:56:27 Image size of job updated: 36108
	36  -  MemoryUsage of job (MB)
	36108  -  ResidentSetSize of job (KB)
...
006 (29406.001.000) 01/25 15:21:30 Image size of job updated: 36728
	36  -  MemoryUsage of job (MB)
	36728  -  ResidentSetSize of job (KB)
...
006 (29406.001.000) 01/25 15:26:30 Image size of job updated: 36732
	36  -  MemoryUsage of job (MB)
	36732  -  ResidentSetSize of job (KB)
...
006 (29406.001.000) 01/25 17:16:41 Image size of job updated: 36860
	36  -  MemoryUsage of job (MB)
	36860  -  ResidentSetSize of job (KB)
...
006 (29406.001.000) 01/25 17:46:44 Image size of job updated: 36896
	37  -  MemoryUsage of job (MB)
	36896  -  ResidentSetSize of job (KB)
...
006 (29406.001.000) 01/25 17:56:44 Image size of job updated: 36908
	37  -  MemoryUsage of job (MB)
	36908  -  ResidentSetSize of job (KB)
...
006 (29406.001.000) 01/25 18:06:45 Image size of job updated: 36920
	37  -  MemoryUsage of job (MB)
	36920  -  ResidentSetSize of job (KB)
...
006 (29406.001.000) 01/25 18:11:45 Image size of job updated: 36924
	37  -  MemoryUsage of job (MB)
	36924  -  ResidentSetSize of job (KB)
...
005 (29406.001.000) 01/25 18:25:49 Job terminated.
	(1) Normal termination (return value 0)
		Usr 0 03:59:18, Sys 0 00:00:00  -  Run Remote Usage
		Usr 0 00:00:00, Sys 0 00:00:00  -  Run Local Usage
		Usr 0 03:59:18, Sys 0 00:00:00  -  Total Remote Usage
		Usr 0 00:00:00, Sys 0 00:00:00  -  Total Local Usage
	0  -  Run Bytes Sent By Job
	0  -  Run Bytes Received By Job
	0  -  Total Bytes Sent By Job
	0  -  Total Bytes Received By Job
	Partitionable Resources :    Usage  Request Allocated 
	   Cpus                 :     1.00        1         1 
	   Disk (KB)            :     1           1    254050 
	   Memory (MB)          :    37           1      1005 
...
000 (29672.001.000) 01/30 10:56:43 Job submitted from host: <172.16.11.200:9618?addrs=172.16.11.200-9618&noUDP&sock=14877_46f2_4>
...
001 (29672.001.000) 01/30 11:23:06 Job executing on host: <172.16.11.234:9618?addrs=172.16.11.234-9618&alias=pc-farm4&noUDP&sock=startd_5195_3aff>
...
006 (29672.001.000) 01/30 11:23:14 Image size of job updated: 301688
	31  -  MemoryUsage of job (MB)
	31472  -  ResidentSetSize of job (KB)
...
006 (29672.001.000) 01/30 11:28:14 Image size of job updated: 419772
	31  -  MemoryUsage of job (MB)
	31472  -  ResidentSetSize of job (KB)
...
006 (29672.001.000) 01/30 11:43:16 Image size of job updated: 419780
	31  -  MemoryUsage of job (MB)
	31476  -  ResidentSetSize of job (KB)
...
005 (29672.001.000) 01/30 14:28:00 Job terminated.
	(1) Normal termination (return value 0)
		Usr 0 03:04:52, Sys 0 00:00:00  -  Run Remote Usage
		Usr 0 00:00:00, Sys 0 00:00:00  -  Run Local Usage
		Usr 0 03:04:52, Sys 0 00:00:00  -  Total Remote Usage
		Usr 0 00:00:00, Sys 0 00:00:00  -  Total Local Usage
	0  -  Run Bytes Sent By Job
	0  -  Run Bytes Received By Job
	0  -  Total Bytes Sent By Job
	0  -  Total Bytes Received By Job
	Partitionable Resources :    Usage  Request Allocated 
	   Cpus                 :     1.00        1         1 
	   Disk (KB)            :     1           1    255907 
	   Memory (MB)          :    31           1       999 
...
