000 (29624.004.000) 01/28 22:25:12 Job submitted from host: <172.16.11.200:9618?addrs=172.16.11.200-9618&noUDP&sock=14877_46f2_4>
...
009 (29624.004.000) 01/28 22:25:34 Job was aborted by the user.
	via condor_rm (by user zhangliang)
...
000 (29668.004.000) 01/30 08:38:29 Job submitted from host: <172.16.11.200:9618?addrs=172.16.11.200-9618&noUDP&sock=14877_46f2_4>
...
001 (29668.004.000) 01/30 08:48:31 Job executing on host: <172.16.11.233:9618?addrs=172.16.11.233-9618&alias=pc-farm3&noUDP&sock=startd_4556_edfa>
...
006 (29668.004.000) 01/30 08:48:40 Image size of job updated: 35124
	35  -  MemoryUsage of job (MB)
	35124  -  ResidentSetSize of job (KB)
...
006 (29668.004.000) 01/30 08:53:41 Image size of job updated: 35288
	35  -  MemoryUsage of job (MB)
	35288  -  ResidentSetSize of job (KB)
...
006 (29668.004.000) 01/30 09:03:42 Image size of job updated: 35348
	35  -  MemoryUsage of job (MB)
	35348  -  ResidentSetSize of job (KB)
...
006 (29668.004.000) 01/30 09:28:43 Image size of job updated: 35376
	35  -  MemoryUsage of job (MB)
	35376  -  ResidentSetSize of job (KB)
...
005 (29668.004.000) 01/30 09:30:57 Job terminated.
	(1) Normal termination (return value 0)
		Usr 0 00:42:14, Sys 0 00:00:03  -  Run Remote Usage
		Usr 0 00:00:00, Sys 0 00:00:00  -  Run Local Usage
		Usr 0 00:42:14, Sys 0 00:00:03  -  Total Remote Usage
		Usr 0 00:00:00, Sys 0 00:00:00  -  Total Local Usage
	0  -  Run Bytes Sent By Job
	0  -  Run Bytes Received By Job
	0  -  Total Bytes Sent By Job
	0  -  Total Bytes Received By Job
	Partitionable Resources :    Usage  Request Allocated 
	   Cpus                 :     1.00        1         1 
	   Disk (KB)            :     1           1    254050 
	   Memory (MB)          :    35           1      1005 
...
