000 (29297.019.000) 01/21 12:25:59 Job submitted from host: <172.16.11.200:9618?addrs=172.16.11.200-9618&noUDP&sock=14877_46f2_4>
...
001 (29297.019.000) 01/21 13:20:16 Job executing on host: <172.16.11.231:9618?addrs=172.16.11.231-9618&noUDP&sock=startd_22895_f54e_4>
...
006 (29297.019.000) 01/21 13:20:22 Image size of job updated: 419680
	1  -  MemoryUsage of job (MB)
	124  -  ResidentSetSize of job (KB)
...
005 (29297.019.000) 01/21 13:20:22 Job terminated.
	(1) Normal termination (return value 0)
		Usr 0 00:00:04, Sys 0 00:00:00  -  Run Remote Usage
		Usr 0 00:00:00, Sys 0 00:00:00  -  Run Local Usage
		Usr 0 00:00:04, Sys 0 00:00:00  -  Total Remote Usage
		Usr 0 00:00:00, Sys 0 00:00:00  -  Total Local Usage
	0  -  Run Bytes Sent By Job
	0  -  Run Bytes Received By Job
	0  -  Total Bytes Sent By Job
	0  -  Total Bytes Received By Job
	Partitionable Resources :    Usage  Request Allocated 
	   Cpus                 :     0.98        1         1 
	   Disk (KB)            :     1           1    241059 
	   Memory (MB)          :     1           1      2008 
...
000 (29350.019.000) 01/24 09:27:05 Job submitted from host: <172.16.11.200:9618?addrs=172.16.11.200-9618&noUDP&sock=14877_46f2_4>
...
001 (29350.019.000) 01/24 09:27:26 Job executing on host: <172.16.11.234:9618?addrs=172.16.11.234-9618&alias=pc-farm4&noUDP&sock=startd_5195_3aff>
...
006 (29350.019.000) 01/24 09:27:36 Image size of job updated: 419772
	31  -  MemoryUsage of job (MB)
	31480  -  ResidentSetSize of job (KB)
...
006 (29350.019.000) 01/24 09:57:39 Image size of job updated: 419780
	31  -  MemoryUsage of job (MB)
	31484  -  ResidentSetSize of job (KB)
...
006 (29350.019.000) 01/24 11:37:49 Image size of job updated: 419780
	31  -  MemoryUsage of job (MB)
	31488  -  ResidentSetSize of job (KB)
...
005 (29350.019.000) 01/24 14:30:40 Job terminated.
	(1) Normal termination (return value 0)
		Usr 0 05:03:08, Sys 0 00:00:00  -  Run Remote Usage
		Usr 0 00:00:00, Sys 0 00:00:00  -  Run Local Usage
		Usr 0 05:03:08, Sys 0 00:00:00  -  Total Remote Usage
		Usr 0 00:00:00, Sys 0 00:00:00  -  Total Local Usage
	0  -  Run Bytes Sent By Job
	0  -  Run Bytes Received By Job
	0  -  Total Bytes Sent By Job
	0  -  Total Bytes Received By Job
	Partitionable Resources :    Usage  Request Allocated 
	   Cpus                 :     1.00        1         1 
	   Disk (KB)            :     1           1    255907 
	   Memory (MB)          :    31           1       999 
...
000 (29406.019.000) 01/25 14:11:30 Job submitted from host: <172.16.11.200:9618?addrs=172.16.11.200-9618&noUDP&sock=14877_46f2_4>
...
001 (29406.019.000) 01/25 14:35:14 Job executing on host: <172.16.11.233:9618?addrs=172.16.11.233-9618&alias=pc-farm3&noUDP&sock=startd_4556_edfa>
...
006 (29406.019.000) 01/25 14:35:24 Image size of job updated: 36608
	36  -  MemoryUsage of job (MB)
	36608  -  ResidentSetSize of job (KB)
...
006 (29406.019.000) 01/25 14:45:25 Image size of job updated: 36636
	36  -  MemoryUsage of job (MB)
	36636  -  ResidentSetSize of job (KB)
...
006 (29406.019.000) 01/25 14:55:26 Image size of job updated: 36644
	36  -  MemoryUsage of job (MB)
	36644  -  ResidentSetSize of job (KB)
...
006 (29406.019.000) 01/25 15:00:27 Image size of job updated: 36648
	36  -  MemoryUsage of job (MB)
	36648  -  ResidentSetSize of job (KB)
...
006 (29406.019.000) 01/25 15:05:27 Image size of job updated: 36660
	36  -  MemoryUsage of job (MB)
	36660  -  ResidentSetSize of job (KB)
...
006 (29406.019.000) 01/25 15:20:29 Image size of job updated: 37076
	37  -  MemoryUsage of job (MB)
	37076  -  ResidentSetSize of job (KB)
...
006 (29406.019.000) 01/25 16:55:39 Image size of job updated: 37184
	37  -  MemoryUsage of job (MB)
	37184  -  ResidentSetSize of job (KB)
...
006 (29406.019.000) 01/25 17:35:42 Image size of job updated: 37232
	37  -  MemoryUsage of job (MB)
	37232  -  ResidentSetSize of job (KB)
...
006 (29406.019.000) 01/25 17:40:43 Image size of job updated: 37236
	37  -  MemoryUsage of job (MB)
	37236  -  ResidentSetSize of job (KB)
...
006 (29406.019.000) 01/25 18:15:46 Image size of job updated: 37280
	37  -  MemoryUsage of job (MB)
	37280  -  ResidentSetSize of job (KB)
...
006 (29406.019.000) 01/25 18:25:46 Image size of job updated: 37292
	37  -  MemoryUsage of job (MB)
	37292  -  ResidentSetSize of job (KB)
...
005 (29406.019.000) 01/25 18:31:15 Job terminated.
	(1) Normal termination (return value 0)
		Usr 0 03:55:51, Sys 0 00:00:00  -  Run Remote Usage
		Usr 0 00:00:00, Sys 0 00:00:00  -  Run Local Usage
		Usr 0 03:55:51, Sys 0 00:00:00  -  Total Remote Usage
		Usr 0 00:00:00, Sys 0 00:00:00  -  Total Local Usage
	0  -  Run Bytes Sent By Job
	0  -  Run Bytes Received By Job
	0  -  Total Bytes Sent By Job
	0  -  Total Bytes Received By Job
	Partitionable Resources :    Usage  Request Allocated 
	   Cpus                 :     1.00        1         1 
	   Disk (KB)            :     1           1    254050 
	   Memory (MB)          :    37           1      1005 
...
000 (29672.019.000) 01/30 10:56:44 Job submitted from host: <172.16.11.200:9618?addrs=172.16.11.200-9618&noUDP&sock=14877_46f2_4>
...
001 (29672.019.000) 01/30 11:28:06 Job executing on host: <172.16.11.231:9618?addrs=172.16.11.231-9618&noUDP&sock=startd_22895_f54e_4>
...
006 (29672.019.000) 01/30 11:28:15 Image size of job updated: 31856
	32  -  MemoryUsage of job (MB)
	31856  -  ResidentSetSize of job (KB)
...
006 (29672.019.000) 01/30 13:23:25 Image size of job updated: 32032
	32  -  MemoryUsage of job (MB)
	32032  -  ResidentSetSize of job (KB)
...
005 (29672.019.000) 01/30 14:40:09 Job terminated.
	(1) Normal termination (return value 0)
		Usr 0 03:12:02, Sys 0 00:00:00  -  Run Remote Usage
		Usr 0 00:00:00, Sys 0 00:00:00  -  Run Local Usage
		Usr 0 03:12:02, Sys 0 00:00:00  -  Total Remote Usage
		Usr 0 00:00:00, Sys 0 00:00:00  -  Total Local Usage
	0  -  Run Bytes Sent By Job
	0  -  Run Bytes Received By Job
	0  -  Total Bytes Sent By Job
	0  -  Total Bytes Received By Job
	Partitionable Resources :    Usage  Request Allocated 
	   Cpus                 :     1.00        1         1 
	   Disk (KB)            :     1           1    241059 
	   Memory (MB)          :    32           1      2008 
...
