000 (29319.005.000) 01/22 08:34:44 Job submitted from host: <172.16.11.200:9618?addrs=172.16.11.200-9618&noUDP&sock=14877_46f2_4>
...
001 (29319.005.000) 01/22 08:57:04 Job executing on host: <172.16.11.233:9618?addrs=172.16.11.233-9618&alias=pc-farm3&noUDP&sock=startd_4556_edfa>
...
006 (29319.005.000) 01/22 08:57:13 Image size of job updated: 36724
	36  -  MemoryUsage of job (MB)
	36724  -  ResidentSetSize of job (KB)
...
005 (29319.005.000) 01/22 09:03:18 Job terminated.
	(1) Normal termination (return value 0)
		Usr 0 00:06:13, Sys 0 00:00:00  -  Run Remote Usage
		Usr 0 00:00:00, Sys 0 00:00:00  -  Run Local Usage
		Usr 0 00:06:13, Sys 0 00:00:00  -  Total Remote Usage
		Usr 0 00:00:00, Sys 0 00:00:00  -  Total Local Usage
	0  -  Run Bytes Sent By Job
	0  -  Run Bytes Received By Job
	0  -  Total Bytes Sent By Job
	0  -  Total Bytes Received By Job
	Partitionable Resources :    Usage  Request Allocated 
	   Cpus                 :     1.00        1         1 
	   Disk (KB)            :     1           1    254050 
	   Memory (MB)          :    36           1      1005 
...
000 (29357.005.000) 01/24 09:27:43 Job submitted from host: <172.16.11.200:9618?addrs=172.16.11.200-9618&noUDP&sock=14877_46f2_4>
...
001 (29357.005.000) 01/24 09:28:07 Job executing on host: <172.16.11.232:9618?addrs=172.16.11.232-9618&alias=pc-farm2&noUDP&sock=startd_4986_dfb4_4>
...
006 (29357.005.000) 01/24 09:28:15 Image size of job updated: 31320
	31  -  MemoryUsage of job (MB)
	31320  -  ResidentSetSize of job (KB)
...
006 (29357.005.000) 01/24 10:28:22 Image size of job updated: 31328
	31  -  MemoryUsage of job (MB)
	31328  -  ResidentSetSize of job (KB)
...
006 (29357.005.000) 01/24 10:33:22 Image size of job updated: 31384
	31  -  MemoryUsage of job (MB)
	31384  -  ResidentSetSize of job (KB)
...
005 (29357.005.000) 01/24 12:56:02 Job terminated.
	(1) Normal termination (return value 0)
		Usr 0 03:27:54, Sys 0 00:00:00  -  Run Remote Usage
		Usr 0 00:00:00, Sys 0 00:00:00  -  Run Local Usage
		Usr 0 03:27:54, Sys 0 00:00:00  -  Total Remote Usage
		Usr 0 00:00:00, Sys 0 00:00:00  -  Total Local Usage
	0  -  Run Bytes Sent By Job
	0  -  Run Bytes Received By Job
	0  -  Total Bytes Sent By Job
	0  -  Total Bytes Received By Job
	Partitionable Resources :    Usage  Request Allocated 
	   Cpus                 :     1.00        1         1 
	   Disk (KB)            :     1           1    245927 
	   Memory (MB)          :    31           1      1005 
...
000 (29413.005.000) 01/25 14:12:10 Job submitted from host: <172.16.11.200:9618?addrs=172.16.11.200-9618&noUDP&sock=14877_46f2_4>
...
001 (29413.005.000) 01/25 15:50:15 Job executing on host: <172.16.11.231:9618?addrs=172.16.11.231-9618&noUDP&sock=startd_22895_f54e_4>
...
006 (29413.005.000) 01/25 15:50:23 Image size of job updated: 31368
	31  -  MemoryUsage of job (MB)
	31368  -  ResidentSetSize of job (KB)
...
006 (29413.005.000) 01/25 15:55:23 Image size of job updated: 31412
	31  -  MemoryUsage of job (MB)
	31412  -  ResidentSetSize of job (KB)
...
005 (29413.005.000) 01/25 21:39:42 Job terminated.
	(1) Normal termination (return value 0)
		Usr 0 05:48:05, Sys 0 00:00:01  -  Run Remote Usage
		Usr 0 00:00:00, Sys 0 00:00:00  -  Run Local Usage
		Usr 0 05:48:05, Sys 0 00:00:01  -  Total Remote Usage
		Usr 0 00:00:00, Sys 0 00:00:00  -  Total Local Usage
	0  -  Run Bytes Sent By Job
	0  -  Run Bytes Received By Job
	0  -  Total Bytes Sent By Job
	0  -  Total Bytes Received By Job
	Partitionable Resources :    Usage  Request Allocated 
	   Cpus                 :     1.00        1         1 
	   Disk (KB)            :     1           1    241059 
	   Memory (MB)          :    31           1      2008 
...
000 (29678.005.000) 01/30 10:58:48 Job submitted from host: <172.16.11.200:9618?addrs=172.16.11.200-9618&noUDP&sock=14877_46f2_4>
...
001 (29678.005.000) 01/30 12:54:45 Job executing on host: <172.16.11.232:9618?addrs=172.16.11.232-9618&alias=pc-farm2&noUDP&sock=startd_4986_dfb4_4>
...
006 (29678.005.000) 01/30 12:54:54 Image size of job updated: 31516
	31  -  MemoryUsage of job (MB)
	31516  -  ResidentSetSize of job (KB)
...
006 (29678.005.000) 01/30 14:40:05 Image size of job updated: 31588
	31  -  MemoryUsage of job (MB)
	31588  -  ResidentSetSize of job (KB)
...
005 (29678.005.000) 01/30 15:55:43 Job terminated.
	(1) Normal termination (return value 0)
		Usr 0 03:00:47, Sys 0 00:00:03  -  Run Remote Usage
		Usr 0 00:00:00, Sys 0 00:00:00  -  Run Local Usage
		Usr 0 03:00:47, Sys 0 00:00:03  -  Total Remote Usage
		Usr 0 00:00:00, Sys 0 00:00:00  -  Total Local Usage
	0  -  Run Bytes Sent By Job
	0  -  Run Bytes Received By Job
	0  -  Total Bytes Sent By Job
	0  -  Total Bytes Received By Job
	Partitionable Resources :    Usage  Request Allocated 
	   Cpus                 :     1.00        1         1 
	   Disk (KB)            :     1           1    245927 
	   Memory (MB)          :    31           1      1005 
...
