000 (29297.022.000) 01/21 12:25:59 Job submitted from host: <172.16.11.200:9618?addrs=172.16.11.200-9618&noUDP&sock=14877_46f2_4>
...
001 (29297.022.000) 01/21 13:20:20 Job executing on host: <172.16.11.232:9618?addrs=172.16.11.232-9618&alias=pc-farm2&noUDP&sock=startd_4986_dfb4_4>
...
006 (29297.022.000) 01/21 13:20:24 Image size of job updated: 30896
	0  -  MemoryUsage of job (MB)
	0  -  ResidentSetSize of job (KB)
...
005 (29297.022.000) 01/21 13:20:24 Job terminated.
	(1) Normal termination (return value 0)
		Usr 0 00:00:04, Sys 0 00:00:00  -  Run Remote Usage
		Usr 0 00:00:00, Sys 0 00:00:00  -  Run Local Usage
		Usr 0 00:00:04, Sys 0 00:00:00  -  Total Remote Usage
		Usr 0 00:00:00, Sys 0 00:00:00  -  Total Local Usage
	0  -  Run Bytes Sent By Job
	0  -  Run Bytes Received By Job
	0  -  Total Bytes Sent By Job
	0  -  Total Bytes Received By Job
	Partitionable Resources :    Usage  Request Allocated 
	   Cpus                 :     0.05        1         1 
	   Disk (KB)            :     1           1    245927 
	   Memory (MB)          :     0           1      1005 
...
000 (29350.022.000) 01/24 09:27:05 Job submitted from host: <172.16.11.200:9618?addrs=172.16.11.200-9618&noUDP&sock=14877_46f2_4>
...
001 (29350.022.000) 01/24 09:27:27 Job executing on host: <172.16.11.234:9618?addrs=172.16.11.234-9618&alias=pc-farm4&noUDP&sock=startd_5195_3aff>
...
006 (29350.022.000) 01/24 09:27:35 Image size of job updated: 419772
	31  -  MemoryUsage of job (MB)
	31476  -  ResidentSetSize of job (KB)
...
006 (29350.022.000) 01/24 09:52:37 Image size of job updated: 419780
	31  -  MemoryUsage of job (MB)
	31480  -  ResidentSetSize of job (KB)
...
005 (29350.022.000) 01/24 13:57:47 Job terminated.
	(1) Normal termination (return value 0)
		Usr 0 04:30:16, Sys 0 00:00:00  -  Run Remote Usage
		Usr 0 00:00:00, Sys 0 00:00:00  -  Run Local Usage
		Usr 0 04:30:16, Sys 0 00:00:00  -  Total Remote Usage
		Usr 0 00:00:00, Sys 0 00:00:00  -  Total Local Usage
	0  -  Run Bytes Sent By Job
	0  -  Run Bytes Received By Job
	0  -  Total Bytes Sent By Job
	0  -  Total Bytes Received By Job
	Partitionable Resources :    Usage  Request Allocated 
	   Cpus                 :     1.00        1         1 
	   Disk (KB)            :     1           1    255907 
	   Memory (MB)          :    31           1       999 
...
000 (29406.022.000) 01/25 14:11:30 Job submitted from host: <172.16.11.200:9618?addrs=172.16.11.200-9618&noUDP&sock=14877_46f2_4>
...
001 (29406.022.000) 01/25 14:36:17 Job executing on host: <172.16.11.232:9618?addrs=172.16.11.232-9618&alias=pc-farm2&noUDP&sock=startd_4986_dfb4_4>
...
006 (29406.022.000) 01/25 14:36:26 Image size of job updated: 31320
	31  -  MemoryUsage of job (MB)
	31320  -  ResidentSetSize of job (KB)
...
006 (29406.022.000) 01/25 15:41:33 Image size of job updated: 31532
	31  -  MemoryUsage of job (MB)
	31532  -  ResidentSetSize of job (KB)
...
005 (29406.022.000) 01/25 19:40:28 Job terminated.
	(1) Normal termination (return value 0)
		Usr 0 05:03:21, Sys 0 00:00:00  -  Run Remote Usage
		Usr 0 00:00:00, Sys 0 00:00:00  -  Run Local Usage
		Usr 0 05:03:21, Sys 0 00:00:00  -  Total Remote Usage
		Usr 0 00:00:00, Sys 0 00:00:00  -  Total Local Usage
	0  -  Run Bytes Sent By Job
	0  -  Run Bytes Received By Job
	0  -  Total Bytes Sent By Job
	0  -  Total Bytes Received By Job
	Partitionable Resources :    Usage  Request Allocated 
	   Cpus                 :     0.97        1         1 
	   Disk (KB)            :     1           1    245927 
	   Memory (MB)          :    31           1      1005 
...
000 (29672.022.000) 01/30 10:56:44 Job submitted from host: <172.16.11.200:9618?addrs=172.16.11.200-9618&noUDP&sock=14877_46f2_4>
...
001 (29672.022.000) 01/30 11:29:06 Job executing on host: <172.16.11.234:9618?addrs=172.16.11.234-9618&alias=pc-farm4&noUDP&sock=startd_5195_3aff>
...
006 (29672.022.000) 01/30 11:29:14 Image size of job updated: 419772
	31  -  MemoryUsage of job (MB)
	31476  -  ResidentSetSize of job (KB)
...
006 (29672.022.000) 01/30 11:49:15 Image size of job updated: 419780
	31  -  MemoryUsage of job (MB)
	31480  -  ResidentSetSize of job (KB)
...
005 (29672.022.000) 01/30 14:33:59 Job terminated.
	(1) Normal termination (return value 0)
		Usr 0 03:04:52, Sys 0 00:00:00  -  Run Remote Usage
		Usr 0 00:00:00, Sys 0 00:00:00  -  Run Local Usage
		Usr 0 03:04:52, Sys 0 00:00:00  -  Total Remote Usage
		Usr 0 00:00:00, Sys 0 00:00:00  -  Total Local Usage
	0  -  Run Bytes Sent By Job
	0  -  Run Bytes Received By Job
	0  -  Total Bytes Sent By Job
	0  -  Total Bytes Received By Job
	Partitionable Resources :    Usage  Request Allocated 
	   Cpus                 :     1.00        1         1 
	   Disk (KB)            :     1           1    255907 
	   Memory (MB)          :    31           1       999 
...
