000 (29320.015.000) 01/22 08:34:52 Job submitted from host: <172.16.11.200:9618?addrs=172.16.11.200-9618&noUDP&sock=14877_46f2_4>
...
001 (29320.015.000) 01/22 09:10:05 Job executing on host: <172.16.11.231:9618?addrs=172.16.11.231-9618&noUDP&sock=startd_22895_f54e_4>
...
006 (29320.015.000) 01/22 09:10:14 Image size of job updated: 31708
	31  -  MemoryUsage of job (MB)
	31708  -  ResidentSetSize of job (KB)
...
006 (29320.015.000) 01/22 09:15:16 Image size of job updated: 31808
	32  -  MemoryUsage of job (MB)
	31808  -  ResidentSetSize of job (KB)
...
006 (29320.015.000) 01/22 10:25:22 Image size of job updated: 31920
	32  -  MemoryUsage of job (MB)
	31920  -  ResidentSetSize of job (KB)
...
005 (29320.015.000) 01/22 16:29:03 Job terminated.
	(1) Normal termination (return value 0)
		Usr 0 07:11:05, Sys 0 00:00:02  -  Run Remote Usage
		Usr 0 00:00:00, Sys 0 00:00:00  -  Run Local Usage
		Usr 0 07:11:05, Sys 0 00:00:02  -  Total Remote Usage
		Usr 0 00:00:00, Sys 0 00:00:00  -  Total Local Usage
	0  -  Run Bytes Sent By Job
	0  -  Run Bytes Received By Job
	0  -  Total Bytes Sent By Job
	0  -  Total Bytes Received By Job
	Partitionable Resources :    Usage  Request Allocated 
	   Cpus                 :     0.91        1         1 
	   Disk (KB)            :     1           1    241059 
	   Memory (MB)          :    32           1      2008 
...
000 (29355.015.000) 01/24 09:27:33 Job submitted from host: <172.16.11.200:9618?addrs=172.16.11.200-9618&noUDP&sock=14877_46f2_4>
...
001 (29355.015.000) 01/24 09:27:51 Job executing on host: <172.16.11.232:9618?addrs=172.16.11.232-9618&alias=pc-farm2&noUDP&sock=startd_4986_dfb4_4>
...
006 (29355.015.000) 01/24 09:27:59 Image size of job updated: 31520
	31  -  MemoryUsage of job (MB)
	31520  -  ResidentSetSize of job (KB)
...
006 (29355.015.000) 01/24 10:23:03 Image size of job updated: 31604
	31  -  MemoryUsage of job (MB)
	31604  -  ResidentSetSize of job (KB)
...
005 (29355.015.000) 01/24 13:31:59 Job terminated.
	(1) Normal termination (return value 0)
		Usr 0 04:04:07, Sys 0 00:00:00  -  Run Remote Usage
		Usr 0 00:00:00, Sys 0 00:00:00  -  Run Local Usage
		Usr 0 04:04:07, Sys 0 00:00:00  -  Total Remote Usage
		Usr 0 00:00:00, Sys 0 00:00:00  -  Total Local Usage
	0  -  Run Bytes Sent By Job
	0  -  Run Bytes Received By Job
	0  -  Total Bytes Sent By Job
	0  -  Total Bytes Received By Job
	Partitionable Resources :    Usage  Request Allocated 
	   Cpus                 :     1.00        1         1 
	   Disk (KB)            :     1           1    245927 
	   Memory (MB)          :    31           1      1005 
...
000 (29411.015.000) 01/25 14:11:50 Job submitted from host: <172.16.11.200:9618?addrs=172.16.11.200-9618&noUDP&sock=14877_46f2_4>
...
001 (29411.015.000) 01/25 15:26:14 Job executing on host: <172.16.11.233:9618?addrs=172.16.11.233-9618&alias=pc-farm3&noUDP&sock=startd_4556_edfa>
...
006 (29411.015.000) 01/25 15:26:23 Image size of job updated: 35100
	35  -  MemoryUsage of job (MB)
	35100  -  ResidentSetSize of job (KB)
...
005 (29411.015.000) 01/25 18:18:47 Job terminated.
	(1) Normal termination (return value 0)
		Usr 0 02:52:31, Sys 0 00:00:00  -  Run Remote Usage
		Usr 0 00:00:00, Sys 0 00:00:00  -  Run Local Usage
		Usr 0 02:52:31, Sys 0 00:00:00  -  Total Remote Usage
		Usr 0 00:00:00, Sys 0 00:00:00  -  Total Local Usage
	0  -  Run Bytes Sent By Job
	0  -  Run Bytes Received By Job
	0  -  Total Bytes Sent By Job
	0  -  Total Bytes Received By Job
	Partitionable Resources :    Usage  Request Allocated 
	   Cpus                 :     1.00        1         1 
	   Disk (KB)            :     1           1    254050 
	   Memory (MB)          :    35           1      1005 
...
000 (29653.015.000) 01/29 16:52:19 Job submitted from host: <172.16.11.200:9618?addrs=172.16.11.200-9618&noUDP&sock=14877_46f2_4>
...
001 (29653.015.000) 01/29 18:39:37 Job executing on host: <172.16.11.231:9618?addrs=172.16.11.231-9618&noUDP&sock=startd_22895_f54e_4>
...
006 (29653.015.000) 01/29 18:39:47 Image size of job updated: 31588
	31  -  MemoryUsage of job (MB)
	31588  -  ResidentSetSize of job (KB)
...
006 (29653.015.000) 01/29 19:24:51 Image size of job updated: 31688
	31  -  MemoryUsage of job (MB)
	31688  -  ResidentSetSize of job (KB)
...
005 (29653.015.000) 01/29 19:35:24 Job terminated.
	(1) Normal termination (return value 0)
		Usr 0 00:55:46, Sys 0 00:00:00  -  Run Remote Usage
		Usr 0 00:00:00, Sys 0 00:00:00  -  Run Local Usage
		Usr 0 00:55:46, Sys 0 00:00:00  -  Total Remote Usage
		Usr 0 00:00:00, Sys 0 00:00:00  -  Total Local Usage
	0  -  Run Bytes Sent By Job
	0  -  Run Bytes Received By Job
	0  -  Total Bytes Sent By Job
	0  -  Total Bytes Received By Job
	Partitionable Resources :    Usage  Request Allocated 
	   Cpus                 :     1.00        1         1 
	   Disk (KB)            :     1           1    241059 
	   Memory (MB)          :    31           1      2008 
...
000 (29677.015.000) 01/30 10:58:42 Job submitted from host: <172.16.11.200:9618?addrs=172.16.11.200-9618&noUDP&sock=14877_46f2_4>
...
001 (29677.015.000) 01/30 12:47:43 Job executing on host: <172.16.11.234:9618?addrs=172.16.11.234-9618&alias=pc-farm4&noUDP&sock=startd_5195_3aff>
...
006 (29677.015.000) 01/30 12:47:52 Image size of job updated: 419772
	31  -  MemoryUsage of job (MB)
	31472  -  ResidentSetSize of job (KB)
...
006 (29677.015.000) 01/30 12:52:53 Image size of job updated: 419780
	31  -  MemoryUsage of job (MB)
	31476  -  ResidentSetSize of job (KB)
...
005 (29677.015.000) 01/30 13:35:41 Job terminated.
	(1) Normal termination (return value 0)
		Usr 0 00:47:57, Sys 0 00:00:00  -  Run Remote Usage
		Usr 0 00:00:00, Sys 0 00:00:00  -  Run Local Usage
		Usr 0 00:47:57, Sys 0 00:00:00  -  Total Remote Usage
		Usr 0 00:00:00, Sys 0 00:00:00  -  Total Local Usage
	0  -  Run Bytes Sent By Job
	0  -  Run Bytes Received By Job
	0  -  Total Bytes Sent By Job
	0  -  Total Bytes Received By Job
	Partitionable Resources :    Usage  Request Allocated 
	   Cpus                 :     1.00        1         1 
	   Disk (KB)            :     1           1    255907 
	   Memory (MB)          :    31           1       999 
...
000 (29692.015.000) 01/30 17:50:45 Job submitted from host: <172.16.11.200:9618?addrs=172.16.11.200-9618&noUDP&sock=14877_46f2_4>
...
001 (29692.015.000) 01/30 19:31:08 Job executing on host: <172.16.11.233:9618?addrs=172.16.11.233-9618&alias=pc-farm3&noUDP&sock=startd_4556_edfa>
...
006 (29692.015.000) 01/30 19:31:18 Image size of job updated: 35640
	35  -  MemoryUsage of job (MB)
	35640  -  ResidentSetSize of job (KB)
...
006 (29692.015.000) 01/30 21:16:28 Image size of job updated: 35648
	35  -  MemoryUsage of job (MB)
	35648  -  ResidentSetSize of job (KB)
...
006 (29692.015.000) 01/30 21:21:28 Image size of job updated: 35656
	35  -  MemoryUsage of job (MB)
	35656  -  ResidentSetSize of job (KB)
...
006 (29692.015.000) 01/30 21:26:29 Image size of job updated: 35660
	35  -  MemoryUsage of job (MB)
	35660  -  ResidentSetSize of job (KB)
...
006 (29692.015.000) 01/30 21:31:29 Image size of job updated: 35668
	35  -  MemoryUsage of job (MB)
	35668  -  ResidentSetSize of job (KB)
...
006 (29692.015.000) 01/30 21:36:29 Image size of job updated: 35676
	35  -  MemoryUsage of job (MB)
	35676  -  ResidentSetSize of job (KB)
...
006 (29692.015.000) 01/30 21:41:30 Image size of job updated: 35680
	35  -  MemoryUsage of job (MB)
	35680  -  ResidentSetSize of job (KB)
...
006 (29692.015.000) 01/30 21:46:30 Image size of job updated: 35688
	35  -  MemoryUsage of job (MB)
	35688  -  ResidentSetSize of job (KB)
...
006 (29692.015.000) 01/30 21:51:30 Image size of job updated: 35696
	35  -  MemoryUsage of job (MB)
	35696  -  ResidentSetSize of job (KB)
...
006 (29692.015.000) 01/30 21:56:31 Image size of job updated: 35704
	35  -  MemoryUsage of job (MB)
	35704  -  ResidentSetSize of job (KB)
...
006 (29692.015.000) 01/30 22:01:31 Image size of job updated: 35836
	35  -  MemoryUsage of job (MB)
	35836  -  ResidentSetSize of job (KB)
...
005 (29692.015.000) 01/30 22:32:36 Job terminated.
	(1) Normal termination (return value 0)
		Usr 0 03:00:58, Sys 0 00:00:05  -  Run Remote Usage
		Usr 0 00:00:00, Sys 0 00:00:00  -  Run Local Usage
		Usr 0 03:00:58, Sys 0 00:00:05  -  Total Remote Usage
		Usr 0 00:00:00, Sys 0 00:00:00  -  Total Local Usage
	0  -  Run Bytes Sent By Job
	0  -  Run Bytes Received By Job
	0  -  Total Bytes Sent By Job
	0  -  Total Bytes Received By Job
	Partitionable Resources :    Usage  Request Allocated 
	   Cpus                 :     1.00        1         1 
	   Disk (KB)            :     1           1    254050 
	   Memory (MB)          :    35           1      1005 
...
