000 (29298.003.000) 01/21 12:26:05 Job submitted from host: <172.16.11.200:9618?addrs=172.16.11.200-9618&noUDP&sock=14877_46f2_4>
...
001 (29298.003.000) 01/21 13:20:25 Job executing on host: <172.16.11.232:9618?addrs=172.16.11.232-9618&alias=pc-farm2&noUDP&sock=startd_4986_dfb4_4>
...
006 (29298.003.000) 01/21 13:20:34 Image size of job updated: 30600
	30  -  MemoryUsage of job (MB)
	30600  -  ResidentSetSize of job (KB)
...
006 (29298.003.000) 01/21 13:25:35 Image size of job updated: 30732
	31  -  MemoryUsage of job (MB)
	30732  -  ResidentSetSize of job (KB)
...
005 (29298.003.000) 01/21 13:28:19 Job terminated.
	(1) Normal termination (return value 0)
		Usr 0 00:07:51, Sys 0 00:00:00  -  Run Remote Usage
		Usr 0 00:00:00, Sys 0 00:00:00  -  Run Local Usage
		Usr 0 00:07:51, Sys 0 00:00:00  -  Total Remote Usage
		Usr 0 00:00:00, Sys 0 00:00:00  -  Total Local Usage
	0  -  Run Bytes Sent By Job
	0  -  Run Bytes Received By Job
	0  -  Total Bytes Sent By Job
	0  -  Total Bytes Received By Job
	Partitionable Resources :    Usage  Request Allocated 
	   Cpus                 :     0.98        1         1 
	   Disk (KB)            :     1           1    245927 
	   Memory (MB)          :    31           1      1005 
...
000 (29352.003.000) 01/24 09:27:14 Job submitted from host: <172.16.11.200:9618?addrs=172.16.11.200-9618&noUDP&sock=14877_46f2_4>
...
001 (29352.003.000) 01/24 09:27:29 Job executing on host: <172.16.11.234:9618?addrs=172.16.11.234-9618&alias=pc-farm4&noUDP&sock=startd_5195_3aff>
...
006 (29352.003.000) 01/24 09:27:37 Image size of job updated: 419772
	31  -  MemoryUsage of job (MB)
	31484  -  ResidentSetSize of job (KB)
...
006 (29352.003.000) 01/24 09:52:39 Image size of job updated: 419780
	31  -  MemoryUsage of job (MB)
	31488  -  ResidentSetSize of job (KB)
...
005 (29352.003.000) 01/24 14:02:53 Job terminated.
	(1) Normal termination (return value 0)
		Usr 0 04:35:22, Sys 0 00:00:00  -  Run Remote Usage
		Usr 0 00:00:00, Sys 0 00:00:00  -  Run Local Usage
		Usr 0 04:35:22, Sys 0 00:00:00  -  Total Remote Usage
		Usr 0 00:00:00, Sys 0 00:00:00  -  Total Local Usage
	0  -  Run Bytes Sent By Job
	0  -  Run Bytes Received By Job
	0  -  Total Bytes Sent By Job
	0  -  Total Bytes Received By Job
	Partitionable Resources :    Usage  Request Allocated 
	   Cpus                 :     1.00        1         1 
	   Disk (KB)            :     1           1    255907 
	   Memory (MB)          :    31           1       999 
...
000 (29408.003.000) 01/25 14:11:39 Job submitted from host: <172.16.11.200:9618?addrs=172.16.11.200-9618&noUDP&sock=14877_46f2_4>
...
001 (29408.003.000) 01/25 14:52:14 Job executing on host: <172.16.11.232:9618?addrs=172.16.11.232-9618&alias=pc-farm2&noUDP&sock=startd_4986_dfb4_4>
...
006 (29408.003.000) 01/25 14:52:24 Image size of job updated: 31064
	31  -  MemoryUsage of job (MB)
	31064  -  ResidentSetSize of job (KB)
...
006 (29408.003.000) 01/25 15:42:29 Image size of job updated: 31560
	31  -  MemoryUsage of job (MB)
	31560  -  ResidentSetSize of job (KB)
...
005 (29408.003.000) 01/25 19:04:42 Job terminated.
	(1) Normal termination (return value 0)
		Usr 0 04:12:10, Sys 0 00:00:00  -  Run Remote Usage
		Usr 0 00:00:00, Sys 0 00:00:00  -  Run Local Usage
		Usr 0 04:12:10, Sys 0 00:00:00  -  Total Remote Usage
		Usr 0 00:00:00, Sys 0 00:00:00  -  Total Local Usage
	0  -  Run Bytes Sent By Job
	0  -  Run Bytes Received By Job
	0  -  Total Bytes Sent By Job
	0  -  Total Bytes Received By Job
	Partitionable Resources :    Usage  Request Allocated 
	   Cpus                 :     1.00        1         1 
	   Disk (KB)            :     1           1    245927 
	   Memory (MB)          :    31           1      1005 
...
000 (29674.003.000) 01/30 10:58:29 Job submitted from host: <172.16.11.200:9618?addrs=172.16.11.200-9618&noUDP&sock=14877_46f2_4>
...
001 (29674.003.000) 01/30 11:46:05 Job executing on host: <172.16.11.231:9618?addrs=172.16.11.231-9618&noUDP&sock=startd_22895_f54e_4>
...
006 (29674.003.000) 01/30 11:46:15 Image size of job updated: 31416
	31  -  MemoryUsage of job (MB)
	31416  -  ResidentSetSize of job (KB)
...
006 (29674.003.000) 01/30 13:31:25 Image size of job updated: 31552
	31  -  MemoryUsage of job (MB)
	31552  -  ResidentSetSize of job (KB)
...
005 (29674.003.000) 01/30 14:58:41 Job terminated.
	(1) Normal termination (return value 0)
		Usr 0 03:12:35, Sys 0 00:00:00  -  Run Remote Usage
		Usr 0 00:00:00, Sys 0 00:00:00  -  Run Local Usage
		Usr 0 03:12:35, Sys 0 00:00:00  -  Total Remote Usage
		Usr 0 00:00:00, Sys 0 00:00:00  -  Total Local Usage
	0  -  Run Bytes Sent By Job
	0  -  Run Bytes Received By Job
	0  -  Total Bytes Sent By Job
	0  -  Total Bytes Received By Job
	Partitionable Resources :    Usage  Request Allocated 
	   Cpus                 :     1.00        1         1 
	   Disk (KB)            :     1           1    241059 
	   Memory (MB)          :    31           1      2008 
...
