000 (29321.015.000) 01/22 08:35:00 Job submitted from host: <172.16.11.200:9618?addrs=172.16.11.200-9618&noUDP&sock=14877_46f2_4>
...
001 (29321.015.000) 01/22 09:19:05 Job executing on host: <172.16.11.231:9618?addrs=172.16.11.231-9618&noUDP&sock=startd_22895_f54e_4>
...
006 (29321.015.000) 01/22 09:19:13 Image size of job updated: 31796
	32  -  MemoryUsage of job (MB)
	31796  -  ResidentSetSize of job (KB)
...
006 (29321.015.000) 01/22 09:24:13 Image size of job updated: 31808
	32  -  MemoryUsage of job (MB)
	31808  -  ResidentSetSize of job (KB)
...
006 (29321.015.000) 01/22 10:54:23 Image size of job updated: 31920
	32  -  MemoryUsage of job (MB)
	31920  -  ResidentSetSize of job (KB)
...
005 (29321.015.000) 01/22 16:20:30 Job terminated.
	(1) Normal termination (return value 0)
		Usr 0 07:00:51, Sys 0 00:00:00  -  Run Remote Usage
		Usr 0 00:00:00, Sys 0 00:00:00  -  Run Local Usage
		Usr 0 07:00:51, Sys 0 00:00:00  -  Total Remote Usage
		Usr 0 00:00:00, Sys 0 00:00:00  -  Total Local Usage
	0  -  Run Bytes Sent By Job
	0  -  Run Bytes Received By Job
	0  -  Total Bytes Sent By Job
	0  -  Total Bytes Received By Job
	Partitionable Resources :    Usage  Request Allocated 
	   Cpus                 :     1.00        1         1 
	   Disk (KB)            :     1           1    241059 
	   Memory (MB)          :    32           1      2008 
...
000 (29341.015.000) 01/23 20:29:25 Job submitted from host: <172.16.11.200:9618?addrs=172.16.11.200-9618&noUDP&sock=14877_46f2_4>
...
009 (29341.015.000) 01/23 20:30:03 Job was aborted by the user.
	via condor_rm (by user zhangliang)
...
000 (29342.015.000) 01/23 20:30:33 Job submitted from host: <172.16.11.200:9618?addrs=172.16.11.200-9618&noUDP&sock=14877_46f2_4>
...
001 (29342.015.000) 01/23 20:30:35 Job executing on host: <172.16.11.231:9618?addrs=172.16.11.231-9618&noUDP&sock=startd_22895_f54e_4>
...
006 (29342.015.000) 01/23 20:30:43 Image size of job updated: 31016
	31  -  MemoryUsage of job (MB)
	31016  -  ResidentSetSize of job (KB)
...
006 (29342.015.000) 01/23 22:10:53 Image size of job updated: 31072
	31  -  MemoryUsage of job (MB)
	31072  -  ResidentSetSize of job (KB)
...
005 (29342.015.000) 01/24 02:01:35 Job terminated.
	(1) Normal termination (return value 0)
		Usr 0 05:28:56, Sys 0 00:00:00  -  Run Remote Usage
		Usr 0 00:00:00, Sys 0 00:00:00  -  Run Local Usage
		Usr 0 05:28:56, Sys 0 00:00:00  -  Total Remote Usage
		Usr 0 00:00:00, Sys 0 00:00:00  -  Total Local Usage
	0  -  Run Bytes Sent By Job
	0  -  Run Bytes Received By Job
	0  -  Total Bytes Sent By Job
	0  -  Total Bytes Received By Job
	Partitionable Resources :    Usage  Request Allocated 
	   Cpus                 :     1.00        1         1 
	   Disk (KB)            :     1           1    241059 
	   Memory (MB)          :    31           1      2008 
...
000 (29356.015.000) 01/24 09:27:36 Job submitted from host: <172.16.11.200:9618?addrs=172.16.11.200-9618&noUDP&sock=14877_46f2_4>
...
001 (29356.015.000) 01/24 09:28:00 Job executing on host: <172.16.11.232:9618?addrs=172.16.11.232-9618&alias=pc-farm2&noUDP&sock=startd_4986_dfb4_4>
...
006 (29356.015.000) 01/24 09:28:09 Image size of job updated: 31336
	31  -  MemoryUsage of job (MB)
	31336  -  ResidentSetSize of job (KB)
...
006 (29356.015.000) 01/24 10:28:14 Image size of job updated: 31400
	31  -  MemoryUsage of job (MB)
	31400  -  ResidentSetSize of job (KB)
...
005 (29356.015.000) 01/24 12:34:52 Job terminated.
	(1) Normal termination (return value 0)
		Usr 0 03:06:51, Sys 0 00:00:00  -  Run Remote Usage
		Usr 0 00:00:00, Sys 0 00:00:00  -  Run Local Usage
		Usr 0 03:06:51, Sys 0 00:00:00  -  Total Remote Usage
		Usr 0 00:00:00, Sys 0 00:00:00  -  Total Local Usage
	0  -  Run Bytes Sent By Job
	0  -  Run Bytes Received By Job
	0  -  Total Bytes Sent By Job
	0  -  Total Bytes Received By Job
	Partitionable Resources :    Usage  Request Allocated 
	   Cpus                 :     1.00        1         1 
	   Disk (KB)            :     1           1    245927 
	   Memory (MB)          :    31           1      1005 
...
000 (29412.015.000) 01/25 14:11:53 Job submitted from host: <172.16.11.200:9618?addrs=172.16.11.200-9618&noUDP&sock=14877_46f2_4>
...
001 (29412.015.000) 01/25 15:40:14 Job executing on host: <172.16.11.233:9618?addrs=172.16.11.233-9618&alias=pc-farm3&noUDP&sock=startd_4556_edfa>
...
006 (29412.015.000) 01/25 15:40:23 Image size of job updated: 35424
	35  -  MemoryUsage of job (MB)
	35424  -  ResidentSetSize of job (KB)
...
006 (29412.015.000) 01/25 16:40:29 Image size of job updated: 35560
	35  -  MemoryUsage of job (MB)
	35560  -  ResidentSetSize of job (KB)
...
006 (29412.015.000) 01/25 17:30:35 Image size of job updated: 35636
	35  -  MemoryUsage of job (MB)
	35636  -  ResidentSetSize of job (KB)
...
005 (29412.015.000) 01/25 18:34:19 Job terminated.
	(1) Normal termination (return value 0)
		Usr 0 02:54:03, Sys 0 00:00:00  -  Run Remote Usage
		Usr 0 00:00:00, Sys 0 00:00:00  -  Run Local Usage
		Usr 0 02:54:03, Sys 0 00:00:00  -  Total Remote Usage
		Usr 0 00:00:00, Sys 0 00:00:00  -  Total Local Usage
	0  -  Run Bytes Sent By Job
	0  -  Run Bytes Received By Job
	0  -  Total Bytes Sent By Job
	0  -  Total Bytes Received By Job
	Partitionable Resources :    Usage  Request Allocated 
	   Cpus                 :     1.00        1         1 
	   Disk (KB)            :     1           1    254050 
	   Memory (MB)          :    35           1      1005 
...
000 (29625.015.000) 01/28 22:25:51 Job submitted from host: <172.16.11.200:9618?addrs=172.16.11.200-9618&noUDP&sock=14877_46f2_4>
...
009 (29625.015.000) 01/28 23:02:09 Job was aborted by the user.
	via condor_rm (by user zhangliang)
...
000 (29626.015.000) 01/28 23:02:36 Job submitted from host: <172.16.11.200:9618?addrs=172.16.11.200-9618&noUDP&sock=14877_46f2_4>
...
001 (29626.015.000) 01/28 23:07:48 Job executing on host: <172.16.11.232:9618?addrs=172.16.11.232-9618&alias=pc-farm2&noUDP&sock=startd_4986_dfb4_4>
...
006 (29626.015.000) 01/28 23:07:57 Image size of job updated: 31732
	31  -  MemoryUsage of job (MB)
	31732  -  ResidentSetSize of job (KB)
...
006 (29626.015.000) 01/28 23:15:21 Image size of job updated: 306532
	31  -  MemoryUsage of job (MB)
	31732  -  ResidentSetSize of job (KB)
...
004 (29626.015.000) 01/28 23:15:21 Job was evicted.
	(0) CPU times
		Usr 0 00:07:30, Sys 0 00:00:00  -  Run Remote Usage
		Usr 0 00:00:00, Sys 0 00:00:00  -  Run Local Usage
	0  -  Run Bytes Sent By Job
	0  -  Run Bytes Received By Job
	Partitionable Resources :    Usage  Request Allocated 
	   Cpus                 :     1.00        1         1 
	   Disk (KB)            :     1           1    245927 
	   Memory (MB)          :    31           1      1005 
...
009 (29626.015.000) 01/28 23:15:21 Job was aborted by the user.
	via condor_rm (by user zhangliang)
...
000 (29627.015.000) 01/28 23:15:28 Job submitted from host: <172.16.11.200:9618?addrs=172.16.11.200-9618&noUDP&sock=14877_46f2_4>
...
001 (29627.015.000) 01/28 23:16:33 Job executing on host: <172.16.11.232:9618?addrs=172.16.11.232-9618&alias=pc-farm2&noUDP&sock=startd_4986_dfb4_4>
...
006 (29627.015.000) 01/28 23:16:42 Image size of job updated: 31540
	31  -  MemoryUsage of job (MB)
	31540  -  ResidentSetSize of job (KB)
...
005 (29627.015.000) 01/29 04:01:19 Job terminated.
	(1) Normal termination (return value 0)
		Usr 0 04:44:29, Sys 0 00:00:07  -  Run Remote Usage
		Usr 0 00:00:00, Sys 0 00:00:00  -  Run Local Usage
		Usr 0 04:44:29, Sys 0 00:00:07  -  Total Remote Usage
		Usr 0 00:00:00, Sys 0 00:00:00  -  Total Local Usage
	0  -  Run Bytes Sent By Job
	0  -  Run Bytes Received By Job
	0  -  Total Bytes Sent By Job
	0  -  Total Bytes Received By Job
	Partitionable Resources :    Usage  Request Allocated 
	   Cpus                 :     1.00        1         1 
	   Disk (KB)            :     1           1    245927 
	   Memory (MB)          :    31           1      1005 
...
000 (29631.015.000) 01/29 11:01:51 Job submitted from host: <172.16.11.200:9618?addrs=172.16.11.200-9618&noUDP&sock=14877_46f2_4>
...
001 (29631.015.000) 01/29 11:04:06 Job executing on host: <172.16.11.233:9618?addrs=172.16.11.233-9618&alias=pc-farm3&noUDP&sock=startd_4556_edfa>
...
006 (29631.015.000) 01/29 11:04:15 Image size of job updated: 35768
	35  -  MemoryUsage of job (MB)
	35768  -  ResidentSetSize of job (KB)
...
006 (29631.015.000) 01/29 13:39:31 Image size of job updated: 35772
	35  -  MemoryUsage of job (MB)
	35772  -  ResidentSetSize of job (KB)
...
006 (29631.015.000) 01/29 13:44:31 Image size of job updated: 35780
	35  -  MemoryUsage of job (MB)
	35780  -  ResidentSetSize of job (KB)
...
006 (29631.015.000) 01/29 13:49:32 Image size of job updated: 35784
	35  -  MemoryUsage of job (MB)
	35784  -  ResidentSetSize of job (KB)
...
006 (29631.015.000) 01/29 13:54:33 Image size of job updated: 35792
	35  -  MemoryUsage of job (MB)
	35792  -  ResidentSetSize of job (KB)
...
006 (29631.015.000) 01/29 13:59:33 Image size of job updated: 35924
	36  -  MemoryUsage of job (MB)
	35924  -  ResidentSetSize of job (KB)
...
006 (29631.015.000) 01/29 14:19:36 Image size of job updated: 35948
	36  -  MemoryUsage of job (MB)
	35948  -  ResidentSetSize of job (KB)
...
006 (29631.015.000) 01/29 14:29:37 Image size of job updated: 35960
	36  -  MemoryUsage of job (MB)
	35960  -  ResidentSetSize of job (KB)
...
004 (29631.015.000) 01/29 14:38:37 Job was evicted.
	(0) CPU times
		Usr 0 03:34:09, Sys 0 00:00:07  -  Run Remote Usage
		Usr 0 00:00:00, Sys 0 00:00:00  -  Run Local Usage
	0  -  Run Bytes Sent By Job
	0  -  Run Bytes Received By Job
	Partitionable Resources :    Usage  Request Allocated 
	   Cpus                 :     1.00        1         1 
	   Disk (KB)            :     1           1    254050 
	   Memory (MB)          :    36           1      1005 
...
009 (29631.015.000) 01/29 14:38:37 Job was aborted by the user.
	via condor_rm (by user zhangliang)
...
000 (29643.015.000) 01/29 14:45:40 Job submitted from host: <172.16.11.200:9618?addrs=172.16.11.200-9618&noUDP&sock=14877_46f2_4>
...
001 (29643.015.000) 01/29 14:53:32 Job executing on host: <172.16.11.232:9618?addrs=172.16.11.232-9618&alias=pc-farm2&noUDP&sock=startd_4986_dfb4_4>
...
006 (29643.015.000) 01/29 14:53:41 Image size of job updated: 31404
	31  -  MemoryUsage of job (MB)
	31404  -  ResidentSetSize of job (KB)
...
006 (29643.015.000) 01/29 14:56:48 Image size of job updated: 419816
	31  -  MemoryUsage of job (MB)
	31404  -  ResidentSetSize of job (KB)
...
005 (29643.015.000) 01/29 14:56:48 Job terminated.
	(1) Normal termination (return value 0)
		Usr 0 00:03:14, Sys 0 00:00:00  -  Run Remote Usage
		Usr 0 00:00:00, Sys 0 00:00:00  -  Run Local Usage
		Usr 0 00:03:14, Sys 0 00:00:00  -  Total Remote Usage
		Usr 0 00:00:00, Sys 0 00:00:00  -  Total Local Usage
	0  -  Run Bytes Sent By Job
	0  -  Run Bytes Received By Job
	0  -  Total Bytes Sent By Job
	0  -  Total Bytes Received By Job
	Partitionable Resources :    Usage  Request Allocated 
	   Cpus                 :     0.99        1         1 
	   Disk (KB)            :     1           1    245927 
	   Memory (MB)          :    31           1      1005 
...
000 (29652.015.000) 01/29 16:52:15 Job submitted from host: <172.16.11.200:9618?addrs=172.16.11.200-9618&noUDP&sock=14877_46f2_4>
...
001 (29652.015.000) 01/29 18:35:38 Job executing on host: <172.16.11.231:9618?addrs=172.16.11.231-9618&noUDP&sock=startd_22895_f54e_4>
...
006 (29652.015.000) 01/29 18:35:46 Image size of job updated: 31372
	31  -  MemoryUsage of job (MB)
	31372  -  ResidentSetSize of job (KB)
...
006 (29652.015.000) 01/29 19:15:49 Image size of job updated: 31432
	31  -  MemoryUsage of job (MB)
	31432  -  ResidentSetSize of job (KB)
...
006 (29652.015.000) 01/29 19:27:28 Image size of job updated: 419680
	31  -  MemoryUsage of job (MB)
	31432  -  ResidentSetSize of job (KB)
...
005 (29652.015.000) 01/29 19:27:28 Job terminated.
	(1) Normal termination (return value 0)
		Usr 0 00:51:49, Sys 0 00:00:00  -  Run Remote Usage
		Usr 0 00:00:00, Sys 0 00:00:00  -  Run Local Usage
		Usr 0 00:51:49, Sys 0 00:00:00  -  Total Remote Usage
		Usr 0 00:00:00, Sys 0 00:00:00  -  Total Local Usage
	0  -  Run Bytes Sent By Job
	0  -  Run Bytes Received By Job
	0  -  Total Bytes Sent By Job
	0  -  Total Bytes Received By Job
	Partitionable Resources :    Usage  Request Allocated 
	   Cpus                 :     1.00        1         1 
	   Disk (KB)            :     1           1    241059 
	   Memory (MB)          :    31           1      2008 
...
000 (29693.015.000) 01/30 17:50:49 Job submitted from host: <172.16.11.200:9618?addrs=172.16.11.200-9618&noUDP&sock=14877_46f2_4>
...
001 (29693.015.000) 01/30 20:21:18 Job executing on host: <172.16.11.231:9618?addrs=172.16.11.231-9618&noUDP&sock=startd_22895_f54e_4>
...
006 (29693.015.000) 01/30 20:21:27 Image size of job updated: 31208
	31  -  MemoryUsage of job (MB)
	31208  -  ResidentSetSize of job (KB)
...
005 (29693.015.000) 01/30 23:47:11 Job terminated.
	(1) Normal termination (return value 0)
		Usr 0 03:25:34, Sys 0 00:00:17  -  Run Remote Usage
		Usr 0 00:00:00, Sys 0 00:00:00  -  Run Local Usage
		Usr 0 03:25:34, Sys 0 00:00:17  -  Total Remote Usage
		Usr 0 00:00:00, Sys 0 00:00:00  -  Total Local Usage
	0  -  Run Bytes Sent By Job
	0  -  Run Bytes Received By Job
	0  -  Total Bytes Sent By Job
	0  -  Total Bytes Received By Job
	Partitionable Resources :    Usage  Request Allocated 
	   Cpus                 :     1.00        1         1 
	   Disk (KB)            :     1           1    241059 
	   Memory (MB)          :    31           1      2008 
...
