000 (29300.019.000) 01/21 12:26:13 Job submitted from host: <172.16.11.200:9618?addrs=172.16.11.200-9618&noUDP&sock=14877_46f2_4>
...
001 (29300.019.000) 01/21 13:29:36 Job executing on host: <172.16.11.232:9618?addrs=172.16.11.232-9618&alias=pc-farm2&noUDP&sock=startd_4986_dfb4_4>
...
006 (29300.019.000) 01/21 13:29:41 Image size of job updated: 30748
	0  -  MemoryUsage of job (MB)
	0  -  ResidentSetSize of job (KB)
...
005 (29300.019.000) 01/21 13:29:41 Job terminated.
	(1) Normal termination (return value 0)
		Usr 0 00:00:04, Sys 0 00:00:00  -  Run Remote Usage
		Usr 0 00:00:00, Sys 0 00:00:00  -  Run Local Usage
		Usr 0 00:00:04, Sys 0 00:00:00  -  Total Remote Usage
		Usr 0 00:00:00, Sys 0 00:00:00  -  Total Local Usage
	0  -  Run Bytes Sent By Job
	0  -  Run Bytes Received By Job
	0  -  Total Bytes Sent By Job
	0  -  Total Bytes Received By Job
	Partitionable Resources :    Usage  Request Allocated 
	   Cpus                 :        0        1         1 
	   Disk (KB)            :        1        1    245927 
	   Memory (MB)          :        0        1      1005 
...
000 (29354.019.000) 01/24 09:27:22 Job submitted from host: <172.16.11.200:9618?addrs=172.16.11.200-9618&noUDP&sock=14877_46f2_4>
...
001 (29354.019.000) 01/24 09:27:42 Job executing on host: <172.16.11.232:9618?addrs=172.16.11.232-9618&alias=pc-farm2&noUDP&sock=startd_4986_dfb4_4>
...
006 (29354.019.000) 01/24 09:27:51 Image size of job updated: 31772
	31  -  MemoryUsage of job (MB)
	31508  -  ResidentSetSize of job (KB)
...
006 (29354.019.000) 01/24 10:17:56 Image size of job updated: 31904
	31  -  MemoryUsage of job (MB)
	31640  -  ResidentSetSize of job (KB)
...
005 (29354.019.000) 01/24 13:07:27 Job terminated.
	(1) Normal termination (return value 0)
		Usr 0 03:39:44, Sys 0 00:00:00  -  Run Remote Usage
		Usr 0 00:00:00, Sys 0 00:00:00  -  Run Local Usage
		Usr 0 03:39:44, Sys 0 00:00:00  -  Total Remote Usage
		Usr 0 00:00:00, Sys 0 00:00:00  -  Total Local Usage
	0  -  Run Bytes Sent By Job
	0  -  Run Bytes Received By Job
	0  -  Total Bytes Sent By Job
	0  -  Total Bytes Received By Job
	Partitionable Resources :    Usage  Request Allocated 
	   Cpus                 :     1.00        1         1 
	   Disk (KB)            :     1           1    245927 
	   Memory (MB)          :    31           1      1005 
...
000 (29410.019.000) 01/25 14:11:48 Job submitted from host: <172.16.11.200:9618?addrs=172.16.11.200-9618&noUDP&sock=14877_46f2_4>
...
001 (29410.019.000) 01/25 15:18:14 Job executing on host: <172.16.11.233:9618?addrs=172.16.11.233-9618&alias=pc-farm3&noUDP&sock=startd_4556_edfa>
...
006 (29410.019.000) 01/25 15:18:23 Image size of job updated: 34180
	34  -  MemoryUsage of job (MB)
	34180  -  ResidentSetSize of job (KB)
...
006 (29410.019.000) 01/25 16:43:31 Image size of job updated: 34248
	34  -  MemoryUsage of job (MB)
	34248  -  ResidentSetSize of job (KB)
...
006 (29410.019.000) 01/25 16:48:32 Image size of job updated: 34376
	34  -  MemoryUsage of job (MB)
	34376  -  ResidentSetSize of job (KB)
...
006 (29410.019.000) 01/25 17:38:37 Image size of job updated: 34432
	34  -  MemoryUsage of job (MB)
	34432  -  ResidentSetSize of job (KB)
...
005 (29410.019.000) 01/25 19:41:31 Job terminated.
	(1) Normal termination (return value 0)
		Usr 0 04:23:15, Sys 0 00:00:00  -  Run Remote Usage
		Usr 0 00:00:00, Sys 0 00:00:00  -  Run Local Usage
		Usr 0 04:23:15, Sys 0 00:00:00  -  Total Remote Usage
		Usr 0 00:00:00, Sys 0 00:00:00  -  Total Local Usage
	0  -  Run Bytes Sent By Job
	0  -  Run Bytes Received By Job
	0  -  Total Bytes Sent By Job
	0  -  Total Bytes Received By Job
	Partitionable Resources :    Usage  Request Allocated 
	   Cpus                 :     1.00        1         1 
	   Disk (KB)            :     1           1    254050 
	   Memory (MB)          :    34           1      1005 
...
000 (29676.019.000) 01/30 10:58:38 Job submitted from host: <172.16.11.200:9618?addrs=172.16.11.200-9618&noUDP&sock=14877_46f2_4>
...
001 (29676.019.000) 01/30 12:34:44 Job executing on host: <172.16.11.231:9618?addrs=172.16.11.231-9618&noUDP&sock=startd_22895_f54e_4>
...
006 (29676.019.000) 01/30 12:34:53 Image size of job updated: 31624
	31  -  MemoryUsage of job (MB)
	31624  -  ResidentSetSize of job (KB)
...
006 (29676.019.000) 01/30 13:34:59 Image size of job updated: 32076
	32  -  MemoryUsage of job (MB)
	32076  -  ResidentSetSize of job (KB)
...
005 (29676.019.000) 01/30 15:40:16 Job terminated.
	(1) Normal termination (return value 0)
		Usr 0 03:05:15, Sys 0 00:00:15  -  Run Remote Usage
		Usr 0 00:00:00, Sys 0 00:00:00  -  Run Local Usage
		Usr 0 03:05:15, Sys 0 00:00:15  -  Total Remote Usage
		Usr 0 00:00:00, Sys 0 00:00:00  -  Total Local Usage
	0  -  Run Bytes Sent By Job
	0  -  Run Bytes Received By Job
	0  -  Total Bytes Sent By Job
	0  -  Total Bytes Received By Job
	Partitionable Resources :    Usage  Request Allocated 
	   Cpus                 :     1.00        1         1 
	   Disk (KB)            :     1           1    241059 
	   Memory (MB)          :    32           1      2008 
...
