000 (29320.003.000) 01/22 08:34:52 Job submitted from host: <172.16.11.200:9618?addrs=172.16.11.200-9618&noUDP&sock=14877_46f2_4>
...
001 (29320.003.000) 01/22 09:06:33 Job executing on host: <172.16.11.231:9618?addrs=172.16.11.231-9618&noUDP&sock=startd_22895_f54e_4>
...
006 (29320.003.000) 01/22 09:06:41 Image size of job updated: 31700
	31  -  MemoryUsage of job (MB)
	31700  -  ResidentSetSize of job (KB)
...
006 (29320.003.000) 01/22 10:16:49 Image size of job updated: 31980
	32  -  MemoryUsage of job (MB)
	31980  -  ResidentSetSize of job (KB)
...
006 (29320.003.000) 01/22 16:41:41 Image size of job updated: 419680
	32  -  MemoryUsage of job (MB)
	31980  -  ResidentSetSize of job (KB)
...
005 (29320.003.000) 01/22 16:41:41 Job terminated.
	(1) Normal termination (return value 0)
		Usr 0 07:09:30, Sys 0 00:00:43  -  Run Remote Usage
		Usr 0 00:00:00, Sys 0 00:00:00  -  Run Local Usage
		Usr 0 07:09:30, Sys 0 00:00:43  -  Total Remote Usage
		Usr 0 00:00:00, Sys 0 00:00:00  -  Total Local Usage
	0  -  Run Bytes Sent By Job
	0  -  Run Bytes Received By Job
	0  -  Total Bytes Sent By Job
	0  -  Total Bytes Received By Job
	Partitionable Resources :    Usage  Request Allocated 
	   Cpus                 :     0.90        1         1 
	   Disk (KB)            :     1           1    241059 
	   Memory (MB)          :    32           1      2008 
...
000 (29355.003.000) 01/24 09:27:33 Job submitted from host: <172.16.11.200:9618?addrs=172.16.11.200-9618&noUDP&sock=14877_46f2_4>
...
001 (29355.003.000) 01/24 09:27:45 Job executing on host: <172.16.11.232:9618?addrs=172.16.11.232-9618&alias=pc-farm2&noUDP&sock=startd_4986_dfb4_4>
...
006 (29355.003.000) 01/24 09:27:55 Image size of job updated: 31652
	31  -  MemoryUsage of job (MB)
	31652  -  ResidentSetSize of job (KB)
...
006 (29355.003.000) 01/24 10:23:00 Image size of job updated: 31716
	31  -  MemoryUsage of job (MB)
	31716  -  ResidentSetSize of job (KB)
...
005 (29355.003.000) 01/24 13:40:23 Job terminated.
	(1) Normal termination (return value 0)
		Usr 0 04:12:37, Sys 0 00:00:00  -  Run Remote Usage
		Usr 0 00:00:00, Sys 0 00:00:00  -  Run Local Usage
		Usr 0 04:12:37, Sys 0 00:00:00  -  Total Remote Usage
		Usr 0 00:00:00, Sys 0 00:00:00  -  Total Local Usage
	0  -  Run Bytes Sent By Job
	0  -  Run Bytes Received By Job
	0  -  Total Bytes Sent By Job
	0  -  Total Bytes Received By Job
	Partitionable Resources :    Usage  Request Allocated 
	   Cpus                 :     1.00        1         1 
	   Disk (KB)            :     1           1    245927 
	   Memory (MB)          :    31           1      1005 
...
000 (29411.003.000) 01/25 14:11:50 Job submitted from host: <172.16.11.200:9618?addrs=172.16.11.200-9618&noUDP&sock=14877_46f2_4>
...
001 (29411.003.000) 01/25 15:21:15 Job executing on host: <172.16.11.233:9618?addrs=172.16.11.233-9618&alias=pc-farm3&noUDP&sock=startd_4556_edfa>
...
006 (29411.003.000) 01/25 15:21:24 Image size of job updated: 36080
	36  -  MemoryUsage of job (MB)
	36080  -  ResidentSetSize of job (KB)
...
005 (29411.003.000) 01/25 20:09:50 Job terminated.
	(1) Normal termination (return value 0)
		Usr 0 04:48:24, Sys 0 00:00:00  -  Run Remote Usage
		Usr 0 00:00:00, Sys 0 00:00:00  -  Run Local Usage
		Usr 0 04:48:24, Sys 0 00:00:00  -  Total Remote Usage
		Usr 0 00:00:00, Sys 0 00:00:00  -  Total Local Usage
	0  -  Run Bytes Sent By Job
	0  -  Run Bytes Received By Job
	0  -  Total Bytes Sent By Job
	0  -  Total Bytes Received By Job
	Partitionable Resources :    Usage  Request Allocated 
	   Cpus                 :     0.99        1         1 
	   Disk (KB)            :     1           1    254050 
	   Memory (MB)          :    36           1      1005 
...
000 (29653.003.000) 01/29 16:52:19 Job submitted from host: <172.16.11.200:9618?addrs=172.16.11.200-9618&noUDP&sock=14877_46f2_4>
...
001 (29653.003.000) 01/29 18:36:40 Job executing on host: <172.16.11.231:9618?addrs=172.16.11.231-9618&noUDP&sock=startd_22895_f54e_4>
...
006 (29653.003.000) 01/29 18:36:48 Image size of job updated: 31516
	31  -  MemoryUsage of job (MB)
	31516  -  ResidentSetSize of job (KB)
...
006 (29653.003.000) 01/29 19:21:54 Image size of job updated: 31712
	31  -  MemoryUsage of job (MB)
	31712  -  ResidentSetSize of job (KB)
...
005 (29653.003.000) 01/29 19:28:19 Job terminated.
	(1) Normal termination (return value 0)
		Usr 0 00:51:38, Sys 0 00:00:00  -  Run Remote Usage
		Usr 0 00:00:00, Sys 0 00:00:00  -  Run Local Usage
		Usr 0 00:51:38, Sys 0 00:00:00  -  Total Remote Usage
		Usr 0 00:00:00, Sys 0 00:00:00  -  Total Local Usage
	0  -  Run Bytes Sent By Job
	0  -  Run Bytes Received By Job
	0  -  Total Bytes Sent By Job
	0  -  Total Bytes Received By Job
	Partitionable Resources :    Usage  Request Allocated 
	   Cpus                 :     1.00        1         1 
	   Disk (KB)            :     1           1    241059 
	   Memory (MB)          :    31           1      2008 
...
000 (29677.003.000) 01/30 10:58:42 Job submitted from host: <172.16.11.200:9618?addrs=172.16.11.200-9618&noUDP&sock=14877_46f2_4>
...
001 (29677.003.000) 01/30 12:41:44 Job executing on host: <172.16.11.231:9618?addrs=172.16.11.231-9618&noUDP&sock=startd_22895_f54e_4>
...
006 (29677.003.000) 01/30 12:41:53 Image size of job updated: 31584
	31  -  MemoryUsage of job (MB)
	31584  -  ResidentSetSize of job (KB)
...
005 (29677.003.000) 01/30 13:30:25 Job terminated.
	(1) Normal termination (return value 0)
		Usr 0 00:48:38, Sys 0 00:00:03  -  Run Remote Usage
		Usr 0 00:00:00, Sys 0 00:00:00  -  Run Local Usage
		Usr 0 00:48:38, Sys 0 00:00:03  -  Total Remote Usage
		Usr 0 00:00:00, Sys 0 00:00:00  -  Total Local Usage
	0  -  Run Bytes Sent By Job
	0  -  Run Bytes Received By Job
	0  -  Total Bytes Sent By Job
	0  -  Total Bytes Received By Job
	Partitionable Resources :    Usage  Request Allocated 
	   Cpus                 :     1.00        1         1 
	   Disk (KB)            :     1           1    241059 
	   Memory (MB)          :    31           1      2008 
...
000 (29692.003.000) 01/30 17:50:45 Job submitted from host: <172.16.11.200:9618?addrs=172.16.11.200-9618&noUDP&sock=14877_46f2_4>
...
001 (29692.003.000) 01/30 17:58:09 Job executing on host: <172.16.11.233:9618?addrs=172.16.11.233-9618&alias=pc-farm3&noUDP&sock=startd_4556_edfa>
...
006 (29692.003.000) 01/30 17:58:19 Image size of job updated: 35940
	36  -  MemoryUsage of job (MB)
	35940  -  ResidentSetSize of job (KB)
...
006 (29692.003.000) 01/30 18:03:20 Image size of job updated: 35944
	36  -  MemoryUsage of job (MB)
	35944  -  ResidentSetSize of job (KB)
...
006 (29692.003.000) 01/30 18:08:20 Image size of job updated: 35952
	36  -  MemoryUsage of job (MB)
	35952  -  ResidentSetSize of job (KB)
...
006 (29692.003.000) 01/30 18:13:20 Image size of job updated: 35968
	36  -  MemoryUsage of job (MB)
	35968  -  ResidentSetSize of job (KB)
...
006 (29692.003.000) 01/30 18:18:21 Image size of job updated: 35976
	36  -  MemoryUsage of job (MB)
	35976  -  ResidentSetSize of job (KB)
...
006 (29692.003.000) 01/30 18:23:21 Image size of job updated: 35984
	36  -  MemoryUsage of job (MB)
	35984  -  ResidentSetSize of job (KB)
...
006 (29692.003.000) 01/30 18:28:21 Image size of job updated: 35992
	36  -  MemoryUsage of job (MB)
	35992  -  ResidentSetSize of job (KB)
...
006 (29692.003.000) 01/30 18:33:22 Image size of job updated: 36000
	36  -  MemoryUsage of job (MB)
	36000  -  ResidentSetSize of job (KB)
...
006 (29692.003.000) 01/30 18:38:22 Image size of job updated: 36008
	36  -  MemoryUsage of job (MB)
	36008  -  ResidentSetSize of job (KB)
...
006 (29692.003.000) 01/30 18:43:22 Image size of job updated: 36012
	36  -  MemoryUsage of job (MB)
	36012  -  ResidentSetSize of job (KB)
...
006 (29692.003.000) 01/30 18:48:23 Image size of job updated: 36020
	36  -  MemoryUsage of job (MB)
	36020  -  ResidentSetSize of job (KB)
...
006 (29692.003.000) 01/30 18:53:23 Image size of job updated: 36028
	36  -  MemoryUsage of job (MB)
	36028  -  ResidentSetSize of job (KB)
...
006 (29692.003.000) 01/30 18:58:23 Image size of job updated: 36036
	36  -  MemoryUsage of job (MB)
	36036  -  ResidentSetSize of job (KB)
...
006 (29692.003.000) 01/30 19:03:24 Image size of job updated: 36044
	36  -  MemoryUsage of job (MB)
	36044  -  ResidentSetSize of job (KB)
...
006 (29692.003.000) 01/30 19:08:24 Image size of job updated: 36052
	36  -  MemoryUsage of job (MB)
	36052  -  ResidentSetSize of job (KB)
...
006 (29692.003.000) 01/30 19:13:24 Image size of job updated: 36060
	36  -  MemoryUsage of job (MB)
	36060  -  ResidentSetSize of job (KB)
...
006 (29692.003.000) 01/30 19:18:25 Image size of job updated: 36068
	36  -  MemoryUsage of job (MB)
	36068  -  ResidentSetSize of job (KB)
...
006 (29692.003.000) 01/30 19:23:25 Image size of job updated: 36200
	36  -  MemoryUsage of job (MB)
	36200  -  ResidentSetSize of job (KB)
...
006 (29692.003.000) 01/30 19:53:29 Image size of job updated: 36244
	36  -  MemoryUsage of job (MB)
	36244  -  ResidentSetSize of job (KB)
...
006 (29692.003.000) 01/30 20:38:35 Image size of job updated: 36308
	36  -  MemoryUsage of job (MB)
	36308  -  ResidentSetSize of job (KB)
...
005 (29692.003.000) 01/30 20:56:11 Job terminated.
	(1) Normal termination (return value 0)
		Usr 0 02:57:35, Sys 0 00:00:09  -  Run Remote Usage
		Usr 0 00:00:00, Sys 0 00:00:00  -  Run Local Usage
		Usr 0 02:57:35, Sys 0 00:00:09  -  Total Remote Usage
		Usr 0 00:00:00, Sys 0 00:00:00  -  Total Local Usage
	0  -  Run Bytes Sent By Job
	0  -  Run Bytes Received By Job
	0  -  Total Bytes Sent By Job
	0  -  Total Bytes Received By Job
	Partitionable Resources :    Usage  Request Allocated 
	   Cpus                 :     1.00        1         1 
	   Disk (KB)            :     1           1    254050 
	   Memory (MB)          :    36           1      1005 
...
