000 (29320.010.000) 01/22 08:34:52 Job submitted from host: <172.16.11.200:9618?addrs=172.16.11.200-9618&noUDP&sock=14877_46f2_4>
...
001 (29320.010.000) 01/22 09:08:38 Job executing on host: <172.16.11.233:9618?addrs=172.16.11.233-9618&alias=pc-farm3&noUDP&sock=startd_4556_edfa>
...
006 (29320.010.000) 01/22 09:08:47 Image size of job updated: 35260
	35  -  MemoryUsage of job (MB)
	35260  -  ResidentSetSize of job (KB)
...
006 (29320.010.000) 01/22 10:13:53 Image size of job updated: 35264
	35  -  MemoryUsage of job (MB)
	35264  -  ResidentSetSize of job (KB)
...
006 (29320.010.000) 01/22 10:18:53 Image size of job updated: 35268
	35  -  MemoryUsage of job (MB)
	35268  -  ResidentSetSize of job (KB)
...
006 (29320.010.000) 01/22 10:23:53 Image size of job updated: 35276
	35  -  MemoryUsage of job (MB)
	35276  -  ResidentSetSize of job (KB)
...
006 (29320.010.000) 01/22 10:28:54 Image size of job updated: 35280
	35  -  MemoryUsage of job (MB)
	35280  -  ResidentSetSize of job (KB)
...
006 (29320.010.000) 01/22 10:33:54 Image size of job updated: 35284
	35  -  MemoryUsage of job (MB)
	35284  -  ResidentSetSize of job (KB)
...
006 (29320.010.000) 01/22 10:38:54 Image size of job updated: 35288
	35  -  MemoryUsage of job (MB)
	35288  -  ResidentSetSize of job (KB)
...
006 (29320.010.000) 01/22 10:43:55 Image size of job updated: 35292
	35  -  MemoryUsage of job (MB)
	35292  -  ResidentSetSize of job (KB)
...
006 (29320.010.000) 01/22 10:48:56 Image size of job updated: 35296
	35  -  MemoryUsage of job (MB)
	35296  -  ResidentSetSize of job (KB)
...
006 (29320.010.000) 01/22 10:53:56 Image size of job updated: 35300
	35  -  MemoryUsage of job (MB)
	35300  -  ResidentSetSize of job (KB)
...
006 (29320.010.000) 01/22 10:58:57 Image size of job updated: 35304
	35  -  MemoryUsage of job (MB)
	35304  -  ResidentSetSize of job (KB)
...
006 (29320.010.000) 01/22 11:03:58 Image size of job updated: 35308
	35  -  MemoryUsage of job (MB)
	35308  -  ResidentSetSize of job (KB)
...
006 (29320.010.000) 01/22 11:08:58 Image size of job updated: 35312
	35  -  MemoryUsage of job (MB)
	35312  -  ResidentSetSize of job (KB)
...
006 (29320.010.000) 01/22 11:13:58 Image size of job updated: 35316
	35  -  MemoryUsage of job (MB)
	35316  -  ResidentSetSize of job (KB)
...
006 (29320.010.000) 01/22 11:18:59 Image size of job updated: 35324
	35  -  MemoryUsage of job (MB)
	35324  -  ResidentSetSize of job (KB)
...
006 (29320.010.000) 01/22 11:23:59 Image size of job updated: 35328
	35  -  MemoryUsage of job (MB)
	35328  -  ResidentSetSize of job (KB)
...
006 (29320.010.000) 01/22 11:28:59 Image size of job updated: 35332
	35  -  MemoryUsage of job (MB)
	35332  -  ResidentSetSize of job (KB)
...
006 (29320.010.000) 01/22 11:39:01 Image size of job updated: 35336
	35  -  MemoryUsage of job (MB)
	35336  -  ResidentSetSize of job (KB)
...
006 (29320.010.000) 01/22 11:44:01 Image size of job updated: 35340
	35  -  MemoryUsage of job (MB)
	35340  -  ResidentSetSize of job (KB)
...
006 (29320.010.000) 01/22 11:54:03 Image size of job updated: 35344
	35  -  MemoryUsage of job (MB)
	35344  -  ResidentSetSize of job (KB)
...
006 (29320.010.000) 01/22 11:59:03 Image size of job updated: 35348
	35  -  MemoryUsage of job (MB)
	35348  -  ResidentSetSize of job (KB)
...
006 (29320.010.000) 01/22 12:04:03 Image size of job updated: 35352
	35  -  MemoryUsage of job (MB)
	35352  -  ResidentSetSize of job (KB)
...
006 (29320.010.000) 01/22 12:14:04 Image size of job updated: 35356
	35  -  MemoryUsage of job (MB)
	35356  -  ResidentSetSize of job (KB)
...
006 (29320.010.000) 01/22 12:19:04 Image size of job updated: 35484
	35  -  MemoryUsage of job (MB)
	35484  -  ResidentSetSize of job (KB)
...
006 (29320.010.000) 01/22 15:29:23 Image size of job updated: 35496
	35  -  MemoryUsage of job (MB)
	35496  -  ResidentSetSize of job (KB)
...
005 (29320.010.000) 01/22 15:29:25 Job terminated.
	(1) Normal termination (return value 0)
		Usr 0 05:49:56, Sys 0 00:00:01  -  Run Remote Usage
		Usr 0 00:00:00, Sys 0 00:00:00  -  Run Local Usage
		Usr 0 05:49:56, Sys 0 00:00:01  -  Total Remote Usage
		Usr 0 00:00:00, Sys 0 00:00:00  -  Total Local Usage
	0  -  Run Bytes Sent By Job
	0  -  Run Bytes Received By Job
	0  -  Total Bytes Sent By Job
	0  -  Total Bytes Received By Job
	Partitionable Resources :    Usage  Request Allocated 
	   Cpus                 :     0.74        1         1 
	   Disk (KB)            :     1           1    254050 
	   Memory (MB)          :    35           1      1005 
...
000 (29355.010.000) 01/24 09:27:33 Job submitted from host: <172.16.11.200:9618?addrs=172.16.11.200-9618&noUDP&sock=14877_46f2_4>
...
001 (29355.010.000) 01/24 09:27:48 Job executing on host: <172.16.11.232:9618?addrs=172.16.11.232-9618&alias=pc-farm2&noUDP&sock=startd_4986_dfb4_4>
...
006 (29355.010.000) 01/24 09:27:57 Image size of job updated: 31512
	31  -  MemoryUsage of job (MB)
	31512  -  ResidentSetSize of job (KB)
...
006 (29355.010.000) 01/24 10:23:03 Image size of job updated: 31584
	31  -  MemoryUsage of job (MB)
	31584  -  ResidentSetSize of job (KB)
...
005 (29355.010.000) 01/24 12:52:42 Job terminated.
	(1) Normal termination (return value 0)
		Usr 0 03:24:53, Sys 0 00:00:00  -  Run Remote Usage
		Usr 0 00:00:00, Sys 0 00:00:00  -  Run Local Usage
		Usr 0 03:24:53, Sys 0 00:00:00  -  Total Remote Usage
		Usr 0 00:00:00, Sys 0 00:00:00  -  Total Local Usage
	0  -  Run Bytes Sent By Job
	0  -  Run Bytes Received By Job
	0  -  Total Bytes Sent By Job
	0  -  Total Bytes Received By Job
	Partitionable Resources :    Usage  Request Allocated 
	   Cpus                 :     1.00        1         1 
	   Disk (KB)            :     1           1    245927 
	   Memory (MB)          :    31           1      1005 
...
000 (29411.010.000) 01/25 14:11:50 Job submitted from host: <172.16.11.200:9618?addrs=172.16.11.200-9618&noUDP&sock=14877_46f2_4>
...
001 (29411.010.000) 01/25 15:25:14 Job executing on host: <172.16.11.234:9618?addrs=172.16.11.234-9618&alias=pc-farm4&noUDP&sock=startd_5195_3aff>
...
006 (29411.010.000) 01/25 15:25:23 Image size of job updated: 31476
	31  -  MemoryUsage of job (MB)
	31476  -  ResidentSetSize of job (KB)
...
006 (29411.010.000) 01/25 15:30:24 Image size of job updated: 419772
	31  -  MemoryUsage of job (MB)
	31476  -  ResidentSetSize of job (KB)
...
006 (29411.010.000) 01/25 15:55:25 Image size of job updated: 419780
	31  -  MemoryUsage of job (MB)
	31480  -  ResidentSetSize of job (KB)
...
005 (29411.010.000) 01/25 20:50:11 Job terminated.
	(1) Normal termination (return value 0)
		Usr 0 04:52:45, Sys 0 00:00:00  -  Run Remote Usage
		Usr 0 00:00:00, Sys 0 00:00:00  -  Run Local Usage
		Usr 0 04:52:45, Sys 0 00:00:00  -  Total Remote Usage
		Usr 0 00:00:00, Sys 0 00:00:00  -  Total Local Usage
	0  -  Run Bytes Sent By Job
	0  -  Run Bytes Received By Job
	0  -  Total Bytes Sent By Job
	0  -  Total Bytes Received By Job
	Partitionable Resources :    Usage  Request Allocated 
	   Cpus                 :     0.87        1         1 
	   Disk (KB)            :     1           1    255907 
	   Memory (MB)          :    31           1       999 
...
000 (29653.010.000) 01/29 16:52:19 Job submitted from host: <172.16.11.200:9618?addrs=172.16.11.200-9618&noUDP&sock=14877_46f2_4>
...
001 (29653.010.000) 01/29 18:37:39 Job executing on host: <172.16.11.231:9618?addrs=172.16.11.231-9618&noUDP&sock=startd_22895_f54e_4>
...
006 (29653.010.000) 01/29 18:37:47 Image size of job updated: 31356
	31  -  MemoryUsage of job (MB)
	31356  -  ResidentSetSize of job (KB)
...
006 (29653.010.000) 01/29 19:22:51 Image size of job updated: 31412
	31  -  MemoryUsage of job (MB)
	31412  -  ResidentSetSize of job (KB)
...
006 (29653.010.000) 01/29 19:32:21 Image size of job updated: 419680
	31  -  MemoryUsage of job (MB)
	31412  -  ResidentSetSize of job (KB)
...
005 (29653.010.000) 01/29 19:32:21 Job terminated.
	(1) Normal termination (return value 0)
		Usr 0 00:54:41, Sys 0 00:00:00  -  Run Remote Usage
		Usr 0 00:00:00, Sys 0 00:00:00  -  Run Local Usage
		Usr 0 00:54:41, Sys 0 00:00:00  -  Total Remote Usage
		Usr 0 00:00:00, Sys 0 00:00:00  -  Total Local Usage
	0  -  Run Bytes Sent By Job
	0  -  Run Bytes Received By Job
	0  -  Total Bytes Sent By Job
	0  -  Total Bytes Received By Job
	Partitionable Resources :    Usage  Request Allocated 
	   Cpus                 :     1.00        1         1 
	   Disk (KB)            :     1           1    241059 
	   Memory (MB)          :    31           1      2008 
...
000 (29677.010.000) 01/30 10:58:42 Job submitted from host: <172.16.11.200:9618?addrs=172.16.11.200-9618&noUDP&sock=14877_46f2_4>
...
001 (29677.010.000) 01/30 12:44:44 Job executing on host: <172.16.11.231:9618?addrs=172.16.11.231-9618&noUDP&sock=startd_22895_f54e_4>
...
006 (29677.010.000) 01/30 12:44:53 Image size of job updated: 31640
	31  -  MemoryUsage of job (MB)
	31640  -  ResidentSetSize of job (KB)
...
005 (29677.010.000) 01/30 13:35:59 Job terminated.
	(1) Normal termination (return value 0)
		Usr 0 00:51:14, Sys 0 00:00:00  -  Run Remote Usage
		Usr 0 00:00:00, Sys 0 00:00:00  -  Run Local Usage
		Usr 0 00:51:14, Sys 0 00:00:00  -  Total Remote Usage
		Usr 0 00:00:00, Sys 0 00:00:00  -  Total Local Usage
	0  -  Run Bytes Sent By Job
	0  -  Run Bytes Received By Job
	0  -  Total Bytes Sent By Job
	0  -  Total Bytes Received By Job
	Partitionable Resources :    Usage  Request Allocated 
	   Cpus                 :     1.00        1         1 
	   Disk (KB)            :     1           1    241059 
	   Memory (MB)          :    31           1      2008 
...
000 (29692.010.000) 01/30 17:50:45 Job submitted from host: <172.16.11.200:9618?addrs=172.16.11.200-9618&noUDP&sock=14877_46f2_4>
...
001 (29692.010.000) 01/30 18:49:09 Job executing on host: <172.16.11.233:9618?addrs=172.16.11.233-9618&alias=pc-farm3&noUDP&sock=startd_4556_edfa>
...
006 (29692.010.000) 01/30 18:49:18 Image size of job updated: 35640
	35  -  MemoryUsage of job (MB)
	35640  -  ResidentSetSize of job (KB)
...
006 (29692.010.000) 01/30 19:44:23 Image size of job updated: 35752
	35  -  MemoryUsage of job (MB)
	35752  -  ResidentSetSize of job (KB)
...
006 (29692.010.000) 01/30 20:04:26 Image size of job updated: 35784
	35  -  MemoryUsage of job (MB)
	35784  -  ResidentSetSize of job (KB)
...
006 (29692.010.000) 01/30 20:54:30 Image size of job updated: 35856
	36  -  MemoryUsage of job (MB)
	35856  -  ResidentSetSize of job (KB)
...
005 (29692.010.000) 01/30 21:46:25 Job terminated.
	(1) Normal termination (return value 0)
		Usr 0 02:56:49, Sys 0 00:00:07  -  Run Remote Usage
		Usr 0 00:00:00, Sys 0 00:00:00  -  Run Local Usage
		Usr 0 02:56:49, Sys 0 00:00:07  -  Total Remote Usage
		Usr 0 00:00:00, Sys 0 00:00:00  -  Total Local Usage
	0  -  Run Bytes Sent By Job
	0  -  Run Bytes Received By Job
	0  -  Total Bytes Sent By Job
	0  -  Total Bytes Received By Job
	Partitionable Resources :    Usage  Request Allocated 
	   Cpus                 :     1.00        1         1 
	   Disk (KB)            :     1           1    254050 
	   Memory (MB)          :    36           1      1005 
...
