000 (29299.016.000) 01/21 12:26:09 Job submitted from host: <172.16.11.200:9618?addrs=172.16.11.200-9618&noUDP&sock=14877_46f2_4>
...
001 (29299.016.000) 01/21 13:28:58 Job executing on host: <172.16.11.232:9618?addrs=172.16.11.232-9618&alias=pc-farm2&noUDP&sock=startd_4986_dfb4_4>
...
006 (29299.016.000) 01/21 13:29:03 Image size of job updated: 30952
	0  -  MemoryUsage of job (MB)
	0  -  ResidentSetSize of job (KB)
...
005 (29299.016.000) 01/21 13:29:03 Job terminated.
	(1) Normal termination (return value 0)
		Usr 0 00:00:04, Sys 0 00:00:00  -  Run Remote Usage
		Usr 0 00:00:00, Sys 0 00:00:00  -  Run Local Usage
		Usr 0 00:00:04, Sys 0 00:00:00  -  Total Remote Usage
		Usr 0 00:00:00, Sys 0 00:00:00  -  Total Local Usage
	0  -  Run Bytes Sent By Job
	0  -  Run Bytes Received By Job
	0  -  Total Bytes Sent By Job
	0  -  Total Bytes Received By Job
	Partitionable Resources :    Usage  Request Allocated 
	   Cpus                 :     0.05        1         1 
	   Disk (KB)            :     1           1    245927 
	   Memory (MB)          :     0           1      1005 
...
000 (29353.016.000) 01/24 09:27:18 Job submitted from host: <172.16.11.200:9618?addrs=172.16.11.200-9618&noUDP&sock=14877_46f2_4>
...
001 (29353.016.000) 01/24 09:27:37 Job executing on host: <172.16.11.234:9618?addrs=172.16.11.234-9618&alias=pc-farm4&noUDP&sock=startd_5195_3aff>
...
006 (29353.016.000) 01/24 09:27:46 Image size of job updated: 419772
	31  -  MemoryUsage of job (MB)
	31476  -  ResidentSetSize of job (KB)
...
006 (29353.016.000) 01/24 09:52:48 Image size of job updated: 419780
	31  -  MemoryUsage of job (MB)
	31480  -  ResidentSetSize of job (KB)
...
005 (29353.016.000) 01/24 13:52:33 Job terminated.
	(1) Normal termination (return value 0)
		Usr 0 04:24:51, Sys 0 00:00:00  -  Run Remote Usage
		Usr 0 00:00:00, Sys 0 00:00:00  -  Run Local Usage
		Usr 0 04:24:51, Sys 0 00:00:00  -  Total Remote Usage
		Usr 0 00:00:00, Sys 0 00:00:00  -  Total Local Usage
	0  -  Run Bytes Sent By Job
	0  -  Run Bytes Received By Job
	0  -  Total Bytes Sent By Job
	0  -  Total Bytes Received By Job
	Partitionable Resources :    Usage  Request Allocated 
	   Cpus                 :     1.00        1         1 
	   Disk (KB)            :     1           1    255907 
	   Memory (MB)          :    31           1       999 
...
000 (29409.016.000) 01/25 14:11:44 Job submitted from host: <172.16.11.200:9618?addrs=172.16.11.200-9618&noUDP&sock=14877_46f2_4>
...
001 (29409.016.000) 01/25 15:07:14 Job executing on host: <172.16.11.233:9618?addrs=172.16.11.233-9618&alias=pc-farm3&noUDP&sock=startd_4556_edfa>
...
006 (29409.016.000) 01/25 15:07:23 Image size of job updated: 34268
	34  -  MemoryUsage of job (MB)
	34268  -  ResidentSetSize of job (KB)
...
006 (29409.016.000) 01/25 15:27:25 Image size of job updated: 34404
	34  -  MemoryUsage of job (MB)
	34404  -  ResidentSetSize of job (KB)
...
006 (29409.016.000) 01/25 16:02:30 Image size of job updated: 34448
	34  -  MemoryUsage of job (MB)
	34448  -  ResidentSetSize of job (KB)
...
006 (29409.016.000) 01/25 17:22:37 Image size of job updated: 34528
	34  -  MemoryUsage of job (MB)
	34528  -  ResidentSetSize of job (KB)
...
005 (29409.016.000) 01/25 19:11:25 Job terminated.
	(1) Normal termination (return value 0)
		Usr 0 04:04:09, Sys 0 00:00:00  -  Run Remote Usage
		Usr 0 00:00:00, Sys 0 00:00:00  -  Run Local Usage
		Usr 0 04:04:09, Sys 0 00:00:00  -  Total Remote Usage
		Usr 0 00:00:00, Sys 0 00:00:00  -  Total Local Usage
	0  -  Run Bytes Sent By Job
	0  -  Run Bytes Received By Job
	0  -  Total Bytes Sent By Job
	0  -  Total Bytes Received By Job
	Partitionable Resources :    Usage  Request Allocated 
	   Cpus                 :     1.00        1         1 
	   Disk (KB)            :     1           1    254050 
	   Memory (MB)          :    34           1      1005 
...
000 (29675.016.000) 01/30 10:58:36 Job submitted from host: <172.16.11.200:9618?addrs=172.16.11.200-9618&noUDP&sock=14877_46f2_4>
...
001 (29675.016.000) 01/30 12:18:43 Job executing on host: <172.16.11.233:9618?addrs=172.16.11.233-9618&alias=pc-farm3&noUDP&sock=startd_4556_edfa>
...
006 (29675.016.000) 01/30 12:18:53 Image size of job updated: 35316
	35  -  MemoryUsage of job (MB)
	35316  -  ResidentSetSize of job (KB)
...
006 (29675.016.000) 01/30 12:38:56 Image size of job updated: 35356
	35  -  MemoryUsage of job (MB)
	35356  -  ResidentSetSize of job (KB)
...
006 (29675.016.000) 01/30 13:13:58 Image size of job updated: 35404
	35  -  MemoryUsage of job (MB)
	35404  -  ResidentSetSize of job (KB)
...
006 (29675.016.000) 01/30 13:28:59 Image size of job updated: 35424
	35  -  MemoryUsage of job (MB)
	35424  -  ResidentSetSize of job (KB)
...
006 (29675.016.000) 01/30 13:44:00 Image size of job updated: 35444
	35  -  MemoryUsage of job (MB)
	35444  -  ResidentSetSize of job (KB)
...
005 (29675.016.000) 01/30 15:04:02 Job terminated.
	(1) Normal termination (return value 0)
		Usr 0 02:45:06, Sys 0 00:00:02  -  Run Remote Usage
		Usr 0 00:00:00, Sys 0 00:00:00  -  Run Local Usage
		Usr 0 02:45:06, Sys 0 00:00:02  -  Total Remote Usage
		Usr 0 00:00:00, Sys 0 00:00:00  -  Total Local Usage
	0  -  Run Bytes Sent By Job
	0  -  Run Bytes Received By Job
	0  -  Total Bytes Sent By Job
	0  -  Total Bytes Received By Job
	Partitionable Resources :    Usage  Request Allocated 
	   Cpus                 :     1.00        1         1 
	   Disk (KB)            :     1           1    254050 
	   Memory (MB)          :    35           1      1005 
...
