000 (29320.017.000) 01/22 08:34:52 Job submitted from host: <172.16.11.200:9618?addrs=172.16.11.200-9618&noUDP&sock=14877_46f2_4>
...
001 (29320.017.000) 01/22 09:11:00 Job executing on host: <172.16.11.231:9618?addrs=172.16.11.231-9618&noUDP&sock=startd_22895_f54e_4>
...
006 (29320.017.000) 01/22 09:11:08 Image size of job updated: 31700
	31  -  MemoryUsage of job (MB)
	31700  -  ResidentSetSize of job (KB)
...
006 (29320.017.000) 01/22 10:36:17 Image size of job updated: 31764
	32  -  MemoryUsage of job (MB)
	31764  -  ResidentSetSize of job (KB)
...
006 (29320.017.000) 01/22 16:51:06 Image size of job updated: 419680
	32  -  MemoryUsage of job (MB)
	31764  -  ResidentSetSize of job (KB)
...
005 (29320.017.000) 01/22 16:51:06 Job terminated.
	(1) Normal termination (return value 0)
		Usr 0 07:12:39, Sys 0 00:00:48  -  Run Remote Usage
		Usr 0 00:00:00, Sys 0 00:00:00  -  Run Local Usage
		Usr 0 07:12:39, Sys 0 00:00:48  -  Total Remote Usage
		Usr 0 00:00:00, Sys 0 00:00:00  -  Total Local Usage
	0  -  Run Bytes Sent By Job
	0  -  Run Bytes Received By Job
	0  -  Total Bytes Sent By Job
	0  -  Total Bytes Received By Job
	Partitionable Resources :    Usage  Request Allocated 
	   Cpus                 :     0.79        1         1 
	   Disk (KB)            :     1           1    241059 
	   Memory (MB)          :    32           1      2008 
...
000 (29355.017.000) 01/24 09:27:33 Job submitted from host: <172.16.11.200:9618?addrs=172.16.11.200-9618&noUDP&sock=14877_46f2_4>
...
001 (29355.017.000) 01/24 09:27:51 Job executing on host: <172.16.11.232:9618?addrs=172.16.11.232-9618&alias=pc-farm2&noUDP&sock=startd_4986_dfb4_4>
...
006 (29355.017.000) 01/24 09:28:00 Image size of job updated: 31396
	31  -  MemoryUsage of job (MB)
	31396  -  ResidentSetSize of job (KB)
...
006 (29355.017.000) 01/24 10:23:05 Image size of job updated: 31720
	31  -  MemoryUsage of job (MB)
	31720  -  ResidentSetSize of job (KB)
...
005 (29355.017.000) 01/24 12:33:44 Job terminated.
	(1) Normal termination (return value 0)
		Usr 0 03:05:51, Sys 0 00:00:00  -  Run Remote Usage
		Usr 0 00:00:00, Sys 0 00:00:00  -  Run Local Usage
		Usr 0 03:05:51, Sys 0 00:00:00  -  Total Remote Usage
		Usr 0 00:00:00, Sys 0 00:00:00  -  Total Local Usage
	0  -  Run Bytes Sent By Job
	0  -  Run Bytes Received By Job
	0  -  Total Bytes Sent By Job
	0  -  Total Bytes Received By Job
	Partitionable Resources :    Usage  Request Allocated 
	   Cpus                 :     1.00        1         1 
	   Disk (KB)            :     1           1    245927 
	   Memory (MB)          :    31           1      1005 
...
000 (29411.017.000) 01/25 14:11:50 Job submitted from host: <172.16.11.200:9618?addrs=172.16.11.200-9618&noUDP&sock=14877_46f2_4>
...
001 (29411.017.000) 01/25 15:27:14 Job executing on host: <172.16.11.234:9618?addrs=172.16.11.234-9618&alias=pc-farm4&noUDP&sock=startd_5195_3aff>
...
006 (29411.017.000) 01/25 15:27:23 Image size of job updated: 31480
	31  -  MemoryUsage of job (MB)
	31480  -  ResidentSetSize of job (KB)
...
006 (29411.017.000) 01/25 15:32:24 Image size of job updated: 419772
	31  -  MemoryUsage of job (MB)
	31480  -  ResidentSetSize of job (KB)
...
006 (29411.017.000) 01/25 15:57:26 Image size of job updated: 419780
	31  -  MemoryUsage of job (MB)
	31484  -  ResidentSetSize of job (KB)
...
005 (29411.017.000) 01/25 20:52:09 Job terminated.
	(1) Normal termination (return value 0)
		Usr 0 04:52:35, Sys 0 00:00:00  -  Run Remote Usage
		Usr 0 00:00:00, Sys 0 00:00:00  -  Run Local Usage
		Usr 0 04:52:35, Sys 0 00:00:00  -  Total Remote Usage
		Usr 0 00:00:00, Sys 0 00:00:00  -  Total Local Usage
	0  -  Run Bytes Sent By Job
	0  -  Run Bytes Received By Job
	0  -  Total Bytes Sent By Job
	0  -  Total Bytes Received By Job
	Partitionable Resources :    Usage  Request Allocated 
	   Cpus                 :     0.85        1         1 
	   Disk (KB)            :     1           1    255907 
	   Memory (MB)          :    31           1       999 
...
000 (29653.017.000) 01/29 16:52:19 Job submitted from host: <172.16.11.200:9618?addrs=172.16.11.200-9618&noUDP&sock=14877_46f2_4>
...
001 (29653.017.000) 01/29 18:39:38 Job executing on host: <172.16.11.231:9618?addrs=172.16.11.231-9618&noUDP&sock=startd_22895_f54e_4>
...
006 (29653.017.000) 01/29 18:39:46 Image size of job updated: 31736
	31  -  MemoryUsage of job (MB)
	31736  -  ResidentSetSize of job (KB)
...
006 (29653.017.000) 01/29 19:24:50 Image size of job updated: 31792
	32  -  MemoryUsage of job (MB)
	31792  -  ResidentSetSize of job (KB)
...
005 (29653.017.000) 01/29 19:27:22 Job terminated.
	(1) Normal termination (return value 0)
		Usr 0 00:47:40, Sys 0 00:00:02  -  Run Remote Usage
		Usr 0 00:00:00, Sys 0 00:00:00  -  Run Local Usage
		Usr 0 00:47:40, Sys 0 00:00:02  -  Total Remote Usage
		Usr 0 00:00:00, Sys 0 00:00:00  -  Total Local Usage
	0  -  Run Bytes Sent By Job
	0  -  Run Bytes Received By Job
	0  -  Total Bytes Sent By Job
	0  -  Total Bytes Received By Job
	Partitionable Resources :    Usage  Request Allocated 
	   Cpus                 :     1.00        1         1 
	   Disk (KB)            :     1           1    241059 
	   Memory (MB)          :    32           1      2008 
...
000 (29677.017.000) 01/30 10:58:42 Job submitted from host: <172.16.11.200:9618?addrs=172.16.11.200-9618&noUDP&sock=14877_46f2_4>
...
001 (29677.017.000) 01/30 12:48:43 Job executing on host: <172.16.11.232:9618?addrs=172.16.11.232-9618&alias=pc-farm2&noUDP&sock=startd_4986_dfb4_4>
...
006 (29677.017.000) 01/30 12:48:52 Image size of job updated: 31684
	31  -  MemoryUsage of job (MB)
	31684  -  ResidentSetSize of job (KB)
...
005 (29677.017.000) 01/30 13:34:25 Job terminated.
	(1) Normal termination (return value 0)
		Usr 0 00:45:33, Sys 0 00:00:00  -  Run Remote Usage
		Usr 0 00:00:00, Sys 0 00:00:00  -  Run Local Usage
		Usr 0 00:45:33, Sys 0 00:00:00  -  Total Remote Usage
		Usr 0 00:00:00, Sys 0 00:00:00  -  Total Local Usage
	0  -  Run Bytes Sent By Job
	0  -  Run Bytes Received By Job
	0  -  Total Bytes Sent By Job
	0  -  Total Bytes Received By Job
	Partitionable Resources :    Usage  Request Allocated 
	   Cpus                 :     1.00        1         1 
	   Disk (KB)            :     1           1    245927 
	   Memory (MB)          :    31           1      1005 
...
000 (29692.017.000) 01/30 17:50:45 Job submitted from host: <172.16.11.200:9618?addrs=172.16.11.200-9618&noUDP&sock=14877_46f2_4>
...
001 (29692.017.000) 01/30 19:46:09 Job executing on host: <172.16.11.233:9618?addrs=172.16.11.233-9618&alias=pc-farm3&noUDP&sock=startd_4556_edfa>
...
006 (29692.017.000) 01/30 19:46:18 Image size of job updated: 34792
	34  -  MemoryUsage of job (MB)
	34792  -  ResidentSetSize of job (KB)
...
006 (29692.017.000) 01/30 20:21:22 Image size of job updated: 34796
	34  -  MemoryUsage of job (MB)
	34796  -  ResidentSetSize of job (KB)
...
006 (29692.017.000) 01/30 20:26:23 Image size of job updated: 34804
	34  -  MemoryUsage of job (MB)
	34804  -  ResidentSetSize of job (KB)
...
006 (29692.017.000) 01/30 20:31:24 Image size of job updated: 34808
	34  -  MemoryUsage of job (MB)
	34808  -  ResidentSetSize of job (KB)
...
006 (29692.017.000) 01/30 20:36:24 Image size of job updated: 34816
	34  -  MemoryUsage of job (MB)
	34816  -  ResidentSetSize of job (KB)
...
006 (29692.017.000) 01/30 20:41:25 Image size of job updated: 34824
	35  -  MemoryUsage of job (MB)
	34824  -  ResidentSetSize of job (KB)
...
006 (29692.017.000) 01/30 20:46:26 Image size of job updated: 34828
	35  -  MemoryUsage of job (MB)
	34828  -  ResidentSetSize of job (KB)
...
006 (29692.017.000) 01/30 20:51:26 Image size of job updated: 34836
	35  -  MemoryUsage of job (MB)
	34836  -  ResidentSetSize of job (KB)
...
006 (29692.017.000) 01/30 20:56:27 Image size of job updated: 34844
	35  -  MemoryUsage of job (MB)
	34844  -  ResidentSetSize of job (KB)
...
006 (29692.017.000) 01/30 21:01:28 Image size of job updated: 34848
	35  -  MemoryUsage of job (MB)
	34848  -  ResidentSetSize of job (KB)
...
006 (29692.017.000) 01/30 21:06:28 Image size of job updated: 34856
	35  -  MemoryUsage of job (MB)
	34856  -  ResidentSetSize of job (KB)
...
006 (29692.017.000) 01/30 21:11:29 Image size of job updated: 34864
	35  -  MemoryUsage of job (MB)
	34864  -  ResidentSetSize of job (KB)
...
006 (29692.017.000) 01/30 21:16:30 Image size of job updated: 34868
	35  -  MemoryUsage of job (MB)
	34868  -  ResidentSetSize of job (KB)
...
006 (29692.017.000) 01/30 21:21:30 Image size of job updated: 34876
	35  -  MemoryUsage of job (MB)
	34876  -  ResidentSetSize of job (KB)
...
006 (29692.017.000) 01/30 21:26:31 Image size of job updated: 34884
	35  -  MemoryUsage of job (MB)
	34884  -  ResidentSetSize of job (KB)
...
006 (29692.017.000) 01/30 21:31:32 Image size of job updated: 34888
	35  -  MemoryUsage of job (MB)
	34888  -  ResidentSetSize of job (KB)
...
006 (29692.017.000) 01/30 21:36:32 Image size of job updated: 34896
	35  -  MemoryUsage of job (MB)
	34896  -  ResidentSetSize of job (KB)
...
006 (29692.017.000) 01/30 21:41:32 Image size of job updated: 34904
	35  -  MemoryUsage of job (MB)
	34904  -  ResidentSetSize of job (KB)
...
006 (29692.017.000) 01/30 21:46:33 Image size of job updated: 34908
	35  -  MemoryUsage of job (MB)
	34908  -  ResidentSetSize of job (KB)
...
006 (29692.017.000) 01/30 21:51:33 Image size of job updated: 34916
	35  -  MemoryUsage of job (MB)
	34916  -  ResidentSetSize of job (KB)
...
006 (29692.017.000) 01/30 21:56:33 Image size of job updated: 34924
	35  -  MemoryUsage of job (MB)
	34924  -  ResidentSetSize of job (KB)
...
006 (29692.017.000) 01/30 22:01:34 Image size of job updated: 34932
	35  -  MemoryUsage of job (MB)
	34932  -  ResidentSetSize of job (KB)
...
006 (29692.017.000) 01/30 22:06:34 Image size of job updated: 34940
	35  -  MemoryUsage of job (MB)
	34940  -  ResidentSetSize of job (KB)
...
006 (29692.017.000) 01/30 22:11:34 Image size of job updated: 34948
	35  -  MemoryUsage of job (MB)
	34948  -  ResidentSetSize of job (KB)
...
006 (29692.017.000) 01/30 22:16:35 Image size of job updated: 34956
	35  -  MemoryUsage of job (MB)
	34956  -  ResidentSetSize of job (KB)
...
006 (29692.017.000) 01/30 22:21:35 Image size of job updated: 34964
	35  -  MemoryUsage of job (MB)
	34964  -  ResidentSetSize of job (KB)
...
006 (29692.017.000) 01/30 22:26:35 Image size of job updated: 34968
	35  -  MemoryUsage of job (MB)
	34968  -  ResidentSetSize of job (KB)
...
006 (29692.017.000) 01/30 22:31:36 Image size of job updated: 35100
	35  -  MemoryUsage of job (MB)
	35100  -  ResidentSetSize of job (KB)
...
006 (29692.017.000) 01/30 22:41:36 Image size of job updated: 35116
	35  -  MemoryUsage of job (MB)
	35116  -  ResidentSetSize of job (KB)
...
005 (29692.017.000) 01/30 22:46:52 Job terminated.
	(1) Normal termination (return value 0)
		Usr 0 03:00:12, Sys 0 00:00:05  -  Run Remote Usage
		Usr 0 00:00:00, Sys 0 00:00:00  -  Run Local Usage
		Usr 0 03:00:12, Sys 0 00:00:05  -  Total Remote Usage
		Usr 0 00:00:00, Sys 0 00:00:00  -  Total Local Usage
	0  -  Run Bytes Sent By Job
	0  -  Run Bytes Received By Job
	0  -  Total Bytes Sent By Job
	0  -  Total Bytes Received By Job
	Partitionable Resources :    Usage  Request Allocated 
	   Cpus                 :     1.00        1         1 
	   Disk (KB)            :     1           1    254050 
	   Memory (MB)          :    35           1      1005 
...
