000 (29320.022.000) 01/22 08:34:52 Job submitted from host: <172.16.11.200:9618?addrs=172.16.11.200-9618&noUDP&sock=14877_46f2_4>
...
001 (29320.022.000) 01/22 09:12:10 Job executing on host: <172.16.11.231:9618?addrs=172.16.11.231-9618&noUDP&sock=startd_22895_f54e_4>
...
006 (29320.022.000) 01/22 09:12:18 Image size of job updated: 31204
	31  -  MemoryUsage of job (MB)
	31204  -  ResidentSetSize of job (KB)
...
006 (29320.022.000) 01/22 10:37:27 Image size of job updated: 31260
	31  -  MemoryUsage of job (MB)
	31260  -  ResidentSetSize of job (KB)
...
005 (29320.022.000) 01/22 16:53:46 Job terminated.
	(1) Normal termination (return value 0)
		Usr 0 07:14:02, Sys 0 00:00:52  -  Run Remote Usage
		Usr 0 00:00:00, Sys 0 00:00:00  -  Run Local Usage
		Usr 0 07:14:02, Sys 0 00:00:52  -  Total Remote Usage
		Usr 0 00:00:00, Sys 0 00:00:00  -  Total Local Usage
	0  -  Run Bytes Sent By Job
	0  -  Run Bytes Received By Job
	0  -  Total Bytes Sent By Job
	0  -  Total Bytes Received By Job
	Partitionable Resources :    Usage  Request Allocated 
	   Cpus                 :     0.89        1         1 
	   Disk (KB)            :     1           1    241059 
	   Memory (MB)          :    31           1      2008 
...
000 (29355.022.000) 01/24 09:27:33 Job submitted from host: <172.16.11.200:9618?addrs=172.16.11.200-9618&noUDP&sock=14877_46f2_4>
...
001 (29355.022.000) 01/24 09:27:54 Job executing on host: <172.16.11.232:9618?addrs=172.16.11.232-9618&alias=pc-farm2&noUDP&sock=startd_4986_dfb4_4>
...
006 (29355.022.000) 01/24 09:28:03 Image size of job updated: 31508
	31  -  MemoryUsage of job (MB)
	31508  -  ResidentSetSize of job (KB)
...
006 (29355.022.000) 01/24 10:23:09 Image size of job updated: 31572
	31  -  MemoryUsage of job (MB)
	31572  -  ResidentSetSize of job (KB)
...
005 (29355.022.000) 01/24 12:41:43 Job terminated.
	(1) Normal termination (return value 0)
		Usr 0 03:13:47, Sys 0 00:00:00  -  Run Remote Usage
		Usr 0 00:00:00, Sys 0 00:00:00  -  Run Local Usage
		Usr 0 03:13:47, Sys 0 00:00:00  -  Total Remote Usage
		Usr 0 00:00:00, Sys 0 00:00:00  -  Total Local Usage
	0  -  Run Bytes Sent By Job
	0  -  Run Bytes Received By Job
	0  -  Total Bytes Sent By Job
	0  -  Total Bytes Received By Job
	Partitionable Resources :    Usage  Request Allocated 
	   Cpus                 :     1.00        1         1 
	   Disk (KB)            :     1           1    245927 
	   Memory (MB)          :    31           1      1005 
...
000 (29411.022.000) 01/25 14:11:50 Job submitted from host: <172.16.11.200:9618?addrs=172.16.11.200-9618&noUDP&sock=14877_46f2_4>
...
001 (29411.022.000) 01/25 15:29:14 Job executing on host: <172.16.11.232:9618?addrs=172.16.11.232-9618&alias=pc-farm2&noUDP&sock=startd_4986_dfb4_4>
...
006 (29411.022.000) 01/25 15:29:23 Image size of job updated: 31540
	31  -  MemoryUsage of job (MB)
	31540  -  ResidentSetSize of job (KB)
...
006 (29411.022.000) 01/25 15:54:25 Image size of job updated: 31600
	31  -  MemoryUsage of job (MB)
	31600  -  ResidentSetSize of job (KB)
...
005 (29411.022.000) 01/25 19:41:19 Job terminated.
	(1) Normal termination (return value 0)
		Usr 0 04:11:58, Sys 0 00:00:00  -  Run Remote Usage
		Usr 0 00:00:00, Sys 0 00:00:00  -  Run Local Usage
		Usr 0 04:11:58, Sys 0 00:00:00  -  Total Remote Usage
		Usr 0 00:00:00, Sys 0 00:00:00  -  Total Local Usage
	0  -  Run Bytes Sent By Job
	0  -  Run Bytes Received By Job
	0  -  Total Bytes Sent By Job
	0  -  Total Bytes Received By Job
	Partitionable Resources :    Usage  Request Allocated 
	   Cpus                 :     1.00        1         1 
	   Disk (KB)            :     1           1    245927 
	   Memory (MB)          :    31           1      1005 
...
000 (29653.022.000) 01/29 16:52:19 Job submitted from host: <172.16.11.200:9618?addrs=172.16.11.200-9618&noUDP&sock=14877_46f2_4>
...
001 (29653.022.000) 01/29 18:40:37 Job executing on host: <172.16.11.231:9618?addrs=172.16.11.231-9618&noUDP&sock=startd_22895_f54e_4>
...
006 (29653.022.000) 01/29 18:40:45 Image size of job updated: 31460
	31  -  MemoryUsage of job (MB)
	31460  -  ResidentSetSize of job (KB)
...
006 (29653.022.000) 01/29 19:25:49 Image size of job updated: 31516
	31  -  MemoryUsage of job (MB)
	31516  -  ResidentSetSize of job (KB)
...
006 (29653.022.000) 01/29 19:35:02 Image size of job updated: 419680
	31  -  MemoryUsage of job (MB)
	31516  -  ResidentSetSize of job (KB)
...
005 (29653.022.000) 01/29 19:35:02 Job terminated.
	(1) Normal termination (return value 0)
		Usr 0 00:54:20, Sys 0 00:00:03  -  Run Remote Usage
		Usr 0 00:00:00, Sys 0 00:00:00  -  Run Local Usage
		Usr 0 00:54:20, Sys 0 00:00:03  -  Total Remote Usage
		Usr 0 00:00:00, Sys 0 00:00:00  -  Total Local Usage
	0  -  Run Bytes Sent By Job
	0  -  Run Bytes Received By Job
	0  -  Total Bytes Sent By Job
	0  -  Total Bytes Received By Job
	Partitionable Resources :    Usage  Request Allocated 
	   Cpus                 :     1.00        1         1 
	   Disk (KB)            :     1           1    241059 
	   Memory (MB)          :    31           1      2008 
...
000 (29677.022.000) 01/30 10:58:42 Job submitted from host: <172.16.11.200:9618?addrs=172.16.11.200-9618&noUDP&sock=14877_46f2_4>
...
001 (29677.022.000) 01/30 12:49:43 Job executing on host: <172.16.11.231:9618?addrs=172.16.11.231-9618&noUDP&sock=startd_22895_f54e_4>
...
006 (29677.022.000) 01/30 12:49:52 Image size of job updated: 31672
	31  -  MemoryUsage of job (MB)
	31672  -  ResidentSetSize of job (KB)
...
005 (29677.022.000) 01/30 13:35:23 Job terminated.
	(1) Normal termination (return value 0)
		Usr 0 00:45:36, Sys 0 00:00:02  -  Run Remote Usage
		Usr 0 00:00:00, Sys 0 00:00:00  -  Run Local Usage
		Usr 0 00:45:36, Sys 0 00:00:02  -  Total Remote Usage
		Usr 0 00:00:00, Sys 0 00:00:00  -  Total Local Usage
	0  -  Run Bytes Sent By Job
	0  -  Run Bytes Received By Job
	0  -  Total Bytes Sent By Job
	0  -  Total Bytes Received By Job
	Partitionable Resources :    Usage  Request Allocated 
	   Cpus                 :     1.00        1         1 
	   Disk (KB)            :     1           1    241059 
	   Memory (MB)          :    31           1      2008 
...
000 (29692.022.000) 01/30 17:50:45 Job submitted from host: <172.16.11.200:9618?addrs=172.16.11.200-9618&noUDP&sock=14877_46f2_4>
...
001 (29692.022.000) 01/30 20:01:50 Job executing on host: <172.16.11.233:9618?addrs=172.16.11.233-9618&alias=pc-farm3&noUDP&sock=startd_4556_edfa>
...
006 (29692.022.000) 01/30 20:02:00 Image size of job updated: 34768
	34  -  MemoryUsage of job (MB)
	34768  -  ResidentSetSize of job (KB)
...
006 (29692.022.000) 01/30 21:47:12 Image size of job updated: 34772
	34  -  MemoryUsage of job (MB)
	34772  -  ResidentSetSize of job (KB)
...
006 (29692.022.000) 01/30 21:52:12 Image size of job updated: 34776
	34  -  MemoryUsage of job (MB)
	34776  -  ResidentSetSize of job (KB)
...
006 (29692.022.000) 01/30 21:57:13 Image size of job updated: 34784
	34  -  MemoryUsage of job (MB)
	34784  -  ResidentSetSize of job (KB)
...
006 (29692.022.000) 01/30 22:02:14 Image size of job updated: 34792
	34  -  MemoryUsage of job (MB)
	34792  -  ResidentSetSize of job (KB)
...
006 (29692.022.000) 01/30 22:07:14 Image size of job updated: 34800
	34  -  MemoryUsage of job (MB)
	34800  -  ResidentSetSize of job (KB)
...
006 (29692.022.000) 01/30 22:12:15 Image size of job updated: 34808
	34  -  MemoryUsage of job (MB)
	34808  -  ResidentSetSize of job (KB)
...
006 (29692.022.000) 01/30 22:17:16 Image size of job updated: 34816
	34  -  MemoryUsage of job (MB)
	34816  -  ResidentSetSize of job (KB)
...
006 (29692.022.000) 01/30 22:22:16 Image size of job updated: 34824
	35  -  MemoryUsage of job (MB)
	34824  -  ResidentSetSize of job (KB)
...
006 (29692.022.000) 01/30 22:27:16 Image size of job updated: 34832
	35  -  MemoryUsage of job (MB)
	34832  -  ResidentSetSize of job (KB)
...
006 (29692.022.000) 01/30 22:32:17 Image size of job updated: 34964
	35  -  MemoryUsage of job (MB)
	34964  -  ResidentSetSize of job (KB)
...
005 (29692.022.000) 01/30 23:03:18 Job terminated.
	(1) Normal termination (return value 0)
		Usr 0 03:01:00, Sys 0 00:00:05  -  Run Remote Usage
		Usr 0 00:00:00, Sys 0 00:00:00  -  Run Local Usage
		Usr 0 03:01:00, Sys 0 00:00:05  -  Total Remote Usage
		Usr 0 00:00:00, Sys 0 00:00:00  -  Total Local Usage
	0  -  Run Bytes Sent By Job
	0  -  Run Bytes Received By Job
	0  -  Total Bytes Sent By Job
	0  -  Total Bytes Received By Job
	Partitionable Resources :    Usage  Request Allocated 
	   Cpus                 :     1.00        1         1 
	   Disk (KB)            :     1           1    254050 
	   Memory (MB)          :    35           1      1005 
...
