000 (29319.014.000) 01/22 08:34:44 Job submitted from host: <172.16.11.200:9618?addrs=172.16.11.200-9618&noUDP&sock=14877_46f2_4>
...
001 (29319.014.000) 01/22 09:02:05 Job executing on host: <172.16.11.231:9618?addrs=172.16.11.231-9618&noUDP&sock=startd_22895_f54e_4>
...
006 (29319.014.000) 01/22 09:02:13 Image size of job updated: 31548
	31  -  MemoryUsage of job (MB)
	31548  -  ResidentSetSize of job (KB)
...
006 (29319.014.000) 01/22 09:07:13 Image size of job updated: 31692
	31  -  MemoryUsage of job (MB)
	31692  -  ResidentSetSize of job (KB)
...
005 (29319.014.000) 01/22 09:10:59 Job terminated.
	(1) Normal termination (return value 0)
		Usr 0 00:08:53, Sys 0 00:00:00  -  Run Remote Usage
		Usr 0 00:00:00, Sys 0 00:00:00  -  Run Local Usage
		Usr 0 00:08:53, Sys 0 00:00:00  -  Total Remote Usage
		Usr 0 00:00:00, Sys 0 00:00:00  -  Total Local Usage
	0  -  Run Bytes Sent By Job
	0  -  Run Bytes Received By Job
	0  -  Total Bytes Sent By Job
	0  -  Total Bytes Received By Job
	Partitionable Resources :    Usage  Request Allocated 
	   Cpus                 :     1.00        1         1 
	   Disk (KB)            :     1           1    241059 
	   Memory (MB)          :    31           1      2008 
...
000 (29357.014.000) 01/24 09:27:43 Job submitted from host: <172.16.11.200:9618?addrs=172.16.11.200-9618&noUDP&sock=14877_46f2_4>
...
001 (29357.014.000) 01/24 09:28:13 Job executing on host: <172.16.11.232:9618?addrs=172.16.11.232-9618&alias=pc-farm2&noUDP&sock=startd_4986_dfb4_4>
...
006 (29357.014.000) 01/24 09:28:22 Image size of job updated: 31312
	31  -  MemoryUsage of job (MB)
	31312  -  ResidentSetSize of job (KB)
...
006 (29357.014.000) 01/24 10:33:29 Image size of job updated: 31440
	31  -  MemoryUsage of job (MB)
	31440  -  ResidentSetSize of job (KB)
...
006 (29357.014.000) 01/24 12:52:51 Image size of job updated: 419816
	31  -  MemoryUsage of job (MB)
	31440  -  ResidentSetSize of job (KB)
...
005 (29357.014.000) 01/24 12:52:51 Job terminated.
	(1) Normal termination (return value 0)
		Usr 0 03:24:37, Sys 0 00:00:00  -  Run Remote Usage
		Usr 0 00:00:00, Sys 0 00:00:00  -  Run Local Usage
		Usr 0 03:24:37, Sys 0 00:00:00  -  Total Remote Usage
		Usr 0 00:00:00, Sys 0 00:00:00  -  Total Local Usage
	0  -  Run Bytes Sent By Job
	0  -  Run Bytes Received By Job
	0  -  Total Bytes Sent By Job
	0  -  Total Bytes Received By Job
	Partitionable Resources :    Usage  Request Allocated 
	   Cpus                 :     1.00        1         1 
	   Disk (KB)            :     1           1    245927 
	   Memory (MB)          :    31           1      1005 
...
000 (29413.014.000) 01/25 14:12:11 Job submitted from host: <172.16.11.200:9618?addrs=172.16.11.200-9618&noUDP&sock=14877_46f2_4>
...
001 (29413.014.000) 01/25 16:02:15 Job executing on host: <172.16.11.231:9618?addrs=172.16.11.231-9618&noUDP&sock=startd_22895_f54e_4>
...
006 (29413.014.000) 01/25 16:02:24 Image size of job updated: 31560
	31  -  MemoryUsage of job (MB)
	31560  -  ResidentSetSize of job (KB)
...
005 (29413.014.000) 01/25 21:52:46 Job terminated.
	(1) Normal termination (return value 0)
		Usr 0 05:47:20, Sys 0 00:00:01  -  Run Remote Usage
		Usr 0 00:00:00, Sys 0 00:00:00  -  Run Local Usage
		Usr 0 05:47:20, Sys 0 00:00:01  -  Total Remote Usage
		Usr 0 00:00:00, Sys 0 00:00:00  -  Total Local Usage
	0  -  Run Bytes Sent By Job
	0  -  Run Bytes Received By Job
	0  -  Total Bytes Sent By Job
	0  -  Total Bytes Received By Job
	Partitionable Resources :    Usage  Request Allocated 
	   Cpus                 :     1.00        1         1 
	   Disk (KB)            :     1           1    241059 
	   Memory (MB)          :    31           1      2008 
...
000 (29678.014.000) 01/30 10:58:48 Job submitted from host: <172.16.11.200:9618?addrs=172.16.11.200-9618&noUDP&sock=14877_46f2_4>
...
001 (29678.014.000) 01/30 12:59:44 Job executing on host: <172.16.11.232:9618?addrs=172.16.11.232-9618&alias=pc-farm2&noUDP&sock=startd_4986_dfb4_4>
...
006 (29678.014.000) 01/30 12:59:53 Image size of job updated: 31648
	31  -  MemoryUsage of job (MB)
	31648  -  ResidentSetSize of job (KB)
...
006 (29678.014.000) 01/30 14:40:03 Image size of job updated: 32412
	32  -  MemoryUsage of job (MB)
	32412  -  ResidentSetSize of job (KB)
...
005 (29678.014.000) 01/30 15:58:23 Job terminated.
	(1) Normal termination (return value 0)
		Usr 0 02:58:28, Sys 0 00:00:02  -  Run Remote Usage
		Usr 0 00:00:00, Sys 0 00:00:00  -  Run Local Usage
		Usr 0 02:58:28, Sys 0 00:00:02  -  Total Remote Usage
		Usr 0 00:00:00, Sys 0 00:00:00  -  Total Local Usage
	0  -  Run Bytes Sent By Job
	0  -  Run Bytes Received By Job
	0  -  Total Bytes Sent By Job
	0  -  Total Bytes Received By Job
	Partitionable Resources :    Usage  Request Allocated 
	   Cpus                 :     1.00        1         1 
	   Disk (KB)            :     1           1    245927 
	   Memory (MB)          :    32           1      1005 
...
