000 (29320.005.000) 01/22 08:34:52 Job submitted from host: <172.16.11.200:9618?addrs=172.16.11.200-9618&noUDP&sock=14877_46f2_4>
...
001 (29320.005.000) 01/22 09:07:00 Job executing on host: <172.16.11.233:9618?addrs=172.16.11.233-9618&alias=pc-farm3&noUDP&sock=startd_4556_edfa>
...
006 (29320.005.000) 01/22 09:07:09 Image size of job updated: 36004
	36  -  MemoryUsage of job (MB)
	36004  -  ResidentSetSize of job (KB)
...
005 (29320.005.000) 01/22 15:23:21 Job terminated.
	(1) Normal termination (return value 0)
		Usr 0 05:48:08, Sys 0 00:00:01  -  Run Remote Usage
		Usr 0 00:00:00, Sys 0 00:00:00  -  Run Local Usage
		Usr 0 05:48:08, Sys 0 00:00:01  -  Total Remote Usage
		Usr 0 00:00:00, Sys 0 00:00:00  -  Total Local Usage
	0  -  Run Bytes Sent By Job
	0  -  Run Bytes Received By Job
	0  -  Total Bytes Sent By Job
	0  -  Total Bytes Received By Job
	Partitionable Resources :    Usage  Request Allocated 
	   Cpus                 :     0.90        1         1 
	   Disk (KB)            :     1           1    254050 
	   Memory (MB)          :    36           1      1005 
...
000 (29355.005.000) 01/24 09:27:33 Job submitted from host: <172.16.11.200:9618?addrs=172.16.11.200-9618&noUDP&sock=14877_46f2_4>
...
001 (29355.005.000) 01/24 09:27:46 Job executing on host: <172.16.11.232:9618?addrs=172.16.11.232-9618&alias=pc-farm2&noUDP&sock=startd_4986_dfb4_4>
...
006 (29355.005.000) 01/24 09:27:55 Image size of job updated: 31460
	31  -  MemoryUsage of job (MB)
	31460  -  ResidentSetSize of job (KB)
...
006 (29355.005.000) 01/24 10:23:01 Image size of job updated: 31576
	31  -  MemoryUsage of job (MB)
	31576  -  ResidentSetSize of job (KB)
...
005 (29355.005.000) 01/24 12:59:24 Job terminated.
	(1) Normal termination (return value 0)
		Usr 0 03:31:37, Sys 0 00:00:00  -  Run Remote Usage
		Usr 0 00:00:00, Sys 0 00:00:00  -  Run Local Usage
		Usr 0 03:31:37, Sys 0 00:00:00  -  Total Remote Usage
		Usr 0 00:00:00, Sys 0 00:00:00  -  Total Local Usage
	0  -  Run Bytes Sent By Job
	0  -  Run Bytes Received By Job
	0  -  Total Bytes Sent By Job
	0  -  Total Bytes Received By Job
	Partitionable Resources :    Usage  Request Allocated 
	   Cpus                 :     1.00        1         1 
	   Disk (KB)            :     1           1    245927 
	   Memory (MB)          :    31           1      1005 
...
000 (29411.005.000) 01/25 14:11:50 Job submitted from host: <172.16.11.200:9618?addrs=172.16.11.200-9618&noUDP&sock=14877_46f2_4>
...
001 (29411.005.000) 01/25 15:23:14 Job executing on host: <172.16.11.234:9618?addrs=172.16.11.234-9618&alias=pc-farm4&noUDP&sock=startd_5195_3aff>
...
006 (29411.005.000) 01/25 15:23:23 Image size of job updated: 419772
	31  -  MemoryUsage of job (MB)
	31464  -  ResidentSetSize of job (KB)
...
006 (29411.005.000) 01/25 15:28:23 Image size of job updated: 419772
	31  -  MemoryUsage of job (MB)
	31472  -  ResidentSetSize of job (KB)
...
006 (29411.005.000) 01/25 15:53:26 Image size of job updated: 419780
	31  -  MemoryUsage of job (MB)
	31476  -  ResidentSetSize of job (KB)
...
005 (29411.005.000) 01/25 20:58:21 Job terminated.
	(1) Normal termination (return value 0)
		Usr 0 05:02:09, Sys 0 00:00:00  -  Run Remote Usage
		Usr 0 00:00:00, Sys 0 00:00:00  -  Run Local Usage
		Usr 0 05:02:09, Sys 0 00:00:00  -  Total Remote Usage
		Usr 0 00:00:00, Sys 0 00:00:00  -  Total Local Usage
	0  -  Run Bytes Sent By Job
	0  -  Run Bytes Received By Job
	0  -  Total Bytes Sent By Job
	0  -  Total Bytes Received By Job
	Partitionable Resources :    Usage  Request Allocated 
	   Cpus                 :     0.90        1         1 
	   Disk (KB)            :     1           1    255907 
	   Memory (MB)          :    31           1       999 
...
000 (29653.005.000) 01/29 16:52:19 Job submitted from host: <172.16.11.200:9618?addrs=172.16.11.200-9618&noUDP&sock=14877_46f2_4>
...
001 (29653.005.000) 01/29 18:37:38 Job executing on host: <172.16.11.233:9618?addrs=172.16.11.233-9618&alias=pc-farm3&noUDP&sock=startd_4556_edfa>
...
006 (29653.005.000) 01/29 18:37:49 Image size of job updated: 36276
	36  -  MemoryUsage of job (MB)
	36276  -  ResidentSetSize of job (KB)
...
006 (29653.005.000) 01/29 18:42:50 Image size of job updated: 36324
	36  -  MemoryUsage of job (MB)
	36324  -  ResidentSetSize of job (KB)
...
006 (29653.005.000) 01/29 18:47:50 Image size of job updated: 36356
	36  -  MemoryUsage of job (MB)
	36356  -  ResidentSetSize of job (KB)
...
006 (29653.005.000) 01/29 18:52:50 Image size of job updated: 36384
	36  -  MemoryUsage of job (MB)
	36384  -  ResidentSetSize of job (KB)
...
006 (29653.005.000) 01/29 18:57:51 Image size of job updated: 36540
	36  -  MemoryUsage of job (MB)
	36540  -  ResidentSetSize of job (KB)
...
005 (29653.005.000) 01/29 19:21:44 Job terminated.
	(1) Normal termination (return value 0)
		Usr 0 00:43:47, Sys 0 00:00:03  -  Run Remote Usage
		Usr 0 00:00:00, Sys 0 00:00:00  -  Run Local Usage
		Usr 0 00:43:47, Sys 0 00:00:03  -  Total Remote Usage
		Usr 0 00:00:00, Sys 0 00:00:00  -  Total Local Usage
	0  -  Run Bytes Sent By Job
	0  -  Run Bytes Received By Job
	0  -  Total Bytes Sent By Job
	0  -  Total Bytes Received By Job
	Partitionable Resources :    Usage  Request Allocated 
	   Cpus                 :     1.00        1         1 
	   Disk (KB)            :     1           1    254050 
	   Memory (MB)          :    36           1      1005 
...
000 (29677.005.000) 01/30 10:58:42 Job submitted from host: <172.16.11.200:9618?addrs=172.16.11.200-9618&noUDP&sock=14877_46f2_4>
...
001 (29677.005.000) 01/30 12:42:44 Job executing on host: <172.16.11.231:9618?addrs=172.16.11.231-9618&noUDP&sock=startd_22895_f54e_4>
...
006 (29677.005.000) 01/30 12:42:53 Image size of job updated: 31720
	31  -  MemoryUsage of job (MB)
	31720  -  ResidentSetSize of job (KB)
...
005 (29677.005.000) 01/30 13:27:50 Job terminated.
	(1) Normal termination (return value 0)
		Usr 0 00:45:05, Sys 0 00:00:00  -  Run Remote Usage
		Usr 0 00:00:00, Sys 0 00:00:00  -  Run Local Usage
		Usr 0 00:45:05, Sys 0 00:00:00  -  Total Remote Usage
		Usr 0 00:00:00, Sys 0 00:00:00  -  Total Local Usage
	0  -  Run Bytes Sent By Job
	0  -  Run Bytes Received By Job
	0  -  Total Bytes Sent By Job
	0  -  Total Bytes Received By Job
	Partitionable Resources :    Usage  Request Allocated 
	   Cpus                 :     1.00        1         1 
	   Disk (KB)            :     1           1    241059 
	   Memory (MB)          :    31           1      2008 
...
000 (29692.005.000) 01/30 17:50:45 Job submitted from host: <172.16.11.200:9618?addrs=172.16.11.200-9618&noUDP&sock=14877_46f2_4>
...
001 (29692.005.000) 01/30 18:02:08 Job executing on host: <172.16.11.233:9618?addrs=172.16.11.233-9618&alias=pc-farm3&noUDP&sock=startd_4556_edfa>
...
006 (29692.005.000) 01/30 18:02:17 Image size of job updated: 35348
	35  -  MemoryUsage of job (MB)
	35348  -  ResidentSetSize of job (KB)
...
006 (29692.005.000) 01/30 19:42:26 Image size of job updated: 35416
	35  -  MemoryUsage of job (MB)
	35416  -  ResidentSetSize of job (KB)
...
006 (29692.005.000) 01/30 19:57:27 Image size of job updated: 35440
	35  -  MemoryUsage of job (MB)
	35440  -  ResidentSetSize of job (KB)
...
006 (29692.005.000) 01/30 20:07:29 Image size of job updated: 35456
	35  -  MemoryUsage of job (MB)
	35456  -  ResidentSetSize of job (KB)
...
006 (29692.005.000) 01/30 20:52:35 Image size of job updated: 35516
	35  -  MemoryUsage of job (MB)
	35516  -  ResidentSetSize of job (KB)
...
005 (29692.005.000) 01/30 20:55:52 Job terminated.
	(1) Normal termination (return value 0)
		Usr 0 02:53:23, Sys 0 00:00:06  -  Run Remote Usage
		Usr 0 00:00:00, Sys 0 00:00:00  -  Run Local Usage
		Usr 0 02:53:23, Sys 0 00:00:06  -  Total Remote Usage
		Usr 0 00:00:00, Sys 0 00:00:00  -  Total Local Usage
	0  -  Run Bytes Sent By Job
	0  -  Run Bytes Received By Job
	0  -  Total Bytes Sent By Job
	0  -  Total Bytes Received By Job
	Partitionable Resources :    Usage  Request Allocated 
	   Cpus                 :     1.00        1         1 
	   Disk (KB)            :     1           1    254050 
	   Memory (MB)          :    35           1      1005 
...
