000 (29320.009.000) 01/22 08:34:52 Job submitted from host: <172.16.11.200:9618?addrs=172.16.11.200-9618&noUDP&sock=14877_46f2_4>
...
001 (29320.009.000) 01/22 09:08:04 Job executing on host: <172.16.11.231:9618?addrs=172.16.11.231-9618&noUDP&sock=startd_22895_f54e_4>
...
006 (29320.009.000) 01/22 09:08:14 Image size of job updated: 31320
	31  -  MemoryUsage of job (MB)
	31320  -  ResidentSetSize of job (KB)
...
006 (29320.009.000) 01/22 09:13:14 Image size of job updated: 31384
	31  -  MemoryUsage of job (MB)
	31384  -  ResidentSetSize of job (KB)
...
006 (29320.009.000) 01/22 10:18:21 Image size of job updated: 31612
	31  -  MemoryUsage of job (MB)
	31612  -  ResidentSetSize of job (KB)
...
005 (29320.009.000) 01/22 16:22:42 Job terminated.
	(1) Normal termination (return value 0)
		Usr 0 07:14:21, Sys 0 00:00:00  -  Run Remote Usage
		Usr 0 00:00:00, Sys 0 00:00:00  -  Run Local Usage
		Usr 0 07:14:21, Sys 0 00:00:00  -  Total Remote Usage
		Usr 0 00:00:00, Sys 0 00:00:00  -  Total Local Usage
	0  -  Run Bytes Sent By Job
	0  -  Run Bytes Received By Job
	0  -  Total Bytes Sent By Job
	0  -  Total Bytes Received By Job
	Partitionable Resources :    Usage  Request Allocated 
	   Cpus                 :     1.00        1         1 
	   Disk (KB)            :     1           1    241059 
	   Memory (MB)          :    31           1      2008 
...
000 (29355.009.000) 01/24 09:27:33 Job submitted from host: <172.16.11.200:9618?addrs=172.16.11.200-9618&noUDP&sock=14877_46f2_4>
...
001 (29355.009.000) 01/24 09:27:48 Job executing on host: <172.16.11.232:9618?addrs=172.16.11.232-9618&alias=pc-farm2&noUDP&sock=startd_4986_dfb4_4>
...
006 (29355.009.000) 01/24 09:27:57 Image size of job updated: 31336
	31  -  MemoryUsage of job (MB)
	31336  -  ResidentSetSize of job (KB)
...
006 (29355.009.000) 01/24 10:23:03 Image size of job updated: 31464
	31  -  MemoryUsage of job (MB)
	31464  -  ResidentSetSize of job (KB)
...
005 (29355.009.000) 01/24 13:17:51 Job terminated.
	(1) Normal termination (return value 0)
		Usr 0 03:50:02, Sys 0 00:00:00  -  Run Remote Usage
		Usr 0 00:00:00, Sys 0 00:00:00  -  Run Local Usage
		Usr 0 03:50:02, Sys 0 00:00:00  -  Total Remote Usage
		Usr 0 00:00:00, Sys 0 00:00:00  -  Total Local Usage
	0  -  Run Bytes Sent By Job
	0  -  Run Bytes Received By Job
	0  -  Total Bytes Sent By Job
	0  -  Total Bytes Received By Job
	Partitionable Resources :    Usage  Request Allocated 
	   Cpus                 :     1.00        1         1 
	   Disk (KB)            :     1           1    245927 
	   Memory (MB)          :    31           1      1005 
...
000 (29411.009.000) 01/25 14:11:50 Job submitted from host: <172.16.11.200:9618?addrs=172.16.11.200-9618&noUDP&sock=14877_46f2_4>
...
001 (29411.009.000) 01/25 15:24:15 Job executing on host: <172.16.11.232:9618?addrs=172.16.11.232-9618&alias=pc-farm2&noUDP&sock=startd_4986_dfb4_4>
...
006 (29411.009.000) 01/25 15:24:24 Image size of job updated: 31508
	31  -  MemoryUsage of job (MB)
	31508  -  ResidentSetSize of job (KB)
...
006 (29411.009.000) 01/25 15:54:27 Image size of job updated: 32148
	32  -  MemoryUsage of job (MB)
	32148  -  ResidentSetSize of job (KB)
...
005 (29411.009.000) 01/25 19:16:32 Job terminated.
	(1) Normal termination (return value 0)
		Usr 0 03:52:15, Sys 0 00:00:00  -  Run Remote Usage
		Usr 0 00:00:00, Sys 0 00:00:00  -  Run Local Usage
		Usr 0 03:52:15, Sys 0 00:00:00  -  Total Remote Usage
		Usr 0 00:00:00, Sys 0 00:00:00  -  Total Local Usage
	0  -  Run Bytes Sent By Job
	0  -  Run Bytes Received By Job
	0  -  Total Bytes Sent By Job
	0  -  Total Bytes Received By Job
	Partitionable Resources :    Usage  Request Allocated 
	   Cpus                 :     1.00        1         1 
	   Disk (KB)            :     1           1    245927 
	   Memory (MB)          :    32           1      1005 
...
000 (29653.009.000) 01/29 16:52:19 Job submitted from host: <172.16.11.200:9618?addrs=172.16.11.200-9618&noUDP&sock=14877_46f2_4>
...
001 (29653.009.000) 01/29 18:37:38 Job executing on host: <172.16.11.231:9618?addrs=172.16.11.231-9618&noUDP&sock=startd_22895_f54e_4>
...
006 (29653.009.000) 01/29 18:37:48 Image size of job updated: 31532
	31  -  MemoryUsage of job (MB)
	31532  -  ResidentSetSize of job (KB)
...
006 (29653.009.000) 01/29 19:22:52 Image size of job updated: 31536
	31  -  MemoryUsage of job (MB)
	31536  -  ResidentSetSize of job (KB)
...
005 (29653.009.000) 01/29 19:28:29 Job terminated.
	(1) Normal termination (return value 0)
		Usr 0 00:50:49, Sys 0 00:00:00  -  Run Remote Usage
		Usr 0 00:00:00, Sys 0 00:00:00  -  Run Local Usage
		Usr 0 00:50:49, Sys 0 00:00:00  -  Total Remote Usage
		Usr 0 00:00:00, Sys 0 00:00:00  -  Total Local Usage
	0  -  Run Bytes Sent By Job
	0  -  Run Bytes Received By Job
	0  -  Total Bytes Sent By Job
	0  -  Total Bytes Received By Job
	Partitionable Resources :    Usage  Request Allocated 
	   Cpus                 :     1.00        1         1 
	   Disk (KB)            :     1           1    241059 
	   Memory (MB)          :    31           1      2008 
...
000 (29677.009.000) 01/30 10:58:42 Job submitted from host: <172.16.11.200:9618?addrs=172.16.11.200-9618&noUDP&sock=14877_46f2_4>
...
001 (29677.009.000) 01/30 12:44:43 Job executing on host: <172.16.11.231:9618?addrs=172.16.11.231-9618&noUDP&sock=startd_22895_f54e_4>
...
006 (29677.009.000) 01/30 12:44:52 Image size of job updated: 31612
	31  -  MemoryUsage of job (MB)
	31612  -  ResidentSetSize of job (KB)
...
006 (29677.009.000) 01/30 13:30:03 Image size of job updated: 419680
	31  -  MemoryUsage of job (MB)
	31612  -  ResidentSetSize of job (KB)
...
005 (29677.009.000) 01/30 13:30:03 Job terminated.
	(1) Normal termination (return value 0)
		Usr 0 00:45:19, Sys 0 00:00:00  -  Run Remote Usage
		Usr 0 00:00:00, Sys 0 00:00:00  -  Run Local Usage
		Usr 0 00:45:19, Sys 0 00:00:00  -  Total Remote Usage
		Usr 0 00:00:00, Sys 0 00:00:00  -  Total Local Usage
	0  -  Run Bytes Sent By Job
	0  -  Run Bytes Received By Job
	0  -  Total Bytes Sent By Job
	0  -  Total Bytes Received By Job
	Partitionable Resources :    Usage  Request Allocated 
	   Cpus                 :     1.00        1         1 
	   Disk (KB)            :     1           1    241059 
	   Memory (MB)          :    31           1      2008 
...
000 (29692.009.000) 01/30 17:50:45 Job submitted from host: <172.16.11.200:9618?addrs=172.16.11.200-9618&noUDP&sock=14877_46f2_4>
...
001 (29692.009.000) 01/30 18:18:07 Job executing on host: <172.16.11.233:9618?addrs=172.16.11.233-9618&alias=pc-farm3&noUDP&sock=startd_4556_edfa>
...
006 (29692.009.000) 01/30 18:18:17 Image size of job updated: 35696
	35  -  MemoryUsage of job (MB)
	35696  -  ResidentSetSize of job (KB)
...
006 (29692.009.000) 01/30 20:53:37 Image size of job updated: 35712
	35  -  MemoryUsage of job (MB)
	35712  -  ResidentSetSize of job (KB)
...
005 (29692.009.000) 01/30 21:13:33 Job terminated.
	(1) Normal termination (return value 0)
		Usr 0 02:55:01, Sys 0 00:00:06  -  Run Remote Usage
		Usr 0 00:00:00, Sys 0 00:00:00  -  Run Local Usage
		Usr 0 02:55:01, Sys 0 00:00:06  -  Total Remote Usage
		Usr 0 00:00:00, Sys 0 00:00:00  -  Total Local Usage
	0  -  Run Bytes Sent By Job
	0  -  Run Bytes Received By Job
	0  -  Total Bytes Sent By Job
	0  -  Total Bytes Received By Job
	Partitionable Resources :    Usage  Request Allocated 
	   Cpus                 :     1.00        1         1 
	   Disk (KB)            :     1           1    254050 
	   Memory (MB)          :    35           1      1005 
...
