000 (29296.016.000) 01/21 12:25:55 Job submitted from host: <172.16.11.200:9618?addrs=172.16.11.200-9618&noUDP&sock=14877_46f2_4>
...
001 (29296.016.000) 01/21 13:19:42 Job executing on host: <172.16.11.231:9618?addrs=172.16.11.231-9618&noUDP&sock=startd_22895_f54e_4>
...
006 (29296.016.000) 01/21 13:19:49 Image size of job updated: 560
	1  -  MemoryUsage of job (MB)
	560  -  ResidentSetSize of job (KB)
...
005 (29296.016.000) 01/21 13:19:49 Job terminated.
	(1) Normal termination (return value 0)
		Usr 0 00:00:04, Sys 0 00:00:00  -  Run Remote Usage
		Usr 0 00:00:00, Sys 0 00:00:00  -  Run Local Usage
		Usr 0 00:00:04, Sys 0 00:00:00  -  Total Remote Usage
		Usr 0 00:00:00, Sys 0 00:00:00  -  Total Local Usage
	0  -  Run Bytes Sent By Job
	0  -  Run Bytes Received By Job
	0  -  Total Bytes Sent By Job
	0  -  Total Bytes Received By Job
	Partitionable Resources :    Usage  Request Allocated 
	   Cpus                 :     0.26        1         1 
	   Disk (KB)            :     1           1    241059 
	   Memory (MB)          :     1           1      2008 
...
000 (29349.016.000) 01/24 09:27:00 Job submitted from host: <172.16.11.200:9618?addrs=172.16.11.200-9618&noUDP&sock=14877_46f2_4>
...
001 (29349.016.000) 01/24 09:27:04 Job executing on host: <172.16.11.234:9618?addrs=172.16.11.234-9618&alias=pc-farm4&noUDP&sock=startd_5195_3aff>
...
006 (29349.016.000) 01/24 09:27:12 Image size of job updated: 419772
	31  -  MemoryUsage of job (MB)
	31476  -  ResidentSetSize of job (KB)
...
006 (29349.016.000) 01/24 09:52:14 Image size of job updated: 419780
	31  -  MemoryUsage of job (MB)
	31480  -  ResidentSetSize of job (KB)
...
005 (29349.016.000) 01/24 13:55:50 Job terminated.
	(1) Normal termination (return value 0)
		Usr 0 04:28:42, Sys 0 00:00:00  -  Run Remote Usage
		Usr 0 00:00:00, Sys 0 00:00:00  -  Run Local Usage
		Usr 0 04:28:42, Sys 0 00:00:00  -  Total Remote Usage
		Usr 0 00:00:00, Sys 0 00:00:00  -  Total Local Usage
	0  -  Run Bytes Sent By Job
	0  -  Run Bytes Received By Job
	0  -  Total Bytes Sent By Job
	0  -  Total Bytes Received By Job
	Partitionable Resources :    Usage  Request Allocated 
	   Cpus                 :     1.00        1         1 
	   Disk (KB)            :     1           1    255907 
	   Memory (MB)          :    31           1       999 
...
000 (29405.016.000) 01/25 14:11:27 Job submitted from host: <172.16.11.200:9618?addrs=172.16.11.200-9618&noUDP&sock=14877_46f2_4>
...
001 (29405.016.000) 01/25 14:19:14 Job executing on host: <172.16.11.233:9618?addrs=172.16.11.233-9618&alias=pc-farm3&noUDP&sock=startd_4556_edfa>
...
006 (29405.016.000) 01/25 14:19:23 Image size of job updated: 35144
	35  -  MemoryUsage of job (MB)
	35144  -  ResidentSetSize of job (KB)
...
006 (29405.016.000) 01/25 15:29:30 Image size of job updated: 35172
	35  -  MemoryUsage of job (MB)
	35172  -  ResidentSetSize of job (KB)
...
006 (29405.016.000) 01/25 16:49:39 Image size of job updated: 35240
	35  -  MemoryUsage of job (MB)
	35240  -  ResidentSetSize of job (KB)
...
006 (29405.016.000) 01/25 16:54:40 Image size of job updated: 35248
	35  -  MemoryUsage of job (MB)
	35248  -  ResidentSetSize of job (KB)
...
006 (29405.016.000) 01/25 17:09:42 Image size of job updated: 35264
	35  -  MemoryUsage of job (MB)
	35264  -  ResidentSetSize of job (KB)
...
006 (29405.016.000) 01/25 17:19:43 Image size of job updated: 35272
	35  -  MemoryUsage of job (MB)
	35272  -  ResidentSetSize of job (KB)
...
006 (29405.016.000) 01/25 17:29:44 Image size of job updated: 35284
	35  -  MemoryUsage of job (MB)
	35284  -  ResidentSetSize of job (KB)
...
006 (29405.016.000) 01/25 17:34:44 Image size of job updated: 35288
	35  -  MemoryUsage of job (MB)
	35288  -  ResidentSetSize of job (KB)
...
006 (29405.016.000) 01/25 17:39:45 Image size of job updated: 35296
	35  -  MemoryUsage of job (MB)
	35296  -  ResidentSetSize of job (KB)
...
006 (29405.016.000) 01/25 17:44:46 Image size of job updated: 35300
	35  -  MemoryUsage of job (MB)
	35300  -  ResidentSetSize of job (KB)
...
006 (29405.016.000) 01/25 17:49:46 Image size of job updated: 35308
	35  -  MemoryUsage of job (MB)
	35308  -  ResidentSetSize of job (KB)
...
006 (29405.016.000) 01/25 17:54:46 Image size of job updated: 35316
	35  -  MemoryUsage of job (MB)
	35316  -  ResidentSetSize of job (KB)
...
006 (29405.016.000) 01/25 18:09:47 Image size of job updated: 35336
	35  -  MemoryUsage of job (MB)
	35336  -  ResidentSetSize of job (KB)
...
006 (29405.016.000) 01/25 18:19:49 Image size of job updated: 35344
	35  -  MemoryUsage of job (MB)
	35344  -  ResidentSetSize of job (KB)
...
006 (29405.016.000) 01/25 18:34:51 Image size of job updated: 35360
	35  -  MemoryUsage of job (MB)
	35360  -  ResidentSetSize of job (KB)
...
005 (29405.016.000) 01/25 18:52:17 Job terminated.
	(1) Normal termination (return value 0)
		Usr 0 04:32:42, Sys 0 00:00:00  -  Run Remote Usage
		Usr 0 00:00:00, Sys 0 00:00:00  -  Run Local Usage
		Usr 0 04:32:42, Sys 0 00:00:00  -  Total Remote Usage
		Usr 0 00:00:00, Sys 0 00:00:00  -  Total Local Usage
	0  -  Run Bytes Sent By Job
	0  -  Run Bytes Received By Job
	0  -  Total Bytes Sent By Job
	0  -  Total Bytes Received By Job
	Partitionable Resources :    Usage  Request Allocated 
	   Cpus                 :     1.00        1         1 
	   Disk (KB)            :     1           1    254050 
	   Memory (MB)          :    35           1      1005 
...
000 (29671.016.000) 01/30 10:56:39 Job submitted from host: <172.16.11.200:9618?addrs=172.16.11.200-9618&noUDP&sock=14877_46f2_4>
...
001 (29671.016.000) 01/30 11:18:05 Job executing on host: <172.16.11.234:9618?addrs=172.16.11.234-9618&alias=pc-farm4&noUDP&sock=startd_5195_3aff>
...
006 (29671.016.000) 01/30 11:18:14 Image size of job updated: 419772
	31  -  MemoryUsage of job (MB)
	31472  -  ResidentSetSize of job (KB)
...
006 (29671.016.000) 01/30 11:38:17 Image size of job updated: 419780
	31  -  MemoryUsage of job (MB)
	31476  -  ResidentSetSize of job (KB)
...
005 (29671.016.000) 01/30 14:22:59 Job terminated.
	(1) Normal termination (return value 0)
		Usr 0 03:04:53, Sys 0 00:00:00  -  Run Remote Usage
		Usr 0 00:00:00, Sys 0 00:00:00  -  Run Local Usage
		Usr 0 03:04:53, Sys 0 00:00:00  -  Total Remote Usage
		Usr 0 00:00:00, Sys 0 00:00:00  -  Total Local Usage
	0  -  Run Bytes Sent By Job
	0  -  Run Bytes Received By Job
	0  -  Total Bytes Sent By Job
	0  -  Total Bytes Received By Job
	Partitionable Resources :    Usage  Request Allocated 
	   Cpus                 :     1.00        1         1 
	   Disk (KB)            :     1           1    255907 
	   Memory (MB)          :    31           1       999 
...
