000 (29321.005.000) 01/22 08:35:00 Job submitted from host: <172.16.11.200:9618?addrs=172.16.11.200-9618&noUDP&sock=14877_46f2_4>
...
001 (29321.005.000) 01/22 09:14:04 Job executing on host: <172.16.11.231:9618?addrs=172.16.11.231-9618&noUDP&sock=startd_22895_f54e_4>
...
006 (29321.005.000) 01/22 09:14:14 Image size of job updated: 31448
	31  -  MemoryUsage of job (MB)
	31448  -  ResidentSetSize of job (KB)
...
006 (29321.005.000) 01/22 09:19:14 Image size of job updated: 31524
	31  -  MemoryUsage of job (MB)
	31524  -  ResidentSetSize of job (KB)
...
006 (29321.005.000) 01/22 10:39:21 Image size of job updated: 32096
	32  -  MemoryUsage of job (MB)
	32096  -  ResidentSetSize of job (KB)
...
005 (29321.005.000) 01/22 16:19:43 Job terminated.
	(1) Normal termination (return value 0)
		Usr 0 07:05:04, Sys 0 00:00:00  -  Run Remote Usage
		Usr 0 00:00:00, Sys 0 00:00:00  -  Run Local Usage
		Usr 0 07:05:04, Sys 0 00:00:00  -  Total Remote Usage
		Usr 0 00:00:00, Sys 0 00:00:00  -  Total Local Usage
	0  -  Run Bytes Sent By Job
	0  -  Run Bytes Received By Job
	0  -  Total Bytes Sent By Job
	0  -  Total Bytes Received By Job
	Partitionable Resources :    Usage  Request Allocated 
	   Cpus                 :     1.00        1         1 
	   Disk (KB)            :     1           1    241059 
	   Memory (MB)          :    32           1      2008 
...
000 (29341.005.000) 01/23 20:29:25 Job submitted from host: <172.16.11.200:9618?addrs=172.16.11.200-9618&noUDP&sock=14877_46f2_4>
...
001 (29341.005.000) 01/23 20:29:50 Job executing on host: <172.16.11.234:9618?addrs=172.16.11.234-9618&alias=pc-farm4&noUDP&sock=startd_5195_3aff>
...
006 (29341.005.000) 01/23 20:29:57 Image size of job updated: 31404
	0  -  MemoryUsage of job (MB)
	0  -  ResidentSetSize of job (KB)
...
005 (29341.005.000) 01/23 20:29:57 Job terminated.
	(1) Normal termination (return value 0)
		Usr 0 00:00:06, Sys 0 00:00:00  -  Run Remote Usage
		Usr 0 00:00:00, Sys 0 00:00:00  -  Run Local Usage
		Usr 0 00:00:06, Sys 0 00:00:00  -  Total Remote Usage
		Usr 0 00:00:00, Sys 0 00:00:00  -  Total Local Usage
	0  -  Run Bytes Sent By Job
	0  -  Run Bytes Received By Job
	0  -  Total Bytes Sent By Job
	0  -  Total Bytes Received By Job
	Partitionable Resources :    Usage  Request Allocated 
	   Cpus                 :                 1         1 
	   Disk (KB)            :        1        1    255907 
	   Memory (MB)          :        0        1       999 
...
000 (29342.005.000) 01/23 20:30:33 Job submitted from host: <172.16.11.200:9618?addrs=172.16.11.200-9618&noUDP&sock=14877_46f2_4>
...
001 (29342.005.000) 01/23 20:30:36 Job executing on host: <172.16.11.232:9618?addrs=172.16.11.232-9618&alias=pc-farm2&noUDP&sock=startd_4986_dfb4_4>
...
006 (29342.005.000) 01/23 20:30:46 Image size of job updated: 31704
	31  -  MemoryUsage of job (MB)
	31704  -  ResidentSetSize of job (KB)
...
006 (29342.005.000) 01/23 21:55:55 Image size of job updated: 32084
	32  -  MemoryUsage of job (MB)
	32084  -  ResidentSetSize of job (KB)
...
005 (29342.005.000) 01/24 01:37:26 Job terminated.
	(1) Normal termination (return value 0)
		Usr 0 04:49:03, Sys 0 00:00:00  -  Run Remote Usage
		Usr 0 00:00:00, Sys 0 00:00:00  -  Run Local Usage
		Usr 0 04:49:03, Sys 0 00:00:00  -  Total Remote Usage
		Usr 0 00:00:00, Sys 0 00:00:00  -  Total Local Usage
	0  -  Run Bytes Sent By Job
	0  -  Run Bytes Received By Job
	0  -  Total Bytes Sent By Job
	0  -  Total Bytes Received By Job
	Partitionable Resources :    Usage  Request Allocated 
	   Cpus                 :     0.94        1         1 
	   Disk (KB)            :     1           1    245927 
	   Memory (MB)          :    32           1      1005 
...
000 (29356.005.000) 01/24 09:27:36 Job submitted from host: <172.16.11.200:9618?addrs=172.16.11.200-9618&noUDP&sock=14877_46f2_4>
...
001 (29356.005.000) 01/24 09:27:57 Job executing on host: <172.16.11.232:9618?addrs=172.16.11.232-9618&alias=pc-farm2&noUDP&sock=startd_4986_dfb4_4>
...
006 (29356.005.000) 01/24 09:28:06 Image size of job updated: 31448
	31  -  MemoryUsage of job (MB)
	31448  -  ResidentSetSize of job (KB)
...
006 (29356.005.000) 01/24 10:28:13 Image size of job updated: 31512
	31  -  MemoryUsage of job (MB)
	31512  -  ResidentSetSize of job (KB)
...
005 (29356.005.000) 01/24 13:24:46 Job terminated.
	(1) Normal termination (return value 0)
		Usr 0 03:56:48, Sys 0 00:00:00  -  Run Remote Usage
		Usr 0 00:00:00, Sys 0 00:00:00  -  Run Local Usage
		Usr 0 03:56:48, Sys 0 00:00:00  -  Total Remote Usage
		Usr 0 00:00:00, Sys 0 00:00:00  -  Total Local Usage
	0  -  Run Bytes Sent By Job
	0  -  Run Bytes Received By Job
	0  -  Total Bytes Sent By Job
	0  -  Total Bytes Received By Job
	Partitionable Resources :    Usage  Request Allocated 
	   Cpus                 :     1.00        1         1 
	   Disk (KB)            :     1           1    245927 
	   Memory (MB)          :    31           1      1005 
...
000 (29412.005.000) 01/25 14:11:53 Job submitted from host: <172.16.11.200:9618?addrs=172.16.11.200-9618&noUDP&sock=14877_46f2_4>
...
001 (29412.005.000) 01/25 15:33:14 Job executing on host: <172.16.11.233:9618?addrs=172.16.11.233-9618&alias=pc-farm3&noUDP&sock=startd_4556_edfa>
...
006 (29412.005.000) 01/25 15:33:23 Image size of job updated: 35424
	35  -  MemoryUsage of job (MB)
	35424  -  ResidentSetSize of job (KB)
...
005 (29412.005.000) 01/25 18:27:58 Job terminated.
	(1) Normal termination (return value 0)
		Usr 0 02:54:43, Sys 0 00:00:00  -  Run Remote Usage
		Usr 0 00:00:00, Sys 0 00:00:00  -  Run Local Usage
		Usr 0 02:54:43, Sys 0 00:00:00  -  Total Remote Usage
		Usr 0 00:00:00, Sys 0 00:00:00  -  Total Local Usage
	0  -  Run Bytes Sent By Job
	0  -  Run Bytes Received By Job
	0  -  Total Bytes Sent By Job
	0  -  Total Bytes Received By Job
	Partitionable Resources :    Usage  Request Allocated 
	   Cpus                 :     1.00        1         1 
	   Disk (KB)            :     1           1    254050 
	   Memory (MB)          :    35           1      1005 
...
000 (29625.005.000) 01/28 22:25:51 Job submitted from host: <172.16.11.200:9618?addrs=172.16.11.200-9618&noUDP&sock=14877_46f2_4>
...
009 (29625.005.000) 01/28 23:02:09 Job was aborted by the user.
	via condor_rm (by user zhangliang)
...
000 (29626.005.000) 01/28 23:02:36 Job submitted from host: <172.16.11.200:9618?addrs=172.16.11.200-9618&noUDP&sock=14877_46f2_4>
...
001 (29626.005.000) 01/28 23:05:37 Job executing on host: <172.16.11.231:9618?addrs=172.16.11.231-9618&noUDP&sock=startd_22895_f54e_4>
...
006 (29626.005.000) 01/28 23:05:46 Image size of job updated: 31580
	31  -  MemoryUsage of job (MB)
	31580  -  ResidentSetSize of job (KB)
...
006 (29626.005.000) 01/28 23:10:46 Image size of job updated: 31604
	31  -  MemoryUsage of job (MB)
	31604  -  ResidentSetSize of job (KB)
...
006 (29626.005.000) 01/28 23:15:19 Image size of job updated: 306508
	31  -  MemoryUsage of job (MB)
	31604  -  ResidentSetSize of job (KB)
...
004 (29626.005.000) 01/28 23:15:19 Job was evicted.
	(0) CPU times
		Usr 0 00:09:41, Sys 0 00:00:00  -  Run Remote Usage
		Usr 0 00:00:00, Sys 0 00:00:00  -  Run Local Usage
	0  -  Run Bytes Sent By Job
	0  -  Run Bytes Received By Job
	Partitionable Resources :    Usage  Request Allocated 
	   Cpus                 :     1.00        1         1 
	   Disk (KB)            :     1           1    241059 
	   Memory (MB)          :    31           1      2008 
...
009 (29626.005.000) 01/28 23:15:19 Job was aborted by the user.
	via condor_rm (by user zhangliang)
...
000 (29627.005.000) 01/28 23:15:28 Job submitted from host: <172.16.11.200:9618?addrs=172.16.11.200-9618&noUDP&sock=14877_46f2_4>
...
001 (29627.005.000) 01/28 23:15:32 Job executing on host: <172.16.11.233:9618?addrs=172.16.11.233-9618&alias=pc-farm3&noUDP&sock=startd_4556_edfa>
...
006 (29627.005.000) 01/28 23:15:41 Image size of job updated: 36008
	36  -  MemoryUsage of job (MB)
	36008  -  ResidentSetSize of job (KB)
...
005 (29627.005.000) 01/29 03:05:50 Job terminated.
	(1) Normal termination (return value 0)
		Usr 0 03:50:15, Sys 0 00:00:00  -  Run Remote Usage
		Usr 0 00:00:00, Sys 0 00:00:00  -  Run Local Usage
		Usr 0 03:50:15, Sys 0 00:00:00  -  Total Remote Usage
		Usr 0 00:00:00, Sys 0 00:00:00  -  Total Local Usage
	0  -  Run Bytes Sent By Job
	0  -  Run Bytes Received By Job
	0  -  Total Bytes Sent By Job
	0  -  Total Bytes Received By Job
	Partitionable Resources :    Usage  Request Allocated 
	   Cpus                 :     1.00        1         1 
	   Disk (KB)            :     1           1    254050 
	   Memory (MB)          :    36           1      1005 
...
000 (29631.005.000) 01/29 11:01:51 Job submitted from host: <172.16.11.200:9618?addrs=172.16.11.200-9618&noUDP&sock=14877_46f2_4>
...
001 (29631.005.000) 01/29 11:03:10 Job executing on host: <172.16.11.232:9618?addrs=172.16.11.232-9618&alias=pc-farm2&noUDP&sock=startd_4986_dfb4_4>
...
006 (29631.005.000) 01/29 11:03:19 Image size of job updated: 31960
	32  -  MemoryUsage of job (MB)
	31960  -  ResidentSetSize of job (KB)
...
004 (29631.005.000) 01/29 14:38:36 Job was evicted.
	(0) CPU times
		Usr 0 03:34:48, Sys 0 00:00:14  -  Run Remote Usage
		Usr 0 00:00:00, Sys 0 00:00:00  -  Run Local Usage
	0  -  Run Bytes Sent By Job
	0  -  Run Bytes Received By Job
	Partitionable Resources :    Usage  Request Allocated 
	   Cpus                 :     1.00        1         1 
	   Disk (KB)            :     1           1    245927 
	   Memory (MB)          :    32           1      1005 
...
009 (29631.005.000) 01/29 14:38:36 Job was aborted by the user.
	via condor_rm (by user zhangliang)
...
000 (29643.005.000) 01/29 14:45:40 Job submitted from host: <172.16.11.200:9618?addrs=172.16.11.200-9618&noUDP&sock=14877_46f2_4>
...
001 (29643.005.000) 01/29 14:49:42 Job executing on host: <172.16.11.232:9618?addrs=172.16.11.232-9618&alias=pc-farm2&noUDP&sock=startd_4986_dfb4_4>
...
006 (29643.005.000) 01/29 14:49:51 Image size of job updated: 31492
	31  -  MemoryUsage of job (MB)
	31492  -  ResidentSetSize of job (KB)
...
006 (29643.005.000) 01/29 14:52:54 Image size of job updated: 419816
	31  -  MemoryUsage of job (MB)
	31492  -  ResidentSetSize of job (KB)
...
005 (29643.005.000) 01/29 14:52:55 Job terminated.
	(1) Normal termination (return value 0)
		Usr 0 00:03:11, Sys 0 00:00:00  -  Run Remote Usage
		Usr 0 00:00:00, Sys 0 00:00:00  -  Run Local Usage
		Usr 0 00:03:11, Sys 0 00:00:00  -  Total Remote Usage
		Usr 0 00:00:00, Sys 0 00:00:00  -  Total Local Usage
	0  -  Run Bytes Sent By Job
	0  -  Run Bytes Received By Job
	0  -  Total Bytes Sent By Job
	0  -  Total Bytes Received By Job
	Partitionable Resources :    Usage  Request Allocated 
	   Cpus                 :     1.00        1         1 
	   Disk (KB)            :     1           1    245927 
	   Memory (MB)          :    31           1      1005 
...
000 (29652.005.000) 01/29 16:52:15 Job submitted from host: <172.16.11.200:9618?addrs=172.16.11.200-9618&noUDP&sock=14877_46f2_4>
...
001 (29652.005.000) 01/29 18:33:39 Job executing on host: <172.16.11.231:9618?addrs=172.16.11.231-9618&noUDP&sock=startd_22895_f54e_4>
...
006 (29652.005.000) 01/29 18:33:48 Image size of job updated: 31692
	31  -  MemoryUsage of job (MB)
	31692  -  ResidentSetSize of job (KB)
...
006 (29652.005.000) 01/29 19:18:51 Image size of job updated: 31748
	32  -  MemoryUsage of job (MB)
	31748  -  ResidentSetSize of job (KB)
...
005 (29652.005.000) 01/29 19:23:41 Job terminated.
	(1) Normal termination (return value 0)
		Usr 0 00:50:02, Sys 0 00:00:00  -  Run Remote Usage
		Usr 0 00:00:00, Sys 0 00:00:00  -  Run Local Usage
		Usr 0 00:50:02, Sys 0 00:00:00  -  Total Remote Usage
		Usr 0 00:00:00, Sys 0 00:00:00  -  Total Local Usage
	0  -  Run Bytes Sent By Job
	0  -  Run Bytes Received By Job
	0  -  Total Bytes Sent By Job
	0  -  Total Bytes Received By Job
	Partitionable Resources :    Usage  Request Allocated 
	   Cpus                 :     1.00        1         1 
	   Disk (KB)            :     1           1    241059 
	   Memory (MB)          :    32           1      2008 
...
000 (29693.005.000) 01/30 17:50:49 Job submitted from host: <172.16.11.200:9618?addrs=172.16.11.200-9618&noUDP&sock=14877_46f2_4>
...
001 (29693.005.000) 01/30 20:12:50 Job executing on host: <172.16.11.231:9618?addrs=172.16.11.231-9618&noUDP&sock=startd_22895_f54e_4>
...
006 (29693.005.000) 01/30 20:12:59 Image size of job updated: 31572
	31  -  MemoryUsage of job (MB)
	31572  -  ResidentSetSize of job (KB)
...
005 (29693.005.000) 01/30 23:30:51 Job terminated.
	(1) Normal termination (return value 0)
		Usr 0 03:18:00, Sys 0 00:00:00  -  Run Remote Usage
		Usr 0 00:00:00, Sys 0 00:00:00  -  Run Local Usage
		Usr 0 03:18:00, Sys 0 00:00:00  -  Total Remote Usage
		Usr 0 00:00:00, Sys 0 00:00:00  -  Total Local Usage
	0  -  Run Bytes Sent By Job
	0  -  Run Bytes Received By Job
	0  -  Total Bytes Sent By Job
	0  -  Total Bytes Received By Job
	Partitionable Resources :    Usage  Request Allocated 
	   Cpus                 :     1.00        1         1 
	   Disk (KB)            :     1           1    241059 
	   Memory (MB)          :    31           1      2008 
...
