000 (29319.013.000) 01/22 08:34:44 Job submitted from host: <172.16.11.200:9618?addrs=172.16.11.200-9618&noUDP&sock=14877_46f2_4>
...
001 (29319.013.000) 01/22 09:01:55 Job executing on host: <172.16.11.233:9618?addrs=172.16.11.233-9618&alias=pc-farm3&noUDP&sock=startd_4556_edfa>
...
006 (29319.013.000) 01/22 09:02:05 Image size of job updated: 35880
	36  -  MemoryUsage of job (MB)
	35880  -  ResidentSetSize of job (KB)
...
005 (29319.013.000) 01/22 09:07:48 Job terminated.
	(1) Normal termination (return value 0)
		Usr 0 00:05:51, Sys 0 00:00:00  -  Run Remote Usage
		Usr 0 00:00:00, Sys 0 00:00:00  -  Run Local Usage
		Usr 0 00:05:51, Sys 0 00:00:00  -  Total Remote Usage
		Usr 0 00:00:00, Sys 0 00:00:00  -  Total Local Usage
	0  -  Run Bytes Sent By Job
	0  -  Run Bytes Received By Job
	0  -  Total Bytes Sent By Job
	0  -  Total Bytes Received By Job
	Partitionable Resources :    Usage  Request Allocated 
	   Cpus                 :     1.00        1         1 
	   Disk (KB)            :     1           1    254050 
	   Memory (MB)          :    36           1      1005 
...
000 (29357.013.000) 01/24 09:27:43 Job submitted from host: <172.16.11.200:9618?addrs=172.16.11.200-9618&noUDP&sock=14877_46f2_4>
...
001 (29357.013.000) 01/24 09:28:12 Job executing on host: <172.16.11.232:9618?addrs=172.16.11.232-9618&alias=pc-farm2&noUDP&sock=startd_4986_dfb4_4>
...
006 (29357.013.000) 01/24 09:28:21 Image size of job updated: 31652
	31  -  MemoryUsage of job (MB)
	31652  -  ResidentSetSize of job (KB)
...
006 (29357.013.000) 01/24 10:33:28 Image size of job updated: 32236
	32  -  MemoryUsage of job (MB)
	32236  -  ResidentSetSize of job (KB)
...
005 (29357.013.000) 01/24 13:13:08 Job terminated.
	(1) Normal termination (return value 0)
		Usr 0 03:44:55, Sys 0 00:00:00  -  Run Remote Usage
		Usr 0 00:00:00, Sys 0 00:00:00  -  Run Local Usage
		Usr 0 03:44:55, Sys 0 00:00:00  -  Total Remote Usage
		Usr 0 00:00:00, Sys 0 00:00:00  -  Total Local Usage
	0  -  Run Bytes Sent By Job
	0  -  Run Bytes Received By Job
	0  -  Total Bytes Sent By Job
	0  -  Total Bytes Received By Job
	Partitionable Resources :    Usage  Request Allocated 
	   Cpus                 :     1.00        1         1 
	   Disk (KB)            :     1           1    245927 
	   Memory (MB)          :    32           1      1005 
...
000 (29413.013.000) 01/25 14:12:11 Job submitted from host: <172.16.11.200:9618?addrs=172.16.11.200-9618&noUDP&sock=14877_46f2_4>
...
001 (29413.013.000) 01/25 16:02:15 Job executing on host: <172.16.11.234:9618?addrs=172.16.11.234-9618&alias=pc-farm4&noUDP&sock=startd_5195_3aff>
...
006 (29413.013.000) 01/25 16:02:24 Image size of job updated: 419772
	31  -  MemoryUsage of job (MB)
	31472  -  ResidentSetSize of job (KB)
...
006 (29413.013.000) 01/25 16:32:27 Image size of job updated: 419780
	31  -  MemoryUsage of job (MB)
	31476  -  ResidentSetSize of job (KB)
...
005 (29413.013.000) 01/25 21:52:01 Job terminated.
	(1) Normal termination (return value 0)
		Usr 0 05:15:07, Sys 0 00:00:00  -  Run Remote Usage
		Usr 0 00:00:00, Sys 0 00:00:00  -  Run Local Usage
		Usr 0 05:15:07, Sys 0 00:00:00  -  Total Remote Usage
		Usr 0 00:00:00, Sys 0 00:00:00  -  Total Local Usage
	0  -  Run Bytes Sent By Job
	0  -  Run Bytes Received By Job
	0  -  Total Bytes Sent By Job
	0  -  Total Bytes Received By Job
	Partitionable Resources :    Usage  Request Allocated 
	   Cpus                 :     0.88        1         1 
	   Disk (KB)            :     1           1    255907 
	   Memory (MB)          :    31           1       999 
...
000 (29678.013.000) 01/30 10:58:48 Job submitted from host: <172.16.11.200:9618?addrs=172.16.11.200-9618&noUDP&sock=14877_46f2_4>
...
001 (29678.013.000) 01/30 12:59:45 Job executing on host: <172.16.11.232:9618?addrs=172.16.11.232-9618&alias=pc-farm2&noUDP&sock=startd_4986_dfb4_4>
...
006 (29678.013.000) 01/30 12:59:54 Image size of job updated: 31672
	31  -  MemoryUsage of job (MB)
	31672  -  ResidentSetSize of job (KB)
...
006 (29678.013.000) 01/30 14:40:03 Image size of job updated: 31812
	32  -  MemoryUsage of job (MB)
	31812  -  ResidentSetSize of job (KB)
...
006 (29678.013.000) 01/30 16:00:09 Image size of job updated: 419816
	32  -  MemoryUsage of job (MB)
	31812  -  ResidentSetSize of job (KB)
...
005 (29678.013.000) 01/30 16:00:09 Job terminated.
	(1) Normal termination (return value 0)
		Usr 0 03:00:13, Sys 0 00:00:03  -  Run Remote Usage
		Usr 0 00:00:00, Sys 0 00:00:00  -  Run Local Usage
		Usr 0 03:00:13, Sys 0 00:00:03  -  Total Remote Usage
		Usr 0 00:00:00, Sys 0 00:00:00  -  Total Local Usage
	0  -  Run Bytes Sent By Job
	0  -  Run Bytes Received By Job
	0  -  Total Bytes Sent By Job
	0  -  Total Bytes Received By Job
	Partitionable Resources :    Usage  Request Allocated 
	   Cpus                 :     1.00        1         1 
	   Disk (KB)            :     1           1    245927 
	   Memory (MB)          :    32           1      1005 
...
