000 (29320.014.000) 01/22 08:34:52 Job submitted from host: <172.16.11.200:9618?addrs=172.16.11.200-9618&noUDP&sock=14877_46f2_4>
...
001 (29320.014.000) 01/22 09:10:05 Job executing on host: <172.16.11.231:9618?addrs=172.16.11.231-9618&noUDP&sock=startd_22895_f54e_4>
...
006 (29320.014.000) 01/22 09:10:15 Image size of job updated: 31352
	31  -  MemoryUsage of job (MB)
	31352  -  ResidentSetSize of job (KB)
...
006 (29320.014.000) 01/22 09:15:15 Image size of job updated: 31428
	31  -  MemoryUsage of job (MB)
	31428  -  ResidentSetSize of job (KB)
...
006 (29320.014.000) 01/22 10:25:22 Image size of job updated: 31492
	31  -  MemoryUsage of job (MB)
	31492  -  ResidentSetSize of job (KB)
...
005 (29320.014.000) 01/22 16:15:33 Job terminated.
	(1) Normal termination (return value 0)
		Usr 0 07:04:56, Sys 0 00:00:00  -  Run Remote Usage
		Usr 0 00:00:00, Sys 0 00:00:00  -  Run Local Usage
		Usr 0 07:04:56, Sys 0 00:00:00  -  Total Remote Usage
		Usr 0 00:00:00, Sys 0 00:00:00  -  Total Local Usage
	0  -  Run Bytes Sent By Job
	0  -  Run Bytes Received By Job
	0  -  Total Bytes Sent By Job
	0  -  Total Bytes Received By Job
	Partitionable Resources :    Usage  Request Allocated 
	   Cpus                 :     1.00        1         1 
	   Disk (KB)            :     1           1    241059 
	   Memory (MB)          :    31           1      2008 
...
000 (29355.014.000) 01/24 09:27:33 Job submitted from host: <172.16.11.200:9618?addrs=172.16.11.200-9618&noUDP&sock=14877_46f2_4>
...
001 (29355.014.000) 01/24 09:27:50 Job executing on host: <172.16.11.232:9618?addrs=172.16.11.232-9618&alias=pc-farm2&noUDP&sock=startd_4986_dfb4_4>
...
006 (29355.014.000) 01/24 09:27:59 Image size of job updated: 31432
	31  -  MemoryUsage of job (MB)
	31432  -  ResidentSetSize of job (KB)
...
006 (29355.014.000) 01/24 10:23:06 Image size of job updated: 31832
	32  -  MemoryUsage of job (MB)
	31832  -  ResidentSetSize of job (KB)
...
006 (29355.014.000) 01/24 12:35:40 Image size of job updated: 419816
	32  -  MemoryUsage of job (MB)
	31832  -  ResidentSetSize of job (KB)
...
005 (29355.014.000) 01/24 12:35:40 Job terminated.
	(1) Normal termination (return value 0)
		Usr 0 03:07:49, Sys 0 00:00:00  -  Run Remote Usage
		Usr 0 00:00:00, Sys 0 00:00:00  -  Run Local Usage
		Usr 0 03:07:49, Sys 0 00:00:00  -  Total Remote Usage
		Usr 0 00:00:00, Sys 0 00:00:00  -  Total Local Usage
	0  -  Run Bytes Sent By Job
	0  -  Run Bytes Received By Job
	0  -  Total Bytes Sent By Job
	0  -  Total Bytes Received By Job
	Partitionable Resources :    Usage  Request Allocated 
	   Cpus                 :     1.00        1         1 
	   Disk (KB)            :     1           1    245927 
	   Memory (MB)          :    32           1      1005 
...
000 (29411.014.000) 01/25 14:11:50 Job submitted from host: <172.16.11.200:9618?addrs=172.16.11.200-9618&noUDP&sock=14877_46f2_4>
...
001 (29411.014.000) 01/25 15:26:14 Job executing on host: <172.16.11.234:9618?addrs=172.16.11.234-9618&alias=pc-farm4&noUDP&sock=startd_5195_3aff>
...
006 (29411.014.000) 01/25 15:26:22 Image size of job updated: 31480
	31  -  MemoryUsage of job (MB)
	31480  -  ResidentSetSize of job (KB)
...
006 (29411.014.000) 01/25 15:31:22 Image size of job updated: 419772
	31  -  MemoryUsage of job (MB)
	31480  -  ResidentSetSize of job (KB)
...
006 (29411.014.000) 01/25 15:56:25 Image size of job updated: 419780
	31  -  MemoryUsage of job (MB)
	31484  -  ResidentSetSize of job (KB)
...
005 (29411.014.000) 01/25 20:47:53 Job terminated.
	(1) Normal termination (return value 0)
		Usr 0 04:50:32, Sys 0 00:00:01  -  Run Remote Usage
		Usr 0 00:00:00, Sys 0 00:00:00  -  Run Local Usage
		Usr 0 04:50:32, Sys 0 00:00:01  -  Total Remote Usage
		Usr 0 00:00:00, Sys 0 00:00:00  -  Total Local Usage
	0  -  Run Bytes Sent By Job
	0  -  Run Bytes Received By Job
	0  -  Total Bytes Sent By Job
	0  -  Total Bytes Received By Job
	Partitionable Resources :    Usage  Request Allocated 
	   Cpus                 :     0.88        1         1 
	   Disk (KB)            :     1           1    255907 
	   Memory (MB)          :    31           1       999 
...
000 (29653.014.000) 01/29 16:52:19 Job submitted from host: <172.16.11.200:9618?addrs=172.16.11.200-9618&noUDP&sock=14877_46f2_4>
...
001 (29653.014.000) 01/29 18:38:38 Job executing on host: <172.16.11.231:9618?addrs=172.16.11.231-9618&noUDP&sock=startd_22895_f54e_4>
...
006 (29653.014.000) 01/29 18:38:47 Image size of job updated: 31592
	31  -  MemoryUsage of job (MB)
	31592  -  ResidentSetSize of job (KB)
...
006 (29653.014.000) 01/29 19:23:50 Image size of job updated: 31648
	31  -  MemoryUsage of job (MB)
	31648  -  ResidentSetSize of job (KB)
...
005 (29653.014.000) 01/29 19:27:47 Job terminated.
	(1) Normal termination (return value 0)
		Usr 0 00:49:08, Sys 0 00:00:00  -  Run Remote Usage
		Usr 0 00:00:00, Sys 0 00:00:00  -  Run Local Usage
		Usr 0 00:49:08, Sys 0 00:00:00  -  Total Remote Usage
		Usr 0 00:00:00, Sys 0 00:00:00  -  Total Local Usage
	0  -  Run Bytes Sent By Job
	0  -  Run Bytes Received By Job
	0  -  Total Bytes Sent By Job
	0  -  Total Bytes Received By Job
	Partitionable Resources :    Usage  Request Allocated 
	   Cpus                 :     0.99        1         1 
	   Disk (KB)            :     1           1    241059 
	   Memory (MB)          :    31           1      2008 
...
000 (29677.014.000) 01/30 10:58:42 Job submitted from host: <172.16.11.200:9618?addrs=172.16.11.200-9618&noUDP&sock=14877_46f2_4>
...
001 (29677.014.000) 01/30 12:46:44 Job executing on host: <172.16.11.233:9618?addrs=172.16.11.233-9618&alias=pc-farm3&noUDP&sock=startd_4556_edfa>
...
006 (29677.014.000) 01/30 12:46:54 Image size of job updated: 35028
	35  -  MemoryUsage of job (MB)
	35028  -  ResidentSetSize of job (KB)
...
006 (29677.014.000) 01/30 12:51:55 Image size of job updated: 35064
	35  -  MemoryUsage of job (MB)
	35064  -  ResidentSetSize of job (KB)
...
006 (29677.014.000) 01/30 12:56:56 Image size of job updated: 35096
	35  -  MemoryUsage of job (MB)
	35096  -  ResidentSetSize of job (KB)
...
006 (29677.014.000) 01/30 13:01:56 Image size of job updated: 35124
	35  -  MemoryUsage of job (MB)
	35124  -  ResidentSetSize of job (KB)
...
006 (29677.014.000) 01/30 13:06:57 Image size of job updated: 35156
	35  -  MemoryUsage of job (MB)
	35156  -  ResidentSetSize of job (KB)
...
006 (29677.014.000) 01/30 13:11:58 Image size of job updated: 35188
	35  -  MemoryUsage of job (MB)
	35188  -  ResidentSetSize of job (KB)
...
006 (29677.014.000) 01/30 13:16:58 Image size of job updated: 35344
	35  -  MemoryUsage of job (MB)
	35344  -  ResidentSetSize of job (KB)
...
005 (29677.014.000) 01/30 13:29:24 Job terminated.
	(1) Normal termination (return value 0)
		Usr 0 00:42:29, Sys 0 00:00:02  -  Run Remote Usage
		Usr 0 00:00:00, Sys 0 00:00:00  -  Run Local Usage
		Usr 0 00:42:29, Sys 0 00:00:02  -  Total Remote Usage
		Usr 0 00:00:00, Sys 0 00:00:00  -  Total Local Usage
	0  -  Run Bytes Sent By Job
	0  -  Run Bytes Received By Job
	0  -  Total Bytes Sent By Job
	0  -  Total Bytes Received By Job
	Partitionable Resources :    Usage  Request Allocated 
	   Cpus                 :     1.00        1         1 
	   Disk (KB)            :     1           1    254050 
	   Memory (MB)          :    35           1      1005 
...
000 (29692.014.000) 01/30 17:50:45 Job submitted from host: <172.16.11.200:9618?addrs=172.16.11.200-9618&noUDP&sock=14877_46f2_4>
...
001 (29692.014.000) 01/30 19:25:08 Job executing on host: <172.16.11.233:9618?addrs=172.16.11.233-9618&alias=pc-farm3&noUDP&sock=startd_4556_edfa>
...
006 (29692.014.000) 01/30 19:25:18 Image size of job updated: 35956
	36  -  MemoryUsage of job (MB)
	35956  -  ResidentSetSize of job (KB)
...
006 (29692.014.000) 01/30 20:10:23 Image size of job updated: 35964
	36  -  MemoryUsage of job (MB)
	35964  -  ResidentSetSize of job (KB)
...
006 (29692.014.000) 01/30 20:15:23 Image size of job updated: 35972
	36  -  MemoryUsage of job (MB)
	35972  -  ResidentSetSize of job (KB)
...
006 (29692.014.000) 01/30 20:20:24 Image size of job updated: 35980
	36  -  MemoryUsage of job (MB)
	35980  -  ResidentSetSize of job (KB)
...
006 (29692.014.000) 01/30 20:25:24 Image size of job updated: 35984
	36  -  MemoryUsage of job (MB)
	35984  -  ResidentSetSize of job (KB)
...
006 (29692.014.000) 01/30 20:30:24 Image size of job updated: 35992
	36  -  MemoryUsage of job (MB)
	35992  -  ResidentSetSize of job (KB)
...
006 (29692.014.000) 01/30 20:35:25 Image size of job updated: 36124
	36  -  MemoryUsage of job (MB)
	36124  -  ResidentSetSize of job (KB)
...
006 (29692.014.000) 01/30 20:50:27 Image size of job updated: 36144
	36  -  MemoryUsage of job (MB)
	36144  -  ResidentSetSize of job (KB)
...
006 (29692.014.000) 01/30 22:10:36 Image size of job updated: 36252
	36  -  MemoryUsage of job (MB)
	36252  -  ResidentSetSize of job (KB)
...
006 (29692.014.000) 01/30 22:15:36 Image size of job updated: 36260
	36  -  MemoryUsage of job (MB)
	36260  -  ResidentSetSize of job (KB)
...
005 (29692.014.000) 01/30 22:30:23 Job terminated.
	(1) Normal termination (return value 0)
		Usr 0 03:04:33, Sys 0 00:00:06  -  Run Remote Usage
		Usr 0 00:00:00, Sys 0 00:00:00  -  Run Local Usage
		Usr 0 03:04:33, Sys 0 00:00:06  -  Total Remote Usage
		Usr 0 00:00:00, Sys 0 00:00:00  -  Total Local Usage
	0  -  Run Bytes Sent By Job
	0  -  Run Bytes Received By Job
	0  -  Total Bytes Sent By Job
	0  -  Total Bytes Received By Job
	Partitionable Resources :    Usage  Request Allocated 
	   Cpus                 :     1.00        1         1 
	   Disk (KB)            :     1           1    254050 
	   Memory (MB)          :    36           1      1005 
...
