000 (29624.005.000) 01/28 22:25:12 Job submitted from host: <172.16.11.200:9618?addrs=172.16.11.200-9618&noUDP&sock=14877_46f2_4>
...
009 (29624.005.000) 01/28 22:25:34 Job was aborted by the user.
	via condor_rm (by user zhangliang)
...
000 (29668.005.000) 01/30 08:38:29 Job submitted from host: <172.16.11.200:9618?addrs=172.16.11.200-9618&noUDP&sock=14877_46f2_4>
...
001 (29668.005.000) 01/30 08:51:31 Job executing on host: <172.16.11.233:9618?addrs=172.16.11.233-9618&alias=pc-farm3&noUDP&sock=startd_4556_edfa>
...
006 (29668.005.000) 01/30 08:51:40 Image size of job updated: 35552
	35  -  MemoryUsage of job (MB)
	35552  -  ResidentSetSize of job (KB)
...
006 (29668.005.000) 01/30 09:11:41 Image size of job updated: 35604
	35  -  MemoryUsage of job (MB)
	35604  -  ResidentSetSize of job (KB)
...
006 (29668.005.000) 01/30 09:16:41 Image size of job updated: 35636
	35  -  MemoryUsage of job (MB)
	35636  -  ResidentSetSize of job (KB)
...
005 (29668.005.000) 01/30 09:37:16 Job terminated.
	(1) Normal termination (return value 0)
		Usr 0 00:45:31, Sys 0 00:00:03  -  Run Remote Usage
		Usr 0 00:00:00, Sys 0 00:00:00  -  Run Local Usage
		Usr 0 00:45:31, Sys 0 00:00:03  -  Total Remote Usage
		Usr 0 00:00:00, Sys 0 00:00:00  -  Total Local Usage
	0  -  Run Bytes Sent By Job
	0  -  Run Bytes Received By Job
	0  -  Total Bytes Sent By Job
	0  -  Total Bytes Received By Job
	Partitionable Resources :    Usage  Request Allocated 
	   Cpus                 :     1.00        1         1 
	   Disk (KB)            :     1           1    254050 
	   Memory (MB)          :    35           1      1005 
...
