000 (29298.012.000) 01/21 12:26:05 Job submitted from host: <172.16.11.200:9618?addrs=172.16.11.200-9618&noUDP&sock=14877_46f2_4>
...
001 (29298.012.000) 01/21 13:22:47 Job executing on host: <172.16.11.233:9618?addrs=172.16.11.233-9618&alias=pc-farm3&noUDP&sock=startd_4556_edfa>
...
006 (29298.012.000) 01/21 13:22:56 Image size of job updated: 36100
	36  -  MemoryUsage of job (MB)
	36100  -  ResidentSetSize of job (KB)
...
005 (29298.012.000) 01/21 13:29:14 Job terminated.
	(1) Normal termination (return value 0)
		Usr 0 00:06:25, Sys 0 00:00:00  -  Run Remote Usage
		Usr 0 00:00:00, Sys 0 00:00:00  -  Run Local Usage
		Usr 0 00:06:25, Sys 0 00:00:00  -  Total Remote Usage
		Usr 0 00:00:00, Sys 0 00:00:00  -  Total Local Usage
	0  -  Run Bytes Sent By Job
	0  -  Run Bytes Received By Job
	0  -  Total Bytes Sent By Job
	0  -  Total Bytes Received By Job
	Partitionable Resources :    Usage  Request Allocated 
	   Cpus                 :     1.00        1         1 
	   Disk (KB)            :     1           1    254050 
	   Memory (MB)          :    36           1      1005 
...
000 (29352.012.000) 01/24 09:27:14 Job submitted from host: <172.16.11.200:9618?addrs=172.16.11.200-9618&noUDP&sock=14877_46f2_4>
...
001 (29352.012.000) 01/24 09:27:33 Job executing on host: <172.16.11.234:9618?addrs=172.16.11.234-9618&alias=pc-farm4&noUDP&sock=startd_5195_3aff>
...
006 (29352.012.000) 01/24 09:27:41 Image size of job updated: 419772
	31  -  MemoryUsage of job (MB)
	31468  -  ResidentSetSize of job (KB)
...
006 (29352.012.000) 01/24 09:52:42 Image size of job updated: 419780
	31  -  MemoryUsage of job (MB)
	31472  -  ResidentSetSize of job (KB)
...
006 (29352.012.000) 01/24 12:27:58 Image size of job updated: 419780
	31  -  MemoryUsage of job (MB)
	31476  -  ResidentSetSize of job (KB)
...
005 (29352.012.000) 01/24 14:11:50 Job terminated.
	(1) Normal termination (return value 0)
		Usr 0 04:44:11, Sys 0 00:00:00  -  Run Remote Usage
		Usr 0 00:00:00, Sys 0 00:00:00  -  Run Local Usage
		Usr 0 04:44:11, Sys 0 00:00:00  -  Total Remote Usage
		Usr 0 00:00:00, Sys 0 00:00:00  -  Total Local Usage
	0  -  Run Bytes Sent By Job
	0  -  Run Bytes Received By Job
	0  -  Total Bytes Sent By Job
	0  -  Total Bytes Received By Job
	Partitionable Resources :    Usage  Request Allocated 
	   Cpus                 :     1.00        1         1 
	   Disk (KB)            :     1           1    255907 
	   Memory (MB)          :    31           1       999 
...
000 (29408.012.000) 01/25 14:11:39 Job submitted from host: <172.16.11.200:9618?addrs=172.16.11.200-9618&noUDP&sock=14877_46f2_4>
...
001 (29408.012.000) 01/25 14:55:16 Job executing on host: <172.16.11.233:9618?addrs=172.16.11.233-9618&alias=pc-farm3&noUDP&sock=startd_4556_edfa>
...
006 (29408.012.000) 01/25 14:55:25 Image size of job updated: 37020
	37  -  MemoryUsage of job (MB)
	37020  -  ResidentSetSize of job (KB)
...
006 (29408.012.000) 01/25 15:25:29 Image size of job updated: 37024
	37  -  MemoryUsage of job (MB)
	37024  -  ResidentSetSize of job (KB)
...
006 (29408.012.000) 01/25 15:50:31 Image size of job updated: 37044
	37  -  MemoryUsage of job (MB)
	37044  -  ResidentSetSize of job (KB)
...
006 (29408.012.000) 01/25 16:00:33 Image size of job updated: 37056
	37  -  MemoryUsage of job (MB)
	37056  -  ResidentSetSize of job (KB)
...
006 (29408.012.000) 01/25 16:10:34 Image size of job updated: 37068
	37  -  MemoryUsage of job (MB)
	37068  -  ResidentSetSize of job (KB)
...
006 (29408.012.000) 01/25 16:30:37 Image size of job updated: 37092
	37  -  MemoryUsage of job (MB)
	37092  -  ResidentSetSize of job (KB)
...
006 (29408.012.000) 01/25 16:40:37 Image size of job updated: 37104
	37  -  MemoryUsage of job (MB)
	37104  -  ResidentSetSize of job (KB)
...
006 (29408.012.000) 01/25 17:10:40 Image size of job updated: 37140
	37  -  MemoryUsage of job (MB)
	37140  -  ResidentSetSize of job (KB)
...
006 (29408.012.000) 01/25 17:15:41 Image size of job updated: 37144
	37  -  MemoryUsage of job (MB)
	37144  -  ResidentSetSize of job (KB)
...
006 (29408.012.000) 01/25 17:20:42 Image size of job updated: 37152
	37  -  MemoryUsage of job (MB)
	37152  -  ResidentSetSize of job (KB)
...
006 (29408.012.000) 01/25 17:40:44 Image size of job updated: 37176
	37  -  MemoryUsage of job (MB)
	37176  -  ResidentSetSize of job (KB)
...
006 (29408.012.000) 01/25 17:50:45 Image size of job updated: 37188
	37  -  MemoryUsage of job (MB)
	37188  -  ResidentSetSize of job (KB)
...
006 (29408.012.000) 01/25 18:00:45 Image size of job updated: 37200
	37  -  MemoryUsage of job (MB)
	37200  -  ResidentSetSize of job (KB)
...
006 (29408.012.000) 01/25 18:20:48 Image size of job updated: 37220
	37  -  MemoryUsage of job (MB)
	37220  -  ResidentSetSize of job (KB)
...
006 (29408.012.000) 01/25 18:30:49 Image size of job updated: 37232
	37  -  MemoryUsage of job (MB)
	37232  -  ResidentSetSize of job (KB)
...
005 (29408.012.000) 01/25 18:46:44 Job terminated.
	(1) Normal termination (return value 0)
		Usr 0 03:51:24, Sys 0 00:00:00  -  Run Remote Usage
		Usr 0 00:00:00, Sys 0 00:00:00  -  Run Local Usage
		Usr 0 03:51:24, Sys 0 00:00:00  -  Total Remote Usage
		Usr 0 00:00:00, Sys 0 00:00:00  -  Total Local Usage
	0  -  Run Bytes Sent By Job
	0  -  Run Bytes Received By Job
	0  -  Total Bytes Sent By Job
	0  -  Total Bytes Received By Job
	Partitionable Resources :    Usage  Request Allocated 
	   Cpus                 :     1.00        1         1 
	   Disk (KB)            :     1           1    254050 
	   Memory (MB)          :    37           1      1005 
...
000 (29674.012.000) 01/30 10:58:29 Job submitted from host: <172.16.11.200:9618?addrs=172.16.11.200-9618&noUDP&sock=14877_46f2_4>
...
001 (29674.012.000) 01/30 11:53:37 Job executing on host: <172.16.11.233:9618?addrs=172.16.11.233-9618&alias=pc-farm3&noUDP&sock=startd_4556_edfa>
...
006 (29674.012.000) 01/30 11:53:47 Image size of job updated: 35492
	35  -  MemoryUsage of job (MB)
	35492  -  ResidentSetSize of job (KB)
...
006 (29674.012.000) 01/30 12:58:54 Image size of job updated: 35496
	35  -  MemoryUsage of job (MB)
	35496  -  ResidentSetSize of job (KB)
...
006 (29674.012.000) 01/30 13:28:58 Image size of job updated: 35536
	35  -  MemoryUsage of job (MB)
	35536  -  ResidentSetSize of job (KB)
...
005 (29674.012.000) 01/30 14:52:17 Job terminated.
	(1) Normal termination (return value 0)
		Usr 0 02:58:26, Sys 0 00:00:05  -  Run Remote Usage
		Usr 0 00:00:00, Sys 0 00:00:00  -  Run Local Usage
		Usr 0 02:58:26, Sys 0 00:00:05  -  Total Remote Usage
		Usr 0 00:00:00, Sys 0 00:00:00  -  Total Local Usage
	0  -  Run Bytes Sent By Job
	0  -  Run Bytes Received By Job
	0  -  Total Bytes Sent By Job
	0  -  Total Bytes Received By Job
	Partitionable Resources :    Usage  Request Allocated 
	   Cpus                 :     1.00        1         1 
	   Disk (KB)            :     1           1    254050 
	   Memory (MB)          :    35           1      1005 
...
