000 (29300.023.000) 01/21 12:26:13 Job submitted from host: <172.16.11.200:9618?addrs=172.16.11.200-9618&noUDP&sock=14877_46f2_4>
...
001 (29300.023.000) 01/21 13:29:38 Job executing on host: <172.16.11.231:9618?addrs=172.16.11.231-9618&noUDP&sock=startd_22895_f54e_4>
...
006 (29300.023.000) 01/21 13:29:44 Image size of job updated: 200
	1  -  MemoryUsage of job (MB)
	200  -  ResidentSetSize of job (KB)
...
005 (29300.023.000) 01/21 13:29:44 Job terminated.
	(1) Normal termination (return value 0)
		Usr 0 00:00:04, Sys 0 00:00:00  -  Run Remote Usage
		Usr 0 00:00:00, Sys 0 00:00:00  -  Run Local Usage
		Usr 0 00:00:04, Sys 0 00:00:00  -  Total Remote Usage
		Usr 0 00:00:00, Sys 0 00:00:00  -  Total Local Usage
	0  -  Run Bytes Sent By Job
	0  -  Run Bytes Received By Job
	0  -  Total Bytes Sent By Job
	0  -  Total Bytes Received By Job
	Partitionable Resources :    Usage  Request Allocated 
	   Cpus                 :        0        1         1 
	   Disk (KB)            :        1        1    241059 
	   Memory (MB)          :        1        1      2008 
...
000 (29354.023.000) 01/24 09:27:22 Job submitted from host: <172.16.11.200:9618?addrs=172.16.11.200-9618&noUDP&sock=14877_46f2_4>
...
001 (29354.023.000) 01/24 09:27:43 Job executing on host: <172.16.11.232:9618?addrs=172.16.11.232-9618&alias=pc-farm2&noUDP&sock=startd_4986_dfb4_4>
...
006 (29354.023.000) 01/24 09:27:52 Image size of job updated: 31508
	31  -  MemoryUsage of job (MB)
	31508  -  ResidentSetSize of job (KB)
...
006 (29354.023.000) 01/24 10:17:57 Image size of job updated: 31572
	31  -  MemoryUsage of job (MB)
	31572  -  ResidentSetSize of job (KB)
...
005 (29354.023.000) 01/24 13:01:18 Job terminated.
	(1) Normal termination (return value 0)
		Usr 0 03:33:33, Sys 0 00:00:00  -  Run Remote Usage
		Usr 0 00:00:00, Sys 0 00:00:00  -  Run Local Usage
		Usr 0 03:33:33, Sys 0 00:00:00  -  Total Remote Usage
		Usr 0 00:00:00, Sys 0 00:00:00  -  Total Local Usage
	0  -  Run Bytes Sent By Job
	0  -  Run Bytes Received By Job
	0  -  Total Bytes Sent By Job
	0  -  Total Bytes Received By Job
	Partitionable Resources :    Usage  Request Allocated 
	   Cpus                 :     1.00        1         1 
	   Disk (KB)            :     1           1    245927 
	   Memory (MB)          :    31           1      1005 
...
000 (29410.023.000) 01/25 14:11:48 Job submitted from host: <172.16.11.200:9618?addrs=172.16.11.200-9618&noUDP&sock=14877_46f2_4>
...
001 (29410.023.000) 01/25 15:19:15 Job executing on host: <172.16.11.233:9618?addrs=172.16.11.233-9618&alias=pc-farm3&noUDP&sock=startd_4556_edfa>
...
006 (29410.023.000) 01/25 15:19:24 Image size of job updated: 36048
	36  -  MemoryUsage of job (MB)
	36048  -  ResidentSetSize of job (KB)
...
006 (29410.023.000) 01/25 15:29:24 Image size of job updated: 36160
	36  -  MemoryUsage of job (MB)
	36160  -  ResidentSetSize of job (KB)
...
006 (29410.023.000) 01/25 15:34:25 Image size of job updated: 36292
	36  -  MemoryUsage of job (MB)
	36292  -  ResidentSetSize of job (KB)
...
006 (29410.023.000) 01/25 15:39:25 Image size of job updated: 36296
	36  -  MemoryUsage of job (MB)
	36296  -  ResidentSetSize of job (KB)
...
006 (29410.023.000) 01/25 15:44:25 Image size of job updated: 36312
	36  -  MemoryUsage of job (MB)
	36312  -  ResidentSetSize of job (KB)
...
006 (29410.023.000) 01/25 15:49:26 Image size of job updated: 36444
	36  -  MemoryUsage of job (MB)
	36444  -  ResidentSetSize of job (KB)
...
006 (29410.023.000) 01/25 16:04:28 Image size of job updated: 36464
	36  -  MemoryUsage of job (MB)
	36464  -  ResidentSetSize of job (KB)
...
006 (29410.023.000) 01/25 16:09:29 Image size of job updated: 36472
	36  -  MemoryUsage of job (MB)
	36472  -  ResidentSetSize of job (KB)
...
006 (29410.023.000) 01/25 16:14:29 Image size of job updated: 36476
	36  -  MemoryUsage of job (MB)
	36476  -  ResidentSetSize of job (KB)
...
006 (29410.023.000) 01/25 17:24:35 Image size of job updated: 36552
	36  -  MemoryUsage of job (MB)
	36552  -  ResidentSetSize of job (KB)
...
006 (29410.023.000) 01/25 17:29:36 Image size of job updated: 36560
	36  -  MemoryUsage of job (MB)
	36560  -  ResidentSetSize of job (KB)
...
006 (29410.023.000) 01/25 17:44:38 Image size of job updated: 36580
	36  -  MemoryUsage of job (MB)
	36580  -  ResidentSetSize of job (KB)
...
005 (29410.023.000) 01/25 18:46:11 Job terminated.
	(1) Normal termination (return value 0)
		Usr 0 03:26:54, Sys 0 00:00:00  -  Run Remote Usage
		Usr 0 00:00:00, Sys 0 00:00:00  -  Run Local Usage
		Usr 0 03:26:54, Sys 0 00:00:00  -  Total Remote Usage
		Usr 0 00:00:00, Sys 0 00:00:00  -  Total Local Usage
	0  -  Run Bytes Sent By Job
	0  -  Run Bytes Received By Job
	0  -  Total Bytes Sent By Job
	0  -  Total Bytes Received By Job
	Partitionable Resources :    Usage  Request Allocated 
	   Cpus                 :     1.00        1         1 
	   Disk (KB)            :     1           1    254050 
	   Memory (MB)          :    36           1      1005 
...
000 (29676.023.000) 01/30 10:58:39 Job submitted from host: <172.16.11.200:9618?addrs=172.16.11.200-9618&noUDP&sock=14877_46f2_4>
...
001 (29676.023.000) 01/30 12:37:44 Job executing on host: <172.16.11.233:9618?addrs=172.16.11.233-9618&alias=pc-farm3&noUDP&sock=startd_4556_edfa>
...
006 (29676.023.000) 01/30 12:37:53 Image size of job updated: 34988
	35  -  MemoryUsage of job (MB)
	34988  -  ResidentSetSize of job (KB)
...
006 (29676.023.000) 01/30 14:18:04 Image size of job updated: 35004
	35  -  MemoryUsage of job (MB)
	35004  -  ResidentSetSize of job (KB)
...
005 (29676.023.000) 01/30 15:23:44 Job terminated.
	(1) Normal termination (return value 0)
		Usr 0 02:45:49, Sys 0 00:00:02  -  Run Remote Usage
		Usr 0 00:00:00, Sys 0 00:00:00  -  Run Local Usage
		Usr 0 02:45:49, Sys 0 00:00:02  -  Total Remote Usage
		Usr 0 00:00:00, Sys 0 00:00:00  -  Total Local Usage
	0  -  Run Bytes Sent By Job
	0  -  Run Bytes Received By Job
	0  -  Total Bytes Sent By Job
	0  -  Total Bytes Received By Job
	Partitionable Resources :    Usage  Request Allocated 
	   Cpus                 :     1.00        1         1 
	   Disk (KB)            :     1           1    254050 
	   Memory (MB)          :    35           1      1005 
...
