000 (29321.017.000) 01/22 08:35:00 Job submitted from host: <172.16.11.200:9618?addrs=172.16.11.200-9618&noUDP&sock=14877_46f2_4>
...
001 (29321.017.000) 01/22 09:21:04 Job executing on host: <172.16.11.231:9618?addrs=172.16.11.231-9618&noUDP&sock=startd_22895_f54e_4>
...
006 (29321.017.000) 01/22 09:21:14 Image size of job updated: 31440
	31  -  MemoryUsage of job (MB)
	31440  -  ResidentSetSize of job (KB)
...
006 (29321.017.000) 01/22 09:26:14 Image size of job updated: 31484
	31  -  MemoryUsage of job (MB)
	31484  -  ResidentSetSize of job (KB)
...
006 (29321.017.000) 01/22 10:51:22 Image size of job updated: 31588
	31  -  MemoryUsage of job (MB)
	31588  -  ResidentSetSize of job (KB)
...
005 (29321.017.000) 01/22 16:30:27 Job terminated.
	(1) Normal termination (return value 0)
		Usr 0 07:08:52, Sys 0 00:00:01  -  Run Remote Usage
		Usr 0 00:00:00, Sys 0 00:00:00  -  Run Local Usage
		Usr 0 07:08:52, Sys 0 00:00:01  -  Total Remote Usage
		Usr 0 00:00:00, Sys 0 00:00:00  -  Total Local Usage
	0  -  Run Bytes Sent By Job
	0  -  Run Bytes Received By Job
	0  -  Total Bytes Sent By Job
	0  -  Total Bytes Received By Job
	Partitionable Resources :    Usage  Request Allocated 
	   Cpus                 :     1.00        1         1 
	   Disk (KB)            :     1           1    241059 
	   Memory (MB)          :    31           1      2008 
...
000 (29341.017.000) 01/23 20:29:25 Job submitted from host: <172.16.11.200:9618?addrs=172.16.11.200-9618&noUDP&sock=14877_46f2_4>
...
009 (29341.017.000) 01/23 20:30:03 Job was aborted by the user.
	via condor_rm (by user zhangliang)
...
000 (29342.017.000) 01/23 20:30:33 Job submitted from host: <172.16.11.200:9618?addrs=172.16.11.200-9618&noUDP&sock=14877_46f2_4>
...
001 (29342.017.000) 01/23 20:30:35 Job executing on host: <172.16.11.231:9618?addrs=172.16.11.231-9618&noUDP&sock=startd_22895_f54e_4>
...
006 (29342.017.000) 01/23 20:30:44 Image size of job updated: 31340
	31  -  MemoryUsage of job (MB)
	31340  -  ResidentSetSize of job (KB)
...
006 (29342.017.000) 01/23 22:10:53 Image size of job updated: 31392
	31  -  MemoryUsage of job (MB)
	31392  -  ResidentSetSize of job (KB)
...
005 (29342.017.000) 01/24 02:05:31 Job terminated.
	(1) Normal termination (return value 0)
		Usr 0 05:32:03, Sys 0 00:00:00  -  Run Remote Usage
		Usr 0 00:00:00, Sys 0 00:00:00  -  Run Local Usage
		Usr 0 05:32:03, Sys 0 00:00:00  -  Total Remote Usage
		Usr 0 00:00:00, Sys 0 00:00:00  -  Total Local Usage
	0  -  Run Bytes Sent By Job
	0  -  Run Bytes Received By Job
	0  -  Total Bytes Sent By Job
	0  -  Total Bytes Received By Job
	Partitionable Resources :    Usage  Request Allocated 
	   Cpus                 :     0.97        1         1 
	   Disk (KB)            :     1           1    241059 
	   Memory (MB)          :    31           1      2008 
...
000 (29356.017.000) 01/24 09:27:36 Job submitted from host: <172.16.11.200:9618?addrs=172.16.11.200-9618&noUDP&sock=14877_46f2_4>
...
001 (29356.017.000) 01/24 09:28:01 Job executing on host: <172.16.11.232:9618?addrs=172.16.11.232-9618&alias=pc-farm2&noUDP&sock=startd_4986_dfb4_4>
...
006 (29356.017.000) 01/24 09:28:10 Image size of job updated: 31404
	31  -  MemoryUsage of job (MB)
	31404  -  ResidentSetSize of job (KB)
...
006 (29356.017.000) 01/24 10:28:16 Image size of job updated: 32036
	32  -  MemoryUsage of job (MB)
	32036  -  ResidentSetSize of job (KB)
...
005 (29356.017.000) 01/24 13:05:20 Job terminated.
	(1) Normal termination (return value 0)
		Usr 0 03:37:17, Sys 0 00:00:00  -  Run Remote Usage
		Usr 0 00:00:00, Sys 0 00:00:00  -  Run Local Usage
		Usr 0 03:37:17, Sys 0 00:00:00  -  Total Remote Usage
		Usr 0 00:00:00, Sys 0 00:00:00  -  Total Local Usage
	0  -  Run Bytes Sent By Job
	0  -  Run Bytes Received By Job
	0  -  Total Bytes Sent By Job
	0  -  Total Bytes Received By Job
	Partitionable Resources :    Usage  Request Allocated 
	   Cpus                 :     1.00        1         1 
	   Disk (KB)            :     1           1    245927 
	   Memory (MB)          :    32           1      1005 
...
000 (29412.017.000) 01/25 14:11:53 Job submitted from host: <172.16.11.200:9618?addrs=172.16.11.200-9618&noUDP&sock=14877_46f2_4>
...
001 (29412.017.000) 01/25 15:42:15 Job executing on host: <172.16.11.233:9618?addrs=172.16.11.233-9618&alias=pc-farm3&noUDP&sock=startd_4556_edfa>
...
006 (29412.017.000) 01/25 15:42:23 Image size of job updated: 35820
	35  -  MemoryUsage of job (MB)
	35820  -  ResidentSetSize of job (KB)
...
006 (29412.017.000) 01/25 15:47:23 Image size of job updated: 35836
	35  -  MemoryUsage of job (MB)
	35836  -  ResidentSetSize of job (KB)
...
006 (29412.017.000) 01/25 18:32:40 Image size of job updated: 35976
	36  -  MemoryUsage of job (MB)
	35976  -  ResidentSetSize of job (KB)
...
006 (29412.017.000) 01/25 18:37:41 Image size of job updated: 35984
	36  -  MemoryUsage of job (MB)
	35984  -  ResidentSetSize of job (KB)
...
006 (29412.017.000) 01/25 18:42:41 Image size of job updated: 35992
	36  -  MemoryUsage of job (MB)
	35992  -  ResidentSetSize of job (KB)
...
006 (29412.017.000) 01/25 18:47:41 Image size of job updated: 35996
	36  -  MemoryUsage of job (MB)
	35996  -  ResidentSetSize of job (KB)
...
006 (29412.017.000) 01/25 18:52:42 Image size of job updated: 36124
	36  -  MemoryUsage of job (MB)
	36124  -  ResidentSetSize of job (KB)
...
005 (29412.017.000) 01/25 19:00:51 Job terminated.
	(1) Normal termination (return value 0)
		Usr 0 03:18:35, Sys 0 00:00:00  -  Run Remote Usage
		Usr 0 00:00:00, Sys 0 00:00:00  -  Run Local Usage
		Usr 0 03:18:35, Sys 0 00:00:00  -  Total Remote Usage
		Usr 0 00:00:00, Sys 0 00:00:00  -  Total Local Usage
	0  -  Run Bytes Sent By Job
	0  -  Run Bytes Received By Job
	0  -  Total Bytes Sent By Job
	0  -  Total Bytes Received By Job
	Partitionable Resources :    Usage  Request Allocated 
	   Cpus                 :     1.00        1         1 
	   Disk (KB)            :     1           1    254050 
	   Memory (MB)          :    36           1      1005 
...
000 (29625.017.000) 01/28 22:25:51 Job submitted from host: <172.16.11.200:9618?addrs=172.16.11.200-9618&noUDP&sock=14877_46f2_4>
...
009 (29625.017.000) 01/28 23:02:09 Job was aborted by the user.
	via condor_rm (by user zhangliang)
...
000 (29626.017.000) 01/28 23:02:36 Job submitted from host: <172.16.11.200:9618?addrs=172.16.11.200-9618&noUDP&sock=14877_46f2_4>
...
001 (29626.017.000) 01/28 23:07:38 Job executing on host: <172.16.11.233:9618?addrs=172.16.11.233-9618&alias=pc-farm3&noUDP&sock=startd_4556_edfa>
...
006 (29626.017.000) 01/28 23:07:47 Image size of job updated: 35268
	35  -  MemoryUsage of job (MB)
	35268  -  ResidentSetSize of job (KB)
...
004 (29626.017.000) 01/28 23:15:20 Job was evicted.
	(0) CPU times
		Usr 0 00:07:41, Sys 0 00:00:00  -  Run Remote Usage
		Usr 0 00:00:00, Sys 0 00:00:00  -  Run Local Usage
	0  -  Run Bytes Sent By Job
	0  -  Run Bytes Received By Job
	Partitionable Resources :    Usage  Request Allocated 
	   Cpus                 :     1.00        1         1 
	   Disk (KB)            :     1           1    254050 
	   Memory (MB)          :    35           1      1005 
...
009 (29626.017.000) 01/28 23:15:20 Job was aborted by the user.
	via condor_rm (by user zhangliang)
...
000 (29627.017.000) 01/28 23:15:28 Job submitted from host: <172.16.11.200:9618?addrs=172.16.11.200-9618&noUDP&sock=14877_46f2_4>
...
001 (29627.017.000) 01/28 23:16:34 Job executing on host: <172.16.11.232:9618?addrs=172.16.11.232-9618&alias=pc-farm2&noUDP&sock=startd_4986_dfb4_4>
...
006 (29627.017.000) 01/28 23:16:45 Image size of job updated: 31724
	31  -  MemoryUsage of job (MB)
	31724  -  ResidentSetSize of job (KB)
...
005 (29627.017.000) 01/29 03:19:27 Job terminated.
	(1) Normal termination (return value 0)
		Usr 0 04:02:37, Sys 0 00:00:07  -  Run Remote Usage
		Usr 0 00:00:00, Sys 0 00:00:00  -  Run Local Usage
		Usr 0 04:02:37, Sys 0 00:00:07  -  Total Remote Usage
		Usr 0 00:00:00, Sys 0 00:00:00  -  Total Local Usage
	0  -  Run Bytes Sent By Job
	0  -  Run Bytes Received By Job
	0  -  Total Bytes Sent By Job
	0  -  Total Bytes Received By Job
	Partitionable Resources :    Usage  Request Allocated 
	   Cpus                 :     1.00        1         1 
	   Disk (KB)            :     1           1    245927 
	   Memory (MB)          :    31           1      1005 
...
000 (29631.017.000) 01/29 11:01:51 Job submitted from host: <172.16.11.200:9618?addrs=172.16.11.200-9618&noUDP&sock=14877_46f2_4>
...
001 (29631.017.000) 01/29 11:04:06 Job executing on host: <172.16.11.231:9618?addrs=172.16.11.231-9618&noUDP&sock=startd_22895_f54e_4>
...
006 (29631.017.000) 01/29 11:04:15 Image size of job updated: 31580
	31  -  MemoryUsage of job (MB)
	31580  -  ResidentSetSize of job (KB)
...
006 (29631.017.000) 01/29 12:39:26 Image size of job updated: 32184
	32  -  MemoryUsage of job (MB)
	32184  -  ResidentSetSize of job (KB)
...
006 (29631.017.000) 01/29 14:38:36 Image size of job updated: 306516
	32  -  MemoryUsage of job (MB)
	32184  -  ResidentSetSize of job (KB)
...
004 (29631.017.000) 01/29 14:38:36 Job was evicted.
	(0) CPU times
		Usr 0 03:34:28, Sys 0 00:00:00  -  Run Remote Usage
		Usr 0 00:00:00, Sys 0 00:00:00  -  Run Local Usage
	0  -  Run Bytes Sent By Job
	0  -  Run Bytes Received By Job
	Partitionable Resources :    Usage  Request Allocated 
	   Cpus                 :     1.00        1         1 
	   Disk (KB)            :     1           1    241059 
	   Memory (MB)          :    32           1      2008 
...
009 (29631.017.000) 01/29 14:38:36 Job was aborted by the user.
	via condor_rm (by user zhangliang)
...
000 (29643.017.000) 01/29 14:45:40 Job submitted from host: <172.16.11.200:9618?addrs=172.16.11.200-9618&noUDP&sock=14877_46f2_4>
...
001 (29643.017.000) 01/29 14:53:42 Job executing on host: <172.16.11.233:9618?addrs=172.16.11.233-9618&alias=pc-farm3&noUDP&sock=startd_4556_edfa>
...
006 (29643.017.000) 01/29 14:53:52 Image size of job updated: 34660
	34  -  MemoryUsage of job (MB)
	34660  -  ResidentSetSize of job (KB)
...
005 (29643.017.000) 01/29 14:57:00 Job terminated.
	(1) Normal termination (return value 0)
		Usr 0 00:03:15, Sys 0 00:00:00  -  Run Remote Usage
		Usr 0 00:00:00, Sys 0 00:00:00  -  Run Local Usage
		Usr 0 00:03:15, Sys 0 00:00:00  -  Total Remote Usage
		Usr 0 00:00:00, Sys 0 00:00:00  -  Total Local Usage
	0  -  Run Bytes Sent By Job
	0  -  Run Bytes Received By Job
	0  -  Total Bytes Sent By Job
	0  -  Total Bytes Received By Job
	Partitionable Resources :    Usage  Request Allocated 
	   Cpus                 :     1.00        1         1 
	   Disk (KB)            :     1           1    254050 
	   Memory (MB)          :    34           1      1005 
...
000 (29652.017.000) 01/29 16:52:15 Job submitted from host: <172.16.11.200:9618?addrs=172.16.11.200-9618&noUDP&sock=14877_46f2_4>
...
001 (29652.017.000) 01/29 18:35:39 Job executing on host: <172.16.11.231:9618?addrs=172.16.11.231-9618&noUDP&sock=startd_22895_f54e_4>
...
006 (29652.017.000) 01/29 18:35:47 Image size of job updated: 31536
	31  -  MemoryUsage of job (MB)
	31536  -  ResidentSetSize of job (KB)
...
006 (29652.017.000) 01/29 19:20:51 Image size of job updated: 31644
	31  -  MemoryUsage of job (MB)
	31644  -  ResidentSetSize of job (KB)
...
005 (29652.017.000) 01/29 19:27:59 Job terminated.
	(1) Normal termination (return value 0)
		Usr 0 00:52:20, Sys 0 00:00:00  -  Run Remote Usage
		Usr 0 00:00:00, Sys 0 00:00:00  -  Run Local Usage
		Usr 0 00:52:20, Sys 0 00:00:00  -  Total Remote Usage
		Usr 0 00:00:00, Sys 0 00:00:00  -  Total Local Usage
	0  -  Run Bytes Sent By Job
	0  -  Run Bytes Received By Job
	0  -  Total Bytes Sent By Job
	0  -  Total Bytes Received By Job
	Partitionable Resources :    Usage  Request Allocated 
	   Cpus                 :     0.99        1         1 
	   Disk (KB)            :     1           1    241059 
	   Memory (MB)          :    31           1      2008 
...
000 (29693.017.000) 01/30 17:50:49 Job submitted from host: <172.16.11.200:9618?addrs=172.16.11.200-9618&noUDP&sock=14877_46f2_4>
...
001 (29693.017.000) 01/30 20:22:17 Job executing on host: <172.16.11.231:9618?addrs=172.16.11.231-9618&noUDP&sock=startd_22895_f54e_4>
...
006 (29693.017.000) 01/30 20:22:26 Image size of job updated: 31440
	31  -  MemoryUsage of job (MB)
	31440  -  ResidentSetSize of job (KB)
...
005 (29693.017.000) 01/30 23:51:56 Job terminated.
	(1) Normal termination (return value 0)
		Usr 0 03:29:38, Sys 0 00:00:00  -  Run Remote Usage
		Usr 0 00:00:00, Sys 0 00:00:00  -  Run Local Usage
		Usr 0 03:29:38, Sys 0 00:00:00  -  Total Remote Usage
		Usr 0 00:00:00, Sys 0 00:00:00  -  Total Local Usage
	0  -  Run Bytes Sent By Job
	0  -  Run Bytes Received By Job
	0  -  Total Bytes Sent By Job
	0  -  Total Bytes Received By Job
	Partitionable Resources :    Usage  Request Allocated 
	   Cpus                 :     1.00        1         1 
	   Disk (KB)            :     1           1    241059 
	   Memory (MB)          :    31           1      2008 
...
