000 (29299.011.000) 01/21 12:26:09 Job submitted from host: <172.16.11.200:9618?addrs=172.16.11.200-9618&noUDP&sock=14877_46f2_4>
...
001 (29299.011.000) 01/21 13:28:47 Job executing on host: <172.16.11.232:9618?addrs=172.16.11.232-9618&alias=pc-farm2&noUDP&sock=startd_4986_dfb4_4>
...
006 (29299.011.000) 01/21 13:28:52 Image size of job updated: 256
	1  -  MemoryUsage of job (MB)
	256  -  ResidentSetSize of job (KB)
...
005 (29299.011.000) 01/21 13:28:52 Job terminated.
	(1) Normal termination (return value 0)
		Usr 0 00:00:04, Sys 0 00:00:00  -  Run Remote Usage
		Usr 0 00:00:00, Sys 0 00:00:00  -  Run Local Usage
		Usr 0 00:00:04, Sys 0 00:00:00  -  Total Remote Usage
		Usr 0 00:00:00, Sys 0 00:00:00  -  Total Local Usage
	0  -  Run Bytes Sent By Job
	0  -  Run Bytes Received By Job
	0  -  Total Bytes Sent By Job
	0  -  Total Bytes Received By Job
	Partitionable Resources :    Usage  Request Allocated 
	   Cpus                 :        0        1         1 
	   Disk (KB)            :        1        1    245927 
	   Memory (MB)          :        1        1      1005 
...
000 (29353.011.000) 01/24 09:27:18 Job submitted from host: <172.16.11.200:9618?addrs=172.16.11.200-9618&noUDP&sock=14877_46f2_4>
...
001 (29353.011.000) 01/24 09:27:36 Job executing on host: <172.16.11.234:9618?addrs=172.16.11.234-9618&alias=pc-farm4&noUDP&sock=startd_5195_3aff>
...
006 (29353.011.000) 01/24 09:27:45 Image size of job updated: 419772
	31  -  MemoryUsage of job (MB)
	31476  -  ResidentSetSize of job (KB)
...
006 (29353.011.000) 01/24 09:52:48 Image size of job updated: 419780
	31  -  MemoryUsage of job (MB)
	31480  -  ResidentSetSize of job (KB)
...
005 (29353.011.000) 01/24 13:53:27 Job terminated.
	(1) Normal termination (return value 0)
		Usr 0 04:25:47, Sys 0 00:00:00  -  Run Remote Usage
		Usr 0 00:00:00, Sys 0 00:00:00  -  Run Local Usage
		Usr 0 04:25:47, Sys 0 00:00:00  -  Total Remote Usage
		Usr 0 00:00:00, Sys 0 00:00:00  -  Total Local Usage
	0  -  Run Bytes Sent By Job
	0  -  Run Bytes Received By Job
	0  -  Total Bytes Sent By Job
	0  -  Total Bytes Received By Job
	Partitionable Resources :    Usage  Request Allocated 
	   Cpus                 :     1.00        1         1 
	   Disk (KB)            :     1           1    255907 
	   Memory (MB)          :    31           1       999 
...
000 (29409.011.000) 01/25 14:11:44 Job submitted from host: <172.16.11.200:9618?addrs=172.16.11.200-9618&noUDP&sock=14877_46f2_4>
...
001 (29409.011.000) 01/25 15:04:14 Job executing on host: <172.16.11.233:9618?addrs=172.16.11.233-9618&alias=pc-farm3&noUDP&sock=startd_4556_edfa>
...
006 (29409.011.000) 01/25 15:04:23 Image size of job updated: 35300
	35  -  MemoryUsage of job (MB)
	35300  -  ResidentSetSize of job (KB)
...
006 (29409.011.000) 01/25 16:09:29 Image size of job updated: 35352
	35  -  MemoryUsage of job (MB)
	35352  -  ResidentSetSize of job (KB)
...
006 (29409.011.000) 01/25 18:44:44 Image size of job updated: 35480
	35  -  MemoryUsage of job (MB)
	35480  -  ResidentSetSize of job (KB)
...
006 (29409.011.000) 01/25 19:49:51 Image size of job updated: 35532
	35  -  MemoryUsage of job (MB)
	35532  -  ResidentSetSize of job (KB)
...
005 (29409.011.000) 01/25 20:18:27 Job terminated.
	(1) Normal termination (return value 0)
		Usr 0 05:13:56, Sys 0 00:00:00  -  Run Remote Usage
		Usr 0 00:00:00, Sys 0 00:00:00  -  Run Local Usage
		Usr 0 05:13:56, Sys 0 00:00:00  -  Total Remote Usage
		Usr 0 00:00:00, Sys 0 00:00:00  -  Total Local Usage
	0  -  Run Bytes Sent By Job
	0  -  Run Bytes Received By Job
	0  -  Total Bytes Sent By Job
	0  -  Total Bytes Received By Job
	Partitionable Resources :    Usage  Request Allocated 
	   Cpus                 :     0.99        1         1 
	   Disk (KB)            :     1           1    254050 
	   Memory (MB)          :    35           1      1005 
...
000 (29675.011.000) 01/30 10:58:35 Job submitted from host: <172.16.11.200:9618?addrs=172.16.11.200-9618&noUDP&sock=14877_46f2_4>
...
001 (29675.011.000) 01/30 12:11:43 Job executing on host: <172.16.11.231:9618?addrs=172.16.11.231-9618&noUDP&sock=startd_22895_f54e_4>
...
006 (29675.011.000) 01/30 12:11:51 Image size of job updated: 31768
	32  -  MemoryUsage of job (MB)
	31768  -  ResidentSetSize of job (KB)
...
006 (29675.011.000) 01/30 13:31:59 Image size of job updated: 31928
	32  -  MemoryUsage of job (MB)
	31928  -  ResidentSetSize of job (KB)
...
005 (29675.011.000) 01/30 15:20:00 Job terminated.
	(1) Normal termination (return value 0)
		Usr 0 03:08:16, Sys 0 00:00:00  -  Run Remote Usage
		Usr 0 00:00:00, Sys 0 00:00:00  -  Run Local Usage
		Usr 0 03:08:16, Sys 0 00:00:00  -  Total Remote Usage
		Usr 0 00:00:00, Sys 0 00:00:00  -  Total Local Usage
	0  -  Run Bytes Sent By Job
	0  -  Run Bytes Received By Job
	0  -  Total Bytes Sent By Job
	0  -  Total Bytes Received By Job
	Partitionable Resources :    Usage  Request Allocated 
	   Cpus                 :     1.00        1         1 
	   Disk (KB)            :     1           1    241059 
	   Memory (MB)          :    32           1      2008 
...
