000 (29319.000.000) 01/22 08:34:44 Job submitted from host: <172.16.11.200:9618?addrs=172.16.11.200-9618&noUDP&sock=14877_46f2_4>
...
001 (29319.000.000) 01/22 08:55:04 Job executing on host: <172.16.11.231:9618?addrs=172.16.11.231-9618&noUDP&sock=startd_22895_f54e_4>
...
006 (29319.000.000) 01/22 08:55:10 Image size of job updated: 30988
	0  -  MemoryUsage of job (MB)
	0  -  ResidentSetSize of job (KB)
...
005 (29319.000.000) 01/22 08:55:10 Job terminated.
	(1) Normal termination (return value 0)
		Usr 0 00:00:05, Sys 0 00:00:00  -  Run Remote Usage
		Usr 0 00:00:00, Sys 0 00:00:00  -  Run Local Usage
		Usr 0 00:00:05, Sys 0 00:00:00  -  Total Remote Usage
		Usr 0 00:00:00, Sys 0 00:00:00  -  Total Local Usage
	0  -  Run Bytes Sent By Job
	0  -  Run Bytes Received By Job
	0  -  Total Bytes Sent By Job
	0  -  Total Bytes Received By Job
	Partitionable Resources :    Usage  Request Allocated 
	   Cpus                 :        0        1         1 
	   Disk (KB)            :        1        1    241059 
	   Memory (MB)          :        0        1      2008 
...
000 (29357.000.000) 01/24 09:27:43 Job submitted from host: <172.16.11.200:9618?addrs=172.16.11.200-9618&noUDP&sock=14877_46f2_4>
...
001 (29357.000.000) 01/24 09:28:05 Job executing on host: <172.16.11.232:9618?addrs=172.16.11.232-9618&alias=pc-farm2&noUDP&sock=startd_4986_dfb4_4>
...
006 (29357.000.000) 01/24 09:28:13 Image size of job updated: 31528
	31  -  MemoryUsage of job (MB)
	31528  -  ResidentSetSize of job (KB)
...
006 (29357.000.000) 01/24 10:28:17 Image size of job updated: 31640
	31  -  MemoryUsage of job (MB)
	31640  -  ResidentSetSize of job (KB)
...
005 (29357.000.000) 01/24 13:12:33 Job terminated.
	(1) Normal termination (return value 0)
		Usr 0 03:44:27, Sys 0 00:00:00  -  Run Remote Usage
		Usr 0 00:00:00, Sys 0 00:00:00  -  Run Local Usage
		Usr 0 03:44:27, Sys 0 00:00:00  -  Total Remote Usage
		Usr 0 00:00:00, Sys 0 00:00:00  -  Total Local Usage
	0  -  Run Bytes Sent By Job
	0  -  Run Bytes Received By Job
	0  -  Total Bytes Sent By Job
	0  -  Total Bytes Received By Job
	Partitionable Resources :    Usage  Request Allocated 
	   Cpus                 :     1.00        1         1 
	   Disk (KB)            :     1           1    245927 
	   Memory (MB)          :    31           1      1005 
...
000 (29413.000.000) 01/25 14:12:10 Job submitted from host: <172.16.11.200:9618?addrs=172.16.11.200-9618&noUDP&sock=14877_46f2_4>
...
001 (29413.000.000) 01/25 15:47:14 Job executing on host: <172.16.11.231:9618?addrs=172.16.11.231-9618&noUDP&sock=startd_22895_f54e_4>
...
006 (29413.000.000) 01/25 15:47:23 Image size of job updated: 31600
	31  -  MemoryUsage of job (MB)
	31600  -  ResidentSetSize of job (KB)
...
006 (29413.000.000) 01/25 15:52:25 Image size of job updated: 31736
	31  -  MemoryUsage of job (MB)
	31736  -  ResidentSetSize of job (KB)
...
005 (29413.000.000) 01/25 21:31:50 Job terminated.
	(1) Normal termination (return value 0)
		Usr 0 05:43:10, Sys 0 00:00:00  -  Run Remote Usage
		Usr 0 00:00:00, Sys 0 00:00:00  -  Run Local Usage
		Usr 0 05:43:10, Sys 0 00:00:00  -  Total Remote Usage
		Usr 0 00:00:00, Sys 0 00:00:00  -  Total Local Usage
	0  -  Run Bytes Sent By Job
	0  -  Run Bytes Received By Job
	0  -  Total Bytes Sent By Job
	0  -  Total Bytes Received By Job
	Partitionable Resources :    Usage  Request Allocated 
	   Cpus                 :     1.00        1         1 
	   Disk (KB)            :     1           1    241059 
	   Memory (MB)          :    31           1      2008 
...
000 (29678.000.000) 01/30 10:58:48 Job submitted from host: <172.16.11.200:9618?addrs=172.16.11.200-9618&noUDP&sock=14877_46f2_4>
...
001 (29678.000.000) 01/30 12:50:43 Job executing on host: <172.16.11.234:9618?addrs=172.16.11.234-9618&alias=pc-farm4&noUDP&sock=startd_5195_3aff>
...
006 (29678.000.000) 01/30 12:50:51 Image size of job updated: 31472
	31  -  MemoryUsage of job (MB)
	31472  -  ResidentSetSize of job (KB)
...
006 (29678.000.000) 01/30 12:55:51 Image size of job updated: 419772
	31  -  MemoryUsage of job (MB)
	31472  -  ResidentSetSize of job (KB)
...
006 (29678.000.000) 01/30 13:10:53 Image size of job updated: 419780
	31  -  MemoryUsage of job (MB)
	31476  -  ResidentSetSize of job (KB)
...
005 (29678.000.000) 01/30 16:11:55 Job terminated.
	(1) Normal termination (return value 0)
		Usr 0 03:21:11, Sys 0 00:00:00  -  Run Remote Usage
		Usr 0 00:00:00, Sys 0 00:00:00  -  Run Local Usage
		Usr 0 03:21:11, Sys 0 00:00:00  -  Total Remote Usage
		Usr 0 00:00:00, Sys 0 00:00:00  -  Total Local Usage
	0  -  Run Bytes Sent By Job
	0  -  Run Bytes Received By Job
	0  -  Total Bytes Sent By Job
	0  -  Total Bytes Received By Job
	Partitionable Resources :    Usage  Request Allocated 
	   Cpus                 :     1.00        1         1 
	   Disk (KB)            :     1           1    255907 
	   Memory (MB)          :    31           1       999 
...
