000 (29319.004.000) 01/22 08:34:44 Job submitted from host: <172.16.11.200:9618?addrs=172.16.11.200-9618&noUDP&sock=14877_46f2_4>
...
001 (29319.004.000) 01/22 08:57:04 Job executing on host: <172.16.11.233:9618?addrs=172.16.11.233-9618&alias=pc-farm3&noUDP&sock=startd_4556_edfa>
...
006 (29319.004.000) 01/22 08:57:13 Image size of job updated: 35308
	35  -  MemoryUsage of job (MB)
	35308  -  ResidentSetSize of job (KB)
...
005 (29319.004.000) 01/22 09:02:40 Job terminated.
	(1) Normal termination (return value 0)
		Usr 0 00:05:34, Sys 0 00:00:00  -  Run Remote Usage
		Usr 0 00:00:00, Sys 0 00:00:00  -  Run Local Usage
		Usr 0 00:05:34, Sys 0 00:00:00  -  Total Remote Usage
		Usr 0 00:00:00, Sys 0 00:00:00  -  Total Local Usage
	0  -  Run Bytes Sent By Job
	0  -  Run Bytes Received By Job
	0  -  Total Bytes Sent By Job
	0  -  Total Bytes Received By Job
	Partitionable Resources :    Usage  Request Allocated 
	   Cpus                 :     1.00        1         1 
	   Disk (KB)            :     1           1    254050 
	   Memory (MB)          :    35           1      1005 
...
000 (29357.004.000) 01/24 09:27:43 Job submitted from host: <172.16.11.200:9618?addrs=172.16.11.200-9618&noUDP&sock=14877_46f2_4>
...
001 (29357.004.000) 01/24 09:28:06 Job executing on host: <172.16.11.232:9618?addrs=172.16.11.232-9618&alias=pc-farm2&noUDP&sock=startd_4986_dfb4_4>
...
006 (29357.004.000) 01/24 09:28:15 Image size of job updated: 31456
	31  -  MemoryUsage of job (MB)
	31456  -  ResidentSetSize of job (KB)
...
006 (29357.004.000) 01/24 10:28:21 Image size of job updated: 31524
	31  -  MemoryUsage of job (MB)
	31524  -  ResidentSetSize of job (KB)
...
005 (29357.004.000) 01/24 13:07:51 Job terminated.
	(1) Normal termination (return value 0)
		Usr 0 03:39:44, Sys 0 00:00:00  -  Run Remote Usage
		Usr 0 00:00:00, Sys 0 00:00:00  -  Run Local Usage
		Usr 0 03:39:44, Sys 0 00:00:00  -  Total Remote Usage
		Usr 0 00:00:00, Sys 0 00:00:00  -  Total Local Usage
	0  -  Run Bytes Sent By Job
	0  -  Run Bytes Received By Job
	0  -  Total Bytes Sent By Job
	0  -  Total Bytes Received By Job
	Partitionable Resources :    Usage  Request Allocated 
	   Cpus                 :     1.00        1         1 
	   Disk (KB)            :     1           1    245927 
	   Memory (MB)          :    31           1      1005 
...
000 (29413.004.000) 01/25 14:12:10 Job submitted from host: <172.16.11.200:9618?addrs=172.16.11.200-9618&noUDP&sock=14877_46f2_4>
...
001 (29413.004.000) 01/25 15:50:14 Job executing on host: <172.16.11.231:9618?addrs=172.16.11.231-9618&noUDP&sock=startd_22895_f54e_4>
...
006 (29413.004.000) 01/25 15:50:23 Image size of job updated: 31704
	31  -  MemoryUsage of job (MB)
	31704  -  ResidentSetSize of job (KB)
...
006 (29413.004.000) 01/25 15:55:23 Image size of job updated: 31776
	32  -  MemoryUsage of job (MB)
	31776  -  ResidentSetSize of job (KB)
...
005 (29413.004.000) 01/25 21:38:50 Job terminated.
	(1) Normal termination (return value 0)
		Usr 0 05:47:29, Sys 0 00:00:00  -  Run Remote Usage
		Usr 0 00:00:00, Sys 0 00:00:00  -  Run Local Usage
		Usr 0 05:47:29, Sys 0 00:00:00  -  Total Remote Usage
		Usr 0 00:00:00, Sys 0 00:00:00  -  Total Local Usage
	0  -  Run Bytes Sent By Job
	0  -  Run Bytes Received By Job
	0  -  Total Bytes Sent By Job
	0  -  Total Bytes Received By Job
	Partitionable Resources :    Usage  Request Allocated 
	   Cpus                 :     1.00        1         1 
	   Disk (KB)            :     1           1    241059 
	   Memory (MB)          :    32           1      2008 
...
000 (29678.004.000) 01/30 10:58:48 Job submitted from host: <172.16.11.200:9618?addrs=172.16.11.200-9618&noUDP&sock=14877_46f2_4>
...
001 (29678.004.000) 01/30 12:53:45 Job executing on host: <172.16.11.231:9618?addrs=172.16.11.231-9618&noUDP&sock=startd_22895_f54e_4>
...
006 (29678.004.000) 01/30 12:53:54 Image size of job updated: 31688
	31  -  MemoryUsage of job (MB)
	31688  -  ResidentSetSize of job (KB)
...
006 (29678.004.000) 01/30 13:38:59 Image size of job updated: 31744
	31  -  MemoryUsage of job (MB)
	31744  -  ResidentSetSize of job (KB)
...
005 (29678.004.000) 01/30 16:09:40 Job terminated.
	(1) Normal termination (return value 0)
		Usr 0 03:15:37, Sys 0 00:00:16  -  Run Remote Usage
		Usr 0 00:00:00, Sys 0 00:00:00  -  Run Local Usage
		Usr 0 03:15:37, Sys 0 00:00:16  -  Total Remote Usage
		Usr 0 00:00:00, Sys 0 00:00:00  -  Total Local Usage
	0  -  Run Bytes Sent By Job
	0  -  Run Bytes Received By Job
	0  -  Total Bytes Sent By Job
	0  -  Total Bytes Received By Job
	Partitionable Resources :    Usage  Request Allocated 
	   Cpus                 :     1.00        1         1 
	   Disk (KB)            :     1           1    241059 
	   Memory (MB)          :    31           1      2008 
...
