000 (29320.012.000) 01/22 08:34:52 Job submitted from host: <172.16.11.200:9618?addrs=172.16.11.200-9618&noUDP&sock=14877_46f2_4>
...
001 (29320.012.000) 01/22 09:08:52 Job executing on host: <172.16.11.231:9618?addrs=172.16.11.231-9618&noUDP&sock=startd_22895_f54e_4>
...
006 (29320.012.000) 01/22 09:09:00 Image size of job updated: 31500
	31  -  MemoryUsage of job (MB)
	31500  -  ResidentSetSize of job (KB)
...
006 (29320.012.000) 01/22 09:14:00 Image size of job updated: 31636
	31  -  MemoryUsage of job (MB)
	31636  -  ResidentSetSize of job (KB)
...
006 (29320.012.000) 01/22 10:24:08 Image size of job updated: 32472
	32  -  MemoryUsage of job (MB)
	32472  -  ResidentSetSize of job (KB)
...
005 (29320.012.000) 01/22 16:09:22 Job terminated.
	(1) Normal termination (return value 0)
		Usr 0 07:00:11, Sys 0 00:00:00  -  Run Remote Usage
		Usr 0 00:00:00, Sys 0 00:00:00  -  Run Local Usage
		Usr 0 07:00:11, Sys 0 00:00:00  -  Total Remote Usage
		Usr 0 00:00:00, Sys 0 00:00:00  -  Total Local Usage
	0  -  Run Bytes Sent By Job
	0  -  Run Bytes Received By Job
	0  -  Total Bytes Sent By Job
	0  -  Total Bytes Received By Job
	Partitionable Resources :    Usage  Request Allocated 
	   Cpus                 :     1.00        1         1 
	   Disk (KB)            :     1           1    241059 
	   Memory (MB)          :    32           1      2008 
...
000 (29355.012.000) 01/24 09:27:33 Job submitted from host: <172.16.11.200:9618?addrs=172.16.11.200-9618&noUDP&sock=14877_46f2_4>
...
001 (29355.012.000) 01/24 09:27:49 Job executing on host: <172.16.11.232:9618?addrs=172.16.11.232-9618&alias=pc-farm2&noUDP&sock=startd_4986_dfb4_4>
...
006 (29355.012.000) 01/24 09:27:58 Image size of job updated: 31504
	31  -  MemoryUsage of job (MB)
	31504  -  ResidentSetSize of job (KB)
...
006 (29355.012.000) 01/24 10:23:03 Image size of job updated: 31952
	32  -  MemoryUsage of job (MB)
	31952  -  ResidentSetSize of job (KB)
...
005 (29355.012.000) 01/24 12:40:32 Job terminated.
	(1) Normal termination (return value 0)
		Usr 0 03:12:41, Sys 0 00:00:00  -  Run Remote Usage
		Usr 0 00:00:00, Sys 0 00:00:00  -  Run Local Usage
		Usr 0 03:12:41, Sys 0 00:00:00  -  Total Remote Usage
		Usr 0 00:00:00, Sys 0 00:00:00  -  Total Local Usage
	0  -  Run Bytes Sent By Job
	0  -  Run Bytes Received By Job
	0  -  Total Bytes Sent By Job
	0  -  Total Bytes Received By Job
	Partitionable Resources :    Usage  Request Allocated 
	   Cpus                 :     1.00        1         1 
	   Disk (KB)            :     1           1    245927 
	   Memory (MB)          :    32           1      1005 
...
000 (29411.012.000) 01/25 14:11:50 Job submitted from host: <172.16.11.200:9618?addrs=172.16.11.200-9618&noUDP&sock=14877_46f2_4>
...
001 (29411.012.000) 01/25 15:25:14 Job executing on host: <172.16.11.232:9618?addrs=172.16.11.232-9618&alias=pc-farm2&noUDP&sock=startd_4986_dfb4_4>
...
006 (29411.012.000) 01/25 15:25:23 Image size of job updated: 31304
	31  -  MemoryUsage of job (MB)
	31304  -  ResidentSetSize of job (KB)
...
006 (29411.012.000) 01/25 15:50:24 Image size of job updated: 31436
	31  -  MemoryUsage of job (MB)
	31436  -  ResidentSetSize of job (KB)
...
005 (29411.012.000) 01/25 18:37:30 Job terminated.
	(1) Normal termination (return value 0)
		Usr 0 03:12:14, Sys 0 00:00:00  -  Run Remote Usage
		Usr 0 00:00:00, Sys 0 00:00:00  -  Run Local Usage
		Usr 0 03:12:14, Sys 0 00:00:00  -  Total Remote Usage
		Usr 0 00:00:00, Sys 0 00:00:00  -  Total Local Usage
	0  -  Run Bytes Sent By Job
	0  -  Run Bytes Received By Job
	0  -  Total Bytes Sent By Job
	0  -  Total Bytes Received By Job
	Partitionable Resources :    Usage  Request Allocated 
	   Cpus                 :     1.00        1         1 
	   Disk (KB)            :     1           1    245927 
	   Memory (MB)          :    31           1      1005 
...
000 (29653.012.000) 01/29 16:52:19 Job submitted from host: <172.16.11.200:9618?addrs=172.16.11.200-9618&noUDP&sock=14877_46f2_4>
...
001 (29653.012.000) 01/29 18:38:38 Job executing on host: <172.16.11.231:9618?addrs=172.16.11.231-9618&noUDP&sock=startd_22895_f54e_4>
...
006 (29653.012.000) 01/29 18:38:46 Image size of job updated: 31396
	31  -  MemoryUsage of job (MB)
	31396  -  ResidentSetSize of job (KB)
...
006 (29653.012.000) 01/29 19:23:52 Image size of job updated: 31448
	31  -  MemoryUsage of job (MB)
	31448  -  ResidentSetSize of job (KB)
...
006 (29653.012.000) 01/29 19:30:25 Image size of job updated: 419680
	31  -  MemoryUsage of job (MB)
	31448  -  ResidentSetSize of job (KB)
...
005 (29653.012.000) 01/29 19:30:25 Job terminated.
	(1) Normal termination (return value 0)
		Usr 0 00:51:46, Sys 0 00:00:00  -  Run Remote Usage
		Usr 0 00:00:00, Sys 0 00:00:00  -  Run Local Usage
		Usr 0 00:51:46, Sys 0 00:00:00  -  Total Remote Usage
		Usr 0 00:00:00, Sys 0 00:00:00  -  Total Local Usage
	0  -  Run Bytes Sent By Job
	0  -  Run Bytes Received By Job
	0  -  Total Bytes Sent By Job
	0  -  Total Bytes Received By Job
	Partitionable Resources :    Usage  Request Allocated 
	   Cpus                 :     1.00        1         1 
	   Disk (KB)            :     1           1    241059 
	   Memory (MB)          :    31           1      2008 
...
000 (29677.012.000) 01/30 10:58:42 Job submitted from host: <172.16.11.200:9618?addrs=172.16.11.200-9618&noUDP&sock=14877_46f2_4>
...
001 (29677.012.000) 01/30 12:46:44 Job executing on host: <172.16.11.232:9618?addrs=172.16.11.232-9618&alias=pc-farm2&noUDP&sock=startd_4986_dfb4_4>
...
006 (29677.012.000) 01/30 12:46:53 Image size of job updated: 31864
	32  -  MemoryUsage of job (MB)
	31864  -  ResidentSetSize of job (KB)
...
005 (29677.012.000) 01/30 13:32:45 Job terminated.
	(1) Normal termination (return value 0)
		Usr 0 00:45:53, Sys 0 00:00:00  -  Run Remote Usage
		Usr 0 00:00:00, Sys 0 00:00:00  -  Run Local Usage
		Usr 0 00:45:53, Sys 0 00:00:00  -  Total Remote Usage
		Usr 0 00:00:00, Sys 0 00:00:00  -  Total Local Usage
	0  -  Run Bytes Sent By Job
	0  -  Run Bytes Received By Job
	0  -  Total Bytes Sent By Job
	0  -  Total Bytes Received By Job
	Partitionable Resources :    Usage  Request Allocated 
	   Cpus                 :     1.00        1         1 
	   Disk (KB)            :     1           1    245927 
	   Memory (MB)          :    32           1      1005 
...
000 (29692.012.000) 01/30 17:50:45 Job submitted from host: <172.16.11.200:9618?addrs=172.16.11.200-9618&noUDP&sock=14877_46f2_4>
...
001 (29692.012.000) 01/30 19:21:08 Job executing on host: <172.16.11.233:9618?addrs=172.16.11.233-9618&alias=pc-farm3&noUDP&sock=startd_4556_edfa>
...
006 (29692.012.000) 01/30 19:21:17 Image size of job updated: 35472
	35  -  MemoryUsage of job (MB)
	35472  -  ResidentSetSize of job (KB)
...
005 (29692.012.000) 01/30 22:21:44 Job terminated.
	(1) Normal termination (return value 0)
		Usr 0 03:00:10, Sys 0 00:00:07  -  Run Remote Usage
		Usr 0 00:00:00, Sys 0 00:00:00  -  Run Local Usage
		Usr 0 03:00:10, Sys 0 00:00:07  -  Total Remote Usage
		Usr 0 00:00:00, Sys 0 00:00:00  -  Total Local Usage
	0  -  Run Bytes Sent By Job
	0  -  Run Bytes Received By Job
	0  -  Total Bytes Sent By Job
	0  -  Total Bytes Received By Job
	Partitionable Resources :    Usage  Request Allocated 
	   Cpus                 :     1.00        1         1 
	   Disk (KB)            :     1           1    254050 
	   Memory (MB)          :    35           1      1005 
...
