000 (29321.006.000) 01/22 08:35:00 Job submitted from host: <172.16.11.200:9618?addrs=172.16.11.200-9618&noUDP&sock=14877_46f2_4>
...
001 (29321.006.000) 01/22 09:15:05 Job executing on host: <172.16.11.231:9618?addrs=172.16.11.231-9618&noUDP&sock=startd_22895_f54e_4>
...
006 (29321.006.000) 01/22 09:15:14 Image size of job updated: 31456
	31  -  MemoryUsage of job (MB)
	31456  -  ResidentSetSize of job (KB)
...
006 (29321.006.000) 01/22 10:35:21 Image size of job updated: 31520
	31  -  MemoryUsage of job (MB)
	31520  -  ResidentSetSize of job (KB)
...
006 (29321.006.000) 01/22 16:35:15 Image size of job updated: 419680
	31  -  MemoryUsage of job (MB)
	31520  -  ResidentSetSize of job (KB)
...
005 (29321.006.000) 01/22 16:35:15 Job terminated.
	(1) Normal termination (return value 0)
		Usr 0 07:16:24, Sys 0 00:00:01  -  Run Remote Usage
		Usr 0 00:00:00, Sys 0 00:00:00  -  Run Local Usage
		Usr 0 07:16:24, Sys 0 00:00:01  -  Total Remote Usage
		Usr 0 00:00:00, Sys 0 00:00:00  -  Total Local Usage
	0  -  Run Bytes Sent By Job
	0  -  Run Bytes Received By Job
	0  -  Total Bytes Sent By Job
	0  -  Total Bytes Received By Job
	Partitionable Resources :    Usage  Request Allocated 
	   Cpus                 :     1.00        1         1 
	   Disk (KB)            :     1           1    241059 
	   Memory (MB)          :    31           1      2008 
...
000 (29341.006.000) 01/23 20:29:25 Job submitted from host: <172.16.11.200:9618?addrs=172.16.11.200-9618&noUDP&sock=14877_46f2_4>
...
001 (29341.006.000) 01/23 20:29:51 Job executing on host: <172.16.11.232:9618?addrs=172.16.11.232-9618&alias=pc-farm2&noUDP&sock=startd_4986_dfb4_4>
...
006 (29341.006.000) 01/23 20:29:58 Image size of job updated: 419808
	1  -  MemoryUsage of job (MB)
	388  -  ResidentSetSize of job (KB)
...
005 (29341.006.000) 01/23 20:29:58 Job terminated.
	(1) Normal termination (return value 0)
		Usr 0 00:00:06, Sys 0 00:00:00  -  Run Remote Usage
		Usr 0 00:00:00, Sys 0 00:00:00  -  Run Local Usage
		Usr 0 00:00:06, Sys 0 00:00:00  -  Total Remote Usage
		Usr 0 00:00:00, Sys 0 00:00:00  -  Total Local Usage
	0  -  Run Bytes Sent By Job
	0  -  Run Bytes Received By Job
	0  -  Total Bytes Sent By Job
	0  -  Total Bytes Received By Job
	Partitionable Resources :    Usage  Request Allocated 
	   Cpus                 :     0.03        1         1 
	   Disk (KB)            :     1           1    245927 
	   Memory (MB)          :     1           1      1005 
...
000 (29342.006.000) 01/23 20:30:33 Job submitted from host: <172.16.11.200:9618?addrs=172.16.11.200-9618&noUDP&sock=14877_46f2_4>
...
001 (29342.006.000) 01/23 20:30:37 Job executing on host: <172.16.11.232:9618?addrs=172.16.11.232-9618&alias=pc-farm2&noUDP&sock=startd_4986_dfb4_4>
...
006 (29342.006.000) 01/23 20:30:46 Image size of job updated: 31816
	32  -  MemoryUsage of job (MB)
	31816  -  ResidentSetSize of job (KB)
...
006 (29342.006.000) 01/23 21:55:55 Image size of job updated: 31992
	32  -  MemoryUsage of job (MB)
	31992  -  ResidentSetSize of job (KB)
...
006 (29342.006.000) 01/24 01:37:08 Image size of job updated: 419816
	32  -  MemoryUsage of job (MB)
	31992  -  ResidentSetSize of job (KB)
...
005 (29342.006.000) 01/24 01:37:08 Job terminated.
	(1) Normal termination (return value 0)
		Usr 0 04:48:55, Sys 0 00:00:00  -  Run Remote Usage
		Usr 0 00:00:00, Sys 0 00:00:00  -  Run Local Usage
		Usr 0 04:48:55, Sys 0 00:00:00  -  Total Remote Usage
		Usr 0 00:00:00, Sys 0 00:00:00  -  Total Local Usage
	0  -  Run Bytes Sent By Job
	0  -  Run Bytes Received By Job
	0  -  Total Bytes Sent By Job
	0  -  Total Bytes Received By Job
	Partitionable Resources :    Usage  Request Allocated 
	   Cpus                 :     0.94        1         1 
	   Disk (KB)            :     1           1    245927 
	   Memory (MB)          :    32           1      1005 
...
000 (29356.006.000) 01/24 09:27:36 Job submitted from host: <172.16.11.200:9618?addrs=172.16.11.200-9618&noUDP&sock=14877_46f2_4>
...
001 (29356.006.000) 01/24 09:27:58 Job executing on host: <172.16.11.232:9618?addrs=172.16.11.232-9618&alias=pc-farm2&noUDP&sock=startd_4986_dfb4_4>
...
006 (29356.006.000) 01/24 09:28:06 Image size of job updated: 31540
	31  -  MemoryUsage of job (MB)
	31540  -  ResidentSetSize of job (KB)
...
006 (29356.006.000) 01/24 10:28:12 Image size of job updated: 31656
	31  -  MemoryUsage of job (MB)
	31656  -  ResidentSetSize of job (KB)
...
005 (29356.006.000) 01/24 12:35:29 Job terminated.
	(1) Normal termination (return value 0)
		Usr 0 03:07:27, Sys 0 00:00:00  -  Run Remote Usage
		Usr 0 00:00:00, Sys 0 00:00:00  -  Run Local Usage
		Usr 0 03:07:27, Sys 0 00:00:00  -  Total Remote Usage
		Usr 0 00:00:00, Sys 0 00:00:00  -  Total Local Usage
	0  -  Run Bytes Sent By Job
	0  -  Run Bytes Received By Job
	0  -  Total Bytes Sent By Job
	0  -  Total Bytes Received By Job
	Partitionable Resources :    Usage  Request Allocated 
	   Cpus                 :     1.00        1         1 
	   Disk (KB)            :     1           1    245927 
	   Memory (MB)          :    31           1      1005 
...
000 (29412.006.000) 01/25 14:11:53 Job submitted from host: <172.16.11.200:9618?addrs=172.16.11.200-9618&noUDP&sock=14877_46f2_4>
...
001 (29412.006.000) 01/25 15:34:15 Job executing on host: <172.16.11.232:9618?addrs=172.16.11.232-9618&alias=pc-farm2&noUDP&sock=startd_4986_dfb4_4>
...
006 (29412.006.000) 01/25 15:34:24 Image size of job updated: 31692
	31  -  MemoryUsage of job (MB)
	31692  -  ResidentSetSize of job (KB)
...
006 (29412.006.000) 01/25 15:54:26 Image size of job updated: 32396
	32  -  MemoryUsage of job (MB)
	32396  -  ResidentSetSize of job (KB)
...
005 (29412.006.000) 01/25 19:09:11 Job terminated.
	(1) Normal termination (return value 0)
		Usr 0 03:34:55, Sys 0 00:00:00  -  Run Remote Usage
		Usr 0 00:00:00, Sys 0 00:00:00  -  Run Local Usage
		Usr 0 03:34:55, Sys 0 00:00:00  -  Total Remote Usage
		Usr 0 00:00:00, Sys 0 00:00:00  -  Total Local Usage
	0  -  Run Bytes Sent By Job
	0  -  Run Bytes Received By Job
	0  -  Total Bytes Sent By Job
	0  -  Total Bytes Received By Job
	Partitionable Resources :    Usage  Request Allocated 
	   Cpus                 :     1.00        1         1 
	   Disk (KB)            :     1           1    245927 
	   Memory (MB)          :    32           1      1005 
...
000 (29625.006.000) 01/28 22:25:51 Job submitted from host: <172.16.11.200:9618?addrs=172.16.11.200-9618&noUDP&sock=14877_46f2_4>
...
009 (29625.006.000) 01/28 23:02:09 Job was aborted by the user.
	via condor_rm (by user zhangliang)
...
000 (29626.006.000) 01/28 23:02:36 Job submitted from host: <172.16.11.200:9618?addrs=172.16.11.200-9618&noUDP&sock=14877_46f2_4>
...
001 (29626.006.000) 01/28 23:06:38 Job executing on host: <172.16.11.232:9618?addrs=172.16.11.232-9618&alias=pc-farm2&noUDP&sock=startd_4986_dfb4_4>
...
006 (29626.006.000) 01/28 23:06:47 Image size of job updated: 31524
	31  -  MemoryUsage of job (MB)
	31524  -  ResidentSetSize of job (KB)
...
006 (29626.006.000) 01/28 23:15:21 Image size of job updated: 306532
	31  -  MemoryUsage of job (MB)
	31524  -  ResidentSetSize of job (KB)
...
004 (29626.006.000) 01/28 23:15:21 Job was evicted.
	(0) CPU times
		Usr 0 00:08:40, Sys 0 00:00:00  -  Run Remote Usage
		Usr 0 00:00:00, Sys 0 00:00:00  -  Run Local Usage
	0  -  Run Bytes Sent By Job
	0  -  Run Bytes Received By Job
	Partitionable Resources :    Usage  Request Allocated 
	   Cpus                 :     1.00        1         1 
	   Disk (KB)            :     1           1    245927 
	   Memory (MB)          :    31           1      1005 
...
009 (29626.006.000) 01/28 23:15:21 Job was aborted by the user.
	via condor_rm (by user zhangliang)
...
000 (29627.006.000) 01/28 23:15:28 Job submitted from host: <172.16.11.200:9618?addrs=172.16.11.200-9618&noUDP&sock=14877_46f2_4>
...
001 (29627.006.000) 01/28 23:15:33 Job executing on host: <172.16.11.233:9618?addrs=172.16.11.233-9618&alias=pc-farm3&noUDP&sock=startd_4556_edfa>
...
006 (29627.006.000) 01/28 23:15:41 Image size of job updated: 36072
	36  -  MemoryUsage of job (MB)
	36072  -  ResidentSetSize of job (KB)
...
005 (29627.006.000) 01/29 03:01:23 Job terminated.
	(1) Normal termination (return value 0)
		Usr 0 03:45:47, Sys 0 00:00:00  -  Run Remote Usage
		Usr 0 00:00:00, Sys 0 00:00:00  -  Run Local Usage
		Usr 0 03:45:47, Sys 0 00:00:00  -  Total Remote Usage
		Usr 0 00:00:00, Sys 0 00:00:00  -  Total Local Usage
	0  -  Run Bytes Sent By Job
	0  -  Run Bytes Received By Job
	0  -  Total Bytes Sent By Job
	0  -  Total Bytes Received By Job
	Partitionable Resources :    Usage  Request Allocated 
	   Cpus                 :     1.00        1         1 
	   Disk (KB)            :     1           1    254050 
	   Memory (MB)          :    36           1      1005 
...
000 (29631.006.000) 01/29 11:01:51 Job submitted from host: <172.16.11.200:9618?addrs=172.16.11.200-9618&noUDP&sock=14877_46f2_4>
...
001 (29631.006.000) 01/29 11:03:06 Job executing on host: <172.16.11.233:9618?addrs=172.16.11.233-9618&alias=pc-farm3&noUDP&sock=startd_4556_edfa>
...
006 (29631.006.000) 01/29 11:03:15 Image size of job updated: 34892
	35  -  MemoryUsage of job (MB)
	34892  -  ResidentSetSize of job (KB)
...
006 (29631.006.000) 01/29 11:48:20 Image size of job updated: 34964
	35  -  MemoryUsage of job (MB)
	34964  -  ResidentSetSize of job (KB)
...
006 (29631.006.000) 01/29 12:58:28 Image size of job updated: 35340
	35  -  MemoryUsage of job (MB)
	35340  -  ResidentSetSize of job (KB)
...
006 (29631.006.000) 01/29 13:03:29 Image size of job updated: 35472
	35  -  MemoryUsage of job (MB)
	35472  -  ResidentSetSize of job (KB)
...
006 (29631.006.000) 01/29 14:13:35 Image size of job updated: 35556
	35  -  MemoryUsage of job (MB)
	35556  -  ResidentSetSize of job (KB)
...
004 (29631.006.000) 01/29 14:38:37 Job was evicted.
	(0) CPU times
		Usr 0 03:35:11, Sys 0 00:00:06  -  Run Remote Usage
		Usr 0 00:00:00, Sys 0 00:00:00  -  Run Local Usage
	0  -  Run Bytes Sent By Job
	0  -  Run Bytes Received By Job
	Partitionable Resources :    Usage  Request Allocated 
	   Cpus                 :     1.00        1         1 
	   Disk (KB)            :     1           1    254050 
	   Memory (MB)          :    35           1      1005 
...
009 (29631.006.000) 01/29 14:38:37 Job was aborted by the user.
	via condor_rm (by user zhangliang)
...
000 (29643.006.000) 01/29 14:45:40 Job submitted from host: <172.16.11.200:9618?addrs=172.16.11.200-9618&noUDP&sock=14877_46f2_4>
...
001 (29643.006.000) 01/29 14:49:53 Job executing on host: <172.16.11.232:9618?addrs=172.16.11.232-9618&alias=pc-farm2&noUDP&sock=startd_4986_dfb4_4>
...
006 (29643.006.000) 01/29 14:50:02 Image size of job updated: 31776
	31  -  MemoryUsage of job (MB)
	31644  -  ResidentSetSize of job (KB)
...
005 (29643.006.000) 01/29 14:53:14 Job terminated.
	(1) Normal termination (return value 0)
		Usr 0 00:03:19, Sys 0 00:00:00  -  Run Remote Usage
		Usr 0 00:00:00, Sys 0 00:00:00  -  Run Local Usage
		Usr 0 00:03:19, Sys 0 00:00:00  -  Total Remote Usage
		Usr 0 00:00:00, Sys 0 00:00:00  -  Total Local Usage
	0  -  Run Bytes Sent By Job
	0  -  Run Bytes Received By Job
	0  -  Total Bytes Sent By Job
	0  -  Total Bytes Received By Job
	Partitionable Resources :    Usage  Request Allocated 
	   Cpus                 :     1.00        1         1 
	   Disk (KB)            :     1           1    245927 
	   Memory (MB)          :    31           1      1005 
...
000 (29652.006.000) 01/29 16:52:15 Job submitted from host: <172.16.11.200:9618?addrs=172.16.11.200-9618&noUDP&sock=14877_46f2_4>
...
001 (29652.006.000) 01/29 18:33:38 Job executing on host: <172.16.11.231:9618?addrs=172.16.11.231-9618&noUDP&sock=startd_22895_f54e_4>
...
006 (29652.006.000) 01/29 18:33:46 Image size of job updated: 31664
	31  -  MemoryUsage of job (MB)
	31664  -  ResidentSetSize of job (KB)
...
006 (29652.006.000) 01/29 19:13:49 Image size of job updated: 32256
	32  -  MemoryUsage of job (MB)
	32256  -  ResidentSetSize of job (KB)
...
005 (29652.006.000) 01/29 19:18:06 Job terminated.
	(1) Normal termination (return value 0)
		Usr 0 00:44:28, Sys 0 00:00:00  -  Run Remote Usage
		Usr 0 00:00:00, Sys 0 00:00:00  -  Run Local Usage
		Usr 0 00:44:28, Sys 0 00:00:00  -  Total Remote Usage
		Usr 0 00:00:00, Sys 0 00:00:00  -  Total Local Usage
	0  -  Run Bytes Sent By Job
	0  -  Run Bytes Received By Job
	0  -  Total Bytes Sent By Job
	0  -  Total Bytes Received By Job
	Partitionable Resources :    Usage  Request Allocated 
	   Cpus                 :     1.00        1         1 
	   Disk (KB)            :     1           1    241059 
	   Memory (MB)          :    32           1      2008 
...
000 (29693.006.000) 01/30 17:50:49 Job submitted from host: <172.16.11.200:9618?addrs=172.16.11.200-9618&noUDP&sock=14877_46f2_4>
...
001 (29693.006.000) 01/30 20:13:18 Job executing on host: <172.16.11.232:9618?addrs=172.16.11.232-9618&alias=pc-farm2&noUDP&sock=startd_4986_dfb4_4>
...
006 (29693.006.000) 01/30 20:13:27 Image size of job updated: 31684
	31  -  MemoryUsage of job (MB)
	31684  -  ResidentSetSize of job (KB)
...
006 (29693.006.000) 01/30 21:13:33 Image size of job updated: 31752
	32  -  MemoryUsage of job (MB)
	31752  -  ResidentSetSize of job (KB)
...
005 (29693.006.000) 01/30 23:08:43 Job terminated.
	(1) Normal termination (return value 0)
		Usr 0 02:55:11, Sys 0 00:00:04  -  Run Remote Usage
		Usr 0 00:00:00, Sys 0 00:00:00  -  Run Local Usage
		Usr 0 02:55:11, Sys 0 00:00:04  -  Total Remote Usage
		Usr 0 00:00:00, Sys 0 00:00:00  -  Total Local Usage
	0  -  Run Bytes Sent By Job
	0  -  Run Bytes Received By Job
	0  -  Total Bytes Sent By Job
	0  -  Total Bytes Received By Job
	Partitionable Resources :    Usage  Request Allocated 
	   Cpus                 :     1.00        1         1 
	   Disk (KB)            :     1           1    245927 
	   Memory (MB)          :    32           1      1005 
...
