000 (29321.011.000) 01/22 08:35:00 Job submitted from host: <172.16.11.200:9618?addrs=172.16.11.200-9618&noUDP&sock=14877_46f2_4>
...
001 (29321.011.000) 01/22 09:16:05 Job executing on host: <172.16.11.231:9618?addrs=172.16.11.231-9618&noUDP&sock=startd_22895_f54e_4>
...
006 (29321.011.000) 01/22 09:16:14 Image size of job updated: 31592
	31  -  MemoryUsage of job (MB)
	31592  -  ResidentSetSize of job (KB)
...
006 (29321.011.000) 01/22 09:21:16 Image size of job updated: 31724
	31  -  MemoryUsage of job (MB)
	31724  -  ResidentSetSize of job (KB)
...
006 (29321.011.000) 01/22 10:41:24 Image size of job updated: 31780
	32  -  MemoryUsage of job (MB)
	31780  -  ResidentSetSize of job (KB)
...
006 (29321.011.000) 01/22 16:08:16 Image size of job updated: 419680
	32  -  MemoryUsage of job (MB)
	31780  -  ResidentSetSize of job (KB)
...
005 (29321.011.000) 01/22 16:08:16 Job terminated.
	(1) Normal termination (return value 0)
		Usr 0 06:51:49, Sys 0 00:00:00  -  Run Remote Usage
		Usr 0 00:00:00, Sys 0 00:00:00  -  Run Local Usage
		Usr 0 06:51:49, Sys 0 00:00:00  -  Total Remote Usage
		Usr 0 00:00:00, Sys 0 00:00:00  -  Total Local Usage
	0  -  Run Bytes Sent By Job
	0  -  Run Bytes Received By Job
	0  -  Total Bytes Sent By Job
	0  -  Total Bytes Received By Job
	Partitionable Resources :    Usage  Request Allocated 
	   Cpus                 :     1.00        1         1 
	   Disk (KB)            :     1           1    241059 
	   Memory (MB)          :    32           1      2008 
...
000 (29341.011.000) 01/23 20:29:25 Job submitted from host: <172.16.11.200:9618?addrs=172.16.11.200-9618&noUDP&sock=14877_46f2_4>
...
001 (29341.011.000) 01/23 20:29:59 Job executing on host: <172.16.11.232:9618?addrs=172.16.11.232-9618&alias=pc-farm2&noUDP&sock=startd_4986_dfb4_4>
...
006 (29341.011.000) 01/23 20:30:03 Image size of job updated: 419808
	1  -  MemoryUsage of job (MB)
	176  -  ResidentSetSize of job (KB)
...
004 (29341.011.000) 01/23 20:30:03 Job was evicted.
	(0) CPU times
		Usr 0 00:00:03, Sys 0 00:00:00  -  Run Remote Usage
		Usr 0 00:00:00, Sys 0 00:00:00  -  Run Local Usage
	0  -  Run Bytes Sent By Job
	0  -  Run Bytes Received By Job
	Partitionable Resources :    Usage  Request Allocated 
	   Cpus                 :     0.34        1         1 
	   Disk (KB)            :     1           1    245927 
	   Memory (MB)          :     1           1      1005 
...
009 (29341.011.000) 01/23 20:30:03 Job was aborted by the user.
	via condor_rm (by user zhangliang)
...
000 (29342.011.000) 01/23 20:30:33 Job submitted from host: <172.16.11.200:9618?addrs=172.16.11.200-9618&noUDP&sock=14877_46f2_4>
...
001 (29342.011.000) 01/23 20:30:37 Job executing on host: <172.16.11.233:9618?addrs=172.16.11.233-9618&alias=pc-farm3&noUDP&sock=startd_4556_edfa>
...
006 (29342.011.000) 01/23 20:30:46 Image size of job updated: 37748
	37  -  MemoryUsage of job (MB)
	37748  -  ResidentSetSize of job (KB)
...
006 (29342.011.000) 01/24 02:01:21 Image size of job updated: 37752
	37  -  MemoryUsage of job (MB)
	37752  -  ResidentSetSize of job (KB)
...
006 (29342.011.000) 01/24 02:06:22 Image size of job updated: 37756
	37  -  MemoryUsage of job (MB)
	37756  -  ResidentSetSize of job (KB)
...
005 (29342.011.000) 01/24 02:14:17 Job terminated.
	(1) Normal termination (return value 0)
		Usr 0 05:00:05, Sys 0 00:00:01  -  Run Remote Usage
		Usr 0 00:00:00, Sys 0 00:00:00  -  Run Local Usage
		Usr 0 05:00:05, Sys 0 00:00:01  -  Total Remote Usage
		Usr 0 00:00:00, Sys 0 00:00:00  -  Total Local Usage
	0  -  Run Bytes Sent By Job
	0  -  Run Bytes Received By Job
	0  -  Total Bytes Sent By Job
	0  -  Total Bytes Received By Job
	Partitionable Resources :    Usage  Request Allocated 
	   Cpus                 :     0.87        1         1 
	   Disk (KB)            :     1           1    254050 
	   Memory (MB)          :    37           1      1005 
...
000 (29356.011.000) 01/24 09:27:36 Job submitted from host: <172.16.11.200:9618?addrs=172.16.11.200-9618&noUDP&sock=14877_46f2_4>
...
001 (29356.011.000) 01/24 09:29:03 Job executing on host: <172.16.11.232:9618?addrs=172.16.11.232-9618&alias=pc-farm2&noUDP&sock=startd_4986_dfb4_4>
...
006 (29356.011.000) 01/24 09:29:11 Image size of job updated: 31632
	31  -  MemoryUsage of job (MB)
	31632  -  ResidentSetSize of job (KB)
...
006 (29356.011.000) 01/24 10:34:18 Image size of job updated: 31696
	31  -  MemoryUsage of job (MB)
	31696  -  ResidentSetSize of job (KB)
...
005 (29356.011.000) 01/24 13:32:33 Job terminated.
	(1) Normal termination (return value 0)
		Usr 0 04:03:30, Sys 0 00:00:00  -  Run Remote Usage
		Usr 0 00:00:00, Sys 0 00:00:00  -  Run Local Usage
		Usr 0 04:03:30, Sys 0 00:00:00  -  Total Remote Usage
		Usr 0 00:00:00, Sys 0 00:00:00  -  Total Local Usage
	0  -  Run Bytes Sent By Job
	0  -  Run Bytes Received By Job
	0  -  Total Bytes Sent By Job
	0  -  Total Bytes Received By Job
	Partitionable Resources :    Usage  Request Allocated 
	   Cpus                 :     1.00        1         1 
	   Disk (KB)            :     1           1    245927 
	   Memory (MB)          :    31           1      1005 
...
000 (29412.011.000) 01/25 14:11:53 Job submitted from host: <172.16.11.200:9618?addrs=172.16.11.200-9618&noUDP&sock=14877_46f2_4>
...
001 (29412.011.000) 01/25 15:38:14 Job executing on host: <172.16.11.233:9618?addrs=172.16.11.233-9618&alias=pc-farm3&noUDP&sock=startd_4556_edfa>
...
006 (29412.011.000) 01/25 15:38:23 Image size of job updated: 35916
	36  -  MemoryUsage of job (MB)
	35916  -  ResidentSetSize of job (KB)
...
005 (29412.011.000) 01/25 18:31:56 Job terminated.
	(1) Normal termination (return value 0)
		Usr 0 02:53:40, Sys 0 00:00:00  -  Run Remote Usage
		Usr 0 00:00:00, Sys 0 00:00:00  -  Run Local Usage
		Usr 0 02:53:40, Sys 0 00:00:00  -  Total Remote Usage
		Usr 0 00:00:00, Sys 0 00:00:00  -  Total Local Usage
	0  -  Run Bytes Sent By Job
	0  -  Run Bytes Received By Job
	0  -  Total Bytes Sent By Job
	0  -  Total Bytes Received By Job
	Partitionable Resources :    Usage  Request Allocated 
	   Cpus                 :     1.00        1         1 
	   Disk (KB)            :     1           1    254050 
	   Memory (MB)          :    36           1      1005 
...
000 (29625.011.000) 01/28 22:25:51 Job submitted from host: <172.16.11.200:9618?addrs=172.16.11.200-9618&noUDP&sock=14877_46f2_4>
...
009 (29625.011.000) 01/28 23:02:09 Job was aborted by the user.
	via condor_rm (by user zhangliang)
...
000 (29626.011.000) 01/28 23:02:36 Job submitted from host: <172.16.11.200:9618?addrs=172.16.11.200-9618&noUDP&sock=14877_46f2_4>
...
001 (29626.011.000) 01/28 23:07:41 Job executing on host: <172.16.11.232:9618?addrs=172.16.11.232-9618&alias=pc-farm2&noUDP&sock=startd_4986_dfb4_4>
...
006 (29626.011.000) 01/28 23:07:50 Image size of job updated: 31460
	31  -  MemoryUsage of job (MB)
	31460  -  ResidentSetSize of job (KB)
...
006 (29626.011.000) 01/28 23:15:21 Image size of job updated: 306532
	31  -  MemoryUsage of job (MB)
	31460  -  ResidentSetSize of job (KB)
...
004 (29626.011.000) 01/28 23:15:21 Job was evicted.
	(0) CPU times
		Usr 0 00:07:37, Sys 0 00:00:00  -  Run Remote Usage
		Usr 0 00:00:00, Sys 0 00:00:00  -  Run Local Usage
	0  -  Run Bytes Sent By Job
	0  -  Run Bytes Received By Job
	Partitionable Resources :    Usage  Request Allocated 
	   Cpus                 :     1.00        1         1 
	   Disk (KB)            :     1           1    245927 
	   Memory (MB)          :    31           1      1005 
...
009 (29626.011.000) 01/28 23:15:21 Job was aborted by the user.
	via condor_rm (by user zhangliang)
...
000 (29627.011.000) 01/28 23:15:28 Job submitted from host: <172.16.11.200:9618?addrs=172.16.11.200-9618&noUDP&sock=14877_46f2_4>
...
001 (29627.011.000) 01/28 23:15:36 Job executing on host: <172.16.11.233:9618?addrs=172.16.11.233-9618&alias=pc-farm3&noUDP&sock=startd_4556_edfa>
...
006 (29627.011.000) 01/28 23:15:45 Image size of job updated: 34776
	34  -  MemoryUsage of job (MB)
	34776  -  ResidentSetSize of job (KB)
...
006 (29627.011.000) 01/29 00:00:49 Image size of job updated: 34800
	34  -  MemoryUsage of job (MB)
	34800  -  ResidentSetSize of job (KB)
...
006 (29627.011.000) 01/29 00:25:53 Image size of job updated: 34832
	35  -  MemoryUsage of job (MB)
	34832  -  ResidentSetSize of job (KB)
...
006 (29627.011.000) 01/29 00:40:54 Image size of job updated: 34848
	35  -  MemoryUsage of job (MB)
	34848  -  ResidentSetSize of job (KB)
...
006 (29627.011.000) 01/29 03:06:08 Image size of job updated: 35412
	35  -  MemoryUsage of job (MB)
	35412  -  ResidentSetSize of job (KB)
...
006 (29627.011.000) 01/29 03:11:08 Image size of job updated: 35548
	35  -  MemoryUsage of job (MB)
	35548  -  ResidentSetSize of job (KB)
...
006 (29627.011.000) 01/29 03:26:10 Image size of job updated: 35560
	35  -  MemoryUsage of job (MB)
	35560  -  ResidentSetSize of job (KB)
...
006 (29627.011.000) 01/29 03:41:11 Image size of job updated: 35572
	35  -  MemoryUsage of job (MB)
	35572  -  ResidentSetSize of job (KB)
...
005 (29627.011.000) 01/29 03:45:55 Job terminated.
	(1) Normal termination (return value 0)
		Usr 0 04:30:18, Sys 0 00:00:00  -  Run Remote Usage
		Usr 0 00:00:00, Sys 0 00:00:00  -  Run Local Usage
		Usr 0 04:30:18, Sys 0 00:00:00  -  Total Remote Usage
		Usr 0 00:00:00, Sys 0 00:00:00  -  Total Local Usage
	0  -  Run Bytes Sent By Job
	0  -  Run Bytes Received By Job
	0  -  Total Bytes Sent By Job
	0  -  Total Bytes Received By Job
	Partitionable Resources :    Usage  Request Allocated 
	   Cpus                 :     1.00        1         1 
	   Disk (KB)            :     1           1    254050 
	   Memory (MB)          :    35           1      1005 
...
000 (29631.011.000) 01/29 11:01:51 Job submitted from host: <172.16.11.200:9618?addrs=172.16.11.200-9618&noUDP&sock=14877_46f2_4>
...
001 (29631.011.000) 01/29 11:04:05 Job executing on host: <172.16.11.234:9618?addrs=172.16.11.234-9618&alias=pc-farm4&noUDP&sock=startd_5195_3aff>
...
006 (29631.011.000) 01/29 11:04:14 Image size of job updated: 419772
	31  -  MemoryUsage of job (MB)
	31472  -  ResidentSetSize of job (KB)
...
006 (29631.011.000) 01/29 11:29:17 Image size of job updated: 419780
	31  -  MemoryUsage of job (MB)
	31476  -  ResidentSetSize of job (KB)
...
004 (29631.011.000) 01/29 14:38:36 Job was evicted.
	(0) CPU times
		Usr 0 03:34:27, Sys 0 00:00:01  -  Run Remote Usage
		Usr 0 00:00:00, Sys 0 00:00:00  -  Run Local Usage
	0  -  Run Bytes Sent By Job
	0  -  Run Bytes Received By Job
	Partitionable Resources :    Usage  Request Allocated 
	   Cpus                 :     1.00        1         1 
	   Disk (KB)            :     1           1    255907 
	   Memory (MB)          :    31           1       999 
...
009 (29631.011.000) 01/29 14:38:36 Job was aborted by the user.
	via condor_rm (by user zhangliang)
...
000 (29643.011.000) 01/29 14:45:40 Job submitted from host: <172.16.11.200:9618?addrs=172.16.11.200-9618&noUDP&sock=14877_46f2_4>
...
001 (29643.011.000) 01/29 14:52:19 Job executing on host: <172.16.11.232:9618?addrs=172.16.11.232-9618&alias=pc-farm2&noUDP&sock=startd_4986_dfb4_4>
...
006 (29643.011.000) 01/29 14:52:28 Image size of job updated: 31492
	31  -  MemoryUsage of job (MB)
	31492  -  ResidentSetSize of job (KB)
...
005 (29643.011.000) 01/29 14:55:37 Job terminated.
	(1) Normal termination (return value 0)
		Usr 0 00:03:15, Sys 0 00:00:00  -  Run Remote Usage
		Usr 0 00:00:00, Sys 0 00:00:00  -  Run Local Usage
		Usr 0 00:03:15, Sys 0 00:00:00  -  Total Remote Usage
		Usr 0 00:00:00, Sys 0 00:00:00  -  Total Local Usage
	0  -  Run Bytes Sent By Job
	0  -  Run Bytes Received By Job
	0  -  Total Bytes Sent By Job
	0  -  Total Bytes Received By Job
	Partitionable Resources :    Usage  Request Allocated 
	   Cpus                 :     1.00        1         1 
	   Disk (KB)            :     1           1    245927 
	   Memory (MB)          :    31           1      1005 
...
000 (29652.011.000) 01/29 16:52:15 Job submitted from host: <172.16.11.200:9618?addrs=172.16.11.200-9618&noUDP&sock=14877_46f2_4>
...
001 (29652.011.000) 01/29 18:34:39 Job executing on host: <172.16.11.231:9618?addrs=172.16.11.231-9618&noUDP&sock=startd_22895_f54e_4>
...
006 (29652.011.000) 01/29 18:34:47 Image size of job updated: 31288
	31  -  MemoryUsage of job (MB)
	31288  -  ResidentSetSize of job (KB)
...
006 (29652.011.000) 01/29 19:19:53 Image size of job updated: 31776
	32  -  MemoryUsage of job (MB)
	31776  -  ResidentSetSize of job (KB)
...
005 (29652.011.000) 01/29 19:26:54 Job terminated.
	(1) Normal termination (return value 0)
		Usr 0 00:52:14, Sys 0 00:00:00  -  Run Remote Usage
		Usr 0 00:00:00, Sys 0 00:00:00  -  Run Local Usage
		Usr 0 00:52:14, Sys 0 00:00:00  -  Total Remote Usage
		Usr 0 00:00:00, Sys 0 00:00:00  -  Total Local Usage
	0  -  Run Bytes Sent By Job
	0  -  Run Bytes Received By Job
	0  -  Total Bytes Sent By Job
	0  -  Total Bytes Received By Job
	Partitionable Resources :    Usage  Request Allocated 
	   Cpus                 :     1.00        1         1 
	   Disk (KB)            :     1           1    241059 
	   Memory (MB)          :    32           1      2008 
...
000 (29693.011.000) 01/30 17:50:49 Job submitted from host: <172.16.11.200:9618?addrs=172.16.11.200-9618&noUDP&sock=14877_46f2_4>
...
001 (29693.011.000) 01/30 20:17:18 Job executing on host: <172.16.11.231:9618?addrs=172.16.11.231-9618&noUDP&sock=startd_22895_f54e_4>
...
006 (29693.011.000) 01/30 20:17:27 Image size of job updated: 31732
	31  -  MemoryUsage of job (MB)
	31732  -  ResidentSetSize of job (KB)
...
005 (29693.011.000) 01/30 23:46:15 Job terminated.
	(1) Normal termination (return value 0)
		Usr 0 03:28:48, Sys 0 00:00:07  -  Run Remote Usage
		Usr 0 00:00:00, Sys 0 00:00:00  -  Run Local Usage
		Usr 0 03:28:48, Sys 0 00:00:07  -  Total Remote Usage
		Usr 0 00:00:00, Sys 0 00:00:00  -  Total Local Usage
	0  -  Run Bytes Sent By Job
	0  -  Run Bytes Received By Job
	0  -  Total Bytes Sent By Job
	0  -  Total Bytes Received By Job
	Partitionable Resources :    Usage  Request Allocated 
	   Cpus                 :     1.00        1         1 
	   Disk (KB)            :     1           1    241059 
	   Memory (MB)          :    31           1      2008 
...
