000 (29301.001.000) 01/21 12:26:15 Job submitted from host: <172.16.11.200:9618?addrs=172.16.11.200-9618&noUDP&sock=14877_46f2_4>
...
001 (29301.001.000) 01/21 13:29:40 Job executing on host: <172.16.11.233:9618?addrs=172.16.11.233-9618&alias=pc-farm3&noUDP&sock=startd_4556_edfa>
...
006 (29301.001.000) 01/21 13:29:45 Image size of job updated: 3584
	4  -  MemoryUsage of job (MB)
	3584  -  ResidentSetSize of job (KB)
...
005 (29301.001.000) 01/21 13:29:45 Job terminated.
	(1) Normal termination (return value 0)
		Usr 0 00:00:04, Sys 0 00:00:00  -  Run Remote Usage
		Usr 0 00:00:00, Sys 0 00:00:00  -  Run Local Usage
		Usr 0 00:00:04, Sys 0 00:00:00  -  Total Remote Usage
		Usr 0 00:00:00, Sys 0 00:00:00  -  Total Local Usage
	0  -  Run Bytes Sent By Job
	0  -  Run Bytes Received By Job
	0  -  Total Bytes Sent By Job
	0  -  Total Bytes Received By Job
	Partitionable Resources :    Usage  Request Allocated 
	   Cpus                 :        0        1         1 
	   Disk (KB)            :        1        1    254050 
	   Memory (MB)          :        4        1      1005 
...
000 (29351.001.000) 01/24 09:27:09 Job submitted from host: <172.16.11.200:9618?addrs=172.16.11.200-9618&noUDP&sock=14877_46f2_4>
...
001 (29351.001.000) 01/24 09:27:24 Job executing on host: <172.16.11.234:9618?addrs=172.16.11.234-9618&alias=pc-farm4&noUDP&sock=startd_5195_3aff>
...
006 (29351.001.000) 01/24 09:27:32 Image size of job updated: 419772
	31  -  MemoryUsage of job (MB)
	31472  -  ResidentSetSize of job (KB)
...
006 (29351.001.000) 01/24 09:57:36 Image size of job updated: 419780
	31  -  MemoryUsage of job (MB)
	31476  -  ResidentSetSize of job (KB)
...
006 (29351.001.000) 01/24 11:07:42 Image size of job updated: 419780
	31  -  MemoryUsage of job (MB)
	31480  -  ResidentSetSize of job (KB)
...
005 (29351.001.000) 01/24 14:17:20 Job terminated.
	(1) Normal termination (return value 0)
		Usr 0 04:49:53, Sys 0 00:00:00  -  Run Remote Usage
		Usr 0 00:00:00, Sys 0 00:00:00  -  Run Local Usage
		Usr 0 04:49:53, Sys 0 00:00:00  -  Total Remote Usage
		Usr 0 00:00:00, Sys 0 00:00:00  -  Total Local Usage
	0  -  Run Bytes Sent By Job
	0  -  Run Bytes Received By Job
	0  -  Total Bytes Sent By Job
	0  -  Total Bytes Received By Job
	Partitionable Resources :    Usage  Request Allocated 
	   Cpus                 :     1.00        1         1 
	   Disk (KB)            :     1           1    255907 
	   Memory (MB)          :    31           1       999 
...
000 (29407.001.000) 01/25 14:11:33 Job submitted from host: <172.16.11.200:9618?addrs=172.16.11.200-9618&noUDP&sock=14877_46f2_4>
...
001 (29407.001.000) 01/25 14:38:15 Job executing on host: <172.16.11.232:9618?addrs=172.16.11.232-9618&alias=pc-farm2&noUDP&sock=startd_4986_dfb4_4>
...
006 (29407.001.000) 01/25 14:38:25 Image size of job updated: 31332
	31  -  MemoryUsage of job (MB)
	31332  -  ResidentSetSize of job (KB)
...
006 (29407.001.000) 01/25 15:38:32 Image size of job updated: 31408
	31  -  MemoryUsage of job (MB)
	31408  -  ResidentSetSize of job (KB)
...
006 (29407.001.000) 01/25 18:22:44 Image size of job updated: 419816
	31  -  MemoryUsage of job (MB)
	31408  -  ResidentSetSize of job (KB)
...
005 (29407.001.000) 01/25 18:22:44 Job terminated.
	(1) Normal termination (return value 0)
		Usr 0 03:43:42, Sys 0 00:00:01  -  Run Remote Usage
		Usr 0 00:00:00, Sys 0 00:00:00  -  Run Local Usage
		Usr 0 03:43:42, Sys 0 00:00:01  -  Total Remote Usage
		Usr 0 00:00:00, Sys 0 00:00:00  -  Total Local Usage
	0  -  Run Bytes Sent By Job
	0  -  Run Bytes Received By Job
	0  -  Total Bytes Sent By Job
	0  -  Total Bytes Received By Job
	Partitionable Resources :    Usage  Request Allocated 
	   Cpus                 :     1.00        1         1 
	   Disk (KB)            :     1           1    245927 
	   Memory (MB)          :    31           1      1005 
...
000 (29673.001.000) 01/30 10:58:23 Job submitted from host: <172.16.11.200:9618?addrs=172.16.11.200-9618&noUDP&sock=14877_46f2_4>
...
001 (29673.001.000) 01/30 11:29:06 Job executing on host: <172.16.11.231:9618?addrs=172.16.11.231-9618&noUDP&sock=startd_22895_f54e_4>
...
006 (29673.001.000) 01/30 11:29:14 Image size of job updated: 31220
	31  -  MemoryUsage of job (MB)
	31220  -  ResidentSetSize of job (KB)
...
006 (29673.001.000) 01/30 13:24:25 Image size of job updated: 31368
	31  -  MemoryUsage of job (MB)
	31368  -  ResidentSetSize of job (KB)
...
005 (29673.001.000) 01/30 15:06:19 Job terminated.
	(1) Normal termination (return value 0)
		Usr 0 03:37:12, Sys 0 00:00:00  -  Run Remote Usage
		Usr 0 00:00:00, Sys 0 00:00:00  -  Run Local Usage
		Usr 0 03:37:12, Sys 0 00:00:00  -  Total Remote Usage
		Usr 0 00:00:00, Sys 0 00:00:00  -  Total Local Usage
	0  -  Run Bytes Sent By Job
	0  -  Run Bytes Received By Job
	0  -  Total Bytes Sent By Job
	0  -  Total Bytes Received By Job
	Partitionable Resources :    Usage  Request Allocated 
	   Cpus                 :     1.00        1         1 
	   Disk (KB)            :     1           1    241059 
	   Memory (MB)          :    31           1      2008 
...
