000 (29299.002.000) 01/21 12:26:09 Job submitted from host: <172.16.11.200:9618?addrs=172.16.11.200-9618&noUDP&sock=14877_46f2_4>
...
001 (29299.002.000) 01/21 13:28:24 Job executing on host: <172.16.11.233:9618?addrs=172.16.11.233-9618&alias=pc-farm3&noUDP&sock=startd_4556_edfa>
...
006 (29299.002.000) 01/21 13:28:28 Image size of job updated: 3684
	4  -  MemoryUsage of job (MB)
	3684  -  ResidentSetSize of job (KB)
...
005 (29299.002.000) 01/21 13:28:28 Job terminated.
	(1) Normal termination (return value 0)
		Usr 0 00:00:03, Sys 0 00:00:00  -  Run Remote Usage
		Usr 0 00:00:00, Sys 0 00:00:00  -  Run Local Usage
		Usr 0 00:00:03, Sys 0 00:00:00  -  Total Remote Usage
		Usr 0 00:00:00, Sys 0 00:00:00  -  Total Local Usage
	0  -  Run Bytes Sent By Job
	0  -  Run Bytes Received By Job
	0  -  Total Bytes Sent By Job
	0  -  Total Bytes Received By Job
	Partitionable Resources :    Usage  Request Allocated 
	   Cpus                 :     0.13        1         1 
	   Disk (KB)            :     1           1    254050 
	   Memory (MB)          :     4           1      1005 
...
000 (29353.002.000) 01/24 09:27:18 Job submitted from host: <172.16.11.200:9618?addrs=172.16.11.200-9618&noUDP&sock=14877_46f2_4>
...
001 (29353.002.000) 01/24 09:27:35 Job executing on host: <172.16.11.234:9618?addrs=172.16.11.234-9618&alias=pc-farm4&noUDP&sock=startd_5195_3aff>
...
006 (29353.002.000) 01/24 09:27:44 Image size of job updated: 419772
	31  -  MemoryUsage of job (MB)
	31476  -  ResidentSetSize of job (KB)
...
006 (29353.002.000) 01/24 09:52:47 Image size of job updated: 419780
	31  -  MemoryUsage of job (MB)
	31480  -  ResidentSetSize of job (KB)
...
005 (29353.002.000) 01/24 13:47:21 Job terminated.
	(1) Normal termination (return value 0)
		Usr 0 04:19:43, Sys 0 00:00:00  -  Run Remote Usage
		Usr 0 00:00:00, Sys 0 00:00:00  -  Run Local Usage
		Usr 0 04:19:43, Sys 0 00:00:00  -  Total Remote Usage
		Usr 0 00:00:00, Sys 0 00:00:00  -  Total Local Usage
	0  -  Run Bytes Sent By Job
	0  -  Run Bytes Received By Job
	0  -  Total Bytes Sent By Job
	0  -  Total Bytes Received By Job
	Partitionable Resources :    Usage  Request Allocated 
	   Cpus                 :     1.00        1         1 
	   Disk (KB)            :     1           1    255907 
	   Memory (MB)          :    31           1       999 
...
000 (29409.002.000) 01/25 14:11:44 Job submitted from host: <172.16.11.200:9618?addrs=172.16.11.200-9618&noUDP&sock=14877_46f2_4>
...
001 (29409.002.000) 01/25 15:00:14 Job executing on host: <172.16.11.233:9618?addrs=172.16.11.233-9618&alias=pc-farm3&noUDP&sock=startd_4556_edfa>
...
006 (29409.002.000) 01/25 15:00:23 Image size of job updated: 35636
	35  -  MemoryUsage of job (MB)
	35636  -  ResidentSetSize of job (KB)
...
006 (29409.002.000) 01/25 16:45:32 Image size of job updated: 35660
	35  -  MemoryUsage of job (MB)
	35660  -  ResidentSetSize of job (KB)
...
006 (29409.002.000) 01/25 16:50:33 Image size of job updated: 35664
	35  -  MemoryUsage of job (MB)
	35664  -  ResidentSetSize of job (KB)
...
006 (29409.002.000) 01/25 17:00:33 Image size of job updated: 35672
	35  -  MemoryUsage of job (MB)
	35672  -  ResidentSetSize of job (KB)
...
006 (29409.002.000) 01/25 17:05:34 Image size of job updated: 35804
	35  -  MemoryUsage of job (MB)
	35804  -  ResidentSetSize of job (KB)
...
006 (29409.002.000) 01/25 19:35:50 Image size of job updated: 35808
	35  -  MemoryUsage of job (MB)
	35808  -  ResidentSetSize of job (KB)
...
006 (29409.002.000) 01/25 19:45:50 Image size of job updated: 35816
	35  -  MemoryUsage of job (MB)
	35816  -  ResidentSetSize of job (KB)
...
006 (29409.002.000) 01/25 19:50:51 Image size of job updated: 35820
	35  -  MemoryUsage of job (MB)
	35820  -  ResidentSetSize of job (KB)
...
005 (29409.002.000) 01/25 20:02:56 Job terminated.
	(1) Normal termination (return value 0)
		Usr 0 05:02:34, Sys 0 00:00:00  -  Run Remote Usage
		Usr 0 00:00:00, Sys 0 00:00:00  -  Run Local Usage
		Usr 0 05:02:34, Sys 0 00:00:00  -  Total Remote Usage
		Usr 0 00:00:00, Sys 0 00:00:00  -  Total Local Usage
	0  -  Run Bytes Sent By Job
	0  -  Run Bytes Received By Job
	0  -  Total Bytes Sent By Job
	0  -  Total Bytes Received By Job
	Partitionable Resources :    Usage  Request Allocated 
	   Cpus                 :     0.99        1         1 
	   Disk (KB)            :     1           1    254050 
	   Memory (MB)          :    35           1      1005 
...
000 (29675.002.000) 01/30 10:58:35 Job submitted from host: <172.16.11.200:9618?addrs=172.16.11.200-9618&noUDP&sock=14877_46f2_4>
...
001 (29675.002.000) 01/30 12:06:44 Job executing on host: <172.16.11.232:9618?addrs=172.16.11.232-9618&alias=pc-farm2&noUDP&sock=startd_4986_dfb4_4>
...
006 (29675.002.000) 01/30 12:06:52 Image size of job updated: 31476
	31  -  MemoryUsage of job (MB)
	31476  -  ResidentSetSize of job (KB)
...
006 (29675.002.000) 01/30 14:37:07 Image size of job updated: 31548
	31  -  MemoryUsage of job (MB)
	31548  -  ResidentSetSize of job (KB)
...
005 (29675.002.000) 01/30 14:54:38 Job terminated.
	(1) Normal termination (return value 0)
		Usr 0 02:47:46, Sys 0 00:00:02  -  Run Remote Usage
		Usr 0 00:00:00, Sys 0 00:00:00  -  Run Local Usage
		Usr 0 02:47:46, Sys 0 00:00:02  -  Total Remote Usage
		Usr 0 00:00:00, Sys 0 00:00:00  -  Total Local Usage
	0  -  Run Bytes Sent By Job
	0  -  Run Bytes Received By Job
	0  -  Total Bytes Sent By Job
	0  -  Total Bytes Received By Job
	Partitionable Resources :    Usage  Request Allocated 
	   Cpus                 :     1.00        1         1 
	   Disk (KB)            :     1           1    245927 
	   Memory (MB)          :    31           1      1005 
...
