000 (29301.016.000) 01/21 12:26:15 Job submitted from host: <172.16.11.200:9618?addrs=172.16.11.200-9618&noUDP&sock=14877_46f2_4>
...
001 (29301.016.000) 01/21 13:29:52 Job executing on host: <172.16.11.231:9618?addrs=172.16.11.231-9618&noUDP&sock=startd_22895_f54e_4>
...
006 (29301.016.000) 01/21 13:29:58 Image size of job updated: 31024
	0  -  MemoryUsage of job (MB)
	0  -  ResidentSetSize of job (KB)
...
005 (29301.016.000) 01/21 13:29:58 Job terminated.
	(1) Normal termination (return value 0)
		Usr 0 00:00:05, Sys 0 00:00:00  -  Run Remote Usage
		Usr 0 00:00:00, Sys 0 00:00:00  -  Run Local Usage
		Usr 0 00:00:05, Sys 0 00:00:00  -  Total Remote Usage
		Usr 0 00:00:00, Sys 0 00:00:00  -  Total Local Usage
	0  -  Run Bytes Sent By Job
	0  -  Run Bytes Received By Job
	0  -  Total Bytes Sent By Job
	0  -  Total Bytes Received By Job
	Partitionable Resources :    Usage  Request Allocated 
	   Cpus                 :     0.88        1         1 
	   Disk (KB)            :     1           1    241059 
	   Memory (MB)          :     0           1      2008 
...
000 (29351.016.000) 01/24 09:27:09 Job submitted from host: <172.16.11.200:9618?addrs=172.16.11.200-9618&noUDP&sock=14877_46f2_4>
...
001 (29351.016.000) 01/24 09:27:32 Job executing on host: <172.16.11.234:9618?addrs=172.16.11.234-9618&alias=pc-farm4&noUDP&sock=startd_5195_3aff>
...
006 (29351.016.000) 01/24 09:27:41 Image size of job updated: 419772
	31  -  MemoryUsage of job (MB)
	31480  -  ResidentSetSize of job (KB)
...
006 (29351.016.000) 01/24 09:52:44 Image size of job updated: 419780
	31  -  MemoryUsage of job (MB)
	31484  -  ResidentSetSize of job (KB)
...
005 (29351.016.000) 01/24 13:57:54 Job terminated.
	(1) Normal termination (return value 0)
		Usr 0 04:30:20, Sys 0 00:00:00  -  Run Remote Usage
		Usr 0 00:00:00, Sys 0 00:00:00  -  Run Local Usage
		Usr 0 04:30:20, Sys 0 00:00:00  -  Total Remote Usage
		Usr 0 00:00:00, Sys 0 00:00:00  -  Total Local Usage
	0  -  Run Bytes Sent By Job
	0  -  Run Bytes Received By Job
	0  -  Total Bytes Sent By Job
	0  -  Total Bytes Received By Job
	Partitionable Resources :    Usage  Request Allocated 
	   Cpus                 :     1.00        1         1 
	   Disk (KB)            :     1           1    255907 
	   Memory (MB)          :    31           1       999 
...
000 (29407.016.000) 01/25 14:11:33 Job submitted from host: <172.16.11.200:9618?addrs=172.16.11.200-9618&noUDP&sock=14877_46f2_4>
...
001 (29407.016.000) 01/25 14:47:14 Job executing on host: <172.16.11.233:9618?addrs=172.16.11.233-9618&alias=pc-farm3&noUDP&sock=startd_4556_edfa>
...
006 (29407.016.000) 01/25 14:47:24 Image size of job updated: 37624
	37  -  MemoryUsage of job (MB)
	37624  -  ResidentSetSize of job (KB)
...
006 (29407.016.000) 01/25 15:22:28 Image size of job updated: 37692
	37  -  MemoryUsage of job (MB)
	37692  -  ResidentSetSize of job (KB)
...
006 (29407.016.000) 01/25 17:52:44 Image size of job updated: 37816
	37  -  MemoryUsage of job (MB)
	37816  -  ResidentSetSize of job (KB)
...
006 (29407.016.000) 01/25 17:57:45 Image size of job updated: 37824
	37  -  MemoryUsage of job (MB)
	37824  -  ResidentSetSize of job (KB)
...
006 (29407.016.000) 01/25 18:12:47 Image size of job updated: 37844
	37  -  MemoryUsage of job (MB)
	37844  -  ResidentSetSize of job (KB)
...
006 (29407.016.000) 01/25 18:22:47 Image size of job updated: 37856
	37  -  MemoryUsage of job (MB)
	37856  -  ResidentSetSize of job (KB)
...
006 (29407.016.000) 01/25 18:42:49 Image size of job updated: 37880
	37  -  MemoryUsage of job (MB)
	37880  -  ResidentSetSize of job (KB)
...
005 (29407.016.000) 01/25 19:26:17 Job terminated.
	(1) Normal termination (return value 0)
		Usr 0 04:38:56, Sys 0 00:00:00  -  Run Remote Usage
		Usr 0 00:00:00, Sys 0 00:00:00  -  Run Local Usage
		Usr 0 04:38:56, Sys 0 00:00:00  -  Total Remote Usage
		Usr 0 00:00:00, Sys 0 00:00:00  -  Total Local Usage
	0  -  Run Bytes Sent By Job
	0  -  Run Bytes Received By Job
	0  -  Total Bytes Sent By Job
	0  -  Total Bytes Received By Job
	Partitionable Resources :    Usage  Request Allocated 
	   Cpus                 :     1.00        1         1 
	   Disk (KB)            :     1           1    254050 
	   Memory (MB)          :    37           1      1005 
...
000 (29673.016.000) 01/30 10:58:23 Job submitted from host: <172.16.11.200:9618?addrs=172.16.11.200-9618&noUDP&sock=14877_46f2_4>
...
001 (29673.016.000) 01/30 11:36:06 Job executing on host: <172.16.11.231:9618?addrs=172.16.11.231-9618&noUDP&sock=startd_22895_f54e_4>
...
006 (29673.016.000) 01/30 11:36:15 Image size of job updated: 31648
	31  -  MemoryUsage of job (MB)
	31648  -  ResidentSetSize of job (KB)
...
006 (29673.016.000) 01/30 13:26:26 Image size of job updated: 32264
	32  -  MemoryUsage of job (MB)
	32264  -  ResidentSetSize of job (KB)
...
005 (29673.016.000) 01/30 14:54:45 Job terminated.
	(1) Normal termination (return value 0)
		Usr 0 03:18:38, Sys 0 00:00:00  -  Run Remote Usage
		Usr 0 00:00:00, Sys 0 00:00:00  -  Run Local Usage
		Usr 0 03:18:38, Sys 0 00:00:00  -  Total Remote Usage
		Usr 0 00:00:00, Sys 0 00:00:00  -  Total Local Usage
	0  -  Run Bytes Sent By Job
	0  -  Run Bytes Received By Job
	0  -  Total Bytes Sent By Job
	0  -  Total Bytes Received By Job
	Partitionable Resources :    Usage  Request Allocated 
	   Cpus                 :     1.00        1         1 
	   Disk (KB)            :     1           1    241059 
	   Memory (MB)          :    32           1      2008 
...
