000 (29299.001.000) 01/21 12:26:09 Job submitted from host: <172.16.11.200:9618?addrs=172.16.11.200-9618&noUDP&sock=14877_46f2_4>
...
001 (29299.001.000) 01/21 13:28:20 Job executing on host: <172.16.11.232:9618?addrs=172.16.11.232-9618&alias=pc-farm2&noUDP&sock=startd_4986_dfb4_4>
...
006 (29299.001.000) 01/21 13:28:25 Image size of job updated: 419816
	1  -  MemoryUsage of job (MB)
	104  -  ResidentSetSize of job (KB)
...
005 (29299.001.000) 01/21 13:28:25 Job terminated.
	(1) Normal termination (return value 0)
		Usr 0 00:00:04, Sys 0 00:00:00  -  Run Remote Usage
		Usr 0 00:00:00, Sys 0 00:00:00  -  Run Local Usage
		Usr 0 00:00:04, Sys 0 00:00:00  -  Total Remote Usage
		Usr 0 00:00:00, Sys 0 00:00:00  -  Total Local Usage
	0  -  Run Bytes Sent By Job
	0  -  Run Bytes Received By Job
	0  -  Total Bytes Sent By Job
	0  -  Total Bytes Received By Job
	Partitionable Resources :    Usage  Request Allocated 
	   Cpus                 :        0        1         1 
	   Disk (KB)            :        1        1    245927 
	   Memory (MB)          :        1        1      1005 
...
000 (29353.001.000) 01/24 09:27:18 Job submitted from host: <172.16.11.200:9618?addrs=172.16.11.200-9618&noUDP&sock=14877_46f2_4>
...
001 (29353.001.000) 01/24 09:27:35 Job executing on host: <172.16.11.234:9618?addrs=172.16.11.234-9618&alias=pc-farm4&noUDP&sock=startd_5195_3aff>
...
006 (29353.001.000) 01/24 09:27:43 Image size of job updated: 419772
	31  -  MemoryUsage of job (MB)
	31476  -  ResidentSetSize of job (KB)
...
006 (29353.001.000) 01/24 09:52:46 Image size of job updated: 419780
	31  -  MemoryUsage of job (MB)
	31480  -  ResidentSetSize of job (KB)
...
005 (29353.001.000) 01/24 13:48:24 Job terminated.
	(1) Normal termination (return value 0)
		Usr 0 04:20:47, Sys 0 00:00:00  -  Run Remote Usage
		Usr 0 00:00:00, Sys 0 00:00:00  -  Run Local Usage
		Usr 0 04:20:47, Sys 0 00:00:00  -  Total Remote Usage
		Usr 0 00:00:00, Sys 0 00:00:00  -  Total Local Usage
	0  -  Run Bytes Sent By Job
	0  -  Run Bytes Received By Job
	0  -  Total Bytes Sent By Job
	0  -  Total Bytes Received By Job
	Partitionable Resources :    Usage  Request Allocated 
	   Cpus                 :     1.00        1         1 
	   Disk (KB)            :     1           1    255907 
	   Memory (MB)          :    31           1       999 
...
000 (29409.001.000) 01/25 14:11:44 Job submitted from host: <172.16.11.200:9618?addrs=172.16.11.200-9618&noUDP&sock=14877_46f2_4>
...
001 (29409.001.000) 01/25 15:00:15 Job executing on host: <172.16.11.232:9618?addrs=172.16.11.232-9618&alias=pc-farm2&noUDP&sock=startd_4986_dfb4_4>
...
006 (29409.001.000) 01/25 15:00:24 Image size of job updated: 31264
	31  -  MemoryUsage of job (MB)
	31264  -  ResidentSetSize of job (KB)
...
006 (29409.001.000) 01/25 15:45:27 Image size of job updated: 31332
	31  -  MemoryUsage of job (MB)
	31332  -  ResidentSetSize of job (KB)
...
005 (29409.001.000) 01/25 19:25:30 Job terminated.
	(1) Normal termination (return value 0)
		Usr 0 04:25:02, Sys 0 00:00:00  -  Run Remote Usage
		Usr 0 00:00:00, Sys 0 00:00:00  -  Run Local Usage
		Usr 0 04:25:02, Sys 0 00:00:00  -  Total Remote Usage
		Usr 0 00:00:00, Sys 0 00:00:00  -  Total Local Usage
	0  -  Run Bytes Sent By Job
	0  -  Run Bytes Received By Job
	0  -  Total Bytes Sent By Job
	0  -  Total Bytes Received By Job
	Partitionable Resources :    Usage  Request Allocated 
	   Cpus                 :     1.00        1         1 
	   Disk (KB)            :     1           1    245927 
	   Memory (MB)          :    31           1      1005 
...
000 (29675.001.000) 01/30 10:58:35 Job submitted from host: <172.16.11.200:9618?addrs=172.16.11.200-9618&noUDP&sock=14877_46f2_4>
...
001 (29675.001.000) 01/30 12:05:16 Job executing on host: <172.16.11.233:9618?addrs=172.16.11.233-9618&alias=pc-farm3&noUDP&sock=startd_4556_edfa>
...
006 (29675.001.000) 01/30 12:05:26 Image size of job updated: 35476
	35  -  MemoryUsage of job (MB)
	35476  -  ResidentSetSize of job (KB)
...
006 (29675.001.000) 01/30 12:25:28 Image size of job updated: 35480
	35  -  MemoryUsage of job (MB)
	35480  -  ResidentSetSize of job (KB)
...
006 (29675.001.000) 01/30 12:45:31 Image size of job updated: 35508
	35  -  MemoryUsage of job (MB)
	35508  -  ResidentSetSize of job (KB)
...
006 (29675.001.000) 01/30 14:25:41 Image size of job updated: 35516
	35  -  MemoryUsage of job (MB)
	35516  -  ResidentSetSize of job (KB)
...
006 (29675.001.000) 01/30 14:30:42 Image size of job updated: 35520
	35  -  MemoryUsage of job (MB)
	35520  -  ResidentSetSize of job (KB)
...
006 (29675.001.000) 01/30 14:35:43 Image size of job updated: 35528
	35  -  MemoryUsage of job (MB)
	35528  -  ResidentSetSize of job (KB)
...
006 (29675.001.000) 01/30 14:40:43 Image size of job updated: 35532
	35  -  MemoryUsage of job (MB)
	35532  -  ResidentSetSize of job (KB)
...
006 (29675.001.000) 01/30 14:45:43 Image size of job updated: 35540
	35  -  MemoryUsage of job (MB)
	35540  -  ResidentSetSize of job (KB)
...
005 (29675.001.000) 01/30 14:49:12 Job terminated.
	(1) Normal termination (return value 0)
		Usr 0 02:43:43, Sys 0 00:00:03  -  Run Remote Usage
		Usr 0 00:00:00, Sys 0 00:00:00  -  Run Local Usage
		Usr 0 02:43:43, Sys 0 00:00:03  -  Total Remote Usage
		Usr 0 00:00:00, Sys 0 00:00:00  -  Total Local Usage
	0  -  Run Bytes Sent By Job
	0  -  Run Bytes Received By Job
	0  -  Total Bytes Sent By Job
	0  -  Total Bytes Received By Job
	Partitionable Resources :    Usage  Request Allocated 
	   Cpus                 :     1.00        1         1 
	   Disk (KB)            :     1           1    254050 
	   Memory (MB)          :    35           1      1005 
...
