000 (29296.005.000) 01/21 12:25:55 Job submitted from host: <172.16.11.200:9618?addrs=172.16.11.200-9618&noUDP&sock=14877_46f2_4>
...
001 (29296.005.000) 01/21 13:19:03 Job executing on host: <172.16.11.231:9618?addrs=172.16.11.231-9618&noUDP&sock=startd_22895_f54e_4>
...
006 (29296.005.000) 01/21 13:19:08 Image size of job updated: 420560
	1  -  MemoryUsage of job (MB)
	28  -  ResidentSetSize of job (KB)
...
005 (29296.005.000) 01/21 13:19:09 Job terminated.
	(1) Normal termination (return value 0)
		Usr 0 00:00:04, Sys 0 00:00:00  -  Run Remote Usage
		Usr 0 00:00:00, Sys 0 00:00:00  -  Run Local Usage
		Usr 0 00:00:04, Sys 0 00:00:00  -  Total Remote Usage
		Usr 0 00:00:00, Sys 0 00:00:00  -  Total Local Usage
	0  -  Run Bytes Sent By Job
	0  -  Run Bytes Received By Job
	0  -  Total Bytes Sent By Job
	0  -  Total Bytes Received By Job
	Partitionable Resources :    Usage  Request Allocated 
	   Cpus                 :        0        1         1 
	   Disk (KB)            :        1        1    241059 
	   Memory (MB)          :        1        1      2008 
...
000 (29349.005.000) 01/24 09:27:00 Job submitted from host: <172.16.11.200:9618?addrs=172.16.11.200-9618&noUDP&sock=14877_46f2_4>
...
001 (29349.005.000) 01/24 09:27:03 Job executing on host: <172.16.11.234:9618?addrs=172.16.11.234-9618&alias=pc-farm4&noUDP&sock=startd_5195_3aff>
...
006 (29349.005.000) 01/24 09:27:11 Image size of job updated: 419772
	31  -  MemoryUsage of job (MB)
	31472  -  ResidentSetSize of job (KB)
...
006 (29349.005.000) 01/24 09:52:13 Image size of job updated: 419780
	31  -  MemoryUsage of job (MB)
	31476  -  ResidentSetSize of job (KB)
...
006 (29349.005.000) 01/24 10:17:16 Image size of job updated: 419780
	32  -  MemoryUsage of job (MB)
	32124  -  ResidentSetSize of job (KB)
...
005 (29349.005.000) 01/24 13:55:04 Job terminated.
	(1) Normal termination (return value 0)
		Usr 0 04:27:58, Sys 0 00:00:00  -  Run Remote Usage
		Usr 0 00:00:00, Sys 0 00:00:00  -  Run Local Usage
		Usr 0 04:27:58, Sys 0 00:00:00  -  Total Remote Usage
		Usr 0 00:00:00, Sys 0 00:00:00  -  Total Local Usage
	0  -  Run Bytes Sent By Job
	0  -  Run Bytes Received By Job
	0  -  Total Bytes Sent By Job
	0  -  Total Bytes Received By Job
	Partitionable Resources :    Usage  Request Allocated 
	   Cpus                 :     1.00        1         1 
	   Disk (KB)            :     1           1    255907 
	   Memory (MB)          :    32           1       999 
...
000 (29405.005.000) 01/25 14:11:27 Job submitted from host: <172.16.11.200:9618?addrs=172.16.11.200-9618&noUDP&sock=14877_46f2_4>
...
001 (29405.005.000) 01/25 14:12:14 Job executing on host: <172.16.11.231:9618?addrs=172.16.11.231-9618&noUDP&sock=startd_22895_f54e_4>
...
006 (29405.005.000) 01/25 14:12:23 Image size of job updated: 31340
	31  -  MemoryUsage of job (MB)
	31340  -  ResidentSetSize of job (KB)
...
006 (29405.005.000) 01/25 14:17:24 Image size of job updated: 31428
	31  -  MemoryUsage of job (MB)
	31428  -  ResidentSetSize of job (KB)
...
006 (29405.005.000) 01/25 15:42:32 Image size of job updated: 31556
	31  -  MemoryUsage of job (MB)
	31556  -  ResidentSetSize of job (KB)
...
005 (29405.005.000) 01/25 20:02:51 Job terminated.
	(1) Normal termination (return value 0)
		Usr 0 05:49:14, Sys 0 00:00:00  -  Run Remote Usage
		Usr 0 00:00:00, Sys 0 00:00:00  -  Run Local Usage
		Usr 0 05:49:14, Sys 0 00:00:00  -  Total Remote Usage
		Usr 0 00:00:00, Sys 0 00:00:00  -  Total Local Usage
	0  -  Run Bytes Sent By Job
	0  -  Run Bytes Received By Job
	0  -  Total Bytes Sent By Job
	0  -  Total Bytes Received By Job
	Partitionable Resources :    Usage  Request Allocated 
	   Cpus                 :     1.00        1         1 
	   Disk (KB)            :     1           1    241059 
	   Memory (MB)          :    31           1      2008 
...
000 (29671.005.000) 01/30 10:56:39 Job submitted from host: <172.16.11.200:9618?addrs=172.16.11.200-9618&noUDP&sock=14877_46f2_4>
...
001 (29671.005.000) 01/30 11:01:08 Job executing on host: <172.16.11.233:9618?addrs=172.16.11.233-9618&alias=pc-farm3&noUDP&sock=startd_4556_edfa>
...
006 (29671.005.000) 01/30 11:01:18 Image size of job updated: 36136
	36  -  MemoryUsage of job (MB)
	36136  -  ResidentSetSize of job (KB)
...
005 (29671.005.000) 01/30 13:47:06 Job terminated.
	(1) Normal termination (return value 0)
		Usr 0 02:45:38, Sys 0 00:00:07  -  Run Remote Usage
		Usr 0 00:00:00, Sys 0 00:00:00  -  Run Local Usage
		Usr 0 02:45:38, Sys 0 00:00:07  -  Total Remote Usage
		Usr 0 00:00:00, Sys 0 00:00:00  -  Total Local Usage
	0  -  Run Bytes Sent By Job
	0  -  Run Bytes Received By Job
	0  -  Total Bytes Sent By Job
	0  -  Total Bytes Received By Job
	Partitionable Resources :    Usage  Request Allocated 
	   Cpus                 :     1.00        1         1 
	   Disk (KB)            :     1           1    254050 
	   Memory (MB)          :    36           1      1005 
...
