000 (29321.003.000) 01/22 08:35:00 Job submitted from host: <172.16.11.200:9618?addrs=172.16.11.200-9618&noUDP&sock=14877_46f2_4>
...
001 (29321.003.000) 01/22 09:14:04 Job executing on host: <172.16.11.233:9618?addrs=172.16.11.233-9618&alias=pc-farm3&noUDP&sock=startd_4556_edfa>
...
006 (29321.003.000) 01/22 09:14:13 Image size of job updated: 35932
	36  -  MemoryUsage of job (MB)
	35932  -  ResidentSetSize of job (KB)
...
006 (29321.003.000) 01/22 09:49:17 Image size of job updated: 36060
	36  -  MemoryUsage of job (MB)
	36060  -  ResidentSetSize of job (KB)
...
006 (29321.003.000) 01/22 09:59:17 Image size of job updated: 36068
	36  -  MemoryUsage of job (MB)
	36068  -  ResidentSetSize of job (KB)
...
006 (29321.003.000) 01/22 10:24:21 Image size of job updated: 36072
	36  -  MemoryUsage of job (MB)
	36072  -  ResidentSetSize of job (KB)
...
006 (29321.003.000) 01/22 10:29:21 Image size of job updated: 36076
	36  -  MemoryUsage of job (MB)
	36076  -  ResidentSetSize of job (KB)
...
006 (29321.003.000) 01/22 10:34:21 Image size of job updated: 36208
	36  -  MemoryUsage of job (MB)
	36208  -  ResidentSetSize of job (KB)
...
006 (29321.003.000) 01/22 11:04:23 Image size of job updated: 36232
	36  -  MemoryUsage of job (MB)
	36232  -  ResidentSetSize of job (KB)
...
006 (29321.003.000) 01/22 12:44:34 Image size of job updated: 36292
	36  -  MemoryUsage of job (MB)
	36292  -  ResidentSetSize of job (KB)
...
006 (29321.003.000) 01/22 12:59:35 Image size of job updated: 36300
	36  -  MemoryUsage of job (MB)
	36300  -  ResidentSetSize of job (KB)
...
006 (29321.003.000) 01/22 15:44:53 Image size of job updated: 36316
	36  -  MemoryUsage of job (MB)
	36316  -  ResidentSetSize of job (KB)
...
006 (29321.003.000) 01/22 15:49:53 Image size of job updated: 36352
	36  -  MemoryUsage of job (MB)
	36352  -  ResidentSetSize of job (KB)
...
005 (29321.003.000) 01/22 15:53:36 Job terminated.
	(1) Normal termination (return value 0)
		Usr 0 06:05:42, Sys 0 00:00:01  -  Run Remote Usage
		Usr 0 00:00:00, Sys 0 00:00:00  -  Run Local Usage
		Usr 0 06:05:42, Sys 0 00:00:01  -  Total Remote Usage
		Usr 0 00:00:00, Sys 0 00:00:00  -  Total Local Usage
	0  -  Run Bytes Sent By Job
	0  -  Run Bytes Received By Job
	0  -  Total Bytes Sent By Job
	0  -  Total Bytes Received By Job
	Partitionable Resources :    Usage  Request Allocated 
	   Cpus                 :     0.97        1         1 
	   Disk (KB)            :     1           1    254050 
	   Memory (MB)          :    36           1      1005 
...
000 (29341.003.000) 01/23 20:29:25 Job submitted from host: <172.16.11.200:9618?addrs=172.16.11.200-9618&noUDP&sock=14877_46f2_4>
...
001 (29341.003.000) 01/23 20:29:43 Job executing on host: <172.16.11.233:9618?addrs=172.16.11.233-9618&alias=pc-farm3&noUDP&sock=startd_4556_edfa>
...
006 (29341.003.000) 01/23 20:29:51 Image size of job updated: 6072
	6  -  MemoryUsage of job (MB)
	6072  -  ResidentSetSize of job (KB)
...
005 (29341.003.000) 01/23 20:29:52 Job terminated.
	(1) Normal termination (return value 0)
		Usr 0 00:00:07, Sys 0 00:00:00  -  Run Remote Usage
		Usr 0 00:00:00, Sys 0 00:00:00  -  Run Local Usage
		Usr 0 00:00:07, Sys 0 00:00:00  -  Total Remote Usage
		Usr 0 00:00:00, Sys 0 00:00:00  -  Total Local Usage
	0  -  Run Bytes Sent By Job
	0  -  Run Bytes Received By Job
	0  -  Total Bytes Sent By Job
	0  -  Total Bytes Received By Job
	Partitionable Resources :    Usage  Request Allocated 
	   Cpus                 :        0        1         1 
	   Disk (KB)            :        1        1    254050 
	   Memory (MB)          :        6        1      1005 
...
000 (29342.003.000) 01/23 20:30:33 Job submitted from host: <172.16.11.200:9618?addrs=172.16.11.200-9618&noUDP&sock=14877_46f2_4>
...
001 (29342.003.000) 01/23 20:30:35 Job executing on host: <172.16.11.234:9618?addrs=172.16.11.234-9618&alias=pc-farm4&noUDP&sock=startd_5195_3aff>
...
006 (29342.003.000) 01/23 20:30:44 Image size of job updated: 419772
	31  -  MemoryUsage of job (MB)
	31480  -  ResidentSetSize of job (KB)
...
006 (29342.003.000) 01/23 20:55:48 Image size of job updated: 419780
	31  -  MemoryUsage of job (MB)
	31484  -  ResidentSetSize of job (KB)
...
005 (29342.003.000) 01/24 02:03:40 Job terminated.
	(1) Normal termination (return value 0)
		Usr 0 05:00:42, Sys 0 00:00:00  -  Run Remote Usage
		Usr 0 00:00:00, Sys 0 00:00:00  -  Run Local Usage
		Usr 0 05:00:42, Sys 0 00:00:00  -  Total Remote Usage
		Usr 0 00:00:00, Sys 0 00:00:00  -  Total Local Usage
	0  -  Run Bytes Sent By Job
	0  -  Run Bytes Received By Job
	0  -  Total Bytes Sent By Job
	0  -  Total Bytes Received By Job
	Partitionable Resources :    Usage  Request Allocated 
	   Cpus                 :     0.95        1         1 
	   Disk (KB)            :     1           1    255907 
	   Memory (MB)          :    31           1       999 
...
000 (29356.003.000) 01/24 09:27:36 Job submitted from host: <172.16.11.200:9618?addrs=172.16.11.200-9618&noUDP&sock=14877_46f2_4>
...
001 (29356.003.000) 01/24 09:27:56 Job executing on host: <172.16.11.232:9618?addrs=172.16.11.232-9618&alias=pc-farm2&noUDP&sock=startd_4986_dfb4_4>
...
006 (29356.003.000) 01/24 09:28:05 Image size of job updated: 31604
	31  -  MemoryUsage of job (MB)
	31604  -  ResidentSetSize of job (KB)
...
006 (29356.003.000) 01/24 10:28:12 Image size of job updated: 31696
	31  -  MemoryUsage of job (MB)
	31696  -  ResidentSetSize of job (KB)
...
005 (29356.003.000) 01/24 13:06:04 Job terminated.
	(1) Normal termination (return value 0)
		Usr 0 03:38:07, Sys 0 00:00:00  -  Run Remote Usage
		Usr 0 00:00:00, Sys 0 00:00:00  -  Run Local Usage
		Usr 0 03:38:07, Sys 0 00:00:00  -  Total Remote Usage
		Usr 0 00:00:00, Sys 0 00:00:00  -  Total Local Usage
	0  -  Run Bytes Sent By Job
	0  -  Run Bytes Received By Job
	0  -  Total Bytes Sent By Job
	0  -  Total Bytes Received By Job
	Partitionable Resources :    Usage  Request Allocated 
	   Cpus                 :     1.00        1         1 
	   Disk (KB)            :     1           1    245927 
	   Memory (MB)          :    31           1      1005 
...
000 (29412.003.000) 01/25 14:11:53 Job submitted from host: <172.16.11.200:9618?addrs=172.16.11.200-9618&noUDP&sock=14877_46f2_4>
...
001 (29412.003.000) 01/25 15:33:15 Job executing on host: <172.16.11.232:9618?addrs=172.16.11.232-9618&alias=pc-farm2&noUDP&sock=startd_4986_dfb4_4>
...
006 (29412.003.000) 01/25 15:33:24 Image size of job updated: 31584
	31  -  MemoryUsage of job (MB)
	31584  -  ResidentSetSize of job (KB)
...
006 (29412.003.000) 01/25 15:53:26 Image size of job updated: 31656
	31  -  MemoryUsage of job (MB)
	31656  -  ResidentSetSize of job (KB)
...
005 (29412.003.000) 01/25 19:51:35 Job terminated.
	(1) Normal termination (return value 0)
		Usr 0 04:18:07, Sys 0 00:00:00  -  Run Remote Usage
		Usr 0 00:00:00, Sys 0 00:00:00  -  Run Local Usage
		Usr 0 04:18:07, Sys 0 00:00:00  -  Total Remote Usage
		Usr 0 00:00:00, Sys 0 00:00:00  -  Total Local Usage
	0  -  Run Bytes Sent By Job
	0  -  Run Bytes Received By Job
	0  -  Total Bytes Sent By Job
	0  -  Total Bytes Received By Job
	Partitionable Resources :    Usage  Request Allocated 
	   Cpus                 :     1.00        1         1 
	   Disk (KB)            :     1           1    245927 
	   Memory (MB)          :    31           1      1005 
...
000 (29625.003.000) 01/28 22:25:51 Job submitted from host: <172.16.11.200:9618?addrs=172.16.11.200-9618&noUDP&sock=14877_46f2_4>
...
009 (29625.003.000) 01/28 23:02:09 Job was aborted by the user.
	via condor_rm (by user zhangliang)
...
000 (29626.003.000) 01/28 23:02:36 Job submitted from host: <172.16.11.200:9618?addrs=172.16.11.200-9618&noUDP&sock=14877_46f2_4>
...
001 (29626.003.000) 01/28 23:05:38 Job executing on host: <172.16.11.233:9618?addrs=172.16.11.233-9618&alias=pc-farm3&noUDP&sock=startd_4556_edfa>
...
006 (29626.003.000) 01/28 23:05:47 Image size of job updated: 35008
	35  -  MemoryUsage of job (MB)
	35008  -  ResidentSetSize of job (KB)
...
004 (29626.003.000) 01/28 23:15:20 Job was evicted.
	(0) CPU times
		Usr 0 00:09:40, Sys 0 00:00:00  -  Run Remote Usage
		Usr 0 00:00:00, Sys 0 00:00:00  -  Run Local Usage
	0  -  Run Bytes Sent By Job
	0  -  Run Bytes Received By Job
	Partitionable Resources :    Usage  Request Allocated 
	   Cpus                 :     1.00        1         1 
	   Disk (KB)            :     1           1    254050 
	   Memory (MB)          :    35           1      1005 
...
009 (29626.003.000) 01/28 23:15:20 Job was aborted by the user.
	via condor_rm (by user zhangliang)
...
000 (29627.003.000) 01/28 23:15:28 Job submitted from host: <172.16.11.200:9618?addrs=172.16.11.200-9618&noUDP&sock=14877_46f2_4>
...
001 (29627.003.000) 01/28 23:15:31 Job executing on host: <172.16.11.233:9618?addrs=172.16.11.233-9618&alias=pc-farm3&noUDP&sock=startd_4556_edfa>
...
006 (29627.003.000) 01/28 23:15:40 Image size of job updated: 35300
	35  -  MemoryUsage of job (MB)
	35300  -  ResidentSetSize of job (KB)
...
006 (29627.003.000) 01/28 23:20:41 Image size of job updated: 35304
	35  -  MemoryUsage of job (MB)
	35304  -  ResidentSetSize of job (KB)
...
006 (29627.003.000) 01/28 23:35:42 Image size of job updated: 35308
	35  -  MemoryUsage of job (MB)
	35308  -  ResidentSetSize of job (KB)
...
006 (29627.003.000) 01/28 23:40:42 Image size of job updated: 35316
	35  -  MemoryUsage of job (MB)
	35316  -  ResidentSetSize of job (KB)
...
006 (29627.003.000) 01/28 23:45:42 Image size of job updated: 35324
	35  -  MemoryUsage of job (MB)
	35324  -  ResidentSetSize of job (KB)
...
006 (29627.003.000) 01/28 23:50:43 Image size of job updated: 35332
	35  -  MemoryUsage of job (MB)
	35332  -  ResidentSetSize of job (KB)
...
006 (29627.003.000) 01/28 23:55:43 Image size of job updated: 35340
	35  -  MemoryUsage of job (MB)
	35340  -  ResidentSetSize of job (KB)
...
006 (29627.003.000) 01/29 00:00:43 Image size of job updated: 35348
	35  -  MemoryUsage of job (MB)
	35348  -  ResidentSetSize of job (KB)
...
006 (29627.003.000) 01/29 00:05:44 Image size of job updated: 35356
	35  -  MemoryUsage of job (MB)
	35356  -  ResidentSetSize of job (KB)
...
006 (29627.003.000) 01/29 00:10:45 Image size of job updated: 35364
	35  -  MemoryUsage of job (MB)
	35364  -  ResidentSetSize of job (KB)
...
006 (29627.003.000) 01/29 00:15:45 Image size of job updated: 35372
	35  -  MemoryUsage of job (MB)
	35372  -  ResidentSetSize of job (KB)
...
006 (29627.003.000) 01/29 00:20:46 Image size of job updated: 35380
	35  -  MemoryUsage of job (MB)
	35380  -  ResidentSetSize of job (KB)
...
006 (29627.003.000) 01/29 00:25:47 Image size of job updated: 35388
	35  -  MemoryUsage of job (MB)
	35388  -  ResidentSetSize of job (KB)
...
006 (29627.003.000) 01/29 00:30:47 Image size of job updated: 35396
	35  -  MemoryUsage of job (MB)
	35396  -  ResidentSetSize of job (KB)
...
006 (29627.003.000) 01/29 00:35:48 Image size of job updated: 35404
	35  -  MemoryUsage of job (MB)
	35404  -  ResidentSetSize of job (KB)
...
006 (29627.003.000) 01/29 00:40:49 Image size of job updated: 35408
	35  -  MemoryUsage of job (MB)
	35408  -  ResidentSetSize of job (KB)
...
006 (29627.003.000) 01/29 00:45:49 Image size of job updated: 35416
	35  -  MemoryUsage of job (MB)
	35416  -  ResidentSetSize of job (KB)
...
006 (29627.003.000) 01/29 00:50:49 Image size of job updated: 35424
	35  -  MemoryUsage of job (MB)
	35424  -  ResidentSetSize of job (KB)
...
006 (29627.003.000) 01/29 00:55:50 Image size of job updated: 35428
	35  -  MemoryUsage of job (MB)
	35428  -  ResidentSetSize of job (KB)
...
006 (29627.003.000) 01/29 01:00:50 Image size of job updated: 35432
	35  -  MemoryUsage of job (MB)
	35432  -  ResidentSetSize of job (KB)
...
006 (29627.003.000) 01/29 01:05:50 Image size of job updated: 35440
	35  -  MemoryUsage of job (MB)
	35440  -  ResidentSetSize of job (KB)
...
006 (29627.003.000) 01/29 01:10:51 Image size of job updated: 35444
	35  -  MemoryUsage of job (MB)
	35444  -  ResidentSetSize of job (KB)
...
006 (29627.003.000) 01/29 01:15:52 Image size of job updated: 35448
	35  -  MemoryUsage of job (MB)
	35448  -  ResidentSetSize of job (KB)
...
006 (29627.003.000) 01/29 01:20:52 Image size of job updated: 35576
	35  -  MemoryUsage of job (MB)
	35576  -  ResidentSetSize of job (KB)
...
006 (29627.003.000) 01/29 01:45:56 Image size of job updated: 35600
	35  -  MemoryUsage of job (MB)
	35600  -  ResidentSetSize of job (KB)
...
006 (29627.003.000) 01/29 01:50:56 Image size of job updated: 35604
	35  -  MemoryUsage of job (MB)
	35604  -  ResidentSetSize of job (KB)
...
006 (29627.003.000) 01/29 02:00:58 Image size of job updated: 35612
	35  -  MemoryUsage of job (MB)
	35612  -  ResidentSetSize of job (KB)
...
006 (29627.003.000) 01/29 02:36:02 Image size of job updated: 35640
	35  -  MemoryUsage of job (MB)
	35640  -  ResidentSetSize of job (KB)
...
005 (29627.003.000) 01/29 02:57:43 Job terminated.
	(1) Normal termination (return value 0)
		Usr 0 03:42:08, Sys 0 00:00:01  -  Run Remote Usage
		Usr 0 00:00:00, Sys 0 00:00:00  -  Run Local Usage
		Usr 0 03:42:08, Sys 0 00:00:01  -  Total Remote Usage
		Usr 0 00:00:00, Sys 0 00:00:00  -  Total Local Usage
	0  -  Run Bytes Sent By Job
	0  -  Run Bytes Received By Job
	0  -  Total Bytes Sent By Job
	0  -  Total Bytes Received By Job
	Partitionable Resources :    Usage  Request Allocated 
	   Cpus                 :     1.00        1         1 
	   Disk (KB)            :     1           1    254050 
	   Memory (MB)          :    35           1      1005 
...
000 (29631.003.000) 01/29 11:01:51 Job submitted from host: <172.16.11.200:9618?addrs=172.16.11.200-9618&noUDP&sock=14877_46f2_4>
...
001 (29631.003.000) 01/29 11:03:06 Job executing on host: <172.16.11.232:9618?addrs=172.16.11.232-9618&alias=pc-farm2&noUDP&sock=startd_4986_dfb4_4>
...
006 (29631.003.000) 01/29 11:03:15 Image size of job updated: 31908
	31  -  MemoryUsage of job (MB)
	31512  -  ResidentSetSize of job (KB)
...
006 (29631.003.000) 01/29 14:38:36 Image size of job updated: 306540
	31  -  MemoryUsage of job (MB)
	31512  -  ResidentSetSize of job (KB)
...
004 (29631.003.000) 01/29 14:38:36 Job was evicted.
	(0) CPU times
		Usr 0 03:34:54, Sys 0 00:00:14  -  Run Remote Usage
		Usr 0 00:00:00, Sys 0 00:00:00  -  Run Local Usage
	0  -  Run Bytes Sent By Job
	0  -  Run Bytes Received By Job
	Partitionable Resources :    Usage  Request Allocated 
	   Cpus                 :     1.00        1         1 
	   Disk (KB)            :     1           1    245927 
	   Memory (MB)          :    31           1      1005 
...
009 (29631.003.000) 01/29 14:38:36 Job was aborted by the user.
	via condor_rm (by user zhangliang)
...
000 (29643.003.000) 01/29 14:45:40 Job submitted from host: <172.16.11.200:9618?addrs=172.16.11.200-9618&noUDP&sock=14877_46f2_4>
...
001 (29643.003.000) 01/29 14:46:45 Job executing on host: <172.16.11.232:9618?addrs=172.16.11.232-9618&alias=pc-farm2&noUDP&sock=startd_4986_dfb4_4>
...
006 (29643.003.000) 01/29 14:46:54 Image size of job updated: 31424
	31  -  MemoryUsage of job (MB)
	31424  -  ResidentSetSize of job (KB)
...
005 (29643.003.000) 01/29 14:49:52 Job terminated.
	(1) Normal termination (return value 0)
		Usr 0 00:03:04, Sys 0 00:00:00  -  Run Remote Usage
		Usr 0 00:00:00, Sys 0 00:00:00  -  Run Local Usage
		Usr 0 00:03:04, Sys 0 00:00:00  -  Total Remote Usage
		Usr 0 00:00:00, Sys 0 00:00:00  -  Total Local Usage
	0  -  Run Bytes Sent By Job
	0  -  Run Bytes Received By Job
	0  -  Total Bytes Sent By Job
	0  -  Total Bytes Received By Job
	Partitionable Resources :    Usage  Request Allocated 
	   Cpus                 :     1.00        1         1 
	   Disk (KB)            :     1           1    245927 
	   Memory (MB)          :    31           1      1005 
...
000 (29652.003.000) 01/29 16:52:15 Job submitted from host: <172.16.11.200:9618?addrs=172.16.11.200-9618&noUDP&sock=14877_46f2_4>
...
001 (29652.003.000) 01/29 18:32:37 Job executing on host: <172.16.11.234:9618?addrs=172.16.11.234-9618&alias=pc-farm4&noUDP&sock=startd_5195_3aff>
...
006 (29652.003.000) 01/29 18:32:45 Image size of job updated: 31492
	31  -  MemoryUsage of job (MB)
	31472  -  ResidentSetSize of job (KB)
...
006 (29652.003.000) 01/29 18:37:45 Image size of job updated: 419780
	31  -  MemoryUsage of job (MB)
	31476  -  ResidentSetSize of job (KB)
...
005 (29652.003.000) 01/29 19:21:36 Job terminated.
	(1) Normal termination (return value 0)
		Usr 0 00:48:58, Sys 0 00:00:00  -  Run Remote Usage
		Usr 0 00:00:00, Sys 0 00:00:00  -  Run Local Usage
		Usr 0 00:48:58, Sys 0 00:00:00  -  Total Remote Usage
		Usr 0 00:00:00, Sys 0 00:00:00  -  Total Local Usage
	0  -  Run Bytes Sent By Job
	0  -  Run Bytes Received By Job
	0  -  Total Bytes Sent By Job
	0  -  Total Bytes Received By Job
	Partitionable Resources :    Usage  Request Allocated 
	   Cpus                 :     1.00        1         1 
	   Disk (KB)            :     1           1    255907 
	   Memory (MB)          :    31           1       999 
...
000 (29693.003.000) 01/30 17:50:49 Job submitted from host: <172.16.11.200:9618?addrs=172.16.11.200-9618&noUDP&sock=14877_46f2_4>
...
001 (29693.003.000) 01/30 20:10:50 Job executing on host: <172.16.11.231:9618?addrs=172.16.11.231-9618&noUDP&sock=startd_22895_f54e_4>
...
006 (29693.003.000) 01/30 20:10:59 Image size of job updated: 31388
	31  -  MemoryUsage of job (MB)
	31388  -  ResidentSetSize of job (KB)
...
005 (29693.003.000) 01/30 23:22:35 Job terminated.
	(1) Normal termination (return value 0)
		Usr 0 03:11:41, Sys 0 00:00:02  -  Run Remote Usage
		Usr 0 00:00:00, Sys 0 00:00:00  -  Run Local Usage
		Usr 0 03:11:41, Sys 0 00:00:02  -  Total Remote Usage
		Usr 0 00:00:00, Sys 0 00:00:00  -  Total Local Usage
	0  -  Run Bytes Sent By Job
	0  -  Run Bytes Received By Job
	0  -  Total Bytes Sent By Job
	0  -  Total Bytes Received By Job
	Partitionable Resources :    Usage  Request Allocated 
	   Cpus                 :     1.00        1         1 
	   Disk (KB)            :     1           1    241059 
	   Memory (MB)          :    31           1      2008 
...
