000 (29298.005.000) 01/21 12:26:05 Job submitted from host: <172.16.11.200:9618?addrs=172.16.11.200-9618&noUDP&sock=14877_46f2_4>
...
001 (29298.005.000) 01/21 13:20:29 Job executing on host: <172.16.11.231:9618?addrs=172.16.11.231-9618&noUDP&sock=startd_22895_f54e_4>
...
006 (29298.005.000) 01/21 13:20:37 Image size of job updated: 31604
	31  -  MemoryUsage of job (MB)
	31604  -  ResidentSetSize of job (KB)
...
006 (29298.005.000) 01/21 13:25:38 Image size of job updated: 31736
	31  -  MemoryUsage of job (MB)
	31736  -  ResidentSetSize of job (KB)
...
005 (29298.005.000) 01/21 13:29:49 Job terminated.
	(1) Normal termination (return value 0)
		Usr 0 00:09:11, Sys 0 00:00:00  -  Run Remote Usage
		Usr 0 00:00:00, Sys 0 00:00:00  -  Run Local Usage
		Usr 0 00:09:11, Sys 0 00:00:00  -  Total Remote Usage
		Usr 0 00:00:00, Sys 0 00:00:00  -  Total Local Usage
	0  -  Run Bytes Sent By Job
	0  -  Run Bytes Received By Job
	0  -  Total Bytes Sent By Job
	0  -  Total Bytes Received By Job
	Partitionable Resources :    Usage  Request Allocated 
	   Cpus                 :     1.00        1         1 
	   Disk (KB)            :     1           1    241059 
	   Memory (MB)          :    31           1      2008 
...
000 (29352.005.000) 01/24 09:27:14 Job submitted from host: <172.16.11.200:9618?addrs=172.16.11.200-9618&noUDP&sock=14877_46f2_4>
...
001 (29352.005.000) 01/24 09:27:30 Job executing on host: <172.16.11.234:9618?addrs=172.16.11.234-9618&alias=pc-farm4&noUDP&sock=startd_5195_3aff>
...
006 (29352.005.000) 01/24 09:27:39 Image size of job updated: 419772
	31  -  MemoryUsage of job (MB)
	31472  -  ResidentSetSize of job (KB)
...
006 (29352.005.000) 01/24 09:52:42 Image size of job updated: 419772
	31  -  MemoryUsage of job (MB)
	31476  -  ResidentSetSize of job (KB)
...
006 (29352.005.000) 01/24 09:57:42 Image size of job updated: 419780
	31  -  MemoryUsage of job (MB)
	31476  -  ResidentSetSize of job (KB)
...
005 (29352.005.000) 01/24 13:59:47 Job terminated.
	(1) Normal termination (return value 0)
		Usr 0 04:32:14, Sys 0 00:00:00  -  Run Remote Usage
		Usr 0 00:00:00, Sys 0 00:00:00  -  Run Local Usage
		Usr 0 04:32:14, Sys 0 00:00:00  -  Total Remote Usage
		Usr 0 00:00:00, Sys 0 00:00:00  -  Total Local Usage
	0  -  Run Bytes Sent By Job
	0  -  Run Bytes Received By Job
	0  -  Total Bytes Sent By Job
	0  -  Total Bytes Received By Job
	Partitionable Resources :    Usage  Request Allocated 
	   Cpus                 :     1.00        1         1 
	   Disk (KB)            :     1           1    255907 
	   Memory (MB)          :    31           1       999 
...
000 (29408.005.000) 01/25 14:11:39 Job submitted from host: <172.16.11.200:9618?addrs=172.16.11.200-9618&noUDP&sock=14877_46f2_4>
...
001 (29408.005.000) 01/25 14:53:14 Job executing on host: <172.16.11.232:9618?addrs=172.16.11.232-9618&alias=pc-farm2&noUDP&sock=startd_4986_dfb4_4>
...
006 (29408.005.000) 01/25 14:53:23 Image size of job updated: 31080
	31  -  MemoryUsage of job (MB)
	31080  -  ResidentSetSize of job (KB)
...
006 (29408.005.000) 01/25 15:43:28 Image size of job updated: 31200
	31  -  MemoryUsage of job (MB)
	31200  -  ResidentSetSize of job (KB)
...
005 (29408.005.000) 01/25 18:46:22 Job terminated.
	(1) Normal termination (return value 0)
		Usr 0 03:53:01, Sys 0 00:00:00  -  Run Remote Usage
		Usr 0 00:00:00, Sys 0 00:00:00  -  Run Local Usage
		Usr 0 03:53:01, Sys 0 00:00:00  -  Total Remote Usage
		Usr 0 00:00:00, Sys 0 00:00:00  -  Total Local Usage
	0  -  Run Bytes Sent By Job
	0  -  Run Bytes Received By Job
	0  -  Total Bytes Sent By Job
	0  -  Total Bytes Received By Job
	Partitionable Resources :    Usage  Request Allocated 
	   Cpus                 :     1.00        1         1 
	   Disk (KB)            :     1           1    245927 
	   Memory (MB)          :    31           1      1005 
...
000 (29674.005.000) 01/30 10:58:29 Job submitted from host: <172.16.11.200:9618?addrs=172.16.11.200-9618&noUDP&sock=14877_46f2_4>
...
001 (29674.005.000) 01/30 11:48:06 Job executing on host: <172.16.11.231:9618?addrs=172.16.11.231-9618&noUDP&sock=startd_22895_f54e_4>
...
006 (29674.005.000) 01/30 11:48:15 Image size of job updated: 31584
	31  -  MemoryUsage of job (MB)
	31584  -  ResidentSetSize of job (KB)
...
006 (29674.005.000) 01/30 13:28:25 Image size of job updated: 31692
	31  -  MemoryUsage of job (MB)
	31692  -  ResidentSetSize of job (KB)
...
005 (29674.005.000) 01/30 15:05:34 Job terminated.
	(1) Normal termination (return value 0)
		Usr 0 03:17:28, Sys 0 00:00:00  -  Run Remote Usage
		Usr 0 00:00:00, Sys 0 00:00:00  -  Run Local Usage
		Usr 0 03:17:28, Sys 0 00:00:00  -  Total Remote Usage
		Usr 0 00:00:00, Sys 0 00:00:00  -  Total Local Usage
	0  -  Run Bytes Sent By Job
	0  -  Run Bytes Received By Job
	0  -  Total Bytes Sent By Job
	0  -  Total Bytes Received By Job
	Partitionable Resources :    Usage  Request Allocated 
	   Cpus                 :     1.00        1         1 
	   Disk (KB)            :     1           1    241059 
	   Memory (MB)          :    31           1      2008 
...
