000 (29298.009.000) 01/21 12:26:05 Job submitted from host: <172.16.11.200:9618?addrs=172.16.11.200-9618&noUDP&sock=14877_46f2_4>
...
001 (29298.009.000) 01/21 13:21:47 Job executing on host: <172.16.11.233:9618?addrs=172.16.11.233-9618&alias=pc-farm3&noUDP&sock=startd_4556_edfa>
...
006 (29298.009.000) 01/21 13:21:57 Image size of job updated: 35620
	35  -  MemoryUsage of job (MB)
	35620  -  ResidentSetSize of job (KB)
...
005 (29298.009.000) 01/21 13:28:18 Job terminated.
	(1) Normal termination (return value 0)
		Usr 0 00:06:29, Sys 0 00:00:00  -  Run Remote Usage
		Usr 0 00:00:00, Sys 0 00:00:00  -  Run Local Usage
		Usr 0 00:06:29, Sys 0 00:00:00  -  Total Remote Usage
		Usr 0 00:00:00, Sys 0 00:00:00  -  Total Local Usage
	0  -  Run Bytes Sent By Job
	0  -  Run Bytes Received By Job
	0  -  Total Bytes Sent By Job
	0  -  Total Bytes Received By Job
	Partitionable Resources :    Usage  Request Allocated 
	   Cpus                 :     1.00        1         1 
	   Disk (KB)            :     1           1    254050 
	   Memory (MB)          :    35           1      1005 
...
000 (29352.009.000) 01/24 09:27:14 Job submitted from host: <172.16.11.200:9618?addrs=172.16.11.200-9618&noUDP&sock=14877_46f2_4>
...
001 (29352.009.000) 01/24 09:27:31 Job executing on host: <172.16.11.234:9618?addrs=172.16.11.234-9618&alias=pc-farm4&noUDP&sock=startd_5195_3aff>
...
006 (29352.009.000) 01/24 09:27:39 Image size of job updated: 419772
	31  -  MemoryUsage of job (MB)
	31468  -  ResidentSetSize of job (KB)
...
006 (29352.009.000) 01/24 09:57:43 Image size of job updated: 419780
	31  -  MemoryUsage of job (MB)
	31472  -  ResidentSetSize of job (KB)
...
006 (29352.009.000) 01/24 12:12:56 Image size of job updated: 419780
	31  -  MemoryUsage of job (MB)
	31536  -  ResidentSetSize of job (KB)
...
005 (29352.009.000) 01/24 14:18:14 Job terminated.
	(1) Normal termination (return value 0)
		Usr 0 04:50:37, Sys 0 00:00:00  -  Run Remote Usage
		Usr 0 00:00:00, Sys 0 00:00:00  -  Run Local Usage
		Usr 0 04:50:37, Sys 0 00:00:00  -  Total Remote Usage
		Usr 0 00:00:00, Sys 0 00:00:00  -  Total Local Usage
	0  -  Run Bytes Sent By Job
	0  -  Run Bytes Received By Job
	0  -  Total Bytes Sent By Job
	0  -  Total Bytes Received By Job
	Partitionable Resources :    Usage  Request Allocated 
	   Cpus                 :     1.00        1         1 
	   Disk (KB)            :     1           1    255907 
	   Memory (MB)          :    31           1       999 
...
000 (29408.009.000) 01/25 14:11:39 Job submitted from host: <172.16.11.200:9618?addrs=172.16.11.200-9618&noUDP&sock=14877_46f2_4>
...
001 (29408.009.000) 01/25 14:54:14 Job executing on host: <172.16.11.233:9618?addrs=172.16.11.233-9618&alias=pc-farm3&noUDP&sock=startd_4556_edfa>
...
006 (29408.009.000) 01/25 14:54:23 Image size of job updated: 36220
	36  -  MemoryUsage of job (MB)
	36220  -  ResidentSetSize of job (KB)
...
006 (29408.009.000) 01/25 15:19:25 Image size of job updated: 36304
	36  -  MemoryUsage of job (MB)
	36304  -  ResidentSetSize of job (KB)
...
006 (29408.009.000) 01/25 15:24:26 Image size of job updated: 36312
	36  -  MemoryUsage of job (MB)
	36312  -  ResidentSetSize of job (KB)
...
006 (29408.009.000) 01/25 15:39:27 Image size of job updated: 36332
	36  -  MemoryUsage of job (MB)
	36332  -  ResidentSetSize of job (KB)
...
006 (29408.009.000) 01/25 15:49:28 Image size of job updated: 36344
	36  -  MemoryUsage of job (MB)
	36344  -  ResidentSetSize of job (KB)
...
006 (29408.009.000) 01/25 15:54:28 Image size of job updated: 36476
	36  -  MemoryUsage of job (MB)
	36476  -  ResidentSetSize of job (KB)
...
006 (29408.009.000) 01/25 18:19:43 Image size of job updated: 36536
	36  -  MemoryUsage of job (MB)
	36536  -  ResidentSetSize of job (KB)
...
005 (29408.009.000) 01/25 18:21:23 Job terminated.
	(1) Normal termination (return value 0)
		Usr 0 03:27:04, Sys 0 00:00:00  -  Run Remote Usage
		Usr 0 00:00:00, Sys 0 00:00:00  -  Run Local Usage
		Usr 0 03:27:04, Sys 0 00:00:00  -  Total Remote Usage
		Usr 0 00:00:00, Sys 0 00:00:00  -  Total Local Usage
	0  -  Run Bytes Sent By Job
	0  -  Run Bytes Received By Job
	0  -  Total Bytes Sent By Job
	0  -  Total Bytes Received By Job
	Partitionable Resources :    Usage  Request Allocated 
	   Cpus                 :     1.00        1         1 
	   Disk (KB)            :     1           1    254050 
	   Memory (MB)          :    36           1      1005 
...
000 (29674.009.000) 01/30 10:58:29 Job submitted from host: <172.16.11.200:9618?addrs=172.16.11.200-9618&noUDP&sock=14877_46f2_4>
...
001 (29674.009.000) 01/30 11:49:52 Job executing on host: <172.16.11.232:9618?addrs=172.16.11.232-9618&alias=pc-farm2&noUDP&sock=startd_4986_dfb4_4>
...
006 (29674.009.000) 01/30 11:50:02 Image size of job updated: 31460
	31  -  MemoryUsage of job (MB)
	31460  -  ResidentSetSize of job (KB)
...
006 (29674.009.000) 01/30 14:35:18 Image size of job updated: 31588
	31  -  MemoryUsage of job (MB)
	31588  -  ResidentSetSize of job (KB)
...
005 (29674.009.000) 01/30 14:55:48 Job terminated.
	(1) Normal termination (return value 0)
		Usr 0 03:05:45, Sys 0 00:00:02  -  Run Remote Usage
		Usr 0 00:00:00, Sys 0 00:00:00  -  Run Local Usage
		Usr 0 03:05:45, Sys 0 00:00:02  -  Total Remote Usage
		Usr 0 00:00:00, Sys 0 00:00:00  -  Total Local Usage
	0  -  Run Bytes Sent By Job
	0  -  Run Bytes Received By Job
	0  -  Total Bytes Sent By Job
	0  -  Total Bytes Received By Job
	Partitionable Resources :    Usage  Request Allocated 
	   Cpus                 :     1.00        1         1 
	   Disk (KB)            :     1           1    245927 
	   Memory (MB)          :    31           1      1005 
...
