000 (29298.023.000) 01/21 12:26:05 Job submitted from host: <172.16.11.200:9618?addrs=172.16.11.200-9618&noUDP&sock=14877_46f2_4>
...
001 (29298.023.000) 01/21 13:28:17 Job executing on host: <172.16.11.233:9618?addrs=172.16.11.233-9618&alias=pc-farm3&noUDP&sock=startd_4556_edfa>
...
006 (29298.023.000) 01/21 13:28:26 Image size of job updated: 35496
	35  -  MemoryUsage of job (MB)
	35496  -  ResidentSetSize of job (KB)
...
005 (29298.023.000) 01/21 13:34:09 Job terminated.
	(1) Normal termination (return value 0)
		Usr 0 00:05:51, Sys 0 00:00:00  -  Run Remote Usage
		Usr 0 00:00:00, Sys 0 00:00:00  -  Run Local Usage
		Usr 0 00:05:51, Sys 0 00:00:00  -  Total Remote Usage
		Usr 0 00:00:00, Sys 0 00:00:00  -  Total Local Usage
	0  -  Run Bytes Sent By Job
	0  -  Run Bytes Received By Job
	0  -  Total Bytes Sent By Job
	0  -  Total Bytes Received By Job
	Partitionable Resources :    Usage  Request Allocated 
	   Cpus                 :     1.00        1         1 
	   Disk (KB)            :     1           1    254050 
	   Memory (MB)          :    35           1      1005 
...
000 (29352.023.000) 01/24 09:27:15 Job submitted from host: <172.16.11.200:9618?addrs=172.16.11.200-9618&noUDP&sock=14877_46f2_4>
...
001 (29352.023.000) 01/24 09:27:34 Job executing on host: <172.16.11.234:9618?addrs=172.16.11.234-9618&alias=pc-farm4&noUDP&sock=startd_5195_3aff>
...
006 (29352.023.000) 01/24 09:27:43 Image size of job updated: 419772
	31  -  MemoryUsage of job (MB)
	31472  -  ResidentSetSize of job (KB)
...
006 (29352.023.000) 01/24 09:52:46 Image size of job updated: 419780
	31  -  MemoryUsage of job (MB)
	31476  -  ResidentSetSize of job (KB)
...
005 (29352.023.000) 01/24 13:59:41 Job terminated.
	(1) Normal termination (return value 0)
		Usr 0 04:32:03, Sys 0 00:00:00  -  Run Remote Usage
		Usr 0 00:00:00, Sys 0 00:00:00  -  Run Local Usage
		Usr 0 04:32:03, Sys 0 00:00:00  -  Total Remote Usage
		Usr 0 00:00:00, Sys 0 00:00:00  -  Total Local Usage
	0  -  Run Bytes Sent By Job
	0  -  Run Bytes Received By Job
	0  -  Total Bytes Sent By Job
	0  -  Total Bytes Received By Job
	Partitionable Resources :    Usage  Request Allocated 
	   Cpus                 :     1.00        1         1 
	   Disk (KB)            :     1           1    255907 
	   Memory (MB)          :    31           1       999 
...
000 (29408.023.000) 01/25 14:11:39 Job submitted from host: <172.16.11.200:9618?addrs=172.16.11.200-9618&noUDP&sock=14877_46f2_4>
...
001 (29408.023.000) 01/25 14:59:14 Job executing on host: <172.16.11.233:9618?addrs=172.16.11.233-9618&alias=pc-farm3&noUDP&sock=startd_4556_edfa>
...
006 (29408.023.000) 01/25 14:59:23 Image size of job updated: 36156
	36  -  MemoryUsage of job (MB)
	36156  -  ResidentSetSize of job (KB)
...
006 (29408.023.000) 01/25 18:49:47 Image size of job updated: 36260
	36  -  MemoryUsage of job (MB)
	36260  -  ResidentSetSize of job (KB)
...
005 (29408.023.000) 01/25 18:52:26 Job terminated.
	(1) Normal termination (return value 0)
		Usr 0 03:53:09, Sys 0 00:00:00  -  Run Remote Usage
		Usr 0 00:00:00, Sys 0 00:00:00  -  Run Local Usage
		Usr 0 03:53:09, Sys 0 00:00:00  -  Total Remote Usage
		Usr 0 00:00:00, Sys 0 00:00:00  -  Total Local Usage
	0  -  Run Bytes Sent By Job
	0  -  Run Bytes Received By Job
	0  -  Total Bytes Sent By Job
	0  -  Total Bytes Received By Job
	Partitionable Resources :    Usage  Request Allocated 
	   Cpus                 :     1.00        1         1 
	   Disk (KB)            :     1           1    254050 
	   Memory (MB)          :    36           1      1005 
...
000 (29674.023.000) 01/30 10:58:29 Job submitted from host: <172.16.11.200:9618?addrs=172.16.11.200-9618&noUDP&sock=14877_46f2_4>
...
001 (29674.023.000) 01/30 12:03:54 Job executing on host: <172.16.11.232:9618?addrs=172.16.11.232-9618&alias=pc-farm2&noUDP&sock=startd_4986_dfb4_4>
...
006 (29674.023.000) 01/30 12:04:03 Image size of job updated: 31404
	31  -  MemoryUsage of job (MB)
	31404  -  ResidentSetSize of job (KB)
...
006 (29674.023.000) 01/30 14:34:19 Image size of job updated: 31476
	31  -  MemoryUsage of job (MB)
	31476  -  ResidentSetSize of job (KB)
...
005 (29674.023.000) 01/30 15:06:39 Job terminated.
	(1) Normal termination (return value 0)
		Usr 0 03:02:33, Sys 0 00:00:02  -  Run Remote Usage
		Usr 0 00:00:00, Sys 0 00:00:00  -  Run Local Usage
		Usr 0 03:02:33, Sys 0 00:00:02  -  Total Remote Usage
		Usr 0 00:00:00, Sys 0 00:00:00  -  Total Local Usage
	0  -  Run Bytes Sent By Job
	0  -  Run Bytes Received By Job
	0  -  Total Bytes Sent By Job
	0  -  Total Bytes Received By Job
	Partitionable Resources :    Usage  Request Allocated 
	   Cpus                 :     1.00        1         1 
	   Disk (KB)            :     1           1    245927 
	   Memory (MB)          :    31           1      1005 
...
