000 (29300.008.000) 01/21 12:26:13 Job submitted from host: <172.16.11.200:9618?addrs=172.16.11.200-9618&noUDP&sock=14877_46f2_4>
...
001 (29300.008.000) 01/21 13:29:25 Job executing on host: <172.16.11.233:9618?addrs=172.16.11.233-9618&alias=pc-farm3&noUDP&sock=startd_4556_edfa>
...
006 (29300.008.000) 01/21 13:29:29 Image size of job updated: 3596
	4  -  MemoryUsage of job (MB)
	3596  -  ResidentSetSize of job (KB)
...
005 (29300.008.000) 01/21 13:29:29 Job terminated.
	(1) Normal termination (return value 0)
		Usr 0 00:00:02, Sys 0 00:00:00  -  Run Remote Usage
		Usr 0 00:00:00, Sys 0 00:00:00  -  Run Local Usage
		Usr 0 00:00:02, Sys 0 00:00:00  -  Total Remote Usage
		Usr 0 00:00:00, Sys 0 00:00:00  -  Total Local Usage
	0  -  Run Bytes Sent By Job
	0  -  Run Bytes Received By Job
	0  -  Total Bytes Sent By Job
	0  -  Total Bytes Received By Job
	Partitionable Resources :    Usage  Request Allocated 
	   Cpus                 :        0        1         1 
	   Disk (KB)            :        1        1    254050 
	   Memory (MB)          :        4        1      1005 
...
000 (29354.008.000) 01/24 09:27:22 Job submitted from host: <172.16.11.200:9618?addrs=172.16.11.200-9618&noUDP&sock=14877_46f2_4>
...
001 (29354.008.000) 01/24 09:27:43 Job executing on host: <172.16.11.234:9618?addrs=172.16.11.234-9618&alias=pc-farm4&noUDP&sock=startd_5195_3aff>
...
006 (29354.008.000) 01/24 09:27:52 Image size of job updated: 419772
	31  -  MemoryUsage of job (MB)
	31472  -  ResidentSetSize of job (KB)
...
006 (29354.008.000) 01/24 09:52:55 Image size of job updated: 419780
	31  -  MemoryUsage of job (MB)
	31476  -  ResidentSetSize of job (KB)
...
005 (29354.008.000) 01/24 13:40:38 Job terminated.
	(1) Normal termination (return value 0)
		Usr 0 04:12:52, Sys 0 00:00:00  -  Run Remote Usage
		Usr 0 00:00:00, Sys 0 00:00:00  -  Run Local Usage
		Usr 0 04:12:52, Sys 0 00:00:00  -  Total Remote Usage
		Usr 0 00:00:00, Sys 0 00:00:00  -  Total Local Usage
	0  -  Run Bytes Sent By Job
	0  -  Run Bytes Received By Job
	0  -  Total Bytes Sent By Job
	0  -  Total Bytes Received By Job
	Partitionable Resources :    Usage  Request Allocated 
	   Cpus                 :     1.00        1         1 
	   Disk (KB)            :     1           1    255907 
	   Memory (MB)          :    31           1       999 
...
000 (29410.008.000) 01/25 14:11:48 Job submitted from host: <172.16.11.200:9618?addrs=172.16.11.200-9618&noUDP&sock=14877_46f2_4>
...
001 (29410.008.000) 01/25 15:14:16 Job executing on host: <172.16.11.232:9618?addrs=172.16.11.232-9618&alias=pc-farm2&noUDP&sock=startd_4986_dfb4_4>
...
006 (29410.008.000) 01/25 15:14:25 Image size of job updated: 31464
	31  -  MemoryUsage of job (MB)
	31464  -  ResidentSetSize of job (KB)
...
006 (29410.008.000) 01/25 15:49:29 Image size of job updated: 31584
	31  -  MemoryUsage of job (MB)
	31584  -  ResidentSetSize of job (KB)
...
005 (29410.008.000) 01/25 19:44:26 Job terminated.
	(1) Normal termination (return value 0)
		Usr 0 04:30:05, Sys 0 00:00:00  -  Run Remote Usage
		Usr 0 00:00:00, Sys 0 00:00:00  -  Run Local Usage
		Usr 0 04:30:05, Sys 0 00:00:00  -  Total Remote Usage
		Usr 0 00:00:00, Sys 0 00:00:00  -  Total Local Usage
	0  -  Run Bytes Sent By Job
	0  -  Run Bytes Received By Job
	0  -  Total Bytes Sent By Job
	0  -  Total Bytes Received By Job
	Partitionable Resources :    Usage  Request Allocated 
	   Cpus                 :     1.00        1         1 
	   Disk (KB)            :     1           1    245927 
	   Memory (MB)          :    31           1      1005 
...
000 (29676.008.000) 01/30 10:58:38 Job submitted from host: <172.16.11.200:9618?addrs=172.16.11.200-9618&noUDP&sock=14877_46f2_4>
...
001 (29676.008.000) 01/30 12:26:43 Job executing on host: <172.16.11.231:9618?addrs=172.16.11.231-9618&noUDP&sock=startd_22895_f54e_4>
...
006 (29676.008.000) 01/30 12:26:52 Image size of job updated: 31668
	31  -  MemoryUsage of job (MB)
	31668  -  ResidentSetSize of job (KB)
...
006 (29676.008.000) 01/30 13:36:59 Image size of job updated: 31860
	32  -  MemoryUsage of job (MB)
	31860  -  ResidentSetSize of job (KB)
...
006 (29676.008.000) 01/30 15:32:56 Image size of job updated: 419680
	32  -  MemoryUsage of job (MB)
	31860  -  ResidentSetSize of job (KB)
...
005 (29676.008.000) 01/30 15:32:56 Job terminated.
	(1) Normal termination (return value 0)
		Usr 0 03:05:58, Sys 0 00:00:13  -  Run Remote Usage
		Usr 0 00:00:00, Sys 0 00:00:00  -  Run Local Usage
		Usr 0 03:05:58, Sys 0 00:00:13  -  Total Remote Usage
		Usr 0 00:00:00, Sys 0 00:00:00  -  Total Local Usage
	0  -  Run Bytes Sent By Job
	0  -  Run Bytes Received By Job
	0  -  Total Bytes Sent By Job
	0  -  Total Bytes Received By Job
	Partitionable Resources :    Usage  Request Allocated 
	   Cpus                 :     1.00        1         1 
	   Disk (KB)            :     1           1    241059 
	   Memory (MB)          :    32           1      2008 
...
