000 (29321.001.000) 01/22 08:35:00 Job submitted from host: <172.16.11.200:9618?addrs=172.16.11.200-9618&noUDP&sock=14877_46f2_4>
...
001 (29321.001.000) 01/22 09:13:05 Job executing on host: <172.16.11.231:9618?addrs=172.16.11.231-9618&noUDP&sock=startd_22895_f54e_4>
...
006 (29321.001.000) 01/22 09:13:13 Image size of job updated: 31496
	31  -  MemoryUsage of job (MB)
	31496  -  ResidentSetSize of job (KB)
...
006 (29321.001.000) 01/22 09:18:13 Image size of job updated: 31572
	31  -  MemoryUsage of job (MB)
	31572  -  ResidentSetSize of job (KB)
...
006 (29321.001.000) 01/22 10:38:22 Image size of job updated: 31628
	31  -  MemoryUsage of job (MB)
	31628  -  ResidentSetSize of job (KB)
...
005 (29321.001.000) 01/22 16:21:36 Job terminated.
	(1) Normal termination (return value 0)
		Usr 0 07:08:05, Sys 0 00:00:00  -  Run Remote Usage
		Usr 0 00:00:00, Sys 0 00:00:00  -  Run Local Usage
		Usr 0 07:08:05, Sys 0 00:00:00  -  Total Remote Usage
		Usr 0 00:00:00, Sys 0 00:00:00  -  Total Local Usage
	0  -  Run Bytes Sent By Job
	0  -  Run Bytes Received By Job
	0  -  Total Bytes Sent By Job
	0  -  Total Bytes Received By Job
	Partitionable Resources :    Usage  Request Allocated 
	   Cpus                 :     1.00        1         1 
	   Disk (KB)            :     1           1    241059 
	   Memory (MB)          :    31           1      2008 
...
000 (29341.001.000) 01/23 20:29:25 Job submitted from host: <172.16.11.200:9618?addrs=172.16.11.200-9618&noUDP&sock=14877_46f2_4>
...
001 (29341.001.000) 01/23 20:29:43 Job executing on host: <172.16.11.232:9618?addrs=172.16.11.232-9618&alias=pc-farm2&noUDP&sock=startd_4986_dfb4_4>
...
006 (29341.001.000) 01/23 20:29:51 Image size of job updated: 580
	1  -  MemoryUsage of job (MB)
	316  -  ResidentSetSize of job (KB)
...
005 (29341.001.000) 01/23 20:29:51 Job terminated.
	(1) Normal termination (return value 0)
		Usr 0 00:00:06, Sys 0 00:00:00  -  Run Remote Usage
		Usr 0 00:00:00, Sys 0 00:00:00  -  Run Local Usage
		Usr 0 00:00:06, Sys 0 00:00:00  -  Total Remote Usage
		Usr 0 00:00:00, Sys 0 00:00:00  -  Total Local Usage
	0  -  Run Bytes Sent By Job
	0  -  Run Bytes Received By Job
	0  -  Total Bytes Sent By Job
	0  -  Total Bytes Received By Job
	Partitionable Resources :    Usage  Request Allocated 
	   Cpus                 :        0        1         1 
	   Disk (KB)            :        1        1    245927 
	   Memory (MB)          :        1        1      1005 
...
000 (29342.001.000) 01/23 20:30:33 Job submitted from host: <172.16.11.200:9618?addrs=172.16.11.200-9618&noUDP&sock=14877_46f2_4>
...
001 (29342.001.000) 01/23 20:30:35 Job executing on host: <172.16.11.234:9618?addrs=172.16.11.234-9618&alias=pc-farm4&noUDP&sock=startd_5195_3aff>
...
006 (29342.001.000) 01/23 20:30:43 Image size of job updated: 419772
	31  -  MemoryUsage of job (MB)
	31480  -  ResidentSetSize of job (KB)
...
006 (29342.001.000) 01/23 21:00:47 Image size of job updated: 419780
	31  -  MemoryUsage of job (MB)
	31484  -  ResidentSetSize of job (KB)
...
005 (29342.001.000) 01/24 02:16:21 Job terminated.
	(1) Normal termination (return value 0)
		Usr 0 05:11:11, Sys 0 00:00:00  -  Run Remote Usage
		Usr 0 00:00:00, Sys 0 00:00:00  -  Run Local Usage
		Usr 0 05:11:11, Sys 0 00:00:00  -  Total Remote Usage
		Usr 0 00:00:00, Sys 0 00:00:00  -  Total Local Usage
	0  -  Run Bytes Sent By Job
	0  -  Run Bytes Received By Job
	0  -  Total Bytes Sent By Job
	0  -  Total Bytes Received By Job
	Partitionable Resources :    Usage  Request Allocated 
	   Cpus                 :     0.90        1         1 
	   Disk (KB)            :     1           1    255907 
	   Memory (MB)          :    31           1       999 
...
000 (29356.001.000) 01/24 09:27:36 Job submitted from host: <172.16.11.200:9618?addrs=172.16.11.200-9618&noUDP&sock=14877_46f2_4>
...
001 (29356.001.000) 01/24 09:27:55 Job executing on host: <172.16.11.232:9618?addrs=172.16.11.232-9618&alias=pc-farm2&noUDP&sock=startd_4986_dfb4_4>
...
006 (29356.001.000) 01/24 09:28:05 Image size of job updated: 31392
	31  -  MemoryUsage of job (MB)
	31392  -  ResidentSetSize of job (KB)
...
006 (29356.001.000) 01/24 10:28:12 Image size of job updated: 31484
	31  -  MemoryUsage of job (MB)
	31484  -  ResidentSetSize of job (KB)
...
005 (29356.001.000) 01/24 12:58:51 Job terminated.
	(1) Normal termination (return value 0)
		Usr 0 03:30:55, Sys 0 00:00:00  -  Run Remote Usage
		Usr 0 00:00:00, Sys 0 00:00:00  -  Run Local Usage
		Usr 0 03:30:55, Sys 0 00:00:00  -  Total Remote Usage
		Usr 0 00:00:00, Sys 0 00:00:00  -  Total Local Usage
	0  -  Run Bytes Sent By Job
	0  -  Run Bytes Received By Job
	0  -  Total Bytes Sent By Job
	0  -  Total Bytes Received By Job
	Partitionable Resources :    Usage  Request Allocated 
	   Cpus                 :     1.00        1         1 
	   Disk (KB)            :     1           1    245927 
	   Memory (MB)          :    31           1      1005 
...
000 (29412.001.000) 01/25 14:11:53 Job submitted from host: <172.16.11.200:9618?addrs=172.16.11.200-9618&noUDP&sock=14877_46f2_4>
...
001 (29412.001.000) 01/25 15:32:14 Job executing on host: <172.16.11.234:9618?addrs=172.16.11.234-9618&alias=pc-farm4&noUDP&sock=startd_5195_3aff>
...
006 (29412.001.000) 01/25 15:32:23 Image size of job updated: 419772
	31  -  MemoryUsage of job (MB)
	31472  -  ResidentSetSize of job (KB)
...
006 (29412.001.000) 01/25 16:02:27 Image size of job updated: 419780
	31  -  MemoryUsage of job (MB)
	31476  -  ResidentSetSize of job (KB)
...
005 (29412.001.000) 01/25 20:56:26 Job terminated.
	(1) Normal termination (return value 0)
		Usr 0 04:52:08, Sys 0 00:00:00  -  Run Remote Usage
		Usr 0 00:00:00, Sys 0 00:00:00  -  Run Local Usage
		Usr 0 04:52:08, Sys 0 00:00:00  -  Total Remote Usage
		Usr 0 00:00:00, Sys 0 00:00:00  -  Total Local Usage
	0  -  Run Bytes Sent By Job
	0  -  Run Bytes Received By Job
	0  -  Total Bytes Sent By Job
	0  -  Total Bytes Received By Job
	Partitionable Resources :    Usage  Request Allocated 
	   Cpus                 :     0.91        1         1 
	   Disk (KB)            :     1           1    255907 
	   Memory (MB)          :    31           1       999 
...
000 (29625.001.000) 01/28 22:25:51 Job submitted from host: <172.16.11.200:9618?addrs=172.16.11.200-9618&noUDP&sock=14877_46f2_4>
...
009 (29625.001.000) 01/28 23:02:09 Job was aborted by the user.
	via condor_rm (by user zhangliang)
...
000 (29626.001.000) 01/28 23:02:36 Job submitted from host: <172.16.11.200:9618?addrs=172.16.11.200-9618&noUDP&sock=14877_46f2_4>
...
001 (29626.001.000) 01/28 23:05:38 Job executing on host: <172.16.11.232:9618?addrs=172.16.11.232-9618&alias=pc-farm2&noUDP&sock=startd_4986_dfb4_4>
...
006 (29626.001.000) 01/28 23:05:48 Image size of job updated: 31504
	31  -  MemoryUsage of job (MB)
	31240  -  ResidentSetSize of job (KB)
...
006 (29626.001.000) 01/28 23:15:21 Image size of job updated: 306532
	31  -  MemoryUsage of job (MB)
	31240  -  ResidentSetSize of job (KB)
...
004 (29626.001.000) 01/28 23:15:21 Job was evicted.
	(0) CPU times
		Usr 0 00:09:38, Sys 0 00:00:01  -  Run Remote Usage
		Usr 0 00:00:00, Sys 0 00:00:00  -  Run Local Usage
	0  -  Run Bytes Sent By Job
	0  -  Run Bytes Received By Job
	Partitionable Resources :    Usage  Request Allocated 
	   Cpus                 :     1.00        1         1 
	   Disk (KB)            :     1           1    245927 
	   Memory (MB)          :    31           1      1005 
...
009 (29626.001.000) 01/28 23:15:21 Job was aborted by the user.
	via condor_rm (by user zhangliang)
...
000 (29627.001.000) 01/28 23:15:28 Job submitted from host: <172.16.11.200:9618?addrs=172.16.11.200-9618&noUDP&sock=14877_46f2_4>
...
001 (29627.001.000) 01/28 23:15:30 Job executing on host: <172.16.11.233:9618?addrs=172.16.11.233-9618&alias=pc-farm3&noUDP&sock=startd_4556_edfa>
...
006 (29627.001.000) 01/28 23:15:39 Image size of job updated: 36100
	36  -  MemoryUsage of job (MB)
	36100  -  ResidentSetSize of job (KB)
...
006 (29627.001.000) 01/29 01:40:53 Image size of job updated: 36104
	36  -  MemoryUsage of job (MB)
	36104  -  ResidentSetSize of job (KB)
...
006 (29627.001.000) 01/29 01:50:55 Image size of job updated: 36112
	36  -  MemoryUsage of job (MB)
	36112  -  ResidentSetSize of job (KB)
...
006 (29627.001.000) 01/29 02:10:57 Image size of job updated: 36128
	36  -  MemoryUsage of job (MB)
	36128  -  ResidentSetSize of job (KB)
...
006 (29627.001.000) 01/29 02:25:59 Image size of job updated: 36144
	36  -  MemoryUsage of job (MB)
	36144  -  ResidentSetSize of job (KB)
...
006 (29627.001.000) 01/29 02:36:00 Image size of job updated: 36152
	36  -  MemoryUsage of job (MB)
	36152  -  ResidentSetSize of job (KB)
...
006 (29627.001.000) 01/29 03:01:02 Image size of job updated: 36204
	36  -  MemoryUsage of job (MB)
	36204  -  ResidentSetSize of job (KB)
...
006 (29627.001.000) 01/29 03:06:03 Image size of job updated: 36208
	36  -  MemoryUsage of job (MB)
	36208  -  ResidentSetSize of job (KB)
...
006 (29627.001.000) 01/29 03:11:04 Image size of job updated: 36336
	36  -  MemoryUsage of job (MB)
	36336  -  ResidentSetSize of job (KB)
...
005 (29627.001.000) 01/29 03:23:32 Job terminated.
	(1) Normal termination (return value 0)
		Usr 0 04:07:59, Sys 0 00:00:00  -  Run Remote Usage
		Usr 0 00:00:00, Sys 0 00:00:00  -  Run Local Usage
		Usr 0 04:07:59, Sys 0 00:00:00  -  Total Remote Usage
		Usr 0 00:00:00, Sys 0 00:00:00  -  Total Local Usage
	0  -  Run Bytes Sent By Job
	0  -  Run Bytes Received By Job
	0  -  Total Bytes Sent By Job
	0  -  Total Bytes Received By Job
	Partitionable Resources :    Usage  Request Allocated 
	   Cpus                 :     1.00        1         1 
	   Disk (KB)            :     1           1    254050 
	   Memory (MB)          :    36           1      1005 
...
000 (29631.001.000) 01/29 11:01:51 Job submitted from host: <172.16.11.200:9618?addrs=172.16.11.200-9618&noUDP&sock=14877_46f2_4>
...
001 (29631.001.000) 01/29 11:03:05 Job executing on host: <172.16.11.234:9618?addrs=172.16.11.234-9618&alias=pc-farm4&noUDP&sock=startd_5195_3aff>
...
006 (29631.001.000) 01/29 11:03:14 Image size of job updated: 419772
	31  -  MemoryUsage of job (MB)
	31472  -  ResidentSetSize of job (KB)
...
006 (29631.001.000) 01/29 11:28:17 Image size of job updated: 419780
	31  -  MemoryUsage of job (MB)
	31476  -  ResidentSetSize of job (KB)
...
004 (29631.001.000) 01/29 14:38:36 Job was evicted.
	(0) CPU times
		Usr 0 03:35:29, Sys 0 00:00:00  -  Run Remote Usage
		Usr 0 00:00:00, Sys 0 00:00:00  -  Run Local Usage
	0  -  Run Bytes Sent By Job
	0  -  Run Bytes Received By Job
	Partitionable Resources :    Usage  Request Allocated 
	   Cpus                 :     1.00        1         1 
	   Disk (KB)            :     1           1    255907 
	   Memory (MB)          :    31           1       999 
...
009 (29631.001.000) 01/29 14:38:36 Job was aborted by the user.
	via condor_rm (by user zhangliang)
...
000 (29643.001.000) 01/29 14:45:40 Job submitted from host: <172.16.11.200:9618?addrs=172.16.11.200-9618&noUDP&sock=14877_46f2_4>
...
001 (29643.001.000) 01/29 14:46:43 Job executing on host: <172.16.11.232:9618?addrs=172.16.11.232-9618&alias=pc-farm2&noUDP&sock=startd_4986_dfb4_4>
...
006 (29643.001.000) 01/29 14:46:52 Image size of job updated: 31636
	31  -  MemoryUsage of job (MB)
	31636  -  ResidentSetSize of job (KB)
...
006 (29643.001.000) 01/29 14:50:05 Image size of job updated: 419816
	31  -  MemoryUsage of job (MB)
	31636  -  ResidentSetSize of job (KB)
...
005 (29643.001.000) 01/29 14:50:05 Job terminated.
	(1) Normal termination (return value 0)
		Usr 0 00:03:19, Sys 0 00:00:00  -  Run Remote Usage
		Usr 0 00:00:00, Sys 0 00:00:00  -  Run Local Usage
		Usr 0 00:03:19, Sys 0 00:00:00  -  Total Remote Usage
		Usr 0 00:00:00, Sys 0 00:00:00  -  Total Local Usage
	0  -  Run Bytes Sent By Job
	0  -  Run Bytes Received By Job
	0  -  Total Bytes Sent By Job
	0  -  Total Bytes Received By Job
	Partitionable Resources :    Usage  Request Allocated 
	   Cpus                 :     1.00        1         1 
	   Disk (KB)            :     1           1    245927 
	   Memory (MB)          :    31           1      1005 
...
000 (29652.001.000) 01/29 16:52:15 Job submitted from host: <172.16.11.200:9618?addrs=172.16.11.200-9618&noUDP&sock=14877_46f2_4>
...
001 (29652.001.000) 01/29 18:30:37 Job executing on host: <172.16.11.231:9618?addrs=172.16.11.231-9618&noUDP&sock=startd_22895_f54e_4>
...
006 (29652.001.000) 01/29 18:30:45 Image size of job updated: 36300
	31  -  MemoryUsage of job (MB)
	31284  -  ResidentSetSize of job (KB)
...
006 (29652.001.000) 01/29 18:35:46 Image size of job updated: 38676
	31  -  MemoryUsage of job (MB)
	31284  -  ResidentSetSize of job (KB)
...
006 (29652.001.000) 01/29 18:40:46 Image size of job updated: 39600
	31  -  MemoryUsage of job (MB)
	31284  -  ResidentSetSize of job (KB)
...
006 (29652.001.000) 01/29 18:45:46 Image size of job updated: 39996
	31  -  MemoryUsage of job (MB)
	31284  -  ResidentSetSize of job (KB)
...
006 (29652.001.000) 01/29 18:50:46 Image size of job updated: 40260
	31  -  MemoryUsage of job (MB)
	31284  -  ResidentSetSize of job (KB)
...
006 (29652.001.000) 01/29 18:55:47 Image size of job updated: 40788
	31  -  MemoryUsage of job (MB)
	31284  -  ResidentSetSize of job (KB)
...
006 (29652.001.000) 01/29 19:00:48 Image size of job updated: 41184
	31  -  MemoryUsage of job (MB)
	31284  -  ResidentSetSize of job (KB)
...
006 (29652.001.000) 01/29 19:15:50 Image size of job updated: 41288
	31  -  MemoryUsage of job (MB)
	31388  -  ResidentSetSize of job (KB)
...
005 (29652.001.000) 01/29 19:22:19 Job terminated.
	(1) Normal termination (return value 0)
		Usr 0 00:51:35, Sys 0 00:00:05  -  Run Remote Usage
		Usr 0 00:00:00, Sys 0 00:00:00  -  Run Local Usage
		Usr 0 00:51:35, Sys 0 00:00:05  -  Total Remote Usage
		Usr 0 00:00:00, Sys 0 00:00:00  -  Total Local Usage
	0  -  Run Bytes Sent By Job
	0  -  Run Bytes Received By Job
	0  -  Total Bytes Sent By Job
	0  -  Total Bytes Received By Job
	Partitionable Resources :    Usage  Request Allocated 
	   Cpus                 :     1.00        1         1 
	   Disk (KB)            :     1           1    241059 
	   Memory (MB)          :    31           1      2008 
...
000 (29693.001.000) 01/30 17:50:49 Job submitted from host: <172.16.11.200:9618?addrs=172.16.11.200-9618&noUDP&sock=14877_46f2_4>
...
001 (29693.001.000) 01/30 20:06:50 Job executing on host: <172.16.11.233:9618?addrs=172.16.11.233-9618&alias=pc-farm3&noUDP&sock=startd_4556_edfa>
...
006 (29693.001.000) 01/30 20:07:00 Image size of job updated: 36148
	36  -  MemoryUsage of job (MB)
	36148  -  ResidentSetSize of job (KB)
...
006 (29693.001.000) 01/30 20:42:05 Image size of job updated: 36204
	36  -  MemoryUsage of job (MB)
	36204  -  ResidentSetSize of job (KB)
...
006 (29693.001.000) 01/30 21:52:12 Image size of job updated: 36300
	36  -  MemoryUsage of job (MB)
	36300  -  ResidentSetSize of job (KB)
...
006 (29693.001.000) 01/30 22:37:16 Image size of job updated: 36368
	36  -  MemoryUsage of job (MB)
	36368  -  ResidentSetSize of job (KB)
...
005 (29693.001.000) 01/30 23:07:04 Job terminated.
	(1) Normal termination (return value 0)
		Usr 0 02:59:45, Sys 0 00:00:05  -  Run Remote Usage
		Usr 0 00:00:00, Sys 0 00:00:00  -  Run Local Usage
		Usr 0 02:59:45, Sys 0 00:00:05  -  Total Remote Usage
		Usr 0 00:00:00, Sys 0 00:00:00  -  Total Local Usage
	0  -  Run Bytes Sent By Job
	0  -  Run Bytes Received By Job
	0  -  Total Bytes Sent By Job
	0  -  Total Bytes Received By Job
	Partitionable Resources :    Usage  Request Allocated 
	   Cpus                 :     1.00        1         1 
	   Disk (KB)            :     1           1    254050 
	   Memory (MB)          :    36           1      1005 
...
