000 (29320.020.000) 01/22 08:34:52 Job submitted from host: <172.16.11.200:9618?addrs=172.16.11.200-9618&noUDP&sock=14877_46f2_4>
...
001 (29320.020.000) 01/22 09:12:04 Job executing on host: <172.16.11.231:9618?addrs=172.16.11.231-9618&noUDP&sock=startd_22895_f54e_4>
...
006 (29320.020.000) 01/22 09:12:13 Image size of job updated: 31752
	32  -  MemoryUsage of job (MB)
	31752  -  ResidentSetSize of job (KB)
...
006 (29320.020.000) 01/22 09:17:15 Image size of job updated: 31868
	32  -  MemoryUsage of job (MB)
	31868  -  ResidentSetSize of job (KB)
...
006 (29320.020.000) 01/22 10:37:23 Image size of job updated: 31976
	32  -  MemoryUsage of job (MB)
	31976  -  ResidentSetSize of job (KB)
...
006 (29320.020.000) 01/22 16:46:45 Image size of job updated: 419680
	32  -  MemoryUsage of job (MB)
	31976  -  ResidentSetSize of job (KB)
...
005 (29320.020.000) 01/22 16:46:45 Job terminated.
	(1) Normal termination (return value 0)
		Usr 0 07:07:25, Sys 0 00:00:39  -  Run Remote Usage
		Usr 0 00:00:00, Sys 0 00:00:00  -  Run Local Usage
		Usr 0 07:07:25, Sys 0 00:00:39  -  Total Remote Usage
		Usr 0 00:00:00, Sys 0 00:00:00  -  Total Local Usage
	0  -  Run Bytes Sent By Job
	0  -  Run Bytes Received By Job
	0  -  Total Bytes Sent By Job
	0  -  Total Bytes Received By Job
	Partitionable Resources :    Usage  Request Allocated 
	   Cpus                 :     0.97        1         1 
	   Disk (KB)            :     1           1    241059 
	   Memory (MB)          :    32           1      2008 
...
000 (29355.020.000) 01/24 09:27:33 Job submitted from host: <172.16.11.200:9618?addrs=172.16.11.200-9618&noUDP&sock=14877_46f2_4>
...
001 (29355.020.000) 01/24 09:27:53 Job executing on host: <172.16.11.232:9618?addrs=172.16.11.232-9618&alias=pc-farm2&noUDP&sock=startd_4986_dfb4_4>
...
006 (29355.020.000) 01/24 09:28:02 Image size of job updated: 31576
	31  -  MemoryUsage of job (MB)
	31576  -  ResidentSetSize of job (KB)
...
006 (29355.020.000) 01/24 10:23:08 Image size of job updated: 31696
	31  -  MemoryUsage of job (MB)
	31696  -  ResidentSetSize of job (KB)
...
006 (29355.020.000) 01/24 12:50:52 Image size of job updated: 419816
	31  -  MemoryUsage of job (MB)
	31696  -  ResidentSetSize of job (KB)
...
005 (29355.020.000) 01/24 12:50:52 Job terminated.
	(1) Normal termination (return value 0)
		Usr 0 03:22:57, Sys 0 00:00:00  -  Run Remote Usage
		Usr 0 00:00:00, Sys 0 00:00:00  -  Run Local Usage
		Usr 0 03:22:57, Sys 0 00:00:00  -  Total Remote Usage
		Usr 0 00:00:00, Sys 0 00:00:00  -  Total Local Usage
	0  -  Run Bytes Sent By Job
	0  -  Run Bytes Received By Job
	0  -  Total Bytes Sent By Job
	0  -  Total Bytes Received By Job
	Partitionable Resources :    Usage  Request Allocated 
	   Cpus                 :     1.00        1         1 
	   Disk (KB)            :     1           1    245927 
	   Memory (MB)          :    31           1      1005 
...
000 (29411.020.000) 01/25 14:11:50 Job submitted from host: <172.16.11.200:9618?addrs=172.16.11.200-9618&noUDP&sock=14877_46f2_4>
...
001 (29411.020.000) 01/25 15:28:14 Job executing on host: <172.16.11.232:9618?addrs=172.16.11.232-9618&alias=pc-farm2&noUDP&sock=startd_4986_dfb4_4>
...
006 (29411.020.000) 01/25 15:28:23 Image size of job updated: 31508
	31  -  MemoryUsage of job (MB)
	31508  -  ResidentSetSize of job (KB)
...
006 (29411.020.000) 01/25 15:53:26 Image size of job updated: 31640
	31  -  MemoryUsage of job (MB)
	31640  -  ResidentSetSize of job (KB)
...
005 (29411.020.000) 01/25 19:14:59 Job terminated.
	(1) Normal termination (return value 0)
		Usr 0 03:46:42, Sys 0 00:00:00  -  Run Remote Usage
		Usr 0 00:00:00, Sys 0 00:00:00  -  Run Local Usage
		Usr 0 03:46:42, Sys 0 00:00:00  -  Total Remote Usage
		Usr 0 00:00:00, Sys 0 00:00:00  -  Total Local Usage
	0  -  Run Bytes Sent By Job
	0  -  Run Bytes Received By Job
	0  -  Total Bytes Sent By Job
	0  -  Total Bytes Received By Job
	Partitionable Resources :    Usage  Request Allocated 
	   Cpus                 :     1.00        1         1 
	   Disk (KB)            :     1           1    245927 
	   Memory (MB)          :    31           1      1005 
...
000 (29653.020.000) 01/29 16:52:19 Job submitted from host: <172.16.11.200:9618?addrs=172.16.11.200-9618&noUDP&sock=14877_46f2_4>
...
001 (29653.020.000) 01/29 18:39:39 Job executing on host: <172.16.11.231:9618?addrs=172.16.11.231-9618&noUDP&sock=startd_22895_f54e_4>
...
006 (29653.020.000) 01/29 18:39:49 Image size of job updated: 31108
	31  -  MemoryUsage of job (MB)
	31108  -  ResidentSetSize of job (KB)
...
006 (29653.020.000) 01/29 19:24:53 Image size of job updated: 31160
	31  -  MemoryUsage of job (MB)
	31160  -  ResidentSetSize of job (KB)
...
005 (29653.020.000) 01/29 19:35:19 Job terminated.
	(1) Normal termination (return value 0)
		Usr 0 00:55:39, Sys 0 00:00:00  -  Run Remote Usage
		Usr 0 00:00:00, Sys 0 00:00:00  -  Run Local Usage
		Usr 0 00:55:39, Sys 0 00:00:00  -  Total Remote Usage
		Usr 0 00:00:00, Sys 0 00:00:00  -  Total Local Usage
	0  -  Run Bytes Sent By Job
	0  -  Run Bytes Received By Job
	0  -  Total Bytes Sent By Job
	0  -  Total Bytes Received By Job
	Partitionable Resources :    Usage  Request Allocated 
	   Cpus                 :     1.00        1         1 
	   Disk (KB)            :     1           1    241059 
	   Memory (MB)          :    31           1      2008 
...
000 (29677.020.000) 01/30 10:58:42 Job submitted from host: <172.16.11.200:9618?addrs=172.16.11.200-9618&noUDP&sock=14877_46f2_4>
...
001 (29677.020.000) 01/30 12:48:43 Job executing on host: <172.16.11.231:9618?addrs=172.16.11.231-9618&noUDP&sock=startd_22895_f54e_4>
...
006 (29677.020.000) 01/30 12:48:52 Image size of job updated: 31652
	31  -  MemoryUsage of job (MB)
	31652  -  ResidentSetSize of job (KB)
...
006 (29677.020.000) 01/30 13:38:57 Image size of job updated: 32060
	32  -  MemoryUsage of job (MB)
	32060  -  ResidentSetSize of job (KB)
...
005 (29677.020.000) 01/30 13:41:53 Job terminated.
	(1) Normal termination (return value 0)
		Usr 0 00:53:08, Sys 0 00:00:00  -  Run Remote Usage
		Usr 0 00:00:00, Sys 0 00:00:00  -  Run Local Usage
		Usr 0 00:53:08, Sys 0 00:00:00  -  Total Remote Usage
		Usr 0 00:00:00, Sys 0 00:00:00  -  Total Local Usage
	0  -  Run Bytes Sent By Job
	0  -  Run Bytes Received By Job
	0  -  Total Bytes Sent By Job
	0  -  Total Bytes Received By Job
	Partitionable Resources :    Usage  Request Allocated 
	   Cpus                 :     1.00        1         1 
	   Disk (KB)            :     1           1    241059 
	   Memory (MB)          :    32           1      2008 
...
000 (29692.020.000) 01/30 17:50:45 Job submitted from host: <172.16.11.200:9618?addrs=172.16.11.200-9618&noUDP&sock=14877_46f2_4>
...
001 (29692.020.000) 01/30 19:59:50 Job executing on host: <172.16.11.233:9618?addrs=172.16.11.233-9618&alias=pc-farm3&noUDP&sock=startd_4556_edfa>
...
006 (29692.020.000) 01/30 20:00:00 Image size of job updated: 36468
	36  -  MemoryUsage of job (MB)
	36468  -  ResidentSetSize of job (KB)
...
006 (29692.020.000) 01/30 22:45:17 Image size of job updated: 36472
	36  -  MemoryUsage of job (MB)
	36472  -  ResidentSetSize of job (KB)
...
006 (29692.020.000) 01/30 22:50:18 Image size of job updated: 36480
	36  -  MemoryUsage of job (MB)
	36480  -  ResidentSetSize of job (KB)
...
005 (29692.020.000) 01/30 23:03:51 Job terminated.
	(1) Normal termination (return value 0)
		Usr 0 03:03:31, Sys 0 00:00:06  -  Run Remote Usage
		Usr 0 00:00:00, Sys 0 00:00:00  -  Run Local Usage
		Usr 0 03:03:31, Sys 0 00:00:06  -  Total Remote Usage
		Usr 0 00:00:00, Sys 0 00:00:00  -  Total Local Usage
	0  -  Run Bytes Sent By Job
	0  -  Run Bytes Received By Job
	0  -  Total Bytes Sent By Job
	0  -  Total Bytes Received By Job
	Partitionable Resources :    Usage  Request Allocated 
	   Cpus                 :     1.00        1         1 
	   Disk (KB)            :     1           1    254050 
	   Memory (MB)          :    36           1      1005 
...
