000 (29299.013.000) 01/21 12:26:09 Job submitted from host: <172.16.11.200:9618?addrs=172.16.11.200-9618&noUDP&sock=14877_46f2_4>
...
001 (29299.013.000) 01/21 13:28:52 Job executing on host: <172.16.11.232:9618?addrs=172.16.11.232-9618&alias=pc-farm2&noUDP&sock=startd_4986_dfb4_4>
...
006 (29299.013.000) 01/21 13:28:57 Image size of job updated: 419816
	0  -  MemoryUsage of job (MB)
	0  -  ResidentSetSize of job (KB)
...
005 (29299.013.000) 01/21 13:28:57 Job terminated.
	(1) Normal termination (return value 0)
		Usr 0 00:00:04, Sys 0 00:00:00  -  Run Remote Usage
		Usr 0 00:00:00, Sys 0 00:00:00  -  Run Local Usage
		Usr 0 00:00:04, Sys 0 00:00:00  -  Total Remote Usage
		Usr 0 00:00:00, Sys 0 00:00:00  -  Total Local Usage
	0  -  Run Bytes Sent By Job
	0  -  Run Bytes Received By Job
	0  -  Total Bytes Sent By Job
	0  -  Total Bytes Received By Job
	Partitionable Resources :    Usage  Request Allocated 
	   Cpus                 :        0        1         1 
	   Disk (KB)            :        1        1    245927 
	   Memory (MB)          :        0        1      1005 
...
000 (29353.013.000) 01/24 09:27:18 Job submitted from host: <172.16.11.200:9618?addrs=172.16.11.200-9618&noUDP&sock=14877_46f2_4>
...
001 (29353.013.000) 01/24 09:27:37 Job executing on host: <172.16.11.234:9618?addrs=172.16.11.234-9618&alias=pc-farm4&noUDP&sock=startd_5195_3aff>
...
006 (29353.013.000) 01/24 09:27:45 Image size of job updated: 419772
	31  -  MemoryUsage of job (MB)
	31472  -  ResidentSetSize of job (KB)
...
006 (29353.013.000) 01/24 09:57:47 Image size of job updated: 419780
	31  -  MemoryUsage of job (MB)
	31476  -  ResidentSetSize of job (KB)
...
005 (29353.013.000) 01/24 14:05:25 Job terminated.
	(1) Normal termination (return value 0)
		Usr 0 04:37:43, Sys 0 00:00:00  -  Run Remote Usage
		Usr 0 00:00:00, Sys 0 00:00:00  -  Run Local Usage
		Usr 0 04:37:43, Sys 0 00:00:00  -  Total Remote Usage
		Usr 0 00:00:00, Sys 0 00:00:00  -  Total Local Usage
	0  -  Run Bytes Sent By Job
	0  -  Run Bytes Received By Job
	0  -  Total Bytes Sent By Job
	0  -  Total Bytes Received By Job
	Partitionable Resources :    Usage  Request Allocated 
	   Cpus                 :     1.00        1         1 
	   Disk (KB)            :     1           1    255907 
	   Memory (MB)          :    31           1       999 
...
000 (29409.013.000) 01/25 14:11:44 Job submitted from host: <172.16.11.200:9618?addrs=172.16.11.200-9618&noUDP&sock=14877_46f2_4>
...
001 (29409.013.000) 01/25 15:06:15 Job executing on host: <172.16.11.232:9618?addrs=172.16.11.232-9618&alias=pc-farm2&noUDP&sock=startd_4986_dfb4_4>
...
006 (29409.013.000) 01/25 15:06:24 Image size of job updated: 31592
	31  -  MemoryUsage of job (MB)
	31592  -  ResidentSetSize of job (KB)
...
006 (29409.013.000) 01/25 15:46:29 Image size of job updated: 31640
	31  -  MemoryUsage of job (MB)
	31640  -  ResidentSetSize of job (KB)
...
005 (29409.013.000) 01/25 19:56:09 Job terminated.
	(1) Normal termination (return value 0)
		Usr 0 04:49:35, Sys 0 00:00:00  -  Run Remote Usage
		Usr 0 00:00:00, Sys 0 00:00:00  -  Run Local Usage
		Usr 0 04:49:35, Sys 0 00:00:00  -  Total Remote Usage
		Usr 0 00:00:00, Sys 0 00:00:00  -  Total Local Usage
	0  -  Run Bytes Sent By Job
	0  -  Run Bytes Received By Job
	0  -  Total Bytes Sent By Job
	0  -  Total Bytes Received By Job
	Partitionable Resources :    Usage  Request Allocated 
	   Cpus                 :     0.99        1         1 
	   Disk (KB)            :     1           1    245927 
	   Memory (MB)          :    31           1      1005 
...
000 (29675.013.000) 01/30 10:58:35 Job submitted from host: <172.16.11.200:9618?addrs=172.16.11.200-9618&noUDP&sock=14877_46f2_4>
...
001 (29675.013.000) 01/30 12:13:44 Job executing on host: <172.16.11.231:9618?addrs=172.16.11.231-9618&noUDP&sock=startd_22895_f54e_4>
...
006 (29675.013.000) 01/30 12:13:53 Image size of job updated: 31648
	31  -  MemoryUsage of job (MB)
	31648  -  ResidentSetSize of job (KB)
...
006 (29675.013.000) 01/30 13:34:01 Image size of job updated: 31784
	32  -  MemoryUsage of job (MB)
	31784  -  ResidentSetSize of job (KB)
...
005 (29675.013.000) 01/30 15:19:09 Job terminated.
	(1) Normal termination (return value 0)
		Usr 0 03:05:10, Sys 0 00:00:13  -  Run Remote Usage
		Usr 0 00:00:00, Sys 0 00:00:00  -  Run Local Usage
		Usr 0 03:05:10, Sys 0 00:00:13  -  Total Remote Usage
		Usr 0 00:00:00, Sys 0 00:00:00  -  Total Local Usage
	0  -  Run Bytes Sent By Job
	0  -  Run Bytes Received By Job
	0  -  Total Bytes Sent By Job
	0  -  Total Bytes Received By Job
	Partitionable Resources :    Usage  Request Allocated 
	   Cpus                 :     1.00        1         1 
	   Disk (KB)            :     1           1    241059 
	   Memory (MB)          :    32           1      2008 
...
