000 (29296.017.000) 01/21 12:25:55 Job submitted from host: <172.16.11.200:9618?addrs=172.16.11.200-9618&noUDP&sock=14877_46f2_4>
...
001 (29296.017.000) 01/21 13:19:44 Job executing on host: <172.16.11.231:9618?addrs=172.16.11.231-9618&noUDP&sock=startd_22895_f54e_4>
...
006 (29296.017.000) 01/21 13:19:50 Image size of job updated: 496
	1  -  MemoryUsage of job (MB)
	496  -  ResidentSetSize of job (KB)
...
005 (29296.017.000) 01/21 13:19:50 Job terminated.
	(1) Normal termination (return value 0)
		Usr 0 00:00:04, Sys 0 00:00:00  -  Run Remote Usage
		Usr 0 00:00:00, Sys 0 00:00:00  -  Run Local Usage
		Usr 0 00:00:04, Sys 0 00:00:00  -  Total Remote Usage
		Usr 0 00:00:00, Sys 0 00:00:00  -  Total Local Usage
	0  -  Run Bytes Sent By Job
	0  -  Run Bytes Received By Job
	0  -  Total Bytes Sent By Job
	0  -  Total Bytes Received By Job
	Partitionable Resources :    Usage  Request Allocated 
	   Cpus                 :     1.00        1         1 
	   Disk (KB)            :     1           1    241059 
	   Memory (MB)          :     1           1      2008 
...
000 (29349.017.000) 01/24 09:27:00 Job submitted from host: <172.16.11.200:9618?addrs=172.16.11.200-9618&noUDP&sock=14877_46f2_4>
...
001 (29349.017.000) 01/24 09:27:04 Job executing on host: <172.16.11.234:9618?addrs=172.16.11.234-9618&alias=pc-farm4&noUDP&sock=startd_5195_3aff>
...
006 (29349.017.000) 01/24 09:27:13 Image size of job updated: 419772
	31  -  MemoryUsage of job (MB)
	31480  -  ResidentSetSize of job (KB)
...
006 (29349.017.000) 01/24 09:52:16 Image size of job updated: 419780
	31  -  MemoryUsage of job (MB)
	31484  -  ResidentSetSize of job (KB)
...
005 (29349.017.000) 01/24 13:59:55 Job terminated.
	(1) Normal termination (return value 0)
		Usr 0 04:32:48, Sys 0 00:00:00  -  Run Remote Usage
		Usr 0 00:00:00, Sys 0 00:00:00  -  Run Local Usage
		Usr 0 04:32:48, Sys 0 00:00:00  -  Total Remote Usage
		Usr 0 00:00:00, Sys 0 00:00:00  -  Total Local Usage
	0  -  Run Bytes Sent By Job
	0  -  Run Bytes Received By Job
	0  -  Total Bytes Sent By Job
	0  -  Total Bytes Received By Job
	Partitionable Resources :    Usage  Request Allocated 
	   Cpus                 :     1.00        1         1 
	   Disk (KB)            :     1           1    255907 
	   Memory (MB)          :    31           1       999 
...
000 (29405.017.000) 01/25 14:11:27 Job submitted from host: <172.16.11.200:9618?addrs=172.16.11.200-9618&noUDP&sock=14877_46f2_4>
...
001 (29405.017.000) 01/25 14:19:14 Job executing on host: <172.16.11.231:9618?addrs=172.16.11.231-9618&noUDP&sock=startd_22895_f54e_4>
...
006 (29405.017.000) 01/25 14:19:23 Image size of job updated: 31644
	31  -  MemoryUsage of job (MB)
	31644  -  ResidentSetSize of job (KB)
...
006 (29405.017.000) 01/25 14:24:23 Image size of job updated: 31748
	32  -  MemoryUsage of job (MB)
	31748  -  ResidentSetSize of job (KB)
...
006 (29405.017.000) 01/25 15:44:31 Image size of job updated: 32580
	32  -  MemoryUsage of job (MB)
	32580  -  ResidentSetSize of job (KB)
...
005 (29405.017.000) 01/25 20:10:02 Job terminated.
	(1) Normal termination (return value 0)
		Usr 0 05:49:25, Sys 0 00:00:00  -  Run Remote Usage
		Usr 0 00:00:00, Sys 0 00:00:00  -  Run Local Usage
		Usr 0 05:49:25, Sys 0 00:00:00  -  Total Remote Usage
		Usr 0 00:00:00, Sys 0 00:00:00  -  Total Local Usage
	0  -  Run Bytes Sent By Job
	0  -  Run Bytes Received By Job
	0  -  Total Bytes Sent By Job
	0  -  Total Bytes Received By Job
	Partitionable Resources :    Usage  Request Allocated 
	   Cpus                 :     1.00        1         1 
	   Disk (KB)            :     1           1    241059 
	   Memory (MB)          :    32           1      2008 
...
000 (29671.017.000) 01/30 10:56:39 Job submitted from host: <172.16.11.200:9618?addrs=172.16.11.200-9618&noUDP&sock=14877_46f2_4>
...
001 (29671.017.000) 01/30 11:18:06 Job executing on host: <172.16.11.231:9618?addrs=172.16.11.231-9618&noUDP&sock=startd_22895_f54e_4>
...
006 (29671.017.000) 01/30 11:18:15 Image size of job updated: 31552
	31  -  MemoryUsage of job (MB)
	31552  -  ResidentSetSize of job (KB)
...
006 (29671.017.000) 01/30 13:23:29 Image size of job updated: 31608
	31  -  MemoryUsage of job (MB)
	31608  -  ResidentSetSize of job (KB)
...
005 (29671.017.000) 01/30 14:36:54 Job terminated.
	(1) Normal termination (return value 0)
		Usr 0 03:18:46, Sys 0 00:00:01  -  Run Remote Usage
		Usr 0 00:00:00, Sys 0 00:00:00  -  Run Local Usage
		Usr 0 03:18:46, Sys 0 00:00:01  -  Total Remote Usage
		Usr 0 00:00:00, Sys 0 00:00:00  -  Total Local Usage
	0  -  Run Bytes Sent By Job
	0  -  Run Bytes Received By Job
	0  -  Total Bytes Sent By Job
	0  -  Total Bytes Received By Job
	Partitionable Resources :    Usage  Request Allocated 
	   Cpus                 :     1.00        1         1 
	   Disk (KB)            :     1           1    241059 
	   Memory (MB)          :    31           1      2008 
...
