000 (29320.019.000) 01/22 08:34:52 Job submitted from host: <172.16.11.200:9618?addrs=172.16.11.200-9618&noUDP&sock=14877_46f2_4>
...
001 (29320.019.000) 01/22 09:11:04 Job executing on host: <172.16.11.231:9618?addrs=172.16.11.231-9618&noUDP&sock=startd_22895_f54e_4>
...
006 (29320.019.000) 01/22 09:11:14 Image size of job updated: 31344
	31  -  MemoryUsage of job (MB)
	31344  -  ResidentSetSize of job (KB)
...
006 (29320.019.000) 01/22 09:16:14 Image size of job updated: 31480
	31  -  MemoryUsage of job (MB)
	31480  -  ResidentSetSize of job (KB)
...
006 (29320.019.000) 01/22 10:36:22 Image size of job updated: 31600
	31  -  MemoryUsage of job (MB)
	31600  -  ResidentSetSize of job (KB)
...
005 (29320.019.000) 01/22 16:28:01 Job terminated.
	(1) Normal termination (return value 0)
		Usr 0 07:09:34, Sys 0 00:00:03  -  Run Remote Usage
		Usr 0 00:00:00, Sys 0 00:00:00  -  Run Local Usage
		Usr 0 07:09:34, Sys 0 00:00:03  -  Total Remote Usage
		Usr 0 00:00:00, Sys 0 00:00:00  -  Total Local Usage
	0  -  Run Bytes Sent By Job
	0  -  Run Bytes Received By Job
	0  -  Total Bytes Sent By Job
	0  -  Total Bytes Received By Job
	Partitionable Resources :    Usage  Request Allocated 
	   Cpus                 :     0.94        1         1 
	   Disk (KB)            :     1           1    241059 
	   Memory (MB)          :    31           1      2008 
...
000 (29355.019.000) 01/24 09:27:33 Job submitted from host: <172.16.11.200:9618?addrs=172.16.11.200-9618&noUDP&sock=14877_46f2_4>
...
001 (29355.019.000) 01/24 09:27:52 Job executing on host: <172.16.11.232:9618?addrs=172.16.11.232-9618&alias=pc-farm2&noUDP&sock=startd_4986_dfb4_4>
...
006 (29355.019.000) 01/24 09:28:01 Image size of job updated: 31608
	31  -  MemoryUsage of job (MB)
	31608  -  ResidentSetSize of job (KB)
...
006 (29355.019.000) 01/24 10:23:06 Image size of job updated: 31672
	31  -  MemoryUsage of job (MB)
	31672  -  ResidentSetSize of job (KB)
...
006 (29355.019.000) 01/24 13:14:22 Image size of job updated: 419816
	31  -  MemoryUsage of job (MB)
	31672  -  ResidentSetSize of job (KB)
...
005 (29355.019.000) 01/24 13:14:22 Job terminated.
	(1) Normal termination (return value 0)
		Usr 0 03:46:27, Sys 0 00:00:00  -  Run Remote Usage
		Usr 0 00:00:00, Sys 0 00:00:00  -  Run Local Usage
		Usr 0 03:46:27, Sys 0 00:00:00  -  Total Remote Usage
		Usr 0 00:00:00, Sys 0 00:00:00  -  Total Local Usage
	0  -  Run Bytes Sent By Job
	0  -  Run Bytes Received By Job
	0  -  Total Bytes Sent By Job
	0  -  Total Bytes Received By Job
	Partitionable Resources :    Usage  Request Allocated 
	   Cpus                 :     1.00        1         1 
	   Disk (KB)            :     1           1    245927 
	   Memory (MB)          :    31           1      1005 
...
000 (29411.019.000) 01/25 14:11:50 Job submitted from host: <172.16.11.200:9618?addrs=172.16.11.200-9618&noUDP&sock=14877_46f2_4>
...
001 (29411.019.000) 01/25 15:28:14 Job executing on host: <172.16.11.234:9618?addrs=172.16.11.234-9618&alias=pc-farm4&noUDP&sock=startd_5195_3aff>
...
006 (29411.019.000) 01/25 15:28:23 Image size of job updated: 419772
	31  -  MemoryUsage of job (MB)
	31468  -  ResidentSetSize of job (KB)
...
006 (29411.019.000) 01/25 15:58:25 Image size of job updated: 419780
	31  -  MemoryUsage of job (MB)
	31472  -  ResidentSetSize of job (KB)
...
005 (29411.019.000) 01/25 21:03:47 Job terminated.
	(1) Normal termination (return value 0)
		Usr 0 05:02:17, Sys 0 00:00:00  -  Run Remote Usage
		Usr 0 00:00:00, Sys 0 00:00:00  -  Run Local Usage
		Usr 0 05:02:17, Sys 0 00:00:00  -  Total Remote Usage
		Usr 0 00:00:00, Sys 0 00:00:00  -  Total Local Usage
	0  -  Run Bytes Sent By Job
	0  -  Run Bytes Received By Job
	0  -  Total Bytes Sent By Job
	0  -  Total Bytes Received By Job
	Partitionable Resources :    Usage  Request Allocated 
	   Cpus                 :     0.92        1         1 
	   Disk (KB)            :     1           1    255907 
	   Memory (MB)          :    31           1       999 
...
000 (29653.019.000) 01/29 16:52:19 Job submitted from host: <172.16.11.200:9618?addrs=172.16.11.200-9618&noUDP&sock=14877_46f2_4>
...
001 (29653.019.000) 01/29 18:39:39 Job executing on host: <172.16.11.231:9618?addrs=172.16.11.231-9618&noUDP&sock=startd_22895_f54e_4>
...
006 (29653.019.000) 01/29 18:39:47 Image size of job updated: 31556
	31  -  MemoryUsage of job (MB)
	31556  -  ResidentSetSize of job (KB)
...
006 (29653.019.000) 01/29 19:24:52 Image size of job updated: 31612
	31  -  MemoryUsage of job (MB)
	31612  -  ResidentSetSize of job (KB)
...
005 (29653.019.000) 01/29 19:33:26 Job terminated.
	(1) Normal termination (return value 0)
		Usr 0 00:53:41, Sys 0 00:00:04  -  Run Remote Usage
		Usr 0 00:00:00, Sys 0 00:00:00  -  Run Local Usage
		Usr 0 00:53:41, Sys 0 00:00:04  -  Total Remote Usage
		Usr 0 00:00:00, Sys 0 00:00:00  -  Total Local Usage
	0  -  Run Bytes Sent By Job
	0  -  Run Bytes Received By Job
	0  -  Total Bytes Sent By Job
	0  -  Total Bytes Received By Job
	Partitionable Resources :    Usage  Request Allocated 
	   Cpus                 :     1.00        1         1 
	   Disk (KB)            :     1           1    241059 
	   Memory (MB)          :    31           1      2008 
...
000 (29677.019.000) 01/30 10:58:42 Job submitted from host: <172.16.11.200:9618?addrs=172.16.11.200-9618&noUDP&sock=14877_46f2_4>
...
001 (29677.019.000) 01/30 12:48:43 Job executing on host: <172.16.11.231:9618?addrs=172.16.11.231-9618&noUDP&sock=startd_22895_f54e_4>
...
006 (29677.019.000) 01/30 12:48:51 Image size of job updated: 31448
	31  -  MemoryUsage of job (MB)
	31448  -  ResidentSetSize of job (KB)
...
006 (29677.019.000) 01/30 13:38:15 Image size of job updated: 419680
	31  -  MemoryUsage of job (MB)
	31448  -  ResidentSetSize of job (KB)
...
005 (29677.019.000) 01/30 13:38:15 Job terminated.
	(1) Normal termination (return value 0)
		Usr 0 00:49:28, Sys 0 00:00:03  -  Run Remote Usage
		Usr 0 00:00:00, Sys 0 00:00:00  -  Run Local Usage
		Usr 0 00:49:28, Sys 0 00:00:03  -  Total Remote Usage
		Usr 0 00:00:00, Sys 0 00:00:00  -  Total Local Usage
	0  -  Run Bytes Sent By Job
	0  -  Run Bytes Received By Job
	0  -  Total Bytes Sent By Job
	0  -  Total Bytes Received By Job
	Partitionable Resources :    Usage  Request Allocated 
	   Cpus                 :     1.00        1         1 
	   Disk (KB)            :     1           1    241059 
	   Memory (MB)          :    31           1      2008 
...
000 (29692.019.000) 01/30 17:50:45 Job submitted from host: <172.16.11.200:9618?addrs=172.16.11.200-9618&noUDP&sock=14877_46f2_4>
...
001 (29692.019.000) 01/30 19:56:51 Job executing on host: <172.16.11.231:9618?addrs=172.16.11.231-9618&noUDP&sock=startd_22895_f54e_4>
...
006 (29692.019.000) 01/30 19:57:00 Image size of job updated: 31296
	31  -  MemoryUsage of job (MB)
	31296  -  ResidentSetSize of job (KB)
...
005 (29692.019.000) 01/30 23:25:51 Job terminated.
	(1) Normal termination (return value 0)
		Usr 0 03:28:57, Sys 0 00:00:02  -  Run Remote Usage
		Usr 0 00:00:00, Sys 0 00:00:00  -  Run Local Usage
		Usr 0 03:28:57, Sys 0 00:00:02  -  Total Remote Usage
		Usr 0 00:00:00, Sys 0 00:00:00  -  Total Local Usage
	0  -  Run Bytes Sent By Job
	0  -  Run Bytes Received By Job
	0  -  Total Bytes Sent By Job
	0  -  Total Bytes Received By Job
	Partitionable Resources :    Usage  Request Allocated 
	   Cpus                 :     1.00        1         1 
	   Disk (KB)            :     1           1    241059 
	   Memory (MB)          :    31           1      2008 
...
