000 (29321.016.000) 01/22 08:35:00 Job submitted from host: <172.16.11.200:9618?addrs=172.16.11.200-9618&noUDP&sock=14877_46f2_4>
...
001 (29321.016.000) 01/22 09:20:04 Job executing on host: <172.16.11.231:9618?addrs=172.16.11.231-9618&noUDP&sock=startd_22895_f54e_4>
...
006 (29321.016.000) 01/22 09:20:14 Image size of job updated: 31852
	32  -  MemoryUsage of job (MB)
	31852  -  ResidentSetSize of job (KB)
...
006 (29321.016.000) 01/22 09:25:14 Image size of job updated: 31976
	32  -  MemoryUsage of job (MB)
	31976  -  ResidentSetSize of job (KB)
...
006 (29321.016.000) 01/22 10:50:23 Image size of job updated: 32488
	32  -  MemoryUsage of job (MB)
	32488  -  ResidentSetSize of job (KB)
...
005 (29321.016.000) 01/22 17:10:56 Job terminated.
	(1) Normal termination (return value 0)
		Usr 0 07:21:27, Sys 0 00:00:38  -  Run Remote Usage
		Usr 0 00:00:00, Sys 0 00:00:00  -  Run Local Usage
		Usr 0 07:21:27, Sys 0 00:00:38  -  Total Remote Usage
		Usr 0 00:00:00, Sys 0 00:00:00  -  Total Local Usage
	0  -  Run Bytes Sent By Job
	0  -  Run Bytes Received By Job
	0  -  Total Bytes Sent By Job
	0  -  Total Bytes Received By Job
	Partitionable Resources :    Usage  Request Allocated 
	   Cpus                 :     0.94        1         1 
	   Disk (KB)            :     1           1    241059 
	   Memory (MB)          :    32           1      2008 
...
000 (29341.016.000) 01/23 20:29:25 Job submitted from host: <172.16.11.200:9618?addrs=172.16.11.200-9618&noUDP&sock=14877_46f2_4>
...
009 (29341.016.000) 01/23 20:30:03 Job was aborted by the user.
	via condor_rm (by user zhangliang)
...
000 (29342.016.000) 01/23 20:30:33 Job submitted from host: <172.16.11.200:9618?addrs=172.16.11.200-9618&noUDP&sock=14877_46f2_4>
...
001 (29342.016.000) 01/23 20:30:35 Job executing on host: <172.16.11.231:9618?addrs=172.16.11.231-9618&noUDP&sock=startd_22895_f54e_4>
...
006 (29342.016.000) 01/23 20:30:44 Image size of job updated: 31296
	31  -  MemoryUsage of job (MB)
	31296  -  ResidentSetSize of job (KB)
...
006 (29342.016.000) 01/23 22:10:54 Image size of job updated: 31352
	31  -  MemoryUsage of job (MB)
	31352  -  ResidentSetSize of job (KB)
...
005 (29342.016.000) 01/24 02:00:56 Job terminated.
	(1) Normal termination (return value 0)
		Usr 0 05:28:44, Sys 0 00:00:00  -  Run Remote Usage
		Usr 0 00:00:00, Sys 0 00:00:00  -  Run Local Usage
		Usr 0 05:28:44, Sys 0 00:00:00  -  Total Remote Usage
		Usr 0 00:00:00, Sys 0 00:00:00  -  Total Local Usage
	0  -  Run Bytes Sent By Job
	0  -  Run Bytes Received By Job
	0  -  Total Bytes Sent By Job
	0  -  Total Bytes Received By Job
	Partitionable Resources :    Usage  Request Allocated 
	   Cpus                 :     1.00        1         1 
	   Disk (KB)            :     1           1    241059 
	   Memory (MB)          :    31           1      2008 
...
000 (29356.016.000) 01/24 09:27:36 Job submitted from host: <172.16.11.200:9618?addrs=172.16.11.200-9618&noUDP&sock=14877_46f2_4>
...
001 (29356.016.000) 01/24 09:28:01 Job executing on host: <172.16.11.232:9618?addrs=172.16.11.232-9618&alias=pc-farm2&noUDP&sock=startd_4986_dfb4_4>
...
006 (29356.016.000) 01/24 09:28:10 Image size of job updated: 31656
	31  -  MemoryUsage of job (MB)
	31656  -  ResidentSetSize of job (KB)
...
006 (29356.016.000) 01/24 10:28:16 Image size of job updated: 31796
	32  -  MemoryUsage of job (MB)
	31796  -  ResidentSetSize of job (KB)
...
006 (29356.016.000) 01/24 12:51:51 Image size of job updated: 419816
	32  -  MemoryUsage of job (MB)
	31796  -  ResidentSetSize of job (KB)
...
005 (29356.016.000) 01/24 12:51:51 Job terminated.
	(1) Normal termination (return value 0)
		Usr 0 03:23:49, Sys 0 00:00:00  -  Run Remote Usage
		Usr 0 00:00:00, Sys 0 00:00:00  -  Run Local Usage
		Usr 0 03:23:49, Sys 0 00:00:00  -  Total Remote Usage
		Usr 0 00:00:00, Sys 0 00:00:00  -  Total Local Usage
	0  -  Run Bytes Sent By Job
	0  -  Run Bytes Received By Job
	0  -  Total Bytes Sent By Job
	0  -  Total Bytes Received By Job
	Partitionable Resources :    Usage  Request Allocated 
	   Cpus                 :     1.00        1         1 
	   Disk (KB)            :     1           1    245927 
	   Memory (MB)          :    32           1      1005 
...
000 (29412.016.000) 01/25 14:11:53 Job submitted from host: <172.16.11.200:9618?addrs=172.16.11.200-9618&noUDP&sock=14877_46f2_4>
...
001 (29412.016.000) 01/25 15:41:15 Job executing on host: <172.16.11.231:9618?addrs=172.16.11.231-9618&noUDP&sock=startd_22895_f54e_4>
...
006 (29412.016.000) 01/25 15:41:23 Image size of job updated: 31788
	32  -  MemoryUsage of job (MB)
	31788  -  ResidentSetSize of job (KB)
...
006 (29412.016.000) 01/25 15:46:23 Image size of job updated: 31812
	32  -  MemoryUsage of job (MB)
	31812  -  ResidentSetSize of job (KB)
...
006 (29412.016.000) 01/25 15:51:24 Image size of job updated: 31924
	32  -  MemoryUsage of job (MB)
	31924  -  ResidentSetSize of job (KB)
...
005 (29412.016.000) 01/25 22:29:41 Job terminated.
	(1) Normal termination (return value 0)
		Usr 0 05:23:45, Sys 0 00:00:42  -  Run Remote Usage
		Usr 0 00:00:00, Sys 0 00:00:00  -  Run Local Usage
		Usr 0 05:23:45, Sys 0 00:00:42  -  Total Remote Usage
		Usr 0 00:00:00, Sys 0 00:00:00  -  Total Local Usage
	0  -  Run Bytes Sent By Job
	0  -  Run Bytes Received By Job
	0  -  Total Bytes Sent By Job
	0  -  Total Bytes Received By Job
	Partitionable Resources :    Usage  Request Allocated 
	   Cpus                 :     0.72        1         1 
	   Disk (KB)            :     1           1    241059 
	   Memory (MB)          :    32           1      2008 
...
000 (29625.016.000) 01/28 22:25:51 Job submitted from host: <172.16.11.200:9618?addrs=172.16.11.200-9618&noUDP&sock=14877_46f2_4>
...
009 (29625.016.000) 01/28 23:02:09 Job was aborted by the user.
	via condor_rm (by user zhangliang)
...
000 (29626.016.000) 01/28 23:02:36 Job submitted from host: <172.16.11.200:9618?addrs=172.16.11.200-9618&noUDP&sock=14877_46f2_4>
...
001 (29626.016.000) 01/28 23:07:50 Job executing on host: <172.16.11.232:9618?addrs=172.16.11.232-9618&alias=pc-farm2&noUDP&sock=startd_4986_dfb4_4>
...
006 (29626.016.000) 01/28 23:07:59 Image size of job updated: 31400
	31  -  MemoryUsage of job (MB)
	31400  -  ResidentSetSize of job (KB)
...
006 (29626.016.000) 01/28 23:15:21 Image size of job updated: 306532
	31  -  MemoryUsage of job (MB)
	31400  -  ResidentSetSize of job (KB)
...
004 (29626.016.000) 01/28 23:15:21 Job was evicted.
	(0) CPU times
		Usr 0 00:07:28, Sys 0 00:00:00  -  Run Remote Usage
		Usr 0 00:00:00, Sys 0 00:00:00  -  Run Local Usage
	0  -  Run Bytes Sent By Job
	0  -  Run Bytes Received By Job
	Partitionable Resources :    Usage  Request Allocated 
	   Cpus                 :     1.00        1         1 
	   Disk (KB)            :     1           1    245927 
	   Memory (MB)          :    31           1      1005 
...
009 (29626.016.000) 01/28 23:15:21 Job was aborted by the user.
	via condor_rm (by user zhangliang)
...
000 (29627.016.000) 01/28 23:15:28 Job submitted from host: <172.16.11.200:9618?addrs=172.16.11.200-9618&noUDP&sock=14877_46f2_4>
...
001 (29627.016.000) 01/28 23:16:30 Job executing on host: <172.16.11.232:9618?addrs=172.16.11.232-9618&alias=pc-farm2&noUDP&sock=startd_4986_dfb4_4>
...
006 (29627.016.000) 01/28 23:16:40 Image size of job updated: 31564
	31  -  MemoryUsage of job (MB)
	31564  -  ResidentSetSize of job (KB)
...
005 (29627.016.000) 01/29 03:12:17 Job terminated.
	(1) Normal termination (return value 0)
		Usr 0 03:55:26, Sys 0 00:00:09  -  Run Remote Usage
		Usr 0 00:00:00, Sys 0 00:00:00  -  Run Local Usage
		Usr 0 03:55:26, Sys 0 00:00:09  -  Total Remote Usage
		Usr 0 00:00:00, Sys 0 00:00:00  -  Total Local Usage
	0  -  Run Bytes Sent By Job
	0  -  Run Bytes Received By Job
	0  -  Total Bytes Sent By Job
	0  -  Total Bytes Received By Job
	Partitionable Resources :    Usage  Request Allocated 
	   Cpus                 :     1.00        1         1 
	   Disk (KB)            :     1           1    245927 
	   Memory (MB)          :    31           1      1005 
...
000 (29631.016.000) 01/29 11:01:51 Job submitted from host: <172.16.11.200:9618?addrs=172.16.11.200-9618&noUDP&sock=14877_46f2_4>
...
001 (29631.016.000) 01/29 11:04:05 Job executing on host: <172.16.11.231:9618?addrs=172.16.11.231-9618&noUDP&sock=startd_22895_f54e_4>
...
006 (29631.016.000) 01/29 11:04:15 Image size of job updated: 31464
	31  -  MemoryUsage of job (MB)
	31464  -  ResidentSetSize of job (KB)
...
006 (29631.016.000) 01/29 12:34:24 Image size of job updated: 31576
	31  -  MemoryUsage of job (MB)
	31576  -  ResidentSetSize of job (KB)
...
006 (29631.016.000) 01/29 14:38:36 Image size of job updated: 306516
	31  -  MemoryUsage of job (MB)
	31576  -  ResidentSetSize of job (KB)
...
004 (29631.016.000) 01/29 14:38:36 Job was evicted.
	(0) CPU times
		Usr 0 03:34:29, Sys 0 00:00:00  -  Run Remote Usage
		Usr 0 00:00:00, Sys 0 00:00:00  -  Run Local Usage
	0  -  Run Bytes Sent By Job
	0  -  Run Bytes Received By Job
	Partitionable Resources :    Usage  Request Allocated 
	   Cpus                 :     1.00        1         1 
	   Disk (KB)            :     1           1    241059 
	   Memory (MB)          :    31           1      2008 
...
009 (29631.016.000) 01/29 14:38:36 Job was aborted by the user.
	via condor_rm (by user zhangliang)
...
000 (29643.016.000) 01/29 14:45:40 Job submitted from host: <172.16.11.200:9618?addrs=172.16.11.200-9618&noUDP&sock=14877_46f2_4>
...
001 (29643.016.000) 01/29 14:53:42 Job executing on host: <172.16.11.232:9618?addrs=172.16.11.232-9618&alias=pc-farm2&noUDP&sock=startd_4986_dfb4_4>
...
006 (29643.016.000) 01/29 14:53:51 Image size of job updated: 31452
	31  -  MemoryUsage of job (MB)
	31452  -  ResidentSetSize of job (KB)
...
005 (29643.016.000) 01/29 14:57:09 Job terminated.
	(1) Normal termination (return value 0)
		Usr 0 00:03:25, Sys 0 00:00:00  -  Run Remote Usage
		Usr 0 00:00:00, Sys 0 00:00:00  -  Run Local Usage
		Usr 0 00:03:25, Sys 0 00:00:00  -  Total Remote Usage
		Usr 0 00:00:00, Sys 0 00:00:00  -  Total Local Usage
	0  -  Run Bytes Sent By Job
	0  -  Run Bytes Received By Job
	0  -  Total Bytes Sent By Job
	0  -  Total Bytes Received By Job
	Partitionable Resources :    Usage  Request Allocated 
	   Cpus                 :     1.00        1         1 
	   Disk (KB)            :     1           1    245927 
	   Memory (MB)          :    31           1      1005 
...
000 (29652.016.000) 01/29 16:52:15 Job submitted from host: <172.16.11.200:9618?addrs=172.16.11.200-9618&noUDP&sock=14877_46f2_4>
...
001 (29652.016.000) 01/29 18:35:38 Job executing on host: <172.16.11.231:9618?addrs=172.16.11.231-9618&noUDP&sock=startd_22895_f54e_4>
...
006 (29652.016.000) 01/29 18:35:47 Image size of job updated: 31444
	31  -  MemoryUsage of job (MB)
	31444  -  ResidentSetSize of job (KB)
...
006 (29652.016.000) 01/29 19:15:52 Image size of job updated: 31556
	31  -  MemoryUsage of job (MB)
	31556  -  ResidentSetSize of job (KB)
...
005 (29652.016.000) 01/29 19:27:10 Job terminated.
	(1) Normal termination (return value 0)
		Usr 0 00:51:31, Sys 0 00:00:00  -  Run Remote Usage
		Usr 0 00:00:00, Sys 0 00:00:00  -  Run Local Usage
		Usr 0 00:51:31, Sys 0 00:00:00  -  Total Remote Usage
		Usr 0 00:00:00, Sys 0 00:00:00  -  Total Local Usage
	0  -  Run Bytes Sent By Job
	0  -  Run Bytes Received By Job
	0  -  Total Bytes Sent By Job
	0  -  Total Bytes Received By Job
	Partitionable Resources :    Usage  Request Allocated 
	   Cpus                 :     1.00        1         1 
	   Disk (KB)            :     1           1    241059 
	   Memory (MB)          :    31           1      2008 
...
000 (29693.016.000) 01/30 17:50:49 Job submitted from host: <172.16.11.200:9618?addrs=172.16.11.200-9618&noUDP&sock=14877_46f2_4>
...
001 (29693.016.000) 01/30 20:21:17 Job executing on host: <172.16.11.231:9618?addrs=172.16.11.231-9618&noUDP&sock=startd_22895_f54e_4>
...
006 (29693.016.000) 01/30 20:21:25 Image size of job updated: 31204
	31  -  MemoryUsage of job (MB)
	31204  -  ResidentSetSize of job (KB)
...
006 (29693.016.000) 01/30 23:44:20 Image size of job updated: 419680
	31  -  MemoryUsage of job (MB)
	31204  -  ResidentSetSize of job (KB)
...
005 (29693.016.000) 01/30 23:44:20 Job terminated.
	(1) Normal termination (return value 0)
		Usr 0 03:23:02, Sys 0 00:00:00  -  Run Remote Usage
		Usr 0 00:00:00, Sys 0 00:00:00  -  Run Local Usage
		Usr 0 03:23:02, Sys 0 00:00:00  -  Total Remote Usage
		Usr 0 00:00:00, Sys 0 00:00:00  -  Total Local Usage
	0  -  Run Bytes Sent By Job
	0  -  Run Bytes Received By Job
	0  -  Total Bytes Sent By Job
	0  -  Total Bytes Received By Job
	Partitionable Resources :    Usage  Request Allocated 
	   Cpus                 :     1.00        1         1 
	   Disk (KB)            :     1           1    241059 
	   Memory (MB)          :    31           1      2008 
...
