000 (29298.001.000) 01/21 12:26:05 Job submitted from host: <172.16.11.200:9618?addrs=172.16.11.200-9618&noUDP&sock=14877_46f2_4>
...
001 (29298.001.000) 01/21 13:20:24 Job executing on host: <172.16.11.233:9618?addrs=172.16.11.233-9618&alias=pc-farm3&noUDP&sock=startd_4556_edfa>
...
006 (29298.001.000) 01/21 13:20:33 Image size of job updated: 35676
	35  -  MemoryUsage of job (MB)
	35676  -  ResidentSetSize of job (KB)
...
005 (29298.001.000) 01/21 13:27:10 Job terminated.
	(1) Normal termination (return value 0)
		Usr 0 00:06:45, Sys 0 00:00:00  -  Run Remote Usage
		Usr 0 00:00:00, Sys 0 00:00:00  -  Run Local Usage
		Usr 0 00:06:45, Sys 0 00:00:00  -  Total Remote Usage
		Usr 0 00:00:00, Sys 0 00:00:00  -  Total Local Usage
	0  -  Run Bytes Sent By Job
	0  -  Run Bytes Received By Job
	0  -  Total Bytes Sent By Job
	0  -  Total Bytes Received By Job
	Partitionable Resources :    Usage  Request Allocated 
	   Cpus                 :     1.00        1         1 
	   Disk (KB)            :     1           1    254050 
	   Memory (MB)          :    35           1      1005 
...
000 (29352.001.000) 01/24 09:27:14 Job submitted from host: <172.16.11.200:9618?addrs=172.16.11.200-9618&noUDP&sock=14877_46f2_4>
...
001 (29352.001.000) 01/24 09:27:28 Job executing on host: <172.16.11.234:9618?addrs=172.16.11.234-9618&alias=pc-farm4&noUDP&sock=startd_5195_3aff>
...
006 (29352.001.000) 01/24 09:27:37 Image size of job updated: 419772
	31  -  MemoryUsage of job (MB)
	31476  -  ResidentSetSize of job (KB)
...
006 (29352.001.000) 01/24 09:52:38 Image size of job updated: 419780
	31  -  MemoryUsage of job (MB)
	31480  -  ResidentSetSize of job (KB)
...
005 (29352.001.000) 01/24 14:06:06 Job terminated.
	(1) Normal termination (return value 0)
		Usr 0 04:38:34, Sys 0 00:00:00  -  Run Remote Usage
		Usr 0 00:00:00, Sys 0 00:00:00  -  Run Local Usage
		Usr 0 04:38:34, Sys 0 00:00:00  -  Total Remote Usage
		Usr 0 00:00:00, Sys 0 00:00:00  -  Total Local Usage
	0  -  Run Bytes Sent By Job
	0  -  Run Bytes Received By Job
	0  -  Total Bytes Sent By Job
	0  -  Total Bytes Received By Job
	Partitionable Resources :    Usage  Request Allocated 
	   Cpus                 :     1.00        1         1 
	   Disk (KB)            :     1           1    255907 
	   Memory (MB)          :    31           1       999 
...
000 (29408.001.000) 01/25 14:11:39 Job submitted from host: <172.16.11.200:9618?addrs=172.16.11.200-9618&noUDP&sock=14877_46f2_4>
...
001 (29408.001.000) 01/25 14:51:15 Job executing on host: <172.16.11.231:9618?addrs=172.16.11.231-9618&noUDP&sock=startd_22895_f54e_4>
...
006 (29408.001.000) 01/25 14:51:23 Image size of job updated: 31680
	31  -  MemoryUsage of job (MB)
	31680  -  ResidentSetSize of job (KB)
...
006 (29408.001.000) 01/25 15:46:28 Image size of job updated: 31736
	31  -  MemoryUsage of job (MB)
	31736  -  ResidentSetSize of job (KB)
...
005 (29408.001.000) 01/25 20:59:20 Job terminated.
	(1) Normal termination (return value 0)
		Usr 0 05:50:03, Sys 0 00:00:01  -  Run Remote Usage
		Usr 0 00:00:00, Sys 0 00:00:00  -  Run Local Usage
		Usr 0 05:50:03, Sys 0 00:00:01  -  Total Remote Usage
		Usr 0 00:00:00, Sys 0 00:00:00  -  Total Local Usage
	0  -  Run Bytes Sent By Job
	0  -  Run Bytes Received By Job
	0  -  Total Bytes Sent By Job
	0  -  Total Bytes Received By Job
	Partitionable Resources :    Usage  Request Allocated 
	   Cpus                 :     0.99        1         1 
	   Disk (KB)            :     1           1    241059 
	   Memory (MB)          :    31           1      2008 
...
000 (29674.001.000) 01/30 10:58:29 Job submitted from host: <172.16.11.200:9618?addrs=172.16.11.200-9618&noUDP&sock=14877_46f2_4>
...
001 (29674.001.000) 01/30 11:43:05 Job executing on host: <172.16.11.231:9618?addrs=172.16.11.231-9618&noUDP&sock=startd_22895_f54e_4>
...
006 (29674.001.000) 01/30 11:43:14 Image size of job updated: 31760
	32  -  MemoryUsage of job (MB)
	31760  -  ResidentSetSize of job (KB)
...
006 (29674.001.000) 01/30 13:28:24 Image size of job updated: 31816
	32  -  MemoryUsage of job (MB)
	31816  -  ResidentSetSize of job (KB)
...
005 (29674.001.000) 01/30 15:07:14 Job terminated.
	(1) Normal termination (return value 0)
		Usr 0 03:23:51, Sys 0 00:00:16  -  Run Remote Usage
		Usr 0 00:00:00, Sys 0 00:00:00  -  Run Local Usage
		Usr 0 03:23:51, Sys 0 00:00:16  -  Total Remote Usage
		Usr 0 00:00:00, Sys 0 00:00:00  -  Total Local Usage
	0  -  Run Bytes Sent By Job
	0  -  Run Bytes Received By Job
	0  -  Total Bytes Sent By Job
	0  -  Total Bytes Received By Job
	Partitionable Resources :    Usage  Request Allocated 
	   Cpus                 :     1.00        1         1 
	   Disk (KB)            :     1           1    241059 
	   Memory (MB)          :    32           1      2008 
...
