000 (29300.020.000) 01/21 12:26:13 Job submitted from host: <172.16.11.200:9618?addrs=172.16.11.200-9618&noUDP&sock=14877_46f2_4>
...
001 (29300.020.000) 01/21 13:29:36 Job executing on host: <172.16.11.233:9618?addrs=172.16.11.233-9618&alias=pc-farm3&noUDP&sock=startd_4556_edfa>
...
006 (29300.020.000) 01/21 13:29:40 Image size of job updated: 3580
	4  -  MemoryUsage of job (MB)
	3580  -  ResidentSetSize of job (KB)
...
005 (29300.020.000) 01/21 13:29:40 Job terminated.
	(1) Normal termination (return value 0)
		Usr 0 00:00:03, Sys 0 00:00:00  -  Run Remote Usage
		Usr 0 00:00:00, Sys 0 00:00:00  -  Run Local Usage
		Usr 0 00:00:03, Sys 0 00:00:00  -  Total Remote Usage
		Usr 0 00:00:00, Sys 0 00:00:00  -  Total Local Usage
	0  -  Run Bytes Sent By Job
	0  -  Run Bytes Received By Job
	0  -  Total Bytes Sent By Job
	0  -  Total Bytes Received By Job
	Partitionable Resources :    Usage  Request Allocated 
	   Cpus                 :     1.00        1         1 
	   Disk (KB)            :     1           1    254050 
	   Memory (MB)          :     4           1      1005 
...
000 (29354.020.000) 01/24 09:27:22 Job submitted from host: <172.16.11.200:9618?addrs=172.16.11.200-9618&noUDP&sock=14877_46f2_4>
...
001 (29354.020.000) 01/24 09:27:42 Job executing on host: <172.16.11.232:9618?addrs=172.16.11.232-9618&alias=pc-farm2&noUDP&sock=startd_4986_dfb4_4>
...
006 (29354.020.000) 01/24 09:27:52 Image size of job updated: 31432
	31  -  MemoryUsage of job (MB)
	31432  -  ResidentSetSize of job (KB)
...
006 (29354.020.000) 01/24 10:17:57 Image size of job updated: 31496
	31  -  MemoryUsage of job (MB)
	31496  -  ResidentSetSize of job (KB)
...
005 (29354.020.000) 01/24 13:30:55 Job terminated.
	(1) Normal termination (return value 0)
		Usr 0 04:03:11, Sys 0 00:00:00  -  Run Remote Usage
		Usr 0 00:00:00, Sys 0 00:00:00  -  Run Local Usage
		Usr 0 04:03:11, Sys 0 00:00:00  -  Total Remote Usage
		Usr 0 00:00:00, Sys 0 00:00:00  -  Total Local Usage
	0  -  Run Bytes Sent By Job
	0  -  Run Bytes Received By Job
	0  -  Total Bytes Sent By Job
	0  -  Total Bytes Received By Job
	Partitionable Resources :    Usage  Request Allocated 
	   Cpus                 :     1.00        1         1 
	   Disk (KB)            :     1           1    245927 
	   Memory (MB)          :    31           1      1005 
...
000 (29410.020.000) 01/25 14:11:48 Job submitted from host: <172.16.11.200:9618?addrs=172.16.11.200-9618&noUDP&sock=14877_46f2_4>
...
001 (29410.020.000) 01/25 15:18:15 Job executing on host: <172.16.11.233:9618?addrs=172.16.11.233-9618&alias=pc-farm3&noUDP&sock=startd_4556_edfa>
...
006 (29410.020.000) 01/25 15:18:23 Image size of job updated: 35548
	35  -  MemoryUsage of job (MB)
	35548  -  ResidentSetSize of job (KB)
...
005 (29410.020.000) 01/25 19:36:34 Job terminated.
	(1) Normal termination (return value 0)
		Usr 0 04:18:15, Sys 0 00:00:00  -  Run Remote Usage
		Usr 0 00:00:00, Sys 0 00:00:00  -  Run Local Usage
		Usr 0 04:18:15, Sys 0 00:00:00  -  Total Remote Usage
		Usr 0 00:00:00, Sys 0 00:00:00  -  Total Local Usage
	0  -  Run Bytes Sent By Job
	0  -  Run Bytes Received By Job
	0  -  Total Bytes Sent By Job
	0  -  Total Bytes Received By Job
	Partitionable Resources :    Usage  Request Allocated 
	   Cpus                 :     1.00        1         1 
	   Disk (KB)            :     1           1    254050 
	   Memory (MB)          :    35           1      1005 
...
000 (29676.020.000) 01/30 10:58:38 Job submitted from host: <172.16.11.200:9618?addrs=172.16.11.200-9618&noUDP&sock=14877_46f2_4>
...
001 (29676.020.000) 01/30 12:34:44 Job executing on host: <172.16.11.231:9618?addrs=172.16.11.231-9618&noUDP&sock=startd_22895_f54e_4>
...
006 (29676.020.000) 01/30 12:34:53 Image size of job updated: 31548
	31  -  MemoryUsage of job (MB)
	31548  -  ResidentSetSize of job (KB)
...
006 (29676.020.000) 01/30 13:39:59 Image size of job updated: 32048
	32  -  MemoryUsage of job (MB)
	32048  -  ResidentSetSize of job (KB)
...
005 (29676.020.000) 01/30 15:22:02 Job terminated.
	(1) Normal termination (return value 0)
		Usr 0 02:47:17, Sys 0 00:00:00  -  Run Remote Usage
		Usr 0 00:00:00, Sys 0 00:00:00  -  Run Local Usage
		Usr 0 02:47:17, Sys 0 00:00:00  -  Total Remote Usage
		Usr 0 00:00:00, Sys 0 00:00:00  -  Total Local Usage
	0  -  Run Bytes Sent By Job
	0  -  Run Bytes Received By Job
	0  -  Total Bytes Sent By Job
	0  -  Total Bytes Received By Job
	Partitionable Resources :    Usage  Request Allocated 
	   Cpus                 :     1.00        1         1 
	   Disk (KB)            :     1           1    241059 
	   Memory (MB)          :    32           1      2008 
...
